[2022-09-09 01:40:04,381] {taskinstance.py:1159} INFO - Dependencies all met for <TaskInstance: tcc_dag.github-sca-data manual__2022-09-09T01:40:02.460212+00:00 [queued]>
[2022-09-09 01:40:04,406] {taskinstance.py:1159} INFO - Dependencies all met for <TaskInstance: tcc_dag.github-sca-data manual__2022-09-09T01:40:02.460212+00:00 [queued]>
[2022-09-09 01:40:04,407] {taskinstance.py:1356} INFO - 
--------------------------------------------------------------------------------
[2022-09-09 01:40:04,408] {taskinstance.py:1357} INFO - Starting attempt 1 of 1
[2022-09-09 01:40:04,409] {taskinstance.py:1358} INFO - 
--------------------------------------------------------------------------------
[2022-09-09 01:40:04,434] {taskinstance.py:1377} INFO - Executing <Task(PythonOperator): github-sca-data> on 2022-09-09 01:40:02.460212+00:00
[2022-09-09 01:40:04,449] {standard_task_runner.py:52} INFO - Started process 110 to run task
[2022-09-09 01:40:04,468] {standard_task_runner.py:79} INFO - Running: ['***', 'tasks', 'run', 'tcc_dag', 'github-sca-data', 'manual__2022-09-09T01:40:02.460212+00:00', '--job-id', '439', '--raw', '--subdir', 'DAGS_FOLDER/.ipynb_checkpoints/tcc_dag-checkpoint.py', '--cfg-path', '/tmp/tmp5inwkm15', '--error-file', '/tmp/tmpltngnj8c']
[2022-09-09 01:40:04,470] {standard_task_runner.py:80} INFO - Job 439: Subtask github-sca-data
[2022-09-09 01:40:04,585] {task_command.py:369} INFO - Running <TaskInstance: tcc_dag.github-sca-data manual__2022-09-09T01:40:02.460212+00:00 [running]> on host b6ddae3e9f9e
[2022-09-09 01:40:04,680] {taskinstance.py:1571} INFO - Exporting the following env vars:
AIRFLOW_CTX_DAG_OWNER=Michelle Mesquita
AIRFLOW_CTX_DAG_ID=tcc_dag
AIRFLOW_CTX_TASK_ID=github-sca-data
AIRFLOW_CTX_EXECUTION_DATE=2022-09-09T01:40:02.460212+00:00
AIRFLOW_CTX_TRY_NUMBER=1
AIRFLOW_CTX_DAG_RUN_ID=manual__2022-09-09T01:40:02.460212+00:00
[2022-09-09 01:40:04,684] {logging_mixin.py:115} INFO - repository: michelleamesquita/cypress-ci-report
[2022-09-09 01:40:06,027] {logging_mixin.py:115} INFO - finished
[2022-09-09 01:40:06,029] {python.py:173} INFO - Done. Returned value was: None
[2022-09-09 01:40:06,059] {taskinstance.py:1400} INFO - Marking task as SUCCESS. dag_id=tcc_dag, task_id=github-sca-data, execution_date=20220909T014002, start_date=20220909T014004, end_date=20220909T014006
[2022-09-09 01:40:06,132] {local_task_job.py:156} INFO - Task exited with return code 0
[2022-09-09 01:40:06,266] {local_task_job.py:273} INFO - 0 downstream tasks scheduled from follow-on schedule check
