[2022-09-12 03:31:35,915] {taskinstance.py:1159} INFO - Dependencies all met for <TaskInstance: tcc_dag.snyk-sast-data manual__2022-09-12T03:31:34.546636+00:00 [queued]>
[2022-09-12 03:31:35,941] {taskinstance.py:1159} INFO - Dependencies all met for <TaskInstance: tcc_dag.snyk-sast-data manual__2022-09-12T03:31:34.546636+00:00 [queued]>
[2022-09-12 03:31:35,943] {taskinstance.py:1356} INFO - 
--------------------------------------------------------------------------------
[2022-09-12 03:31:35,944] {taskinstance.py:1357} INFO - Starting attempt 1 of 1
[2022-09-12 03:31:35,945] {taskinstance.py:1358} INFO - 
--------------------------------------------------------------------------------
[2022-09-12 03:31:35,971] {taskinstance.py:1377} INFO - Executing <Task(PythonOperator): snyk-sast-data> on 2022-09-12 03:31:34.546636+00:00
[2022-09-12 03:31:35,980] {standard_task_runner.py:52} INFO - Started process 19137 to run task
[2022-09-12 03:31:35,994] {standard_task_runner.py:79} INFO - Running: ['***', 'tasks', 'run', 'tcc_dag', 'snyk-sast-data', 'manual__2022-09-12T03:31:34.546636+00:00', '--job-id', '619', '--raw', '--subdir', 'DAGS_FOLDER/.ipynb_checkpoints/tcc_dag-checkpoint.py', '--cfg-path', '/tmp/tmp7vi461yr', '--error-file', '/tmp/tmpm6bj4k7k']
[2022-09-12 03:31:35,997] {standard_task_runner.py:80} INFO - Job 619: Subtask snyk-sast-data
[2022-09-12 03:31:36,112] {task_command.py:369} INFO - Running <TaskInstance: tcc_dag.snyk-sast-data manual__2022-09-12T03:31:34.546636+00:00 [running]> on host b6ddae3e9f9e
[2022-09-12 03:31:36,302] {taskinstance.py:1571} INFO - Exporting the following env vars:
AIRFLOW_CTX_DAG_OWNER=Michelle Mesquita
AIRFLOW_CTX_DAG_ID=tcc_dag
AIRFLOW_CTX_TASK_ID=snyk-sast-data
AIRFLOW_CTX_EXECUTION_DATE=2022-09-12T03:31:34.546636+00:00
AIRFLOW_CTX_TRY_NUMBER=1
AIRFLOW_CTX_DAG_RUN_ID=manual__2022-09-12T03:31:34.546636+00:00
[2022-09-12 03:31:36,334] {logging_mixin.py:115} INFO - project_id: 5e157f37-dace-4d41-91ba-3c3430cc8f5a
[2022-09-12 03:31:38,664] {logging_mixin.py:115} INFO - project_id: c6e8d78c-f60e-4fbb-bf24-c4b854164caa
[2022-09-12 03:31:40,254] {python.py:173} INFO - Done. Returned value was: None
[2022-09-12 03:31:40,269] {taskinstance.py:1400} INFO - Marking task as SUCCESS. dag_id=tcc_dag, task_id=snyk-sast-data, execution_date=20220912T033134, start_date=20220912T033135, end_date=20220912T033140
[2022-09-12 03:31:40,306] {local_task_job.py:156} INFO - Task exited with return code 0
[2022-09-12 03:31:40,357] {local_task_job.py:273} INFO - 1 downstream tasks scheduled from follow-on schedule check
