[2022-09-13 06:57:36,280] {taskinstance.py:1159} INFO - Dependencies all met for <TaskInstance: tcc_dag.generate-card-trello scheduled__2022-09-12T05:03:42.952165+00:00 [queued]>
[2022-09-13 06:57:36,296] {taskinstance.py:1159} INFO - Dependencies all met for <TaskInstance: tcc_dag.generate-card-trello scheduled__2022-09-12T05:03:42.952165+00:00 [queued]>
[2022-09-13 06:57:36,298] {taskinstance.py:1356} INFO - 
--------------------------------------------------------------------------------
[2022-09-13 06:57:36,299] {taskinstance.py:1357} INFO - Starting attempt 1 of 1
[2022-09-13 06:57:36,300] {taskinstance.py:1358} INFO - 
--------------------------------------------------------------------------------
[2022-09-13 06:57:36,329] {taskinstance.py:1377} INFO - Executing <Task(PythonOperator): generate-card-trello> on 2022-09-12 05:03:42.952165+00:00
[2022-09-13 06:57:36,337] {standard_task_runner.py:52} INFO - Started process 35234 to run task
[2022-09-13 06:57:36,347] {standard_task_runner.py:79} INFO - Running: ['***', 'tasks', 'run', 'tcc_dag', 'generate-card-trello', 'scheduled__2022-09-12T05:03:42.952165+00:00', '--job-id', '824', '--raw', '--subdir', 'DAGS_FOLDER/tcc_dag.py', '--cfg-path', '/tmp/tmptc7bd3xz', '--error-file', '/tmp/tmp53bvfw4n']
[2022-09-13 06:57:36,350] {standard_task_runner.py:80} INFO - Job 824: Subtask generate-card-trello
[2022-09-13 06:57:36,437] {task_command.py:369} INFO - Running <TaskInstance: tcc_dag.generate-card-trello scheduled__2022-09-12T05:03:42.952165+00:00 [running]> on host b6ddae3e9f9e
[2022-09-13 06:57:36,544] {taskinstance.py:1571} INFO - Exporting the following env vars:
AIRFLOW_CTX_DAG_OWNER=Michelle Mesquita
AIRFLOW_CTX_DAG_ID=tcc_dag
AIRFLOW_CTX_TASK_ID=generate-card-trello
AIRFLOW_CTX_EXECUTION_DATE=2022-09-12T05:03:42.952165+00:00
AIRFLOW_CTX_TRY_NUMBER=1
AIRFLOW_CTX_DAG_RUN_ID=scheduled__2022-09-12T05:03:42.952165+00:00
[2022-09-13 06:57:38,922] {python.py:173} INFO - Done. Returned value was: None
[2022-09-13 06:57:38,946] {taskinstance.py:1400} INFO - Marking task as SUCCESS. dag_id=tcc_dag, task_id=generate-card-trello, execution_date=20220912T050342, start_date=20220913T065736, end_date=20220913T065738
[2022-09-13 06:57:39,043] {local_task_job.py:156} INFO - Task exited with return code 0
[2022-09-13 06:57:39,084] {local_task_job.py:273} INFO - 0 downstream tasks scheduled from follow-on schedule check
