[2022-09-13 00:08:11,663] {taskinstance.py:1159} INFO - Dependencies all met for <TaskInstance: tcc_dag.generate-csv-data manual__2022-09-13T00:08:04.750614+00:00 [queued]>
[2022-09-13 00:08:11,681] {taskinstance.py:1159} INFO - Dependencies all met for <TaskInstance: tcc_dag.generate-csv-data manual__2022-09-13T00:08:04.750614+00:00 [queued]>
[2022-09-13 00:08:11,682] {taskinstance.py:1356} INFO - 
--------------------------------------------------------------------------------
[2022-09-13 00:08:11,683] {taskinstance.py:1357} INFO - Starting attempt 1 of 1
[2022-09-13 00:08:11,685] {taskinstance.py:1358} INFO - 
--------------------------------------------------------------------------------
[2022-09-13 00:08:11,705] {taskinstance.py:1377} INFO - Executing <Task(PythonOperator): generate-csv-data> on 2022-09-13 00:08:04.750614+00:00
[2022-09-13 00:08:11,713] {standard_task_runner.py:52} INFO - Started process 28269 to run task
[2022-09-13 00:08:11,723] {standard_task_runner.py:79} INFO - Running: ['***', 'tasks', 'run', 'tcc_dag', 'generate-csv-data', 'manual__2022-09-13T00:08:04.750614+00:00', '--job-id', '750', '--raw', '--subdir', 'DAGS_FOLDER/.ipynb_checkpoints/tcc_dag-checkpoint.py', '--cfg-path', '/tmp/tmp6wq6kdof', '--error-file', '/tmp/tmp0olsnl0s']
[2022-09-13 00:08:11,727] {standard_task_runner.py:80} INFO - Job 750: Subtask generate-csv-data
[2022-09-13 00:08:11,835] {task_command.py:369} INFO - Running <TaskInstance: tcc_dag.generate-csv-data manual__2022-09-13T00:08:04.750614+00:00 [running]> on host b6ddae3e9f9e
[2022-09-13 00:08:11,967] {taskinstance.py:1571} INFO - Exporting the following env vars:
AIRFLOW_CTX_DAG_OWNER=Michelle Mesquita
AIRFLOW_CTX_DAG_ID=tcc_dag
AIRFLOW_CTX_TASK_ID=generate-csv-data
AIRFLOW_CTX_EXECUTION_DATE=2022-09-13T00:08:04.750614+00:00
AIRFLOW_CTX_TRY_NUMBER=1
AIRFLOW_CTX_DAG_RUN_ID=manual__2022-09-13T00:08:04.750614+00:00
[2022-09-13 00:08:12,030] {logging_mixin.py:115} INFO - finished
[2022-09-13 00:08:12,031] {python.py:173} INFO - Done. Returned value was: None
[2022-09-13 00:08:12,053] {taskinstance.py:1400} INFO - Marking task as SUCCESS. dag_id=tcc_dag, task_id=generate-csv-data, execution_date=20220913T000804, start_date=20220913T000811, end_date=20220913T000812
[2022-09-13 00:08:12,095] {local_task_job.py:156} INFO - Task exited with return code 0
[2022-09-13 00:08:12,162] {local_task_job.py:273} INFO - 1 downstream tasks scheduled from follow-on schedule check
