[2022-09-12 04:11:39,278] {taskinstance.py:1159} INFO - Dependencies all met for <TaskInstance: tcc_dag.generate-csv-data manual__2022-09-12T04:11:31.865821+00:00 [queued]>
[2022-09-12 04:11:39,305] {taskinstance.py:1159} INFO - Dependencies all met for <TaskInstance: tcc_dag.generate-csv-data manual__2022-09-12T04:11:31.865821+00:00 [queued]>
[2022-09-12 04:11:39,306] {taskinstance.py:1356} INFO - 
--------------------------------------------------------------------------------
[2022-09-12 04:11:39,307] {taskinstance.py:1357} INFO - Starting attempt 1 of 1
[2022-09-12 04:11:39,309] {taskinstance.py:1358} INFO - 
--------------------------------------------------------------------------------
[2022-09-12 04:11:39,346] {taskinstance.py:1377} INFO - Executing <Task(PythonOperator): generate-csv-data> on 2022-09-12 04:11:31.865821+00:00
[2022-09-12 04:11:39,354] {standard_task_runner.py:52} INFO - Started process 21657 to run task
[2022-09-12 04:11:39,365] {standard_task_runner.py:79} INFO - Running: ['***', 'tasks', 'run', 'tcc_dag', 'generate-csv-data', 'manual__2022-09-12T04:11:31.865821+00:00', '--job-id', '673', '--raw', '--subdir', 'DAGS_FOLDER/.ipynb_checkpoints/tcc_dag-checkpoint.py', '--cfg-path', '/tmp/tmp7waas_bl', '--error-file', '/tmp/tmpib0axzxg']
[2022-09-12 04:11:39,368] {standard_task_runner.py:80} INFO - Job 673: Subtask generate-csv-data
[2022-09-12 04:11:39,504] {task_command.py:369} INFO - Running <TaskInstance: tcc_dag.generate-csv-data manual__2022-09-12T04:11:31.865821+00:00 [running]> on host b6ddae3e9f9e
[2022-09-12 04:11:39,676] {taskinstance.py:1571} INFO - Exporting the following env vars:
AIRFLOW_CTX_DAG_OWNER=Michelle Mesquita
AIRFLOW_CTX_DAG_ID=tcc_dag
AIRFLOW_CTX_TASK_ID=generate-csv-data
AIRFLOW_CTX_EXECUTION_DATE=2022-09-12T04:11:31.865821+00:00
AIRFLOW_CTX_TRY_NUMBER=1
AIRFLOW_CTX_DAG_RUN_ID=manual__2022-09-12T04:11:31.865821+00:00
[2022-09-12 04:11:39,743] {logging_mixin.py:115} INFO - finished
[2022-09-12 04:11:39,745] {python.py:173} INFO - Done. Returned value was: None
[2022-09-12 04:11:39,771] {taskinstance.py:1400} INFO - Marking task as SUCCESS. dag_id=tcc_dag, task_id=generate-csv-data, execution_date=20220912T041131, start_date=20220912T041139, end_date=20220912T041139
[2022-09-12 04:11:39,821] {local_task_job.py:156} INFO - Task exited with return code 0
[2022-09-12 04:11:39,908] {local_task_job.py:273} INFO - 1 downstream tasks scheduled from follow-on schedule check
