[2022-09-13 00:46:34,626] {taskinstance.py:1159} INFO - Dependencies all met for <TaskInstance: tcc_dag.generate-csv-data manual__2022-09-13T00:46:26.417316+00:00 [queued]>
[2022-09-13 00:46:34,640] {taskinstance.py:1159} INFO - Dependencies all met for <TaskInstance: tcc_dag.generate-csv-data manual__2022-09-13T00:46:26.417316+00:00 [queued]>
[2022-09-13 00:46:34,641] {taskinstance.py:1356} INFO - 
--------------------------------------------------------------------------------
[2022-09-13 00:46:34,642] {taskinstance.py:1357} INFO - Starting attempt 1 of 1
[2022-09-13 00:46:34,643] {taskinstance.py:1358} INFO - 
--------------------------------------------------------------------------------
[2022-09-13 00:46:34,661] {taskinstance.py:1377} INFO - Executing <Task(PythonOperator): generate-csv-data> on 2022-09-13 00:46:26.417316+00:00
[2022-09-13 00:46:34,668] {standard_task_runner.py:52} INFO - Started process 30823 to run task
[2022-09-13 00:46:34,673] {standard_task_runner.py:79} INFO - Running: ['***', 'tasks', 'run', 'tcc_dag', 'generate-csv-data', 'manual__2022-09-13T00:46:26.417316+00:00', '--job-id', '816', '--raw', '--subdir', 'DAGS_FOLDER/tcc_dag.py', '--cfg-path', '/tmp/tmp0y28072i', '--error-file', '/tmp/tmppafi06p3']
[2022-09-13 00:46:34,675] {standard_task_runner.py:80} INFO - Job 816: Subtask generate-csv-data
[2022-09-13 00:46:34,745] {task_command.py:369} INFO - Running <TaskInstance: tcc_dag.generate-csv-data manual__2022-09-13T00:46:26.417316+00:00 [running]> on host b6ddae3e9f9e
[2022-09-13 00:46:34,859] {taskinstance.py:1571} INFO - Exporting the following env vars:
AIRFLOW_CTX_DAG_OWNER=Michelle Mesquita
AIRFLOW_CTX_DAG_ID=tcc_dag
AIRFLOW_CTX_TASK_ID=generate-csv-data
AIRFLOW_CTX_EXECUTION_DATE=2022-09-13T00:46:26.417316+00:00
AIRFLOW_CTX_TRY_NUMBER=1
AIRFLOW_CTX_DAG_RUN_ID=manual__2022-09-13T00:46:26.417316+00:00
[2022-09-13 00:46:34,898] {logging_mixin.py:115} INFO - finished
[2022-09-13 00:46:34,900] {python.py:173} INFO - Done. Returned value was: None
[2022-09-13 00:46:34,918] {taskinstance.py:1400} INFO - Marking task as SUCCESS. dag_id=tcc_dag, task_id=generate-csv-data, execution_date=20220913T004626, start_date=20220913T004634, end_date=20220913T004634
[2022-09-13 00:46:34,968] {local_task_job.py:156} INFO - Task exited with return code 0
[2022-09-13 00:46:35,022] {local_task_job.py:273} INFO - 1 downstream tasks scheduled from follow-on schedule check
