[2022-09-13 00:11:56,093] {taskinstance.py:1159} INFO - Dependencies all met for <TaskInstance: tcc_dag.generate-csv-data manual__2022-09-13T00:11:47.731253+00:00 [queued]>
[2022-09-13 00:11:56,106] {taskinstance.py:1159} INFO - Dependencies all met for <TaskInstance: tcc_dag.generate-csv-data manual__2022-09-13T00:11:47.731253+00:00 [queued]>
[2022-09-13 00:11:56,107] {taskinstance.py:1356} INFO - 
--------------------------------------------------------------------------------
[2022-09-13 00:11:56,108] {taskinstance.py:1357} INFO - Starting attempt 1 of 1
[2022-09-13 00:11:56,109] {taskinstance.py:1358} INFO - 
--------------------------------------------------------------------------------
[2022-09-13 00:11:56,123] {taskinstance.py:1377} INFO - Executing <Task(PythonOperator): generate-csv-data> on 2022-09-13 00:11:47.731253+00:00
[2022-09-13 00:11:56,129] {standard_task_runner.py:52} INFO - Started process 28549 to run task
[2022-09-13 00:11:56,133] {standard_task_runner.py:79} INFO - Running: ['***', 'tasks', 'run', 'tcc_dag', 'generate-csv-data', 'manual__2022-09-13T00:11:47.731253+00:00', '--job-id', '762', '--raw', '--subdir', 'DAGS_FOLDER/.ipynb_checkpoints/tcc_dag-checkpoint.py', '--cfg-path', '/tmp/tmp61t3gtmg', '--error-file', '/tmp/tmpyv5ur_5o']
[2022-09-13 00:11:56,135] {standard_task_runner.py:80} INFO - Job 762: Subtask generate-csv-data
[2022-09-13 00:11:56,214] {task_command.py:369} INFO - Running <TaskInstance: tcc_dag.generate-csv-data manual__2022-09-13T00:11:47.731253+00:00 [running]> on host b6ddae3e9f9e
[2022-09-13 00:11:56,307] {taskinstance.py:1571} INFO - Exporting the following env vars:
AIRFLOW_CTX_DAG_OWNER=Michelle Mesquita
AIRFLOW_CTX_DAG_ID=tcc_dag
AIRFLOW_CTX_TASK_ID=generate-csv-data
AIRFLOW_CTX_EXECUTION_DATE=2022-09-13T00:11:47.731253+00:00
AIRFLOW_CTX_TRY_NUMBER=1
AIRFLOW_CTX_DAG_RUN_ID=manual__2022-09-13T00:11:47.731253+00:00
[2022-09-13 00:11:56,346] {logging_mixin.py:115} INFO - finished
[2022-09-13 00:11:56,348] {python.py:173} INFO - Done. Returned value was: None
[2022-09-13 00:11:56,365] {taskinstance.py:1400} INFO - Marking task as SUCCESS. dag_id=tcc_dag, task_id=generate-csv-data, execution_date=20220913T001147, start_date=20220913T001156, end_date=20220913T001156
[2022-09-13 00:11:56,389] {local_task_job.py:156} INFO - Task exited with return code 0
[2022-09-13 00:11:56,438] {local_task_job.py:273} INFO - 1 downstream tasks scheduled from follow-on schedule check
