[2022-09-12 03:55:14,545] {taskinstance.py:1159} INFO - Dependencies all met for <TaskInstance: tcc_dag.generate-csv-data manual__2022-09-12T03:55:07.699489+00:00 [queued]>
[2022-09-12 03:55:14,556] {taskinstance.py:1159} INFO - Dependencies all met for <TaskInstance: tcc_dag.generate-csv-data manual__2022-09-12T03:55:07.699489+00:00 [queued]>
[2022-09-12 03:55:14,557] {taskinstance.py:1356} INFO - 
--------------------------------------------------------------------------------
[2022-09-12 03:55:14,558] {taskinstance.py:1357} INFO - Starting attempt 1 of 1
[2022-09-12 03:55:14,559] {taskinstance.py:1358} INFO - 
--------------------------------------------------------------------------------
[2022-09-12 03:55:14,578] {taskinstance.py:1377} INFO - Executing <Task(PythonOperator): generate-csv-data> on 2022-09-12 03:55:07.699489+00:00
[2022-09-12 03:55:14,588] {standard_task_runner.py:52} INFO - Started process 20593 to run task
[2022-09-12 03:55:14,592] {standard_task_runner.py:79} INFO - Running: ['***', 'tasks', 'run', 'tcc_dag', 'generate-csv-data', 'manual__2022-09-12T03:55:07.699489+00:00', '--job-id', '647', '--raw', '--subdir', 'DAGS_FOLDER/.ipynb_checkpoints/tcc_dag-checkpoint.py', '--cfg-path', '/tmp/tmpeuov1ucz', '--error-file', '/tmp/tmpg84drxqb']
[2022-09-12 03:55:14,595] {standard_task_runner.py:80} INFO - Job 647: Subtask generate-csv-data
[2022-09-12 03:55:14,676] {task_command.py:369} INFO - Running <TaskInstance: tcc_dag.generate-csv-data manual__2022-09-12T03:55:07.699489+00:00 [running]> on host b6ddae3e9f9e
[2022-09-12 03:55:14,770] {taskinstance.py:1571} INFO - Exporting the following env vars:
AIRFLOW_CTX_DAG_OWNER=Michelle Mesquita
AIRFLOW_CTX_DAG_ID=tcc_dag
AIRFLOW_CTX_TASK_ID=generate-csv-data
AIRFLOW_CTX_EXECUTION_DATE=2022-09-12T03:55:07.699489+00:00
AIRFLOW_CTX_TRY_NUMBER=1
AIRFLOW_CTX_DAG_RUN_ID=manual__2022-09-12T03:55:07.699489+00:00
[2022-09-12 03:55:14,813] {logging_mixin.py:115} INFO - finished
[2022-09-12 03:55:14,814] {python.py:173} INFO - Done. Returned value was: None
[2022-09-12 03:55:14,832] {taskinstance.py:1400} INFO - Marking task as SUCCESS. dag_id=tcc_dag, task_id=generate-csv-data, execution_date=20220912T035507, start_date=20220912T035514, end_date=20220912T035514
[2022-09-12 03:55:14,890] {local_task_job.py:156} INFO - Task exited with return code 0
[2022-09-12 03:55:14,941] {local_task_job.py:273} INFO - 1 downstream tasks scheduled from follow-on schedule check
