[2022-09-12 04:07:18,640] {taskinstance.py:1159} INFO - Dependencies all met for <TaskInstance: tcc_dag.github-sca-data manual__2022-09-12T04:07:16.589826+00:00 [queued]>
[2022-09-12 04:07:18,691] {taskinstance.py:1159} INFO - Dependencies all met for <TaskInstance: tcc_dag.github-sca-data manual__2022-09-12T04:07:16.589826+00:00 [queued]>
[2022-09-12 04:07:18,693] {taskinstance.py:1356} INFO - 
--------------------------------------------------------------------------------
[2022-09-12 04:07:18,694] {taskinstance.py:1357} INFO - Starting attempt 1 of 1
[2022-09-12 04:07:18,700] {taskinstance.py:1358} INFO - 
--------------------------------------------------------------------------------
[2022-09-12 04:07:18,751] {taskinstance.py:1377} INFO - Executing <Task(PythonOperator): github-sca-data> on 2022-09-12 04:07:16.589826+00:00
[2022-09-12 04:07:18,761] {standard_task_runner.py:52} INFO - Started process 21306 to run task
[2022-09-12 04:07:18,774] {standard_task_runner.py:79} INFO - Running: ['***', 'tasks', 'run', 'tcc_dag', 'github-sca-data', 'manual__2022-09-12T04:07:16.589826+00:00', '--job-id', '659', '--raw', '--subdir', 'DAGS_FOLDER/.ipynb_checkpoints/tcc_dag-checkpoint.py', '--cfg-path', '/tmp/tmp7cy0kx92', '--error-file', '/tmp/tmpqs1p4x_h']
[2022-09-12 04:07:18,779] {standard_task_runner.py:80} INFO - Job 659: Subtask github-sca-data
[2022-09-12 04:07:18,976] {task_command.py:369} INFO - Running <TaskInstance: tcc_dag.github-sca-data manual__2022-09-12T04:07:16.589826+00:00 [running]> on host b6ddae3e9f9e
[2022-09-12 04:07:19,336] {taskinstance.py:1571} INFO - Exporting the following env vars:
AIRFLOW_CTX_DAG_OWNER=Michelle Mesquita
AIRFLOW_CTX_DAG_ID=tcc_dag
AIRFLOW_CTX_TASK_ID=github-sca-data
AIRFLOW_CTX_EXECUTION_DATE=2022-09-12T04:07:16.589826+00:00
AIRFLOW_CTX_TRY_NUMBER=1
AIRFLOW_CTX_DAG_RUN_ID=manual__2022-09-12T04:07:16.589826+00:00
[2022-09-12 04:07:19,346] {logging_mixin.py:115} INFO - repository: michelleamesquita/cypress-ci-report
[2022-09-12 04:07:22,465] {python.py:173} INFO - Done. Returned value was: None
[2022-09-12 04:07:22,494] {taskinstance.py:1400} INFO - Marking task as SUCCESS. dag_id=tcc_dag, task_id=github-sca-data, execution_date=20220912T040716, start_date=20220912T040718, end_date=20220912T040722
[2022-09-12 04:07:22,557] {local_task_job.py:156} INFO - Task exited with return code 0
[2022-09-12 04:07:22,673] {local_task_job.py:273} INFO - 0 downstream tasks scheduled from follow-on schedule check
