[2022-09-12 05:16:10,348] {taskinstance.py:1159} INFO - Dependencies all met for <TaskInstance: tcc_dag.github-sca-data scheduled__2022-09-11T04:36:17.881892+00:00 [queued]>
[2022-09-12 05:16:10,487] {taskinstance.py:1159} INFO - Dependencies all met for <TaskInstance: tcc_dag.github-sca-data scheduled__2022-09-11T04:36:17.881892+00:00 [queued]>
[2022-09-12 05:16:10,498] {taskinstance.py:1356} INFO - 
--------------------------------------------------------------------------------
[2022-09-12 05:16:10,501] {taskinstance.py:1357} INFO - Starting attempt 1 of 1
[2022-09-12 05:16:10,502] {taskinstance.py:1358} INFO - 
--------------------------------------------------------------------------------
[2022-09-12 05:16:10,661] {taskinstance.py:1377} INFO - Executing <Task(PythonOperator): github-sca-data> on 2022-09-11 04:36:17.881892+00:00
[2022-09-12 05:16:10,722] {standard_task_runner.py:52} INFO - Started process 22704 to run task
[2022-09-12 05:16:10,749] {standard_task_runner.py:79} INFO - Running: ['***', 'tasks', 'run', 'tcc_dag', 'github-sca-data', 'scheduled__2022-09-11T04:36:17.881892+00:00', '--job-id', '695', '--raw', '--subdir', 'DAGS_FOLDER/.ipynb_checkpoints/tcc_dag-checkpoint.py', '--cfg-path', '/tmp/tmp4dh1gkxz', '--error-file', '/tmp/tmpeoeyfkyp']
[2022-09-12 05:16:10,766] {standard_task_runner.py:80} INFO - Job 695: Subtask github-sca-data
[2022-09-12 05:16:11,269] {task_command.py:369} INFO - Running <TaskInstance: tcc_dag.github-sca-data scheduled__2022-09-11T04:36:17.881892+00:00 [running]> on host b6ddae3e9f9e
[2022-09-12 05:16:11,906] {taskinstance.py:1571} INFO - Exporting the following env vars:
AIRFLOW_CTX_DAG_OWNER=Michelle Mesquita
AIRFLOW_CTX_DAG_ID=tcc_dag
AIRFLOW_CTX_TASK_ID=github-sca-data
AIRFLOW_CTX_EXECUTION_DATE=2022-09-11T04:36:17.881892+00:00
AIRFLOW_CTX_TRY_NUMBER=1
AIRFLOW_CTX_DAG_RUN_ID=scheduled__2022-09-11T04:36:17.881892+00:00
[2022-09-12 05:16:11,915] {logging_mixin.py:115} INFO - repository: michelleamesquita/cypress-ci-report
[2022-09-12 05:16:30,918] {python.py:173} INFO - Done. Returned value was: None
[2022-09-12 05:16:30,954] {taskinstance.py:1400} INFO - Marking task as SUCCESS. dag_id=tcc_dag, task_id=github-sca-data, execution_date=20220911T043617, start_date=20220912T051610, end_date=20220912T051630
[2022-09-12 05:16:31,000] {local_task_job.py:156} INFO - Task exited with return code 0
[2022-09-12 05:16:31,069] {local_task_job.py:273} INFO - 0 downstream tasks scheduled from follow-on schedule check
