[2022-09-11 04:36:28,358] {taskinstance.py:1159} INFO - Dependencies all met for <TaskInstance: tcc_dag.generate-csv-data scheduled__2022-09-10T04:36:17.881892+00:00 [queued]>
[2022-09-11 04:36:28,371] {taskinstance.py:1159} INFO - Dependencies all met for <TaskInstance: tcc_dag.generate-csv-data scheduled__2022-09-10T04:36:17.881892+00:00 [queued]>
[2022-09-11 04:36:28,372] {taskinstance.py:1356} INFO - 
--------------------------------------------------------------------------------
[2022-09-11 04:36:28,374] {taskinstance.py:1357} INFO - Starting attempt 1 of 1
[2022-09-11 04:36:28,376] {taskinstance.py:1358} INFO - 
--------------------------------------------------------------------------------
[2022-09-11 04:36:28,398] {taskinstance.py:1377} INFO - Executing <Task(PythonOperator): generate-csv-data> on 2022-09-10 04:36:17.881892+00:00
[2022-09-11 04:36:28,409] {standard_task_runner.py:52} INFO - Started process 6302 to run task
[2022-09-11 04:36:28,415] {standard_task_runner.py:79} INFO - Running: ['***', 'tasks', 'run', 'tcc_dag', 'generate-csv-data', 'scheduled__2022-09-10T04:36:17.881892+00:00', '--job-id', '484', '--raw', '--subdir', 'DAGS_FOLDER/tcc_dag.py', '--cfg-path', '/tmp/tmp87vurgr2', '--error-file', '/tmp/tmpd48e9ela']
[2022-09-11 04:36:28,417] {standard_task_runner.py:80} INFO - Job 484: Subtask generate-csv-data
[2022-09-11 04:36:28,508] {task_command.py:369} INFO - Running <TaskInstance: tcc_dag.generate-csv-data scheduled__2022-09-10T04:36:17.881892+00:00 [running]> on host b6ddae3e9f9e
[2022-09-11 04:36:28,628] {taskinstance.py:1571} INFO - Exporting the following env vars:
AIRFLOW_CTX_DAG_OWNER=Michelle Mesquita
AIRFLOW_CTX_DAG_ID=tcc_dag
AIRFLOW_CTX_TASK_ID=generate-csv-data
AIRFLOW_CTX_EXECUTION_DATE=2022-09-10T04:36:17.881892+00:00
AIRFLOW_CTX_TRY_NUMBER=1
AIRFLOW_CTX_DAG_RUN_ID=scheduled__2022-09-10T04:36:17.881892+00:00
[2022-09-11 04:36:28,699] {logging_mixin.py:115} INFO - finished
[2022-09-11 04:36:28,700] {python.py:173} INFO - Done. Returned value was: None
[2022-09-11 04:36:28,719] {taskinstance.py:1400} INFO - Marking task as SUCCESS. dag_id=tcc_dag, task_id=generate-csv-data, execution_date=20220910T043617, start_date=20220911T043628, end_date=20220911T043628
[2022-09-11 04:36:28,752] {local_task_job.py:156} INFO - Task exited with return code 0
[2022-09-11 04:36:28,805] {local_task_job.py:273} INFO - 1 downstream tasks scheduled from follow-on schedule check
