[2022-09-13 06:57:20,371] {taskinstance.py:1159} INFO - Dependencies all met for <TaskInstance: tcc_dag.generate-csv-data scheduled__2022-09-12T05:03:42.952165+00:00 [queued]>
[2022-09-13 06:57:20,386] {taskinstance.py:1159} INFO - Dependencies all met for <TaskInstance: tcc_dag.generate-csv-data scheduled__2022-09-12T05:03:42.952165+00:00 [queued]>
[2022-09-13 06:57:20,388] {taskinstance.py:1356} INFO - 
--------------------------------------------------------------------------------
[2022-09-13 06:57:20,396] {taskinstance.py:1357} INFO - Starting attempt 1 of 1
[2022-09-13 06:57:20,397] {taskinstance.py:1358} INFO - 
--------------------------------------------------------------------------------
[2022-09-13 06:57:20,458] {taskinstance.py:1377} INFO - Executing <Task(PythonOperator): generate-csv-data> on 2022-09-12 05:03:42.952165+00:00
[2022-09-13 06:57:20,478] {standard_task_runner.py:52} INFO - Started process 35228 to run task
[2022-09-13 06:57:20,529] {standard_task_runner.py:79} INFO - Running: ['***', 'tasks', 'run', 'tcc_dag', 'generate-csv-data', 'scheduled__2022-09-12T05:03:42.952165+00:00', '--job-id', '822', '--raw', '--subdir', 'DAGS_FOLDER/tcc_dag.py', '--cfg-path', '/tmp/tmpyxeyyxd0', '--error-file', '/tmp/tmp4rhpd5ev']
[2022-09-13 06:57:20,540] {standard_task_runner.py:80} INFO - Job 822: Subtask generate-csv-data
[2022-09-13 06:57:30,371] {task_command.py:369} INFO - Running <TaskInstance: tcc_dag.generate-csv-data scheduled__2022-09-12T05:03:42.952165+00:00 [running]> on host b6ddae3e9f9e
[2022-09-13 06:57:30,712] {taskinstance.py:1571} INFO - Exporting the following env vars:
AIRFLOW_CTX_DAG_OWNER=Michelle Mesquita
AIRFLOW_CTX_DAG_ID=tcc_dag
AIRFLOW_CTX_TASK_ID=generate-csv-data
AIRFLOW_CTX_EXECUTION_DATE=2022-09-12T05:03:42.952165+00:00
AIRFLOW_CTX_TRY_NUMBER=1
AIRFLOW_CTX_DAG_RUN_ID=scheduled__2022-09-12T05:03:42.952165+00:00
[2022-09-13 06:57:31,002] {logging_mixin.py:115} INFO - finished
[2022-09-13 06:57:31,004] {python.py:173} INFO - Done. Returned value was: None
[2022-09-13 06:57:31,043] {taskinstance.py:1400} INFO - Marking task as SUCCESS. dag_id=tcc_dag, task_id=generate-csv-data, execution_date=20220912T050342, start_date=20220913T065720, end_date=20220913T065731
[2022-09-13 06:57:31,236] {local_task_job.py:156} INFO - Task exited with return code 0
[2022-09-13 06:57:31,376] {local_task_job.py:273} INFO - 1 downstream tasks scheduled from follow-on schedule check
