[2022-09-12 03:41:21,004] {taskinstance.py:1159} INFO - Dependencies all met for <TaskInstance: tcc_dag.generate-csv-data manual__2022-09-12T03:41:11.947230+00:00 [queued]>
[2022-09-12 03:41:21,020] {taskinstance.py:1159} INFO - Dependencies all met for <TaskInstance: tcc_dag.generate-csv-data manual__2022-09-12T03:41:11.947230+00:00 [queued]>
[2022-09-12 03:41:21,021] {taskinstance.py:1356} INFO - 
--------------------------------------------------------------------------------
[2022-09-12 03:41:21,023] {taskinstance.py:1357} INFO - Starting attempt 1 of 1
[2022-09-12 03:41:21,024] {taskinstance.py:1358} INFO - 
--------------------------------------------------------------------------------
[2022-09-12 03:41:21,048] {taskinstance.py:1377} INFO - Executing <Task(PythonOperator): generate-csv-data> on 2022-09-12 03:41:11.947230+00:00
[2022-09-12 03:41:21,059] {standard_task_runner.py:52} INFO - Started process 19798 to run task
[2022-09-12 03:41:21,077] {standard_task_runner.py:79} INFO - Running: ['***', 'tasks', 'run', 'tcc_dag', 'generate-csv-data', 'manual__2022-09-12T03:41:11.947230+00:00', '--job-id', '636', '--raw', '--subdir', 'DAGS_FOLDER/tcc_dag.py', '--cfg-path', '/tmp/tmphjjoedtd', '--error-file', '/tmp/tmpi0mf05m_']
[2022-09-12 03:41:21,080] {standard_task_runner.py:80} INFO - Job 636: Subtask generate-csv-data
[2022-09-12 03:41:21,194] {task_command.py:369} INFO - Running <TaskInstance: tcc_dag.generate-csv-data manual__2022-09-12T03:41:11.947230+00:00 [running]> on host b6ddae3e9f9e
[2022-09-12 03:41:21,317] {taskinstance.py:1571} INFO - Exporting the following env vars:
AIRFLOW_CTX_DAG_OWNER=Michelle Mesquita
AIRFLOW_CTX_DAG_ID=tcc_dag
AIRFLOW_CTX_TASK_ID=generate-csv-data
AIRFLOW_CTX_EXECUTION_DATE=2022-09-12T03:41:11.947230+00:00
AIRFLOW_CTX_TRY_NUMBER=1
AIRFLOW_CTX_DAG_RUN_ID=manual__2022-09-12T03:41:11.947230+00:00
[2022-09-12 03:41:21,392] {logging_mixin.py:115} INFO - finished
[2022-09-12 03:41:21,394] {python.py:173} INFO - Done. Returned value was: None
[2022-09-12 03:41:21,418] {taskinstance.py:1400} INFO - Marking task as SUCCESS. dag_id=tcc_dag, task_id=generate-csv-data, execution_date=20220912T034111, start_date=20220912T034121, end_date=20220912T034121
[2022-09-12 03:41:21,447] {local_task_job.py:156} INFO - Task exited with return code 0
[2022-09-12 03:41:21,538] {local_task_job.py:273} INFO - 0 downstream tasks scheduled from follow-on schedule check
