[2022-09-11 21:41:15,150] {taskinstance.py:1159} INFO - Dependencies all met for <TaskInstance: tcc_dag.generate-card-trello manual__2022-09-11T21:41:04.436761+00:00 [queued]>
[2022-09-11 21:41:15,164] {taskinstance.py:1159} INFO - Dependencies all met for <TaskInstance: tcc_dag.generate-card-trello manual__2022-09-11T21:41:04.436761+00:00 [queued]>
[2022-09-11 21:41:15,165] {taskinstance.py:1356} INFO - 
--------------------------------------------------------------------------------
[2022-09-11 21:41:15,166] {taskinstance.py:1357} INFO - Starting attempt 1 of 1
[2022-09-11 21:41:15,167] {taskinstance.py:1358} INFO - 
--------------------------------------------------------------------------------
[2022-09-11 21:41:15,186] {taskinstance.py:1377} INFO - Executing <Task(PythonOperator): generate-card-trello> on 2022-09-11 21:41:04.436761+00:00
[2022-09-11 21:41:15,193] {standard_task_runner.py:52} INFO - Started process 3702 to run task
[2022-09-11 21:41:15,202] {standard_task_runner.py:79} INFO - Running: ['***', 'tasks', 'run', 'tcc_dag', 'generate-card-trello', 'manual__2022-09-11T21:41:04.436761+00:00', '--job-id', '570', '--raw', '--subdir', 'DAGS_FOLDER/tcc_dag.py', '--cfg-path', '/tmp/tmpezc84kbc', '--error-file', '/tmp/tmpw09az0tl']
[2022-09-11 21:41:15,226] {standard_task_runner.py:80} INFO - Job 570: Subtask generate-card-trello
[2022-09-11 21:41:15,320] {task_command.py:369} INFO - Running <TaskInstance: tcc_dag.generate-card-trello manual__2022-09-11T21:41:04.436761+00:00 [running]> on host b6ddae3e9f9e
[2022-09-11 21:41:15,430] {taskinstance.py:1571} INFO - Exporting the following env vars:
AIRFLOW_CTX_DAG_OWNER=Michelle Mesquita
AIRFLOW_CTX_DAG_ID=tcc_dag
AIRFLOW_CTX_TASK_ID=generate-card-trello
AIRFLOW_CTX_EXECUTION_DATE=2022-09-11T21:41:04.436761+00:00
AIRFLOW_CTX_TRY_NUMBER=1
AIRFLOW_CTX_DAG_RUN_ID=manual__2022-09-11T21:41:04.436761+00:00
[2022-09-11 21:41:15,436] {taskinstance.py:1889} ERROR - Task failed with exception
Traceback (most recent call last):
  File "/home/airflow/.local/lib/python3.7/site-packages/airflow/operators/python.py", line 171, in execute
    return_value = self.execute_callable()
  File "/home/airflow/.local/lib/python3.7/site-packages/airflow/operators/python.py", line 189, in execute_callable
    return self.python_callable(*self.op_args, **self.op_kwargs)
  File "/opt/airflow/dags/tcc_dag.py", line 179, in generate_card_trello
    df1,df2=add_db_data()
  File "/opt/airflow/dags/tcc_dag.py", line 98, in add_db_data
    df_current = pd.read_csv('./dags/final_csv.csv', index_col=0, header=0)
  File "/home/airflow/.local/lib/python3.7/site-packages/pandas/util/_decorators.py", line 311, in wrapper
    return func(*args, **kwargs)
  File "/home/airflow/.local/lib/python3.7/site-packages/pandas/io/parsers/readers.py", line 586, in read_csv
    return _read(filepath_or_buffer, kwds)
  File "/home/airflow/.local/lib/python3.7/site-packages/pandas/io/parsers/readers.py", line 482, in _read
    parser = TextFileReader(filepath_or_buffer, **kwds)
  File "/home/airflow/.local/lib/python3.7/site-packages/pandas/io/parsers/readers.py", line 811, in __init__
    self._engine = self._make_engine(self.engine)
  File "/home/airflow/.local/lib/python3.7/site-packages/pandas/io/parsers/readers.py", line 1040, in _make_engine
    return mapping[engine](self.f, **self.options)  # type: ignore[call-arg]
  File "/home/airflow/.local/lib/python3.7/site-packages/pandas/io/parsers/c_parser_wrapper.py", line 51, in __init__
    self._open_handles(src, kwds)
  File "/home/airflow/.local/lib/python3.7/site-packages/pandas/io/parsers/base_parser.py", line 229, in _open_handles
    errors=kwds.get("encoding_errors", "strict"),
  File "/home/airflow/.local/lib/python3.7/site-packages/pandas/io/common.py", line 707, in get_handle
    newline="",
FileNotFoundError: [Errno 2] No such file or directory: './dags/final_csv.csv'
[2022-09-11 21:41:15,456] {taskinstance.py:1400} INFO - Marking task as FAILED. dag_id=tcc_dag, task_id=generate-card-trello, execution_date=20220911T214104, start_date=20220911T214115, end_date=20220911T214115
[2022-09-11 21:41:15,469] {standard_task_runner.py:97} ERROR - Failed to execute job 570 for task generate-card-trello ([Errno 2] No such file or directory: './dags/final_csv.csv'; 3702)
[2022-09-11 21:41:15,495] {local_task_job.py:156} INFO - Task exited with return code 1
[2022-09-11 21:41:15,530] {local_task_job.py:273} INFO - 0 downstream tasks scheduled from follow-on schedule check
