[2022-09-12 03:59:46,502] {taskinstance.py:1159} INFO - Dependencies all met for <TaskInstance: tcc_dag.gitlab-dast-data manual__2022-09-12T03:59:45.336924+00:00 [queued]>
[2022-09-12 03:59:46,516] {taskinstance.py:1159} INFO - Dependencies all met for <TaskInstance: tcc_dag.gitlab-dast-data manual__2022-09-12T03:59:45.336924+00:00 [queued]>
[2022-09-12 03:59:46,517] {taskinstance.py:1356} INFO - 
--------------------------------------------------------------------------------
[2022-09-12 03:59:46,518] {taskinstance.py:1357} INFO - Starting attempt 1 of 1
[2022-09-12 03:59:46,519] {taskinstance.py:1358} INFO - 
--------------------------------------------------------------------------------
[2022-09-12 03:59:46,534] {taskinstance.py:1377} INFO - Executing <Task(PythonOperator): gitlab-dast-data> on 2022-09-12 03:59:45.336924+00:00
[2022-09-12 03:59:46,545] {standard_task_runner.py:52} INFO - Started process 20875 to run task
[2022-09-12 03:59:46,552] {standard_task_runner.py:79} INFO - Running: ['***', 'tasks', 'run', 'tcc_dag', 'gitlab-dast-data', 'manual__2022-09-12T03:59:45.336924+00:00', '--job-id', '655', '--raw', '--subdir', 'DAGS_FOLDER/.ipynb_checkpoints/tcc_dag-checkpoint.py', '--cfg-path', '/tmp/tmpx30nizib', '--error-file', '/tmp/tmplo6m4rwp']
[2022-09-12 03:59:46,553] {standard_task_runner.py:80} INFO - Job 655: Subtask gitlab-dast-data
[2022-09-12 03:59:46,640] {task_command.py:369} INFO - Running <TaskInstance: tcc_dag.gitlab-dast-data manual__2022-09-12T03:59:45.336924+00:00 [running]> on host b6ddae3e9f9e
[2022-09-12 03:59:46,753] {taskinstance.py:1571} INFO - Exporting the following env vars:
AIRFLOW_CTX_DAG_OWNER=Michelle Mesquita
AIRFLOW_CTX_DAG_ID=tcc_dag
AIRFLOW_CTX_TASK_ID=gitlab-dast-data
AIRFLOW_CTX_EXECUTION_DATE=2022-09-12T03:59:45.336924+00:00
AIRFLOW_CTX_TRY_NUMBER=1
AIRFLOW_CTX_DAG_RUN_ID=manual__2022-09-12T03:59:45.336924+00:00
[2022-09-12 03:59:46,759] {logging_mixin.py:115} INFO - project_id: 28815326
[2022-09-12 03:59:51,338] {python.py:173} INFO - Done. Returned value was: None
[2022-09-12 03:59:51,395] {taskinstance.py:1400} INFO - Marking task as SUCCESS. dag_id=tcc_dag, task_id=gitlab-dast-data, execution_date=20220912T035945, start_date=20220912T035946, end_date=20220912T035951
[2022-09-12 03:59:51,493] {local_task_job.py:156} INFO - Task exited with return code 0
[2022-09-12 03:59:51,717] {local_task_job.py:273} INFO - 0 downstream tasks scheduled from follow-on schedule check
