[2022-09-12 03:36:28,751] {taskinstance.py:1159} INFO - Dependencies all met for <TaskInstance: tcc_dag.add-db-data manual__2022-09-12T03:36:20.177831+00:00 [queued]>
[2022-09-12 03:36:28,770] {taskinstance.py:1159} INFO - Dependencies all met for <TaskInstance: tcc_dag.add-db-data manual__2022-09-12T03:36:20.177831+00:00 [queued]>
[2022-09-12 03:36:28,772] {taskinstance.py:1356} INFO - 
--------------------------------------------------------------------------------
[2022-09-12 03:36:28,773] {taskinstance.py:1357} INFO - Starting attempt 1 of 1
[2022-09-12 03:36:28,774] {taskinstance.py:1358} INFO - 
--------------------------------------------------------------------------------
[2022-09-12 03:36:28,791] {taskinstance.py:1377} INFO - Executing <Task(PythonOperator): add-db-data> on 2022-09-12 03:36:20.177831+00:00
[2022-09-12 03:36:28,799] {standard_task_runner.py:52} INFO - Started process 19462 to run task
[2022-09-12 03:36:28,803] {standard_task_runner.py:79} INFO - Running: ['***', 'tasks', 'run', 'tcc_dag', 'add-db-data', 'manual__2022-09-12T03:36:20.177831+00:00', '--job-id', '627', '--raw', '--subdir', 'DAGS_FOLDER/tcc_dag.py', '--cfg-path', '/tmp/tmp1086_crj', '--error-file', '/tmp/tmpq9n7bd85']
[2022-09-12 03:36:28,805] {standard_task_runner.py:80} INFO - Job 627: Subtask add-db-data
[2022-09-12 03:36:28,883] {task_command.py:369} INFO - Running <TaskInstance: tcc_dag.add-db-data manual__2022-09-12T03:36:20.177831+00:00 [running]> on host b6ddae3e9f9e
[2022-09-12 03:36:28,974] {taskinstance.py:1571} INFO - Exporting the following env vars:
AIRFLOW_CTX_DAG_OWNER=Michelle Mesquita
AIRFLOW_CTX_DAG_ID=tcc_dag
AIRFLOW_CTX_TASK_ID=add-db-data
AIRFLOW_CTX_EXECUTION_DATE=2022-09-12T03:36:20.177831+00:00
AIRFLOW_CTX_TRY_NUMBER=1
AIRFLOW_CTX_DAG_RUN_ID=manual__2022-09-12T03:36:20.177831+00:00
[2022-09-12 03:36:28,994] {logging_mixin.py:115} INFO - Connecting to the MySQL database...
[2022-09-12 03:36:29,068] {logging_mixin.py:115} INFO - Database connection closed.
[2022-09-12 03:36:29,103] {logging_mixin.py:115} INFO -             nm_squad  ... id_vulnerability
0  michelleamesquita  ...                0
1  michelleamesquita  ...                1
2  michelleamesquita  ...                2
3  michelleamesquita  ...                3
4  michelleamesquita  ...                4

[5 rows x 14 columns]
[2022-09-12 03:36:29,126] {logging_mixin.py:115} INFO -    id_vulnerability           nm_squad  ... cd_month_end            dt_added
0                 0  michelleamesquita  ...      2022-12 2022-09-08 10:07:47
1                 1  michelleamesquita  ...      2022-10 2022-09-08 10:07:47
2                 2  michelleamesquita  ...      2022-12 2022-09-08 10:07:47
3                 3  michelleamesquita  ...      2022-12 2022-09-08 10:07:47
4                 4  michelleamesquita  ...      2022-12 2022-09-08 10:07:47

[5 rows x 15 columns]
[2022-09-12 03:36:29,146] {logging_mixin.py:115} INFO -    index           nm_squad  ... id_vulnerability dt_added
0      9  michelleamesquita  ...                9      NaT
1     10  michelleamesquita  ...               10      NaT

[2 rows x 16 columns]
[2022-09-12 03:36:29,147] {logging_mixin.py:115} INFO - 2
[2022-09-12 03:36:29,154] {taskinstance.py:1889} ERROR - Task failed with exception
Traceback (most recent call last):
  File "/home/airflow/.local/lib/python3.7/site-packages/airflow/operators/python.py", line 171, in execute
    return_value = self.execute_callable()
  File "/home/airflow/.local/lib/python3.7/site-packages/airflow/operators/python.py", line 189, in execute_callable
    return self.python_callable(*self.op_args, **self.op_kwargs)
  File "/opt/airflow/dags/tcc_dag.py", line 145, in add_db_data
    df1['dt_added']=datetime.now()
NameError: name 'df1' is not defined
[2022-09-12 03:36:29,169] {taskinstance.py:1400} INFO - Marking task as FAILED. dag_id=tcc_dag, task_id=add-db-data, execution_date=20220912T033620, start_date=20220912T033628, end_date=20220912T033629
[2022-09-12 03:36:29,184] {standard_task_runner.py:97} ERROR - Failed to execute job 627 for task add-db-data (name 'df1' is not defined; 19462)
[2022-09-12 03:36:29,220] {local_task_job.py:156} INFO - Task exited with return code 1
[2022-09-12 03:36:29,276] {local_task_job.py:273} INFO - 0 downstream tasks scheduled from follow-on schedule check
