[2022-09-15 00:41:00,794] {processor.py:153} INFO - Started process (PID=94345) to work on /opt/airflow/dags/.ipynb_checkpoints/tcc_dag-checkpoint.py
[2022-09-15 00:41:00,816] {processor.py:641} INFO - Processing file /opt/airflow/dags/.ipynb_checkpoints/tcc_dag-checkpoint.py for tasks to queue
[2022-09-15 00:41:00,820] {logging_mixin.py:115} INFO - [2022-09-15 00:41:00,819] {dagbag.py:507} INFO - Filling up the DagBag from /opt/airflow/dags/.ipynb_checkpoints/tcc_dag-checkpoint.py
[2022-09-15 00:41:02,747] {processor.py:651} INFO - DAG(s) dict_keys(['tcc_dag']) retrieved from /opt/airflow/dags/.ipynb_checkpoints/tcc_dag-checkpoint.py
[2022-09-15 00:41:02,838] {logging_mixin.py:115} INFO - [2022-09-15 00:41:02,826] {dag.py:2371} INFO - Sync 1 DAGs
[2022-09-15 00:41:02,921] {logging_mixin.py:115} INFO - [2022-09-15 00:41:02,921] {dag.py:2919} INFO - Setting next_dagrun for tcc_dag to 2022-09-14T05:03:42.952165+00:00, run_after=2022-09-15T05:03:42.952165+00:00
[2022-09-15 00:41:02,962] {processor.py:161} INFO - Processing /opt/airflow/dags/.ipynb_checkpoints/tcc_dag-checkpoint.py took 2.210 seconds
[2022-09-15 00:41:33,315] {processor.py:153} INFO - Started process (PID=94402) to work on /opt/airflow/dags/.ipynb_checkpoints/tcc_dag-checkpoint.py
[2022-09-15 00:41:33,317] {processor.py:641} INFO - Processing file /opt/airflow/dags/.ipynb_checkpoints/tcc_dag-checkpoint.py for tasks to queue
[2022-09-15 00:41:33,319] {logging_mixin.py:115} INFO - [2022-09-15 00:41:33,318] {dagbag.py:507} INFO - Filling up the DagBag from /opt/airflow/dags/.ipynb_checkpoints/tcc_dag-checkpoint.py
[2022-09-15 00:41:33,639] {processor.py:651} INFO - DAG(s) dict_keys(['tcc_dag']) retrieved from /opt/airflow/dags/.ipynb_checkpoints/tcc_dag-checkpoint.py
[2022-09-15 00:41:33,722] {logging_mixin.py:115} INFO - [2022-09-15 00:41:33,721] {dag.py:2371} INFO - Sync 1 DAGs
[2022-09-15 00:41:33,745] {logging_mixin.py:115} INFO - [2022-09-15 00:41:33,745] {dag.py:2919} INFO - Setting next_dagrun for tcc_dag to 2022-09-14T05:03:42.952165+00:00, run_after=2022-09-15T05:03:42.952165+00:00
[2022-09-15 00:41:33,774] {processor.py:161} INFO - Processing /opt/airflow/dags/.ipynb_checkpoints/tcc_dag-checkpoint.py took 0.463 seconds
[2022-09-15 00:42:04,735] {processor.py:153} INFO - Started process (PID=94459) to work on /opt/airflow/dags/.ipynb_checkpoints/tcc_dag-checkpoint.py
[2022-09-15 00:42:04,737] {processor.py:641} INFO - Processing file /opt/airflow/dags/.ipynb_checkpoints/tcc_dag-checkpoint.py for tasks to queue
[2022-09-15 00:42:04,738] {logging_mixin.py:115} INFO - [2022-09-15 00:42:04,738] {dagbag.py:507} INFO - Filling up the DagBag from /opt/airflow/dags/.ipynb_checkpoints/tcc_dag-checkpoint.py
[2022-09-15 00:42:04,991] {processor.py:651} INFO - DAG(s) dict_keys(['tcc_dag']) retrieved from /opt/airflow/dags/.ipynb_checkpoints/tcc_dag-checkpoint.py
[2022-09-15 00:42:05,022] {logging_mixin.py:115} INFO - [2022-09-15 00:42:05,021] {dag.py:2371} INFO - Sync 1 DAGs
[2022-09-15 00:42:05,047] {logging_mixin.py:115} INFO - [2022-09-15 00:42:05,047] {dag.py:2919} INFO - Setting next_dagrun for tcc_dag to 2022-09-14T05:03:42.952165+00:00, run_after=2022-09-15T05:03:42.952165+00:00
[2022-09-15 00:42:05,060] {processor.py:161} INFO - Processing /opt/airflow/dags/.ipynb_checkpoints/tcc_dag-checkpoint.py took 0.330 seconds
[2022-09-15 00:42:35,347] {processor.py:153} INFO - Started process (PID=94529) to work on /opt/airflow/dags/.ipynb_checkpoints/tcc_dag-checkpoint.py
[2022-09-15 00:42:35,349] {processor.py:641} INFO - Processing file /opt/airflow/dags/.ipynb_checkpoints/tcc_dag-checkpoint.py for tasks to queue
[2022-09-15 00:42:35,351] {logging_mixin.py:115} INFO - [2022-09-15 00:42:35,351] {dagbag.py:507} INFO - Filling up the DagBag from /opt/airflow/dags/.ipynb_checkpoints/tcc_dag-checkpoint.py
[2022-09-15 00:42:35,618] {processor.py:651} INFO - DAG(s) dict_keys(['tcc_dag']) retrieved from /opt/airflow/dags/.ipynb_checkpoints/tcc_dag-checkpoint.py
[2022-09-15 00:42:35,691] {logging_mixin.py:115} INFO - [2022-09-15 00:42:35,690] {dag.py:2371} INFO - Sync 1 DAGs
[2022-09-15 00:42:35,719] {logging_mixin.py:115} INFO - [2022-09-15 00:42:35,718] {dag.py:2919} INFO - Setting next_dagrun for tcc_dag to 2022-09-14T05:03:42.952165+00:00, run_after=2022-09-15T05:03:42.952165+00:00
[2022-09-15 00:42:35,735] {processor.py:161} INFO - Processing /opt/airflow/dags/.ipynb_checkpoints/tcc_dag-checkpoint.py took 0.395 seconds
[2022-09-15 00:43:05,780] {processor.py:153} INFO - Started process (PID=94597) to work on /opt/airflow/dags/.ipynb_checkpoints/tcc_dag-checkpoint.py
[2022-09-15 00:43:05,781] {processor.py:641} INFO - Processing file /opt/airflow/dags/.ipynb_checkpoints/tcc_dag-checkpoint.py for tasks to queue
[2022-09-15 00:43:05,782] {logging_mixin.py:115} INFO - [2022-09-15 00:43:05,782] {dagbag.py:507} INFO - Filling up the DagBag from /opt/airflow/dags/.ipynb_checkpoints/tcc_dag-checkpoint.py
[2022-09-15 00:43:06,044] {processor.py:651} INFO - DAG(s) dict_keys(['tcc_dag']) retrieved from /opt/airflow/dags/.ipynb_checkpoints/tcc_dag-checkpoint.py
[2022-09-15 00:43:06,076] {logging_mixin.py:115} INFO - [2022-09-15 00:43:06,075] {dag.py:2371} INFO - Sync 1 DAGs
[2022-09-15 00:43:06,098] {logging_mixin.py:115} INFO - [2022-09-15 00:43:06,098] {dag.py:2919} INFO - Setting next_dagrun for tcc_dag to 2022-09-14T05:03:42.952165+00:00, run_after=2022-09-15T05:03:42.952165+00:00
[2022-09-15 00:43:06,115] {processor.py:161} INFO - Processing /opt/airflow/dags/.ipynb_checkpoints/tcc_dag-checkpoint.py took 0.340 seconds
[2022-09-15 00:43:36,542] {processor.py:153} INFO - Started process (PID=94656) to work on /opt/airflow/dags/.ipynb_checkpoints/tcc_dag-checkpoint.py
[2022-09-15 00:43:36,545] {processor.py:641} INFO - Processing file /opt/airflow/dags/.ipynb_checkpoints/tcc_dag-checkpoint.py for tasks to queue
[2022-09-15 00:43:36,546] {logging_mixin.py:115} INFO - [2022-09-15 00:43:36,546] {dagbag.py:507} INFO - Filling up the DagBag from /opt/airflow/dags/.ipynb_checkpoints/tcc_dag-checkpoint.py
[2022-09-15 00:43:36,853] {processor.py:651} INFO - DAG(s) dict_keys(['tcc_dag']) retrieved from /opt/airflow/dags/.ipynb_checkpoints/tcc_dag-checkpoint.py
[2022-09-15 00:43:36,932] {logging_mixin.py:115} INFO - [2022-09-15 00:43:36,931] {dag.py:2371} INFO - Sync 1 DAGs
[2022-09-15 00:43:36,958] {logging_mixin.py:115} INFO - [2022-09-15 00:43:36,958] {dag.py:2919} INFO - Setting next_dagrun for tcc_dag to 2022-09-14T05:03:42.952165+00:00, run_after=2022-09-15T05:03:42.952165+00:00
[2022-09-15 00:43:36,981] {processor.py:161} INFO - Processing /opt/airflow/dags/.ipynb_checkpoints/tcc_dag-checkpoint.py took 0.444 seconds
[2022-09-15 00:44:07,078] {processor.py:153} INFO - Started process (PID=94725) to work on /opt/airflow/dags/.ipynb_checkpoints/tcc_dag-checkpoint.py
[2022-09-15 00:44:07,080] {processor.py:641} INFO - Processing file /opt/airflow/dags/.ipynb_checkpoints/tcc_dag-checkpoint.py for tasks to queue
[2022-09-15 00:44:07,084] {logging_mixin.py:115} INFO - [2022-09-15 00:44:07,084] {dagbag.py:507} INFO - Filling up the DagBag from /opt/airflow/dags/.ipynb_checkpoints/tcc_dag-checkpoint.py
[2022-09-15 00:44:07,394] {processor.py:651} INFO - DAG(s) dict_keys(['tcc_dag']) retrieved from /opt/airflow/dags/.ipynb_checkpoints/tcc_dag-checkpoint.py
[2022-09-15 00:44:07,424] {logging_mixin.py:115} INFO - [2022-09-15 00:44:07,423] {dag.py:2371} INFO - Sync 1 DAGs
[2022-09-15 00:44:07,464] {logging_mixin.py:115} INFO - [2022-09-15 00:44:07,464] {dag.py:2919} INFO - Setting next_dagrun for tcc_dag to 2022-09-14T05:03:42.952165+00:00, run_after=2022-09-15T05:03:42.952165+00:00
[2022-09-15 00:44:07,480] {processor.py:161} INFO - Processing /opt/airflow/dags/.ipynb_checkpoints/tcc_dag-checkpoint.py took 0.410 seconds
[2022-09-15 00:44:37,644] {processor.py:153} INFO - Started process (PID=94791) to work on /opt/airflow/dags/.ipynb_checkpoints/tcc_dag-checkpoint.py
[2022-09-15 00:44:37,647] {processor.py:641} INFO - Processing file /opt/airflow/dags/.ipynb_checkpoints/tcc_dag-checkpoint.py for tasks to queue
[2022-09-15 00:44:37,649] {logging_mixin.py:115} INFO - [2022-09-15 00:44:37,649] {dagbag.py:507} INFO - Filling up the DagBag from /opt/airflow/dags/.ipynb_checkpoints/tcc_dag-checkpoint.py
[2022-09-15 00:44:37,928] {processor.py:651} INFO - DAG(s) dict_keys(['tcc_dag']) retrieved from /opt/airflow/dags/.ipynb_checkpoints/tcc_dag-checkpoint.py
[2022-09-15 00:44:38,047] {logging_mixin.py:115} INFO - [2022-09-15 00:44:38,046] {dag.py:2371} INFO - Sync 1 DAGs
[2022-09-15 00:44:38,068] {logging_mixin.py:115} INFO - [2022-09-15 00:44:38,068] {dag.py:2919} INFO - Setting next_dagrun for tcc_dag to 2022-09-14T05:03:42.952165+00:00, run_after=2022-09-15T05:03:42.952165+00:00
[2022-09-15 00:44:38,083] {processor.py:161} INFO - Processing /opt/airflow/dags/.ipynb_checkpoints/tcc_dag-checkpoint.py took 0.447 seconds
[2022-09-15 00:45:08,513] {processor.py:153} INFO - Started process (PID=94850) to work on /opt/airflow/dags/.ipynb_checkpoints/tcc_dag-checkpoint.py
[2022-09-15 00:45:08,516] {processor.py:641} INFO - Processing file /opt/airflow/dags/.ipynb_checkpoints/tcc_dag-checkpoint.py for tasks to queue
[2022-09-15 00:45:08,517] {logging_mixin.py:115} INFO - [2022-09-15 00:45:08,517] {dagbag.py:507} INFO - Filling up the DagBag from /opt/airflow/dags/.ipynb_checkpoints/tcc_dag-checkpoint.py
[2022-09-15 00:45:08,936] {processor.py:651} INFO - DAG(s) dict_keys(['tcc_dag']) retrieved from /opt/airflow/dags/.ipynb_checkpoints/tcc_dag-checkpoint.py
[2022-09-15 00:45:08,962] {logging_mixin.py:115} INFO - [2022-09-15 00:45:08,961] {dag.py:2371} INFO - Sync 1 DAGs
[2022-09-15 00:45:08,988] {logging_mixin.py:115} INFO - [2022-09-15 00:45:08,988] {dag.py:2919} INFO - Setting next_dagrun for tcc_dag to 2022-09-14T05:03:42.952165+00:00, run_after=2022-09-15T05:03:42.952165+00:00
[2022-09-15 00:45:09,022] {processor.py:161} INFO - Processing /opt/airflow/dags/.ipynb_checkpoints/tcc_dag-checkpoint.py took 0.512 seconds
[2022-09-15 00:45:39,575] {processor.py:153} INFO - Started process (PID=94919) to work on /opt/airflow/dags/.ipynb_checkpoints/tcc_dag-checkpoint.py
[2022-09-15 00:45:39,577] {processor.py:641} INFO - Processing file /opt/airflow/dags/.ipynb_checkpoints/tcc_dag-checkpoint.py for tasks to queue
[2022-09-15 00:45:39,579] {logging_mixin.py:115} INFO - [2022-09-15 00:45:39,579] {dagbag.py:507} INFO - Filling up the DagBag from /opt/airflow/dags/.ipynb_checkpoints/tcc_dag-checkpoint.py
[2022-09-15 00:45:40,101] {processor.py:651} INFO - DAG(s) dict_keys(['tcc_dag']) retrieved from /opt/airflow/dags/.ipynb_checkpoints/tcc_dag-checkpoint.py
[2022-09-15 00:45:40,260] {logging_mixin.py:115} INFO - [2022-09-15 00:45:40,258] {dag.py:2371} INFO - Sync 1 DAGs
[2022-09-15 00:45:40,511] {logging_mixin.py:115} INFO - [2022-09-15 00:45:40,511] {dag.py:2919} INFO - Setting next_dagrun for tcc_dag to 2022-09-14T05:03:42.952165+00:00, run_after=2022-09-15T05:03:42.952165+00:00
[2022-09-15 00:45:40,550] {processor.py:161} INFO - Processing /opt/airflow/dags/.ipynb_checkpoints/tcc_dag-checkpoint.py took 0.981 seconds
[2022-09-15 00:46:11,457] {processor.py:153} INFO - Started process (PID=94991) to work on /opt/airflow/dags/.ipynb_checkpoints/tcc_dag-checkpoint.py
[2022-09-15 00:46:11,458] {processor.py:641} INFO - Processing file /opt/airflow/dags/.ipynb_checkpoints/tcc_dag-checkpoint.py for tasks to queue
[2022-09-15 00:46:11,460] {logging_mixin.py:115} INFO - [2022-09-15 00:46:11,460] {dagbag.py:507} INFO - Filling up the DagBag from /opt/airflow/dags/.ipynb_checkpoints/tcc_dag-checkpoint.py
[2022-09-15 00:46:11,805] {processor.py:651} INFO - DAG(s) dict_keys(['tcc_dag']) retrieved from /opt/airflow/dags/.ipynb_checkpoints/tcc_dag-checkpoint.py
[2022-09-15 00:46:11,827] {logging_mixin.py:115} INFO - [2022-09-15 00:46:11,826] {dag.py:2371} INFO - Sync 1 DAGs
[2022-09-15 00:46:11,850] {logging_mixin.py:115} INFO - [2022-09-15 00:46:11,850] {dag.py:2919} INFO - Setting next_dagrun for tcc_dag to 2022-09-14T05:03:42.952165+00:00, run_after=2022-09-15T05:03:42.952165+00:00
[2022-09-15 00:46:11,862] {processor.py:161} INFO - Processing /opt/airflow/dags/.ipynb_checkpoints/tcc_dag-checkpoint.py took 0.412 seconds
[2022-09-15 00:46:41,996] {processor.py:153} INFO - Started process (PID=95049) to work on /opt/airflow/dags/.ipynb_checkpoints/tcc_dag-checkpoint.py
[2022-09-15 00:46:42,002] {processor.py:641} INFO - Processing file /opt/airflow/dags/.ipynb_checkpoints/tcc_dag-checkpoint.py for tasks to queue
[2022-09-15 00:46:42,004] {logging_mixin.py:115} INFO - [2022-09-15 00:46:42,003] {dagbag.py:507} INFO - Filling up the DagBag from /opt/airflow/dags/.ipynb_checkpoints/tcc_dag-checkpoint.py
[2022-09-15 00:46:42,384] {processor.py:651} INFO - DAG(s) dict_keys(['tcc_dag']) retrieved from /opt/airflow/dags/.ipynb_checkpoints/tcc_dag-checkpoint.py
[2022-09-15 00:46:42,490] {logging_mixin.py:115} INFO - [2022-09-15 00:46:42,488] {dag.py:2371} INFO - Sync 1 DAGs
[2022-09-15 00:46:42,524] {logging_mixin.py:115} INFO - [2022-09-15 00:46:42,524] {dag.py:2919} INFO - Setting next_dagrun for tcc_dag to 2022-09-14T05:03:42.952165+00:00, run_after=2022-09-15T05:03:42.952165+00:00
[2022-09-15 00:46:42,547] {processor.py:161} INFO - Processing /opt/airflow/dags/.ipynb_checkpoints/tcc_dag-checkpoint.py took 0.556 seconds
[2022-09-15 00:47:13,411] {processor.py:153} INFO - Started process (PID=95120) to work on /opt/airflow/dags/.ipynb_checkpoints/tcc_dag-checkpoint.py
[2022-09-15 00:47:13,414] {processor.py:641} INFO - Processing file /opt/airflow/dags/.ipynb_checkpoints/tcc_dag-checkpoint.py for tasks to queue
[2022-09-15 00:47:13,417] {logging_mixin.py:115} INFO - [2022-09-15 00:47:13,417] {dagbag.py:507} INFO - Filling up the DagBag from /opt/airflow/dags/.ipynb_checkpoints/tcc_dag-checkpoint.py
[2022-09-15 00:47:14,009] {processor.py:651} INFO - DAG(s) dict_keys(['tcc_dag']) retrieved from /opt/airflow/dags/.ipynb_checkpoints/tcc_dag-checkpoint.py
[2022-09-15 00:47:14,066] {logging_mixin.py:115} INFO - [2022-09-15 00:47:14,065] {dag.py:2371} INFO - Sync 1 DAGs
[2022-09-15 00:47:14,108] {logging_mixin.py:115} INFO - [2022-09-15 00:47:14,108] {dag.py:2919} INFO - Setting next_dagrun for tcc_dag to 2022-09-14T05:03:42.952165+00:00, run_after=2022-09-15T05:03:42.952165+00:00
[2022-09-15 00:47:14,150] {processor.py:161} INFO - Processing /opt/airflow/dags/.ipynb_checkpoints/tcc_dag-checkpoint.py took 0.751 seconds
[2022-09-15 00:47:44,323] {processor.py:153} INFO - Started process (PID=95188) to work on /opt/airflow/dags/.ipynb_checkpoints/tcc_dag-checkpoint.py
[2022-09-15 00:47:44,326] {processor.py:641} INFO - Processing file /opt/airflow/dags/.ipynb_checkpoints/tcc_dag-checkpoint.py for tasks to queue
[2022-09-15 00:47:44,328] {logging_mixin.py:115} INFO - [2022-09-15 00:47:44,328] {dagbag.py:507} INFO - Filling up the DagBag from /opt/airflow/dags/.ipynb_checkpoints/tcc_dag-checkpoint.py
[2022-09-15 00:47:44,676] {processor.py:651} INFO - DAG(s) dict_keys(['tcc_dag']) retrieved from /opt/airflow/dags/.ipynb_checkpoints/tcc_dag-checkpoint.py
[2022-09-15 00:47:44,695] {logging_mixin.py:115} INFO - [2022-09-15 00:47:44,694] {dag.py:2371} INFO - Sync 1 DAGs
[2022-09-15 00:47:44,723] {logging_mixin.py:115} INFO - [2022-09-15 00:47:44,723] {dag.py:2919} INFO - Setting next_dagrun for tcc_dag to 2022-09-14T05:03:42.952165+00:00, run_after=2022-09-15T05:03:42.952165+00:00
[2022-09-15 00:47:44,737] {processor.py:161} INFO - Processing /opt/airflow/dags/.ipynb_checkpoints/tcc_dag-checkpoint.py took 0.424 seconds
[2022-09-15 00:48:15,380] {processor.py:153} INFO - Started process (PID=95245) to work on /opt/airflow/dags/.ipynb_checkpoints/tcc_dag-checkpoint.py
[2022-09-15 00:48:15,382] {processor.py:641} INFO - Processing file /opt/airflow/dags/.ipynb_checkpoints/tcc_dag-checkpoint.py for tasks to queue
[2022-09-15 00:48:15,384] {logging_mixin.py:115} INFO - [2022-09-15 00:48:15,383] {dagbag.py:507} INFO - Filling up the DagBag from /opt/airflow/dags/.ipynb_checkpoints/tcc_dag-checkpoint.py
[2022-09-15 00:48:15,728] {processor.py:651} INFO - DAG(s) dict_keys(['tcc_dag']) retrieved from /opt/airflow/dags/.ipynb_checkpoints/tcc_dag-checkpoint.py
[2022-09-15 00:48:15,811] {logging_mixin.py:115} INFO - [2022-09-15 00:48:15,810] {dag.py:2371} INFO - Sync 1 DAGs
[2022-09-15 00:48:15,837] {logging_mixin.py:115} INFO - [2022-09-15 00:48:15,837] {dag.py:2919} INFO - Setting next_dagrun for tcc_dag to 2022-09-14T05:03:42.952165+00:00, run_after=2022-09-15T05:03:42.952165+00:00
[2022-09-15 00:48:15,853] {processor.py:161} INFO - Processing /opt/airflow/dags/.ipynb_checkpoints/tcc_dag-checkpoint.py took 0.480 seconds
[2022-09-15 00:48:48,097] {processor.py:153} INFO - Started process (PID=95313) to work on /opt/airflow/dags/.ipynb_checkpoints/tcc_dag-checkpoint.py
[2022-09-15 00:48:48,101] {processor.py:641} INFO - Processing file /opt/airflow/dags/.ipynb_checkpoints/tcc_dag-checkpoint.py for tasks to queue
[2022-09-15 00:48:48,104] {logging_mixin.py:115} INFO - [2022-09-15 00:48:48,104] {dagbag.py:507} INFO - Filling up the DagBag from /opt/airflow/dags/.ipynb_checkpoints/tcc_dag-checkpoint.py
[2022-09-15 00:48:48,768] {processor.py:651} INFO - DAG(s) dict_keys(['tcc_dag']) retrieved from /opt/airflow/dags/.ipynb_checkpoints/tcc_dag-checkpoint.py
[2022-09-15 00:48:48,796] {logging_mixin.py:115} INFO - [2022-09-15 00:48:48,795] {dag.py:2371} INFO - Sync 1 DAGs
[2022-09-15 00:48:48,841] {logging_mixin.py:115} INFO - [2022-09-15 00:48:48,841] {dag.py:2919} INFO - Setting next_dagrun for tcc_dag to 2022-09-14T05:03:42.952165+00:00, run_after=2022-09-15T05:03:42.952165+00:00
[2022-09-15 00:48:48,866] {processor.py:161} INFO - Processing /opt/airflow/dags/.ipynb_checkpoints/tcc_dag-checkpoint.py took 0.784 seconds
[2022-09-15 00:49:19,161] {processor.py:153} INFO - Started process (PID=95372) to work on /opt/airflow/dags/.ipynb_checkpoints/tcc_dag-checkpoint.py
[2022-09-15 00:49:19,164] {processor.py:641} INFO - Processing file /opt/airflow/dags/.ipynb_checkpoints/tcc_dag-checkpoint.py for tasks to queue
[2022-09-15 00:49:19,166] {logging_mixin.py:115} INFO - [2022-09-15 00:49:19,166] {dagbag.py:507} INFO - Filling up the DagBag from /opt/airflow/dags/.ipynb_checkpoints/tcc_dag-checkpoint.py
[2022-09-15 00:49:19,441] {processor.py:651} INFO - DAG(s) dict_keys(['tcc_dag']) retrieved from /opt/airflow/dags/.ipynb_checkpoints/tcc_dag-checkpoint.py
[2022-09-15 00:49:19,514] {logging_mixin.py:115} INFO - [2022-09-15 00:49:19,512] {dag.py:2371} INFO - Sync 1 DAGs
[2022-09-15 00:49:19,536] {logging_mixin.py:115} INFO - [2022-09-15 00:49:19,536] {dag.py:2919} INFO - Setting next_dagrun for tcc_dag to 2022-09-14T05:03:42.952165+00:00, run_after=2022-09-15T05:03:42.952165+00:00
[2022-09-15 00:49:19,550] {processor.py:161} INFO - Processing /opt/airflow/dags/.ipynb_checkpoints/tcc_dag-checkpoint.py took 0.394 seconds
[2022-09-15 00:49:49,732] {processor.py:153} INFO - Started process (PID=95436) to work on /opt/airflow/dags/.ipynb_checkpoints/tcc_dag-checkpoint.py
[2022-09-15 00:49:49,753] {processor.py:641} INFO - Processing file /opt/airflow/dags/.ipynb_checkpoints/tcc_dag-checkpoint.py for tasks to queue
[2022-09-15 00:49:49,755] {logging_mixin.py:115} INFO - [2022-09-15 00:49:49,755] {dagbag.py:507} INFO - Filling up the DagBag from /opt/airflow/dags/.ipynb_checkpoints/tcc_dag-checkpoint.py
[2022-09-15 00:49:50,172] {processor.py:651} INFO - DAG(s) dict_keys(['tcc_dag']) retrieved from /opt/airflow/dags/.ipynb_checkpoints/tcc_dag-checkpoint.py
[2022-09-15 00:49:50,215] {logging_mixin.py:115} INFO - [2022-09-15 00:49:50,214] {dag.py:2371} INFO - Sync 1 DAGs
[2022-09-15 00:49:50,255] {logging_mixin.py:115} INFO - [2022-09-15 00:49:50,255] {dag.py:2919} INFO - Setting next_dagrun for tcc_dag to 2022-09-14T05:03:42.952165+00:00, run_after=2022-09-15T05:03:42.952165+00:00
[2022-09-15 00:49:50,277] {processor.py:161} INFO - Processing /opt/airflow/dags/.ipynb_checkpoints/tcc_dag-checkpoint.py took 0.549 seconds
[2022-09-15 00:50:20,330] {processor.py:153} INFO - Started process (PID=95501) to work on /opt/airflow/dags/.ipynb_checkpoints/tcc_dag-checkpoint.py
[2022-09-15 00:50:20,331] {processor.py:641} INFO - Processing file /opt/airflow/dags/.ipynb_checkpoints/tcc_dag-checkpoint.py for tasks to queue
[2022-09-15 00:50:20,333] {logging_mixin.py:115} INFO - [2022-09-15 00:50:20,333] {dagbag.py:507} INFO - Filling up the DagBag from /opt/airflow/dags/.ipynb_checkpoints/tcc_dag-checkpoint.py
[2022-09-15 00:50:20,658] {processor.py:651} INFO - DAG(s) dict_keys(['tcc_dag']) retrieved from /opt/airflow/dags/.ipynb_checkpoints/tcc_dag-checkpoint.py
[2022-09-15 00:50:20,689] {logging_mixin.py:115} INFO - [2022-09-15 00:50:20,687] {dag.py:2371} INFO - Sync 1 DAGs
[2022-09-15 00:50:20,730] {logging_mixin.py:115} INFO - [2022-09-15 00:50:20,730] {dag.py:2919} INFO - Setting next_dagrun for tcc_dag to 2022-09-14T05:03:42.952165+00:00, run_after=2022-09-15T05:03:42.952165+00:00
[2022-09-15 00:50:20,771] {processor.py:161} INFO - Processing /opt/airflow/dags/.ipynb_checkpoints/tcc_dag-checkpoint.py took 0.444 seconds
[2022-09-15 00:50:50,850] {processor.py:153} INFO - Started process (PID=95564) to work on /opt/airflow/dags/.ipynb_checkpoints/tcc_dag-checkpoint.py
[2022-09-15 00:50:50,851] {processor.py:641} INFO - Processing file /opt/airflow/dags/.ipynb_checkpoints/tcc_dag-checkpoint.py for tasks to queue
[2022-09-15 00:50:50,853] {logging_mixin.py:115} INFO - [2022-09-15 00:50:50,853] {dagbag.py:507} INFO - Filling up the DagBag from /opt/airflow/dags/.ipynb_checkpoints/tcc_dag-checkpoint.py
[2022-09-15 00:50:51,158] {processor.py:651} INFO - DAG(s) dict_keys(['tcc_dag']) retrieved from /opt/airflow/dags/.ipynb_checkpoints/tcc_dag-checkpoint.py
[2022-09-15 00:50:51,235] {logging_mixin.py:115} INFO - [2022-09-15 00:50:51,234] {dag.py:2371} INFO - Sync 1 DAGs
[2022-09-15 00:50:51,257] {logging_mixin.py:115} INFO - [2022-09-15 00:50:51,257] {dag.py:2919} INFO - Setting next_dagrun for tcc_dag to 2022-09-14T05:03:42.952165+00:00, run_after=2022-09-15T05:03:42.952165+00:00
[2022-09-15 00:50:51,273] {processor.py:161} INFO - Processing /opt/airflow/dags/.ipynb_checkpoints/tcc_dag-checkpoint.py took 0.427 seconds
[2022-09-15 00:51:21,436] {processor.py:153} INFO - Started process (PID=95633) to work on /opt/airflow/dags/.ipynb_checkpoints/tcc_dag-checkpoint.py
[2022-09-15 00:51:21,438] {processor.py:641} INFO - Processing file /opt/airflow/dags/.ipynb_checkpoints/tcc_dag-checkpoint.py for tasks to queue
[2022-09-15 00:51:21,440] {logging_mixin.py:115} INFO - [2022-09-15 00:51:21,440] {dagbag.py:507} INFO - Filling up the DagBag from /opt/airflow/dags/.ipynb_checkpoints/tcc_dag-checkpoint.py
[2022-09-15 00:51:21,816] {processor.py:651} INFO - DAG(s) dict_keys(['tcc_dag']) retrieved from /opt/airflow/dags/.ipynb_checkpoints/tcc_dag-checkpoint.py
[2022-09-15 00:51:21,842] {logging_mixin.py:115} INFO - [2022-09-15 00:51:21,840] {dag.py:2371} INFO - Sync 1 DAGs
[2022-09-15 00:51:21,870] {logging_mixin.py:115} INFO - [2022-09-15 00:51:21,869] {dag.py:2919} INFO - Setting next_dagrun for tcc_dag to 2022-09-14T05:03:42.952165+00:00, run_after=2022-09-15T05:03:42.952165+00:00
[2022-09-15 00:51:21,886] {processor.py:161} INFO - Processing /opt/airflow/dags/.ipynb_checkpoints/tcc_dag-checkpoint.py took 0.457 seconds
[2022-09-15 00:51:52,172] {processor.py:153} INFO - Started process (PID=95692) to work on /opt/airflow/dags/.ipynb_checkpoints/tcc_dag-checkpoint.py
[2022-09-15 00:51:52,174] {processor.py:641} INFO - Processing file /opt/airflow/dags/.ipynb_checkpoints/tcc_dag-checkpoint.py for tasks to queue
[2022-09-15 00:51:52,176] {logging_mixin.py:115} INFO - [2022-09-15 00:51:52,176] {dagbag.py:507} INFO - Filling up the DagBag from /opt/airflow/dags/.ipynb_checkpoints/tcc_dag-checkpoint.py
[2022-09-15 00:51:52,731] {processor.py:651} INFO - DAG(s) dict_keys(['tcc_dag']) retrieved from /opt/airflow/dags/.ipynb_checkpoints/tcc_dag-checkpoint.py
[2022-09-15 00:51:53,033] {logging_mixin.py:115} INFO - [2022-09-15 00:51:53,031] {dag.py:2371} INFO - Sync 1 DAGs
[2022-09-15 00:51:53,090] {logging_mixin.py:115} INFO - [2022-09-15 00:51:53,090] {dag.py:2919} INFO - Setting next_dagrun for tcc_dag to 2022-09-14T05:03:42.952165+00:00, run_after=2022-09-15T05:03:42.952165+00:00
[2022-09-15 00:51:53,138] {processor.py:161} INFO - Processing /opt/airflow/dags/.ipynb_checkpoints/tcc_dag-checkpoint.py took 0.981 seconds
[2022-09-15 00:52:23,506] {processor.py:153} INFO - Started process (PID=95762) to work on /opt/airflow/dags/.ipynb_checkpoints/tcc_dag-checkpoint.py
[2022-09-15 00:52:23,508] {processor.py:641} INFO - Processing file /opt/airflow/dags/.ipynb_checkpoints/tcc_dag-checkpoint.py for tasks to queue
[2022-09-15 00:52:23,510] {logging_mixin.py:115} INFO - [2022-09-15 00:52:23,509] {dagbag.py:507} INFO - Filling up the DagBag from /opt/airflow/dags/.ipynb_checkpoints/tcc_dag-checkpoint.py
[2022-09-15 00:52:23,780] {processor.py:651} INFO - DAG(s) dict_keys(['tcc_dag']) retrieved from /opt/airflow/dags/.ipynb_checkpoints/tcc_dag-checkpoint.py
[2022-09-15 00:52:23,798] {logging_mixin.py:115} INFO - [2022-09-15 00:52:23,797] {dag.py:2371} INFO - Sync 1 DAGs
[2022-09-15 00:52:23,819] {logging_mixin.py:115} INFO - [2022-09-15 00:52:23,819] {dag.py:2919} INFO - Setting next_dagrun for tcc_dag to 2022-09-14T05:03:42.952165+00:00, run_after=2022-09-15T05:03:42.952165+00:00
[2022-09-15 00:52:23,833] {processor.py:161} INFO - Processing /opt/airflow/dags/.ipynb_checkpoints/tcc_dag-checkpoint.py took 0.331 seconds
[2022-09-15 00:52:54,230] {processor.py:153} INFO - Started process (PID=95834) to work on /opt/airflow/dags/.ipynb_checkpoints/tcc_dag-checkpoint.py
[2022-09-15 00:52:54,232] {processor.py:641} INFO - Processing file /opt/airflow/dags/.ipynb_checkpoints/tcc_dag-checkpoint.py for tasks to queue
[2022-09-15 00:52:54,233] {logging_mixin.py:115} INFO - [2022-09-15 00:52:54,233] {dagbag.py:507} INFO - Filling up the DagBag from /opt/airflow/dags/.ipynb_checkpoints/tcc_dag-checkpoint.py
[2022-09-15 00:52:54,513] {processor.py:651} INFO - DAG(s) dict_keys(['tcc_dag']) retrieved from /opt/airflow/dags/.ipynb_checkpoints/tcc_dag-checkpoint.py
[2022-09-15 00:52:54,594] {logging_mixin.py:115} INFO - [2022-09-15 00:52:54,593] {dag.py:2371} INFO - Sync 1 DAGs
[2022-09-15 00:52:54,616] {logging_mixin.py:115} INFO - [2022-09-15 00:52:54,616] {dag.py:2919} INFO - Setting next_dagrun for tcc_dag to 2022-09-14T05:03:42.952165+00:00, run_after=2022-09-15T05:03:42.952165+00:00
[2022-09-15 00:52:54,633] {processor.py:161} INFO - Processing /opt/airflow/dags/.ipynb_checkpoints/tcc_dag-checkpoint.py took 0.409 seconds
[2022-09-15 00:53:24,965] {processor.py:153} INFO - Started process (PID=95895) to work on /opt/airflow/dags/.ipynb_checkpoints/tcc_dag-checkpoint.py
[2022-09-15 00:53:24,967] {processor.py:641} INFO - Processing file /opt/airflow/dags/.ipynb_checkpoints/tcc_dag-checkpoint.py for tasks to queue
[2022-09-15 00:53:24,968] {logging_mixin.py:115} INFO - [2022-09-15 00:53:24,968] {dagbag.py:507} INFO - Filling up the DagBag from /opt/airflow/dags/.ipynb_checkpoints/tcc_dag-checkpoint.py
[2022-09-15 00:53:25,252] {processor.py:651} INFO - DAG(s) dict_keys(['tcc_dag']) retrieved from /opt/airflow/dags/.ipynb_checkpoints/tcc_dag-checkpoint.py
[2022-09-15 00:53:25,270] {logging_mixin.py:115} INFO - [2022-09-15 00:53:25,269] {dag.py:2371} INFO - Sync 1 DAGs
[2022-09-15 00:53:25,294] {logging_mixin.py:115} INFO - [2022-09-15 00:53:25,293] {dag.py:2919} INFO - Setting next_dagrun for tcc_dag to 2022-09-14T05:03:42.952165+00:00, run_after=2022-09-15T05:03:42.952165+00:00
[2022-09-15 00:53:25,308] {processor.py:161} INFO - Processing /opt/airflow/dags/.ipynb_checkpoints/tcc_dag-checkpoint.py took 0.348 seconds
[2022-09-15 00:53:55,479] {processor.py:153} INFO - Started process (PID=95956) to work on /opt/airflow/dags/.ipynb_checkpoints/tcc_dag-checkpoint.py
[2022-09-15 00:53:55,481] {processor.py:641} INFO - Processing file /opt/airflow/dags/.ipynb_checkpoints/tcc_dag-checkpoint.py for tasks to queue
[2022-09-15 00:53:55,483] {logging_mixin.py:115} INFO - [2022-09-15 00:53:55,483] {dagbag.py:507} INFO - Filling up the DagBag from /opt/airflow/dags/.ipynb_checkpoints/tcc_dag-checkpoint.py
[2022-09-15 00:53:55,755] {processor.py:651} INFO - DAG(s) dict_keys(['tcc_dag']) retrieved from /opt/airflow/dags/.ipynb_checkpoints/tcc_dag-checkpoint.py
[2022-09-15 00:53:55,835] {logging_mixin.py:115} INFO - [2022-09-15 00:53:55,834] {dag.py:2371} INFO - Sync 1 DAGs
[2022-09-15 00:53:55,869] {logging_mixin.py:115} INFO - [2022-09-15 00:53:55,869] {dag.py:2919} INFO - Setting next_dagrun for tcc_dag to 2022-09-14T05:03:42.952165+00:00, run_after=2022-09-15T05:03:42.952165+00:00
[2022-09-15 00:53:55,897] {processor.py:161} INFO - Processing /opt/airflow/dags/.ipynb_checkpoints/tcc_dag-checkpoint.py took 0.423 seconds
[2022-09-15 00:54:26,317] {processor.py:153} INFO - Started process (PID=96026) to work on /opt/airflow/dags/.ipynb_checkpoints/tcc_dag-checkpoint.py
[2022-09-15 00:54:26,318] {processor.py:641} INFO - Processing file /opt/airflow/dags/.ipynb_checkpoints/tcc_dag-checkpoint.py for tasks to queue
[2022-09-15 00:54:26,319] {logging_mixin.py:115} INFO - [2022-09-15 00:54:26,319] {dagbag.py:507} INFO - Filling up the DagBag from /opt/airflow/dags/.ipynb_checkpoints/tcc_dag-checkpoint.py
[2022-09-15 00:54:26,574] {processor.py:651} INFO - DAG(s) dict_keys(['tcc_dag']) retrieved from /opt/airflow/dags/.ipynb_checkpoints/tcc_dag-checkpoint.py
[2022-09-15 00:54:26,606] {logging_mixin.py:115} INFO - [2022-09-15 00:54:26,605] {dag.py:2371} INFO - Sync 1 DAGs
[2022-09-15 00:54:26,602] {logging_mixin.py:115} INFO - [2022-09-15 00:54:26,601] {dag.py:2919} INFO - Setting next_dagrun for tcc_dag to 2022-09-14T05:03:42.952165+00:00, run_after=2022-09-15T05:03:42.952165+00:00
[2022-09-15 00:54:26,617] {processor.py:161} INFO - Processing /opt/airflow/dags/.ipynb_checkpoints/tcc_dag-checkpoint.py took 0.340 seconds
[2022-09-15 00:54:56,917] {processor.py:153} INFO - Started process (PID=96086) to work on /opt/airflow/dags/.ipynb_checkpoints/tcc_dag-checkpoint.py
[2022-09-15 00:54:56,919] {processor.py:641} INFO - Processing file /opt/airflow/dags/.ipynb_checkpoints/tcc_dag-checkpoint.py for tasks to queue
[2022-09-15 00:54:56,920] {logging_mixin.py:115} INFO - [2022-09-15 00:54:56,920] {dagbag.py:507} INFO - Filling up the DagBag from /opt/airflow/dags/.ipynb_checkpoints/tcc_dag-checkpoint.py
[2022-09-15 00:54:57,184] {processor.py:651} INFO - DAG(s) dict_keys(['tcc_dag']) retrieved from /opt/airflow/dags/.ipynb_checkpoints/tcc_dag-checkpoint.py
[2022-09-15 00:54:57,273] {logging_mixin.py:115} INFO - [2022-09-15 00:54:57,272] {dag.py:2371} INFO - Sync 1 DAGs
[2022-09-15 00:54:57,297] {logging_mixin.py:115} INFO - [2022-09-15 00:54:57,297] {dag.py:2919} INFO - Setting next_dagrun for tcc_dag to 2022-09-14T05:03:42.952165+00:00, run_after=2022-09-15T05:03:42.952165+00:00
[2022-09-15 00:54:57,312] {processor.py:161} INFO - Processing /opt/airflow/dags/.ipynb_checkpoints/tcc_dag-checkpoint.py took 0.398 seconds
[2022-09-15 00:55:27,643] {processor.py:153} INFO - Started process (PID=96154) to work on /opt/airflow/dags/.ipynb_checkpoints/tcc_dag-checkpoint.py
[2022-09-15 00:55:27,644] {processor.py:641} INFO - Processing file /opt/airflow/dags/.ipynb_checkpoints/tcc_dag-checkpoint.py for tasks to queue
[2022-09-15 00:55:27,646] {logging_mixin.py:115} INFO - [2022-09-15 00:55:27,646] {dagbag.py:507} INFO - Filling up the DagBag from /opt/airflow/dags/.ipynb_checkpoints/tcc_dag-checkpoint.py
[2022-09-15 00:55:27,982] {processor.py:651} INFO - DAG(s) dict_keys(['tcc_dag']) retrieved from /opt/airflow/dags/.ipynb_checkpoints/tcc_dag-checkpoint.py
[2022-09-15 00:55:28,015] {logging_mixin.py:115} INFO - [2022-09-15 00:55:28,014] {dag.py:2371} INFO - Sync 1 DAGs
[2022-09-15 00:55:28,042] {logging_mixin.py:115} INFO - [2022-09-15 00:55:28,042] {dag.py:2919} INFO - Setting next_dagrun for tcc_dag to 2022-09-14T05:03:42.952165+00:00, run_after=2022-09-15T05:03:42.952165+00:00
[2022-09-15 00:55:28,057] {processor.py:161} INFO - Processing /opt/airflow/dags/.ipynb_checkpoints/tcc_dag-checkpoint.py took 0.420 seconds
[2022-09-15 00:55:58,697] {processor.py:153} INFO - Started process (PID=96223) to work on /opt/airflow/dags/.ipynb_checkpoints/tcc_dag-checkpoint.py
[2022-09-15 00:55:58,701] {processor.py:641} INFO - Processing file /opt/airflow/dags/.ipynb_checkpoints/tcc_dag-checkpoint.py for tasks to queue
[2022-09-15 00:55:58,707] {logging_mixin.py:115} INFO - [2022-09-15 00:55:58,707] {dagbag.py:507} INFO - Filling up the DagBag from /opt/airflow/dags/.ipynb_checkpoints/tcc_dag-checkpoint.py
[2022-09-15 00:55:58,998] {processor.py:651} INFO - DAG(s) dict_keys(['tcc_dag']) retrieved from /opt/airflow/dags/.ipynb_checkpoints/tcc_dag-checkpoint.py
[2022-09-15 00:55:59,092] {logging_mixin.py:115} INFO - [2022-09-15 00:55:59,091] {dag.py:2371} INFO - Sync 1 DAGs
[2022-09-15 00:55:59,159] {logging_mixin.py:115} INFO - [2022-09-15 00:55:59,159] {dag.py:2919} INFO - Setting next_dagrun for tcc_dag to 2022-09-14T05:03:42.952165+00:00, run_after=2022-09-15T05:03:42.952165+00:00
[2022-09-15 00:55:59,179] {processor.py:161} INFO - Processing /opt/airflow/dags/.ipynb_checkpoints/tcc_dag-checkpoint.py took 0.488 seconds
[2022-09-15 00:56:29,941] {processor.py:153} INFO - Started process (PID=96280) to work on /opt/airflow/dags/.ipynb_checkpoints/tcc_dag-checkpoint.py
[2022-09-15 00:56:29,945] {processor.py:641} INFO - Processing file /opt/airflow/dags/.ipynb_checkpoints/tcc_dag-checkpoint.py for tasks to queue
[2022-09-15 00:56:29,947] {logging_mixin.py:115} INFO - [2022-09-15 00:56:29,947] {dagbag.py:507} INFO - Filling up the DagBag from /opt/airflow/dags/.ipynb_checkpoints/tcc_dag-checkpoint.py
[2022-09-15 00:56:30,308] {processor.py:651} INFO - DAG(s) dict_keys(['tcc_dag']) retrieved from /opt/airflow/dags/.ipynb_checkpoints/tcc_dag-checkpoint.py
[2022-09-15 00:56:30,344] {logging_mixin.py:115} INFO - [2022-09-15 00:56:30,343] {dag.py:2371} INFO - Sync 1 DAGs
[2022-09-15 00:56:30,396] {logging_mixin.py:115} INFO - [2022-09-15 00:56:30,396] {dag.py:2919} INFO - Setting next_dagrun for tcc_dag to 2022-09-14T05:03:42.952165+00:00, run_after=2022-09-15T05:03:42.952165+00:00
[2022-09-15 00:56:30,414] {processor.py:161} INFO - Processing /opt/airflow/dags/.ipynb_checkpoints/tcc_dag-checkpoint.py took 0.479 seconds
[2022-09-15 00:57:00,455] {processor.py:153} INFO - Started process (PID=96347) to work on /opt/airflow/dags/.ipynb_checkpoints/tcc_dag-checkpoint.py
[2022-09-15 00:57:00,457] {processor.py:641} INFO - Processing file /opt/airflow/dags/.ipynb_checkpoints/tcc_dag-checkpoint.py for tasks to queue
[2022-09-15 00:57:00,458] {logging_mixin.py:115} INFO - [2022-09-15 00:57:00,458] {dagbag.py:507} INFO - Filling up the DagBag from /opt/airflow/dags/.ipynb_checkpoints/tcc_dag-checkpoint.py
[2022-09-15 00:57:00,727] {processor.py:651} INFO - DAG(s) dict_keys(['tcc_dag']) retrieved from /opt/airflow/dags/.ipynb_checkpoints/tcc_dag-checkpoint.py
[2022-09-15 00:57:00,799] {logging_mixin.py:115} INFO - [2022-09-15 00:57:00,798] {dag.py:2371} INFO - Sync 1 DAGs
[2022-09-15 00:57:00,828] {logging_mixin.py:115} INFO - [2022-09-15 00:57:00,828] {dag.py:2919} INFO - Setting next_dagrun for tcc_dag to 2022-09-14T05:03:42.952165+00:00, run_after=2022-09-15T05:03:42.952165+00:00
[2022-09-15 00:57:00,849] {processor.py:161} INFO - Processing /opt/airflow/dags/.ipynb_checkpoints/tcc_dag-checkpoint.py took 0.398 seconds
[2022-09-15 00:57:31,680] {processor.py:153} INFO - Started process (PID=96415) to work on /opt/airflow/dags/.ipynb_checkpoints/tcc_dag-checkpoint.py
[2022-09-15 00:57:31,681] {processor.py:641} INFO - Processing file /opt/airflow/dags/.ipynb_checkpoints/tcc_dag-checkpoint.py for tasks to queue
[2022-09-15 00:57:31,682] {logging_mixin.py:115} INFO - [2022-09-15 00:57:31,682] {dagbag.py:507} INFO - Filling up the DagBag from /opt/airflow/dags/.ipynb_checkpoints/tcc_dag-checkpoint.py
[2022-09-15 00:57:31,958] {processor.py:651} INFO - DAG(s) dict_keys(['tcc_dag']) retrieved from /opt/airflow/dags/.ipynb_checkpoints/tcc_dag-checkpoint.py
[2022-09-15 00:57:31,994] {logging_mixin.py:115} INFO - [2022-09-15 00:57:31,992] {dag.py:2371} INFO - Sync 1 DAGs
[2022-09-15 00:57:32,018] {logging_mixin.py:115} INFO - [2022-09-15 00:57:32,018] {dag.py:2919} INFO - Setting next_dagrun for tcc_dag to 2022-09-14T05:03:42.952165+00:00, run_after=2022-09-15T05:03:42.952165+00:00
[2022-09-15 00:57:32,032] {processor.py:161} INFO - Processing /opt/airflow/dags/.ipynb_checkpoints/tcc_dag-checkpoint.py took 0.357 seconds
[2022-09-15 00:58:02,475] {processor.py:153} INFO - Started process (PID=96481) to work on /opt/airflow/dags/.ipynb_checkpoints/tcc_dag-checkpoint.py
[2022-09-15 00:58:02,506] {processor.py:641} INFO - Processing file /opt/airflow/dags/.ipynb_checkpoints/tcc_dag-checkpoint.py for tasks to queue
[2022-09-15 00:58:02,533] {logging_mixin.py:115} INFO - [2022-09-15 00:58:02,533] {dagbag.py:507} INFO - Filling up the DagBag from /opt/airflow/dags/.ipynb_checkpoints/tcc_dag-checkpoint.py
[2022-09-15 00:58:03,227] {processor.py:651} INFO - DAG(s) dict_keys(['tcc_dag']) retrieved from /opt/airflow/dags/.ipynb_checkpoints/tcc_dag-checkpoint.py
[2022-09-15 00:58:03,373] {logging_mixin.py:115} INFO - [2022-09-15 00:58:03,371] {dag.py:2371} INFO - Sync 1 DAGs
[2022-09-15 00:58:03,437] {logging_mixin.py:115} INFO - [2022-09-15 00:58:03,437] {dag.py:2919} INFO - Setting next_dagrun for tcc_dag to 2022-09-14T05:03:42.952165+00:00, run_after=2022-09-15T05:03:42.952165+00:00
[2022-09-15 00:58:03,468] {processor.py:161} INFO - Processing /opt/airflow/dags/.ipynb_checkpoints/tcc_dag-checkpoint.py took 0.998 seconds
[2022-09-15 00:58:33,961] {processor.py:153} INFO - Started process (PID=96541) to work on /opt/airflow/dags/.ipynb_checkpoints/tcc_dag-checkpoint.py
[2022-09-15 00:58:33,964] {processor.py:641} INFO - Processing file /opt/airflow/dags/.ipynb_checkpoints/tcc_dag-checkpoint.py for tasks to queue
[2022-09-15 00:58:33,966] {logging_mixin.py:115} INFO - [2022-09-15 00:58:33,966] {dagbag.py:507} INFO - Filling up the DagBag from /opt/airflow/dags/.ipynb_checkpoints/tcc_dag-checkpoint.py
[2022-09-15 00:58:34,444] {processor.py:651} INFO - DAG(s) dict_keys(['tcc_dag']) retrieved from /opt/airflow/dags/.ipynb_checkpoints/tcc_dag-checkpoint.py
[2022-09-15 00:58:34,500] {logging_mixin.py:115} INFO - [2022-09-15 00:58:34,498] {dag.py:2371} INFO - Sync 1 DAGs
[2022-09-15 00:58:34,544] {logging_mixin.py:115} INFO - [2022-09-15 00:58:34,543] {dag.py:2919} INFO - Setting next_dagrun for tcc_dag to 2022-09-14T05:03:42.952165+00:00, run_after=2022-09-15T05:03:42.952165+00:00
[2022-09-15 00:58:34,566] {processor.py:161} INFO - Processing /opt/airflow/dags/.ipynb_checkpoints/tcc_dag-checkpoint.py took 0.611 seconds
[2022-09-15 00:59:05,345] {processor.py:153} INFO - Started process (PID=96608) to work on /opt/airflow/dags/.ipynb_checkpoints/tcc_dag-checkpoint.py
[2022-09-15 00:59:05,347] {processor.py:641} INFO - Processing file /opt/airflow/dags/.ipynb_checkpoints/tcc_dag-checkpoint.py for tasks to queue
[2022-09-15 00:59:05,349] {logging_mixin.py:115} INFO - [2022-09-15 00:59:05,349] {dagbag.py:507} INFO - Filling up the DagBag from /opt/airflow/dags/.ipynb_checkpoints/tcc_dag-checkpoint.py
[2022-09-15 00:59:05,632] {processor.py:651} INFO - DAG(s) dict_keys(['tcc_dag']) retrieved from /opt/airflow/dags/.ipynb_checkpoints/tcc_dag-checkpoint.py
[2022-09-15 00:59:05,711] {logging_mixin.py:115} INFO - [2022-09-15 00:59:05,710] {dag.py:2371} INFO - Sync 1 DAGs
[2022-09-15 00:59:05,742] {logging_mixin.py:115} INFO - [2022-09-15 00:59:05,742] {dag.py:2919} INFO - Setting next_dagrun for tcc_dag to 2022-09-14T05:03:42.952165+00:00, run_after=2022-09-15T05:03:42.952165+00:00
[2022-09-15 00:59:05,760] {processor.py:161} INFO - Processing /opt/airflow/dags/.ipynb_checkpoints/tcc_dag-checkpoint.py took 0.418 seconds
[2022-09-15 00:59:36,302] {processor.py:153} INFO - Started process (PID=96665) to work on /opt/airflow/dags/.ipynb_checkpoints/tcc_dag-checkpoint.py
[2022-09-15 00:59:36,304] {processor.py:641} INFO - Processing file /opt/airflow/dags/.ipynb_checkpoints/tcc_dag-checkpoint.py for tasks to queue
[2022-09-15 00:59:36,305] {logging_mixin.py:115} INFO - [2022-09-15 00:59:36,305] {dagbag.py:507} INFO - Filling up the DagBag from /opt/airflow/dags/.ipynb_checkpoints/tcc_dag-checkpoint.py
[2022-09-15 00:59:36,576] {processor.py:651} INFO - DAG(s) dict_keys(['tcc_dag']) retrieved from /opt/airflow/dags/.ipynb_checkpoints/tcc_dag-checkpoint.py
[2022-09-15 00:59:36,619] {logging_mixin.py:115} INFO - [2022-09-15 00:59:36,618] {dag.py:2371} INFO - Sync 1 DAGs
[2022-09-15 00:59:36,649] {logging_mixin.py:115} INFO - [2022-09-15 00:59:36,649] {dag.py:2919} INFO - Setting next_dagrun for tcc_dag to 2022-09-14T05:03:42.952165+00:00, run_after=2022-09-15T05:03:42.952165+00:00
[2022-09-15 00:59:36,667] {processor.py:161} INFO - Processing /opt/airflow/dags/.ipynb_checkpoints/tcc_dag-checkpoint.py took 0.371 seconds
[2022-09-15 01:00:06,944] {processor.py:153} INFO - Started process (PID=96731) to work on /opt/airflow/dags/.ipynb_checkpoints/tcc_dag-checkpoint.py
[2022-09-15 01:00:06,946] {processor.py:641} INFO - Processing file /opt/airflow/dags/.ipynb_checkpoints/tcc_dag-checkpoint.py for tasks to queue
[2022-09-15 01:00:06,948] {logging_mixin.py:115} INFO - [2022-09-15 01:00:06,948] {dagbag.py:507} INFO - Filling up the DagBag from /opt/airflow/dags/.ipynb_checkpoints/tcc_dag-checkpoint.py
[2022-09-15 01:00:07,223] {processor.py:651} INFO - DAG(s) dict_keys(['tcc_dag']) retrieved from /opt/airflow/dags/.ipynb_checkpoints/tcc_dag-checkpoint.py
[2022-09-15 01:00:07,306] {logging_mixin.py:115} INFO - [2022-09-15 01:00:07,305] {dag.py:2371} INFO - Sync 1 DAGs
[2022-09-15 01:00:07,330] {logging_mixin.py:115} INFO - [2022-09-15 01:00:07,330] {dag.py:2919} INFO - Setting next_dagrun for tcc_dag to 2022-09-14T05:03:42.952165+00:00, run_after=2022-09-15T05:03:42.952165+00:00
[2022-09-15 01:00:07,346] {processor.py:161} INFO - Processing /opt/airflow/dags/.ipynb_checkpoints/tcc_dag-checkpoint.py took 0.419 seconds
[2022-09-15 01:00:37,435] {processor.py:153} INFO - Started process (PID=96796) to work on /opt/airflow/dags/.ipynb_checkpoints/tcc_dag-checkpoint.py
[2022-09-15 01:00:37,437] {processor.py:641} INFO - Processing file /opt/airflow/dags/.ipynb_checkpoints/tcc_dag-checkpoint.py for tasks to queue
[2022-09-15 01:00:37,439] {logging_mixin.py:115} INFO - [2022-09-15 01:00:37,439] {dagbag.py:507} INFO - Filling up the DagBag from /opt/airflow/dags/.ipynb_checkpoints/tcc_dag-checkpoint.py
[2022-09-15 01:00:37,786] {processor.py:651} INFO - DAG(s) dict_keys(['tcc_dag']) retrieved from /opt/airflow/dags/.ipynb_checkpoints/tcc_dag-checkpoint.py
[2022-09-15 01:00:37,824] {logging_mixin.py:115} INFO - [2022-09-15 01:00:37,823] {dag.py:2371} INFO - Sync 1 DAGs
[2022-09-15 01:00:37,849] {logging_mixin.py:115} INFO - [2022-09-15 01:00:37,848] {dag.py:2919} INFO - Setting next_dagrun for tcc_dag to 2022-09-14T05:03:42.952165+00:00, run_after=2022-09-15T05:03:42.952165+00:00
[2022-09-15 01:00:37,863] {processor.py:161} INFO - Processing /opt/airflow/dags/.ipynb_checkpoints/tcc_dag-checkpoint.py took 0.435 seconds
[2022-09-15 01:01:08,876] {processor.py:153} INFO - Started process (PID=96854) to work on /opt/airflow/dags/.ipynb_checkpoints/tcc_dag-checkpoint.py
[2022-09-15 01:01:08,878] {processor.py:641} INFO - Processing file /opt/airflow/dags/.ipynb_checkpoints/tcc_dag-checkpoint.py for tasks to queue
[2022-09-15 01:01:08,879] {logging_mixin.py:115} INFO - [2022-09-15 01:01:08,879] {dagbag.py:507} INFO - Filling up the DagBag from /opt/airflow/dags/.ipynb_checkpoints/tcc_dag-checkpoint.py
[2022-09-15 01:01:09,195] {processor.py:651} INFO - DAG(s) dict_keys(['tcc_dag']) retrieved from /opt/airflow/dags/.ipynb_checkpoints/tcc_dag-checkpoint.py
[2022-09-15 01:01:09,307] {logging_mixin.py:115} INFO - [2022-09-15 01:01:09,306] {dag.py:2371} INFO - Sync 1 DAGs
[2022-09-15 01:01:09,339] {logging_mixin.py:115} INFO - [2022-09-15 01:01:09,339] {dag.py:2919} INFO - Setting next_dagrun for tcc_dag to 2022-09-14T05:03:42.952165+00:00, run_after=2022-09-15T05:03:42.952165+00:00
[2022-09-15 01:01:09,359] {processor.py:161} INFO - Processing /opt/airflow/dags/.ipynb_checkpoints/tcc_dag-checkpoint.py took 0.491 seconds
[2022-09-15 01:01:39,861] {processor.py:153} INFO - Started process (PID=96922) to work on /opt/airflow/dags/.ipynb_checkpoints/tcc_dag-checkpoint.py
[2022-09-15 01:01:39,865] {processor.py:641} INFO - Processing file /opt/airflow/dags/.ipynb_checkpoints/tcc_dag-checkpoint.py for tasks to queue
[2022-09-15 01:01:39,868] {logging_mixin.py:115} INFO - [2022-09-15 01:01:39,868] {dagbag.py:507} INFO - Filling up the DagBag from /opt/airflow/dags/.ipynb_checkpoints/tcc_dag-checkpoint.py
[2022-09-15 01:01:40,160] {processor.py:651} INFO - DAG(s) dict_keys(['tcc_dag']) retrieved from /opt/airflow/dags/.ipynb_checkpoints/tcc_dag-checkpoint.py
[2022-09-15 01:01:40,193] {logging_mixin.py:115} INFO - [2022-09-15 01:01:40,192] {dag.py:2371} INFO - Sync 1 DAGs
[2022-09-15 01:01:40,217] {logging_mixin.py:115} INFO - [2022-09-15 01:01:40,217] {dag.py:2919} INFO - Setting next_dagrun for tcc_dag to 2022-09-14T05:03:42.952165+00:00, run_after=2022-09-15T05:03:42.952165+00:00
[2022-09-15 01:01:40,232] {processor.py:161} INFO - Processing /opt/airflow/dags/.ipynb_checkpoints/tcc_dag-checkpoint.py took 0.376 seconds
[2022-09-15 01:02:10,958] {processor.py:153} INFO - Started process (PID=96990) to work on /opt/airflow/dags/.ipynb_checkpoints/tcc_dag-checkpoint.py
[2022-09-15 01:02:10,960] {processor.py:641} INFO - Processing file /opt/airflow/dags/.ipynb_checkpoints/tcc_dag-checkpoint.py for tasks to queue
[2022-09-15 01:02:10,962] {logging_mixin.py:115} INFO - [2022-09-15 01:02:10,962] {dagbag.py:507} INFO - Filling up the DagBag from /opt/airflow/dags/.ipynb_checkpoints/tcc_dag-checkpoint.py
[2022-09-15 01:02:11,260] {processor.py:651} INFO - DAG(s) dict_keys(['tcc_dag']) retrieved from /opt/airflow/dags/.ipynb_checkpoints/tcc_dag-checkpoint.py
[2022-09-15 01:02:11,356] {logging_mixin.py:115} INFO - [2022-09-15 01:02:11,354] {dag.py:2371} INFO - Sync 1 DAGs
[2022-09-15 01:02:11,386] {logging_mixin.py:115} INFO - [2022-09-15 01:02:11,386] {dag.py:2919} INFO - Setting next_dagrun for tcc_dag to 2022-09-14T05:03:42.952165+00:00, run_after=2022-09-15T05:03:42.952165+00:00
[2022-09-15 01:02:11,408] {processor.py:161} INFO - Processing /opt/airflow/dags/.ipynb_checkpoints/tcc_dag-checkpoint.py took 0.457 seconds
[2022-09-15 01:02:41,781] {processor.py:153} INFO - Started process (PID=97049) to work on /opt/airflow/dags/.ipynb_checkpoints/tcc_dag-checkpoint.py
[2022-09-15 01:02:41,783] {processor.py:641} INFO - Processing file /opt/airflow/dags/.ipynb_checkpoints/tcc_dag-checkpoint.py for tasks to queue
[2022-09-15 01:02:41,784] {logging_mixin.py:115} INFO - [2022-09-15 01:02:41,784] {dagbag.py:507} INFO - Filling up the DagBag from /opt/airflow/dags/.ipynb_checkpoints/tcc_dag-checkpoint.py
[2022-09-15 01:02:42,054] {processor.py:651} INFO - DAG(s) dict_keys(['tcc_dag']) retrieved from /opt/airflow/dags/.ipynb_checkpoints/tcc_dag-checkpoint.py
[2022-09-15 01:02:42,087] {logging_mixin.py:115} INFO - [2022-09-15 01:02:42,086] {dag.py:2371} INFO - Sync 1 DAGs
[2022-09-15 01:02:42,114] {logging_mixin.py:115} INFO - [2022-09-15 01:02:42,114] {dag.py:2919} INFO - Setting next_dagrun for tcc_dag to 2022-09-14T05:03:42.952165+00:00, run_after=2022-09-15T05:03:42.952165+00:00
[2022-09-15 01:02:42,130] {processor.py:161} INFO - Processing /opt/airflow/dags/.ipynb_checkpoints/tcc_dag-checkpoint.py took 0.356 seconds
[2022-09-15 01:03:12,962] {processor.py:153} INFO - Started process (PID=97117) to work on /opt/airflow/dags/.ipynb_checkpoints/tcc_dag-checkpoint.py
[2022-09-15 01:03:12,964] {processor.py:641} INFO - Processing file /opt/airflow/dags/.ipynb_checkpoints/tcc_dag-checkpoint.py for tasks to queue
[2022-09-15 01:03:12,967] {logging_mixin.py:115} INFO - [2022-09-15 01:03:12,967] {dagbag.py:507} INFO - Filling up the DagBag from /opt/airflow/dags/.ipynb_checkpoints/tcc_dag-checkpoint.py
[2022-09-15 01:03:13,423] {processor.py:651} INFO - DAG(s) dict_keys(['tcc_dag']) retrieved from /opt/airflow/dags/.ipynb_checkpoints/tcc_dag-checkpoint.py
[2022-09-15 01:03:13,513] {logging_mixin.py:115} INFO - [2022-09-15 01:03:13,511] {dag.py:2371} INFO - Sync 1 DAGs
[2022-09-15 01:03:13,550] {logging_mixin.py:115} INFO - [2022-09-15 01:03:13,550] {dag.py:2919} INFO - Setting next_dagrun for tcc_dag to 2022-09-14T05:03:42.952165+00:00, run_after=2022-09-15T05:03:42.952165+00:00
[2022-09-15 01:03:13,570] {processor.py:161} INFO - Processing /opt/airflow/dags/.ipynb_checkpoints/tcc_dag-checkpoint.py took 0.621 seconds
[2022-09-15 01:03:43,723] {processor.py:153} INFO - Started process (PID=97178) to work on /opt/airflow/dags/.ipynb_checkpoints/tcc_dag-checkpoint.py
[2022-09-15 01:03:43,725] {processor.py:641} INFO - Processing file /opt/airflow/dags/.ipynb_checkpoints/tcc_dag-checkpoint.py for tasks to queue
[2022-09-15 01:03:43,726] {logging_mixin.py:115} INFO - [2022-09-15 01:03:43,726] {dagbag.py:507} INFO - Filling up the DagBag from /opt/airflow/dags/.ipynb_checkpoints/tcc_dag-checkpoint.py
[2022-09-15 01:03:44,014] {processor.py:651} INFO - DAG(s) dict_keys(['tcc_dag']) retrieved from /opt/airflow/dags/.ipynb_checkpoints/tcc_dag-checkpoint.py
[2022-09-15 01:03:44,044] {logging_mixin.py:115} INFO - [2022-09-15 01:03:44,043] {dag.py:2371} INFO - Sync 1 DAGs
[2022-09-15 01:03:44,074] {logging_mixin.py:115} INFO - [2022-09-15 01:03:44,074] {dag.py:2919} INFO - Setting next_dagrun for tcc_dag to 2022-09-14T05:03:42.952165+00:00, run_after=2022-09-15T05:03:42.952165+00:00
[2022-09-15 01:03:44,094] {processor.py:161} INFO - Processing /opt/airflow/dags/.ipynb_checkpoints/tcc_dag-checkpoint.py took 0.375 seconds
[2022-09-15 01:04:14,936] {processor.py:153} INFO - Started process (PID=97245) to work on /opt/airflow/dags/.ipynb_checkpoints/tcc_dag-checkpoint.py
[2022-09-15 01:04:14,939] {processor.py:641} INFO - Processing file /opt/airflow/dags/.ipynb_checkpoints/tcc_dag-checkpoint.py for tasks to queue
[2022-09-15 01:04:14,943] {logging_mixin.py:115} INFO - [2022-09-15 01:04:14,943] {dagbag.py:507} INFO - Filling up the DagBag from /opt/airflow/dags/.ipynb_checkpoints/tcc_dag-checkpoint.py
[2022-09-15 01:04:15,225] {processor.py:651} INFO - DAG(s) dict_keys(['tcc_dag']) retrieved from /opt/airflow/dags/.ipynb_checkpoints/tcc_dag-checkpoint.py
[2022-09-15 01:04:15,298] {logging_mixin.py:115} INFO - [2022-09-15 01:04:15,297] {dag.py:2371} INFO - Sync 1 DAGs
[2022-09-15 01:04:15,321] {logging_mixin.py:115} INFO - [2022-09-15 01:04:15,321] {dag.py:2919} INFO - Setting next_dagrun for tcc_dag to 2022-09-14T05:03:42.952165+00:00, run_after=2022-09-15T05:03:42.952165+00:00
[2022-09-15 01:04:15,347] {processor.py:161} INFO - Processing /opt/airflow/dags/.ipynb_checkpoints/tcc_dag-checkpoint.py took 0.417 seconds
[2022-09-15 01:04:46,071] {processor.py:153} INFO - Started process (PID=97312) to work on /opt/airflow/dags/.ipynb_checkpoints/tcc_dag-checkpoint.py
[2022-09-15 01:04:46,073] {processor.py:641} INFO - Processing file /opt/airflow/dags/.ipynb_checkpoints/tcc_dag-checkpoint.py for tasks to queue
[2022-09-15 01:04:46,074] {logging_mixin.py:115} INFO - [2022-09-15 01:04:46,074] {dagbag.py:507} INFO - Filling up the DagBag from /opt/airflow/dags/.ipynb_checkpoints/tcc_dag-checkpoint.py
[2022-09-15 01:04:46,348] {processor.py:651} INFO - DAG(s) dict_keys(['tcc_dag']) retrieved from /opt/airflow/dags/.ipynb_checkpoints/tcc_dag-checkpoint.py
[2022-09-15 01:04:46,380] {logging_mixin.py:115} INFO - [2022-09-15 01:04:46,379] {dag.py:2371} INFO - Sync 1 DAGs
[2022-09-15 01:04:46,403] {logging_mixin.py:115} INFO - [2022-09-15 01:04:46,403] {dag.py:2919} INFO - Setting next_dagrun for tcc_dag to 2022-09-14T05:03:42.952165+00:00, run_after=2022-09-15T05:03:42.952165+00:00
[2022-09-15 01:04:46,417] {processor.py:161} INFO - Processing /opt/airflow/dags/.ipynb_checkpoints/tcc_dag-checkpoint.py took 0.351 seconds
