[2022-09-09 02:40:39,288] {taskinstance.py:1159} INFO - Dependencies all met for <TaskInstance: tcc_dag.snyk-sast-data manual__2022-09-09T02:40:36.074996+00:00 [queued]>
[2022-09-09 02:40:39,316] {taskinstance.py:1159} INFO - Dependencies all met for <TaskInstance: tcc_dag.snyk-sast-data manual__2022-09-09T02:40:36.074996+00:00 [queued]>
[2022-09-09 02:40:39,318] {taskinstance.py:1356} INFO - 
--------------------------------------------------------------------------------
[2022-09-09 02:40:39,322] {taskinstance.py:1357} INFO - Starting attempt 1 of 1
[2022-09-09 02:40:39,324] {taskinstance.py:1358} INFO - 
--------------------------------------------------------------------------------
[2022-09-09 02:40:39,361] {taskinstance.py:1377} INFO - Executing <Task(PythonOperator): snyk-sast-data> on 2022-09-09 02:40:36.074996+00:00
[2022-09-09 02:40:39,377] {standard_task_runner.py:52} INFO - Started process 114 to run task
[2022-09-09 02:40:39,396] {standard_task_runner.py:79} INFO - Running: ['***', 'tasks', 'run', 'tcc_dag', 'snyk-sast-data', 'manual__2022-09-09T02:40:36.074996+00:00', '--job-id', '478', '--raw', '--subdir', 'DAGS_FOLDER/.ipynb_checkpoints/tcc_dag-checkpoint.py', '--cfg-path', '/tmp/tmpu43bu0om', '--error-file', '/tmp/tmpdtgpf57v']
[2022-09-09 02:40:39,399] {standard_task_runner.py:80} INFO - Job 478: Subtask snyk-sast-data
[2022-09-09 02:40:39,672] {task_command.py:369} INFO - Running <TaskInstance: tcc_dag.snyk-sast-data manual__2022-09-09T02:40:36.074996+00:00 [running]> on host b6ddae3e9f9e
[2022-09-09 02:40:39,926] {taskinstance.py:1571} INFO - Exporting the following env vars:
AIRFLOW_CTX_DAG_OWNER=Michelle Mesquita
AIRFLOW_CTX_DAG_ID=tcc_dag
AIRFLOW_CTX_TASK_ID=snyk-sast-data
AIRFLOW_CTX_EXECUTION_DATE=2022-09-09T02:40:36.074996+00:00
AIRFLOW_CTX_TRY_NUMBER=1
AIRFLOW_CTX_DAG_RUN_ID=manual__2022-09-09T02:40:36.074996+00:00
[2022-09-09 02:40:39,931] {logging_mixin.py:115} INFO - project_id: 5e157f37-dace-4d41-91ba-3c3430cc8f5a
[2022-09-09 02:40:44,634] {logging_mixin.py:115} INFO - project_id: c6e8d78c-f60e-4fbb-bf24-c4b854164caa
[2022-09-09 02:40:46,555] {python.py:173} INFO - Done. Returned value was: None
[2022-09-09 02:40:46,585] {taskinstance.py:1400} INFO - Marking task as SUCCESS. dag_id=tcc_dag, task_id=snyk-sast-data, execution_date=20220909T024036, start_date=20220909T024039, end_date=20220909T024046
[2022-09-09 02:40:46,653] {local_task_job.py:156} INFO - Task exited with return code 0
[2022-09-09 02:40:46,741] {local_task_job.py:273} INFO - 1 downstream tasks scheduled from follow-on schedule check
