[2022-09-12 17:59:51,188] {taskinstance.py:1159} INFO - Dependencies all met for <TaskInstance: tcc_dag.github-sca-data manual__2022-09-12T17:59:49.350433+00:00 [queued]>
[2022-09-12 17:59:51,205] {taskinstance.py:1159} INFO - Dependencies all met for <TaskInstance: tcc_dag.github-sca-data manual__2022-09-12T17:59:49.350433+00:00 [queued]>
[2022-09-12 17:59:51,206] {taskinstance.py:1356} INFO - 
--------------------------------------------------------------------------------
[2022-09-12 17:59:51,208] {taskinstance.py:1357} INFO - Starting attempt 1 of 1
[2022-09-12 17:59:51,209] {taskinstance.py:1358} INFO - 
--------------------------------------------------------------------------------
[2022-09-12 17:59:51,262] {taskinstance.py:1377} INFO - Executing <Task(PythonOperator): github-sca-data> on 2022-09-12 17:59:49.350433+00:00
[2022-09-12 17:59:51,301] {standard_task_runner.py:52} INFO - Started process 24429 to run task
[2022-09-12 17:59:51,307] {standard_task_runner.py:79} INFO - Running: ['***', 'tasks', 'run', 'tcc_dag', 'github-sca-data', 'manual__2022-09-12T17:59:49.350433+00:00', '--job-id', '713', '--raw', '--subdir', 'DAGS_FOLDER/.ipynb_checkpoints/tcc_dag-checkpoint.py', '--cfg-path', '/tmp/tmpwwx5zzns', '--error-file', '/tmp/tmp7ax5z__n']
[2022-09-12 17:59:51,326] {standard_task_runner.py:80} INFO - Job 713: Subtask github-sca-data
[2022-09-12 17:59:51,437] {task_command.py:369} INFO - Running <TaskInstance: tcc_dag.github-sca-data manual__2022-09-12T17:59:49.350433+00:00 [running]> on host b6ddae3e9f9e
[2022-09-12 17:59:51,622] {taskinstance.py:1571} INFO - Exporting the following env vars:
AIRFLOW_CTX_DAG_OWNER=Michelle Mesquita
AIRFLOW_CTX_DAG_ID=tcc_dag
AIRFLOW_CTX_TASK_ID=github-sca-data
AIRFLOW_CTX_EXECUTION_DATE=2022-09-12T17:59:49.350433+00:00
AIRFLOW_CTX_TRY_NUMBER=1
AIRFLOW_CTX_DAG_RUN_ID=manual__2022-09-12T17:59:49.350433+00:00
[2022-09-12 17:59:51,631] {logging_mixin.py:115} INFO - repository: michelleamesquita/cypress-ci-report
[2022-09-12 17:59:53,914] {python.py:173} INFO - Done. Returned value was: None
[2022-09-12 17:59:53,934] {taskinstance.py:1400} INFO - Marking task as SUCCESS. dag_id=tcc_dag, task_id=github-sca-data, execution_date=20220912T175949, start_date=20220912T175951, end_date=20220912T175953
[2022-09-12 17:59:53,990] {local_task_job.py:156} INFO - Task exited with return code 0
[2022-09-12 17:59:54,059] {local_task_job.py:273} INFO - 0 downstream tasks scheduled from follow-on schedule check
