[2022-09-12 03:30:27,580] {taskinstance.py:1159} INFO - Dependencies all met for <TaskInstance: tcc_dag.github-sca-data manual__2022-09-12T03:30:24.745003+00:00 [queued]>
[2022-09-12 03:30:27,605] {taskinstance.py:1159} INFO - Dependencies all met for <TaskInstance: tcc_dag.github-sca-data manual__2022-09-12T03:30:24.745003+00:00 [queued]>
[2022-09-12 03:30:27,608] {taskinstance.py:1356} INFO - 
--------------------------------------------------------------------------------
[2022-09-12 03:30:27,609] {taskinstance.py:1357} INFO - Starting attempt 1 of 1
[2022-09-12 03:30:27,610] {taskinstance.py:1358} INFO - 
--------------------------------------------------------------------------------
[2022-09-12 03:30:27,644] {taskinstance.py:1377} INFO - Executing <Task(PythonOperator): github-sca-data> on 2022-09-12 03:30:24.745003+00:00
[2022-09-12 03:30:27,662] {standard_task_runner.py:52} INFO - Started process 19032 to run task
[2022-09-12 03:30:27,672] {standard_task_runner.py:79} INFO - Running: ['***', 'tasks', 'run', 'tcc_dag', 'github-sca-data', 'manual__2022-09-12T03:30:24.745003+00:00', '--job-id', '615', '--raw', '--subdir', 'DAGS_FOLDER/.ipynb_checkpoints/tcc_dag-checkpoint.py', '--cfg-path', '/tmp/tmp6zq_g35e', '--error-file', '/tmp/tmpcmagxl0a']
[2022-09-12 03:30:27,719] {standard_task_runner.py:80} INFO - Job 615: Subtask github-sca-data
[2022-09-12 03:30:27,899] {task_command.py:369} INFO - Running <TaskInstance: tcc_dag.github-sca-data manual__2022-09-12T03:30:24.745003+00:00 [running]> on host b6ddae3e9f9e
[2022-09-12 03:30:28,234] {taskinstance.py:1571} INFO - Exporting the following env vars:
AIRFLOW_CTX_DAG_OWNER=Michelle Mesquita
AIRFLOW_CTX_DAG_ID=tcc_dag
AIRFLOW_CTX_TASK_ID=github-sca-data
AIRFLOW_CTX_EXECUTION_DATE=2022-09-12T03:30:24.745003+00:00
AIRFLOW_CTX_TRY_NUMBER=1
AIRFLOW_CTX_DAG_RUN_ID=manual__2022-09-12T03:30:24.745003+00:00
[2022-09-12 03:30:28,239] {logging_mixin.py:115} INFO - repository: michelleamesquita/cypress-ci-report
[2022-09-12 03:30:30,381] {python.py:173} INFO - Done. Returned value was: None
[2022-09-12 03:30:30,418] {taskinstance.py:1400} INFO - Marking task as SUCCESS. dag_id=tcc_dag, task_id=github-sca-data, execution_date=20220912T033024, start_date=20220912T033027, end_date=20220912T033030
[2022-09-12 03:30:30,478] {local_task_job.py:156} INFO - Task exited with return code 0
[2022-09-12 03:30:30,544] {local_task_job.py:273} INFO - 0 downstream tasks scheduled from follow-on schedule check
