[2022-09-12 17:58:44,942] {taskinstance.py:1159} INFO - Dependencies all met for <TaskInstance: tcc_dag.github-sca-data manual__2022-09-12T17:58:42.253652+00:00 [queued]>
[2022-09-12 17:58:44,978] {taskinstance.py:1159} INFO - Dependencies all met for <TaskInstance: tcc_dag.github-sca-data manual__2022-09-12T17:58:42.253652+00:00 [queued]>
[2022-09-12 17:58:44,979] {taskinstance.py:1356} INFO - 
--------------------------------------------------------------------------------
[2022-09-12 17:58:44,982] {taskinstance.py:1357} INFO - Starting attempt 1 of 1
[2022-09-12 17:58:44,983] {taskinstance.py:1358} INFO - 
--------------------------------------------------------------------------------
[2022-09-12 17:58:45,026] {taskinstance.py:1377} INFO - Executing <Task(PythonOperator): github-sca-data> on 2022-09-12 17:58:42.253652+00:00
[2022-09-12 17:58:45,047] {standard_task_runner.py:52} INFO - Started process 24332 to run task
[2022-09-12 17:58:45,052] {standard_task_runner.py:79} INFO - Running: ['***', 'tasks', 'run', 'tcc_dag', 'github-sca-data', 'manual__2022-09-12T17:58:42.253652+00:00', '--job-id', '706', '--raw', '--subdir', 'DAGS_FOLDER/.ipynb_checkpoints/tcc_dag-checkpoint.py', '--cfg-path', '/tmp/tmpcmmr63ch', '--error-file', '/tmp/tmpwy4uutkg']
[2022-09-12 17:58:45,057] {standard_task_runner.py:80} INFO - Job 706: Subtask github-sca-data
[2022-09-12 17:58:45,167] {task_command.py:369} INFO - Running <TaskInstance: tcc_dag.github-sca-data manual__2022-09-12T17:58:42.253652+00:00 [running]> on host b6ddae3e9f9e
[2022-09-12 17:58:45,343] {taskinstance.py:1571} INFO - Exporting the following env vars:
AIRFLOW_CTX_DAG_OWNER=Michelle Mesquita
AIRFLOW_CTX_DAG_ID=tcc_dag
AIRFLOW_CTX_TASK_ID=github-sca-data
AIRFLOW_CTX_EXECUTION_DATE=2022-09-12T17:58:42.253652+00:00
AIRFLOW_CTX_TRY_NUMBER=1
AIRFLOW_CTX_DAG_RUN_ID=manual__2022-09-12T17:58:42.253652+00:00
[2022-09-12 17:58:45,348] {logging_mixin.py:115} INFO - repository: michelleamesquita/cypress-ci-report
[2022-09-12 17:58:47,788] {python.py:173} INFO - Done. Returned value was: None
[2022-09-12 17:58:47,832] {taskinstance.py:1400} INFO - Marking task as SUCCESS. dag_id=tcc_dag, task_id=github-sca-data, execution_date=20220912T175842, start_date=20220912T175844, end_date=20220912T175847
[2022-09-12 17:58:47,910] {local_task_job.py:156} INFO - Task exited with return code 0
[2022-09-12 17:58:48,006] {local_task_job.py:273} INFO - 0 downstream tasks scheduled from follow-on schedule check
