[2022-09-11 04:36:22,094] {taskinstance.py:1159} INFO - Dependencies all met for <TaskInstance: tcc_dag.github-sca-data scheduled__2022-09-10T04:36:17.881892+00:00 [queued]>
[2022-09-11 04:36:22,113] {taskinstance.py:1159} INFO - Dependencies all met for <TaskInstance: tcc_dag.github-sca-data scheduled__2022-09-10T04:36:17.881892+00:00 [queued]>
[2022-09-11 04:36:22,115] {taskinstance.py:1356} INFO - 
--------------------------------------------------------------------------------
[2022-09-11 04:36:22,116] {taskinstance.py:1357} INFO - Starting attempt 1 of 1
[2022-09-11 04:36:22,117] {taskinstance.py:1358} INFO - 
--------------------------------------------------------------------------------
[2022-09-11 04:36:22,151] {taskinstance.py:1377} INFO - Executing <Task(PythonOperator): github-sca-data> on 2022-09-10 04:36:17.881892+00:00
[2022-09-11 04:36:22,160] {standard_task_runner.py:52} INFO - Started process 6255 to run task
[2022-09-11 04:36:22,176] {standard_task_runner.py:79} INFO - Running: ['***', 'tasks', 'run', 'tcc_dag', 'github-sca-data', 'scheduled__2022-09-10T04:36:17.881892+00:00', '--job-id', '481', '--raw', '--subdir', 'DAGS_FOLDER/tcc_dag.py', '--cfg-path', '/tmp/tmpj4an9w5c', '--error-file', '/tmp/tmpwbi37z9y']
[2022-09-11 04:36:22,181] {standard_task_runner.py:80} INFO - Job 481: Subtask github-sca-data
[2022-09-11 04:36:22,341] {task_command.py:369} INFO - Running <TaskInstance: tcc_dag.github-sca-data scheduled__2022-09-10T04:36:17.881892+00:00 [running]> on host b6ddae3e9f9e
[2022-09-11 04:36:22,648] {taskinstance.py:1571} INFO - Exporting the following env vars:
AIRFLOW_CTX_DAG_OWNER=Michelle Mesquita
AIRFLOW_CTX_DAG_ID=tcc_dag
AIRFLOW_CTX_TASK_ID=github-sca-data
AIRFLOW_CTX_EXECUTION_DATE=2022-09-10T04:36:17.881892+00:00
AIRFLOW_CTX_TRY_NUMBER=1
AIRFLOW_CTX_DAG_RUN_ID=scheduled__2022-09-10T04:36:17.881892+00:00
[2022-09-11 04:36:22,653] {logging_mixin.py:115} INFO - repository: michelleamesquita/cypress-ci-report
[2022-09-11 04:36:25,051] {python.py:173} INFO - Done. Returned value was: None
[2022-09-11 04:36:25,067] {taskinstance.py:1400} INFO - Marking task as SUCCESS. dag_id=tcc_dag, task_id=github-sca-data, execution_date=20220910T043617, start_date=20220911T043622, end_date=20220911T043625
[2022-09-11 04:36:25,123] {local_task_job.py:156} INFO - Task exited with return code 0
[2022-09-11 04:36:25,176] {local_task_job.py:273} INFO - 0 downstream tasks scheduled from follow-on schedule check
