[2022-09-12 23:19:28,213] {taskinstance.py:1159} INFO - Dependencies all met for <TaskInstance: tcc_dag.github-sca-data manual__2022-09-12T23:19:26.905711+00:00 [queued]>
[2022-09-12 23:19:28,226] {taskinstance.py:1159} INFO - Dependencies all met for <TaskInstance: tcc_dag.github-sca-data manual__2022-09-12T23:19:26.905711+00:00 [queued]>
[2022-09-12 23:19:28,227] {taskinstance.py:1356} INFO - 
--------------------------------------------------------------------------------
[2022-09-12 23:19:28,228] {taskinstance.py:1357} INFO - Starting attempt 1 of 1
[2022-09-12 23:19:28,229] {taskinstance.py:1358} INFO - 
--------------------------------------------------------------------------------
[2022-09-12 23:19:28,261] {taskinstance.py:1377} INFO - Executing <Task(PythonOperator): github-sca-data> on 2022-09-12 23:19:26.905711+00:00
[2022-09-12 23:19:28,280] {standard_task_runner.py:52} INFO - Started process 25542 to run task
[2022-09-12 23:19:28,289] {standard_task_runner.py:79} INFO - Running: ['***', 'tasks', 'run', 'tcc_dag', 'github-sca-data', 'manual__2022-09-12T23:19:26.905711+00:00', '--job-id', '726', '--raw', '--subdir', 'DAGS_FOLDER/.ipynb_checkpoints/tcc_dag-checkpoint.py', '--cfg-path', '/tmp/tmp4s46coqg', '--error-file', '/tmp/tmp2ea8due0']
[2022-09-12 23:19:28,291] {standard_task_runner.py:80} INFO - Job 726: Subtask github-sca-data
[2022-09-12 23:19:28,414] {task_command.py:369} INFO - Running <TaskInstance: tcc_dag.github-sca-data manual__2022-09-12T23:19:26.905711+00:00 [running]> on host b6ddae3e9f9e
[2022-09-12 23:19:28,565] {taskinstance.py:1571} INFO - Exporting the following env vars:
AIRFLOW_CTX_DAG_OWNER=Michelle Mesquita
AIRFLOW_CTX_DAG_ID=tcc_dag
AIRFLOW_CTX_TASK_ID=github-sca-data
AIRFLOW_CTX_EXECUTION_DATE=2022-09-12T23:19:26.905711+00:00
AIRFLOW_CTX_TRY_NUMBER=1
AIRFLOW_CTX_DAG_RUN_ID=manual__2022-09-12T23:19:26.905711+00:00
[2022-09-12 23:19:28,571] {logging_mixin.py:115} INFO - repository: michelleamesquita/cypress-ci-report
[2022-09-12 23:19:30,967] {python.py:173} INFO - Done. Returned value was: None
[2022-09-12 23:19:30,985] {taskinstance.py:1400} INFO - Marking task as SUCCESS. dag_id=tcc_dag, task_id=github-sca-data, execution_date=20220912T231926, start_date=20220912T231928, end_date=20220912T231930
[2022-09-12 23:19:31,040] {local_task_job.py:156} INFO - Task exited with return code 0
[2022-09-12 23:19:31,089] {local_task_job.py:273} INFO - 0 downstream tasks scheduled from follow-on schedule check
