[2022-09-11 06:48:11,141] {taskinstance.py:1159} INFO - Dependencies all met for <TaskInstance: tcc_dag.gitlab-dast-data manual__2022-09-11T06:48:09.368936+00:00 [queued]>
[2022-09-11 06:48:11,155] {taskinstance.py:1159} INFO - Dependencies all met for <TaskInstance: tcc_dag.gitlab-dast-data manual__2022-09-11T06:48:09.368936+00:00 [queued]>
[2022-09-11 06:48:11,157] {taskinstance.py:1356} INFO - 
--------------------------------------------------------------------------------
[2022-09-11 06:48:11,160] {taskinstance.py:1357} INFO - Starting attempt 1 of 1
[2022-09-11 06:48:11,162] {taskinstance.py:1358} INFO - 
--------------------------------------------------------------------------------
[2022-09-11 06:48:11,186] {taskinstance.py:1377} INFO - Executing <Task(PythonOperator): gitlab-dast-data> on 2022-09-11 06:48:09.368936+00:00
[2022-09-11 06:48:11,197] {standard_task_runner.py:52} INFO - Started process 13052 to run task
[2022-09-11 06:48:11,205] {standard_task_runner.py:79} INFO - Running: ['***', 'tasks', 'run', 'tcc_dag', 'gitlab-dast-data', 'manual__2022-09-11T06:48:09.368936+00:00', '--job-id', '488', '--raw', '--subdir', 'DAGS_FOLDER/tcc_dag.py', '--cfg-path', '/tmp/tmp9qyvgsbb', '--error-file', '/tmp/tmpohkuuhry']
[2022-09-11 06:48:11,208] {standard_task_runner.py:80} INFO - Job 488: Subtask gitlab-dast-data
[2022-09-11 06:48:11,318] {task_command.py:369} INFO - Running <TaskInstance: tcc_dag.gitlab-dast-data manual__2022-09-11T06:48:09.368936+00:00 [running]> on host b6ddae3e9f9e
[2022-09-11 06:48:11,452] {taskinstance.py:1571} INFO - Exporting the following env vars:
AIRFLOW_CTX_DAG_OWNER=Michelle Mesquita
AIRFLOW_CTX_DAG_ID=tcc_dag
AIRFLOW_CTX_TASK_ID=gitlab-dast-data
AIRFLOW_CTX_EXECUTION_DATE=2022-09-11T06:48:09.368936+00:00
AIRFLOW_CTX_TRY_NUMBER=1
AIRFLOW_CTX_DAG_RUN_ID=manual__2022-09-11T06:48:09.368936+00:00
[2022-09-11 06:48:11,462] {logging_mixin.py:115} INFO - project_id: 28815326
[2022-09-11 06:48:15,316] {python.py:173} INFO - Done. Returned value was: None
[2022-09-11 06:48:15,344] {taskinstance.py:1400} INFO - Marking task as SUCCESS. dag_id=tcc_dag, task_id=gitlab-dast-data, execution_date=20220911T064809, start_date=20220911T064811, end_date=20220911T064815
[2022-09-11 06:48:15,394] {local_task_job.py:156} INFO - Task exited with return code 0
[2022-09-11 06:48:15,468] {local_task_job.py:273} INFO - 0 downstream tasks scheduled from follow-on schedule check
