[2022-09-11 21:34:46,791] {taskinstance.py:1159} INFO - Dependencies all met for <TaskInstance: tcc_dag.github-sca-data manual__2022-09-11T21:34:44.557181+00:00 [queued]>
[2022-09-11 21:34:46,821] {taskinstance.py:1159} INFO - Dependencies all met for <TaskInstance: tcc_dag.github-sca-data manual__2022-09-11T21:34:44.557181+00:00 [queued]>
[2022-09-11 21:34:46,823] {taskinstance.py:1356} INFO - 
--------------------------------------------------------------------------------
[2022-09-11 21:34:46,824] {taskinstance.py:1357} INFO - Starting attempt 1 of 1
[2022-09-11 21:34:46,825] {taskinstance.py:1358} INFO - 
--------------------------------------------------------------------------------
[2022-09-11 21:34:46,880] {taskinstance.py:1377} INFO - Executing <Task(PythonOperator): github-sca-data> on 2022-09-11 21:34:44.557181+00:00
[2022-09-11 21:34:46,898] {standard_task_runner.py:52} INFO - Started process 3235 to run task
[2022-09-11 21:34:46,909] {standard_task_runner.py:79} INFO - Running: ['***', 'tasks', 'run', 'tcc_dag', 'github-sca-data', 'manual__2022-09-11T21:34:44.557181+00:00', '--job-id', '556', '--raw', '--subdir', 'DAGS_FOLDER/tcc_dag.py', '--cfg-path', '/tmp/tmpcda_3e3h', '--error-file', '/tmp/tmpwjsj7dmj']
[2022-09-11 21:34:46,920] {standard_task_runner.py:80} INFO - Job 556: Subtask github-sca-data
[2022-09-11 21:34:47,115] {task_command.py:369} INFO - Running <TaskInstance: tcc_dag.github-sca-data manual__2022-09-11T21:34:44.557181+00:00 [running]> on host b6ddae3e9f9e
[2022-09-11 21:34:47,290] {taskinstance.py:1571} INFO - Exporting the following env vars:
AIRFLOW_CTX_DAG_OWNER=Michelle Mesquita
AIRFLOW_CTX_DAG_ID=tcc_dag
AIRFLOW_CTX_TASK_ID=github-sca-data
AIRFLOW_CTX_EXECUTION_DATE=2022-09-11T21:34:44.557181+00:00
AIRFLOW_CTX_TRY_NUMBER=1
AIRFLOW_CTX_DAG_RUN_ID=manual__2022-09-11T21:34:44.557181+00:00
[2022-09-11 21:34:47,295] {logging_mixin.py:115} INFO - repository: michelleamesquita/cypress-ci-report
[2022-09-11 21:34:50,356] {python.py:173} INFO - Done. Returned value was: None
[2022-09-11 21:34:50,372] {taskinstance.py:1400} INFO - Marking task as SUCCESS. dag_id=tcc_dag, task_id=github-sca-data, execution_date=20220911T213444, start_date=20220911T213446, end_date=20220911T213450
[2022-09-11 21:34:50,406] {local_task_job.py:156} INFO - Task exited with return code 0
[2022-09-11 21:34:50,457] {local_task_job.py:273} INFO - 0 downstream tasks scheduled from follow-on schedule check
