[2022-09-12 03:36:21,774] {taskinstance.py:1159} INFO - Dependencies all met for <TaskInstance: tcc_dag.gitlab-dast-data manual__2022-09-12T03:36:20.177831+00:00 [queued]>
[2022-09-12 03:36:21,803] {taskinstance.py:1159} INFO - Dependencies all met for <TaskInstance: tcc_dag.gitlab-dast-data manual__2022-09-12T03:36:20.177831+00:00 [queued]>
[2022-09-12 03:36:21,807] {taskinstance.py:1356} INFO - 
--------------------------------------------------------------------------------
[2022-09-12 03:36:21,813] {taskinstance.py:1357} INFO - Starting attempt 1 of 1
[2022-09-12 03:36:21,814] {taskinstance.py:1358} INFO - 
--------------------------------------------------------------------------------
[2022-09-12 03:36:21,857] {taskinstance.py:1377} INFO - Executing <Task(PythonOperator): gitlab-dast-data> on 2022-09-12 03:36:20.177831+00:00
[2022-09-12 03:36:21,880] {standard_task_runner.py:52} INFO - Started process 19423 to run task
[2022-09-12 03:36:21,915] {standard_task_runner.py:79} INFO - Running: ['***', 'tasks', 'run', 'tcc_dag', 'gitlab-dast-data', 'manual__2022-09-12T03:36:20.177831+00:00', '--job-id', '624', '--raw', '--subdir', 'DAGS_FOLDER/tcc_dag.py', '--cfg-path', '/tmp/tmpxwi85njt', '--error-file', '/tmp/tmpnms0zon3']
[2022-09-12 03:36:21,946] {standard_task_runner.py:80} INFO - Job 624: Subtask gitlab-dast-data
[2022-09-12 03:36:22,182] {task_command.py:369} INFO - Running <TaskInstance: tcc_dag.gitlab-dast-data manual__2022-09-12T03:36:20.177831+00:00 [running]> on host b6ddae3e9f9e
[2022-09-12 03:36:22,457] {taskinstance.py:1571} INFO - Exporting the following env vars:
AIRFLOW_CTX_DAG_OWNER=Michelle Mesquita
AIRFLOW_CTX_DAG_ID=tcc_dag
AIRFLOW_CTX_TASK_ID=gitlab-dast-data
AIRFLOW_CTX_EXECUTION_DATE=2022-09-12T03:36:20.177831+00:00
AIRFLOW_CTX_TRY_NUMBER=1
AIRFLOW_CTX_DAG_RUN_ID=manual__2022-09-12T03:36:20.177831+00:00
[2022-09-12 03:36:22,464] {logging_mixin.py:115} INFO - project_id: 28815326
[2022-09-12 03:36:26,341] {python.py:173} INFO - Done. Returned value was: None
[2022-09-12 03:36:26,361] {taskinstance.py:1400} INFO - Marking task as SUCCESS. dag_id=tcc_dag, task_id=gitlab-dast-data, execution_date=20220912T033620, start_date=20220912T033621, end_date=20220912T033626
[2022-09-12 03:36:26,411] {local_task_job.py:156} INFO - Task exited with return code 0
[2022-09-12 03:36:26,461] {local_task_job.py:273} INFO - 1 downstream tasks scheduled from follow-on schedule check
