[2022-09-12 00:48:23,234] {taskinstance.py:1159} INFO - Dependencies all met for <TaskInstance: tcc_dag.github-sca-data manual__2022-09-12T00:48:19.719241+00:00 [queued]>
[2022-09-12 00:48:23,337] {taskinstance.py:1159} INFO - Dependencies all met for <TaskInstance: tcc_dag.github-sca-data manual__2022-09-12T00:48:19.719241+00:00 [queued]>
[2022-09-12 00:48:23,339] {taskinstance.py:1356} INFO - 
--------------------------------------------------------------------------------
[2022-09-12 00:48:23,344] {taskinstance.py:1357} INFO - Starting attempt 1 of 1
[2022-09-12 00:48:23,347] {taskinstance.py:1358} INFO - 
--------------------------------------------------------------------------------
[2022-09-12 00:48:23,393] {taskinstance.py:1377} INFO - Executing <Task(PythonOperator): github-sca-data> on 2022-09-12 00:48:19.719241+00:00
[2022-09-12 00:48:23,427] {standard_task_runner.py:52} INFO - Started process 10530 to run task
[2022-09-12 00:48:23,437] {standard_task_runner.py:79} INFO - Running: ['***', 'tasks', 'run', 'tcc_dag', 'github-sca-data', 'manual__2022-09-12T00:48:19.719241+00:00', '--job-id', '585', '--raw', '--subdir', 'DAGS_FOLDER/tcc_dag.py', '--cfg-path', '/tmp/tmp53t7vdx8', '--error-file', '/tmp/tmppo92jg1u']
[2022-09-12 00:48:23,452] {standard_task_runner.py:80} INFO - Job 585: Subtask github-sca-data
[2022-09-12 00:48:23,651] {task_command.py:369} INFO - Running <TaskInstance: tcc_dag.github-sca-data manual__2022-09-12T00:48:19.719241+00:00 [running]> on host b6ddae3e9f9e
[2022-09-12 00:48:23,825] {taskinstance.py:1571} INFO - Exporting the following env vars:
AIRFLOW_CTX_DAG_OWNER=Michelle Mesquita
AIRFLOW_CTX_DAG_ID=tcc_dag
AIRFLOW_CTX_TASK_ID=github-sca-data
AIRFLOW_CTX_EXECUTION_DATE=2022-09-12T00:48:19.719241+00:00
AIRFLOW_CTX_TRY_NUMBER=1
AIRFLOW_CTX_DAG_RUN_ID=manual__2022-09-12T00:48:19.719241+00:00
[2022-09-12 00:48:23,833] {logging_mixin.py:115} INFO - repository: michelleamesquita/cypress-ci-report
[2022-09-12 00:48:26,200] {python.py:173} INFO - Done. Returned value was: None
[2022-09-12 00:48:26,221] {taskinstance.py:1400} INFO - Marking task as SUCCESS. dag_id=tcc_dag, task_id=github-sca-data, execution_date=20220912T004819, start_date=20220912T004823, end_date=20220912T004826
[2022-09-12 00:48:26,283] {local_task_job.py:156} INFO - Task exited with return code 0
[2022-09-12 00:48:26,331] {local_task_job.py:273} INFO - 0 downstream tasks scheduled from follow-on schedule check
