[2022-09-13 00:04:17,027] {taskinstance.py:1159} INFO - Dependencies all met for <TaskInstance: tcc_dag.github-sca-data manual__2022-09-13T00:04:15.487587+00:00 [queued]>
[2022-09-13 00:04:17,064] {taskinstance.py:1159} INFO - Dependencies all met for <TaskInstance: tcc_dag.github-sca-data manual__2022-09-13T00:04:15.487587+00:00 [queued]>
[2022-09-13 00:04:17,065] {taskinstance.py:1356} INFO - 
--------------------------------------------------------------------------------
[2022-09-13 00:04:17,070] {taskinstance.py:1357} INFO - Starting attempt 1 of 1
[2022-09-13 00:04:17,074] {taskinstance.py:1358} INFO - 
--------------------------------------------------------------------------------
[2022-09-13 00:04:17,116] {taskinstance.py:1377} INFO - Executing <Task(PythonOperator): github-sca-data> on 2022-09-13 00:04:15.487587+00:00
[2022-09-13 00:04:17,133] {standard_task_runner.py:52} INFO - Started process 27932 to run task
[2022-09-13 00:04:17,139] {standard_task_runner.py:79} INFO - Running: ['***', 'tasks', 'run', 'tcc_dag', 'github-sca-data', 'manual__2022-09-13T00:04:15.487587+00:00', '--job-id', '738', '--raw', '--subdir', 'DAGS_FOLDER/tcc_dag.py', '--cfg-path', '/tmp/tmpy_4qtsp0', '--error-file', '/tmp/tmpnzlgxfnv']
[2022-09-13 00:04:17,140] {standard_task_runner.py:80} INFO - Job 738: Subtask github-sca-data
[2022-09-13 00:04:17,280] {task_command.py:369} INFO - Running <TaskInstance: tcc_dag.github-sca-data manual__2022-09-13T00:04:15.487587+00:00 [running]> on host b6ddae3e9f9e
[2022-09-13 00:04:17,484] {taskinstance.py:1571} INFO - Exporting the following env vars:
AIRFLOW_CTX_DAG_OWNER=Michelle Mesquita
AIRFLOW_CTX_DAG_ID=tcc_dag
AIRFLOW_CTX_TASK_ID=github-sca-data
AIRFLOW_CTX_EXECUTION_DATE=2022-09-13T00:04:15.487587+00:00
AIRFLOW_CTX_TRY_NUMBER=1
AIRFLOW_CTX_DAG_RUN_ID=manual__2022-09-13T00:04:15.487587+00:00
[2022-09-13 00:04:17,495] {logging_mixin.py:115} INFO - repository: michelleamesquita/cypress-ci-report
[2022-09-13 00:04:20,999] {python.py:173} INFO - Done. Returned value was: None
[2022-09-13 00:04:21,026] {taskinstance.py:1400} INFO - Marking task as SUCCESS. dag_id=tcc_dag, task_id=github-sca-data, execution_date=20220913T000415, start_date=20220913T000417, end_date=20220913T000421
[2022-09-13 00:04:21,097] {local_task_job.py:156} INFO - Task exited with return code 0
[2022-09-13 00:04:21,180] {local_task_job.py:273} INFO - 0 downstream tasks scheduled from follow-on schedule check
