[2022-09-13 00:11:57,179] {taskinstance.py:1159} INFO - Dependencies all met for <TaskInstance: tcc_dag.add-db-data manual__2022-09-13T00:11:47.731253+00:00 [queued]>
[2022-09-13 00:11:57,190] {taskinstance.py:1159} INFO - Dependencies all met for <TaskInstance: tcc_dag.add-db-data manual__2022-09-13T00:11:47.731253+00:00 [queued]>
[2022-09-13 00:11:57,191] {taskinstance.py:1356} INFO - 
--------------------------------------------------------------------------------
[2022-09-13 00:11:57,192] {taskinstance.py:1357} INFO - Starting attempt 1 of 1
[2022-09-13 00:11:57,193] {taskinstance.py:1358} INFO - 
--------------------------------------------------------------------------------
[2022-09-13 00:11:57,206] {taskinstance.py:1377} INFO - Executing <Task(PythonOperator): add-db-data> on 2022-09-13 00:11:47.731253+00:00
[2022-09-13 00:11:57,213] {standard_task_runner.py:52} INFO - Started process 28552 to run task
[2022-09-13 00:11:57,217] {standard_task_runner.py:79} INFO - Running: ['***', 'tasks', 'run', 'tcc_dag', 'add-db-data', 'manual__2022-09-13T00:11:47.731253+00:00', '--job-id', '763', '--raw', '--subdir', 'DAGS_FOLDER/.ipynb_checkpoints/tcc_dag-checkpoint.py', '--cfg-path', '/tmp/tmpbyl2olpq', '--error-file', '/tmp/tmpa2mh5kun']
[2022-09-13 00:11:57,219] {standard_task_runner.py:80} INFO - Job 763: Subtask add-db-data
[2022-09-13 00:11:57,296] {task_command.py:369} INFO - Running <TaskInstance: tcc_dag.add-db-data manual__2022-09-13T00:11:47.731253+00:00 [running]> on host b6ddae3e9f9e
[2022-09-13 00:11:57,379] {taskinstance.py:1571} INFO - Exporting the following env vars:
AIRFLOW_CTX_DAG_OWNER=Michelle Mesquita
AIRFLOW_CTX_DAG_ID=tcc_dag
AIRFLOW_CTX_TASK_ID=add-db-data
AIRFLOW_CTX_EXECUTION_DATE=2022-09-13T00:11:47.731253+00:00
AIRFLOW_CTX_TRY_NUMBER=1
AIRFLOW_CTX_DAG_RUN_ID=manual__2022-09-13T00:11:47.731253+00:00
[2022-09-13 00:11:57,396] {logging_mixin.py:115} INFO - Connecting to the MySQL database...
[2022-09-13 00:11:57,430] {logging_mixin.py:115} INFO - Database connection closed.
[2022-09-13 00:11:57,442] {logging_mixin.py:115} INFO - Connecting to the MySQL database...
[2022-09-13 00:11:57,469] {logging_mixin.py:115} INFO - Database connection closed.
[2022-09-13 00:11:57,487] {python.py:173} INFO - Done. Returned value was: None
[2022-09-13 00:11:57,502] {taskinstance.py:1400} INFO - Marking task as SUCCESS. dag_id=tcc_dag, task_id=add-db-data, execution_date=20220913T001147, start_date=20220913T001157, end_date=20220913T001157
[2022-09-13 00:11:57,553] {local_task_job.py:156} INFO - Task exited with return code 0
[2022-09-13 00:11:57,595] {local_task_job.py:273} INFO - 1 downstream tasks scheduled from follow-on schedule check
