[2022-09-12 17:42:21,175] {taskinstance.py:1159} INFO - Dependencies all met for <TaskInstance: tcc_dag.github-sca-data manual__2022-09-12T17:42:18.496476+00:00 [queued]>
[2022-09-12 17:42:21,191] {taskinstance.py:1159} INFO - Dependencies all met for <TaskInstance: tcc_dag.github-sca-data manual__2022-09-12T17:42:18.496476+00:00 [queued]>
[2022-09-12 17:42:21,192] {taskinstance.py:1356} INFO - 
--------------------------------------------------------------------------------
[2022-09-12 17:42:21,193] {taskinstance.py:1357} INFO - Starting attempt 1 of 1
[2022-09-12 17:42:21,194] {taskinstance.py:1358} INFO - 
--------------------------------------------------------------------------------
[2022-09-12 17:42:21,217] {taskinstance.py:1377} INFO - Executing <Task(PythonOperator): github-sca-data> on 2022-09-12 17:42:18.496476+00:00
[2022-09-12 17:42:21,229] {standard_task_runner.py:52} INFO - Started process 23442 to run task
[2022-09-12 17:42:21,234] {standard_task_runner.py:79} INFO - Running: ['***', 'tasks', 'run', 'tcc_dag', 'github-sca-data', 'manual__2022-09-12T17:42:18.496476+00:00', '--job-id', '702', '--raw', '--subdir', 'DAGS_FOLDER/tcc_dag.py', '--cfg-path', '/tmp/tmpifvd26m3', '--error-file', '/tmp/tmpf_atki1m']
[2022-09-12 17:42:21,238] {standard_task_runner.py:80} INFO - Job 702: Subtask github-sca-data
[2022-09-12 17:42:21,335] {task_command.py:369} INFO - Running <TaskInstance: tcc_dag.github-sca-data manual__2022-09-12T17:42:18.496476+00:00 [running]> on host b6ddae3e9f9e
[2022-09-12 17:42:21,449] {taskinstance.py:1571} INFO - Exporting the following env vars:
AIRFLOW_CTX_DAG_OWNER=Michelle Mesquita
AIRFLOW_CTX_DAG_ID=tcc_dag
AIRFLOW_CTX_TASK_ID=github-sca-data
AIRFLOW_CTX_EXECUTION_DATE=2022-09-12T17:42:18.496476+00:00
AIRFLOW_CTX_TRY_NUMBER=1
AIRFLOW_CTX_DAG_RUN_ID=manual__2022-09-12T17:42:18.496476+00:00
[2022-09-12 17:42:21,453] {logging_mixin.py:115} INFO - repository: michelleamesquita/cypress-ci-report
[2022-09-12 17:42:23,613] {python.py:173} INFO - Done. Returned value was: None
[2022-09-12 17:42:23,634] {taskinstance.py:1400} INFO - Marking task as SUCCESS. dag_id=tcc_dag, task_id=github-sca-data, execution_date=20220912T174218, start_date=20220912T174221, end_date=20220912T174223
[2022-09-12 17:42:23,679] {local_task_job.py:156} INFO - Task exited with return code 0
[2022-09-12 17:42:23,742] {local_task_job.py:273} INFO - 0 downstream tasks scheduled from follow-on schedule check
