[2022-09-09 01:37:17,740] {taskinstance.py:1159} INFO - Dependencies all met for <TaskInstance: tcc_dag.snyk-sast-data manual__2022-09-09T01:37:15.879547+00:00 [queued]>
[2022-09-09 01:37:17,757] {taskinstance.py:1159} INFO - Dependencies all met for <TaskInstance: tcc_dag.snyk-sast-data manual__2022-09-09T01:37:15.879547+00:00 [queued]>
[2022-09-09 01:37:17,758] {taskinstance.py:1356} INFO - 
--------------------------------------------------------------------------------
[2022-09-09 01:37:17,759] {taskinstance.py:1357} INFO - Starting attempt 1 of 1
[2022-09-09 01:37:17,761] {taskinstance.py:1358} INFO - 
--------------------------------------------------------------------------------
[2022-09-09 01:37:17,781] {taskinstance.py:1377} INFO - Executing <Task(PythonOperator): snyk-sast-data> on 2022-09-09 01:37:15.879547+00:00
[2022-09-09 01:37:17,790] {standard_task_runner.py:52} INFO - Started process 85 to run task
[2022-09-09 01:37:17,796] {standard_task_runner.py:79} INFO - Running: ['***', 'tasks', 'run', 'tcc_dag', 'snyk-sast-data', 'manual__2022-09-09T01:37:15.879547+00:00', '--job-id', '406', '--raw', '--subdir', 'DAGS_FOLDER/.ipynb_checkpoints/tcc_dag-checkpoint.py', '--cfg-path', '/tmp/tmp3r6hcu0n', '--error-file', '/tmp/tmpamzv6oh4']
[2022-09-09 01:37:17,799] {standard_task_runner.py:80} INFO - Job 406: Subtask snyk-sast-data
[2022-09-09 01:37:17,950] {task_command.py:369} INFO - Running <TaskInstance: tcc_dag.snyk-sast-data manual__2022-09-09T01:37:15.879547+00:00 [running]> on host b6ddae3e9f9e
[2022-09-09 01:37:18,096] {taskinstance.py:1571} INFO - Exporting the following env vars:
AIRFLOW_CTX_DAG_OWNER=Michelle Mesquita
AIRFLOW_CTX_DAG_ID=tcc_dag
AIRFLOW_CTX_TASK_ID=snyk-sast-data
AIRFLOW_CTX_EXECUTION_DATE=2022-09-09T01:37:15.879547+00:00
AIRFLOW_CTX_TRY_NUMBER=1
AIRFLOW_CTX_DAG_RUN_ID=manual__2022-09-09T01:37:15.879547+00:00
[2022-09-09 01:37:18,102] {logging_mixin.py:115} INFO - project_id: 5e157f37-dace-4d41-91ba-3c3430cc8f5a
[2022-09-09 01:37:19,539] {logging_mixin.py:115} INFO - finished
[2022-09-09 01:37:19,541] {logging_mixin.py:115} INFO - project_id: c6e8d78c-f60e-4fbb-bf24-c4b854164caa
[2022-09-09 01:37:20,729] {logging_mixin.py:115} INFO - finished
[2022-09-09 01:37:20,731] {python.py:173} INFO - Done. Returned value was: None
[2022-09-09 01:37:20,748] {taskinstance.py:1400} INFO - Marking task as SUCCESS. dag_id=tcc_dag, task_id=snyk-sast-data, execution_date=20220909T013715, start_date=20220909T013717, end_date=20220909T013720
[2022-09-09 01:37:20,802] {local_task_job.py:156} INFO - Task exited with return code 0
[2022-09-09 01:37:20,847] {local_task_job.py:273} INFO - 1 downstream tasks scheduled from follow-on schedule check
