[2022-09-13 05:09:01,741] {taskinstance.py:1159} INFO - Dependencies all met for <TaskInstance: tcc_dag.gitlab-dast-data scheduled__2022-09-12T05:03:42.952165+00:00 [queued]>
[2022-09-13 05:09:01,801] {taskinstance.py:1159} INFO - Dependencies all met for <TaskInstance: tcc_dag.gitlab-dast-data scheduled__2022-09-12T05:03:42.952165+00:00 [queued]>
[2022-09-13 05:09:01,802] {taskinstance.py:1356} INFO - 
--------------------------------------------------------------------------------
[2022-09-13 05:09:01,803] {taskinstance.py:1357} INFO - Starting attempt 1 of 1
[2022-09-13 05:09:01,804] {taskinstance.py:1358} INFO - 
--------------------------------------------------------------------------------
[2022-09-13 05:09:10,681] {taskinstance.py:1377} INFO - Executing <Task(PythonOperator): gitlab-dast-data> on 2022-09-12 05:03:42.952165+00:00
[2022-09-13 05:09:11,270] {standard_task_runner.py:52} INFO - Started process 35172 to run task
[2022-09-13 05:09:11,646] {standard_task_runner.py:79} INFO - Running: ['***', 'tasks', 'run', 'tcc_dag', 'gitlab-dast-data', 'scheduled__2022-09-12T05:03:42.952165+00:00', '--job-id', '821', '--raw', '--subdir', 'DAGS_FOLDER/tcc_dag.py', '--cfg-path', '/tmp/tmpnumoqw2n', '--error-file', '/tmp/tmp21za04l2']
[2022-09-13 05:09:11,684] {standard_task_runner.py:80} INFO - Job 821: Subtask gitlab-dast-data
[2022-09-13 05:09:12,390] {task_command.py:369} INFO - Running <TaskInstance: tcc_dag.gitlab-dast-data scheduled__2022-09-12T05:03:42.952165+00:00 [running]> on host b6ddae3e9f9e
[2022-09-13 05:09:12,983] {taskinstance.py:1571} INFO - Exporting the following env vars:
AIRFLOW_CTX_DAG_OWNER=Michelle Mesquita
AIRFLOW_CTX_DAG_ID=tcc_dag
AIRFLOW_CTX_TASK_ID=gitlab-dast-data
AIRFLOW_CTX_EXECUTION_DATE=2022-09-12T05:03:42.952165+00:00
AIRFLOW_CTX_TRY_NUMBER=1
AIRFLOW_CTX_DAG_RUN_ID=scheduled__2022-09-12T05:03:42.952165+00:00
[2022-09-13 05:09:13,004] {logging_mixin.py:115} INFO - project_id: 28815326
[2022-09-13 06:57:13,315] {python.py:173} INFO - Done. Returned value was: None
[2022-09-13 06:57:13,835] {taskinstance.py:1400} INFO - Marking task as SUCCESS. dag_id=tcc_dag, task_id=gitlab-dast-data, execution_date=20220912T050342, start_date=20220913T050901, end_date=20220913T065713
[2022-09-13 06:57:14,477] {local_task_job.py:156} INFO - Task exited with return code 0
[2022-09-13 06:57:14,943] {local_task_job.py:273} INFO - 0 downstream tasks scheduled from follow-on schedule check
