[2022-09-15 00:41:03,086] {processor.py:153} INFO - Started process (PID=94348) to work on /home/airflow/.local/lib/python3.7/site-packages/airflow/example_dags/example_kubernetes_executor.py
[2022-09-15 00:41:03,089] {processor.py:641} INFO - Processing file /home/airflow/.local/lib/python3.7/site-packages/airflow/example_dags/example_kubernetes_executor.py for tasks to queue
[2022-09-15 00:41:03,092] {logging_mixin.py:115} INFO - [2022-09-15 00:41:03,092] {dagbag.py:507} INFO - Filling up the DagBag from /home/airflow/.local/lib/python3.7/site-packages/airflow/example_dags/example_kubernetes_executor.py
[2022-09-15 00:41:03,191] {processor.py:651} INFO - DAG(s) dict_keys(['example_kubernetes_executor']) retrieved from /home/airflow/.local/lib/python3.7/site-packages/airflow/example_dags/example_kubernetes_executor.py
[2022-09-15 00:41:03,257] {logging_mixin.py:115} INFO - [2022-09-15 00:41:03,257] {dag.py:2371} INFO - Sync 1 DAGs
[2022-09-15 00:41:03,296] {logging_mixin.py:115} INFO - [2022-09-15 00:41:03,296] {dag.py:2919} INFO - Setting next_dagrun for example_kubernetes_executor to None, run_after=None
[2022-09-15 00:41:03,316] {processor.py:161} INFO - Processing /home/airflow/.local/lib/python3.7/site-packages/airflow/example_dags/example_kubernetes_executor.py took 0.238 seconds
[2022-09-15 00:41:33,822] {processor.py:153} INFO - Started process (PID=94405) to work on /home/airflow/.local/lib/python3.7/site-packages/airflow/example_dags/example_kubernetes_executor.py
[2022-09-15 00:41:33,824] {processor.py:641} INFO - Processing file /home/airflow/.local/lib/python3.7/site-packages/airflow/example_dags/example_kubernetes_executor.py for tasks to queue
[2022-09-15 00:41:33,848] {logging_mixin.py:115} INFO - [2022-09-15 00:41:33,848] {dagbag.py:507} INFO - Filling up the DagBag from /home/airflow/.local/lib/python3.7/site-packages/airflow/example_dags/example_kubernetes_executor.py
[2022-09-15 00:41:33,900] {processor.py:651} INFO - DAG(s) dict_keys(['example_kubernetes_executor']) retrieved from /home/airflow/.local/lib/python3.7/site-packages/airflow/example_dags/example_kubernetes_executor.py
[2022-09-15 00:41:33,941] {logging_mixin.py:115} INFO - [2022-09-15 00:41:33,941] {dag.py:2371} INFO - Sync 1 DAGs
[2022-09-15 00:41:33,971] {logging_mixin.py:115} INFO - [2022-09-15 00:41:33,971] {dag.py:2919} INFO - Setting next_dagrun for example_kubernetes_executor to None, run_after=None
[2022-09-15 00:41:33,989] {processor.py:161} INFO - Processing /home/airflow/.local/lib/python3.7/site-packages/airflow/example_dags/example_kubernetes_executor.py took 0.172 seconds
[2022-09-15 00:42:05,095] {processor.py:153} INFO - Started process (PID=94462) to work on /home/airflow/.local/lib/python3.7/site-packages/airflow/example_dags/example_kubernetes_executor.py
[2022-09-15 00:42:05,096] {processor.py:641} INFO - Processing file /home/airflow/.local/lib/python3.7/site-packages/airflow/example_dags/example_kubernetes_executor.py for tasks to queue
[2022-09-15 00:42:05,097] {logging_mixin.py:115} INFO - [2022-09-15 00:42:05,097] {dagbag.py:507} INFO - Filling up the DagBag from /home/airflow/.local/lib/python3.7/site-packages/airflow/example_dags/example_kubernetes_executor.py
[2022-09-15 00:42:05,122] {processor.py:651} INFO - DAG(s) dict_keys(['example_kubernetes_executor']) retrieved from /home/airflow/.local/lib/python3.7/site-packages/airflow/example_dags/example_kubernetes_executor.py
[2022-09-15 00:42:05,156] {logging_mixin.py:115} INFO - [2022-09-15 00:42:05,156] {dag.py:2371} INFO - Sync 1 DAGs
[2022-09-15 00:42:05,182] {logging_mixin.py:115} INFO - [2022-09-15 00:42:05,182] {dag.py:2919} INFO - Setting next_dagrun for example_kubernetes_executor to None, run_after=None
[2022-09-15 00:42:05,200] {processor.py:161} INFO - Processing /home/airflow/.local/lib/python3.7/site-packages/airflow/example_dags/example_kubernetes_executor.py took 0.109 seconds
[2022-09-15 00:42:35,712] {processor.py:153} INFO - Started process (PID=94532) to work on /home/airflow/.local/lib/python3.7/site-packages/airflow/example_dags/example_kubernetes_executor.py
[2022-09-15 00:42:35,714] {processor.py:641} INFO - Processing file /home/airflow/.local/lib/python3.7/site-packages/airflow/example_dags/example_kubernetes_executor.py for tasks to queue
[2022-09-15 00:42:35,715] {logging_mixin.py:115} INFO - [2022-09-15 00:42:35,715] {dagbag.py:507} INFO - Filling up the DagBag from /home/airflow/.local/lib/python3.7/site-packages/airflow/example_dags/example_kubernetes_executor.py
[2022-09-15 00:42:35,741] {processor.py:651} INFO - DAG(s) dict_keys(['example_kubernetes_executor']) retrieved from /home/airflow/.local/lib/python3.7/site-packages/airflow/example_dags/example_kubernetes_executor.py
[2022-09-15 00:42:35,776] {logging_mixin.py:115} INFO - [2022-09-15 00:42:35,776] {dag.py:2371} INFO - Sync 1 DAGs
[2022-09-15 00:42:35,800] {logging_mixin.py:115} INFO - [2022-09-15 00:42:35,799] {dag.py:2919} INFO - Setting next_dagrun for example_kubernetes_executor to None, run_after=None
[2022-09-15 00:42:35,814] {processor.py:161} INFO - Processing /home/airflow/.local/lib/python3.7/site-packages/airflow/example_dags/example_kubernetes_executor.py took 0.106 seconds
[2022-09-15 00:43:06,147] {processor.py:153} INFO - Started process (PID=94600) to work on /home/airflow/.local/lib/python3.7/site-packages/airflow/example_dags/example_kubernetes_executor.py
[2022-09-15 00:43:06,148] {processor.py:641} INFO - Processing file /home/airflow/.local/lib/python3.7/site-packages/airflow/example_dags/example_kubernetes_executor.py for tasks to queue
[2022-09-15 00:43:06,149] {logging_mixin.py:115} INFO - [2022-09-15 00:43:06,149] {dagbag.py:507} INFO - Filling up the DagBag from /home/airflow/.local/lib/python3.7/site-packages/airflow/example_dags/example_kubernetes_executor.py
[2022-09-15 00:43:06,179] {processor.py:651} INFO - DAG(s) dict_keys(['example_kubernetes_executor']) retrieved from /home/airflow/.local/lib/python3.7/site-packages/airflow/example_dags/example_kubernetes_executor.py
[2022-09-15 00:43:06,212] {logging_mixin.py:115} INFO - [2022-09-15 00:43:06,212] {dag.py:2371} INFO - Sync 1 DAGs
[2022-09-15 00:43:06,235] {logging_mixin.py:115} INFO - [2022-09-15 00:43:06,235] {dag.py:2919} INFO - Setting next_dagrun for example_kubernetes_executor to None, run_after=None
[2022-09-15 00:43:06,248] {processor.py:161} INFO - Processing /home/airflow/.local/lib/python3.7/site-packages/airflow/example_dags/example_kubernetes_executor.py took 0.105 seconds
[2022-09-15 00:43:36,941] {processor.py:153} INFO - Started process (PID=94659) to work on /home/airflow/.local/lib/python3.7/site-packages/airflow/example_dags/example_kubernetes_executor.py
[2022-09-15 00:43:36,943] {processor.py:641} INFO - Processing file /home/airflow/.local/lib/python3.7/site-packages/airflow/example_dags/example_kubernetes_executor.py for tasks to queue
[2022-09-15 00:43:36,944] {logging_mixin.py:115} INFO - [2022-09-15 00:43:36,944] {dagbag.py:507} INFO - Filling up the DagBag from /home/airflow/.local/lib/python3.7/site-packages/airflow/example_dags/example_kubernetes_executor.py
[2022-09-15 00:43:36,977] {processor.py:651} INFO - DAG(s) dict_keys(['example_kubernetes_executor']) retrieved from /home/airflow/.local/lib/python3.7/site-packages/airflow/example_dags/example_kubernetes_executor.py
[2022-09-15 00:43:37,028] {logging_mixin.py:115} INFO - [2022-09-15 00:43:37,028] {dag.py:2371} INFO - Sync 1 DAGs
[2022-09-15 00:43:37,063] {logging_mixin.py:115} INFO - [2022-09-15 00:43:37,063] {dag.py:2919} INFO - Setting next_dagrun for example_kubernetes_executor to None, run_after=None
[2022-09-15 00:43:37,077] {processor.py:161} INFO - Processing /home/airflow/.local/lib/python3.7/site-packages/airflow/example_dags/example_kubernetes_executor.py took 0.140 seconds
[2022-09-15 00:44:07,498] {processor.py:153} INFO - Started process (PID=94728) to work on /home/airflow/.local/lib/python3.7/site-packages/airflow/example_dags/example_kubernetes_executor.py
[2022-09-15 00:44:07,499] {processor.py:641} INFO - Processing file /home/airflow/.local/lib/python3.7/site-packages/airflow/example_dags/example_kubernetes_executor.py for tasks to queue
[2022-09-15 00:44:07,501] {logging_mixin.py:115} INFO - [2022-09-15 00:44:07,501] {dagbag.py:507} INFO - Filling up the DagBag from /home/airflow/.local/lib/python3.7/site-packages/airflow/example_dags/example_kubernetes_executor.py
[2022-09-15 00:44:07,530] {processor.py:651} INFO - DAG(s) dict_keys(['example_kubernetes_executor']) retrieved from /home/airflow/.local/lib/python3.7/site-packages/airflow/example_dags/example_kubernetes_executor.py
[2022-09-15 00:44:07,561] {logging_mixin.py:115} INFO - [2022-09-15 00:44:07,560] {dag.py:2371} INFO - Sync 1 DAGs
[2022-09-15 00:44:07,589] {logging_mixin.py:115} INFO - [2022-09-15 00:44:07,589] {dag.py:2919} INFO - Setting next_dagrun for example_kubernetes_executor to None, run_after=None
[2022-09-15 00:44:07,604] {processor.py:161} INFO - Processing /home/airflow/.local/lib/python3.7/site-packages/airflow/example_dags/example_kubernetes_executor.py took 0.109 seconds
[2022-09-15 00:44:38,114] {processor.py:153} INFO - Started process (PID=94795) to work on /home/airflow/.local/lib/python3.7/site-packages/airflow/example_dags/example_kubernetes_executor.py
[2022-09-15 00:44:38,115] {processor.py:641} INFO - Processing file /home/airflow/.local/lib/python3.7/site-packages/airflow/example_dags/example_kubernetes_executor.py for tasks to queue
[2022-09-15 00:44:38,117] {logging_mixin.py:115} INFO - [2022-09-15 00:44:38,117] {dagbag.py:507} INFO - Filling up the DagBag from /home/airflow/.local/lib/python3.7/site-packages/airflow/example_dags/example_kubernetes_executor.py
[2022-09-15 00:44:38,144] {processor.py:651} INFO - DAG(s) dict_keys(['example_kubernetes_executor']) retrieved from /home/airflow/.local/lib/python3.7/site-packages/airflow/example_dags/example_kubernetes_executor.py
[2022-09-15 00:44:38,176] {logging_mixin.py:115} INFO - [2022-09-15 00:44:38,176] {dag.py:2371} INFO - Sync 1 DAGs
[2022-09-15 00:44:38,200] {logging_mixin.py:115} INFO - [2022-09-15 00:44:38,200] {dag.py:2919} INFO - Setting next_dagrun for example_kubernetes_executor to None, run_after=None
[2022-09-15 00:44:38,214] {processor.py:161} INFO - Processing /home/airflow/.local/lib/python3.7/site-packages/airflow/example_dags/example_kubernetes_executor.py took 0.104 seconds
[2022-09-15 00:45:08,529] {processor.py:153} INFO - Started process (PID=94851) to work on /home/airflow/.local/lib/python3.7/site-packages/airflow/example_dags/example_kubernetes_executor.py
[2022-09-15 00:45:08,531] {processor.py:641} INFO - Processing file /home/airflow/.local/lib/python3.7/site-packages/airflow/example_dags/example_kubernetes_executor.py for tasks to queue
[2022-09-15 00:45:08,533] {logging_mixin.py:115} INFO - [2022-09-15 00:45:08,533] {dagbag.py:507} INFO - Filling up the DagBag from /home/airflow/.local/lib/python3.7/site-packages/airflow/example_dags/example_kubernetes_executor.py
[2022-09-15 00:45:08,566] {processor.py:651} INFO - DAG(s) dict_keys(['example_kubernetes_executor']) retrieved from /home/airflow/.local/lib/python3.7/site-packages/airflow/example_dags/example_kubernetes_executor.py
[2022-09-15 00:45:08,600] {logging_mixin.py:115} INFO - [2022-09-15 00:45:08,600] {dag.py:2371} INFO - Sync 1 DAGs
[2022-09-15 00:45:08,629] {logging_mixin.py:115} INFO - [2022-09-15 00:45:08,629] {dag.py:2919} INFO - Setting next_dagrun for example_kubernetes_executor to None, run_after=None
[2022-09-15 00:45:08,661] {processor.py:161} INFO - Processing /home/airflow/.local/lib/python3.7/site-packages/airflow/example_dags/example_kubernetes_executor.py took 0.141 seconds
[2022-09-15 00:45:38,987] {processor.py:153} INFO - Started process (PID=94916) to work on /home/airflow/.local/lib/python3.7/site-packages/airflow/example_dags/example_kubernetes_executor.py
[2022-09-15 00:45:38,990] {processor.py:641} INFO - Processing file /home/airflow/.local/lib/python3.7/site-packages/airflow/example_dags/example_kubernetes_executor.py for tasks to queue
[2022-09-15 00:45:38,993] {logging_mixin.py:115} INFO - [2022-09-15 00:45:38,993] {dagbag.py:507} INFO - Filling up the DagBag from /home/airflow/.local/lib/python3.7/site-packages/airflow/example_dags/example_kubernetes_executor.py
[2022-09-15 00:45:39,096] {processor.py:651} INFO - DAG(s) dict_keys(['example_kubernetes_executor']) retrieved from /home/airflow/.local/lib/python3.7/site-packages/airflow/example_dags/example_kubernetes_executor.py
[2022-09-15 00:45:39,204] {logging_mixin.py:115} INFO - [2022-09-15 00:45:39,204] {dag.py:2371} INFO - Sync 1 DAGs
[2022-09-15 00:45:39,275] {logging_mixin.py:115} INFO - [2022-09-15 00:45:39,275] {dag.py:2919} INFO - Setting next_dagrun for example_kubernetes_executor to None, run_after=None
[2022-09-15 00:45:39,322] {processor.py:161} INFO - Processing /home/airflow/.local/lib/python3.7/site-packages/airflow/example_dags/example_kubernetes_executor.py took 0.351 seconds
[2022-09-15 00:46:09,900] {processor.py:153} INFO - Started process (PID=94987) to work on /home/airflow/.local/lib/python3.7/site-packages/airflow/example_dags/example_kubernetes_executor.py
[2022-09-15 00:46:09,904] {processor.py:641} INFO - Processing file /home/airflow/.local/lib/python3.7/site-packages/airflow/example_dags/example_kubernetes_executor.py for tasks to queue
[2022-09-15 00:46:09,905] {logging_mixin.py:115} INFO - [2022-09-15 00:46:09,905] {dagbag.py:507} INFO - Filling up the DagBag from /home/airflow/.local/lib/python3.7/site-packages/airflow/example_dags/example_kubernetes_executor.py
[2022-09-15 00:46:09,941] {processor.py:651} INFO - DAG(s) dict_keys(['example_kubernetes_executor']) retrieved from /home/airflow/.local/lib/python3.7/site-packages/airflow/example_dags/example_kubernetes_executor.py
[2022-09-15 00:46:09,986] {logging_mixin.py:115} INFO - [2022-09-15 00:46:09,986] {dag.py:2371} INFO - Sync 1 DAGs
[2022-09-15 00:46:10,016] {logging_mixin.py:115} INFO - [2022-09-15 00:46:10,016] {dag.py:2919} INFO - Setting next_dagrun for example_kubernetes_executor to None, run_after=None
[2022-09-15 00:46:10,038] {processor.py:161} INFO - Processing /home/airflow/.local/lib/python3.7/site-packages/airflow/example_dags/example_kubernetes_executor.py took 0.144 seconds
[2022-09-15 00:46:40,325] {processor.py:153} INFO - Started process (PID=95044) to work on /home/airflow/.local/lib/python3.7/site-packages/airflow/example_dags/example_kubernetes_executor.py
[2022-09-15 00:46:40,327] {processor.py:641} INFO - Processing file /home/airflow/.local/lib/python3.7/site-packages/airflow/example_dags/example_kubernetes_executor.py for tasks to queue
[2022-09-15 00:46:40,328] {logging_mixin.py:115} INFO - [2022-09-15 00:46:40,328] {dagbag.py:507} INFO - Filling up the DagBag from /home/airflow/.local/lib/python3.7/site-packages/airflow/example_dags/example_kubernetes_executor.py
[2022-09-15 00:46:40,359] {processor.py:651} INFO - DAG(s) dict_keys(['example_kubernetes_executor']) retrieved from /home/airflow/.local/lib/python3.7/site-packages/airflow/example_dags/example_kubernetes_executor.py
[2022-09-15 00:46:40,391] {logging_mixin.py:115} INFO - [2022-09-15 00:46:40,391] {dag.py:2371} INFO - Sync 1 DAGs
[2022-09-15 00:46:40,418] {logging_mixin.py:115} INFO - [2022-09-15 00:46:40,417] {dag.py:2919} INFO - Setting next_dagrun for example_kubernetes_executor to None, run_after=None
[2022-09-15 00:46:40,433] {processor.py:161} INFO - Processing /home/airflow/.local/lib/python3.7/site-packages/airflow/example_dags/example_kubernetes_executor.py took 0.113 seconds
[2022-09-15 00:47:10,591] {processor.py:153} INFO - Started process (PID=95113) to work on /home/airflow/.local/lib/python3.7/site-packages/airflow/example_dags/example_kubernetes_executor.py
[2022-09-15 00:47:10,594] {processor.py:641} INFO - Processing file /home/airflow/.local/lib/python3.7/site-packages/airflow/example_dags/example_kubernetes_executor.py for tasks to queue
[2022-09-15 00:47:10,597] {logging_mixin.py:115} INFO - [2022-09-15 00:47:10,597] {dagbag.py:507} INFO - Filling up the DagBag from /home/airflow/.local/lib/python3.7/site-packages/airflow/example_dags/example_kubernetes_executor.py
[2022-09-15 00:47:10,654] {processor.py:651} INFO - DAG(s) dict_keys(['example_kubernetes_executor']) retrieved from /home/airflow/.local/lib/python3.7/site-packages/airflow/example_dags/example_kubernetes_executor.py
[2022-09-15 00:47:10,712] {logging_mixin.py:115} INFO - [2022-09-15 00:47:10,712] {dag.py:2371} INFO - Sync 1 DAGs
[2022-09-15 00:47:10,757] {logging_mixin.py:115} INFO - [2022-09-15 00:47:10,757] {dag.py:2919} INFO - Setting next_dagrun for example_kubernetes_executor to None, run_after=None
[2022-09-15 00:47:10,776] {processor.py:161} INFO - Processing /home/airflow/.local/lib/python3.7/site-packages/airflow/example_dags/example_kubernetes_executor.py took 0.190 seconds
[2022-09-15 00:47:41,335] {processor.py:153} INFO - Started process (PID=95169) to work on /home/airflow/.local/lib/python3.7/site-packages/airflow/example_dags/example_kubernetes_executor.py
[2022-09-15 00:47:41,338] {processor.py:641} INFO - Processing file /home/airflow/.local/lib/python3.7/site-packages/airflow/example_dags/example_kubernetes_executor.py for tasks to queue
[2022-09-15 00:47:41,341] {logging_mixin.py:115} INFO - [2022-09-15 00:47:41,340] {dagbag.py:507} INFO - Filling up the DagBag from /home/airflow/.local/lib/python3.7/site-packages/airflow/example_dags/example_kubernetes_executor.py
[2022-09-15 00:47:41,423] {processor.py:651} INFO - DAG(s) dict_keys(['example_kubernetes_executor']) retrieved from /home/airflow/.local/lib/python3.7/site-packages/airflow/example_dags/example_kubernetes_executor.py
[2022-09-15 00:47:41,472] {logging_mixin.py:115} INFO - [2022-09-15 00:47:41,471] {dag.py:2371} INFO - Sync 1 DAGs
[2022-09-15 00:47:41,503] {logging_mixin.py:115} INFO - [2022-09-15 00:47:41,503] {dag.py:2919} INFO - Setting next_dagrun for example_kubernetes_executor to None, run_after=None
[2022-09-15 00:47:41,523] {processor.py:161} INFO - Processing /home/airflow/.local/lib/python3.7/site-packages/airflow/example_dags/example_kubernetes_executor.py took 0.194 seconds
[2022-09-15 00:48:11,623] {processor.py:153} INFO - Started process (PID=95235) to work on /home/airflow/.local/lib/python3.7/site-packages/airflow/example_dags/example_kubernetes_executor.py
[2022-09-15 00:48:11,637] {processor.py:641} INFO - Processing file /home/airflow/.local/lib/python3.7/site-packages/airflow/example_dags/example_kubernetes_executor.py for tasks to queue
[2022-09-15 00:48:11,639] {logging_mixin.py:115} INFO - [2022-09-15 00:48:11,639] {dagbag.py:507} INFO - Filling up the DagBag from /home/airflow/.local/lib/python3.7/site-packages/airflow/example_dags/example_kubernetes_executor.py
[2022-09-15 00:48:11,666] {processor.py:651} INFO - DAG(s) dict_keys(['example_kubernetes_executor']) retrieved from /home/airflow/.local/lib/python3.7/site-packages/airflow/example_dags/example_kubernetes_executor.py
[2022-09-15 00:48:11,698] {logging_mixin.py:115} INFO - [2022-09-15 00:48:11,698] {dag.py:2371} INFO - Sync 1 DAGs
[2022-09-15 00:48:11,735] {logging_mixin.py:115} INFO - [2022-09-15 00:48:11,735] {dag.py:2919} INFO - Setting next_dagrun for example_kubernetes_executor to None, run_after=None
[2022-09-15 00:48:11,750] {processor.py:161} INFO - Processing /home/airflow/.local/lib/python3.7/site-packages/airflow/example_dags/example_kubernetes_executor.py took 0.136 seconds
[2022-09-15 00:48:42,002] {processor.py:153} INFO - Started process (PID=95301) to work on /home/airflow/.local/lib/python3.7/site-packages/airflow/example_dags/example_kubernetes_executor.py
[2022-09-15 00:48:42,048] {processor.py:641} INFO - Processing file /home/airflow/.local/lib/python3.7/site-packages/airflow/example_dags/example_kubernetes_executor.py for tasks to queue
[2022-09-15 00:48:42,108] {logging_mixin.py:115} INFO - [2022-09-15 00:48:42,108] {dagbag.py:507} INFO - Filling up the DagBag from /home/airflow/.local/lib/python3.7/site-packages/airflow/example_dags/example_kubernetes_executor.py
[2022-09-15 00:48:44,003] {processor.py:651} INFO - DAG(s) dict_keys(['example_kubernetes_executor']) retrieved from /home/airflow/.local/lib/python3.7/site-packages/airflow/example_dags/example_kubernetes_executor.py
[2022-09-15 00:48:44,387] {logging_mixin.py:115} INFO - [2022-09-15 00:48:44,387] {dag.py:2371} INFO - Sync 1 DAGs
[2022-09-15 00:48:44,652] {logging_mixin.py:115} INFO - [2022-09-15 00:48:44,652] {dag.py:2919} INFO - Setting next_dagrun for example_kubernetes_executor to None, run_after=None
[2022-09-15 00:48:44,731] {processor.py:161} INFO - Processing /home/airflow/.local/lib/python3.7/site-packages/airflow/example_dags/example_kubernetes_executor.py took 2.746 seconds
[2022-09-15 00:49:15,227] {processor.py:153} INFO - Started process (PID=95360) to work on /home/airflow/.local/lib/python3.7/site-packages/airflow/example_dags/example_kubernetes_executor.py
[2022-09-15 00:49:15,229] {processor.py:641} INFO - Processing file /home/airflow/.local/lib/python3.7/site-packages/airflow/example_dags/example_kubernetes_executor.py for tasks to queue
[2022-09-15 00:49:15,230] {logging_mixin.py:115} INFO - [2022-09-15 00:49:15,230] {dagbag.py:507} INFO - Filling up the DagBag from /home/airflow/.local/lib/python3.7/site-packages/airflow/example_dags/example_kubernetes_executor.py
[2022-09-15 00:49:15,256] {processor.py:651} INFO - DAG(s) dict_keys(['example_kubernetes_executor']) retrieved from /home/airflow/.local/lib/python3.7/site-packages/airflow/example_dags/example_kubernetes_executor.py
[2022-09-15 00:49:15,287] {logging_mixin.py:115} INFO - [2022-09-15 00:49:15,287] {dag.py:2371} INFO - Sync 1 DAGs
[2022-09-15 00:49:15,313] {logging_mixin.py:115} INFO - [2022-09-15 00:49:15,313] {dag.py:2919} INFO - Setting next_dagrun for example_kubernetes_executor to None, run_after=None
[2022-09-15 00:49:15,327] {processor.py:161} INFO - Processing /home/airflow/.local/lib/python3.7/site-packages/airflow/example_dags/example_kubernetes_executor.py took 0.104 seconds
[2022-09-15 00:49:45,544] {processor.py:153} INFO - Started process (PID=95418) to work on /home/airflow/.local/lib/python3.7/site-packages/airflow/example_dags/example_kubernetes_executor.py
[2022-09-15 00:49:45,545] {processor.py:641} INFO - Processing file /home/airflow/.local/lib/python3.7/site-packages/airflow/example_dags/example_kubernetes_executor.py for tasks to queue
[2022-09-15 00:49:45,547] {logging_mixin.py:115} INFO - [2022-09-15 00:49:45,547] {dagbag.py:507} INFO - Filling up the DagBag from /home/airflow/.local/lib/python3.7/site-packages/airflow/example_dags/example_kubernetes_executor.py
[2022-09-15 00:49:45,587] {processor.py:651} INFO - DAG(s) dict_keys(['example_kubernetes_executor']) retrieved from /home/airflow/.local/lib/python3.7/site-packages/airflow/example_dags/example_kubernetes_executor.py
[2022-09-15 00:49:45,619] {logging_mixin.py:115} INFO - [2022-09-15 00:49:45,619] {dag.py:2371} INFO - Sync 1 DAGs
[2022-09-15 00:49:45,663] {logging_mixin.py:115} INFO - [2022-09-15 00:49:45,663] {dag.py:2919} INFO - Setting next_dagrun for example_kubernetes_executor to None, run_after=None
[2022-09-15 00:49:45,706] {processor.py:161} INFO - Processing /home/airflow/.local/lib/python3.7/site-packages/airflow/example_dags/example_kubernetes_executor.py took 0.166 seconds
[2022-09-15 00:50:15,920] {processor.py:153} INFO - Started process (PID=95486) to work on /home/airflow/.local/lib/python3.7/site-packages/airflow/example_dags/example_kubernetes_executor.py
[2022-09-15 00:50:15,922] {processor.py:641} INFO - Processing file /home/airflow/.local/lib/python3.7/site-packages/airflow/example_dags/example_kubernetes_executor.py for tasks to queue
[2022-09-15 00:50:15,923] {logging_mixin.py:115} INFO - [2022-09-15 00:50:15,923] {dagbag.py:507} INFO - Filling up the DagBag from /home/airflow/.local/lib/python3.7/site-packages/airflow/example_dags/example_kubernetes_executor.py
[2022-09-15 00:50:15,952] {processor.py:651} INFO - DAG(s) dict_keys(['example_kubernetes_executor']) retrieved from /home/airflow/.local/lib/python3.7/site-packages/airflow/example_dags/example_kubernetes_executor.py
[2022-09-15 00:50:15,984] {logging_mixin.py:115} INFO - [2022-09-15 00:50:15,984] {dag.py:2371} INFO - Sync 1 DAGs
[2022-09-15 00:50:16,011] {logging_mixin.py:115} INFO - [2022-09-15 00:50:16,011] {dag.py:2919} INFO - Setting next_dagrun for example_kubernetes_executor to None, run_after=None
[2022-09-15 00:50:16,026] {processor.py:161} INFO - Processing /home/airflow/.local/lib/python3.7/site-packages/airflow/example_dags/example_kubernetes_executor.py took 0.112 seconds
[2022-09-15 00:50:46,918] {processor.py:153} INFO - Started process (PID=95554) to work on /home/airflow/.local/lib/python3.7/site-packages/airflow/example_dags/example_kubernetes_executor.py
[2022-09-15 00:50:46,919] {processor.py:641} INFO - Processing file /home/airflow/.local/lib/python3.7/site-packages/airflow/example_dags/example_kubernetes_executor.py for tasks to queue
[2022-09-15 00:50:46,921] {logging_mixin.py:115} INFO - [2022-09-15 00:50:46,921] {dagbag.py:507} INFO - Filling up the DagBag from /home/airflow/.local/lib/python3.7/site-packages/airflow/example_dags/example_kubernetes_executor.py
[2022-09-15 00:50:46,961] {processor.py:651} INFO - DAG(s) dict_keys(['example_kubernetes_executor']) retrieved from /home/airflow/.local/lib/python3.7/site-packages/airflow/example_dags/example_kubernetes_executor.py
[2022-09-15 00:50:47,004] {logging_mixin.py:115} INFO - [2022-09-15 00:50:47,003] {dag.py:2371} INFO - Sync 1 DAGs
[2022-09-15 00:50:47,035] {logging_mixin.py:115} INFO - [2022-09-15 00:50:47,035] {dag.py:2919} INFO - Setting next_dagrun for example_kubernetes_executor to None, run_after=None
[2022-09-15 00:50:47,053] {processor.py:161} INFO - Processing /home/airflow/.local/lib/python3.7/site-packages/airflow/example_dags/example_kubernetes_executor.py took 0.139 seconds
[2022-09-15 00:51:17,545] {processor.py:153} INFO - Started process (PID=95612) to work on /home/airflow/.local/lib/python3.7/site-packages/airflow/example_dags/example_kubernetes_executor.py
[2022-09-15 00:51:17,548] {processor.py:641} INFO - Processing file /home/airflow/.local/lib/python3.7/site-packages/airflow/example_dags/example_kubernetes_executor.py for tasks to queue
[2022-09-15 00:51:17,551] {logging_mixin.py:115} INFO - [2022-09-15 00:51:17,551] {dagbag.py:507} INFO - Filling up the DagBag from /home/airflow/.local/lib/python3.7/site-packages/airflow/example_dags/example_kubernetes_executor.py
[2022-09-15 00:51:17,616] {processor.py:651} INFO - DAG(s) dict_keys(['example_kubernetes_executor']) retrieved from /home/airflow/.local/lib/python3.7/site-packages/airflow/example_dags/example_kubernetes_executor.py
[2022-09-15 00:51:17,669] {logging_mixin.py:115} INFO - [2022-09-15 00:51:17,668] {dag.py:2371} INFO - Sync 1 DAGs
[2022-09-15 00:51:17,718] {logging_mixin.py:115} INFO - [2022-09-15 00:51:17,718] {dag.py:2919} INFO - Setting next_dagrun for example_kubernetes_executor to None, run_after=None
[2022-09-15 00:51:17,763] {processor.py:161} INFO - Processing /home/airflow/.local/lib/python3.7/site-packages/airflow/example_dags/example_kubernetes_executor.py took 0.223 seconds
[2022-09-15 00:51:47,827] {processor.py:153} INFO - Started process (PID=95679) to work on /home/airflow/.local/lib/python3.7/site-packages/airflow/example_dags/example_kubernetes_executor.py
[2022-09-15 00:51:47,831] {processor.py:641} INFO - Processing file /home/airflow/.local/lib/python3.7/site-packages/airflow/example_dags/example_kubernetes_executor.py for tasks to queue
[2022-09-15 00:51:47,834] {logging_mixin.py:115} INFO - [2022-09-15 00:51:47,834] {dagbag.py:507} INFO - Filling up the DagBag from /home/airflow/.local/lib/python3.7/site-packages/airflow/example_dags/example_kubernetes_executor.py
[2022-09-15 00:51:47,887] {processor.py:651} INFO - DAG(s) dict_keys(['example_kubernetes_executor']) retrieved from /home/airflow/.local/lib/python3.7/site-packages/airflow/example_dags/example_kubernetes_executor.py
[2022-09-15 00:51:47,927] {logging_mixin.py:115} INFO - [2022-09-15 00:51:47,927] {dag.py:2371} INFO - Sync 1 DAGs
[2022-09-15 00:51:47,953] {logging_mixin.py:115} INFO - [2022-09-15 00:51:47,952] {dag.py:2919} INFO - Setting next_dagrun for example_kubernetes_executor to None, run_after=None
[2022-09-15 00:51:47,968] {processor.py:161} INFO - Processing /home/airflow/.local/lib/python3.7/site-packages/airflow/example_dags/example_kubernetes_executor.py took 0.147 seconds
[2022-09-15 00:52:18,523] {processor.py:153} INFO - Started process (PID=95747) to work on /home/airflow/.local/lib/python3.7/site-packages/airflow/example_dags/example_kubernetes_executor.py
[2022-09-15 00:52:18,526] {processor.py:641} INFO - Processing file /home/airflow/.local/lib/python3.7/site-packages/airflow/example_dags/example_kubernetes_executor.py for tasks to queue
[2022-09-15 00:52:18,527] {logging_mixin.py:115} INFO - [2022-09-15 00:52:18,527] {dagbag.py:507} INFO - Filling up the DagBag from /home/airflow/.local/lib/python3.7/site-packages/airflow/example_dags/example_kubernetes_executor.py
[2022-09-15 00:52:18,561] {processor.py:651} INFO - DAG(s) dict_keys(['example_kubernetes_executor']) retrieved from /home/airflow/.local/lib/python3.7/site-packages/airflow/example_dags/example_kubernetes_executor.py
[2022-09-15 00:52:18,596] {logging_mixin.py:115} INFO - [2022-09-15 00:52:18,596] {dag.py:2371} INFO - Sync 1 DAGs
[2022-09-15 00:52:18,622] {logging_mixin.py:115} INFO - [2022-09-15 00:52:18,622] {dag.py:2919} INFO - Setting next_dagrun for example_kubernetes_executor to None, run_after=None
[2022-09-15 00:52:18,650] {processor.py:161} INFO - Processing /home/airflow/.local/lib/python3.7/site-packages/airflow/example_dags/example_kubernetes_executor.py took 0.132 seconds
[2022-09-15 00:52:49,197] {processor.py:153} INFO - Started process (PID=95807) to work on /home/airflow/.local/lib/python3.7/site-packages/airflow/example_dags/example_kubernetes_executor.py
[2022-09-15 00:52:49,200] {processor.py:641} INFO - Processing file /home/airflow/.local/lib/python3.7/site-packages/airflow/example_dags/example_kubernetes_executor.py for tasks to queue
[2022-09-15 00:52:49,202] {logging_mixin.py:115} INFO - [2022-09-15 00:52:49,202] {dagbag.py:507} INFO - Filling up the DagBag from /home/airflow/.local/lib/python3.7/site-packages/airflow/example_dags/example_kubernetes_executor.py
[2022-09-15 00:52:49,230] {processor.py:651} INFO - DAG(s) dict_keys(['example_kubernetes_executor']) retrieved from /home/airflow/.local/lib/python3.7/site-packages/airflow/example_dags/example_kubernetes_executor.py
[2022-09-15 00:52:49,260] {logging_mixin.py:115} INFO - [2022-09-15 00:52:49,260] {dag.py:2371} INFO - Sync 1 DAGs
[2022-09-15 00:52:49,291] {logging_mixin.py:115} INFO - [2022-09-15 00:52:49,290] {dag.py:2919} INFO - Setting next_dagrun for example_kubernetes_executor to None, run_after=None
[2022-09-15 00:52:49,308] {processor.py:161} INFO - Processing /home/airflow/.local/lib/python3.7/site-packages/airflow/example_dags/example_kubernetes_executor.py took 0.120 seconds
[2022-09-15 00:53:19,939] {processor.py:153} INFO - Started process (PID=95878) to work on /home/airflow/.local/lib/python3.7/site-packages/airflow/example_dags/example_kubernetes_executor.py
[2022-09-15 00:53:19,943] {processor.py:641} INFO - Processing file /home/airflow/.local/lib/python3.7/site-packages/airflow/example_dags/example_kubernetes_executor.py for tasks to queue
[2022-09-15 00:53:19,944] {logging_mixin.py:115} INFO - [2022-09-15 00:53:19,944] {dagbag.py:507} INFO - Filling up the DagBag from /home/airflow/.local/lib/python3.7/site-packages/airflow/example_dags/example_kubernetes_executor.py
[2022-09-15 00:53:19,972] {processor.py:651} INFO - DAG(s) dict_keys(['example_kubernetes_executor']) retrieved from /home/airflow/.local/lib/python3.7/site-packages/airflow/example_dags/example_kubernetes_executor.py
[2022-09-15 00:53:20,006] {logging_mixin.py:115} INFO - [2022-09-15 00:53:20,006] {dag.py:2371} INFO - Sync 1 DAGs
[2022-09-15 00:53:20,036] {logging_mixin.py:115} INFO - [2022-09-15 00:53:20,036] {dag.py:2919} INFO - Setting next_dagrun for example_kubernetes_executor to None, run_after=None
[2022-09-15 00:53:20,051] {processor.py:161} INFO - Processing /home/airflow/.local/lib/python3.7/site-packages/airflow/example_dags/example_kubernetes_executor.py took 0.119 seconds
[2022-09-15 00:53:50,895] {processor.py:153} INFO - Started process (PID=95945) to work on /home/airflow/.local/lib/python3.7/site-packages/airflow/example_dags/example_kubernetes_executor.py
[2022-09-15 00:53:50,899] {processor.py:641} INFO - Processing file /home/airflow/.local/lib/python3.7/site-packages/airflow/example_dags/example_kubernetes_executor.py for tasks to queue
[2022-09-15 00:53:50,901] {logging_mixin.py:115} INFO - [2022-09-15 00:53:50,901] {dagbag.py:507} INFO - Filling up the DagBag from /home/airflow/.local/lib/python3.7/site-packages/airflow/example_dags/example_kubernetes_executor.py
[2022-09-15 00:53:50,935] {processor.py:651} INFO - DAG(s) dict_keys(['example_kubernetes_executor']) retrieved from /home/airflow/.local/lib/python3.7/site-packages/airflow/example_dags/example_kubernetes_executor.py
[2022-09-15 00:53:50,986] {logging_mixin.py:115} INFO - [2022-09-15 00:53:50,986] {dag.py:2371} INFO - Sync 1 DAGs
[2022-09-15 00:53:51,037] {logging_mixin.py:115} INFO - [2022-09-15 00:53:51,036] {dag.py:2919} INFO - Setting next_dagrun for example_kubernetes_executor to None, run_after=None
[2022-09-15 00:53:51,052] {processor.py:161} INFO - Processing /home/airflow/.local/lib/python3.7/site-packages/airflow/example_dags/example_kubernetes_executor.py took 0.170 seconds
[2022-09-15 00:54:21,646] {processor.py:153} INFO - Started process (PID=96004) to work on /home/airflow/.local/lib/python3.7/site-packages/airflow/example_dags/example_kubernetes_executor.py
[2022-09-15 00:54:21,648] {processor.py:641} INFO - Processing file /home/airflow/.local/lib/python3.7/site-packages/airflow/example_dags/example_kubernetes_executor.py for tasks to queue
[2022-09-15 00:54:21,649] {logging_mixin.py:115} INFO - [2022-09-15 00:54:21,649] {dagbag.py:507} INFO - Filling up the DagBag from /home/airflow/.local/lib/python3.7/site-packages/airflow/example_dags/example_kubernetes_executor.py
[2022-09-15 00:54:21,675] {processor.py:651} INFO - DAG(s) dict_keys(['example_kubernetes_executor']) retrieved from /home/airflow/.local/lib/python3.7/site-packages/airflow/example_dags/example_kubernetes_executor.py
[2022-09-15 00:54:21,711] {logging_mixin.py:115} INFO - [2022-09-15 00:54:21,710] {dag.py:2371} INFO - Sync 1 DAGs
[2022-09-15 00:54:21,747] {logging_mixin.py:115} INFO - [2022-09-15 00:54:21,747] {dag.py:2919} INFO - Setting next_dagrun for example_kubernetes_executor to None, run_after=None
[2022-09-15 00:54:21,765] {processor.py:161} INFO - Processing /home/airflow/.local/lib/python3.7/site-packages/airflow/example_dags/example_kubernetes_executor.py took 0.123 seconds
[2022-09-15 00:54:52,392] {processor.py:153} INFO - Started process (PID=96075) to work on /home/airflow/.local/lib/python3.7/site-packages/airflow/example_dags/example_kubernetes_executor.py
[2022-09-15 00:54:52,393] {processor.py:641} INFO - Processing file /home/airflow/.local/lib/python3.7/site-packages/airflow/example_dags/example_kubernetes_executor.py for tasks to queue
[2022-09-15 00:54:52,395] {logging_mixin.py:115} INFO - [2022-09-15 00:54:52,395] {dagbag.py:507} INFO - Filling up the DagBag from /home/airflow/.local/lib/python3.7/site-packages/airflow/example_dags/example_kubernetes_executor.py
[2022-09-15 00:54:52,422] {processor.py:651} INFO - DAG(s) dict_keys(['example_kubernetes_executor']) retrieved from /home/airflow/.local/lib/python3.7/site-packages/airflow/example_dags/example_kubernetes_executor.py
[2022-09-15 00:54:52,454] {logging_mixin.py:115} INFO - [2022-09-15 00:54:52,454] {dag.py:2371} INFO - Sync 1 DAGs
[2022-09-15 00:54:52,479] {logging_mixin.py:115} INFO - [2022-09-15 00:54:52,479] {dag.py:2919} INFO - Setting next_dagrun for example_kubernetes_executor to None, run_after=None
[2022-09-15 00:54:52,492] {processor.py:161} INFO - Processing /home/airflow/.local/lib/python3.7/site-packages/airflow/example_dags/example_kubernetes_executor.py took 0.104 seconds
[2022-09-15 00:55:23,121] {processor.py:153} INFO - Started process (PID=96143) to work on /home/airflow/.local/lib/python3.7/site-packages/airflow/example_dags/example_kubernetes_executor.py
[2022-09-15 00:55:23,122] {processor.py:641} INFO - Processing file /home/airflow/.local/lib/python3.7/site-packages/airflow/example_dags/example_kubernetes_executor.py for tasks to queue
[2022-09-15 00:55:23,124] {logging_mixin.py:115} INFO - [2022-09-15 00:55:23,124] {dagbag.py:507} INFO - Filling up the DagBag from /home/airflow/.local/lib/python3.7/site-packages/airflow/example_dags/example_kubernetes_executor.py
[2022-09-15 00:55:23,153] {processor.py:651} INFO - DAG(s) dict_keys(['example_kubernetes_executor']) retrieved from /home/airflow/.local/lib/python3.7/site-packages/airflow/example_dags/example_kubernetes_executor.py
[2022-09-15 00:55:23,184] {logging_mixin.py:115} INFO - [2022-09-15 00:55:23,184] {dag.py:2371} INFO - Sync 1 DAGs
[2022-09-15 00:55:23,207] {logging_mixin.py:115} INFO - [2022-09-15 00:55:23,207] {dag.py:2919} INFO - Setting next_dagrun for example_kubernetes_executor to None, run_after=None
[2022-09-15 00:55:23,225] {processor.py:161} INFO - Processing /home/airflow/.local/lib/python3.7/site-packages/airflow/example_dags/example_kubernetes_executor.py took 0.108 seconds
[2022-09-15 00:55:53,992] {processor.py:153} INFO - Started process (PID=96201) to work on /home/airflow/.local/lib/python3.7/site-packages/airflow/example_dags/example_kubernetes_executor.py
[2022-09-15 00:55:53,994] {processor.py:641} INFO - Processing file /home/airflow/.local/lib/python3.7/site-packages/airflow/example_dags/example_kubernetes_executor.py for tasks to queue
[2022-09-15 00:55:53,995] {logging_mixin.py:115} INFO - [2022-09-15 00:55:53,995] {dagbag.py:507} INFO - Filling up the DagBag from /home/airflow/.local/lib/python3.7/site-packages/airflow/example_dags/example_kubernetes_executor.py
[2022-09-15 00:55:54,023] {processor.py:651} INFO - DAG(s) dict_keys(['example_kubernetes_executor']) retrieved from /home/airflow/.local/lib/python3.7/site-packages/airflow/example_dags/example_kubernetes_executor.py
[2022-09-15 00:55:54,058] {logging_mixin.py:115} INFO - [2022-09-15 00:55:54,058] {dag.py:2371} INFO - Sync 1 DAGs
[2022-09-15 00:55:54,087] {logging_mixin.py:115} INFO - [2022-09-15 00:55:54,087] {dag.py:2919} INFO - Setting next_dagrun for example_kubernetes_executor to None, run_after=None
[2022-09-15 00:55:54,101] {processor.py:161} INFO - Processing /home/airflow/.local/lib/python3.7/site-packages/airflow/example_dags/example_kubernetes_executor.py took 0.115 seconds
[2022-09-15 00:56:24,265] {processor.py:153} INFO - Started process (PID=96269) to work on /home/airflow/.local/lib/python3.7/site-packages/airflow/example_dags/example_kubernetes_executor.py
[2022-09-15 00:56:24,267] {processor.py:641} INFO - Processing file /home/airflow/.local/lib/python3.7/site-packages/airflow/example_dags/example_kubernetes_executor.py for tasks to queue
[2022-09-15 00:56:24,269] {logging_mixin.py:115} INFO - [2022-09-15 00:56:24,268] {dagbag.py:507} INFO - Filling up the DagBag from /home/airflow/.local/lib/python3.7/site-packages/airflow/example_dags/example_kubernetes_executor.py
[2022-09-15 00:56:24,295] {processor.py:651} INFO - DAG(s) dict_keys(['example_kubernetes_executor']) retrieved from /home/airflow/.local/lib/python3.7/site-packages/airflow/example_dags/example_kubernetes_executor.py
[2022-09-15 00:56:24,326] {logging_mixin.py:115} INFO - [2022-09-15 00:56:24,326] {dag.py:2371} INFO - Sync 1 DAGs
[2022-09-15 00:56:24,357] {logging_mixin.py:115} INFO - [2022-09-15 00:56:24,356] {dag.py:2919} INFO - Setting next_dagrun for example_kubernetes_executor to None, run_after=None
[2022-09-15 00:56:24,375] {processor.py:161} INFO - Processing /home/airflow/.local/lib/python3.7/site-packages/airflow/example_dags/example_kubernetes_executor.py took 0.115 seconds
[2022-09-15 00:56:54,742] {processor.py:153} INFO - Started process (PID=96336) to work on /home/airflow/.local/lib/python3.7/site-packages/airflow/example_dags/example_kubernetes_executor.py
[2022-09-15 00:56:54,743] {processor.py:641} INFO - Processing file /home/airflow/.local/lib/python3.7/site-packages/airflow/example_dags/example_kubernetes_executor.py for tasks to queue
[2022-09-15 00:56:54,745] {logging_mixin.py:115} INFO - [2022-09-15 00:56:54,745] {dagbag.py:507} INFO - Filling up the DagBag from /home/airflow/.local/lib/python3.7/site-packages/airflow/example_dags/example_kubernetes_executor.py
[2022-09-15 00:56:54,774] {processor.py:651} INFO - DAG(s) dict_keys(['example_kubernetes_executor']) retrieved from /home/airflow/.local/lib/python3.7/site-packages/airflow/example_dags/example_kubernetes_executor.py
[2022-09-15 00:56:54,812] {logging_mixin.py:115} INFO - [2022-09-15 00:56:54,812] {dag.py:2371} INFO - Sync 1 DAGs
[2022-09-15 00:56:54,838] {logging_mixin.py:115} INFO - [2022-09-15 00:56:54,838] {dag.py:2919} INFO - Setting next_dagrun for example_kubernetes_executor to None, run_after=None
[2022-09-15 00:56:54,851] {processor.py:161} INFO - Processing /home/airflow/.local/lib/python3.7/site-packages/airflow/example_dags/example_kubernetes_executor.py took 0.113 seconds
[2022-09-15 00:57:24,944] {processor.py:153} INFO - Started process (PID=96394) to work on /home/airflow/.local/lib/python3.7/site-packages/airflow/example_dags/example_kubernetes_executor.py
[2022-09-15 00:57:24,945] {processor.py:641} INFO - Processing file /home/airflow/.local/lib/python3.7/site-packages/airflow/example_dags/example_kubernetes_executor.py for tasks to queue
[2022-09-15 00:57:24,947] {logging_mixin.py:115} INFO - [2022-09-15 00:57:24,947] {dagbag.py:507} INFO - Filling up the DagBag from /home/airflow/.local/lib/python3.7/site-packages/airflow/example_dags/example_kubernetes_executor.py
[2022-09-15 00:57:24,991] {processor.py:651} INFO - DAG(s) dict_keys(['example_kubernetes_executor']) retrieved from /home/airflow/.local/lib/python3.7/site-packages/airflow/example_dags/example_kubernetes_executor.py
[2022-09-15 00:57:25,043] {logging_mixin.py:115} INFO - [2022-09-15 00:57:25,042] {dag.py:2371} INFO - Sync 1 DAGs
[2022-09-15 00:57:25,076] {logging_mixin.py:115} INFO - [2022-09-15 00:57:25,075] {dag.py:2919} INFO - Setting next_dagrun for example_kubernetes_executor to None, run_after=None
[2022-09-15 00:57:25,089] {processor.py:161} INFO - Processing /home/airflow/.local/lib/python3.7/site-packages/airflow/example_dags/example_kubernetes_executor.py took 0.149 seconds
[2022-09-15 00:57:55,780] {processor.py:153} INFO - Started process (PID=96463) to work on /home/airflow/.local/lib/python3.7/site-packages/airflow/example_dags/example_kubernetes_executor.py
[2022-09-15 00:57:55,782] {processor.py:641} INFO - Processing file /home/airflow/.local/lib/python3.7/site-packages/airflow/example_dags/example_kubernetes_executor.py for tasks to queue
[2022-09-15 00:57:55,783] {logging_mixin.py:115} INFO - [2022-09-15 00:57:55,783] {dagbag.py:507} INFO - Filling up the DagBag from /home/airflow/.local/lib/python3.7/site-packages/airflow/example_dags/example_kubernetes_executor.py
[2022-09-15 00:57:55,810] {processor.py:651} INFO - DAG(s) dict_keys(['example_kubernetes_executor']) retrieved from /home/airflow/.local/lib/python3.7/site-packages/airflow/example_dags/example_kubernetes_executor.py
[2022-09-15 00:57:55,848] {logging_mixin.py:115} INFO - [2022-09-15 00:57:55,848] {dag.py:2371} INFO - Sync 1 DAGs
[2022-09-15 00:57:55,879] {logging_mixin.py:115} INFO - [2022-09-15 00:57:55,879] {dag.py:2919} INFO - Setting next_dagrun for example_kubernetes_executor to None, run_after=None
[2022-09-15 00:57:55,893] {processor.py:161} INFO - Processing /home/airflow/.local/lib/python3.7/site-packages/airflow/example_dags/example_kubernetes_executor.py took 0.118 seconds
[2022-09-15 00:58:26,295] {processor.py:153} INFO - Started process (PID=96519) to work on /home/airflow/.local/lib/python3.7/site-packages/airflow/example_dags/example_kubernetes_executor.py
[2022-09-15 00:58:26,298] {processor.py:641} INFO - Processing file /home/airflow/.local/lib/python3.7/site-packages/airflow/example_dags/example_kubernetes_executor.py for tasks to queue
[2022-09-15 00:58:26,301] {logging_mixin.py:115} INFO - [2022-09-15 00:58:26,301] {dagbag.py:507} INFO - Filling up the DagBag from /home/airflow/.local/lib/python3.7/site-packages/airflow/example_dags/example_kubernetes_executor.py
[2022-09-15 00:58:26,345] {processor.py:651} INFO - DAG(s) dict_keys(['example_kubernetes_executor']) retrieved from /home/airflow/.local/lib/python3.7/site-packages/airflow/example_dags/example_kubernetes_executor.py
[2022-09-15 00:58:26,360] {logging_mixin.py:115} INFO - [2022-09-15 00:58:26,360] {dag.py:2371} INFO - Sync 1 DAGs
[2022-09-15 00:58:26,401] {logging_mixin.py:115} INFO - [2022-09-15 00:58:26,401] {dag.py:2919} INFO - Setting next_dagrun for example_kubernetes_executor to None, run_after=None
[2022-09-15 00:58:26,415] {processor.py:161} INFO - Processing /home/airflow/.local/lib/python3.7/site-packages/airflow/example_dags/example_kubernetes_executor.py took 0.161 seconds
[2022-09-15 00:58:57,280] {processor.py:153} INFO - Started process (PID=96587) to work on /home/airflow/.local/lib/python3.7/site-packages/airflow/example_dags/example_kubernetes_executor.py
[2022-09-15 00:58:57,282] {processor.py:641} INFO - Processing file /home/airflow/.local/lib/python3.7/site-packages/airflow/example_dags/example_kubernetes_executor.py for tasks to queue
[2022-09-15 00:58:57,284] {logging_mixin.py:115} INFO - [2022-09-15 00:58:57,284] {dagbag.py:507} INFO - Filling up the DagBag from /home/airflow/.local/lib/python3.7/site-packages/airflow/example_dags/example_kubernetes_executor.py
[2022-09-15 00:58:57,313] {processor.py:651} INFO - DAG(s) dict_keys(['example_kubernetes_executor']) retrieved from /home/airflow/.local/lib/python3.7/site-packages/airflow/example_dags/example_kubernetes_executor.py
[2022-09-15 00:58:57,346] {logging_mixin.py:115} INFO - [2022-09-15 00:58:57,346] {dag.py:2371} INFO - Sync 1 DAGs
[2022-09-15 00:58:57,374] {logging_mixin.py:115} INFO - [2022-09-15 00:58:57,374] {dag.py:2919} INFO - Setting next_dagrun for example_kubernetes_executor to None, run_after=None
[2022-09-15 00:58:57,390] {processor.py:161} INFO - Processing /home/airflow/.local/lib/python3.7/site-packages/airflow/example_dags/example_kubernetes_executor.py took 0.114 seconds
[2022-09-15 00:59:27,613] {processor.py:153} INFO - Started process (PID=96654) to work on /home/airflow/.local/lib/python3.7/site-packages/airflow/example_dags/example_kubernetes_executor.py
[2022-09-15 00:59:27,614] {processor.py:641} INFO - Processing file /home/airflow/.local/lib/python3.7/site-packages/airflow/example_dags/example_kubernetes_executor.py for tasks to queue
[2022-09-15 00:59:27,616] {logging_mixin.py:115} INFO - [2022-09-15 00:59:27,616] {dagbag.py:507} INFO - Filling up the DagBag from /home/airflow/.local/lib/python3.7/site-packages/airflow/example_dags/example_kubernetes_executor.py
[2022-09-15 00:59:27,657] {processor.py:651} INFO - DAG(s) dict_keys(['example_kubernetes_executor']) retrieved from /home/airflow/.local/lib/python3.7/site-packages/airflow/example_dags/example_kubernetes_executor.py
[2022-09-15 00:59:27,703] {logging_mixin.py:115} INFO - [2022-09-15 00:59:27,703] {dag.py:2371} INFO - Sync 1 DAGs
[2022-09-15 00:59:27,734] {logging_mixin.py:115} INFO - [2022-09-15 00:59:27,734] {dag.py:2919} INFO - Setting next_dagrun for example_kubernetes_executor to None, run_after=None
[2022-09-15 00:59:27,750] {processor.py:161} INFO - Processing /home/airflow/.local/lib/python3.7/site-packages/airflow/example_dags/example_kubernetes_executor.py took 0.143 seconds
[2022-09-15 00:59:58,229] {processor.py:153} INFO - Started process (PID=96711) to work on /home/airflow/.local/lib/python3.7/site-packages/airflow/example_dags/example_kubernetes_executor.py
[2022-09-15 00:59:58,231] {processor.py:641} INFO - Processing file /home/airflow/.local/lib/python3.7/site-packages/airflow/example_dags/example_kubernetes_executor.py for tasks to queue
[2022-09-15 00:59:58,232] {logging_mixin.py:115} INFO - [2022-09-15 00:59:58,232] {dagbag.py:507} INFO - Filling up the DagBag from /home/airflow/.local/lib/python3.7/site-packages/airflow/example_dags/example_kubernetes_executor.py
[2022-09-15 00:59:58,266] {processor.py:651} INFO - DAG(s) dict_keys(['example_kubernetes_executor']) retrieved from /home/airflow/.local/lib/python3.7/site-packages/airflow/example_dags/example_kubernetes_executor.py
[2022-09-15 00:59:58,308] {logging_mixin.py:115} INFO - [2022-09-15 00:59:58,308] {dag.py:2371} INFO - Sync 1 DAGs
[2022-09-15 00:59:58,348] {logging_mixin.py:115} INFO - [2022-09-15 00:59:58,348] {dag.py:2919} INFO - Setting next_dagrun for example_kubernetes_executor to None, run_after=None
[2022-09-15 00:59:58,364] {processor.py:161} INFO - Processing /home/airflow/.local/lib/python3.7/site-packages/airflow/example_dags/example_kubernetes_executor.py took 0.140 seconds
[2022-09-15 01:00:29,282] {processor.py:153} INFO - Started process (PID=96776) to work on /home/airflow/.local/lib/python3.7/site-packages/airflow/example_dags/example_kubernetes_executor.py
[2022-09-15 01:00:29,283] {processor.py:641} INFO - Processing file /home/airflow/.local/lib/python3.7/site-packages/airflow/example_dags/example_kubernetes_executor.py for tasks to queue
[2022-09-15 01:00:29,285] {logging_mixin.py:115} INFO - [2022-09-15 01:00:29,285] {dagbag.py:507} INFO - Filling up the DagBag from /home/airflow/.local/lib/python3.7/site-packages/airflow/example_dags/example_kubernetes_executor.py
[2022-09-15 01:00:29,337] {processor.py:651} INFO - DAG(s) dict_keys(['example_kubernetes_executor']) retrieved from /home/airflow/.local/lib/python3.7/site-packages/airflow/example_dags/example_kubernetes_executor.py
[2022-09-15 01:00:29,387] {logging_mixin.py:115} INFO - [2022-09-15 01:00:29,386] {dag.py:2371} INFO - Sync 1 DAGs
[2022-09-15 01:00:29,432] {logging_mixin.py:115} INFO - [2022-09-15 01:00:29,432] {dag.py:2919} INFO - Setting next_dagrun for example_kubernetes_executor to None, run_after=None
[2022-09-15 01:00:29,456] {processor.py:161} INFO - Processing /home/airflow/.local/lib/python3.7/site-packages/airflow/example_dags/example_kubernetes_executor.py took 0.179 seconds
[2022-09-15 01:00:59,925] {processor.py:153} INFO - Started process (PID=96843) to work on /home/airflow/.local/lib/python3.7/site-packages/airflow/example_dags/example_kubernetes_executor.py
[2022-09-15 01:00:59,929] {processor.py:641} INFO - Processing file /home/airflow/.local/lib/python3.7/site-packages/airflow/example_dags/example_kubernetes_executor.py for tasks to queue
[2022-09-15 01:00:59,931] {logging_mixin.py:115} INFO - [2022-09-15 01:00:59,931] {dagbag.py:507} INFO - Filling up the DagBag from /home/airflow/.local/lib/python3.7/site-packages/airflow/example_dags/example_kubernetes_executor.py
[2022-09-15 01:00:59,968] {processor.py:651} INFO - DAG(s) dict_keys(['example_kubernetes_executor']) retrieved from /home/airflow/.local/lib/python3.7/site-packages/airflow/example_dags/example_kubernetes_executor.py
[2022-09-15 01:01:00,003] {logging_mixin.py:115} INFO - [2022-09-15 01:01:00,003] {dag.py:2371} INFO - Sync 1 DAGs
[2022-09-15 01:01:00,031] {logging_mixin.py:115} INFO - [2022-09-15 01:01:00,031] {dag.py:2919} INFO - Setting next_dagrun for example_kubernetes_executor to None, run_after=None
[2022-09-15 01:01:00,047] {processor.py:161} INFO - Processing /home/airflow/.local/lib/python3.7/site-packages/airflow/example_dags/example_kubernetes_executor.py took 0.126 seconds
[2022-09-15 01:01:31,029] {processor.py:153} INFO - Started process (PID=96900) to work on /home/airflow/.local/lib/python3.7/site-packages/airflow/example_dags/example_kubernetes_executor.py
[2022-09-15 01:01:31,030] {processor.py:641} INFO - Processing file /home/airflow/.local/lib/python3.7/site-packages/airflow/example_dags/example_kubernetes_executor.py for tasks to queue
[2022-09-15 01:01:31,032] {logging_mixin.py:115} INFO - [2022-09-15 01:01:31,032] {dagbag.py:507} INFO - Filling up the DagBag from /home/airflow/.local/lib/python3.7/site-packages/airflow/example_dags/example_kubernetes_executor.py
[2022-09-15 01:01:31,065] {processor.py:651} INFO - DAG(s) dict_keys(['example_kubernetes_executor']) retrieved from /home/airflow/.local/lib/python3.7/site-packages/airflow/example_dags/example_kubernetes_executor.py
[2022-09-15 01:01:31,106] {logging_mixin.py:115} INFO - [2022-09-15 01:01:31,105] {dag.py:2371} INFO - Sync 1 DAGs
[2022-09-15 01:01:31,141] {logging_mixin.py:115} INFO - [2022-09-15 01:01:31,141] {dag.py:2919} INFO - Setting next_dagrun for example_kubernetes_executor to None, run_after=None
[2022-09-15 01:01:31,164] {processor.py:161} INFO - Processing /home/airflow/.local/lib/python3.7/site-packages/airflow/example_dags/example_kubernetes_executor.py took 0.142 seconds
[2022-09-15 01:02:02,092] {processor.py:153} INFO - Started process (PID=96969) to work on /home/airflow/.local/lib/python3.7/site-packages/airflow/example_dags/example_kubernetes_executor.py
[2022-09-15 01:02:02,095] {processor.py:641} INFO - Processing file /home/airflow/.local/lib/python3.7/site-packages/airflow/example_dags/example_kubernetes_executor.py for tasks to queue
[2022-09-15 01:02:02,097] {logging_mixin.py:115} INFO - [2022-09-15 01:02:02,096] {dagbag.py:507} INFO - Filling up the DagBag from /home/airflow/.local/lib/python3.7/site-packages/airflow/example_dags/example_kubernetes_executor.py
[2022-09-15 01:02:02,130] {processor.py:651} INFO - DAG(s) dict_keys(['example_kubernetes_executor']) retrieved from /home/airflow/.local/lib/python3.7/site-packages/airflow/example_dags/example_kubernetes_executor.py
[2022-09-15 01:02:02,176] {logging_mixin.py:115} INFO - [2022-09-15 01:02:02,176] {dag.py:2371} INFO - Sync 1 DAGs
[2022-09-15 01:02:02,222] {logging_mixin.py:115} INFO - [2022-09-15 01:02:02,222] {dag.py:2919} INFO - Setting next_dagrun for example_kubernetes_executor to None, run_after=None
[2022-09-15 01:02:02,252] {processor.py:161} INFO - Processing /home/airflow/.local/lib/python3.7/site-packages/airflow/example_dags/example_kubernetes_executor.py took 0.166 seconds
[2022-09-15 01:02:32,729] {processor.py:153} INFO - Started process (PID=97038) to work on /home/airflow/.local/lib/python3.7/site-packages/airflow/example_dags/example_kubernetes_executor.py
[2022-09-15 01:02:32,737] {processor.py:641} INFO - Processing file /home/airflow/.local/lib/python3.7/site-packages/airflow/example_dags/example_kubernetes_executor.py for tasks to queue
[2022-09-15 01:02:32,740] {logging_mixin.py:115} INFO - [2022-09-15 01:02:32,740] {dagbag.py:507} INFO - Filling up the DagBag from /home/airflow/.local/lib/python3.7/site-packages/airflow/example_dags/example_kubernetes_executor.py
[2022-09-15 01:02:32,876] {processor.py:651} INFO - DAG(s) dict_keys(['example_kubernetes_executor']) retrieved from /home/airflow/.local/lib/python3.7/site-packages/airflow/example_dags/example_kubernetes_executor.py
[2022-09-15 01:02:32,939] {logging_mixin.py:115} INFO - [2022-09-15 01:02:32,939] {dag.py:2371} INFO - Sync 1 DAGs
[2022-09-15 01:02:32,972] {logging_mixin.py:115} INFO - [2022-09-15 01:02:32,972] {dag.py:2919} INFO - Setting next_dagrun for example_kubernetes_executor to None, run_after=None
[2022-09-15 01:02:32,993] {processor.py:161} INFO - Processing /home/airflow/.local/lib/python3.7/site-packages/airflow/example_dags/example_kubernetes_executor.py took 0.269 seconds
[2022-09-15 01:03:03,180] {processor.py:153} INFO - Started process (PID=97096) to work on /home/airflow/.local/lib/python3.7/site-packages/airflow/example_dags/example_kubernetes_executor.py
[2022-09-15 01:03:03,181] {processor.py:641} INFO - Processing file /home/airflow/.local/lib/python3.7/site-packages/airflow/example_dags/example_kubernetes_executor.py for tasks to queue
[2022-09-15 01:03:03,183] {logging_mixin.py:115} INFO - [2022-09-15 01:03:03,183] {dagbag.py:507} INFO - Filling up the DagBag from /home/airflow/.local/lib/python3.7/site-packages/airflow/example_dags/example_kubernetes_executor.py
[2022-09-15 01:03:03,210] {processor.py:651} INFO - DAG(s) dict_keys(['example_kubernetes_executor']) retrieved from /home/airflow/.local/lib/python3.7/site-packages/airflow/example_dags/example_kubernetes_executor.py
[2022-09-15 01:03:03,240] {logging_mixin.py:115} INFO - [2022-09-15 01:03:03,240] {dag.py:2371} INFO - Sync 1 DAGs
[2022-09-15 01:03:03,264] {logging_mixin.py:115} INFO - [2022-09-15 01:03:03,264] {dag.py:2919} INFO - Setting next_dagrun for example_kubernetes_executor to None, run_after=None
[2022-09-15 01:03:03,280] {processor.py:161} INFO - Processing /home/airflow/.local/lib/python3.7/site-packages/airflow/example_dags/example_kubernetes_executor.py took 0.104 seconds
[2022-09-15 01:03:33,561] {processor.py:153} INFO - Started process (PID=97167) to work on /home/airflow/.local/lib/python3.7/site-packages/airflow/example_dags/example_kubernetes_executor.py
[2022-09-15 01:03:33,563] {processor.py:641} INFO - Processing file /home/airflow/.local/lib/python3.7/site-packages/airflow/example_dags/example_kubernetes_executor.py for tasks to queue
[2022-09-15 01:03:33,565] {logging_mixin.py:115} INFO - [2022-09-15 01:03:33,565] {dagbag.py:507} INFO - Filling up the DagBag from /home/airflow/.local/lib/python3.7/site-packages/airflow/example_dags/example_kubernetes_executor.py
[2022-09-15 01:03:33,595] {processor.py:651} INFO - DAG(s) dict_keys(['example_kubernetes_executor']) retrieved from /home/airflow/.local/lib/python3.7/site-packages/airflow/example_dags/example_kubernetes_executor.py
[2022-09-15 01:03:33,631] {logging_mixin.py:115} INFO - [2022-09-15 01:03:33,631] {dag.py:2371} INFO - Sync 1 DAGs
[2022-09-15 01:03:33,657] {logging_mixin.py:115} INFO - [2022-09-15 01:03:33,656] {dag.py:2919} INFO - Setting next_dagrun for example_kubernetes_executor to None, run_after=None
[2022-09-15 01:03:33,671] {processor.py:161} INFO - Processing /home/airflow/.local/lib/python3.7/site-packages/airflow/example_dags/example_kubernetes_executor.py took 0.114 seconds
[2022-09-15 01:04:04,222] {processor.py:153} INFO - Started process (PID=97225) to work on /home/airflow/.local/lib/python3.7/site-packages/airflow/example_dags/example_kubernetes_executor.py
[2022-09-15 01:04:04,224] {processor.py:641} INFO - Processing file /home/airflow/.local/lib/python3.7/site-packages/airflow/example_dags/example_kubernetes_executor.py for tasks to queue
[2022-09-15 01:04:04,227] {logging_mixin.py:115} INFO - [2022-09-15 01:04:04,226] {dagbag.py:507} INFO - Filling up the DagBag from /home/airflow/.local/lib/python3.7/site-packages/airflow/example_dags/example_kubernetes_executor.py
[2022-09-15 01:04:04,256] {processor.py:651} INFO - DAG(s) dict_keys(['example_kubernetes_executor']) retrieved from /home/airflow/.local/lib/python3.7/site-packages/airflow/example_dags/example_kubernetes_executor.py
[2022-09-15 01:04:04,290] {logging_mixin.py:115} INFO - [2022-09-15 01:04:04,290] {dag.py:2371} INFO - Sync 1 DAGs
[2022-09-15 01:04:04,316] {logging_mixin.py:115} INFO - [2022-09-15 01:04:04,316] {dag.py:2919} INFO - Setting next_dagrun for example_kubernetes_executor to None, run_after=None
[2022-09-15 01:04:04,334] {processor.py:161} INFO - Processing /home/airflow/.local/lib/python3.7/site-packages/airflow/example_dags/example_kubernetes_executor.py took 0.121 seconds
[2022-09-15 01:04:35,272] {processor.py:153} INFO - Started process (PID=97291) to work on /home/airflow/.local/lib/python3.7/site-packages/airflow/example_dags/example_kubernetes_executor.py
[2022-09-15 01:04:35,274] {processor.py:641} INFO - Processing file /home/airflow/.local/lib/python3.7/site-packages/airflow/example_dags/example_kubernetes_executor.py for tasks to queue
[2022-09-15 01:04:35,275] {logging_mixin.py:115} INFO - [2022-09-15 01:04:35,275] {dagbag.py:507} INFO - Filling up the DagBag from /home/airflow/.local/lib/python3.7/site-packages/airflow/example_dags/example_kubernetes_executor.py
[2022-09-15 01:04:35,329] {processor.py:651} INFO - DAG(s) dict_keys(['example_kubernetes_executor']) retrieved from /home/airflow/.local/lib/python3.7/site-packages/airflow/example_dags/example_kubernetes_executor.py
[2022-09-15 01:04:35,371] {logging_mixin.py:115} INFO - [2022-09-15 01:04:35,371] {dag.py:2371} INFO - Sync 1 DAGs
[2022-09-15 01:04:35,408] {logging_mixin.py:115} INFO - [2022-09-15 01:04:35,408] {dag.py:2919} INFO - Setting next_dagrun for example_kubernetes_executor to None, run_after=None
[2022-09-15 01:04:35,422] {processor.py:161} INFO - Processing /home/airflow/.local/lib/python3.7/site-packages/airflow/example_dags/example_kubernetes_executor.py took 0.158 seconds
[2022-09-15 01:05:06,274] {processor.py:153} INFO - Started process (PID=97360) to work on /home/airflow/.local/lib/python3.7/site-packages/airflow/example_dags/example_kubernetes_executor.py
[2022-09-15 01:05:06,276] {processor.py:641} INFO - Processing file /home/airflow/.local/lib/python3.7/site-packages/airflow/example_dags/example_kubernetes_executor.py for tasks to queue
[2022-09-15 01:05:06,277] {logging_mixin.py:115} INFO - [2022-09-15 01:05:06,277] {dagbag.py:507} INFO - Filling up the DagBag from /home/airflow/.local/lib/python3.7/site-packages/airflow/example_dags/example_kubernetes_executor.py
[2022-09-15 01:05:06,306] {processor.py:651} INFO - DAG(s) dict_keys(['example_kubernetes_executor']) retrieved from /home/airflow/.local/lib/python3.7/site-packages/airflow/example_dags/example_kubernetes_executor.py
[2022-09-15 01:05:06,341] {logging_mixin.py:115} INFO - [2022-09-15 01:05:06,340] {dag.py:2371} INFO - Sync 1 DAGs
[2022-09-15 01:05:06,367] {logging_mixin.py:115} INFO - [2022-09-15 01:05:06,367] {dag.py:2919} INFO - Setting next_dagrun for example_kubernetes_executor to None, run_after=None
[2022-09-15 01:05:06,382] {processor.py:161} INFO - Processing /home/airflow/.local/lib/python3.7/site-packages/airflow/example_dags/example_kubernetes_executor.py took 0.112 seconds
[2022-09-15 01:05:37,138] {processor.py:153} INFO - Started process (PID=97421) to work on /home/airflow/.local/lib/python3.7/site-packages/airflow/example_dags/example_kubernetes_executor.py
[2022-09-15 01:05:37,139] {processor.py:641} INFO - Processing file /home/airflow/.local/lib/python3.7/site-packages/airflow/example_dags/example_kubernetes_executor.py for tasks to queue
[2022-09-15 01:05:37,141] {logging_mixin.py:115} INFO - [2022-09-15 01:05:37,141] {dagbag.py:507} INFO - Filling up the DagBag from /home/airflow/.local/lib/python3.7/site-packages/airflow/example_dags/example_kubernetes_executor.py
[2022-09-15 01:05:37,169] {processor.py:651} INFO - DAG(s) dict_keys(['example_kubernetes_executor']) retrieved from /home/airflow/.local/lib/python3.7/site-packages/airflow/example_dags/example_kubernetes_executor.py
[2022-09-15 01:05:37,203] {logging_mixin.py:115} INFO - [2022-09-15 01:05:37,203] {dag.py:2371} INFO - Sync 1 DAGs
[2022-09-15 01:05:37,227] {logging_mixin.py:115} INFO - [2022-09-15 01:05:37,226] {dag.py:2919} INFO - Setting next_dagrun for example_kubernetes_executor to None, run_after=None
[2022-09-15 01:05:37,243] {processor.py:161} INFO - Processing /home/airflow/.local/lib/python3.7/site-packages/airflow/example_dags/example_kubernetes_executor.py took 0.109 seconds
[2022-09-15 01:06:08,088] {processor.py:153} INFO - Started process (PID=97490) to work on /home/airflow/.local/lib/python3.7/site-packages/airflow/example_dags/example_kubernetes_executor.py
[2022-09-15 01:06:08,090] {processor.py:641} INFO - Processing file /home/airflow/.local/lib/python3.7/site-packages/airflow/example_dags/example_kubernetes_executor.py for tasks to queue
[2022-09-15 01:06:08,091] {logging_mixin.py:115} INFO - [2022-09-15 01:06:08,091] {dagbag.py:507} INFO - Filling up the DagBag from /home/airflow/.local/lib/python3.7/site-packages/airflow/example_dags/example_kubernetes_executor.py
[2022-09-15 01:06:08,124] {processor.py:651} INFO - DAG(s) dict_keys(['example_kubernetes_executor']) retrieved from /home/airflow/.local/lib/python3.7/site-packages/airflow/example_dags/example_kubernetes_executor.py
[2022-09-15 01:06:08,166] {logging_mixin.py:115} INFO - [2022-09-15 01:06:08,166] {dag.py:2371} INFO - Sync 1 DAGs
[2022-09-15 01:06:08,193] {logging_mixin.py:115} INFO - [2022-09-15 01:06:08,193] {dag.py:2919} INFO - Setting next_dagrun for example_kubernetes_executor to None, run_after=None
[2022-09-15 01:06:08,208] {processor.py:161} INFO - Processing /home/airflow/.local/lib/python3.7/site-packages/airflow/example_dags/example_kubernetes_executor.py took 0.124 seconds
[2022-09-15 01:06:38,292] {processor.py:153} INFO - Started process (PID=97555) to work on /home/airflow/.local/lib/python3.7/site-packages/airflow/example_dags/example_kubernetes_executor.py
[2022-09-15 01:06:38,296] {processor.py:641} INFO - Processing file /home/airflow/.local/lib/python3.7/site-packages/airflow/example_dags/example_kubernetes_executor.py for tasks to queue
[2022-09-15 01:06:38,298] {logging_mixin.py:115} INFO - [2022-09-15 01:06:38,298] {dagbag.py:507} INFO - Filling up the DagBag from /home/airflow/.local/lib/python3.7/site-packages/airflow/example_dags/example_kubernetes_executor.py
[2022-09-15 01:06:38,340] {processor.py:651} INFO - DAG(s) dict_keys(['example_kubernetes_executor']) retrieved from /home/airflow/.local/lib/python3.7/site-packages/airflow/example_dags/example_kubernetes_executor.py
[2022-09-15 01:06:38,372] {logging_mixin.py:115} INFO - [2022-09-15 01:06:38,372] {dag.py:2371} INFO - Sync 1 DAGs
[2022-09-15 01:06:38,396] {logging_mixin.py:115} INFO - [2022-09-15 01:06:38,396] {dag.py:2919} INFO - Setting next_dagrun for example_kubernetes_executor to None, run_after=None
[2022-09-15 01:06:38,412] {processor.py:161} INFO - Processing /home/airflow/.local/lib/python3.7/site-packages/airflow/example_dags/example_kubernetes_executor.py took 0.125 seconds
[2022-09-15 01:07:08,472] {processor.py:153} INFO - Started process (PID=97614) to work on /home/airflow/.local/lib/python3.7/site-packages/airflow/example_dags/example_kubernetes_executor.py
[2022-09-15 01:07:08,474] {processor.py:641} INFO - Processing file /home/airflow/.local/lib/python3.7/site-packages/airflow/example_dags/example_kubernetes_executor.py for tasks to queue
[2022-09-15 01:07:08,476] {logging_mixin.py:115} INFO - [2022-09-15 01:07:08,476] {dagbag.py:507} INFO - Filling up the DagBag from /home/airflow/.local/lib/python3.7/site-packages/airflow/example_dags/example_kubernetes_executor.py
[2022-09-15 01:07:08,509] {processor.py:651} INFO - DAG(s) dict_keys(['example_kubernetes_executor']) retrieved from /home/airflow/.local/lib/python3.7/site-packages/airflow/example_dags/example_kubernetes_executor.py
[2022-09-15 01:07:08,555] {logging_mixin.py:115} INFO - [2022-09-15 01:07:08,555] {dag.py:2371} INFO - Sync 1 DAGs
[2022-09-15 01:07:08,583] {logging_mixin.py:115} INFO - [2022-09-15 01:07:08,583] {dag.py:2919} INFO - Setting next_dagrun for example_kubernetes_executor to None, run_after=None
[2022-09-15 01:07:08,603] {processor.py:161} INFO - Processing /home/airflow/.local/lib/python3.7/site-packages/airflow/example_dags/example_kubernetes_executor.py took 0.136 seconds
[2022-09-15 01:07:39,070] {processor.py:153} INFO - Started process (PID=97682) to work on /home/airflow/.local/lib/python3.7/site-packages/airflow/example_dags/example_kubernetes_executor.py
[2022-09-15 01:07:39,071] {processor.py:641} INFO - Processing file /home/airflow/.local/lib/python3.7/site-packages/airflow/example_dags/example_kubernetes_executor.py for tasks to queue
[2022-09-15 01:07:39,072] {logging_mixin.py:115} INFO - [2022-09-15 01:07:39,072] {dagbag.py:507} INFO - Filling up the DagBag from /home/airflow/.local/lib/python3.7/site-packages/airflow/example_dags/example_kubernetes_executor.py
[2022-09-15 01:07:39,101] {processor.py:651} INFO - DAG(s) dict_keys(['example_kubernetes_executor']) retrieved from /home/airflow/.local/lib/python3.7/site-packages/airflow/example_dags/example_kubernetes_executor.py
[2022-09-15 01:07:39,135] {logging_mixin.py:115} INFO - [2022-09-15 01:07:39,135] {dag.py:2371} INFO - Sync 1 DAGs
[2022-09-15 01:07:39,158] {logging_mixin.py:115} INFO - [2022-09-15 01:07:39,158] {dag.py:2919} INFO - Setting next_dagrun for example_kubernetes_executor to None, run_after=None
[2022-09-15 01:07:39,174] {processor.py:161} INFO - Processing /home/airflow/.local/lib/python3.7/site-packages/airflow/example_dags/example_kubernetes_executor.py took 0.108 seconds
[2022-09-15 01:08:09,979] {processor.py:153} INFO - Started process (PID=97742) to work on /home/airflow/.local/lib/python3.7/site-packages/airflow/example_dags/example_kubernetes_executor.py
[2022-09-15 01:08:09,981] {processor.py:641} INFO - Processing file /home/airflow/.local/lib/python3.7/site-packages/airflow/example_dags/example_kubernetes_executor.py for tasks to queue
[2022-09-15 01:08:09,983] {logging_mixin.py:115} INFO - [2022-09-15 01:08:09,983] {dagbag.py:507} INFO - Filling up the DagBag from /home/airflow/.local/lib/python3.7/site-packages/airflow/example_dags/example_kubernetes_executor.py
[2022-09-15 01:08:10,016] {processor.py:651} INFO - DAG(s) dict_keys(['example_kubernetes_executor']) retrieved from /home/airflow/.local/lib/python3.7/site-packages/airflow/example_dags/example_kubernetes_executor.py
[2022-09-15 01:08:10,047] {logging_mixin.py:115} INFO - [2022-09-15 01:08:10,047] {dag.py:2371} INFO - Sync 1 DAGs
[2022-09-15 01:08:10,071] {logging_mixin.py:115} INFO - [2022-09-15 01:08:10,071] {dag.py:2919} INFO - Setting next_dagrun for example_kubernetes_executor to None, run_after=None
[2022-09-15 01:08:10,137] {processor.py:161} INFO - Processing /home/airflow/.local/lib/python3.7/site-packages/airflow/example_dags/example_kubernetes_executor.py took 0.163 seconds
[2022-09-15 01:08:40,335] {processor.py:153} INFO - Started process (PID=97810) to work on /home/airflow/.local/lib/python3.7/site-packages/airflow/example_dags/example_kubernetes_executor.py
[2022-09-15 01:08:40,337] {processor.py:641} INFO - Processing file /home/airflow/.local/lib/python3.7/site-packages/airflow/example_dags/example_kubernetes_executor.py for tasks to queue
[2022-09-15 01:08:40,339] {logging_mixin.py:115} INFO - [2022-09-15 01:08:40,339] {dagbag.py:507} INFO - Filling up the DagBag from /home/airflow/.local/lib/python3.7/site-packages/airflow/example_dags/example_kubernetes_executor.py
[2022-09-15 01:08:40,372] {processor.py:651} INFO - DAG(s) dict_keys(['example_kubernetes_executor']) retrieved from /home/airflow/.local/lib/python3.7/site-packages/airflow/example_dags/example_kubernetes_executor.py
[2022-09-15 01:08:40,426] {logging_mixin.py:115} INFO - [2022-09-15 01:08:40,426] {dag.py:2371} INFO - Sync 1 DAGs
[2022-09-15 01:08:40,479] {logging_mixin.py:115} INFO - [2022-09-15 01:08:40,479] {dag.py:2919} INFO - Setting next_dagrun for example_kubernetes_executor to None, run_after=None
[2022-09-15 01:08:40,497] {processor.py:161} INFO - Processing /home/airflow/.local/lib/python3.7/site-packages/airflow/example_dags/example_kubernetes_executor.py took 0.167 seconds
[2022-09-15 01:09:10,603] {processor.py:153} INFO - Started process (PID=97876) to work on /home/airflow/.local/lib/python3.7/site-packages/airflow/example_dags/example_kubernetes_executor.py
[2022-09-15 01:09:10,604] {processor.py:641} INFO - Processing file /home/airflow/.local/lib/python3.7/site-packages/airflow/example_dags/example_kubernetes_executor.py for tasks to queue
[2022-09-15 01:09:10,606] {logging_mixin.py:115} INFO - [2022-09-15 01:09:10,606] {dagbag.py:507} INFO - Filling up the DagBag from /home/airflow/.local/lib/python3.7/site-packages/airflow/example_dags/example_kubernetes_executor.py
[2022-09-15 01:09:10,634] {processor.py:651} INFO - DAG(s) dict_keys(['example_kubernetes_executor']) retrieved from /home/airflow/.local/lib/python3.7/site-packages/airflow/example_dags/example_kubernetes_executor.py
[2022-09-15 01:09:10,667] {logging_mixin.py:115} INFO - [2022-09-15 01:09:10,667] {dag.py:2371} INFO - Sync 1 DAGs
[2022-09-15 01:09:10,697] {logging_mixin.py:115} INFO - [2022-09-15 01:09:10,697] {dag.py:2919} INFO - Setting next_dagrun for example_kubernetes_executor to None, run_after=None
[2022-09-15 01:09:10,715] {processor.py:161} INFO - Processing /home/airflow/.local/lib/python3.7/site-packages/airflow/example_dags/example_kubernetes_executor.py took 0.116 seconds
[2022-09-15 01:09:40,923] {processor.py:153} INFO - Started process (PID=97933) to work on /home/airflow/.local/lib/python3.7/site-packages/airflow/example_dags/example_kubernetes_executor.py
[2022-09-15 01:09:40,925] {processor.py:641} INFO - Processing file /home/airflow/.local/lib/python3.7/site-packages/airflow/example_dags/example_kubernetes_executor.py for tasks to queue
[2022-09-15 01:09:40,954] {logging_mixin.py:115} INFO - [2022-09-15 01:09:40,954] {dagbag.py:507} INFO - Filling up the DagBag from /home/airflow/.local/lib/python3.7/site-packages/airflow/example_dags/example_kubernetes_executor.py
[2022-09-15 01:09:40,986] {processor.py:651} INFO - DAG(s) dict_keys(['example_kubernetes_executor']) retrieved from /home/airflow/.local/lib/python3.7/site-packages/airflow/example_dags/example_kubernetes_executor.py
[2022-09-15 01:09:41,023] {logging_mixin.py:115} INFO - [2022-09-15 01:09:41,022] {dag.py:2371} INFO - Sync 1 DAGs
[2022-09-15 01:09:41,052] {logging_mixin.py:115} INFO - [2022-09-15 01:09:41,052] {dag.py:2919} INFO - Setting next_dagrun for example_kubernetes_executor to None, run_after=None
[2022-09-15 01:09:41,067] {processor.py:161} INFO - Processing /home/airflow/.local/lib/python3.7/site-packages/airflow/example_dags/example_kubernetes_executor.py took 0.148 seconds
[2022-09-15 01:10:11,165] {processor.py:153} INFO - Started process (PID=98000) to work on /home/airflow/.local/lib/python3.7/site-packages/airflow/example_dags/example_kubernetes_executor.py
[2022-09-15 01:10:11,167] {processor.py:641} INFO - Processing file /home/airflow/.local/lib/python3.7/site-packages/airflow/example_dags/example_kubernetes_executor.py for tasks to queue
[2022-09-15 01:10:11,170] {logging_mixin.py:115} INFO - [2022-09-15 01:10:11,169] {dagbag.py:507} INFO - Filling up the DagBag from /home/airflow/.local/lib/python3.7/site-packages/airflow/example_dags/example_kubernetes_executor.py
[2022-09-15 01:10:11,199] {processor.py:651} INFO - DAG(s) dict_keys(['example_kubernetes_executor']) retrieved from /home/airflow/.local/lib/python3.7/site-packages/airflow/example_dags/example_kubernetes_executor.py
[2022-09-15 01:10:11,245] {logging_mixin.py:115} INFO - [2022-09-15 01:10:11,244] {dag.py:2371} INFO - Sync 1 DAGs
[2022-09-15 01:10:11,271] {logging_mixin.py:115} INFO - [2022-09-15 01:10:11,271] {dag.py:2919} INFO - Setting next_dagrun for example_kubernetes_executor to None, run_after=None
[2022-09-15 01:10:11,286] {processor.py:161} INFO - Processing /home/airflow/.local/lib/python3.7/site-packages/airflow/example_dags/example_kubernetes_executor.py took 0.125 seconds
[2022-09-15 01:10:41,333] {processor.py:153} INFO - Started process (PID=98067) to work on /home/airflow/.local/lib/python3.7/site-packages/airflow/example_dags/example_kubernetes_executor.py
[2022-09-15 01:10:41,334] {processor.py:641} INFO - Processing file /home/airflow/.local/lib/python3.7/site-packages/airflow/example_dags/example_kubernetes_executor.py for tasks to queue
[2022-09-15 01:10:41,337] {logging_mixin.py:115} INFO - [2022-09-15 01:10:41,336] {dagbag.py:507} INFO - Filling up the DagBag from /home/airflow/.local/lib/python3.7/site-packages/airflow/example_dags/example_kubernetes_executor.py
[2022-09-15 01:10:41,366] {processor.py:651} INFO - DAG(s) dict_keys(['example_kubernetes_executor']) retrieved from /home/airflow/.local/lib/python3.7/site-packages/airflow/example_dags/example_kubernetes_executor.py
[2022-09-15 01:10:41,397] {logging_mixin.py:115} INFO - [2022-09-15 01:10:41,397] {dag.py:2371} INFO - Sync 1 DAGs
[2022-09-15 01:10:41,421] {logging_mixin.py:115} INFO - [2022-09-15 01:10:41,421] {dag.py:2919} INFO - Setting next_dagrun for example_kubernetes_executor to None, run_after=None
[2022-09-15 01:10:41,436] {processor.py:161} INFO - Processing /home/airflow/.local/lib/python3.7/site-packages/airflow/example_dags/example_kubernetes_executor.py took 0.107 seconds
[2022-09-15 01:11:12,388] {processor.py:153} INFO - Started process (PID=98125) to work on /home/airflow/.local/lib/python3.7/site-packages/airflow/example_dags/example_kubernetes_executor.py
[2022-09-15 01:11:12,392] {processor.py:641} INFO - Processing file /home/airflow/.local/lib/python3.7/site-packages/airflow/example_dags/example_kubernetes_executor.py for tasks to queue
[2022-09-15 01:11:12,394] {logging_mixin.py:115} INFO - [2022-09-15 01:11:12,394] {dagbag.py:507} INFO - Filling up the DagBag from /home/airflow/.local/lib/python3.7/site-packages/airflow/example_dags/example_kubernetes_executor.py
[2022-09-15 01:11:12,424] {processor.py:651} INFO - DAG(s) dict_keys(['example_kubernetes_executor']) retrieved from /home/airflow/.local/lib/python3.7/site-packages/airflow/example_dags/example_kubernetes_executor.py
[2022-09-15 01:11:12,489] {logging_mixin.py:115} INFO - [2022-09-15 01:11:12,489] {dag.py:2371} INFO - Sync 1 DAGs
[2022-09-15 01:11:12,529] {logging_mixin.py:115} INFO - [2022-09-15 01:11:12,529] {dag.py:2919} INFO - Setting next_dagrun for example_kubernetes_executor to None, run_after=None
[2022-09-15 01:11:12,549] {processor.py:161} INFO - Processing /home/airflow/.local/lib/python3.7/site-packages/airflow/example_dags/example_kubernetes_executor.py took 0.168 seconds
[2022-09-15 01:11:43,296] {processor.py:153} INFO - Started process (PID=98193) to work on /home/airflow/.local/lib/python3.7/site-packages/airflow/example_dags/example_kubernetes_executor.py
[2022-09-15 01:11:43,298] {processor.py:641} INFO - Processing file /home/airflow/.local/lib/python3.7/site-packages/airflow/example_dags/example_kubernetes_executor.py for tasks to queue
[2022-09-15 01:11:43,299] {logging_mixin.py:115} INFO - [2022-09-15 01:11:43,299] {dagbag.py:507} INFO - Filling up the DagBag from /home/airflow/.local/lib/python3.7/site-packages/airflow/example_dags/example_kubernetes_executor.py
[2022-09-15 01:11:43,333] {processor.py:651} INFO - DAG(s) dict_keys(['example_kubernetes_executor']) retrieved from /home/airflow/.local/lib/python3.7/site-packages/airflow/example_dags/example_kubernetes_executor.py
[2022-09-15 01:11:43,393] {logging_mixin.py:115} INFO - [2022-09-15 01:11:43,393] {dag.py:2371} INFO - Sync 1 DAGs
[2022-09-15 01:11:43,422] {logging_mixin.py:115} INFO - [2022-09-15 01:11:43,422] {dag.py:2919} INFO - Setting next_dagrun for example_kubernetes_executor to None, run_after=None
[2022-09-15 01:11:43,440] {processor.py:161} INFO - Processing /home/airflow/.local/lib/python3.7/site-packages/airflow/example_dags/example_kubernetes_executor.py took 0.149 seconds
[2022-09-15 01:12:14,274] {processor.py:153} INFO - Started process (PID=98260) to work on /home/airflow/.local/lib/python3.7/site-packages/airflow/example_dags/example_kubernetes_executor.py
[2022-09-15 01:12:14,276] {processor.py:641} INFO - Processing file /home/airflow/.local/lib/python3.7/site-packages/airflow/example_dags/example_kubernetes_executor.py for tasks to queue
[2022-09-15 01:12:14,277] {logging_mixin.py:115} INFO - [2022-09-15 01:12:14,277] {dagbag.py:507} INFO - Filling up the DagBag from /home/airflow/.local/lib/python3.7/site-packages/airflow/example_dags/example_kubernetes_executor.py
[2022-09-15 01:12:14,308] {processor.py:651} INFO - DAG(s) dict_keys(['example_kubernetes_executor']) retrieved from /home/airflow/.local/lib/python3.7/site-packages/airflow/example_dags/example_kubernetes_executor.py
[2022-09-15 01:12:14,347] {logging_mixin.py:115} INFO - [2022-09-15 01:12:14,347] {dag.py:2371} INFO - Sync 1 DAGs
[2022-09-15 01:12:14,372] {logging_mixin.py:115} INFO - [2022-09-15 01:12:14,372] {dag.py:2919} INFO - Setting next_dagrun for example_kubernetes_executor to None, run_after=None
[2022-09-15 01:12:14,388] {processor.py:161} INFO - Processing /home/airflow/.local/lib/python3.7/site-packages/airflow/example_dags/example_kubernetes_executor.py took 0.117 seconds
[2022-09-15 01:12:44,945] {processor.py:153} INFO - Started process (PID=98317) to work on /home/airflow/.local/lib/python3.7/site-packages/airflow/example_dags/example_kubernetes_executor.py
[2022-09-15 01:12:44,946] {processor.py:641} INFO - Processing file /home/airflow/.local/lib/python3.7/site-packages/airflow/example_dags/example_kubernetes_executor.py for tasks to queue
[2022-09-15 01:12:44,949] {logging_mixin.py:115} INFO - [2022-09-15 01:12:44,948] {dagbag.py:507} INFO - Filling up the DagBag from /home/airflow/.local/lib/python3.7/site-packages/airflow/example_dags/example_kubernetes_executor.py
[2022-09-15 01:12:44,977] {processor.py:651} INFO - DAG(s) dict_keys(['example_kubernetes_executor']) retrieved from /home/airflow/.local/lib/python3.7/site-packages/airflow/example_dags/example_kubernetes_executor.py
[2022-09-15 01:12:45,009] {logging_mixin.py:115} INFO - [2022-09-15 01:12:45,009] {dag.py:2371} INFO - Sync 1 DAGs
[2022-09-15 01:12:45,033] {logging_mixin.py:115} INFO - [2022-09-15 01:12:45,033] {dag.py:2919} INFO - Setting next_dagrun for example_kubernetes_executor to None, run_after=None
[2022-09-15 01:12:45,055] {processor.py:161} INFO - Processing /home/airflow/.local/lib/python3.7/site-packages/airflow/example_dags/example_kubernetes_executor.py took 0.114 seconds
[2022-09-15 01:13:15,973] {processor.py:153} INFO - Started process (PID=98387) to work on /home/airflow/.local/lib/python3.7/site-packages/airflow/example_dags/example_kubernetes_executor.py
[2022-09-15 01:13:15,978] {processor.py:641} INFO - Processing file /home/airflow/.local/lib/python3.7/site-packages/airflow/example_dags/example_kubernetes_executor.py for tasks to queue
[2022-09-15 01:13:15,980] {logging_mixin.py:115} INFO - [2022-09-15 01:13:15,980] {dagbag.py:507} INFO - Filling up the DagBag from /home/airflow/.local/lib/python3.7/site-packages/airflow/example_dags/example_kubernetes_executor.py
[2022-09-15 01:13:16,054] {processor.py:651} INFO - DAG(s) dict_keys(['example_kubernetes_executor']) retrieved from /home/airflow/.local/lib/python3.7/site-packages/airflow/example_dags/example_kubernetes_executor.py
[2022-09-15 01:13:16,200] {logging_mixin.py:115} INFO - [2022-09-15 01:13:16,200] {dag.py:2371} INFO - Sync 1 DAGs
[2022-09-15 01:13:16,242] {logging_mixin.py:115} INFO - [2022-09-15 01:13:16,242] {dag.py:2919} INFO - Setting next_dagrun for example_kubernetes_executor to None, run_after=None
[2022-09-15 01:13:16,258] {processor.py:161} INFO - Processing /home/airflow/.local/lib/python3.7/site-packages/airflow/example_dags/example_kubernetes_executor.py took 0.297 seconds
[2022-09-15 01:13:46,894] {processor.py:153} INFO - Started process (PID=98457) to work on /home/airflow/.local/lib/python3.7/site-packages/airflow/example_dags/example_kubernetes_executor.py
[2022-09-15 01:13:46,895] {processor.py:641} INFO - Processing file /home/airflow/.local/lib/python3.7/site-packages/airflow/example_dags/example_kubernetes_executor.py for tasks to queue
[2022-09-15 01:13:46,897] {logging_mixin.py:115} INFO - [2022-09-15 01:13:46,897] {dagbag.py:507} INFO - Filling up the DagBag from /home/airflow/.local/lib/python3.7/site-packages/airflow/example_dags/example_kubernetes_executor.py
[2022-09-15 01:13:46,926] {processor.py:651} INFO - DAG(s) dict_keys(['example_kubernetes_executor']) retrieved from /home/airflow/.local/lib/python3.7/site-packages/airflow/example_dags/example_kubernetes_executor.py
[2022-09-15 01:13:46,962] {logging_mixin.py:115} INFO - [2022-09-15 01:13:46,962] {dag.py:2371} INFO - Sync 1 DAGs
[2022-09-15 01:13:46,994] {logging_mixin.py:115} INFO - [2022-09-15 01:13:46,994] {dag.py:2919} INFO - Setting next_dagrun for example_kubernetes_executor to None, run_after=None
[2022-09-15 01:13:47,010] {processor.py:161} INFO - Processing /home/airflow/.local/lib/python3.7/site-packages/airflow/example_dags/example_kubernetes_executor.py took 0.123 seconds
[2022-09-15 01:14:17,235] {processor.py:153} INFO - Started process (PID=98515) to work on /home/airflow/.local/lib/python3.7/site-packages/airflow/example_dags/example_kubernetes_executor.py
[2022-09-15 01:14:17,237] {processor.py:641} INFO - Processing file /home/airflow/.local/lib/python3.7/site-packages/airflow/example_dags/example_kubernetes_executor.py for tasks to queue
[2022-09-15 01:14:17,238] {logging_mixin.py:115} INFO - [2022-09-15 01:14:17,238] {dagbag.py:507} INFO - Filling up the DagBag from /home/airflow/.local/lib/python3.7/site-packages/airflow/example_dags/example_kubernetes_executor.py
[2022-09-15 01:14:17,266] {processor.py:651} INFO - DAG(s) dict_keys(['example_kubernetes_executor']) retrieved from /home/airflow/.local/lib/python3.7/site-packages/airflow/example_dags/example_kubernetes_executor.py
[2022-09-15 01:14:17,299] {logging_mixin.py:115} INFO - [2022-09-15 01:14:17,299] {dag.py:2371} INFO - Sync 1 DAGs
[2022-09-15 01:14:17,322] {logging_mixin.py:115} INFO - [2022-09-15 01:14:17,322] {dag.py:2919} INFO - Setting next_dagrun for example_kubernetes_executor to None, run_after=None
[2022-09-15 01:14:17,336] {processor.py:161} INFO - Processing /home/airflow/.local/lib/python3.7/site-packages/airflow/example_dags/example_kubernetes_executor.py took 0.105 seconds
[2022-09-15 01:14:48,219] {processor.py:153} INFO - Started process (PID=98583) to work on /home/airflow/.local/lib/python3.7/site-packages/airflow/example_dags/example_kubernetes_executor.py
[2022-09-15 01:14:48,220] {processor.py:641} INFO - Processing file /home/airflow/.local/lib/python3.7/site-packages/airflow/example_dags/example_kubernetes_executor.py for tasks to queue
[2022-09-15 01:14:48,222] {logging_mixin.py:115} INFO - [2022-09-15 01:14:48,222] {dagbag.py:507} INFO - Filling up the DagBag from /home/airflow/.local/lib/python3.7/site-packages/airflow/example_dags/example_kubernetes_executor.py
[2022-09-15 01:14:48,251] {processor.py:651} INFO - DAG(s) dict_keys(['example_kubernetes_executor']) retrieved from /home/airflow/.local/lib/python3.7/site-packages/airflow/example_dags/example_kubernetes_executor.py
[2022-09-15 01:14:48,284] {logging_mixin.py:115} INFO - [2022-09-15 01:14:48,284] {dag.py:2371} INFO - Sync 1 DAGs
[2022-09-15 01:14:48,320] {logging_mixin.py:115} INFO - [2022-09-15 01:14:48,320] {dag.py:2919} INFO - Setting next_dagrun for example_kubernetes_executor to None, run_after=None
[2022-09-15 01:14:48,336] {processor.py:161} INFO - Processing /home/airflow/.local/lib/python3.7/site-packages/airflow/example_dags/example_kubernetes_executor.py took 0.124 seconds
[2022-09-15 01:15:18,524] {processor.py:153} INFO - Started process (PID=98653) to work on /home/airflow/.local/lib/python3.7/site-packages/airflow/example_dags/example_kubernetes_executor.py
[2022-09-15 01:15:18,525] {processor.py:641} INFO - Processing file /home/airflow/.local/lib/python3.7/site-packages/airflow/example_dags/example_kubernetes_executor.py for tasks to queue
[2022-09-15 01:15:18,527] {logging_mixin.py:115} INFO - [2022-09-15 01:15:18,527] {dagbag.py:507} INFO - Filling up the DagBag from /home/airflow/.local/lib/python3.7/site-packages/airflow/example_dags/example_kubernetes_executor.py
[2022-09-15 01:15:18,559] {processor.py:651} INFO - DAG(s) dict_keys(['example_kubernetes_executor']) retrieved from /home/airflow/.local/lib/python3.7/site-packages/airflow/example_dags/example_kubernetes_executor.py
[2022-09-15 01:15:18,594] {logging_mixin.py:115} INFO - [2022-09-15 01:15:18,594] {dag.py:2371} INFO - Sync 1 DAGs
[2022-09-15 01:15:18,629] {logging_mixin.py:115} INFO - [2022-09-15 01:15:18,629] {dag.py:2919} INFO - Setting next_dagrun for example_kubernetes_executor to None, run_after=None
[2022-09-15 01:15:18,643] {processor.py:161} INFO - Processing /home/airflow/.local/lib/python3.7/site-packages/airflow/example_dags/example_kubernetes_executor.py took 0.124 seconds
[2022-09-15 01:15:48,771] {processor.py:153} INFO - Started process (PID=98712) to work on /home/airflow/.local/lib/python3.7/site-packages/airflow/example_dags/example_kubernetes_executor.py
[2022-09-15 01:15:48,772] {processor.py:641} INFO - Processing file /home/airflow/.local/lib/python3.7/site-packages/airflow/example_dags/example_kubernetes_executor.py for tasks to queue
[2022-09-15 01:15:48,774] {logging_mixin.py:115} INFO - [2022-09-15 01:15:48,774] {dagbag.py:507} INFO - Filling up the DagBag from /home/airflow/.local/lib/python3.7/site-packages/airflow/example_dags/example_kubernetes_executor.py
[2022-09-15 01:15:48,801] {processor.py:651} INFO - DAG(s) dict_keys(['example_kubernetes_executor']) retrieved from /home/airflow/.local/lib/python3.7/site-packages/airflow/example_dags/example_kubernetes_executor.py
[2022-09-15 01:15:48,837] {logging_mixin.py:115} INFO - [2022-09-15 01:15:48,837] {dag.py:2371} INFO - Sync 1 DAGs
[2022-09-15 01:15:48,862] {logging_mixin.py:115} INFO - [2022-09-15 01:15:48,861] {dag.py:2919} INFO - Setting next_dagrun for example_kubernetes_executor to None, run_after=None
[2022-09-15 01:15:48,882] {processor.py:161} INFO - Processing /home/airflow/.local/lib/python3.7/site-packages/airflow/example_dags/example_kubernetes_executor.py took 0.116 seconds
[2022-09-15 01:16:19,652] {processor.py:153} INFO - Started process (PID=98778) to work on /home/airflow/.local/lib/python3.7/site-packages/airflow/example_dags/example_kubernetes_executor.py
[2022-09-15 01:16:19,655] {processor.py:641} INFO - Processing file /home/airflow/.local/lib/python3.7/site-packages/airflow/example_dags/example_kubernetes_executor.py for tasks to queue
[2022-09-15 01:16:19,657] {logging_mixin.py:115} INFO - [2022-09-15 01:16:19,657] {dagbag.py:507} INFO - Filling up the DagBag from /home/airflow/.local/lib/python3.7/site-packages/airflow/example_dags/example_kubernetes_executor.py
[2022-09-15 01:16:19,689] {processor.py:651} INFO - DAG(s) dict_keys(['example_kubernetes_executor']) retrieved from /home/airflow/.local/lib/python3.7/site-packages/airflow/example_dags/example_kubernetes_executor.py
[2022-09-15 01:16:19,720] {logging_mixin.py:115} INFO - [2022-09-15 01:16:19,720] {dag.py:2371} INFO - Sync 1 DAGs
[2022-09-15 01:16:19,746] {logging_mixin.py:115} INFO - [2022-09-15 01:16:19,746] {dag.py:2919} INFO - Setting next_dagrun for example_kubernetes_executor to None, run_after=None
[2022-09-15 01:16:19,761] {processor.py:161} INFO - Processing /home/airflow/.local/lib/python3.7/site-packages/airflow/example_dags/example_kubernetes_executor.py took 0.114 seconds
[2022-09-15 01:16:50,615] {processor.py:153} INFO - Started process (PID=98846) to work on /home/airflow/.local/lib/python3.7/site-packages/airflow/example_dags/example_kubernetes_executor.py
[2022-09-15 01:16:50,620] {processor.py:641} INFO - Processing file /home/airflow/.local/lib/python3.7/site-packages/airflow/example_dags/example_kubernetes_executor.py for tasks to queue
[2022-09-15 01:16:50,621] {logging_mixin.py:115} INFO - [2022-09-15 01:16:50,621] {dagbag.py:507} INFO - Filling up the DagBag from /home/airflow/.local/lib/python3.7/site-packages/airflow/example_dags/example_kubernetes_executor.py
[2022-09-15 01:16:50,658] {processor.py:651} INFO - DAG(s) dict_keys(['example_kubernetes_executor']) retrieved from /home/airflow/.local/lib/python3.7/site-packages/airflow/example_dags/example_kubernetes_executor.py
[2022-09-15 01:16:50,694] {logging_mixin.py:115} INFO - [2022-09-15 01:16:50,694] {dag.py:2371} INFO - Sync 1 DAGs
[2022-09-15 01:16:50,718] {logging_mixin.py:115} INFO - [2022-09-15 01:16:50,718] {dag.py:2919} INFO - Setting next_dagrun for example_kubernetes_executor to None, run_after=None
[2022-09-15 01:16:50,735] {processor.py:161} INFO - Processing /home/airflow/.local/lib/python3.7/site-packages/airflow/example_dags/example_kubernetes_executor.py took 0.125 seconds
[2022-09-15 01:17:21,269] {processor.py:153} INFO - Started process (PID=98904) to work on /home/airflow/.local/lib/python3.7/site-packages/airflow/example_dags/example_kubernetes_executor.py
[2022-09-15 01:17:21,271] {processor.py:641} INFO - Processing file /home/airflow/.local/lib/python3.7/site-packages/airflow/example_dags/example_kubernetes_executor.py for tasks to queue
[2022-09-15 01:17:21,274] {logging_mixin.py:115} INFO - [2022-09-15 01:17:21,274] {dagbag.py:507} INFO - Filling up the DagBag from /home/airflow/.local/lib/python3.7/site-packages/airflow/example_dags/example_kubernetes_executor.py
[2022-09-15 01:17:21,303] {processor.py:651} INFO - DAG(s) dict_keys(['example_kubernetes_executor']) retrieved from /home/airflow/.local/lib/python3.7/site-packages/airflow/example_dags/example_kubernetes_executor.py
[2022-09-15 01:17:21,334] {logging_mixin.py:115} INFO - [2022-09-15 01:17:21,334] {dag.py:2371} INFO - Sync 1 DAGs
[2022-09-15 01:17:21,363] {logging_mixin.py:115} INFO - [2022-09-15 01:17:21,363] {dag.py:2919} INFO - Setting next_dagrun for example_kubernetes_executor to None, run_after=None
[2022-09-15 01:17:21,382] {processor.py:161} INFO - Processing /home/airflow/.local/lib/python3.7/site-packages/airflow/example_dags/example_kubernetes_executor.py took 0.117 seconds
[2022-09-15 01:17:51,761] {processor.py:153} INFO - Started process (PID=98973) to work on /home/airflow/.local/lib/python3.7/site-packages/airflow/example_dags/example_kubernetes_executor.py
[2022-09-15 01:17:51,764] {processor.py:641} INFO - Processing file /home/airflow/.local/lib/python3.7/site-packages/airflow/example_dags/example_kubernetes_executor.py for tasks to queue
[2022-09-15 01:17:51,765] {logging_mixin.py:115} INFO - [2022-09-15 01:17:51,765] {dagbag.py:507} INFO - Filling up the DagBag from /home/airflow/.local/lib/python3.7/site-packages/airflow/example_dags/example_kubernetes_executor.py
[2022-09-15 01:17:51,803] {processor.py:651} INFO - DAG(s) dict_keys(['example_kubernetes_executor']) retrieved from /home/airflow/.local/lib/python3.7/site-packages/airflow/example_dags/example_kubernetes_executor.py
[2022-09-15 01:17:51,849] {logging_mixin.py:115} INFO - [2022-09-15 01:17:51,849] {dag.py:2371} INFO - Sync 1 DAGs
[2022-09-15 01:17:51,896] {logging_mixin.py:115} INFO - [2022-09-15 01:17:51,895] {dag.py:2919} INFO - Setting next_dagrun for example_kubernetes_executor to None, run_after=None
[2022-09-15 01:17:51,925] {processor.py:161} INFO - Processing /home/airflow/.local/lib/python3.7/site-packages/airflow/example_dags/example_kubernetes_executor.py took 0.170 seconds
