[2022-09-15 00:41:03,786] {processor.py:153} INFO - Started process (PID=94351) to work on /home/airflow/.local/lib/python3.7/site-packages/airflow/example_dags/example_branch_day_of_week_operator.py
[2022-09-15 00:41:03,789] {processor.py:641} INFO - Processing file /home/airflow/.local/lib/python3.7/site-packages/airflow/example_dags/example_branch_day_of_week_operator.py for tasks to queue
[2022-09-15 00:41:03,792] {logging_mixin.py:115} INFO - [2022-09-15 00:41:03,792] {dagbag.py:507} INFO - Filling up the DagBag from /home/airflow/.local/lib/python3.7/site-packages/airflow/example_dags/example_branch_day_of_week_operator.py
[2022-09-15 00:41:03,825] {processor.py:651} INFO - DAG(s) dict_keys(['example_weekday_branch_operator']) retrieved from /home/airflow/.local/lib/python3.7/site-packages/airflow/example_dags/example_branch_day_of_week_operator.py
[2022-09-15 00:41:03,923] {logging_mixin.py:115} INFO - [2022-09-15 00:41:03,922] {dag.py:2371} INFO - Sync 1 DAGs
[2022-09-15 00:41:04,144] {logging_mixin.py:115} INFO - [2022-09-15 00:41:04,143] {dag.py:2919} INFO - Setting next_dagrun for example_weekday_branch_operator to 2022-09-14T00:00:00+00:00, run_after=2022-09-15T00:00:00+00:00
[2022-09-15 00:41:04,196] {processor.py:161} INFO - Processing /home/airflow/.local/lib/python3.7/site-packages/airflow/example_dags/example_branch_day_of_week_operator.py took 0.422 seconds
[2022-09-15 00:41:34,346] {processor.py:153} INFO - Started process (PID=94409) to work on /home/airflow/.local/lib/python3.7/site-packages/airflow/example_dags/example_branch_day_of_week_operator.py
[2022-09-15 00:41:34,360] {processor.py:641} INFO - Processing file /home/airflow/.local/lib/python3.7/site-packages/airflow/example_dags/example_branch_day_of_week_operator.py for tasks to queue
[2022-09-15 00:41:34,362] {logging_mixin.py:115} INFO - [2022-09-15 00:41:34,362] {dagbag.py:507} INFO - Filling up the DagBag from /home/airflow/.local/lib/python3.7/site-packages/airflow/example_dags/example_branch_day_of_week_operator.py
[2022-09-15 00:41:34,374] {processor.py:651} INFO - DAG(s) dict_keys(['example_weekday_branch_operator']) retrieved from /home/airflow/.local/lib/python3.7/site-packages/airflow/example_dags/example_branch_day_of_week_operator.py
[2022-09-15 00:41:34,426] {logging_mixin.py:115} INFO - [2022-09-15 00:41:34,426] {dag.py:2371} INFO - Sync 1 DAGs
[2022-09-15 00:41:34,465] {logging_mixin.py:115} INFO - [2022-09-15 00:41:34,465] {dag.py:2919} INFO - Setting next_dagrun for example_weekday_branch_operator to 2022-09-14T00:00:00+00:00, run_after=2022-09-15T00:00:00+00:00
[2022-09-15 00:41:34,534] {processor.py:161} INFO - Processing /home/airflow/.local/lib/python3.7/site-packages/airflow/example_dags/example_branch_day_of_week_operator.py took 0.192 seconds
[2022-09-15 00:42:05,261] {processor.py:153} INFO - Started process (PID=94465) to work on /home/airflow/.local/lib/python3.7/site-packages/airflow/example_dags/example_branch_day_of_week_operator.py
[2022-09-15 00:42:05,263] {processor.py:641} INFO - Processing file /home/airflow/.local/lib/python3.7/site-packages/airflow/example_dags/example_branch_day_of_week_operator.py for tasks to queue
[2022-09-15 00:42:05,264] {logging_mixin.py:115} INFO - [2022-09-15 00:42:05,264] {dagbag.py:507} INFO - Filling up the DagBag from /home/airflow/.local/lib/python3.7/site-packages/airflow/example_dags/example_branch_day_of_week_operator.py
[2022-09-15 00:42:05,273] {processor.py:651} INFO - DAG(s) dict_keys(['example_weekday_branch_operator']) retrieved from /home/airflow/.local/lib/python3.7/site-packages/airflow/example_dags/example_branch_day_of_week_operator.py
[2022-09-15 00:42:05,303] {logging_mixin.py:115} INFO - [2022-09-15 00:42:05,303] {dag.py:2371} INFO - Sync 1 DAGs
[2022-09-15 00:42:05,359] {logging_mixin.py:115} INFO - [2022-09-15 00:42:05,359] {dag.py:2919} INFO - Setting next_dagrun for example_weekday_branch_operator to 2022-09-14T00:00:00+00:00, run_after=2022-09-15T00:00:00+00:00
[2022-09-15 00:42:05,374] {processor.py:161} INFO - Processing /home/airflow/.local/lib/python3.7/site-packages/airflow/example_dags/example_branch_day_of_week_operator.py took 0.116 seconds
[2022-09-15 00:42:35,880] {processor.py:153} INFO - Started process (PID=94535) to work on /home/airflow/.local/lib/python3.7/site-packages/airflow/example_dags/example_branch_day_of_week_operator.py
[2022-09-15 00:42:35,882] {processor.py:641} INFO - Processing file /home/airflow/.local/lib/python3.7/site-packages/airflow/example_dags/example_branch_day_of_week_operator.py for tasks to queue
[2022-09-15 00:42:35,883] {logging_mixin.py:115} INFO - [2022-09-15 00:42:35,883] {dagbag.py:507} INFO - Filling up the DagBag from /home/airflow/.local/lib/python3.7/site-packages/airflow/example_dags/example_branch_day_of_week_operator.py
[2022-09-15 00:42:35,894] {processor.py:651} INFO - DAG(s) dict_keys(['example_weekday_branch_operator']) retrieved from /home/airflow/.local/lib/python3.7/site-packages/airflow/example_dags/example_branch_day_of_week_operator.py
[2022-09-15 00:42:35,926] {logging_mixin.py:115} INFO - [2022-09-15 00:42:35,925] {dag.py:2371} INFO - Sync 1 DAGs
[2022-09-15 00:42:35,951] {logging_mixin.py:115} INFO - [2022-09-15 00:42:35,951] {dag.py:2919} INFO - Setting next_dagrun for example_weekday_branch_operator to 2022-09-14T00:00:00+00:00, run_after=2022-09-15T00:00:00+00:00
[2022-09-15 00:42:35,967] {processor.py:161} INFO - Processing /home/airflow/.local/lib/python3.7/site-packages/airflow/example_dags/example_branch_day_of_week_operator.py took 0.091 seconds
[2022-09-15 00:43:06,289] {processor.py:153} INFO - Started process (PID=94603) to work on /home/airflow/.local/lib/python3.7/site-packages/airflow/example_dags/example_branch_day_of_week_operator.py
[2022-09-15 00:43:06,290] {processor.py:641} INFO - Processing file /home/airflow/.local/lib/python3.7/site-packages/airflow/example_dags/example_branch_day_of_week_operator.py for tasks to queue
[2022-09-15 00:43:06,291] {logging_mixin.py:115} INFO - [2022-09-15 00:43:06,291] {dagbag.py:507} INFO - Filling up the DagBag from /home/airflow/.local/lib/python3.7/site-packages/airflow/example_dags/example_branch_day_of_week_operator.py
[2022-09-15 00:43:06,301] {processor.py:651} INFO - DAG(s) dict_keys(['example_weekday_branch_operator']) retrieved from /home/airflow/.local/lib/python3.7/site-packages/airflow/example_dags/example_branch_day_of_week_operator.py
[2022-09-15 00:43:06,332] {logging_mixin.py:115} INFO - [2022-09-15 00:43:06,332] {dag.py:2371} INFO - Sync 1 DAGs
[2022-09-15 00:43:06,357] {logging_mixin.py:115} INFO - [2022-09-15 00:43:06,357] {dag.py:2919} INFO - Setting next_dagrun for example_weekday_branch_operator to 2022-09-14T00:00:00+00:00, run_after=2022-09-15T00:00:00+00:00
[2022-09-15 00:43:06,372] {processor.py:161} INFO - Processing /home/airflow/.local/lib/python3.7/site-packages/airflow/example_dags/example_branch_day_of_week_operator.py took 0.086 seconds
[2022-09-15 00:43:37,198] {processor.py:153} INFO - Started process (PID=94670) to work on /home/airflow/.local/lib/python3.7/site-packages/airflow/example_dags/example_branch_day_of_week_operator.py
[2022-09-15 00:43:37,199] {processor.py:641} INFO - Processing file /home/airflow/.local/lib/python3.7/site-packages/airflow/example_dags/example_branch_day_of_week_operator.py for tasks to queue
[2022-09-15 00:43:37,201] {logging_mixin.py:115} INFO - [2022-09-15 00:43:37,201] {dagbag.py:507} INFO - Filling up the DagBag from /home/airflow/.local/lib/python3.7/site-packages/airflow/example_dags/example_branch_day_of_week_operator.py
[2022-09-15 00:43:37,212] {processor.py:651} INFO - DAG(s) dict_keys(['example_weekday_branch_operator']) retrieved from /home/airflow/.local/lib/python3.7/site-packages/airflow/example_dags/example_branch_day_of_week_operator.py
[2022-09-15 00:43:37,249] {logging_mixin.py:115} INFO - [2022-09-15 00:43:37,249] {dag.py:2371} INFO - Sync 1 DAGs
[2022-09-15 00:43:37,286] {logging_mixin.py:115} INFO - [2022-09-15 00:43:37,286] {dag.py:2919} INFO - Setting next_dagrun for example_weekday_branch_operator to 2022-09-14T00:00:00+00:00, run_after=2022-09-15T00:00:00+00:00
[2022-09-15 00:43:37,302] {processor.py:161} INFO - Processing /home/airflow/.local/lib/python3.7/site-packages/airflow/example_dags/example_branch_day_of_week_operator.py took 0.111 seconds
[2022-09-15 00:44:07,632] {processor.py:153} INFO - Started process (PID=94731) to work on /home/airflow/.local/lib/python3.7/site-packages/airflow/example_dags/example_branch_day_of_week_operator.py
[2022-09-15 00:44:07,633] {processor.py:641} INFO - Processing file /home/airflow/.local/lib/python3.7/site-packages/airflow/example_dags/example_branch_day_of_week_operator.py for tasks to queue
[2022-09-15 00:44:07,634] {logging_mixin.py:115} INFO - [2022-09-15 00:44:07,634] {dagbag.py:507} INFO - Filling up the DagBag from /home/airflow/.local/lib/python3.7/site-packages/airflow/example_dags/example_branch_day_of_week_operator.py
[2022-09-15 00:44:07,644] {processor.py:651} INFO - DAG(s) dict_keys(['example_weekday_branch_operator']) retrieved from /home/airflow/.local/lib/python3.7/site-packages/airflow/example_dags/example_branch_day_of_week_operator.py
[2022-09-15 00:44:07,681] {logging_mixin.py:115} INFO - [2022-09-15 00:44:07,681] {dag.py:2371} INFO - Sync 1 DAGs
[2022-09-15 00:44:07,715] {logging_mixin.py:115} INFO - [2022-09-15 00:44:07,715] {dag.py:2919} INFO - Setting next_dagrun for example_weekday_branch_operator to 2022-09-14T00:00:00+00:00, run_after=2022-09-15T00:00:00+00:00
[2022-09-15 00:44:07,734] {processor.py:161} INFO - Processing /home/airflow/.local/lib/python3.7/site-packages/airflow/example_dags/example_branch_day_of_week_operator.py took 0.106 seconds
[2022-09-15 00:44:38,238] {processor.py:153} INFO - Started process (PID=94797) to work on /home/airflow/.local/lib/python3.7/site-packages/airflow/example_dags/example_branch_day_of_week_operator.py
[2022-09-15 00:44:38,240] {processor.py:641} INFO - Processing file /home/airflow/.local/lib/python3.7/site-packages/airflow/example_dags/example_branch_day_of_week_operator.py for tasks to queue
[2022-09-15 00:44:38,241] {logging_mixin.py:115} INFO - [2022-09-15 00:44:38,241] {dagbag.py:507} INFO - Filling up the DagBag from /home/airflow/.local/lib/python3.7/site-packages/airflow/example_dags/example_branch_day_of_week_operator.py
[2022-09-15 00:44:38,250] {processor.py:651} INFO - DAG(s) dict_keys(['example_weekday_branch_operator']) retrieved from /home/airflow/.local/lib/python3.7/site-packages/airflow/example_dags/example_branch_day_of_week_operator.py
[2022-09-15 00:44:38,282] {logging_mixin.py:115} INFO - [2022-09-15 00:44:38,282] {dag.py:2371} INFO - Sync 1 DAGs
[2022-09-15 00:44:38,308] {logging_mixin.py:115} INFO - [2022-09-15 00:44:38,308] {dag.py:2919} INFO - Setting next_dagrun for example_weekday_branch_operator to 2022-09-14T00:00:00+00:00, run_after=2022-09-15T00:00:00+00:00
[2022-09-15 00:44:38,324] {processor.py:161} INFO - Processing /home/airflow/.local/lib/python3.7/site-packages/airflow/example_dags/example_branch_day_of_week_operator.py took 0.089 seconds
[2022-09-15 00:45:09,035] {processor.py:153} INFO - Started process (PID=94855) to work on /home/airflow/.local/lib/python3.7/site-packages/airflow/example_dags/example_branch_day_of_week_operator.py
[2022-09-15 00:45:09,038] {processor.py:641} INFO - Processing file /home/airflow/.local/lib/python3.7/site-packages/airflow/example_dags/example_branch_day_of_week_operator.py for tasks to queue
[2022-09-15 00:45:09,042] {logging_mixin.py:115} INFO - [2022-09-15 00:45:09,042] {dagbag.py:507} INFO - Filling up the DagBag from /home/airflow/.local/lib/python3.7/site-packages/airflow/example_dags/example_branch_day_of_week_operator.py
[2022-09-15 00:45:09,057] {processor.py:651} INFO - DAG(s) dict_keys(['example_weekday_branch_operator']) retrieved from /home/airflow/.local/lib/python3.7/site-packages/airflow/example_dags/example_branch_day_of_week_operator.py
[2022-09-15 00:45:09,090] {logging_mixin.py:115} INFO - [2022-09-15 00:45:09,090] {dag.py:2371} INFO - Sync 1 DAGs
[2022-09-15 00:45:09,117] {logging_mixin.py:115} INFO - [2022-09-15 00:45:09,117] {dag.py:2919} INFO - Setting next_dagrun for example_weekday_branch_operator to 2022-09-14T00:00:00+00:00, run_after=2022-09-15T00:00:00+00:00
[2022-09-15 00:45:09,132] {processor.py:161} INFO - Processing /home/airflow/.local/lib/python3.7/site-packages/airflow/example_dags/example_branch_day_of_week_operator.py took 0.102 seconds
[2022-09-15 00:45:40,157] {processor.py:153} INFO - Started process (PID=94922) to work on /home/airflow/.local/lib/python3.7/site-packages/airflow/example_dags/example_branch_day_of_week_operator.py
[2022-09-15 00:45:40,159] {processor.py:641} INFO - Processing file /home/airflow/.local/lib/python3.7/site-packages/airflow/example_dags/example_branch_day_of_week_operator.py for tasks to queue
[2022-09-15 00:45:40,160] {logging_mixin.py:115} INFO - [2022-09-15 00:45:40,160] {dagbag.py:507} INFO - Filling up the DagBag from /home/airflow/.local/lib/python3.7/site-packages/airflow/example_dags/example_branch_day_of_week_operator.py
[2022-09-15 00:45:40,177] {processor.py:651} INFO - DAG(s) dict_keys(['example_weekday_branch_operator']) retrieved from /home/airflow/.local/lib/python3.7/site-packages/airflow/example_dags/example_branch_day_of_week_operator.py
[2022-09-15 00:45:40,233] {logging_mixin.py:115} INFO - [2022-09-15 00:45:40,233] {dag.py:2371} INFO - Sync 1 DAGs
[2022-09-15 00:45:40,302] {logging_mixin.py:115} INFO - [2022-09-15 00:45:40,302] {dag.py:2919} INFO - Setting next_dagrun for example_weekday_branch_operator to 2022-09-14T00:00:00+00:00, run_after=2022-09-15T00:00:00+00:00
[2022-09-15 00:45:40,366] {processor.py:161} INFO - Processing /home/airflow/.local/lib/python3.7/site-packages/airflow/example_dags/example_branch_day_of_week_operator.py took 0.216 seconds
[2022-09-15 00:46:11,468] {processor.py:153} INFO - Started process (PID=94992) to work on /home/airflow/.local/lib/python3.7/site-packages/airflow/example_dags/example_branch_day_of_week_operator.py
[2022-09-15 00:46:11,470] {processor.py:641} INFO - Processing file /home/airflow/.local/lib/python3.7/site-packages/airflow/example_dags/example_branch_day_of_week_operator.py for tasks to queue
[2022-09-15 00:46:11,471] {logging_mixin.py:115} INFO - [2022-09-15 00:46:11,471] {dagbag.py:507} INFO - Filling up the DagBag from /home/airflow/.local/lib/python3.7/site-packages/airflow/example_dags/example_branch_day_of_week_operator.py
[2022-09-15 00:46:11,483] {processor.py:651} INFO - DAG(s) dict_keys(['example_weekday_branch_operator']) retrieved from /home/airflow/.local/lib/python3.7/site-packages/airflow/example_dags/example_branch_day_of_week_operator.py
[2022-09-15 00:46:11,517] {logging_mixin.py:115} INFO - [2022-09-15 00:46:11,517] {dag.py:2371} INFO - Sync 1 DAGs
[2022-09-15 00:46:11,566] {logging_mixin.py:115} INFO - [2022-09-15 00:46:11,566] {dag.py:2919} INFO - Setting next_dagrun for example_weekday_branch_operator to 2022-09-14T00:00:00+00:00, run_after=2022-09-15T00:00:00+00:00
[2022-09-15 00:46:11,589] {processor.py:161} INFO - Processing /home/airflow/.local/lib/python3.7/site-packages/airflow/example_dags/example_branch_day_of_week_operator.py took 0.127 seconds
[2022-09-15 00:46:42,016] {processor.py:153} INFO - Started process (PID=95050) to work on /home/airflow/.local/lib/python3.7/site-packages/airflow/example_dags/example_branch_day_of_week_operator.py
[2022-09-15 00:46:42,024] {processor.py:641} INFO - Processing file /home/airflow/.local/lib/python3.7/site-packages/airflow/example_dags/example_branch_day_of_week_operator.py for tasks to queue
[2022-09-15 00:46:42,034] {logging_mixin.py:115} INFO - [2022-09-15 00:46:42,033] {dagbag.py:507} INFO - Filling up the DagBag from /home/airflow/.local/lib/python3.7/site-packages/airflow/example_dags/example_branch_day_of_week_operator.py
[2022-09-15 00:46:42,053] {processor.py:651} INFO - DAG(s) dict_keys(['example_weekday_branch_operator']) retrieved from /home/airflow/.local/lib/python3.7/site-packages/airflow/example_dags/example_branch_day_of_week_operator.py
[2022-09-15 00:46:42,090] {logging_mixin.py:115} INFO - [2022-09-15 00:46:42,090] {dag.py:2371} INFO - Sync 1 DAGs
[2022-09-15 00:46:42,133] {logging_mixin.py:115} INFO - [2022-09-15 00:46:42,132] {dag.py:2919} INFO - Setting next_dagrun for example_weekday_branch_operator to 2022-09-14T00:00:00+00:00, run_after=2022-09-15T00:00:00+00:00
[2022-09-15 00:46:42,156] {processor.py:161} INFO - Processing /home/airflow/.local/lib/python3.7/site-packages/airflow/example_dags/example_branch_day_of_week_operator.py took 0.154 seconds
[2022-09-15 00:47:12,256] {processor.py:153} INFO - Started process (PID=95118) to work on /home/airflow/.local/lib/python3.7/site-packages/airflow/example_dags/example_branch_day_of_week_operator.py
[2022-09-15 00:47:12,257] {processor.py:641} INFO - Processing file /home/airflow/.local/lib/python3.7/site-packages/airflow/example_dags/example_branch_day_of_week_operator.py for tasks to queue
[2022-09-15 00:47:12,259] {logging_mixin.py:115} INFO - [2022-09-15 00:47:12,258] {dagbag.py:507} INFO - Filling up the DagBag from /home/airflow/.local/lib/python3.7/site-packages/airflow/example_dags/example_branch_day_of_week_operator.py
[2022-09-15 00:47:12,271] {processor.py:651} INFO - DAG(s) dict_keys(['example_weekday_branch_operator']) retrieved from /home/airflow/.local/lib/python3.7/site-packages/airflow/example_dags/example_branch_day_of_week_operator.py
[2022-09-15 00:47:12,303] {logging_mixin.py:115} INFO - [2022-09-15 00:47:12,303] {dag.py:2371} INFO - Sync 1 DAGs
[2022-09-15 00:47:12,332] {logging_mixin.py:115} INFO - [2022-09-15 00:47:12,332] {dag.py:2919} INFO - Setting next_dagrun for example_weekday_branch_operator to 2022-09-14T00:00:00+00:00, run_after=2022-09-15T00:00:00+00:00
[2022-09-15 00:47:12,346] {processor.py:161} INFO - Processing /home/airflow/.local/lib/python3.7/site-packages/airflow/example_dags/example_branch_day_of_week_operator.py took 0.094 seconds
[2022-09-15 00:47:42,564] {processor.py:153} INFO - Started process (PID=95173) to work on /home/airflow/.local/lib/python3.7/site-packages/airflow/example_dags/example_branch_day_of_week_operator.py
[2022-09-15 00:47:42,567] {processor.py:641} INFO - Processing file /home/airflow/.local/lib/python3.7/site-packages/airflow/example_dags/example_branch_day_of_week_operator.py for tasks to queue
[2022-09-15 00:47:42,569] {logging_mixin.py:115} INFO - [2022-09-15 00:47:42,569] {dagbag.py:507} INFO - Filling up the DagBag from /home/airflow/.local/lib/python3.7/site-packages/airflow/example_dags/example_branch_day_of_week_operator.py
[2022-09-15 00:47:42,600] {processor.py:651} INFO - DAG(s) dict_keys(['example_weekday_branch_operator']) retrieved from /home/airflow/.local/lib/python3.7/site-packages/airflow/example_dags/example_branch_day_of_week_operator.py
[2022-09-15 00:47:42,633] {logging_mixin.py:115} INFO - [2022-09-15 00:47:42,633] {dag.py:2371} INFO - Sync 1 DAGs
[2022-09-15 00:47:42,666] {logging_mixin.py:115} INFO - [2022-09-15 00:47:42,666] {dag.py:2919} INFO - Setting next_dagrun for example_weekday_branch_operator to 2022-09-14T00:00:00+00:00, run_after=2022-09-15T00:00:00+00:00
[2022-09-15 00:47:42,706] {processor.py:161} INFO - Processing /home/airflow/.local/lib/python3.7/site-packages/airflow/example_dags/example_branch_day_of_week_operator.py took 0.145 seconds
[2022-09-15 00:48:12,787] {processor.py:153} INFO - Started process (PID=95238) to work on /home/airflow/.local/lib/python3.7/site-packages/airflow/example_dags/example_branch_day_of_week_operator.py
[2022-09-15 00:48:12,788] {processor.py:641} INFO - Processing file /home/airflow/.local/lib/python3.7/site-packages/airflow/example_dags/example_branch_day_of_week_operator.py for tasks to queue
[2022-09-15 00:48:12,790] {logging_mixin.py:115} INFO - [2022-09-15 00:48:12,790] {dagbag.py:507} INFO - Filling up the DagBag from /home/airflow/.local/lib/python3.7/site-packages/airflow/example_dags/example_branch_day_of_week_operator.py
[2022-09-15 00:48:12,800] {processor.py:651} INFO - DAG(s) dict_keys(['example_weekday_branch_operator']) retrieved from /home/airflow/.local/lib/python3.7/site-packages/airflow/example_dags/example_branch_day_of_week_operator.py
[2022-09-15 00:48:12,830] {logging_mixin.py:115} INFO - [2022-09-15 00:48:12,830] {dag.py:2371} INFO - Sync 1 DAGs
[2022-09-15 00:48:12,856] {logging_mixin.py:115} INFO - [2022-09-15 00:48:12,855] {dag.py:2919} INFO - Setting next_dagrun for example_weekday_branch_operator to 2022-09-14T00:00:00+00:00, run_after=2022-09-15T00:00:00+00:00
[2022-09-15 00:48:12,869] {processor.py:161} INFO - Processing /home/airflow/.local/lib/python3.7/site-packages/airflow/example_dags/example_branch_day_of_week_operator.py took 0.087 seconds
[2022-09-15 00:48:45,306] {processor.py:153} INFO - Started process (PID=95306) to work on /home/airflow/.local/lib/python3.7/site-packages/airflow/example_dags/example_branch_day_of_week_operator.py
[2022-09-15 00:48:45,309] {processor.py:641} INFO - Processing file /home/airflow/.local/lib/python3.7/site-packages/airflow/example_dags/example_branch_day_of_week_operator.py for tasks to queue
[2022-09-15 00:48:45,312] {logging_mixin.py:115} INFO - [2022-09-15 00:48:45,312] {dagbag.py:507} INFO - Filling up the DagBag from /home/airflow/.local/lib/python3.7/site-packages/airflow/example_dags/example_branch_day_of_week_operator.py
[2022-09-15 00:48:45,389] {processor.py:651} INFO - DAG(s) dict_keys(['example_weekday_branch_operator']) retrieved from /home/airflow/.local/lib/python3.7/site-packages/airflow/example_dags/example_branch_day_of_week_operator.py
[2022-09-15 00:48:45,599] {logging_mixin.py:115} INFO - [2022-09-15 00:48:45,598] {dag.py:2371} INFO - Sync 1 DAGs
[2022-09-15 00:48:46,067] {logging_mixin.py:115} INFO - [2022-09-15 00:48:46,066] {dag.py:2919} INFO - Setting next_dagrun for example_weekday_branch_operator to 2022-09-14T00:00:00+00:00, run_after=2022-09-15T00:00:00+00:00
[2022-09-15 00:48:46,287] {processor.py:161} INFO - Processing /home/airflow/.local/lib/python3.7/site-packages/airflow/example_dags/example_branch_day_of_week_operator.py took 0.995 seconds
[2022-09-15 00:49:16,472] {processor.py:153} INFO - Started process (PID=95363) to work on /home/airflow/.local/lib/python3.7/site-packages/airflow/example_dags/example_branch_day_of_week_operator.py
[2022-09-15 00:49:16,473] {processor.py:641} INFO - Processing file /home/airflow/.local/lib/python3.7/site-packages/airflow/example_dags/example_branch_day_of_week_operator.py for tasks to queue
[2022-09-15 00:49:16,475] {logging_mixin.py:115} INFO - [2022-09-15 00:49:16,474] {dagbag.py:507} INFO - Filling up the DagBag from /home/airflow/.local/lib/python3.7/site-packages/airflow/example_dags/example_branch_day_of_week_operator.py
[2022-09-15 00:49:16,484] {processor.py:651} INFO - DAG(s) dict_keys(['example_weekday_branch_operator']) retrieved from /home/airflow/.local/lib/python3.7/site-packages/airflow/example_dags/example_branch_day_of_week_operator.py
[2022-09-15 00:49:16,513] {logging_mixin.py:115} INFO - [2022-09-15 00:49:16,513] {dag.py:2371} INFO - Sync 1 DAGs
[2022-09-15 00:49:16,539] {logging_mixin.py:115} INFO - [2022-09-15 00:49:16,538] {dag.py:2919} INFO - Setting next_dagrun for example_weekday_branch_operator to 2022-09-14T00:00:00+00:00, run_after=2022-09-15T00:00:00+00:00
[2022-09-15 00:49:16,552] {processor.py:161} INFO - Processing /home/airflow/.local/lib/python3.7/site-packages/airflow/example_dags/example_branch_day_of_week_operator.py took 0.084 seconds
[2022-09-15 00:49:46,758] {processor.py:153} INFO - Started process (PID=95431) to work on /home/airflow/.local/lib/python3.7/site-packages/airflow/example_dags/example_branch_day_of_week_operator.py
[2022-09-15 00:49:46,760] {processor.py:641} INFO - Processing file /home/airflow/.local/lib/python3.7/site-packages/airflow/example_dags/example_branch_day_of_week_operator.py for tasks to queue
[2022-09-15 00:49:46,762] {logging_mixin.py:115} INFO - [2022-09-15 00:49:46,762] {dagbag.py:507} INFO - Filling up the DagBag from /home/airflow/.local/lib/python3.7/site-packages/airflow/example_dags/example_branch_day_of_week_operator.py
[2022-09-15 00:49:46,782] {processor.py:651} INFO - DAG(s) dict_keys(['example_weekday_branch_operator']) retrieved from /home/airflow/.local/lib/python3.7/site-packages/airflow/example_dags/example_branch_day_of_week_operator.py
[2022-09-15 00:49:46,848] {logging_mixin.py:115} INFO - [2022-09-15 00:49:46,848] {dag.py:2371} INFO - Sync 1 DAGs
[2022-09-15 00:49:46,886] {logging_mixin.py:115} INFO - [2022-09-15 00:49:46,886] {dag.py:2919} INFO - Setting next_dagrun for example_weekday_branch_operator to 2022-09-14T00:00:00+00:00, run_after=2022-09-15T00:00:00+00:00
[2022-09-15 00:49:46,920] {processor.py:161} INFO - Processing /home/airflow/.local/lib/python3.7/site-packages/airflow/example_dags/example_branch_day_of_week_operator.py took 0.168 seconds
[2022-09-15 00:50:17,065] {processor.py:153} INFO - Started process (PID=95489) to work on /home/airflow/.local/lib/python3.7/site-packages/airflow/example_dags/example_branch_day_of_week_operator.py
[2022-09-15 00:50:17,067] {processor.py:641} INFO - Processing file /home/airflow/.local/lib/python3.7/site-packages/airflow/example_dags/example_branch_day_of_week_operator.py for tasks to queue
[2022-09-15 00:50:17,069] {logging_mixin.py:115} INFO - [2022-09-15 00:50:17,069] {dagbag.py:507} INFO - Filling up the DagBag from /home/airflow/.local/lib/python3.7/site-packages/airflow/example_dags/example_branch_day_of_week_operator.py
[2022-09-15 00:50:17,084] {processor.py:651} INFO - DAG(s) dict_keys(['example_weekday_branch_operator']) retrieved from /home/airflow/.local/lib/python3.7/site-packages/airflow/example_dags/example_branch_day_of_week_operator.py
[2022-09-15 00:50:17,114] {logging_mixin.py:115} INFO - [2022-09-15 00:50:17,114] {dag.py:2371} INFO - Sync 1 DAGs
[2022-09-15 00:50:17,143] {logging_mixin.py:115} INFO - [2022-09-15 00:50:17,143] {dag.py:2919} INFO - Setting next_dagrun for example_weekday_branch_operator to 2022-09-14T00:00:00+00:00, run_after=2022-09-15T00:00:00+00:00
[2022-09-15 00:50:17,161] {processor.py:161} INFO - Processing /home/airflow/.local/lib/python3.7/site-packages/airflow/example_dags/example_branch_day_of_week_operator.py took 0.104 seconds
[2022-09-15 00:50:47,219] {processor.py:153} INFO - Started process (PID=95557) to work on /home/airflow/.local/lib/python3.7/site-packages/airflow/example_dags/example_branch_day_of_week_operator.py
[2022-09-15 00:50:47,221] {processor.py:641} INFO - Processing file /home/airflow/.local/lib/python3.7/site-packages/airflow/example_dags/example_branch_day_of_week_operator.py for tasks to queue
[2022-09-15 00:50:47,223] {logging_mixin.py:115} INFO - [2022-09-15 00:50:47,223] {dagbag.py:507} INFO - Filling up the DagBag from /home/airflow/.local/lib/python3.7/site-packages/airflow/example_dags/example_branch_day_of_week_operator.py
[2022-09-15 00:50:47,233] {processor.py:651} INFO - DAG(s) dict_keys(['example_weekday_branch_operator']) retrieved from /home/airflow/.local/lib/python3.7/site-packages/airflow/example_dags/example_branch_day_of_week_operator.py
[2022-09-15 00:50:47,264] {logging_mixin.py:115} INFO - [2022-09-15 00:50:47,264] {dag.py:2371} INFO - Sync 1 DAGs
[2022-09-15 00:50:47,292] {logging_mixin.py:115} INFO - [2022-09-15 00:50:47,292] {dag.py:2919} INFO - Setting next_dagrun for example_weekday_branch_operator to 2022-09-14T00:00:00+00:00, run_after=2022-09-15T00:00:00+00:00
[2022-09-15 00:50:47,306] {processor.py:161} INFO - Processing /home/airflow/.local/lib/python3.7/site-packages/airflow/example_dags/example_branch_day_of_week_operator.py took 0.092 seconds
[2022-09-15 00:51:17,851] {processor.py:153} INFO - Started process (PID=95622) to work on /home/airflow/.local/lib/python3.7/site-packages/airflow/example_dags/example_branch_day_of_week_operator.py
[2022-09-15 00:51:17,855] {processor.py:641} INFO - Processing file /home/airflow/.local/lib/python3.7/site-packages/airflow/example_dags/example_branch_day_of_week_operator.py for tasks to queue
[2022-09-15 00:51:17,861] {logging_mixin.py:115} INFO - [2022-09-15 00:51:17,860] {dagbag.py:507} INFO - Filling up the DagBag from /home/airflow/.local/lib/python3.7/site-packages/airflow/example_dags/example_branch_day_of_week_operator.py
[2022-09-15 00:51:17,905] {processor.py:651} INFO - DAG(s) dict_keys(['example_weekday_branch_operator']) retrieved from /home/airflow/.local/lib/python3.7/site-packages/airflow/example_dags/example_branch_day_of_week_operator.py
[2022-09-15 00:51:17,980] {logging_mixin.py:115} INFO - [2022-09-15 00:51:17,980] {dag.py:2371} INFO - Sync 1 DAGs
[2022-09-15 00:51:18,170] {logging_mixin.py:115} INFO - [2022-09-15 00:51:18,169] {dag.py:2919} INFO - Setting next_dagrun for example_weekday_branch_operator to 2022-09-14T00:00:00+00:00, run_after=2022-09-15T00:00:00+00:00
[2022-09-15 00:51:18,206] {processor.py:161} INFO - Processing /home/airflow/.local/lib/python3.7/site-packages/airflow/example_dags/example_branch_day_of_week_operator.py took 0.366 seconds
[2022-09-15 00:51:49,000] {processor.py:153} INFO - Started process (PID=95682) to work on /home/airflow/.local/lib/python3.7/site-packages/airflow/example_dags/example_branch_day_of_week_operator.py
[2022-09-15 00:51:49,002] {processor.py:641} INFO - Processing file /home/airflow/.local/lib/python3.7/site-packages/airflow/example_dags/example_branch_day_of_week_operator.py for tasks to queue
[2022-09-15 00:51:49,004] {logging_mixin.py:115} INFO - [2022-09-15 00:51:49,004] {dagbag.py:507} INFO - Filling up the DagBag from /home/airflow/.local/lib/python3.7/site-packages/airflow/example_dags/example_branch_day_of_week_operator.py
[2022-09-15 00:51:49,014] {processor.py:651} INFO - DAG(s) dict_keys(['example_weekday_branch_operator']) retrieved from /home/airflow/.local/lib/python3.7/site-packages/airflow/example_dags/example_branch_day_of_week_operator.py
[2022-09-15 00:51:49,047] {logging_mixin.py:115} INFO - [2022-09-15 00:51:49,047] {dag.py:2371} INFO - Sync 1 DAGs
[2022-09-15 00:51:49,071] {logging_mixin.py:115} INFO - [2022-09-15 00:51:49,071] {dag.py:2919} INFO - Setting next_dagrun for example_weekday_branch_operator to 2022-09-14T00:00:00+00:00, run_after=2022-09-15T00:00:00+00:00
[2022-09-15 00:51:49,088] {processor.py:161} INFO - Processing /home/airflow/.local/lib/python3.7/site-packages/airflow/example_dags/example_branch_day_of_week_operator.py took 0.093 seconds
[2022-09-15 00:52:19,690] {processor.py:153} INFO - Started process (PID=95750) to work on /home/airflow/.local/lib/python3.7/site-packages/airflow/example_dags/example_branch_day_of_week_operator.py
[2022-09-15 00:52:19,692] {processor.py:641} INFO - Processing file /home/airflow/.local/lib/python3.7/site-packages/airflow/example_dags/example_branch_day_of_week_operator.py for tasks to queue
[2022-09-15 00:52:19,694] {logging_mixin.py:115} INFO - [2022-09-15 00:52:19,694] {dagbag.py:507} INFO - Filling up the DagBag from /home/airflow/.local/lib/python3.7/site-packages/airflow/example_dags/example_branch_day_of_week_operator.py
[2022-09-15 00:52:19,707] {processor.py:651} INFO - DAG(s) dict_keys(['example_weekday_branch_operator']) retrieved from /home/airflow/.local/lib/python3.7/site-packages/airflow/example_dags/example_branch_day_of_week_operator.py
[2022-09-15 00:52:19,740] {logging_mixin.py:115} INFO - [2022-09-15 00:52:19,740] {dag.py:2371} INFO - Sync 1 DAGs
[2022-09-15 00:52:19,768] {logging_mixin.py:115} INFO - [2022-09-15 00:52:19,767] {dag.py:2919} INFO - Setting next_dagrun for example_weekday_branch_operator to 2022-09-14T00:00:00+00:00, run_after=2022-09-15T00:00:00+00:00
[2022-09-15 00:52:19,783] {processor.py:161} INFO - Processing /home/airflow/.local/lib/python3.7/site-packages/airflow/example_dags/example_branch_day_of_week_operator.py took 0.098 seconds
[2022-09-15 00:52:50,327] {processor.py:153} INFO - Started process (PID=95810) to work on /home/airflow/.local/lib/python3.7/site-packages/airflow/example_dags/example_branch_day_of_week_operator.py
[2022-09-15 00:52:50,329] {processor.py:641} INFO - Processing file /home/airflow/.local/lib/python3.7/site-packages/airflow/example_dags/example_branch_day_of_week_operator.py for tasks to queue
[2022-09-15 00:52:50,330] {logging_mixin.py:115} INFO - [2022-09-15 00:52:50,330] {dagbag.py:507} INFO - Filling up the DagBag from /home/airflow/.local/lib/python3.7/site-packages/airflow/example_dags/example_branch_day_of_week_operator.py
[2022-09-15 00:52:50,339] {processor.py:651} INFO - DAG(s) dict_keys(['example_weekday_branch_operator']) retrieved from /home/airflow/.local/lib/python3.7/site-packages/airflow/example_dags/example_branch_day_of_week_operator.py
[2022-09-15 00:52:50,373] {logging_mixin.py:115} INFO - [2022-09-15 00:52:50,373] {dag.py:2371} INFO - Sync 1 DAGs
[2022-09-15 00:52:50,406] {logging_mixin.py:115} INFO - [2022-09-15 00:52:50,406] {dag.py:2919} INFO - Setting next_dagrun for example_weekday_branch_operator to 2022-09-14T00:00:00+00:00, run_after=2022-09-15T00:00:00+00:00
[2022-09-15 00:52:50,425] {processor.py:161} INFO - Processing /home/airflow/.local/lib/python3.7/site-packages/airflow/example_dags/example_branch_day_of_week_operator.py took 0.102 seconds
[2022-09-15 00:53:21,066] {processor.py:153} INFO - Started process (PID=95881) to work on /home/airflow/.local/lib/python3.7/site-packages/airflow/example_dags/example_branch_day_of_week_operator.py
[2022-09-15 00:53:21,068] {processor.py:641} INFO - Processing file /home/airflow/.local/lib/python3.7/site-packages/airflow/example_dags/example_branch_day_of_week_operator.py for tasks to queue
[2022-09-15 00:53:21,069] {logging_mixin.py:115} INFO - [2022-09-15 00:53:21,069] {dagbag.py:507} INFO - Filling up the DagBag from /home/airflow/.local/lib/python3.7/site-packages/airflow/example_dags/example_branch_day_of_week_operator.py
[2022-09-15 00:53:21,078] {processor.py:651} INFO - DAG(s) dict_keys(['example_weekday_branch_operator']) retrieved from /home/airflow/.local/lib/python3.7/site-packages/airflow/example_dags/example_branch_day_of_week_operator.py
[2022-09-15 00:53:21,112] {logging_mixin.py:115} INFO - [2022-09-15 00:53:21,112] {dag.py:2371} INFO - Sync 1 DAGs
[2022-09-15 00:53:21,145] {logging_mixin.py:115} INFO - [2022-09-15 00:53:21,145] {dag.py:2919} INFO - Setting next_dagrun for example_weekday_branch_operator to 2022-09-14T00:00:00+00:00, run_after=2022-09-15T00:00:00+00:00
[2022-09-15 00:53:21,167] {processor.py:161} INFO - Processing /home/airflow/.local/lib/python3.7/site-packages/airflow/example_dags/example_branch_day_of_week_operator.py took 0.105 seconds
[2022-09-15 00:53:52,047] {processor.py:153} INFO - Started process (PID=95948) to work on /home/airflow/.local/lib/python3.7/site-packages/airflow/example_dags/example_branch_day_of_week_operator.py
[2022-09-15 00:53:52,048] {processor.py:641} INFO - Processing file /home/airflow/.local/lib/python3.7/site-packages/airflow/example_dags/example_branch_day_of_week_operator.py for tasks to queue
[2022-09-15 00:53:52,050] {logging_mixin.py:115} INFO - [2022-09-15 00:53:52,050] {dagbag.py:507} INFO - Filling up the DagBag from /home/airflow/.local/lib/python3.7/site-packages/airflow/example_dags/example_branch_day_of_week_operator.py
[2022-09-15 00:53:52,058] {processor.py:651} INFO - DAG(s) dict_keys(['example_weekday_branch_operator']) retrieved from /home/airflow/.local/lib/python3.7/site-packages/airflow/example_dags/example_branch_day_of_week_operator.py
[2022-09-15 00:53:52,091] {logging_mixin.py:115} INFO - [2022-09-15 00:53:52,090] {dag.py:2371} INFO - Sync 1 DAGs
[2022-09-15 00:53:52,116] {logging_mixin.py:115} INFO - [2022-09-15 00:53:52,116] {dag.py:2919} INFO - Setting next_dagrun for example_weekday_branch_operator to 2022-09-14T00:00:00+00:00, run_after=2022-09-15T00:00:00+00:00
[2022-09-15 00:53:52,129] {processor.py:161} INFO - Processing /home/airflow/.local/lib/python3.7/site-packages/airflow/example_dags/example_branch_day_of_week_operator.py took 0.086 seconds
[2022-09-15 00:54:22,809] {processor.py:153} INFO - Started process (PID=96007) to work on /home/airflow/.local/lib/python3.7/site-packages/airflow/example_dags/example_branch_day_of_week_operator.py
[2022-09-15 00:54:22,810] {processor.py:641} INFO - Processing file /home/airflow/.local/lib/python3.7/site-packages/airflow/example_dags/example_branch_day_of_week_operator.py for tasks to queue
[2022-09-15 00:54:22,811] {logging_mixin.py:115} INFO - [2022-09-15 00:54:22,811] {dagbag.py:507} INFO - Filling up the DagBag from /home/airflow/.local/lib/python3.7/site-packages/airflow/example_dags/example_branch_day_of_week_operator.py
[2022-09-15 00:54:22,822] {processor.py:651} INFO - DAG(s) dict_keys(['example_weekday_branch_operator']) retrieved from /home/airflow/.local/lib/python3.7/site-packages/airflow/example_dags/example_branch_day_of_week_operator.py
[2022-09-15 00:54:22,853] {logging_mixin.py:115} INFO - [2022-09-15 00:54:22,852] {dag.py:2371} INFO - Sync 1 DAGs
[2022-09-15 00:54:22,886] {logging_mixin.py:115} INFO - [2022-09-15 00:54:22,885] {dag.py:2919} INFO - Setting next_dagrun for example_weekday_branch_operator to 2022-09-14T00:00:00+00:00, run_after=2022-09-15T00:00:00+00:00
[2022-09-15 00:54:22,904] {processor.py:161} INFO - Processing /home/airflow/.local/lib/python3.7/site-packages/airflow/example_dags/example_branch_day_of_week_operator.py took 0.100 seconds
[2022-09-15 00:54:53,545] {processor.py:153} INFO - Started process (PID=96078) to work on /home/airflow/.local/lib/python3.7/site-packages/airflow/example_dags/example_branch_day_of_week_operator.py
[2022-09-15 00:54:53,548] {processor.py:641} INFO - Processing file /home/airflow/.local/lib/python3.7/site-packages/airflow/example_dags/example_branch_day_of_week_operator.py for tasks to queue
[2022-09-15 00:54:53,549] {logging_mixin.py:115} INFO - [2022-09-15 00:54:53,549] {dagbag.py:507} INFO - Filling up the DagBag from /home/airflow/.local/lib/python3.7/site-packages/airflow/example_dags/example_branch_day_of_week_operator.py
[2022-09-15 00:54:53,559] {processor.py:651} INFO - DAG(s) dict_keys(['example_weekday_branch_operator']) retrieved from /home/airflow/.local/lib/python3.7/site-packages/airflow/example_dags/example_branch_day_of_week_operator.py
[2022-09-15 00:54:53,604] {logging_mixin.py:115} INFO - [2022-09-15 00:54:53,604] {dag.py:2371} INFO - Sync 1 DAGs
[2022-09-15 00:54:53,632] {logging_mixin.py:115} INFO - [2022-09-15 00:54:53,632] {dag.py:2919} INFO - Setting next_dagrun for example_weekday_branch_operator to 2022-09-14T00:00:00+00:00, run_after=2022-09-15T00:00:00+00:00
[2022-09-15 00:54:53,649] {processor.py:161} INFO - Processing /home/airflow/.local/lib/python3.7/site-packages/airflow/example_dags/example_branch_day_of_week_operator.py took 0.112 seconds
[2022-09-15 00:55:24,265] {processor.py:153} INFO - Started process (PID=96146) to work on /home/airflow/.local/lib/python3.7/site-packages/airflow/example_dags/example_branch_day_of_week_operator.py
[2022-09-15 00:55:24,269] {processor.py:641} INFO - Processing file /home/airflow/.local/lib/python3.7/site-packages/airflow/example_dags/example_branch_day_of_week_operator.py for tasks to queue
[2022-09-15 00:55:24,270] {logging_mixin.py:115} INFO - [2022-09-15 00:55:24,270] {dagbag.py:507} INFO - Filling up the DagBag from /home/airflow/.local/lib/python3.7/site-packages/airflow/example_dags/example_branch_day_of_week_operator.py
[2022-09-15 00:55:24,279] {processor.py:651} INFO - DAG(s) dict_keys(['example_weekday_branch_operator']) retrieved from /home/airflow/.local/lib/python3.7/site-packages/airflow/example_dags/example_branch_day_of_week_operator.py
[2022-09-15 00:55:24,315] {logging_mixin.py:115} INFO - [2022-09-15 00:55:24,315] {dag.py:2371} INFO - Sync 1 DAGs
[2022-09-15 00:55:24,341] {logging_mixin.py:115} INFO - [2022-09-15 00:55:24,340] {dag.py:2919} INFO - Setting next_dagrun for example_weekday_branch_operator to 2022-09-14T00:00:00+00:00, run_after=2022-09-15T00:00:00+00:00
[2022-09-15 00:55:24,354] {processor.py:161} INFO - Processing /home/airflow/.local/lib/python3.7/site-packages/airflow/example_dags/example_branch_day_of_week_operator.py took 0.094 seconds
[2022-09-15 00:55:55,124] {processor.py:153} INFO - Started process (PID=96204) to work on /home/airflow/.local/lib/python3.7/site-packages/airflow/example_dags/example_branch_day_of_week_operator.py
[2022-09-15 00:55:55,125] {processor.py:641} INFO - Processing file /home/airflow/.local/lib/python3.7/site-packages/airflow/example_dags/example_branch_day_of_week_operator.py for tasks to queue
[2022-09-15 00:55:55,126] {logging_mixin.py:115} INFO - [2022-09-15 00:55:55,126] {dagbag.py:507} INFO - Filling up the DagBag from /home/airflow/.local/lib/python3.7/site-packages/airflow/example_dags/example_branch_day_of_week_operator.py
[2022-09-15 00:55:55,139] {processor.py:651} INFO - DAG(s) dict_keys(['example_weekday_branch_operator']) retrieved from /home/airflow/.local/lib/python3.7/site-packages/airflow/example_dags/example_branch_day_of_week_operator.py
[2022-09-15 00:55:55,169] {logging_mixin.py:115} INFO - [2022-09-15 00:55:55,169] {dag.py:2371} INFO - Sync 1 DAGs
[2022-09-15 00:55:55,196] {logging_mixin.py:115} INFO - [2022-09-15 00:55:55,196] {dag.py:2919} INFO - Setting next_dagrun for example_weekday_branch_operator to 2022-09-14T00:00:00+00:00, run_after=2022-09-15T00:00:00+00:00
[2022-09-15 00:55:55,212] {processor.py:161} INFO - Processing /home/airflow/.local/lib/python3.7/site-packages/airflow/example_dags/example_branch_day_of_week_operator.py took 0.091 seconds
[2022-09-15 00:56:25,413] {processor.py:153} INFO - Started process (PID=96272) to work on /home/airflow/.local/lib/python3.7/site-packages/airflow/example_dags/example_branch_day_of_week_operator.py
[2022-09-15 00:56:25,415] {processor.py:641} INFO - Processing file /home/airflow/.local/lib/python3.7/site-packages/airflow/example_dags/example_branch_day_of_week_operator.py for tasks to queue
[2022-09-15 00:56:25,417] {logging_mixin.py:115} INFO - [2022-09-15 00:56:25,416] {dagbag.py:507} INFO - Filling up the DagBag from /home/airflow/.local/lib/python3.7/site-packages/airflow/example_dags/example_branch_day_of_week_operator.py
[2022-09-15 00:56:25,434] {processor.py:651} INFO - DAG(s) dict_keys(['example_weekday_branch_operator']) retrieved from /home/airflow/.local/lib/python3.7/site-packages/airflow/example_dags/example_branch_day_of_week_operator.py
[2022-09-15 00:56:25,474] {logging_mixin.py:115} INFO - [2022-09-15 00:56:25,474] {dag.py:2371} INFO - Sync 1 DAGs
[2022-09-15 00:56:25,502] {logging_mixin.py:115} INFO - [2022-09-15 00:56:25,502] {dag.py:2919} INFO - Setting next_dagrun for example_weekday_branch_operator to 2022-09-14T00:00:00+00:00, run_after=2022-09-15T00:00:00+00:00
[2022-09-15 00:56:25,526] {processor.py:161} INFO - Processing /home/airflow/.local/lib/python3.7/site-packages/airflow/example_dags/example_branch_day_of_week_operator.py took 0.118 seconds
[2022-09-15 00:56:55,894] {processor.py:153} INFO - Started process (PID=96339) to work on /home/airflow/.local/lib/python3.7/site-packages/airflow/example_dags/example_branch_day_of_week_operator.py
[2022-09-15 00:56:55,896] {processor.py:641} INFO - Processing file /home/airflow/.local/lib/python3.7/site-packages/airflow/example_dags/example_branch_day_of_week_operator.py for tasks to queue
[2022-09-15 00:56:55,897] {logging_mixin.py:115} INFO - [2022-09-15 00:56:55,897] {dagbag.py:507} INFO - Filling up the DagBag from /home/airflow/.local/lib/python3.7/site-packages/airflow/example_dags/example_branch_day_of_week_operator.py
[2022-09-15 00:56:55,908] {processor.py:651} INFO - DAG(s) dict_keys(['example_weekday_branch_operator']) retrieved from /home/airflow/.local/lib/python3.7/site-packages/airflow/example_dags/example_branch_day_of_week_operator.py
[2022-09-15 00:56:55,943] {logging_mixin.py:115} INFO - [2022-09-15 00:56:55,943] {dag.py:2371} INFO - Sync 1 DAGs
[2022-09-15 00:56:55,972] {logging_mixin.py:115} INFO - [2022-09-15 00:56:55,972] {dag.py:2919} INFO - Setting next_dagrun for example_weekday_branch_operator to 2022-09-14T00:00:00+00:00, run_after=2022-09-15T00:00:00+00:00
[2022-09-15 00:56:55,990] {processor.py:161} INFO - Processing /home/airflow/.local/lib/python3.7/site-packages/airflow/example_dags/example_branch_day_of_week_operator.py took 0.102 seconds
[2022-09-15 00:57:26,099] {processor.py:153} INFO - Started process (PID=96397) to work on /home/airflow/.local/lib/python3.7/site-packages/airflow/example_dags/example_branch_day_of_week_operator.py
[2022-09-15 00:57:26,100] {processor.py:641} INFO - Processing file /home/airflow/.local/lib/python3.7/site-packages/airflow/example_dags/example_branch_day_of_week_operator.py for tasks to queue
[2022-09-15 00:57:26,102] {logging_mixin.py:115} INFO - [2022-09-15 00:57:26,102] {dagbag.py:507} INFO - Filling up the DagBag from /home/airflow/.local/lib/python3.7/site-packages/airflow/example_dags/example_branch_day_of_week_operator.py
[2022-09-15 00:57:26,112] {processor.py:651} INFO - DAG(s) dict_keys(['example_weekday_branch_operator']) retrieved from /home/airflow/.local/lib/python3.7/site-packages/airflow/example_dags/example_branch_day_of_week_operator.py
[2022-09-15 00:57:26,147] {logging_mixin.py:115} INFO - [2022-09-15 00:57:26,147] {dag.py:2371} INFO - Sync 1 DAGs
[2022-09-15 00:57:26,177] {logging_mixin.py:115} INFO - [2022-09-15 00:57:26,177] {dag.py:2919} INFO - Setting next_dagrun for example_weekday_branch_operator to 2022-09-14T00:00:00+00:00, run_after=2022-09-15T00:00:00+00:00
[2022-09-15 00:57:26,191] {processor.py:161} INFO - Processing /home/airflow/.local/lib/python3.7/site-packages/airflow/example_dags/example_branch_day_of_week_operator.py took 0.096 seconds
[2022-09-15 00:57:56,881] {processor.py:153} INFO - Started process (PID=96466) to work on /home/airflow/.local/lib/python3.7/site-packages/airflow/example_dags/example_branch_day_of_week_operator.py
[2022-09-15 00:57:56,882] {processor.py:641} INFO - Processing file /home/airflow/.local/lib/python3.7/site-packages/airflow/example_dags/example_branch_day_of_week_operator.py for tasks to queue
[2022-09-15 00:57:56,884] {logging_mixin.py:115} INFO - [2022-09-15 00:57:56,884] {dagbag.py:507} INFO - Filling up the DagBag from /home/airflow/.local/lib/python3.7/site-packages/airflow/example_dags/example_branch_day_of_week_operator.py
[2022-09-15 00:57:56,896] {processor.py:651} INFO - DAG(s) dict_keys(['example_weekday_branch_operator']) retrieved from /home/airflow/.local/lib/python3.7/site-packages/airflow/example_dags/example_branch_day_of_week_operator.py
[2022-09-15 00:57:56,934] {logging_mixin.py:115} INFO - [2022-09-15 00:57:56,934] {dag.py:2371} INFO - Sync 1 DAGs
[2022-09-15 00:57:56,964] {logging_mixin.py:115} INFO - [2022-09-15 00:57:56,963] {dag.py:2919} INFO - Setting next_dagrun for example_weekday_branch_operator to 2022-09-14T00:00:00+00:00, run_after=2022-09-15T00:00:00+00:00
[2022-09-15 00:57:57,011] {processor.py:161} INFO - Processing /home/airflow/.local/lib/python3.7/site-packages/airflow/example_dags/example_branch_day_of_week_operator.py took 0.134 seconds
[2022-09-15 00:58:27,422] {processor.py:153} INFO - Started process (PID=96533) to work on /home/airflow/.local/lib/python3.7/site-packages/airflow/example_dags/example_branch_day_of_week_operator.py
[2022-09-15 00:58:27,423] {processor.py:641} INFO - Processing file /home/airflow/.local/lib/python3.7/site-packages/airflow/example_dags/example_branch_day_of_week_operator.py for tasks to queue
[2022-09-15 00:58:27,425] {logging_mixin.py:115} INFO - [2022-09-15 00:58:27,425] {dagbag.py:507} INFO - Filling up the DagBag from /home/airflow/.local/lib/python3.7/site-packages/airflow/example_dags/example_branch_day_of_week_operator.py
[2022-09-15 00:58:27,443] {processor.py:651} INFO - DAG(s) dict_keys(['example_weekday_branch_operator']) retrieved from /home/airflow/.local/lib/python3.7/site-packages/airflow/example_dags/example_branch_day_of_week_operator.py
[2022-09-15 00:58:27,483] {logging_mixin.py:115} INFO - [2022-09-15 00:58:27,483] {dag.py:2371} INFO - Sync 1 DAGs
[2022-09-15 00:58:27,518] {logging_mixin.py:115} INFO - [2022-09-15 00:58:27,518] {dag.py:2919} INFO - Setting next_dagrun for example_weekday_branch_operator to 2022-09-14T00:00:00+00:00, run_after=2022-09-15T00:00:00+00:00
[2022-09-15 00:58:27,537] {processor.py:161} INFO - Processing /home/airflow/.local/lib/python3.7/site-packages/airflow/example_dags/example_branch_day_of_week_operator.py took 0.122 seconds
[2022-09-15 00:58:58,429] {processor.py:153} INFO - Started process (PID=96590) to work on /home/airflow/.local/lib/python3.7/site-packages/airflow/example_dags/example_branch_day_of_week_operator.py
[2022-09-15 00:58:58,431] {processor.py:641} INFO - Processing file /home/airflow/.local/lib/python3.7/site-packages/airflow/example_dags/example_branch_day_of_week_operator.py for tasks to queue
[2022-09-15 00:58:58,433] {logging_mixin.py:115} INFO - [2022-09-15 00:58:58,433] {dagbag.py:507} INFO - Filling up the DagBag from /home/airflow/.local/lib/python3.7/site-packages/airflow/example_dags/example_branch_day_of_week_operator.py
[2022-09-15 00:58:58,443] {processor.py:651} INFO - DAG(s) dict_keys(['example_weekday_branch_operator']) retrieved from /home/airflow/.local/lib/python3.7/site-packages/airflow/example_dags/example_branch_day_of_week_operator.py
[2022-09-15 00:58:58,490] {logging_mixin.py:115} INFO - [2022-09-15 00:58:58,489] {dag.py:2371} INFO - Sync 1 DAGs
[2022-09-15 00:58:58,560] {logging_mixin.py:115} INFO - [2022-09-15 00:58:58,560] {dag.py:2919} INFO - Setting next_dagrun for example_weekday_branch_operator to 2022-09-14T00:00:00+00:00, run_after=2022-09-15T00:00:00+00:00
[2022-09-15 00:58:58,616] {processor.py:161} INFO - Processing /home/airflow/.local/lib/python3.7/site-packages/airflow/example_dags/example_branch_day_of_week_operator.py took 0.190 seconds
[2022-09-15 00:59:28,789] {processor.py:153} INFO - Started process (PID=96657) to work on /home/airflow/.local/lib/python3.7/site-packages/airflow/example_dags/example_branch_day_of_week_operator.py
[2022-09-15 00:59:28,791] {processor.py:641} INFO - Processing file /home/airflow/.local/lib/python3.7/site-packages/airflow/example_dags/example_branch_day_of_week_operator.py for tasks to queue
[2022-09-15 00:59:28,794] {logging_mixin.py:115} INFO - [2022-09-15 00:59:28,793] {dagbag.py:507} INFO - Filling up the DagBag from /home/airflow/.local/lib/python3.7/site-packages/airflow/example_dags/example_branch_day_of_week_operator.py
[2022-09-15 00:59:28,807] {processor.py:651} INFO - DAG(s) dict_keys(['example_weekday_branch_operator']) retrieved from /home/airflow/.local/lib/python3.7/site-packages/airflow/example_dags/example_branch_day_of_week_operator.py
[2022-09-15 00:59:28,848] {logging_mixin.py:115} INFO - [2022-09-15 00:59:28,848] {dag.py:2371} INFO - Sync 1 DAGs
[2022-09-15 00:59:28,881] {logging_mixin.py:115} INFO - [2022-09-15 00:59:28,881] {dag.py:2919} INFO - Setting next_dagrun for example_weekday_branch_operator to 2022-09-14T00:00:00+00:00, run_after=2022-09-15T00:00:00+00:00
[2022-09-15 00:59:28,901] {processor.py:161} INFO - Processing /home/airflow/.local/lib/python3.7/site-packages/airflow/example_dags/example_branch_day_of_week_operator.py took 0.115 seconds
[2022-09-15 00:59:59,374] {processor.py:153} INFO - Started process (PID=96714) to work on /home/airflow/.local/lib/python3.7/site-packages/airflow/example_dags/example_branch_day_of_week_operator.py
[2022-09-15 00:59:59,376] {processor.py:641} INFO - Processing file /home/airflow/.local/lib/python3.7/site-packages/airflow/example_dags/example_branch_day_of_week_operator.py for tasks to queue
[2022-09-15 00:59:59,378] {logging_mixin.py:115} INFO - [2022-09-15 00:59:59,378] {dagbag.py:507} INFO - Filling up the DagBag from /home/airflow/.local/lib/python3.7/site-packages/airflow/example_dags/example_branch_day_of_week_operator.py
[2022-09-15 00:59:59,391] {processor.py:651} INFO - DAG(s) dict_keys(['example_weekday_branch_operator']) retrieved from /home/airflow/.local/lib/python3.7/site-packages/airflow/example_dags/example_branch_day_of_week_operator.py
[2022-09-15 00:59:59,428] {logging_mixin.py:115} INFO - [2022-09-15 00:59:59,428] {dag.py:2371} INFO - Sync 1 DAGs
[2022-09-15 00:59:59,469] {logging_mixin.py:115} INFO - [2022-09-15 00:59:59,469] {dag.py:2919} INFO - Setting next_dagrun for example_weekday_branch_operator to 2022-09-14T00:00:00+00:00, run_after=2022-09-15T00:00:00+00:00
[2022-09-15 00:59:59,494] {processor.py:161} INFO - Processing /home/airflow/.local/lib/python3.7/site-packages/airflow/example_dags/example_branch_day_of_week_operator.py took 0.125 seconds
[2022-09-15 01:00:30,522] {processor.py:153} INFO - Started process (PID=96779) to work on /home/airflow/.local/lib/python3.7/site-packages/airflow/example_dags/example_branch_day_of_week_operator.py
[2022-09-15 01:00:30,525] {processor.py:641} INFO - Processing file /home/airflow/.local/lib/python3.7/site-packages/airflow/example_dags/example_branch_day_of_week_operator.py for tasks to queue
[2022-09-15 01:00:30,527] {logging_mixin.py:115} INFO - [2022-09-15 01:00:30,527] {dagbag.py:507} INFO - Filling up the DagBag from /home/airflow/.local/lib/python3.7/site-packages/airflow/example_dags/example_branch_day_of_week_operator.py
[2022-09-15 01:00:30,545] {processor.py:651} INFO - DAG(s) dict_keys(['example_weekday_branch_operator']) retrieved from /home/airflow/.local/lib/python3.7/site-packages/airflow/example_dags/example_branch_day_of_week_operator.py
[2022-09-15 01:00:30,629] {logging_mixin.py:115} INFO - [2022-09-15 01:00:30,629] {dag.py:2371} INFO - Sync 1 DAGs
[2022-09-15 01:00:30,680] {logging_mixin.py:115} INFO - [2022-09-15 01:00:30,680] {dag.py:2919} INFO - Setting next_dagrun for example_weekday_branch_operator to 2022-09-14T00:00:00+00:00, run_after=2022-09-15T00:00:00+00:00
[2022-09-15 01:00:30,708] {processor.py:161} INFO - Processing /home/airflow/.local/lib/python3.7/site-packages/airflow/example_dags/example_branch_day_of_week_operator.py took 0.191 seconds
[2022-09-15 01:01:01,267] {processor.py:153} INFO - Started process (PID=96846) to work on /home/airflow/.local/lib/python3.7/site-packages/airflow/example_dags/example_branch_day_of_week_operator.py
[2022-09-15 01:01:01,269] {processor.py:641} INFO - Processing file /home/airflow/.local/lib/python3.7/site-packages/airflow/example_dags/example_branch_day_of_week_operator.py for tasks to queue
[2022-09-15 01:01:01,273] {logging_mixin.py:115} INFO - [2022-09-15 01:01:01,273] {dagbag.py:507} INFO - Filling up the DagBag from /home/airflow/.local/lib/python3.7/site-packages/airflow/example_dags/example_branch_day_of_week_operator.py
[2022-09-15 01:01:01,287] {processor.py:651} INFO - DAG(s) dict_keys(['example_weekday_branch_operator']) retrieved from /home/airflow/.local/lib/python3.7/site-packages/airflow/example_dags/example_branch_day_of_week_operator.py
[2022-09-15 01:01:01,346] {logging_mixin.py:115} INFO - [2022-09-15 01:01:01,346] {dag.py:2371} INFO - Sync 1 DAGs
[2022-09-15 01:01:01,384] {logging_mixin.py:115} INFO - [2022-09-15 01:01:01,384] {dag.py:2919} INFO - Setting next_dagrun for example_weekday_branch_operator to 2022-09-14T00:00:00+00:00, run_after=2022-09-15T00:00:00+00:00
[2022-09-15 01:01:01,403] {processor.py:161} INFO - Processing /home/airflow/.local/lib/python3.7/site-packages/airflow/example_dags/example_branch_day_of_week_operator.py took 0.142 seconds
[2022-09-15 01:01:32,238] {processor.py:153} INFO - Started process (PID=96903) to work on /home/airflow/.local/lib/python3.7/site-packages/airflow/example_dags/example_branch_day_of_week_operator.py
[2022-09-15 01:01:32,241] {processor.py:641} INFO - Processing file /home/airflow/.local/lib/python3.7/site-packages/airflow/example_dags/example_branch_day_of_week_operator.py for tasks to queue
[2022-09-15 01:01:32,242] {logging_mixin.py:115} INFO - [2022-09-15 01:01:32,242] {dagbag.py:507} INFO - Filling up the DagBag from /home/airflow/.local/lib/python3.7/site-packages/airflow/example_dags/example_branch_day_of_week_operator.py
[2022-09-15 01:01:32,261] {processor.py:651} INFO - DAG(s) dict_keys(['example_weekday_branch_operator']) retrieved from /home/airflow/.local/lib/python3.7/site-packages/airflow/example_dags/example_branch_day_of_week_operator.py
[2022-09-15 01:01:32,311] {logging_mixin.py:115} INFO - [2022-09-15 01:01:32,311] {dag.py:2371} INFO - Sync 1 DAGs
[2022-09-15 01:01:32,339] {logging_mixin.py:115} INFO - [2022-09-15 01:01:32,339] {dag.py:2919} INFO - Setting next_dagrun for example_weekday_branch_operator to 2022-09-14T00:00:00+00:00, run_after=2022-09-15T00:00:00+00:00
[2022-09-15 01:01:32,354] {processor.py:161} INFO - Processing /home/airflow/.local/lib/python3.7/site-packages/airflow/example_dags/example_branch_day_of_week_operator.py took 0.127 seconds
[2022-09-15 01:02:03,289] {processor.py:153} INFO - Started process (PID=96972) to work on /home/airflow/.local/lib/python3.7/site-packages/airflow/example_dags/example_branch_day_of_week_operator.py
[2022-09-15 01:02:03,291] {processor.py:641} INFO - Processing file /home/airflow/.local/lib/python3.7/site-packages/airflow/example_dags/example_branch_day_of_week_operator.py for tasks to queue
[2022-09-15 01:02:03,294] {logging_mixin.py:115} INFO - [2022-09-15 01:02:03,293] {dagbag.py:507} INFO - Filling up the DagBag from /home/airflow/.local/lib/python3.7/site-packages/airflow/example_dags/example_branch_day_of_week_operator.py
[2022-09-15 01:02:03,304] {processor.py:651} INFO - DAG(s) dict_keys(['example_weekday_branch_operator']) retrieved from /home/airflow/.local/lib/python3.7/site-packages/airflow/example_dags/example_branch_day_of_week_operator.py
[2022-09-15 01:02:03,346] {logging_mixin.py:115} INFO - [2022-09-15 01:02:03,346] {dag.py:2371} INFO - Sync 1 DAGs
[2022-09-15 01:02:03,377] {logging_mixin.py:115} INFO - [2022-09-15 01:02:03,377] {dag.py:2919} INFO - Setting next_dagrun for example_weekday_branch_operator to 2022-09-14T00:00:00+00:00, run_after=2022-09-15T00:00:00+00:00
[2022-09-15 01:02:03,397] {processor.py:161} INFO - Processing /home/airflow/.local/lib/python3.7/site-packages/airflow/example_dags/example_branch_day_of_week_operator.py took 0.113 seconds
[2022-09-15 01:02:34,060] {processor.py:153} INFO - Started process (PID=97041) to work on /home/airflow/.local/lib/python3.7/site-packages/airflow/example_dags/example_branch_day_of_week_operator.py
[2022-09-15 01:02:34,062] {processor.py:641} INFO - Processing file /home/airflow/.local/lib/python3.7/site-packages/airflow/example_dags/example_branch_day_of_week_operator.py for tasks to queue
[2022-09-15 01:02:34,064] {logging_mixin.py:115} INFO - [2022-09-15 01:02:34,064] {dagbag.py:507} INFO - Filling up the DagBag from /home/airflow/.local/lib/python3.7/site-packages/airflow/example_dags/example_branch_day_of_week_operator.py
[2022-09-15 01:02:34,077] {processor.py:651} INFO - DAG(s) dict_keys(['example_weekday_branch_operator']) retrieved from /home/airflow/.local/lib/python3.7/site-packages/airflow/example_dags/example_branch_day_of_week_operator.py
[2022-09-15 01:02:34,121] {logging_mixin.py:115} INFO - [2022-09-15 01:02:34,121] {dag.py:2371} INFO - Sync 1 DAGs
[2022-09-15 01:02:34,153] {logging_mixin.py:115} INFO - [2022-09-15 01:02:34,153] {dag.py:2919} INFO - Setting next_dagrun for example_weekday_branch_operator to 2022-09-14T00:00:00+00:00, run_after=2022-09-15T00:00:00+00:00
[2022-09-15 01:02:34,173] {processor.py:161} INFO - Processing /home/airflow/.local/lib/python3.7/site-packages/airflow/example_dags/example_branch_day_of_week_operator.py took 0.120 seconds
[2022-09-15 01:03:04,320] {processor.py:153} INFO - Started process (PID=97099) to work on /home/airflow/.local/lib/python3.7/site-packages/airflow/example_dags/example_branch_day_of_week_operator.py
[2022-09-15 01:03:04,322] {processor.py:641} INFO - Processing file /home/airflow/.local/lib/python3.7/site-packages/airflow/example_dags/example_branch_day_of_week_operator.py for tasks to queue
[2022-09-15 01:03:04,324] {logging_mixin.py:115} INFO - [2022-09-15 01:03:04,324] {dagbag.py:507} INFO - Filling up the DagBag from /home/airflow/.local/lib/python3.7/site-packages/airflow/example_dags/example_branch_day_of_week_operator.py
[2022-09-15 01:03:04,334] {processor.py:651} INFO - DAG(s) dict_keys(['example_weekday_branch_operator']) retrieved from /home/airflow/.local/lib/python3.7/site-packages/airflow/example_dags/example_branch_day_of_week_operator.py
[2022-09-15 01:03:04,374] {logging_mixin.py:115} INFO - [2022-09-15 01:03:04,374] {dag.py:2371} INFO - Sync 1 DAGs
[2022-09-15 01:03:04,409] {logging_mixin.py:115} INFO - [2022-09-15 01:03:04,408] {dag.py:2919} INFO - Setting next_dagrun for example_weekday_branch_operator to 2022-09-14T00:00:00+00:00, run_after=2022-09-15T00:00:00+00:00
[2022-09-15 01:03:04,438] {processor.py:161} INFO - Processing /home/airflow/.local/lib/python3.7/site-packages/airflow/example_dags/example_branch_day_of_week_operator.py took 0.123 seconds
[2022-09-15 01:03:34,725] {processor.py:153} INFO - Started process (PID=97170) to work on /home/airflow/.local/lib/python3.7/site-packages/airflow/example_dags/example_branch_day_of_week_operator.py
[2022-09-15 01:03:34,726] {processor.py:641} INFO - Processing file /home/airflow/.local/lib/python3.7/site-packages/airflow/example_dags/example_branch_day_of_week_operator.py for tasks to queue
[2022-09-15 01:03:34,730] {logging_mixin.py:115} INFO - [2022-09-15 01:03:34,729] {dagbag.py:507} INFO - Filling up the DagBag from /home/airflow/.local/lib/python3.7/site-packages/airflow/example_dags/example_branch_day_of_week_operator.py
[2022-09-15 01:03:34,745] {processor.py:651} INFO - DAG(s) dict_keys(['example_weekday_branch_operator']) retrieved from /home/airflow/.local/lib/python3.7/site-packages/airflow/example_dags/example_branch_day_of_week_operator.py
[2022-09-15 01:03:34,829] {logging_mixin.py:115} INFO - [2022-09-15 01:03:34,829] {dag.py:2371} INFO - Sync 1 DAGs
[2022-09-15 01:03:34,909] {logging_mixin.py:115} INFO - [2022-09-15 01:03:34,909] {dag.py:2919} INFO - Setting next_dagrun for example_weekday_branch_operator to 2022-09-14T00:00:00+00:00, run_after=2022-09-15T00:00:00+00:00
[2022-09-15 01:03:34,953] {processor.py:161} INFO - Processing /home/airflow/.local/lib/python3.7/site-packages/airflow/example_dags/example_branch_day_of_week_operator.py took 0.234 seconds
[2022-09-15 01:04:05,364] {processor.py:153} INFO - Started process (PID=97228) to work on /home/airflow/.local/lib/python3.7/site-packages/airflow/example_dags/example_branch_day_of_week_operator.py
[2022-09-15 01:04:05,365] {processor.py:641} INFO - Processing file /home/airflow/.local/lib/python3.7/site-packages/airflow/example_dags/example_branch_day_of_week_operator.py for tasks to queue
[2022-09-15 01:04:05,366] {logging_mixin.py:115} INFO - [2022-09-15 01:04:05,366] {dagbag.py:507} INFO - Filling up the DagBag from /home/airflow/.local/lib/python3.7/site-packages/airflow/example_dags/example_branch_day_of_week_operator.py
[2022-09-15 01:04:05,375] {processor.py:651} INFO - DAG(s) dict_keys(['example_weekday_branch_operator']) retrieved from /home/airflow/.local/lib/python3.7/site-packages/airflow/example_dags/example_branch_day_of_week_operator.py
[2022-09-15 01:04:05,411] {logging_mixin.py:115} INFO - [2022-09-15 01:04:05,411] {dag.py:2371} INFO - Sync 1 DAGs
[2022-09-15 01:04:05,436] {logging_mixin.py:115} INFO - [2022-09-15 01:04:05,436] {dag.py:2919} INFO - Setting next_dagrun for example_weekday_branch_operator to 2022-09-14T00:00:00+00:00, run_after=2022-09-15T00:00:00+00:00
[2022-09-15 01:04:05,453] {processor.py:161} INFO - Processing /home/airflow/.local/lib/python3.7/site-packages/airflow/example_dags/example_branch_day_of_week_operator.py took 0.096 seconds
[2022-09-15 01:04:36,434] {processor.py:153} INFO - Started process (PID=97294) to work on /home/airflow/.local/lib/python3.7/site-packages/airflow/example_dags/example_branch_day_of_week_operator.py
[2022-09-15 01:04:36,435] {processor.py:641} INFO - Processing file /home/airflow/.local/lib/python3.7/site-packages/airflow/example_dags/example_branch_day_of_week_operator.py for tasks to queue
[2022-09-15 01:04:36,437] {logging_mixin.py:115} INFO - [2022-09-15 01:04:36,437] {dagbag.py:507} INFO - Filling up the DagBag from /home/airflow/.local/lib/python3.7/site-packages/airflow/example_dags/example_branch_day_of_week_operator.py
[2022-09-15 01:04:36,445] {processor.py:651} INFO - DAG(s) dict_keys(['example_weekday_branch_operator']) retrieved from /home/airflow/.local/lib/python3.7/site-packages/airflow/example_dags/example_branch_day_of_week_operator.py
[2022-09-15 01:04:36,476] {logging_mixin.py:115} INFO - [2022-09-15 01:04:36,476] {dag.py:2371} INFO - Sync 1 DAGs
[2022-09-15 01:04:36,512] {logging_mixin.py:115} INFO - [2022-09-15 01:04:36,512] {dag.py:2919} INFO - Setting next_dagrun for example_weekday_branch_operator to 2022-09-14T00:00:00+00:00, run_after=2022-09-15T00:00:00+00:00
[2022-09-15 01:04:36,529] {processor.py:161} INFO - Processing /home/airflow/.local/lib/python3.7/site-packages/airflow/example_dags/example_branch_day_of_week_operator.py took 0.098 seconds
