[2022-09-15 00:41:04,157] {processor.py:153} INFO - Started process (PID=94352) to work on /home/airflow/.local/lib/python3.7/site-packages/airflow/example_dags/example_branch_python_dop_operator_3.py
[2022-09-15 00:41:04,161] {processor.py:641} INFO - Processing file /home/airflow/.local/lib/python3.7/site-packages/airflow/example_dags/example_branch_python_dop_operator_3.py for tasks to queue
[2022-09-15 00:41:04,173] {logging_mixin.py:115} INFO - [2022-09-15 00:41:04,173] {dagbag.py:507} INFO - Filling up the DagBag from /home/airflow/.local/lib/python3.7/site-packages/airflow/example_dags/example_branch_python_dop_operator_3.py
[2022-09-15 00:41:04,320] {processor.py:651} INFO - DAG(s) dict_keys(['example_branch_dop_operator_v3']) retrieved from /home/airflow/.local/lib/python3.7/site-packages/airflow/example_dags/example_branch_python_dop_operator_3.py
[2022-09-15 00:41:04,937] {logging_mixin.py:115} INFO - [2022-09-15 00:41:04,937] {dag.py:2371} INFO - Sync 1 DAGs
[2022-09-15 00:41:05,298] {logging_mixin.py:115} INFO - [2022-09-15 00:41:05,298] {dag.py:2919} INFO - Setting next_dagrun for example_branch_dop_operator_v3 to 2022-09-15T00:40:00+00:00, run_after=2022-09-15T00:41:00+00:00
[2022-09-15 00:41:05,469] {processor.py:161} INFO - Processing /home/airflow/.local/lib/python3.7/site-packages/airflow/example_dags/example_branch_python_dop_operator_3.py took 1.337 seconds
[2022-09-15 00:41:36,482] {processor.py:153} INFO - Started process (PID=94410) to work on /home/airflow/.local/lib/python3.7/site-packages/airflow/example_dags/example_branch_python_dop_operator_3.py
[2022-09-15 00:41:36,492] {processor.py:641} INFO - Processing file /home/airflow/.local/lib/python3.7/site-packages/airflow/example_dags/example_branch_python_dop_operator_3.py for tasks to queue
[2022-09-15 00:41:36,496] {logging_mixin.py:115} INFO - [2022-09-15 00:41:36,496] {dagbag.py:507} INFO - Filling up the DagBag from /home/airflow/.local/lib/python3.7/site-packages/airflow/example_dags/example_branch_python_dop_operator_3.py
[2022-09-15 00:41:36,519] {processor.py:651} INFO - DAG(s) dict_keys(['example_branch_dop_operator_v3']) retrieved from /home/airflow/.local/lib/python3.7/site-packages/airflow/example_dags/example_branch_python_dop_operator_3.py
[2022-09-15 00:41:36,568] {logging_mixin.py:115} INFO - [2022-09-15 00:41:36,567] {dag.py:2371} INFO - Sync 1 DAGs
[2022-09-15 00:41:36,622] {logging_mixin.py:115} INFO - [2022-09-15 00:41:36,622] {dag.py:2919} INFO - Setting next_dagrun for example_branch_dop_operator_v3 to 2022-09-15T00:40:00+00:00, run_after=2022-09-15T00:41:00+00:00
[2022-09-15 00:41:36,688] {processor.py:161} INFO - Processing /home/airflow/.local/lib/python3.7/site-packages/airflow/example_dags/example_branch_python_dop_operator_3.py took 0.210 seconds
[2022-09-15 00:42:07,402] {processor.py:153} INFO - Started process (PID=94477) to work on /home/airflow/.local/lib/python3.7/site-packages/airflow/example_dags/example_branch_python_dop_operator_3.py
[2022-09-15 00:42:07,405] {processor.py:641} INFO - Processing file /home/airflow/.local/lib/python3.7/site-packages/airflow/example_dags/example_branch_python_dop_operator_3.py for tasks to queue
[2022-09-15 00:42:07,407] {logging_mixin.py:115} INFO - [2022-09-15 00:42:07,407] {dagbag.py:507} INFO - Filling up the DagBag from /home/airflow/.local/lib/python3.7/site-packages/airflow/example_dags/example_branch_python_dop_operator_3.py
[2022-09-15 00:42:07,424] {processor.py:651} INFO - DAG(s) dict_keys(['example_branch_dop_operator_v3']) retrieved from /home/airflow/.local/lib/python3.7/site-packages/airflow/example_dags/example_branch_python_dop_operator_3.py
[2022-09-15 00:42:07,457] {logging_mixin.py:115} INFO - [2022-09-15 00:42:07,457] {dag.py:2371} INFO - Sync 1 DAGs
[2022-09-15 00:42:07,490] {logging_mixin.py:115} INFO - [2022-09-15 00:42:07,490] {dag.py:2919} INFO - Setting next_dagrun for example_branch_dop_operator_v3 to 2022-09-15T00:41:00+00:00, run_after=2022-09-15T00:42:00+00:00
[2022-09-15 00:42:07,509] {processor.py:161} INFO - Processing /home/airflow/.local/lib/python3.7/site-packages/airflow/example_dags/example_branch_python_dop_operator_3.py took 0.131 seconds
[2022-09-15 00:42:38,003] {processor.py:153} INFO - Started process (PID=94536) to work on /home/airflow/.local/lib/python3.7/site-packages/airflow/example_dags/example_branch_python_dop_operator_3.py
[2022-09-15 00:42:38,026] {processor.py:641} INFO - Processing file /home/airflow/.local/lib/python3.7/site-packages/airflow/example_dags/example_branch_python_dop_operator_3.py for tasks to queue
[2022-09-15 00:42:38,028] {logging_mixin.py:115} INFO - [2022-09-15 00:42:38,028] {dagbag.py:507} INFO - Filling up the DagBag from /home/airflow/.local/lib/python3.7/site-packages/airflow/example_dags/example_branch_python_dop_operator_3.py
[2022-09-15 00:42:38,041] {processor.py:651} INFO - DAG(s) dict_keys(['example_branch_dop_operator_v3']) retrieved from /home/airflow/.local/lib/python3.7/site-packages/airflow/example_dags/example_branch_python_dop_operator_3.py
[2022-09-15 00:42:38,077] {logging_mixin.py:115} INFO - [2022-09-15 00:42:38,077] {dag.py:2371} INFO - Sync 1 DAGs
[2022-09-15 00:42:38,107] {logging_mixin.py:115} INFO - [2022-09-15 00:42:38,107] {dag.py:2919} INFO - Setting next_dagrun for example_branch_dop_operator_v3 to 2022-09-15T00:41:00+00:00, run_after=2022-09-15T00:42:00+00:00
[2022-09-15 00:42:38,124] {processor.py:161} INFO - Processing /home/airflow/.local/lib/python3.7/site-packages/airflow/example_dags/example_branch_python_dop_operator_3.py took 0.126 seconds
[2022-09-15 00:43:08,409] {processor.py:153} INFO - Started process (PID=94604) to work on /home/airflow/.local/lib/python3.7/site-packages/airflow/example_dags/example_branch_python_dop_operator_3.py
[2022-09-15 00:43:08,411] {processor.py:641} INFO - Processing file /home/airflow/.local/lib/python3.7/site-packages/airflow/example_dags/example_branch_python_dop_operator_3.py for tasks to queue
[2022-09-15 00:43:08,413] {logging_mixin.py:115} INFO - [2022-09-15 00:43:08,413] {dagbag.py:507} INFO - Filling up the DagBag from /home/airflow/.local/lib/python3.7/site-packages/airflow/example_dags/example_branch_python_dop_operator_3.py
[2022-09-15 00:43:08,429] {processor.py:651} INFO - DAG(s) dict_keys(['example_branch_dop_operator_v3']) retrieved from /home/airflow/.local/lib/python3.7/site-packages/airflow/example_dags/example_branch_python_dop_operator_3.py
[2022-09-15 00:43:08,471] {logging_mixin.py:115} INFO - [2022-09-15 00:43:08,471] {dag.py:2371} INFO - Sync 1 DAGs
[2022-09-15 00:43:08,520] {logging_mixin.py:115} INFO - [2022-09-15 00:43:08,520] {dag.py:2919} INFO - Setting next_dagrun for example_branch_dop_operator_v3 to 2022-09-15T00:42:00+00:00, run_after=2022-09-15T00:43:00+00:00
[2022-09-15 00:43:08,535] {processor.py:161} INFO - Processing /home/airflow/.local/lib/python3.7/site-packages/airflow/example_dags/example_branch_python_dop_operator_3.py took 0.130 seconds
[2022-09-15 00:43:39,323] {processor.py:153} INFO - Started process (PID=94673) to work on /home/airflow/.local/lib/python3.7/site-packages/airflow/example_dags/example_branch_python_dop_operator_3.py
[2022-09-15 00:43:39,325] {processor.py:641} INFO - Processing file /home/airflow/.local/lib/python3.7/site-packages/airflow/example_dags/example_branch_python_dop_operator_3.py for tasks to queue
[2022-09-15 00:43:39,327] {logging_mixin.py:115} INFO - [2022-09-15 00:43:39,327] {dagbag.py:507} INFO - Filling up the DagBag from /home/airflow/.local/lib/python3.7/site-packages/airflow/example_dags/example_branch_python_dop_operator_3.py
[2022-09-15 00:43:39,348] {processor.py:651} INFO - DAG(s) dict_keys(['example_branch_dop_operator_v3']) retrieved from /home/airflow/.local/lib/python3.7/site-packages/airflow/example_dags/example_branch_python_dop_operator_3.py
[2022-09-15 00:43:39,391] {logging_mixin.py:115} INFO - [2022-09-15 00:43:39,390] {dag.py:2371} INFO - Sync 1 DAGs
[2022-09-15 00:43:39,436] {logging_mixin.py:115} INFO - [2022-09-15 00:43:39,436] {dag.py:2919} INFO - Setting next_dagrun for example_branch_dop_operator_v3 to 2022-09-15T00:42:00+00:00, run_after=2022-09-15T00:43:00+00:00
[2022-09-15 00:43:39,459] {processor.py:161} INFO - Processing /home/airflow/.local/lib/python3.7/site-packages/airflow/example_dags/example_branch_python_dop_operator_3.py took 0.144 seconds
[2022-09-15 00:44:09,763] {processor.py:153} INFO - Started process (PID=94732) to work on /home/airflow/.local/lib/python3.7/site-packages/airflow/example_dags/example_branch_python_dop_operator_3.py
[2022-09-15 00:44:09,766] {processor.py:641} INFO - Processing file /home/airflow/.local/lib/python3.7/site-packages/airflow/example_dags/example_branch_python_dop_operator_3.py for tasks to queue
[2022-09-15 00:44:09,769] {logging_mixin.py:115} INFO - [2022-09-15 00:44:09,768] {dagbag.py:507} INFO - Filling up the DagBag from /home/airflow/.local/lib/python3.7/site-packages/airflow/example_dags/example_branch_python_dop_operator_3.py
[2022-09-15 00:44:09,801] {processor.py:651} INFO - DAG(s) dict_keys(['example_branch_dop_operator_v3']) retrieved from /home/airflow/.local/lib/python3.7/site-packages/airflow/example_dags/example_branch_python_dop_operator_3.py
[2022-09-15 00:44:09,859] {logging_mixin.py:115} INFO - [2022-09-15 00:44:09,858] {dag.py:2371} INFO - Sync 1 DAGs
[2022-09-15 00:44:09,918] {logging_mixin.py:115} INFO - [2022-09-15 00:44:09,918] {dag.py:2919} INFO - Setting next_dagrun for example_branch_dop_operator_v3 to 2022-09-15T00:43:00+00:00, run_after=2022-09-15T00:44:00+00:00
[2022-09-15 00:44:09,948] {processor.py:161} INFO - Processing /home/airflow/.local/lib/python3.7/site-packages/airflow/example_dags/example_branch_python_dop_operator_3.py took 0.193 seconds
[2022-09-15 00:44:40,329] {processor.py:153} INFO - Started process (PID=94798) to work on /home/airflow/.local/lib/python3.7/site-packages/airflow/example_dags/example_branch_python_dop_operator_3.py
[2022-09-15 00:44:40,332] {processor.py:641} INFO - Processing file /home/airflow/.local/lib/python3.7/site-packages/airflow/example_dags/example_branch_python_dop_operator_3.py for tasks to queue
[2022-09-15 00:44:40,335] {logging_mixin.py:115} INFO - [2022-09-15 00:44:40,334] {dagbag.py:507} INFO - Filling up the DagBag from /home/airflow/.local/lib/python3.7/site-packages/airflow/example_dags/example_branch_python_dop_operator_3.py
[2022-09-15 00:44:40,355] {processor.py:651} INFO - DAG(s) dict_keys(['example_branch_dop_operator_v3']) retrieved from /home/airflow/.local/lib/python3.7/site-packages/airflow/example_dags/example_branch_python_dop_operator_3.py
[2022-09-15 00:44:40,393] {logging_mixin.py:115} INFO - [2022-09-15 00:44:40,393] {dag.py:2371} INFO - Sync 1 DAGs
[2022-09-15 00:44:40,427] {logging_mixin.py:115} INFO - [2022-09-15 00:44:40,427] {dag.py:2919} INFO - Setting next_dagrun for example_branch_dop_operator_v3 to 2022-09-15T00:43:00+00:00, run_after=2022-09-15T00:44:00+00:00
[2022-09-15 00:44:40,449] {processor.py:161} INFO - Processing /home/airflow/.local/lib/python3.7/site-packages/airflow/example_dags/example_branch_python_dop_operator_3.py took 0.136 seconds
[2022-09-15 00:45:11,068] {processor.py:153} INFO - Started process (PID=94865) to work on /home/airflow/.local/lib/python3.7/site-packages/airflow/example_dags/example_branch_python_dop_operator_3.py
[2022-09-15 00:45:11,071] {processor.py:641} INFO - Processing file /home/airflow/.local/lib/python3.7/site-packages/airflow/example_dags/example_branch_python_dop_operator_3.py for tasks to queue
[2022-09-15 00:45:11,073] {logging_mixin.py:115} INFO - [2022-09-15 00:45:11,073] {dagbag.py:507} INFO - Filling up the DagBag from /home/airflow/.local/lib/python3.7/site-packages/airflow/example_dags/example_branch_python_dop_operator_3.py
[2022-09-15 00:45:11,096] {processor.py:651} INFO - DAG(s) dict_keys(['example_branch_dop_operator_v3']) retrieved from /home/airflow/.local/lib/python3.7/site-packages/airflow/example_dags/example_branch_python_dop_operator_3.py
[2022-09-15 00:45:11,134] {logging_mixin.py:115} INFO - [2022-09-15 00:45:11,134] {dag.py:2371} INFO - Sync 1 DAGs
[2022-09-15 00:45:11,197] {logging_mixin.py:115} INFO - [2022-09-15 00:45:11,197] {dag.py:2919} INFO - Setting next_dagrun for example_branch_dop_operator_v3 to 2022-09-15T00:44:00+00:00, run_after=2022-09-15T00:45:00+00:00
[2022-09-15 00:45:11,216] {processor.py:161} INFO - Processing /home/airflow/.local/lib/python3.7/site-packages/airflow/example_dags/example_branch_python_dop_operator_3.py took 0.156 seconds
[2022-09-15 00:45:41,571] {processor.py:153} INFO - Started process (PID=94923) to work on /home/airflow/.local/lib/python3.7/site-packages/airflow/example_dags/example_branch_python_dop_operator_3.py
[2022-09-15 00:45:41,574] {processor.py:641} INFO - Processing file /home/airflow/.local/lib/python3.7/site-packages/airflow/example_dags/example_branch_python_dop_operator_3.py for tasks to queue
[2022-09-15 00:45:41,582] {logging_mixin.py:115} INFO - [2022-09-15 00:45:41,582] {dagbag.py:507} INFO - Filling up the DagBag from /home/airflow/.local/lib/python3.7/site-packages/airflow/example_dags/example_branch_python_dop_operator_3.py
[2022-09-15 00:45:41,599] {processor.py:651} INFO - DAG(s) dict_keys(['example_branch_dop_operator_v3']) retrieved from /home/airflow/.local/lib/python3.7/site-packages/airflow/example_dags/example_branch_python_dop_operator_3.py
[2022-09-15 00:45:41,649] {logging_mixin.py:115} INFO - [2022-09-15 00:45:41,648] {dag.py:2371} INFO - Sync 1 DAGs
[2022-09-15 00:45:41,706] {logging_mixin.py:115} INFO - [2022-09-15 00:45:41,706] {dag.py:2919} INFO - Setting next_dagrun for example_branch_dop_operator_v3 to 2022-09-15T00:44:00+00:00, run_after=2022-09-15T00:45:00+00:00
[2022-09-15 00:45:41,730] {processor.py:161} INFO - Processing /home/airflow/.local/lib/python3.7/site-packages/airflow/example_dags/example_branch_python_dop_operator_3.py took 0.169 seconds
[2022-09-15 00:46:11,894] {processor.py:153} INFO - Started process (PID=94994) to work on /home/airflow/.local/lib/python3.7/site-packages/airflow/example_dags/example_branch_python_dop_operator_3.py
[2022-09-15 00:46:11,896] {processor.py:641} INFO - Processing file /home/airflow/.local/lib/python3.7/site-packages/airflow/example_dags/example_branch_python_dop_operator_3.py for tasks to queue
[2022-09-15 00:46:11,897] {logging_mixin.py:115} INFO - [2022-09-15 00:46:11,897] {dagbag.py:507} INFO - Filling up the DagBag from /home/airflow/.local/lib/python3.7/site-packages/airflow/example_dags/example_branch_python_dop_operator_3.py
[2022-09-15 00:46:11,910] {processor.py:651} INFO - DAG(s) dict_keys(['example_branch_dop_operator_v3']) retrieved from /home/airflow/.local/lib/python3.7/site-packages/airflow/example_dags/example_branch_python_dop_operator_3.py
[2022-09-15 00:46:11,942] {logging_mixin.py:115} INFO - [2022-09-15 00:46:11,941] {dag.py:2371} INFO - Sync 1 DAGs
[2022-09-15 00:46:11,984] {logging_mixin.py:115} INFO - [2022-09-15 00:46:11,984] {dag.py:2919} INFO - Setting next_dagrun for example_branch_dop_operator_v3 to 2022-09-15T00:45:00+00:00, run_after=2022-09-15T00:46:00+00:00
[2022-09-15 00:46:12,000] {processor.py:161} INFO - Processing /home/airflow/.local/lib/python3.7/site-packages/airflow/example_dags/example_branch_python_dop_operator_3.py took 0.111 seconds
[2022-09-15 00:46:42,193] {processor.py:153} INFO - Started process (PID=95052) to work on /home/airflow/.local/lib/python3.7/site-packages/airflow/example_dags/example_branch_python_dop_operator_3.py
[2022-09-15 00:46:42,195] {processor.py:641} INFO - Processing file /home/airflow/.local/lib/python3.7/site-packages/airflow/example_dags/example_branch_python_dop_operator_3.py for tasks to queue
[2022-09-15 00:46:42,197] {logging_mixin.py:115} INFO - [2022-09-15 00:46:42,197] {dagbag.py:507} INFO - Filling up the DagBag from /home/airflow/.local/lib/python3.7/site-packages/airflow/example_dags/example_branch_python_dop_operator_3.py
[2022-09-15 00:46:42,212] {processor.py:651} INFO - DAG(s) dict_keys(['example_branch_dop_operator_v3']) retrieved from /home/airflow/.local/lib/python3.7/site-packages/airflow/example_dags/example_branch_python_dop_operator_3.py
[2022-09-15 00:46:42,249] {logging_mixin.py:115} INFO - [2022-09-15 00:46:42,249] {dag.py:2371} INFO - Sync 1 DAGs
[2022-09-15 00:46:42,290] {logging_mixin.py:115} INFO - [2022-09-15 00:46:42,289] {dag.py:2919} INFO - Setting next_dagrun for example_branch_dop_operator_v3 to 2022-09-15T00:45:00+00:00, run_after=2022-09-15T00:46:00+00:00
[2022-09-15 00:46:42,310] {processor.py:161} INFO - Processing /home/airflow/.local/lib/python3.7/site-packages/airflow/example_dags/example_branch_python_dop_operator_3.py took 0.122 seconds
[2022-09-15 00:47:12,373] {processor.py:153} INFO - Started process (PID=95119) to work on /home/airflow/.local/lib/python3.7/site-packages/airflow/example_dags/example_branch_python_dop_operator_3.py
[2022-09-15 00:47:12,374] {processor.py:641} INFO - Processing file /home/airflow/.local/lib/python3.7/site-packages/airflow/example_dags/example_branch_python_dop_operator_3.py for tasks to queue
[2022-09-15 00:47:12,376] {logging_mixin.py:115} INFO - [2022-09-15 00:47:12,376] {dagbag.py:507} INFO - Filling up the DagBag from /home/airflow/.local/lib/python3.7/site-packages/airflow/example_dags/example_branch_python_dop_operator_3.py
[2022-09-15 00:47:12,389] {processor.py:651} INFO - DAG(s) dict_keys(['example_branch_dop_operator_v3']) retrieved from /home/airflow/.local/lib/python3.7/site-packages/airflow/example_dags/example_branch_python_dop_operator_3.py
[2022-09-15 00:47:12,424] {logging_mixin.py:115} INFO - [2022-09-15 00:47:12,424] {dag.py:2371} INFO - Sync 1 DAGs
[2022-09-15 00:47:12,461] {logging_mixin.py:115} INFO - [2022-09-15 00:47:12,461] {dag.py:2919} INFO - Setting next_dagrun for example_branch_dop_operator_v3 to 2022-09-15T00:46:00+00:00, run_after=2022-09-15T00:47:00+00:00
[2022-09-15 00:47:12,476] {processor.py:161} INFO - Processing /home/airflow/.local/lib/python3.7/site-packages/airflow/example_dags/example_branch_python_dop_operator_3.py took 0.107 seconds
[2022-09-15 00:47:42,743] {processor.py:153} INFO - Started process (PID=95175) to work on /home/airflow/.local/lib/python3.7/site-packages/airflow/example_dags/example_branch_python_dop_operator_3.py
[2022-09-15 00:47:42,746] {processor.py:641} INFO - Processing file /home/airflow/.local/lib/python3.7/site-packages/airflow/example_dags/example_branch_python_dop_operator_3.py for tasks to queue
[2022-09-15 00:47:42,749] {logging_mixin.py:115} INFO - [2022-09-15 00:47:42,748] {dagbag.py:507} INFO - Filling up the DagBag from /home/airflow/.local/lib/python3.7/site-packages/airflow/example_dags/example_branch_python_dop_operator_3.py
[2022-09-15 00:47:42,775] {processor.py:651} INFO - DAG(s) dict_keys(['example_branch_dop_operator_v3']) retrieved from /home/airflow/.local/lib/python3.7/site-packages/airflow/example_dags/example_branch_python_dop_operator_3.py
[2022-09-15 00:47:42,830] {logging_mixin.py:115} INFO - [2022-09-15 00:47:42,830] {dag.py:2371} INFO - Sync 1 DAGs
[2022-09-15 00:47:42,881] {logging_mixin.py:115} INFO - [2022-09-15 00:47:42,881] {dag.py:2919} INFO - Setting next_dagrun for example_branch_dop_operator_v3 to 2022-09-15T00:46:00+00:00, run_after=2022-09-15T00:47:00+00:00
[2022-09-15 00:47:42,907] {processor.py:161} INFO - Processing /home/airflow/.local/lib/python3.7/site-packages/airflow/example_dags/example_branch_python_dop_operator_3.py took 0.170 seconds
[2022-09-15 00:48:13,800] {processor.py:153} INFO - Started process (PID=95240) to work on /home/airflow/.local/lib/python3.7/site-packages/airflow/example_dags/example_branch_python_dop_operator_3.py
[2022-09-15 00:48:13,802] {processor.py:641} INFO - Processing file /home/airflow/.local/lib/python3.7/site-packages/airflow/example_dags/example_branch_python_dop_operator_3.py for tasks to queue
[2022-09-15 00:48:13,804] {logging_mixin.py:115} INFO - [2022-09-15 00:48:13,804] {dagbag.py:507} INFO - Filling up the DagBag from /home/airflow/.local/lib/python3.7/site-packages/airflow/example_dags/example_branch_python_dop_operator_3.py
[2022-09-15 00:48:13,816] {processor.py:651} INFO - DAG(s) dict_keys(['example_branch_dop_operator_v3']) retrieved from /home/airflow/.local/lib/python3.7/site-packages/airflow/example_dags/example_branch_python_dop_operator_3.py
[2022-09-15 00:48:13,852] {logging_mixin.py:115} INFO - [2022-09-15 00:48:13,852] {dag.py:2371} INFO - Sync 1 DAGs
[2022-09-15 00:48:13,881] {logging_mixin.py:115} INFO - [2022-09-15 00:48:13,881] {dag.py:2919} INFO - Setting next_dagrun for example_branch_dop_operator_v3 to 2022-09-15T00:47:00+00:00, run_after=2022-09-15T00:48:00+00:00
[2022-09-15 00:48:13,900] {processor.py:161} INFO - Processing /home/airflow/.local/lib/python3.7/site-packages/airflow/example_dags/example_branch_python_dop_operator_3.py took 0.104 seconds
[2022-09-15 00:48:46,703] {processor.py:153} INFO - Started process (PID=95309) to work on /home/airflow/.local/lib/python3.7/site-packages/airflow/example_dags/example_branch_python_dop_operator_3.py
[2022-09-15 00:48:46,719] {processor.py:641} INFO - Processing file /home/airflow/.local/lib/python3.7/site-packages/airflow/example_dags/example_branch_python_dop_operator_3.py for tasks to queue
[2022-09-15 00:48:46,741] {logging_mixin.py:115} INFO - [2022-09-15 00:48:46,741] {dagbag.py:507} INFO - Filling up the DagBag from /home/airflow/.local/lib/python3.7/site-packages/airflow/example_dags/example_branch_python_dop_operator_3.py
[2022-09-15 00:48:46,866] {processor.py:651} INFO - DAG(s) dict_keys(['example_branch_dop_operator_v3']) retrieved from /home/airflow/.local/lib/python3.7/site-packages/airflow/example_dags/example_branch_python_dop_operator_3.py
[2022-09-15 00:48:47,155] {logging_mixin.py:115} INFO - [2022-09-15 00:48:47,155] {dag.py:2371} INFO - Sync 1 DAGs
[2022-09-15 00:48:47,274] {logging_mixin.py:115} INFO - [2022-09-15 00:48:47,273] {dag.py:2919} INFO - Setting next_dagrun for example_branch_dop_operator_v3 to 2022-09-15T00:47:00+00:00, run_after=2022-09-15T00:48:00+00:00
[2022-09-15 00:48:47,325] {processor.py:161} INFO - Processing /home/airflow/.local/lib/python3.7/site-packages/airflow/example_dags/example_branch_python_dop_operator_3.py took 0.644 seconds
[2022-09-15 00:49:17,492] {processor.py:153} INFO - Started process (PID=95365) to work on /home/airflow/.local/lib/python3.7/site-packages/airflow/example_dags/example_branch_python_dop_operator_3.py
[2022-09-15 00:49:17,493] {processor.py:641} INFO - Processing file /home/airflow/.local/lib/python3.7/site-packages/airflow/example_dags/example_branch_python_dop_operator_3.py for tasks to queue
[2022-09-15 00:49:17,495] {logging_mixin.py:115} INFO - [2022-09-15 00:49:17,495] {dagbag.py:507} INFO - Filling up the DagBag from /home/airflow/.local/lib/python3.7/site-packages/airflow/example_dags/example_branch_python_dop_operator_3.py
[2022-09-15 00:49:17,506] {processor.py:651} INFO - DAG(s) dict_keys(['example_branch_dop_operator_v3']) retrieved from /home/airflow/.local/lib/python3.7/site-packages/airflow/example_dags/example_branch_python_dop_operator_3.py
[2022-09-15 00:49:17,541] {logging_mixin.py:115} INFO - [2022-09-15 00:49:17,540] {dag.py:2371} INFO - Sync 1 DAGs
[2022-09-15 00:49:17,572] {logging_mixin.py:115} INFO - [2022-09-15 00:49:17,572] {dag.py:2919} INFO - Setting next_dagrun for example_branch_dop_operator_v3 to 2022-09-15T00:48:00+00:00, run_after=2022-09-15T00:49:00+00:00
[2022-09-15 00:49:17,588] {processor.py:161} INFO - Processing /home/airflow/.local/lib/python3.7/site-packages/airflow/example_dags/example_branch_python_dop_operator_3.py took 0.100 seconds
[2022-09-15 00:49:47,902] {processor.py:153} INFO - Started process (PID=95433) to work on /home/airflow/.local/lib/python3.7/site-packages/airflow/example_dags/example_branch_python_dop_operator_3.py
[2022-09-15 00:49:47,907] {processor.py:641} INFO - Processing file /home/airflow/.local/lib/python3.7/site-packages/airflow/example_dags/example_branch_python_dop_operator_3.py for tasks to queue
[2022-09-15 00:49:47,909] {logging_mixin.py:115} INFO - [2022-09-15 00:49:47,909] {dagbag.py:507} INFO - Filling up the DagBag from /home/airflow/.local/lib/python3.7/site-packages/airflow/example_dags/example_branch_python_dop_operator_3.py
[2022-09-15 00:49:47,933] {processor.py:651} INFO - DAG(s) dict_keys(['example_branch_dop_operator_v3']) retrieved from /home/airflow/.local/lib/python3.7/site-packages/airflow/example_dags/example_branch_python_dop_operator_3.py
[2022-09-15 00:49:47,981] {logging_mixin.py:115} INFO - [2022-09-15 00:49:47,981] {dag.py:2371} INFO - Sync 1 DAGs
[2022-09-15 00:49:48,016] {logging_mixin.py:115} INFO - [2022-09-15 00:49:48,016] {dag.py:2919} INFO - Setting next_dagrun for example_branch_dop_operator_v3 to 2022-09-15T00:48:00+00:00, run_after=2022-09-15T00:49:00+00:00
[2022-09-15 00:49:48,099] {processor.py:161} INFO - Processing /home/airflow/.local/lib/python3.7/site-packages/airflow/example_dags/example_branch_python_dop_operator_3.py took 0.204 seconds
[2022-09-15 00:50:18,165] {processor.py:153} INFO - Started process (PID=95490) to work on /home/airflow/.local/lib/python3.7/site-packages/airflow/example_dags/example_branch_python_dop_operator_3.py
[2022-09-15 00:50:18,166] {processor.py:641} INFO - Processing file /home/airflow/.local/lib/python3.7/site-packages/airflow/example_dags/example_branch_python_dop_operator_3.py for tasks to queue
[2022-09-15 00:50:18,168] {logging_mixin.py:115} INFO - [2022-09-15 00:50:18,168] {dagbag.py:507} INFO - Filling up the DagBag from /home/airflow/.local/lib/python3.7/site-packages/airflow/example_dags/example_branch_python_dop_operator_3.py
[2022-09-15 00:50:18,179] {processor.py:651} INFO - DAG(s) dict_keys(['example_branch_dop_operator_v3']) retrieved from /home/airflow/.local/lib/python3.7/site-packages/airflow/example_dags/example_branch_python_dop_operator_3.py
[2022-09-15 00:50:18,209] {logging_mixin.py:115} INFO - [2022-09-15 00:50:18,209] {dag.py:2371} INFO - Sync 1 DAGs
[2022-09-15 00:50:18,241] {logging_mixin.py:115} INFO - [2022-09-15 00:50:18,240] {dag.py:2919} INFO - Setting next_dagrun for example_branch_dop_operator_v3 to 2022-09-15T00:49:00+00:00, run_after=2022-09-15T00:50:00+00:00
[2022-09-15 00:50:18,255] {processor.py:161} INFO - Processing /home/airflow/.local/lib/python3.7/site-packages/airflow/example_dags/example_branch_python_dop_operator_3.py took 0.095 seconds
[2022-09-15 00:50:48,341] {processor.py:153} INFO - Started process (PID=95558) to work on /home/airflow/.local/lib/python3.7/site-packages/airflow/example_dags/example_branch_python_dop_operator_3.py
[2022-09-15 00:50:48,343] {processor.py:641} INFO - Processing file /home/airflow/.local/lib/python3.7/site-packages/airflow/example_dags/example_branch_python_dop_operator_3.py for tasks to queue
[2022-09-15 00:50:48,344] {logging_mixin.py:115} INFO - [2022-09-15 00:50:48,344] {dagbag.py:507} INFO - Filling up the DagBag from /home/airflow/.local/lib/python3.7/site-packages/airflow/example_dags/example_branch_python_dop_operator_3.py
[2022-09-15 00:50:48,358] {processor.py:651} INFO - DAG(s) dict_keys(['example_branch_dop_operator_v3']) retrieved from /home/airflow/.local/lib/python3.7/site-packages/airflow/example_dags/example_branch_python_dop_operator_3.py
[2022-09-15 00:50:48,394] {logging_mixin.py:115} INFO - [2022-09-15 00:50:48,394] {dag.py:2371} INFO - Sync 1 DAGs
[2022-09-15 00:50:48,426] {logging_mixin.py:115} INFO - [2022-09-15 00:50:48,426] {dag.py:2919} INFO - Setting next_dagrun for example_branch_dop_operator_v3 to 2022-09-15T00:49:00+00:00, run_after=2022-09-15T00:50:00+00:00
[2022-09-15 00:50:48,442] {processor.py:161} INFO - Processing /home/airflow/.local/lib/python3.7/site-packages/airflow/example_dags/example_branch_python_dop_operator_3.py took 0.107 seconds
[2022-09-15 00:51:18,878] {processor.py:153} INFO - Started process (PID=95626) to work on /home/airflow/.local/lib/python3.7/site-packages/airflow/example_dags/example_branch_python_dop_operator_3.py
[2022-09-15 00:51:18,916] {processor.py:641} INFO - Processing file /home/airflow/.local/lib/python3.7/site-packages/airflow/example_dags/example_branch_python_dop_operator_3.py for tasks to queue
[2022-09-15 00:51:18,921] {logging_mixin.py:115} INFO - [2022-09-15 00:51:18,921] {dagbag.py:507} INFO - Filling up the DagBag from /home/airflow/.local/lib/python3.7/site-packages/airflow/example_dags/example_branch_python_dop_operator_3.py
[2022-09-15 00:51:18,944] {processor.py:651} INFO - DAG(s) dict_keys(['example_branch_dop_operator_v3']) retrieved from /home/airflow/.local/lib/python3.7/site-packages/airflow/example_dags/example_branch_python_dop_operator_3.py
[2022-09-15 00:51:19,005] {logging_mixin.py:115} INFO - [2022-09-15 00:51:19,005] {dag.py:2371} INFO - Sync 1 DAGs
[2022-09-15 00:51:19,069] {logging_mixin.py:115} INFO - [2022-09-15 00:51:19,069] {dag.py:2919} INFO - Setting next_dagrun for example_branch_dop_operator_v3 to 2022-09-15T00:50:00+00:00, run_after=2022-09-15T00:51:00+00:00
[2022-09-15 00:51:19,113] {processor.py:161} INFO - Processing /home/airflow/.local/lib/python3.7/site-packages/airflow/example_dags/example_branch_python_dop_operator_3.py took 0.241 seconds
[2022-09-15 00:51:50,121] {processor.py:153} INFO - Started process (PID=95683) to work on /home/airflow/.local/lib/python3.7/site-packages/airflow/example_dags/example_branch_python_dop_operator_3.py
[2022-09-15 00:51:50,123] {processor.py:641} INFO - Processing file /home/airflow/.local/lib/python3.7/site-packages/airflow/example_dags/example_branch_python_dop_operator_3.py for tasks to queue
[2022-09-15 00:51:50,125] {logging_mixin.py:115} INFO - [2022-09-15 00:51:50,124] {dagbag.py:507} INFO - Filling up the DagBag from /home/airflow/.local/lib/python3.7/site-packages/airflow/example_dags/example_branch_python_dop_operator_3.py
[2022-09-15 00:51:50,139] {processor.py:651} INFO - DAG(s) dict_keys(['example_branch_dop_operator_v3']) retrieved from /home/airflow/.local/lib/python3.7/site-packages/airflow/example_dags/example_branch_python_dop_operator_3.py
[2022-09-15 00:51:50,186] {logging_mixin.py:115} INFO - [2022-09-15 00:51:50,186] {dag.py:2371} INFO - Sync 1 DAGs
[2022-09-15 00:51:50,222] {logging_mixin.py:115} INFO - [2022-09-15 00:51:50,222] {dag.py:2919} INFO - Setting next_dagrun for example_branch_dop_operator_v3 to 2022-09-15T00:50:00+00:00, run_after=2022-09-15T00:51:00+00:00
[2022-09-15 00:51:50,271] {processor.py:161} INFO - Processing /home/airflow/.local/lib/python3.7/site-packages/airflow/example_dags/example_branch_python_dop_operator_3.py took 0.157 seconds
[2022-09-15 00:52:20,699] {processor.py:153} INFO - Started process (PID=95751) to work on /home/airflow/.local/lib/python3.7/site-packages/airflow/example_dags/example_branch_python_dop_operator_3.py
[2022-09-15 00:52:20,701] {processor.py:641} INFO - Processing file /home/airflow/.local/lib/python3.7/site-packages/airflow/example_dags/example_branch_python_dop_operator_3.py for tasks to queue
[2022-09-15 00:52:20,703] {logging_mixin.py:115} INFO - [2022-09-15 00:52:20,703] {dagbag.py:507} INFO - Filling up the DagBag from /home/airflow/.local/lib/python3.7/site-packages/airflow/example_dags/example_branch_python_dop_operator_3.py
[2022-09-15 00:52:20,717] {processor.py:651} INFO - DAG(s) dict_keys(['example_branch_dop_operator_v3']) retrieved from /home/airflow/.local/lib/python3.7/site-packages/airflow/example_dags/example_branch_python_dop_operator_3.py
[2022-09-15 00:52:20,746] {logging_mixin.py:115} INFO - [2022-09-15 00:52:20,746] {dag.py:2371} INFO - Sync 1 DAGs
[2022-09-15 00:52:20,776] {logging_mixin.py:115} INFO - [2022-09-15 00:52:20,776] {dag.py:2919} INFO - Setting next_dagrun for example_branch_dop_operator_v3 to 2022-09-15T00:51:00+00:00, run_after=2022-09-15T00:52:00+00:00
[2022-09-15 00:52:20,790] {processor.py:161} INFO - Processing /home/airflow/.local/lib/python3.7/site-packages/airflow/example_dags/example_branch_python_dop_operator_3.py took 0.094 seconds
[2022-09-15 00:52:51,455] {processor.py:153} INFO - Started process (PID=95811) to work on /home/airflow/.local/lib/python3.7/site-packages/airflow/example_dags/example_branch_python_dop_operator_3.py
[2022-09-15 00:52:51,458] {processor.py:641} INFO - Processing file /home/airflow/.local/lib/python3.7/site-packages/airflow/example_dags/example_branch_python_dop_operator_3.py for tasks to queue
[2022-09-15 00:52:51,459] {logging_mixin.py:115} INFO - [2022-09-15 00:52:51,459] {dagbag.py:507} INFO - Filling up the DagBag from /home/airflow/.local/lib/python3.7/site-packages/airflow/example_dags/example_branch_python_dop_operator_3.py
[2022-09-15 00:52:51,474] {processor.py:651} INFO - DAG(s) dict_keys(['example_branch_dop_operator_v3']) retrieved from /home/airflow/.local/lib/python3.7/site-packages/airflow/example_dags/example_branch_python_dop_operator_3.py
[2022-09-15 00:52:51,510] {logging_mixin.py:115} INFO - [2022-09-15 00:52:51,510] {dag.py:2371} INFO - Sync 1 DAGs
[2022-09-15 00:52:51,548] {logging_mixin.py:115} INFO - [2022-09-15 00:52:51,548] {dag.py:2919} INFO - Setting next_dagrun for example_branch_dop_operator_v3 to 2022-09-15T00:51:00+00:00, run_after=2022-09-15T00:52:00+00:00
[2022-09-15 00:52:51,564] {processor.py:161} INFO - Processing /home/airflow/.local/lib/python3.7/site-packages/airflow/example_dags/example_branch_python_dop_operator_3.py took 0.114 seconds
[2022-09-15 00:53:22,193] {processor.py:153} INFO - Started process (PID=95882) to work on /home/airflow/.local/lib/python3.7/site-packages/airflow/example_dags/example_branch_python_dop_operator_3.py
[2022-09-15 00:53:22,195] {processor.py:641} INFO - Processing file /home/airflow/.local/lib/python3.7/site-packages/airflow/example_dags/example_branch_python_dop_operator_3.py for tasks to queue
[2022-09-15 00:53:22,197] {logging_mixin.py:115} INFO - [2022-09-15 00:53:22,197] {dagbag.py:507} INFO - Filling up the DagBag from /home/airflow/.local/lib/python3.7/site-packages/airflow/example_dags/example_branch_python_dop_operator_3.py
[2022-09-15 00:53:22,210] {processor.py:651} INFO - DAG(s) dict_keys(['example_branch_dop_operator_v3']) retrieved from /home/airflow/.local/lib/python3.7/site-packages/airflow/example_dags/example_branch_python_dop_operator_3.py
[2022-09-15 00:53:22,244] {logging_mixin.py:115} INFO - [2022-09-15 00:53:22,244] {dag.py:2371} INFO - Sync 1 DAGs
[2022-09-15 00:53:22,279] {logging_mixin.py:115} INFO - [2022-09-15 00:53:22,279] {dag.py:2919} INFO - Setting next_dagrun for example_branch_dop_operator_v3 to 2022-09-15T00:52:00+00:00, run_after=2022-09-15T00:53:00+00:00
[2022-09-15 00:53:22,295] {processor.py:161} INFO - Processing /home/airflow/.local/lib/python3.7/site-packages/airflow/example_dags/example_branch_python_dop_operator_3.py took 0.107 seconds
[2022-09-15 00:53:53,087] {processor.py:153} INFO - Started process (PID=95949) to work on /home/airflow/.local/lib/python3.7/site-packages/airflow/example_dags/example_branch_python_dop_operator_3.py
[2022-09-15 00:53:53,089] {processor.py:641} INFO - Processing file /home/airflow/.local/lib/python3.7/site-packages/airflow/example_dags/example_branch_python_dop_operator_3.py for tasks to queue
[2022-09-15 00:53:53,090] {logging_mixin.py:115} INFO - [2022-09-15 00:53:53,090] {dagbag.py:507} INFO - Filling up the DagBag from /home/airflow/.local/lib/python3.7/site-packages/airflow/example_dags/example_branch_python_dop_operator_3.py
[2022-09-15 00:53:53,103] {processor.py:651} INFO - DAG(s) dict_keys(['example_branch_dop_operator_v3']) retrieved from /home/airflow/.local/lib/python3.7/site-packages/airflow/example_dags/example_branch_python_dop_operator_3.py
[2022-09-15 00:53:53,135] {logging_mixin.py:115} INFO - [2022-09-15 00:53:53,135] {dag.py:2371} INFO - Sync 1 DAGs
[2022-09-15 00:53:53,171] {logging_mixin.py:115} INFO - [2022-09-15 00:53:53,171] {dag.py:2919} INFO - Setting next_dagrun for example_branch_dop_operator_v3 to 2022-09-15T00:52:00+00:00, run_after=2022-09-15T00:53:00+00:00
[2022-09-15 00:53:53,186] {processor.py:161} INFO - Processing /home/airflow/.local/lib/python3.7/site-packages/airflow/example_dags/example_branch_python_dop_operator_3.py took 0.103 seconds
[2022-09-15 00:54:23,937] {processor.py:153} INFO - Started process (PID=96008) to work on /home/airflow/.local/lib/python3.7/site-packages/airflow/example_dags/example_branch_python_dop_operator_3.py
[2022-09-15 00:54:23,938] {processor.py:641} INFO - Processing file /home/airflow/.local/lib/python3.7/site-packages/airflow/example_dags/example_branch_python_dop_operator_3.py for tasks to queue
[2022-09-15 00:54:23,939] {logging_mixin.py:115} INFO - [2022-09-15 00:54:23,939] {dagbag.py:507} INFO - Filling up the DagBag from /home/airflow/.local/lib/python3.7/site-packages/airflow/example_dags/example_branch_python_dop_operator_3.py
[2022-09-15 00:54:23,958] {processor.py:651} INFO - DAG(s) dict_keys(['example_branch_dop_operator_v3']) retrieved from /home/airflow/.local/lib/python3.7/site-packages/airflow/example_dags/example_branch_python_dop_operator_3.py
[2022-09-15 00:54:24,009] {logging_mixin.py:115} INFO - [2022-09-15 00:54:24,008] {dag.py:2371} INFO - Sync 1 DAGs
[2022-09-15 00:54:24,045] {logging_mixin.py:115} INFO - [2022-09-15 00:54:24,045] {dag.py:2919} INFO - Setting next_dagrun for example_branch_dop_operator_v3 to 2022-09-15T00:53:00+00:00, run_after=2022-09-15T00:54:00+00:00
[2022-09-15 00:54:24,060] {processor.py:161} INFO - Processing /home/airflow/.local/lib/python3.7/site-packages/airflow/example_dags/example_branch_python_dop_operator_3.py took 0.128 seconds
[2022-09-15 00:54:54,662] {processor.py:153} INFO - Started process (PID=96079) to work on /home/airflow/.local/lib/python3.7/site-packages/airflow/example_dags/example_branch_python_dop_operator_3.py
[2022-09-15 00:54:54,663] {processor.py:641} INFO - Processing file /home/airflow/.local/lib/python3.7/site-packages/airflow/example_dags/example_branch_python_dop_operator_3.py for tasks to queue
[2022-09-15 00:54:54,665] {logging_mixin.py:115} INFO - [2022-09-15 00:54:54,665] {dagbag.py:507} INFO - Filling up the DagBag from /home/airflow/.local/lib/python3.7/site-packages/airflow/example_dags/example_branch_python_dop_operator_3.py
[2022-09-15 00:54:54,679] {processor.py:651} INFO - DAG(s) dict_keys(['example_branch_dop_operator_v3']) retrieved from /home/airflow/.local/lib/python3.7/site-packages/airflow/example_dags/example_branch_python_dop_operator_3.py
[2022-09-15 00:54:54,729] {logging_mixin.py:115} INFO - [2022-09-15 00:54:54,728] {dag.py:2371} INFO - Sync 1 DAGs
[2022-09-15 00:54:54,764] {logging_mixin.py:115} INFO - [2022-09-15 00:54:54,764] {dag.py:2919} INFO - Setting next_dagrun for example_branch_dop_operator_v3 to 2022-09-15T00:53:00+00:00, run_after=2022-09-15T00:54:00+00:00
[2022-09-15 00:54:54,786] {processor.py:161} INFO - Processing /home/airflow/.local/lib/python3.7/site-packages/airflow/example_dags/example_branch_python_dop_operator_3.py took 0.132 seconds
[2022-09-15 00:55:25,276] {processor.py:153} INFO - Started process (PID=96147) to work on /home/airflow/.local/lib/python3.7/site-packages/airflow/example_dags/example_branch_python_dop_operator_3.py
[2022-09-15 00:55:25,278] {processor.py:641} INFO - Processing file /home/airflow/.local/lib/python3.7/site-packages/airflow/example_dags/example_branch_python_dop_operator_3.py for tasks to queue
[2022-09-15 00:55:25,279] {logging_mixin.py:115} INFO - [2022-09-15 00:55:25,279] {dagbag.py:507} INFO - Filling up the DagBag from /home/airflow/.local/lib/python3.7/site-packages/airflow/example_dags/example_branch_python_dop_operator_3.py
[2022-09-15 00:55:25,292] {processor.py:651} INFO - DAG(s) dict_keys(['example_branch_dop_operator_v3']) retrieved from /home/airflow/.local/lib/python3.7/site-packages/airflow/example_dags/example_branch_python_dop_operator_3.py
[2022-09-15 00:55:25,322] {logging_mixin.py:115} INFO - [2022-09-15 00:55:25,322] {dag.py:2371} INFO - Sync 1 DAGs
[2022-09-15 00:55:25,357] {logging_mixin.py:115} INFO - [2022-09-15 00:55:25,357] {dag.py:2919} INFO - Setting next_dagrun for example_branch_dop_operator_v3 to 2022-09-15T00:54:00+00:00, run_after=2022-09-15T00:55:00+00:00
[2022-09-15 00:55:25,373] {processor.py:161} INFO - Processing /home/airflow/.local/lib/python3.7/site-packages/airflow/example_dags/example_branch_python_dop_operator_3.py took 0.100 seconds
[2022-09-15 00:55:56,255] {processor.py:153} INFO - Started process (PID=96205) to work on /home/airflow/.local/lib/python3.7/site-packages/airflow/example_dags/example_branch_python_dop_operator_3.py
[2022-09-15 00:55:56,256] {processor.py:641} INFO - Processing file /home/airflow/.local/lib/python3.7/site-packages/airflow/example_dags/example_branch_python_dop_operator_3.py for tasks to queue
[2022-09-15 00:55:56,259] {logging_mixin.py:115} INFO - [2022-09-15 00:55:56,258] {dagbag.py:507} INFO - Filling up the DagBag from /home/airflow/.local/lib/python3.7/site-packages/airflow/example_dags/example_branch_python_dop_operator_3.py
[2022-09-15 00:55:56,274] {processor.py:651} INFO - DAG(s) dict_keys(['example_branch_dop_operator_v3']) retrieved from /home/airflow/.local/lib/python3.7/site-packages/airflow/example_dags/example_branch_python_dop_operator_3.py
[2022-09-15 00:55:56,311] {logging_mixin.py:115} INFO - [2022-09-15 00:55:56,311] {dag.py:2371} INFO - Sync 1 DAGs
[2022-09-15 00:55:56,342] {logging_mixin.py:115} INFO - [2022-09-15 00:55:56,342] {dag.py:2919} INFO - Setting next_dagrun for example_branch_dop_operator_v3 to 2022-09-15T00:54:00+00:00, run_after=2022-09-15T00:55:00+00:00
[2022-09-15 00:55:56,356] {processor.py:161} INFO - Processing /home/airflow/.local/lib/python3.7/site-packages/airflow/example_dags/example_branch_python_dop_operator_3.py took 0.108 seconds
[2022-09-15 00:56:26,527] {processor.py:153} INFO - Started process (PID=96273) to work on /home/airflow/.local/lib/python3.7/site-packages/airflow/example_dags/example_branch_python_dop_operator_3.py
[2022-09-15 00:56:26,529] {processor.py:641} INFO - Processing file /home/airflow/.local/lib/python3.7/site-packages/airflow/example_dags/example_branch_python_dop_operator_3.py for tasks to queue
[2022-09-15 00:56:26,530] {logging_mixin.py:115} INFO - [2022-09-15 00:56:26,530] {dagbag.py:507} INFO - Filling up the DagBag from /home/airflow/.local/lib/python3.7/site-packages/airflow/example_dags/example_branch_python_dop_operator_3.py
[2022-09-15 00:56:26,545] {processor.py:651} INFO - DAG(s) dict_keys(['example_branch_dop_operator_v3']) retrieved from /home/airflow/.local/lib/python3.7/site-packages/airflow/example_dags/example_branch_python_dop_operator_3.py
[2022-09-15 00:56:26,575] {logging_mixin.py:115} INFO - [2022-09-15 00:56:26,575] {dag.py:2371} INFO - Sync 1 DAGs
[2022-09-15 00:56:26,612] {logging_mixin.py:115} INFO - [2022-09-15 00:56:26,612] {dag.py:2919} INFO - Setting next_dagrun for example_branch_dop_operator_v3 to 2022-09-15T00:55:00+00:00, run_after=2022-09-15T00:56:00+00:00
[2022-09-15 00:56:26,627] {processor.py:161} INFO - Processing /home/airflow/.local/lib/python3.7/site-packages/airflow/example_dags/example_branch_python_dop_operator_3.py took 0.105 seconds
[2022-09-15 00:56:56,972] {processor.py:153} INFO - Started process (PID=96340) to work on /home/airflow/.local/lib/python3.7/site-packages/airflow/example_dags/example_branch_python_dop_operator_3.py
[2022-09-15 00:56:56,975] {processor.py:641} INFO - Processing file /home/airflow/.local/lib/python3.7/site-packages/airflow/example_dags/example_branch_python_dop_operator_3.py for tasks to queue
[2022-09-15 00:56:56,977] {logging_mixin.py:115} INFO - [2022-09-15 00:56:56,977] {dagbag.py:507} INFO - Filling up the DagBag from /home/airflow/.local/lib/python3.7/site-packages/airflow/example_dags/example_branch_python_dop_operator_3.py
[2022-09-15 00:56:56,990] {processor.py:651} INFO - DAG(s) dict_keys(['example_branch_dop_operator_v3']) retrieved from /home/airflow/.local/lib/python3.7/site-packages/airflow/example_dags/example_branch_python_dop_operator_3.py
[2022-09-15 00:56:57,020] {logging_mixin.py:115} INFO - [2022-09-15 00:56:57,020] {dag.py:2371} INFO - Sync 1 DAGs
[2022-09-15 00:56:57,048] {logging_mixin.py:115} INFO - [2022-09-15 00:56:57,047] {dag.py:2919} INFO - Setting next_dagrun for example_branch_dop_operator_v3 to 2022-09-15T00:55:00+00:00, run_after=2022-09-15T00:56:00+00:00
[2022-09-15 00:56:57,062] {processor.py:161} INFO - Processing /home/airflow/.local/lib/python3.7/site-packages/airflow/example_dags/example_branch_python_dop_operator_3.py took 0.095 seconds
[2022-09-15 00:57:27,197] {processor.py:153} INFO - Started process (PID=96398) to work on /home/airflow/.local/lib/python3.7/site-packages/airflow/example_dags/example_branch_python_dop_operator_3.py
[2022-09-15 00:57:27,198] {processor.py:641} INFO - Processing file /home/airflow/.local/lib/python3.7/site-packages/airflow/example_dags/example_branch_python_dop_operator_3.py for tasks to queue
[2022-09-15 00:57:27,200] {logging_mixin.py:115} INFO - [2022-09-15 00:57:27,200] {dagbag.py:507} INFO - Filling up the DagBag from /home/airflow/.local/lib/python3.7/site-packages/airflow/example_dags/example_branch_python_dop_operator_3.py
[2022-09-15 00:57:27,214] {processor.py:651} INFO - DAG(s) dict_keys(['example_branch_dop_operator_v3']) retrieved from /home/airflow/.local/lib/python3.7/site-packages/airflow/example_dags/example_branch_python_dop_operator_3.py
[2022-09-15 00:57:27,258] {logging_mixin.py:115} INFO - [2022-09-15 00:57:27,257] {dag.py:2371} INFO - Sync 1 DAGs
[2022-09-15 00:57:27,293] {logging_mixin.py:115} INFO - [2022-09-15 00:57:27,293] {dag.py:2919} INFO - Setting next_dagrun for example_branch_dop_operator_v3 to 2022-09-15T00:56:00+00:00, run_after=2022-09-15T00:57:00+00:00
[2022-09-15 00:57:27,309] {processor.py:161} INFO - Processing /home/airflow/.local/lib/python3.7/site-packages/airflow/example_dags/example_branch_python_dop_operator_3.py took 0.118 seconds
[2022-09-15 00:57:58,044] {processor.py:153} INFO - Started process (PID=96467) to work on /home/airflow/.local/lib/python3.7/site-packages/airflow/example_dags/example_branch_python_dop_operator_3.py
[2022-09-15 00:57:58,046] {processor.py:641} INFO - Processing file /home/airflow/.local/lib/python3.7/site-packages/airflow/example_dags/example_branch_python_dop_operator_3.py for tasks to queue
[2022-09-15 00:57:58,048] {logging_mixin.py:115} INFO - [2022-09-15 00:57:58,048] {dagbag.py:507} INFO - Filling up the DagBag from /home/airflow/.local/lib/python3.7/site-packages/airflow/example_dags/example_branch_python_dop_operator_3.py
[2022-09-15 00:57:58,060] {processor.py:651} INFO - DAG(s) dict_keys(['example_branch_dop_operator_v3']) retrieved from /home/airflow/.local/lib/python3.7/site-packages/airflow/example_dags/example_branch_python_dop_operator_3.py
[2022-09-15 00:57:58,092] {logging_mixin.py:115} INFO - [2022-09-15 00:57:58,092] {dag.py:2371} INFO - Sync 1 DAGs
[2022-09-15 00:57:58,130] {logging_mixin.py:115} INFO - [2022-09-15 00:57:58,130] {dag.py:2919} INFO - Setting next_dagrun for example_branch_dop_operator_v3 to 2022-09-15T00:56:00+00:00, run_after=2022-09-15T00:57:00+00:00
[2022-09-15 00:57:58,143] {processor.py:161} INFO - Processing /home/airflow/.local/lib/python3.7/site-packages/airflow/example_dags/example_branch_python_dop_operator_3.py took 0.104 seconds
[2022-09-15 00:58:28,560] {processor.py:153} INFO - Started process (PID=96534) to work on /home/airflow/.local/lib/python3.7/site-packages/airflow/example_dags/example_branch_python_dop_operator_3.py
[2022-09-15 00:58:28,562] {processor.py:641} INFO - Processing file /home/airflow/.local/lib/python3.7/site-packages/airflow/example_dags/example_branch_python_dop_operator_3.py for tasks to queue
[2022-09-15 00:58:28,565] {logging_mixin.py:115} INFO - [2022-09-15 00:58:28,564] {dagbag.py:507} INFO - Filling up the DagBag from /home/airflow/.local/lib/python3.7/site-packages/airflow/example_dags/example_branch_python_dop_operator_3.py
[2022-09-15 00:58:28,579] {processor.py:651} INFO - DAG(s) dict_keys(['example_branch_dop_operator_v3']) retrieved from /home/airflow/.local/lib/python3.7/site-packages/airflow/example_dags/example_branch_python_dop_operator_3.py
[2022-09-15 00:58:28,611] {logging_mixin.py:115} INFO - [2022-09-15 00:58:28,611] {dag.py:2371} INFO - Sync 1 DAGs
[2022-09-15 00:58:28,642] {logging_mixin.py:115} INFO - [2022-09-15 00:58:28,642] {dag.py:2919} INFO - Setting next_dagrun for example_branch_dop_operator_v3 to 2022-09-15T00:57:00+00:00, run_after=2022-09-15T00:58:00+00:00
[2022-09-15 00:58:28,659] {processor.py:161} INFO - Processing /home/airflow/.local/lib/python3.7/site-packages/airflow/example_dags/example_branch_python_dop_operator_3.py took 0.105 seconds
[2022-09-15 00:58:58,704] {processor.py:153} INFO - Started process (PID=96591) to work on /home/airflow/.local/lib/python3.7/site-packages/airflow/example_dags/example_branch_python_dop_operator_3.py
[2022-09-15 00:58:58,709] {processor.py:641} INFO - Processing file /home/airflow/.local/lib/python3.7/site-packages/airflow/example_dags/example_branch_python_dop_operator_3.py for tasks to queue
[2022-09-15 00:58:58,711] {logging_mixin.py:115} INFO - [2022-09-15 00:58:58,711] {dagbag.py:507} INFO - Filling up the DagBag from /home/airflow/.local/lib/python3.7/site-packages/airflow/example_dags/example_branch_python_dop_operator_3.py
[2022-09-15 00:58:58,741] {processor.py:651} INFO - DAG(s) dict_keys(['example_branch_dop_operator_v3']) retrieved from /home/airflow/.local/lib/python3.7/site-packages/airflow/example_dags/example_branch_python_dop_operator_3.py
[2022-09-15 00:58:58,805] {logging_mixin.py:115} INFO - [2022-09-15 00:58:58,805] {dag.py:2371} INFO - Sync 1 DAGs
[2022-09-15 00:58:58,869] {logging_mixin.py:115} INFO - [2022-09-15 00:58:58,868] {dag.py:2919} INFO - Setting next_dagrun for example_branch_dop_operator_v3 to 2022-09-15T00:57:00+00:00, run_after=2022-09-15T00:58:00+00:00
[2022-09-15 00:58:58,888] {processor.py:161} INFO - Processing /home/airflow/.local/lib/python3.7/site-packages/airflow/example_dags/example_branch_python_dop_operator_3.py took 0.195 seconds
[2022-09-15 00:59:28,935] {processor.py:153} INFO - Started process (PID=96658) to work on /home/airflow/.local/lib/python3.7/site-packages/airflow/example_dags/example_branch_python_dop_operator_3.py
[2022-09-15 00:59:28,937] {processor.py:641} INFO - Processing file /home/airflow/.local/lib/python3.7/site-packages/airflow/example_dags/example_branch_python_dop_operator_3.py for tasks to queue
[2022-09-15 00:59:28,938] {logging_mixin.py:115} INFO - [2022-09-15 00:59:28,938] {dagbag.py:507} INFO - Filling up the DagBag from /home/airflow/.local/lib/python3.7/site-packages/airflow/example_dags/example_branch_python_dop_operator_3.py
[2022-09-15 00:59:28,953] {processor.py:651} INFO - DAG(s) dict_keys(['example_branch_dop_operator_v3']) retrieved from /home/airflow/.local/lib/python3.7/site-packages/airflow/example_dags/example_branch_python_dop_operator_3.py
[2022-09-15 00:59:28,988] {logging_mixin.py:115} INFO - [2022-09-15 00:59:28,988] {dag.py:2371} INFO - Sync 1 DAGs
[2022-09-15 00:59:29,021] {logging_mixin.py:115} INFO - [2022-09-15 00:59:29,021] {dag.py:2919} INFO - Setting next_dagrun for example_branch_dop_operator_v3 to 2022-09-15T00:58:00+00:00, run_after=2022-09-15T00:59:00+00:00
[2022-09-15 00:59:29,035] {processor.py:161} INFO - Processing /home/airflow/.local/lib/python3.7/site-packages/airflow/example_dags/example_branch_python_dop_operator_3.py took 0.104 seconds
[2022-09-15 00:59:59,513] {processor.py:153} INFO - Started process (PID=96715) to work on /home/airflow/.local/lib/python3.7/site-packages/airflow/example_dags/example_branch_python_dop_operator_3.py
[2022-09-15 00:59:59,515] {processor.py:641} INFO - Processing file /home/airflow/.local/lib/python3.7/site-packages/airflow/example_dags/example_branch_python_dop_operator_3.py for tasks to queue
[2022-09-15 00:59:59,516] {logging_mixin.py:115} INFO - [2022-09-15 00:59:59,516] {dagbag.py:507} INFO - Filling up the DagBag from /home/airflow/.local/lib/python3.7/site-packages/airflow/example_dags/example_branch_python_dop_operator_3.py
[2022-09-15 00:59:59,531] {processor.py:651} INFO - DAG(s) dict_keys(['example_branch_dop_operator_v3']) retrieved from /home/airflow/.local/lib/python3.7/site-packages/airflow/example_dags/example_branch_python_dop_operator_3.py
[2022-09-15 00:59:59,563] {logging_mixin.py:115} INFO - [2022-09-15 00:59:59,563] {dag.py:2371} INFO - Sync 1 DAGs
[2022-09-15 00:59:59,593] {logging_mixin.py:115} INFO - [2022-09-15 00:59:59,593] {dag.py:2919} INFO - Setting next_dagrun for example_branch_dop_operator_v3 to 2022-09-15T00:58:00+00:00, run_after=2022-09-15T00:59:00+00:00
[2022-09-15 00:59:59,605] {processor.py:161} INFO - Processing /home/airflow/.local/lib/python3.7/site-packages/airflow/example_dags/example_branch_python_dop_operator_3.py took 0.096 seconds
[2022-09-15 01:00:30,745] {processor.py:153} INFO - Started process (PID=96780) to work on /home/airflow/.local/lib/python3.7/site-packages/airflow/example_dags/example_branch_python_dop_operator_3.py
[2022-09-15 01:00:30,748] {processor.py:641} INFO - Processing file /home/airflow/.local/lib/python3.7/site-packages/airflow/example_dags/example_branch_python_dop_operator_3.py for tasks to queue
[2022-09-15 01:00:30,750] {logging_mixin.py:115} INFO - [2022-09-15 01:00:30,750] {dagbag.py:507} INFO - Filling up the DagBag from /home/airflow/.local/lib/python3.7/site-packages/airflow/example_dags/example_branch_python_dop_operator_3.py
[2022-09-15 01:00:30,771] {processor.py:651} INFO - DAG(s) dict_keys(['example_branch_dop_operator_v3']) retrieved from /home/airflow/.local/lib/python3.7/site-packages/airflow/example_dags/example_branch_python_dop_operator_3.py
[2022-09-15 01:00:30,818] {logging_mixin.py:115} INFO - [2022-09-15 01:00:30,818] {dag.py:2371} INFO - Sync 1 DAGs
[2022-09-15 01:00:30,866] {logging_mixin.py:115} INFO - [2022-09-15 01:00:30,866] {dag.py:2919} INFO - Setting next_dagrun for example_branch_dop_operator_v3 to 2022-09-15T00:59:00+00:00, run_after=2022-09-15T01:00:00+00:00
[2022-09-15 01:00:30,892] {processor.py:161} INFO - Processing /home/airflow/.local/lib/python3.7/site-packages/airflow/example_dags/example_branch_python_dop_operator_3.py took 0.153 seconds
[2022-09-15 01:01:01,432] {processor.py:153} INFO - Started process (PID=96847) to work on /home/airflow/.local/lib/python3.7/site-packages/airflow/example_dags/example_branch_python_dop_operator_3.py
[2022-09-15 01:01:01,433] {processor.py:641} INFO - Processing file /home/airflow/.local/lib/python3.7/site-packages/airflow/example_dags/example_branch_python_dop_operator_3.py for tasks to queue
[2022-09-15 01:01:01,435] {logging_mixin.py:115} INFO - [2022-09-15 01:01:01,435] {dagbag.py:507} INFO - Filling up the DagBag from /home/airflow/.local/lib/python3.7/site-packages/airflow/example_dags/example_branch_python_dop_operator_3.py
[2022-09-15 01:01:01,451] {processor.py:651} INFO - DAG(s) dict_keys(['example_branch_dop_operator_v3']) retrieved from /home/airflow/.local/lib/python3.7/site-packages/airflow/example_dags/example_branch_python_dop_operator_3.py
[2022-09-15 01:01:01,488] {logging_mixin.py:115} INFO - [2022-09-15 01:01:01,488] {dag.py:2371} INFO - Sync 1 DAGs
[2022-09-15 01:01:01,518] {logging_mixin.py:115} INFO - [2022-09-15 01:01:01,518] {dag.py:2919} INFO - Setting next_dagrun for example_branch_dop_operator_v3 to 2022-09-15T01:00:00+00:00, run_after=2022-09-15T01:01:00+00:00
[2022-09-15 01:01:01,533] {processor.py:161} INFO - Processing /home/airflow/.local/lib/python3.7/site-packages/airflow/example_dags/example_branch_python_dop_operator_3.py took 0.105 seconds
[2022-09-15 01:01:32,382] {processor.py:153} INFO - Started process (PID=96904) to work on /home/airflow/.local/lib/python3.7/site-packages/airflow/example_dags/example_branch_python_dop_operator_3.py
[2022-09-15 01:01:32,384] {processor.py:641} INFO - Processing file /home/airflow/.local/lib/python3.7/site-packages/airflow/example_dags/example_branch_python_dop_operator_3.py for tasks to queue
[2022-09-15 01:01:32,385] {logging_mixin.py:115} INFO - [2022-09-15 01:01:32,385] {dagbag.py:507} INFO - Filling up the DagBag from /home/airflow/.local/lib/python3.7/site-packages/airflow/example_dags/example_branch_python_dop_operator_3.py
[2022-09-15 01:01:32,399] {processor.py:651} INFO - DAG(s) dict_keys(['example_branch_dop_operator_v3']) retrieved from /home/airflow/.local/lib/python3.7/site-packages/airflow/example_dags/example_branch_python_dop_operator_3.py
[2022-09-15 01:01:32,430] {logging_mixin.py:115} INFO - [2022-09-15 01:01:32,430] {dag.py:2371} INFO - Sync 1 DAGs
[2022-09-15 01:01:32,464] {logging_mixin.py:115} INFO - [2022-09-15 01:01:32,464] {dag.py:2919} INFO - Setting next_dagrun for example_branch_dop_operator_v3 to 2022-09-15T01:00:00+00:00, run_after=2022-09-15T01:01:00+00:00
[2022-09-15 01:01:32,500] {processor.py:161} INFO - Processing /home/airflow/.local/lib/python3.7/site-packages/airflow/example_dags/example_branch_python_dop_operator_3.py took 0.122 seconds
[2022-09-15 01:02:03,437] {processor.py:153} INFO - Started process (PID=96973) to work on /home/airflow/.local/lib/python3.7/site-packages/airflow/example_dags/example_branch_python_dop_operator_3.py
[2022-09-15 01:02:03,439] {processor.py:641} INFO - Processing file /home/airflow/.local/lib/python3.7/site-packages/airflow/example_dags/example_branch_python_dop_operator_3.py for tasks to queue
[2022-09-15 01:02:03,441] {logging_mixin.py:115} INFO - [2022-09-15 01:02:03,440] {dagbag.py:507} INFO - Filling up the DagBag from /home/airflow/.local/lib/python3.7/site-packages/airflow/example_dags/example_branch_python_dop_operator_3.py
[2022-09-15 01:02:03,457] {processor.py:651} INFO - DAG(s) dict_keys(['example_branch_dop_operator_v3']) retrieved from /home/airflow/.local/lib/python3.7/site-packages/airflow/example_dags/example_branch_python_dop_operator_3.py
[2022-09-15 01:02:03,489] {logging_mixin.py:115} INFO - [2022-09-15 01:02:03,489] {dag.py:2371} INFO - Sync 1 DAGs
[2022-09-15 01:02:03,522] {logging_mixin.py:115} INFO - [2022-09-15 01:02:03,522] {dag.py:2919} INFO - Setting next_dagrun for example_branch_dop_operator_v3 to 2022-09-15T01:01:00+00:00, run_after=2022-09-15T01:02:00+00:00
[2022-09-15 01:02:03,539] {processor.py:161} INFO - Processing /home/airflow/.local/lib/python3.7/site-packages/airflow/example_dags/example_branch_python_dop_operator_3.py took 0.105 seconds
[2022-09-15 01:02:34,211] {processor.py:153} INFO - Started process (PID=97042) to work on /home/airflow/.local/lib/python3.7/site-packages/airflow/example_dags/example_branch_python_dop_operator_3.py
[2022-09-15 01:02:34,223] {processor.py:641} INFO - Processing file /home/airflow/.local/lib/python3.7/site-packages/airflow/example_dags/example_branch_python_dop_operator_3.py for tasks to queue
[2022-09-15 01:02:34,225] {logging_mixin.py:115} INFO - [2022-09-15 01:02:34,225] {dagbag.py:507} INFO - Filling up the DagBag from /home/airflow/.local/lib/python3.7/site-packages/airflow/example_dags/example_branch_python_dop_operator_3.py
[2022-09-15 01:02:34,239] {processor.py:651} INFO - DAG(s) dict_keys(['example_branch_dop_operator_v3']) retrieved from /home/airflow/.local/lib/python3.7/site-packages/airflow/example_dags/example_branch_python_dop_operator_3.py
[2022-09-15 01:02:34,296] {logging_mixin.py:115} INFO - [2022-09-15 01:02:34,296] {dag.py:2371} INFO - Sync 1 DAGs
[2022-09-15 01:02:34,334] {logging_mixin.py:115} INFO - [2022-09-15 01:02:34,334] {dag.py:2919} INFO - Setting next_dagrun for example_branch_dop_operator_v3 to 2022-09-15T01:01:00+00:00, run_after=2022-09-15T01:02:00+00:00
[2022-09-15 01:02:34,359] {processor.py:161} INFO - Processing /home/airflow/.local/lib/python3.7/site-packages/airflow/example_dags/example_branch_python_dop_operator_3.py took 0.154 seconds
[2022-09-15 01:03:04,479] {processor.py:153} INFO - Started process (PID=97100) to work on /home/airflow/.local/lib/python3.7/site-packages/airflow/example_dags/example_branch_python_dop_operator_3.py
[2022-09-15 01:03:04,480] {processor.py:641} INFO - Processing file /home/airflow/.local/lib/python3.7/site-packages/airflow/example_dags/example_branch_python_dop_operator_3.py for tasks to queue
[2022-09-15 01:03:04,482] {logging_mixin.py:115} INFO - [2022-09-15 01:03:04,482] {dagbag.py:507} INFO - Filling up the DagBag from /home/airflow/.local/lib/python3.7/site-packages/airflow/example_dags/example_branch_python_dop_operator_3.py
[2022-09-15 01:03:04,499] {processor.py:651} INFO - DAG(s) dict_keys(['example_branch_dop_operator_v3']) retrieved from /home/airflow/.local/lib/python3.7/site-packages/airflow/example_dags/example_branch_python_dop_operator_3.py
[2022-09-15 01:03:04,532] {logging_mixin.py:115} INFO - [2022-09-15 01:03:04,532] {dag.py:2371} INFO - Sync 1 DAGs
[2022-09-15 01:03:04,566] {logging_mixin.py:115} INFO - [2022-09-15 01:03:04,565] {dag.py:2919} INFO - Setting next_dagrun for example_branch_dop_operator_v3 to 2022-09-15T01:02:00+00:00, run_after=2022-09-15T01:03:00+00:00
[2022-09-15 01:03:04,597] {processor.py:161} INFO - Processing /home/airflow/.local/lib/python3.7/site-packages/airflow/example_dags/example_branch_python_dop_operator_3.py took 0.127 seconds
[2022-09-15 01:03:35,003] {processor.py:153} INFO - Started process (PID=97171) to work on /home/airflow/.local/lib/python3.7/site-packages/airflow/example_dags/example_branch_python_dop_operator_3.py
[2022-09-15 01:03:35,006] {processor.py:641} INFO - Processing file /home/airflow/.local/lib/python3.7/site-packages/airflow/example_dags/example_branch_python_dop_operator_3.py for tasks to queue
[2022-09-15 01:03:35,008] {logging_mixin.py:115} INFO - [2022-09-15 01:03:35,008] {dagbag.py:507} INFO - Filling up the DagBag from /home/airflow/.local/lib/python3.7/site-packages/airflow/example_dags/example_branch_python_dop_operator_3.py
[2022-09-15 01:03:35,033] {processor.py:651} INFO - DAG(s) dict_keys(['example_branch_dop_operator_v3']) retrieved from /home/airflow/.local/lib/python3.7/site-packages/airflow/example_dags/example_branch_python_dop_operator_3.py
[2022-09-15 01:03:35,098] {logging_mixin.py:115} INFO - [2022-09-15 01:03:35,098] {dag.py:2371} INFO - Sync 1 DAGs
[2022-09-15 01:03:35,179] {logging_mixin.py:115} INFO - [2022-09-15 01:03:35,179] {dag.py:2919} INFO - Setting next_dagrun for example_branch_dop_operator_v3 to 2022-09-15T01:02:00+00:00, run_after=2022-09-15T01:03:00+00:00
[2022-09-15 01:03:35,206] {processor.py:161} INFO - Processing /home/airflow/.local/lib/python3.7/site-packages/airflow/example_dags/example_branch_python_dop_operator_3.py took 0.208 seconds
[2022-09-15 01:04:05,481] {processor.py:153} INFO - Started process (PID=97229) to work on /home/airflow/.local/lib/python3.7/site-packages/airflow/example_dags/example_branch_python_dop_operator_3.py
[2022-09-15 01:04:05,483] {processor.py:641} INFO - Processing file /home/airflow/.local/lib/python3.7/site-packages/airflow/example_dags/example_branch_python_dop_operator_3.py for tasks to queue
[2022-09-15 01:04:05,484] {logging_mixin.py:115} INFO - [2022-09-15 01:04:05,484] {dagbag.py:507} INFO - Filling up the DagBag from /home/airflow/.local/lib/python3.7/site-packages/airflow/example_dags/example_branch_python_dop_operator_3.py
[2022-09-15 01:04:05,494] {processor.py:651} INFO - DAG(s) dict_keys(['example_branch_dop_operator_v3']) retrieved from /home/airflow/.local/lib/python3.7/site-packages/airflow/example_dags/example_branch_python_dop_operator_3.py
[2022-09-15 01:04:05,524] {logging_mixin.py:115} INFO - [2022-09-15 01:04:05,524] {dag.py:2371} INFO - Sync 1 DAGs
[2022-09-15 01:04:05,552] {logging_mixin.py:115} INFO - [2022-09-15 01:04:05,552] {dag.py:2919} INFO - Setting next_dagrun for example_branch_dop_operator_v3 to 2022-09-15T01:03:00+00:00, run_after=2022-09-15T01:04:00+00:00
[2022-09-15 01:04:05,568] {processor.py:161} INFO - Processing /home/airflow/.local/lib/python3.7/site-packages/airflow/example_dags/example_branch_python_dop_operator_3.py took 0.090 seconds
[2022-09-15 01:04:36,561] {processor.py:153} INFO - Started process (PID=97295) to work on /home/airflow/.local/lib/python3.7/site-packages/airflow/example_dags/example_branch_python_dop_operator_3.py
[2022-09-15 01:04:36,562] {processor.py:641} INFO - Processing file /home/airflow/.local/lib/python3.7/site-packages/airflow/example_dags/example_branch_python_dop_operator_3.py for tasks to queue
[2022-09-15 01:04:36,564] {logging_mixin.py:115} INFO - [2022-09-15 01:04:36,564] {dagbag.py:507} INFO - Filling up the DagBag from /home/airflow/.local/lib/python3.7/site-packages/airflow/example_dags/example_branch_python_dop_operator_3.py
[2022-09-15 01:04:36,574] {processor.py:651} INFO - DAG(s) dict_keys(['example_branch_dop_operator_v3']) retrieved from /home/airflow/.local/lib/python3.7/site-packages/airflow/example_dags/example_branch_python_dop_operator_3.py
[2022-09-15 01:04:36,605] {logging_mixin.py:115} INFO - [2022-09-15 01:04:36,605] {dag.py:2371} INFO - Sync 1 DAGs
[2022-09-15 01:04:36,635] {logging_mixin.py:115} INFO - [2022-09-15 01:04:36,634] {dag.py:2919} INFO - Setting next_dagrun for example_branch_dop_operator_v3 to 2022-09-15T01:03:00+00:00, run_after=2022-09-15T01:04:00+00:00
[2022-09-15 01:04:36,650] {processor.py:161} INFO - Processing /home/airflow/.local/lib/python3.7/site-packages/airflow/example_dags/example_branch_python_dop_operator_3.py took 0.093 seconds
