[2022-09-15 00:41:09,828] {processor.py:153} INFO - Started process (PID=94366) to work on /home/airflow/.local/lib/python3.7/site-packages/airflow/example_dags/example_skip_dag.py
[2022-09-15 00:41:09,836] {processor.py:641} INFO - Processing file /home/airflow/.local/lib/python3.7/site-packages/airflow/example_dags/example_skip_dag.py for tasks to queue
[2022-09-15 00:41:09,838] {logging_mixin.py:115} INFO - [2022-09-15 00:41:09,838] {dagbag.py:507} INFO - Filling up the DagBag from /home/airflow/.local/lib/python3.7/site-packages/airflow/example_dags/example_skip_dag.py
[2022-09-15 00:41:09,856] {processor.py:651} INFO - DAG(s) dict_keys(['example_skip_dag']) retrieved from /home/airflow/.local/lib/python3.7/site-packages/airflow/example_dags/example_skip_dag.py
[2022-09-15 00:41:09,966] {logging_mixin.py:115} INFO - [2022-09-15 00:41:09,966] {dag.py:2371} INFO - Sync 1 DAGs
[2022-09-15 00:41:10,035] {logging_mixin.py:115} INFO - [2022-09-15 00:41:10,035] {dag.py:2919} INFO - Setting next_dagrun for example_skip_dag to 2022-09-14T00:41:10.034821+00:00, run_after=2022-09-15T00:41:10.034821+00:00
[2022-09-15 00:41:10,063] {processor.py:161} INFO - Processing /home/airflow/.local/lib/python3.7/site-packages/airflow/example_dags/example_skip_dag.py took 0.243 seconds
[2022-09-15 00:41:40,722] {processor.py:153} INFO - Started process (PID=94431) to work on /home/airflow/.local/lib/python3.7/site-packages/airflow/example_dags/example_skip_dag.py
[2022-09-15 00:41:40,729] {processor.py:641} INFO - Processing file /home/airflow/.local/lib/python3.7/site-packages/airflow/example_dags/example_skip_dag.py for tasks to queue
[2022-09-15 00:41:40,733] {logging_mixin.py:115} INFO - [2022-09-15 00:41:40,733] {dagbag.py:507} INFO - Filling up the DagBag from /home/airflow/.local/lib/python3.7/site-packages/airflow/example_dags/example_skip_dag.py
[2022-09-15 00:41:40,751] {processor.py:651} INFO - DAG(s) dict_keys(['example_skip_dag']) retrieved from /home/airflow/.local/lib/python3.7/site-packages/airflow/example_dags/example_skip_dag.py
[2022-09-15 00:41:40,830] {logging_mixin.py:115} INFO - [2022-09-15 00:41:40,830] {dag.py:2371} INFO - Sync 1 DAGs
[2022-09-15 00:41:40,877] {logging_mixin.py:115} INFO - [2022-09-15 00:41:40,877] {dag.py:2919} INFO - Setting next_dagrun for example_skip_dag to 2022-09-14T00:41:40.877040+00:00, run_after=2022-09-15T00:41:40.877040+00:00
[2022-09-15 00:41:40,911] {processor.py:161} INFO - Processing /home/airflow/.local/lib/python3.7/site-packages/airflow/example_dags/example_skip_dag.py took 0.195 seconds
[2022-09-15 00:42:11,337] {processor.py:153} INFO - Started process (PID=94491) to work on /home/airflow/.local/lib/python3.7/site-packages/airflow/example_dags/example_skip_dag.py
[2022-09-15 00:42:11,339] {processor.py:641} INFO - Processing file /home/airflow/.local/lib/python3.7/site-packages/airflow/example_dags/example_skip_dag.py for tasks to queue
[2022-09-15 00:42:11,340] {logging_mixin.py:115} INFO - [2022-09-15 00:42:11,340] {dagbag.py:507} INFO - Filling up the DagBag from /home/airflow/.local/lib/python3.7/site-packages/airflow/example_dags/example_skip_dag.py
[2022-09-15 00:42:11,351] {processor.py:651} INFO - DAG(s) dict_keys(['example_skip_dag']) retrieved from /home/airflow/.local/lib/python3.7/site-packages/airflow/example_dags/example_skip_dag.py
[2022-09-15 00:42:11,397] {logging_mixin.py:115} INFO - [2022-09-15 00:42:11,397] {dag.py:2371} INFO - Sync 1 DAGs
[2022-09-15 00:42:11,422] {logging_mixin.py:115} INFO - [2022-09-15 00:42:11,421] {dag.py:2919} INFO - Setting next_dagrun for example_skip_dag to 2022-09-14T00:42:11.421560+00:00, run_after=2022-09-15T00:42:11.421560+00:00
[2022-09-15 00:42:11,436] {processor.py:161} INFO - Processing /home/airflow/.local/lib/python3.7/site-packages/airflow/example_dags/example_skip_dag.py took 0.103 seconds
[2022-09-15 00:42:42,055] {processor.py:153} INFO - Started process (PID=94561) to work on /home/airflow/.local/lib/python3.7/site-packages/airflow/example_dags/example_skip_dag.py
[2022-09-15 00:42:42,056] {processor.py:641} INFO - Processing file /home/airflow/.local/lib/python3.7/site-packages/airflow/example_dags/example_skip_dag.py for tasks to queue
[2022-09-15 00:42:42,059] {logging_mixin.py:115} INFO - [2022-09-15 00:42:42,059] {dagbag.py:507} INFO - Filling up the DagBag from /home/airflow/.local/lib/python3.7/site-packages/airflow/example_dags/example_skip_dag.py
[2022-09-15 00:42:42,070] {processor.py:651} INFO - DAG(s) dict_keys(['example_skip_dag']) retrieved from /home/airflow/.local/lib/python3.7/site-packages/airflow/example_dags/example_skip_dag.py
[2022-09-15 00:42:42,104] {logging_mixin.py:115} INFO - [2022-09-15 00:42:42,103] {dag.py:2371} INFO - Sync 1 DAGs
[2022-09-15 00:42:42,136] {logging_mixin.py:115} INFO - [2022-09-15 00:42:42,136] {dag.py:2919} INFO - Setting next_dagrun for example_skip_dag to 2022-09-14T00:42:42.136326+00:00, run_after=2022-09-15T00:42:42.136326+00:00
[2022-09-15 00:42:42,151] {processor.py:161} INFO - Processing /home/airflow/.local/lib/python3.7/site-packages/airflow/example_dags/example_skip_dag.py took 0.100 seconds
[2022-09-15 00:43:12,460] {processor.py:153} INFO - Started process (PID=94618) to work on /home/airflow/.local/lib/python3.7/site-packages/airflow/example_dags/example_skip_dag.py
[2022-09-15 00:43:12,461] {processor.py:641} INFO - Processing file /home/airflow/.local/lib/python3.7/site-packages/airflow/example_dags/example_skip_dag.py for tasks to queue
[2022-09-15 00:43:12,462] {logging_mixin.py:115} INFO - [2022-09-15 00:43:12,462] {dagbag.py:507} INFO - Filling up the DagBag from /home/airflow/.local/lib/python3.7/site-packages/airflow/example_dags/example_skip_dag.py
[2022-09-15 00:43:12,471] {processor.py:651} INFO - DAG(s) dict_keys(['example_skip_dag']) retrieved from /home/airflow/.local/lib/python3.7/site-packages/airflow/example_dags/example_skip_dag.py
[2022-09-15 00:43:12,507] {logging_mixin.py:115} INFO - [2022-09-15 00:43:12,507] {dag.py:2371} INFO - Sync 1 DAGs
[2022-09-15 00:43:12,537] {logging_mixin.py:115} INFO - [2022-09-15 00:43:12,537] {dag.py:2919} INFO - Setting next_dagrun for example_skip_dag to 2022-09-14T00:43:12.536002+00:00, run_after=2022-09-15T00:43:12.536002+00:00
[2022-09-15 00:43:12,556] {processor.py:161} INFO - Processing /home/airflow/.local/lib/python3.7/site-packages/airflow/example_dags/example_skip_dag.py took 0.100 seconds
[2022-09-15 00:43:42,756] {processor.py:153} INFO - Started process (PID=94687) to work on /home/airflow/.local/lib/python3.7/site-packages/airflow/example_dags/example_skip_dag.py
[2022-09-15 00:43:42,759] {processor.py:641} INFO - Processing file /home/airflow/.local/lib/python3.7/site-packages/airflow/example_dags/example_skip_dag.py for tasks to queue
[2022-09-15 00:43:42,763] {logging_mixin.py:115} INFO - [2022-09-15 00:43:42,763] {dagbag.py:507} INFO - Filling up the DagBag from /home/airflow/.local/lib/python3.7/site-packages/airflow/example_dags/example_skip_dag.py
[2022-09-15 00:43:42,779] {processor.py:651} INFO - DAG(s) dict_keys(['example_skip_dag']) retrieved from /home/airflow/.local/lib/python3.7/site-packages/airflow/example_dags/example_skip_dag.py
[2022-09-15 00:43:42,821] {logging_mixin.py:115} INFO - [2022-09-15 00:43:42,821] {dag.py:2371} INFO - Sync 1 DAGs
[2022-09-15 00:43:42,849] {logging_mixin.py:115} INFO - [2022-09-15 00:43:42,849] {dag.py:2919} INFO - Setting next_dagrun for example_skip_dag to 2022-09-14T00:43:42.848833+00:00, run_after=2022-09-15T00:43:42.848833+00:00
[2022-09-15 00:43:42,865] {processor.py:161} INFO - Processing /home/airflow/.local/lib/python3.7/site-packages/airflow/example_dags/example_skip_dag.py took 0.117 seconds
[2022-09-15 00:44:13,222] {processor.py:153} INFO - Started process (PID=94756) to work on /home/airflow/.local/lib/python3.7/site-packages/airflow/example_dags/example_skip_dag.py
[2022-09-15 00:44:13,223] {processor.py:641} INFO - Processing file /home/airflow/.local/lib/python3.7/site-packages/airflow/example_dags/example_skip_dag.py for tasks to queue
[2022-09-15 00:44:13,225] {logging_mixin.py:115} INFO - [2022-09-15 00:44:13,225] {dagbag.py:507} INFO - Filling up the DagBag from /home/airflow/.local/lib/python3.7/site-packages/airflow/example_dags/example_skip_dag.py
[2022-09-15 00:44:13,237] {processor.py:651} INFO - DAG(s) dict_keys(['example_skip_dag']) retrieved from /home/airflow/.local/lib/python3.7/site-packages/airflow/example_dags/example_skip_dag.py
[2022-09-15 00:44:13,309] {logging_mixin.py:115} INFO - [2022-09-15 00:44:13,309] {dag.py:2371} INFO - Sync 1 DAGs
[2022-09-15 00:44:13,350] {logging_mixin.py:115} INFO - [2022-09-15 00:44:13,349] {dag.py:2919} INFO - Setting next_dagrun for example_skip_dag to 2022-09-14T00:44:13.349627+00:00, run_after=2022-09-15T00:44:13.349627+00:00
[2022-09-15 00:44:13,375] {processor.py:161} INFO - Processing /home/airflow/.local/lib/python3.7/site-packages/airflow/example_dags/example_skip_dag.py took 0.159 seconds
[2022-09-15 00:44:43,420] {processor.py:153} INFO - Started process (PID=94812) to work on /home/airflow/.local/lib/python3.7/site-packages/airflow/example_dags/example_skip_dag.py
[2022-09-15 00:44:43,422] {processor.py:641} INFO - Processing file /home/airflow/.local/lib/python3.7/site-packages/airflow/example_dags/example_skip_dag.py for tasks to queue
[2022-09-15 00:44:43,423] {logging_mixin.py:115} INFO - [2022-09-15 00:44:43,423] {dagbag.py:507} INFO - Filling up the DagBag from /home/airflow/.local/lib/python3.7/site-packages/airflow/example_dags/example_skip_dag.py
[2022-09-15 00:44:43,431] {processor.py:651} INFO - DAG(s) dict_keys(['example_skip_dag']) retrieved from /home/airflow/.local/lib/python3.7/site-packages/airflow/example_dags/example_skip_dag.py
[2022-09-15 00:44:43,464] {logging_mixin.py:115} INFO - [2022-09-15 00:44:43,464] {dag.py:2371} INFO - Sync 1 DAGs
[2022-09-15 00:44:43,487] {logging_mixin.py:115} INFO - [2022-09-15 00:44:43,487] {dag.py:2919} INFO - Setting next_dagrun for example_skip_dag to 2022-09-14T00:44:43.487617+00:00, run_after=2022-09-15T00:44:43.487617+00:00
[2022-09-15 00:44:43,501] {processor.py:161} INFO - Processing /home/airflow/.local/lib/python3.7/site-packages/airflow/example_dags/example_skip_dag.py took 0.086 seconds
[2022-09-15 00:45:14,478] {processor.py:153} INFO - Started process (PID=94879) to work on /home/airflow/.local/lib/python3.7/site-packages/airflow/example_dags/example_skip_dag.py
[2022-09-15 00:45:14,481] {processor.py:641} INFO - Processing file /home/airflow/.local/lib/python3.7/site-packages/airflow/example_dags/example_skip_dag.py for tasks to queue
[2022-09-15 00:45:14,484] {logging_mixin.py:115} INFO - [2022-09-15 00:45:14,484] {dagbag.py:507} INFO - Filling up the DagBag from /home/airflow/.local/lib/python3.7/site-packages/airflow/example_dags/example_skip_dag.py
[2022-09-15 00:45:14,499] {processor.py:651} INFO - DAG(s) dict_keys(['example_skip_dag']) retrieved from /home/airflow/.local/lib/python3.7/site-packages/airflow/example_dags/example_skip_dag.py
[2022-09-15 00:45:14,582] {logging_mixin.py:115} INFO - [2022-09-15 00:45:14,582] {dag.py:2371} INFO - Sync 1 DAGs
[2022-09-15 00:45:14,648] {logging_mixin.py:115} INFO - [2022-09-15 00:45:14,647] {dag.py:2919} INFO - Setting next_dagrun for example_skip_dag to 2022-09-14T00:45:14.647361+00:00, run_after=2022-09-15T00:45:14.647361+00:00
[2022-09-15 00:45:14,680] {processor.py:161} INFO - Processing /home/airflow/.local/lib/python3.7/site-packages/airflow/example_dags/example_skip_dag.py took 0.211 seconds
[2022-09-15 00:45:45,445] {processor.py:153} INFO - Started process (PID=94944) to work on /home/airflow/.local/lib/python3.7/site-packages/airflow/example_dags/example_skip_dag.py
[2022-09-15 00:45:45,450] {processor.py:641} INFO - Processing file /home/airflow/.local/lib/python3.7/site-packages/airflow/example_dags/example_skip_dag.py for tasks to queue
[2022-09-15 00:45:45,457] {logging_mixin.py:115} INFO - [2022-09-15 00:45:45,457] {dagbag.py:507} INFO - Filling up the DagBag from /home/airflow/.local/lib/python3.7/site-packages/airflow/example_dags/example_skip_dag.py
[2022-09-15 00:45:45,478] {processor.py:651} INFO - DAG(s) dict_keys(['example_skip_dag']) retrieved from /home/airflow/.local/lib/python3.7/site-packages/airflow/example_dags/example_skip_dag.py
[2022-09-15 00:45:45,554] {logging_mixin.py:115} INFO - [2022-09-15 00:45:45,554] {dag.py:2371} INFO - Sync 1 DAGs
[2022-09-15 00:45:45,603] {logging_mixin.py:115} INFO - [2022-09-15 00:45:45,602] {dag.py:2919} INFO - Setting next_dagrun for example_skip_dag to 2022-09-14T00:45:45.602550+00:00, run_after=2022-09-15T00:45:45.602550+00:00
[2022-09-15 00:45:45,667] {processor.py:161} INFO - Processing /home/airflow/.local/lib/python3.7/site-packages/airflow/example_dags/example_skip_dag.py took 0.230 seconds
[2022-09-15 00:46:15,781] {processor.py:153} INFO - Started process (PID=95008) to work on /home/airflow/.local/lib/python3.7/site-packages/airflow/example_dags/example_skip_dag.py
[2022-09-15 00:46:15,783] {processor.py:641} INFO - Processing file /home/airflow/.local/lib/python3.7/site-packages/airflow/example_dags/example_skip_dag.py for tasks to queue
[2022-09-15 00:46:15,785] {logging_mixin.py:115} INFO - [2022-09-15 00:46:15,784] {dagbag.py:507} INFO - Filling up the DagBag from /home/airflow/.local/lib/python3.7/site-packages/airflow/example_dags/example_skip_dag.py
[2022-09-15 00:46:15,798] {processor.py:651} INFO - DAG(s) dict_keys(['example_skip_dag']) retrieved from /home/airflow/.local/lib/python3.7/site-packages/airflow/example_dags/example_skip_dag.py
[2022-09-15 00:46:15,833] {logging_mixin.py:115} INFO - [2022-09-15 00:46:15,833] {dag.py:2371} INFO - Sync 1 DAGs
[2022-09-15 00:46:15,860] {logging_mixin.py:115} INFO - [2022-09-15 00:46:15,859] {dag.py:2919} INFO - Setting next_dagrun for example_skip_dag to 2022-09-14T00:46:15.859654+00:00, run_after=2022-09-15T00:46:15.859654+00:00
[2022-09-15 00:46:15,877] {processor.py:161} INFO - Processing /home/airflow/.local/lib/python3.7/site-packages/airflow/example_dags/example_skip_dag.py took 0.100 seconds
[2022-09-15 00:46:46,481] {processor.py:153} INFO - Started process (PID=95077) to work on /home/airflow/.local/lib/python3.7/site-packages/airflow/example_dags/example_skip_dag.py
[2022-09-15 00:46:46,483] {processor.py:641} INFO - Processing file /home/airflow/.local/lib/python3.7/site-packages/airflow/example_dags/example_skip_dag.py for tasks to queue
[2022-09-15 00:46:46,484] {logging_mixin.py:115} INFO - [2022-09-15 00:46:46,484] {dagbag.py:507} INFO - Filling up the DagBag from /home/airflow/.local/lib/python3.7/site-packages/airflow/example_dags/example_skip_dag.py
[2022-09-15 00:46:46,492] {processor.py:651} INFO - DAG(s) dict_keys(['example_skip_dag']) retrieved from /home/airflow/.local/lib/python3.7/site-packages/airflow/example_dags/example_skip_dag.py
[2022-09-15 00:46:46,529] {logging_mixin.py:115} INFO - [2022-09-15 00:46:46,529] {dag.py:2371} INFO - Sync 1 DAGs
[2022-09-15 00:46:46,555] {logging_mixin.py:115} INFO - [2022-09-15 00:46:46,555] {dag.py:2919} INFO - Setting next_dagrun for example_skip_dag to 2022-09-14T00:46:46.555059+00:00, run_after=2022-09-15T00:46:46.555059+00:00
[2022-09-15 00:46:46,569] {processor.py:161} INFO - Processing /home/airflow/.local/lib/python3.7/site-packages/airflow/example_dags/example_skip_dag.py took 0.092 seconds
[2022-09-15 00:47:17,389] {processor.py:153} INFO - Started process (PID=95135) to work on /home/airflow/.local/lib/python3.7/site-packages/airflow/example_dags/example_skip_dag.py
[2022-09-15 00:47:17,390] {processor.py:641} INFO - Processing file /home/airflow/.local/lib/python3.7/site-packages/airflow/example_dags/example_skip_dag.py for tasks to queue
[2022-09-15 00:47:17,392] {logging_mixin.py:115} INFO - [2022-09-15 00:47:17,392] {dagbag.py:507} INFO - Filling up the DagBag from /home/airflow/.local/lib/python3.7/site-packages/airflow/example_dags/example_skip_dag.py
[2022-09-15 00:47:17,400] {processor.py:651} INFO - DAG(s) dict_keys(['example_skip_dag']) retrieved from /home/airflow/.local/lib/python3.7/site-packages/airflow/example_dags/example_skip_dag.py
[2022-09-15 00:47:17,440] {logging_mixin.py:115} INFO - [2022-09-15 00:47:17,439] {dag.py:2371} INFO - Sync 1 DAGs
[2022-09-15 00:47:17,469] {logging_mixin.py:115} INFO - [2022-09-15 00:47:17,468] {dag.py:2919} INFO - Setting next_dagrun for example_skip_dag to 2022-09-14T00:47:17.468573+00:00, run_after=2022-09-15T00:47:17.468573+00:00
[2022-09-15 00:47:17,487] {processor.py:161} INFO - Processing /home/airflow/.local/lib/python3.7/site-packages/airflow/example_dags/example_skip_dag.py took 0.103 seconds
[2022-09-15 00:47:48,367] {processor.py:153} INFO - Started process (PID=95200) to work on /home/airflow/.local/lib/python3.7/site-packages/airflow/example_dags/example_skip_dag.py
[2022-09-15 00:47:48,369] {processor.py:641} INFO - Processing file /home/airflow/.local/lib/python3.7/site-packages/airflow/example_dags/example_skip_dag.py for tasks to queue
[2022-09-15 00:47:48,370] {logging_mixin.py:115} INFO - [2022-09-15 00:47:48,370] {dagbag.py:507} INFO - Filling up the DagBag from /home/airflow/.local/lib/python3.7/site-packages/airflow/example_dags/example_skip_dag.py
[2022-09-15 00:47:48,380] {processor.py:651} INFO - DAG(s) dict_keys(['example_skip_dag']) retrieved from /home/airflow/.local/lib/python3.7/site-packages/airflow/example_dags/example_skip_dag.py
[2022-09-15 00:47:48,419] {logging_mixin.py:115} INFO - [2022-09-15 00:47:48,419] {dag.py:2371} INFO - Sync 1 DAGs
[2022-09-15 00:47:48,448] {logging_mixin.py:115} INFO - [2022-09-15 00:47:48,448] {dag.py:2919} INFO - Setting next_dagrun for example_skip_dag to 2022-09-14T00:47:48.447987+00:00, run_after=2022-09-15T00:47:48.447987+00:00
[2022-09-15 00:47:48,467] {processor.py:161} INFO - Processing /home/airflow/.local/lib/python3.7/site-packages/airflow/example_dags/example_skip_dag.py took 0.104 seconds
[2022-09-15 00:48:19,334] {processor.py:153} INFO - Started process (PID=95266) to work on /home/airflow/.local/lib/python3.7/site-packages/airflow/example_dags/example_skip_dag.py
[2022-09-15 00:48:19,336] {processor.py:641} INFO - Processing file /home/airflow/.local/lib/python3.7/site-packages/airflow/example_dags/example_skip_dag.py for tasks to queue
[2022-09-15 00:48:19,337] {logging_mixin.py:115} INFO - [2022-09-15 00:48:19,337] {dagbag.py:507} INFO - Filling up the DagBag from /home/airflow/.local/lib/python3.7/site-packages/airflow/example_dags/example_skip_dag.py
[2022-09-15 00:48:19,344] {processor.py:651} INFO - DAG(s) dict_keys(['example_skip_dag']) retrieved from /home/airflow/.local/lib/python3.7/site-packages/airflow/example_dags/example_skip_dag.py
[2022-09-15 00:48:19,378] {logging_mixin.py:115} INFO - [2022-09-15 00:48:19,378] {dag.py:2371} INFO - Sync 1 DAGs
[2022-09-15 00:48:19,403] {logging_mixin.py:115} INFO - [2022-09-15 00:48:19,403] {dag.py:2919} INFO - Setting next_dagrun for example_skip_dag to 2022-09-14T00:48:19.403566+00:00, run_after=2022-09-15T00:48:19.403566+00:00
[2022-09-15 00:48:19,421] {processor.py:161} INFO - Processing /home/airflow/.local/lib/python3.7/site-packages/airflow/example_dags/example_skip_dag.py took 0.090 seconds
[2022-09-15 00:48:49,797] {processor.py:153} INFO - Started process (PID=95325) to work on /home/airflow/.local/lib/python3.7/site-packages/airflow/example_dags/example_skip_dag.py
[2022-09-15 00:48:49,799] {processor.py:641} INFO - Processing file /home/airflow/.local/lib/python3.7/site-packages/airflow/example_dags/example_skip_dag.py for tasks to queue
[2022-09-15 00:48:49,802] {logging_mixin.py:115} INFO - [2022-09-15 00:48:49,802] {dagbag.py:507} INFO - Filling up the DagBag from /home/airflow/.local/lib/python3.7/site-packages/airflow/example_dags/example_skip_dag.py
[2022-09-15 00:48:49,810] {processor.py:651} INFO - DAG(s) dict_keys(['example_skip_dag']) retrieved from /home/airflow/.local/lib/python3.7/site-packages/airflow/example_dags/example_skip_dag.py
[2022-09-15 00:48:49,865] {logging_mixin.py:115} INFO - [2022-09-15 00:48:49,865] {dag.py:2371} INFO - Sync 1 DAGs
[2022-09-15 00:48:49,910] {logging_mixin.py:115} INFO - [2022-09-15 00:48:49,910] {dag.py:2919} INFO - Setting next_dagrun for example_skip_dag to 2022-09-14T00:48:49.909281+00:00, run_after=2022-09-15T00:48:49.909281+00:00
[2022-09-15 00:48:49,935] {processor.py:161} INFO - Processing /home/airflow/.local/lib/python3.7/site-packages/airflow/example_dags/example_skip_dag.py took 0.142 seconds
[2022-09-15 00:49:20,871] {processor.py:153} INFO - Started process (PID=95382) to work on /home/airflow/.local/lib/python3.7/site-packages/airflow/example_dags/example_skip_dag.py
[2022-09-15 00:49:20,873] {processor.py:641} INFO - Processing file /home/airflow/.local/lib/python3.7/site-packages/airflow/example_dags/example_skip_dag.py for tasks to queue
[2022-09-15 00:49:20,874] {logging_mixin.py:115} INFO - [2022-09-15 00:49:20,874] {dagbag.py:507} INFO - Filling up the DagBag from /home/airflow/.local/lib/python3.7/site-packages/airflow/example_dags/example_skip_dag.py
[2022-09-15 00:49:20,886] {processor.py:651} INFO - DAG(s) dict_keys(['example_skip_dag']) retrieved from /home/airflow/.local/lib/python3.7/site-packages/airflow/example_dags/example_skip_dag.py
[2022-09-15 00:49:20,924] {logging_mixin.py:115} INFO - [2022-09-15 00:49:20,924] {dag.py:2371} INFO - Sync 1 DAGs
[2022-09-15 00:49:20,949] {logging_mixin.py:115} INFO - [2022-09-15 00:49:20,949] {dag.py:2919} INFO - Setting next_dagrun for example_skip_dag to 2022-09-14T00:49:20.948907+00:00, run_after=2022-09-15T00:49:20.948907+00:00
[2022-09-15 00:49:20,965] {processor.py:161} INFO - Processing /home/airflow/.local/lib/python3.7/site-packages/airflow/example_dags/example_skip_dag.py took 0.099 seconds
[2022-09-15 00:49:51,978] {processor.py:153} INFO - Started process (PID=95450) to work on /home/airflow/.local/lib/python3.7/site-packages/airflow/example_dags/example_skip_dag.py
[2022-09-15 00:49:51,980] {processor.py:641} INFO - Processing file /home/airflow/.local/lib/python3.7/site-packages/airflow/example_dags/example_skip_dag.py for tasks to queue
[2022-09-15 00:49:51,982] {logging_mixin.py:115} INFO - [2022-09-15 00:49:51,982] {dagbag.py:507} INFO - Filling up the DagBag from /home/airflow/.local/lib/python3.7/site-packages/airflow/example_dags/example_skip_dag.py
[2022-09-15 00:49:51,996] {processor.py:651} INFO - DAG(s) dict_keys(['example_skip_dag']) retrieved from /home/airflow/.local/lib/python3.7/site-packages/airflow/example_dags/example_skip_dag.py
[2022-09-15 00:49:52,063] {logging_mixin.py:115} INFO - [2022-09-15 00:49:52,063] {dag.py:2371} INFO - Sync 1 DAGs
[2022-09-15 00:49:52,127] {logging_mixin.py:115} INFO - [2022-09-15 00:49:52,127] {dag.py:2919} INFO - Setting next_dagrun for example_skip_dag to 2022-09-14T00:49:52.126774+00:00, run_after=2022-09-15T00:49:52.126774+00:00
[2022-09-15 00:49:52,166] {processor.py:161} INFO - Processing /home/airflow/.local/lib/python3.7/site-packages/airflow/example_dags/example_skip_dag.py took 0.195 seconds
[2022-09-15 00:50:22,496] {processor.py:153} INFO - Started process (PID=95518) to work on /home/airflow/.local/lib/python3.7/site-packages/airflow/example_dags/example_skip_dag.py
[2022-09-15 00:50:22,498] {processor.py:641} INFO - Processing file /home/airflow/.local/lib/python3.7/site-packages/airflow/example_dags/example_skip_dag.py for tasks to queue
[2022-09-15 00:50:22,500] {logging_mixin.py:115} INFO - [2022-09-15 00:50:22,500] {dagbag.py:507} INFO - Filling up the DagBag from /home/airflow/.local/lib/python3.7/site-packages/airflow/example_dags/example_skip_dag.py
[2022-09-15 00:50:22,507] {processor.py:651} INFO - DAG(s) dict_keys(['example_skip_dag']) retrieved from /home/airflow/.local/lib/python3.7/site-packages/airflow/example_dags/example_skip_dag.py
[2022-09-15 00:50:22,546] {logging_mixin.py:115} INFO - [2022-09-15 00:50:22,546] {dag.py:2371} INFO - Sync 1 DAGs
[2022-09-15 00:50:22,581] {logging_mixin.py:115} INFO - [2022-09-15 00:50:22,580] {dag.py:2919} INFO - Setting next_dagrun for example_skip_dag to 2022-09-14T00:50:22.580473+00:00, run_after=2022-09-15T00:50:22.580473+00:00
[2022-09-15 00:50:22,600] {processor.py:161} INFO - Processing /home/airflow/.local/lib/python3.7/site-packages/airflow/example_dags/example_skip_dag.py took 0.107 seconds
[2022-09-15 00:50:52,698] {processor.py:153} INFO - Started process (PID=95576) to work on /home/airflow/.local/lib/python3.7/site-packages/airflow/example_dags/example_skip_dag.py
[2022-09-15 00:50:52,702] {processor.py:641} INFO - Processing file /home/airflow/.local/lib/python3.7/site-packages/airflow/example_dags/example_skip_dag.py for tasks to queue
[2022-09-15 00:50:52,704] {logging_mixin.py:115} INFO - [2022-09-15 00:50:52,704] {dagbag.py:507} INFO - Filling up the DagBag from /home/airflow/.local/lib/python3.7/site-packages/airflow/example_dags/example_skip_dag.py
[2022-09-15 00:50:52,716] {processor.py:651} INFO - DAG(s) dict_keys(['example_skip_dag']) retrieved from /home/airflow/.local/lib/python3.7/site-packages/airflow/example_dags/example_skip_dag.py
[2022-09-15 00:50:52,750] {logging_mixin.py:115} INFO - [2022-09-15 00:50:52,750] {dag.py:2371} INFO - Sync 1 DAGs
[2022-09-15 00:50:52,775] {logging_mixin.py:115} INFO - [2022-09-15 00:50:52,775] {dag.py:2919} INFO - Setting next_dagrun for example_skip_dag to 2022-09-14T00:50:52.774693+00:00, run_after=2022-09-15T00:50:52.774693+00:00
[2022-09-15 00:50:52,789] {processor.py:161} INFO - Processing /home/airflow/.local/lib/python3.7/site-packages/airflow/example_dags/example_skip_dag.py took 0.097 seconds
[2022-09-15 00:51:23,507] {processor.py:153} INFO - Started process (PID=95644) to work on /home/airflow/.local/lib/python3.7/site-packages/airflow/example_dags/example_skip_dag.py
[2022-09-15 00:51:23,509] {processor.py:641} INFO - Processing file /home/airflow/.local/lib/python3.7/site-packages/airflow/example_dags/example_skip_dag.py for tasks to queue
[2022-09-15 00:51:23,510] {logging_mixin.py:115} INFO - [2022-09-15 00:51:23,510] {dagbag.py:507} INFO - Filling up the DagBag from /home/airflow/.local/lib/python3.7/site-packages/airflow/example_dags/example_skip_dag.py
[2022-09-15 00:51:23,518] {processor.py:651} INFO - DAG(s) dict_keys(['example_skip_dag']) retrieved from /home/airflow/.local/lib/python3.7/site-packages/airflow/example_dags/example_skip_dag.py
[2022-09-15 00:51:23,559] {logging_mixin.py:115} INFO - [2022-09-15 00:51:23,559] {dag.py:2371} INFO - Sync 1 DAGs
[2022-09-15 00:51:23,591] {logging_mixin.py:115} INFO - [2022-09-15 00:51:23,591] {dag.py:2919} INFO - Setting next_dagrun for example_skip_dag to 2022-09-14T00:51:23.591622+00:00, run_after=2022-09-15T00:51:23.591622+00:00
[2022-09-15 00:51:23,609] {processor.py:161} INFO - Processing /home/airflow/.local/lib/python3.7/site-packages/airflow/example_dags/example_skip_dag.py took 0.106 seconds
[2022-09-15 00:51:54,226] {processor.py:153} INFO - Started process (PID=95710) to work on /home/airflow/.local/lib/python3.7/site-packages/airflow/example_dags/example_skip_dag.py
[2022-09-15 00:51:54,229] {processor.py:641} INFO - Processing file /home/airflow/.local/lib/python3.7/site-packages/airflow/example_dags/example_skip_dag.py for tasks to queue
[2022-09-15 00:51:54,232] {logging_mixin.py:115} INFO - [2022-09-15 00:51:54,232] {dagbag.py:507} INFO - Filling up the DagBag from /home/airflow/.local/lib/python3.7/site-packages/airflow/example_dags/example_skip_dag.py
[2022-09-15 00:51:54,249] {processor.py:651} INFO - DAG(s) dict_keys(['example_skip_dag']) retrieved from /home/airflow/.local/lib/python3.7/site-packages/airflow/example_dags/example_skip_dag.py
[2022-09-15 00:51:54,351] {logging_mixin.py:115} INFO - [2022-09-15 00:51:54,351] {dag.py:2371} INFO - Sync 1 DAGs
[2022-09-15 00:51:54,429] {logging_mixin.py:115} INFO - [2022-09-15 00:51:54,429] {dag.py:2919} INFO - Setting next_dagrun for example_skip_dag to 2022-09-14T00:51:54.428814+00:00, run_after=2022-09-15T00:51:54.428814+00:00
[2022-09-15 00:51:54,553] {processor.py:161} INFO - Processing /home/airflow/.local/lib/python3.7/site-packages/airflow/example_dags/example_skip_dag.py took 0.340 seconds
[2022-09-15 00:52:25,011] {processor.py:153} INFO - Started process (PID=95769) to work on /home/airflow/.local/lib/python3.7/site-packages/airflow/example_dags/example_skip_dag.py
[2022-09-15 00:52:25,013] {processor.py:641} INFO - Processing file /home/airflow/.local/lib/python3.7/site-packages/airflow/example_dags/example_skip_dag.py for tasks to queue
[2022-09-15 00:52:25,014] {logging_mixin.py:115} INFO - [2022-09-15 00:52:25,014] {dagbag.py:507} INFO - Filling up the DagBag from /home/airflow/.local/lib/python3.7/site-packages/airflow/example_dags/example_skip_dag.py
[2022-09-15 00:52:25,021] {processor.py:651} INFO - DAG(s) dict_keys(['example_skip_dag']) retrieved from /home/airflow/.local/lib/python3.7/site-packages/airflow/example_dags/example_skip_dag.py
[2022-09-15 00:52:25,059] {logging_mixin.py:115} INFO - [2022-09-15 00:52:25,059] {dag.py:2371} INFO - Sync 1 DAGs
[2022-09-15 00:52:25,083] {logging_mixin.py:115} INFO - [2022-09-15 00:52:25,083] {dag.py:2919} INFO - Setting next_dagrun for example_skip_dag to 2022-09-14T00:52:25.082891+00:00, run_after=2022-09-15T00:52:25.082891+00:00
[2022-09-15 00:52:25,098] {processor.py:161} INFO - Processing /home/airflow/.local/lib/python3.7/site-packages/airflow/example_dags/example_skip_dag.py took 0.090 seconds
[2022-09-15 00:52:55,704] {processor.py:153} INFO - Started process (PID=95840) to work on /home/airflow/.local/lib/python3.7/site-packages/airflow/example_dags/example_skip_dag.py
[2022-09-15 00:52:55,706] {processor.py:641} INFO - Processing file /home/airflow/.local/lib/python3.7/site-packages/airflow/example_dags/example_skip_dag.py for tasks to queue
[2022-09-15 00:52:55,707] {logging_mixin.py:115} INFO - [2022-09-15 00:52:55,707] {dagbag.py:507} INFO - Filling up the DagBag from /home/airflow/.local/lib/python3.7/site-packages/airflow/example_dags/example_skip_dag.py
[2022-09-15 00:52:55,714] {processor.py:651} INFO - DAG(s) dict_keys(['example_skip_dag']) retrieved from /home/airflow/.local/lib/python3.7/site-packages/airflow/example_dags/example_skip_dag.py
[2022-09-15 00:52:55,751] {logging_mixin.py:115} INFO - [2022-09-15 00:52:55,751] {dag.py:2371} INFO - Sync 1 DAGs
[2022-09-15 00:52:55,787] {logging_mixin.py:115} INFO - [2022-09-15 00:52:55,787] {dag.py:2919} INFO - Setting next_dagrun for example_skip_dag to 2022-09-14T00:52:55.787231+00:00, run_after=2022-09-15T00:52:55.787231+00:00
[2022-09-15 00:52:55,803] {processor.py:161} INFO - Processing /home/airflow/.local/lib/python3.7/site-packages/airflow/example_dags/example_skip_dag.py took 0.102 seconds
[2022-09-15 00:53:26,387] {processor.py:153} INFO - Started process (PID=95908) to work on /home/airflow/.local/lib/python3.7/site-packages/airflow/example_dags/example_skip_dag.py
[2022-09-15 00:53:26,389] {processor.py:641} INFO - Processing file /home/airflow/.local/lib/python3.7/site-packages/airflow/example_dags/example_skip_dag.py for tasks to queue
[2022-09-15 00:53:26,391] {logging_mixin.py:115} INFO - [2022-09-15 00:53:26,391] {dagbag.py:507} INFO - Filling up the DagBag from /home/airflow/.local/lib/python3.7/site-packages/airflow/example_dags/example_skip_dag.py
[2022-09-15 00:53:26,401] {processor.py:651} INFO - DAG(s) dict_keys(['example_skip_dag']) retrieved from /home/airflow/.local/lib/python3.7/site-packages/airflow/example_dags/example_skip_dag.py
[2022-09-15 00:53:26,440] {logging_mixin.py:115} INFO - [2022-09-15 00:53:26,440] {dag.py:2371} INFO - Sync 1 DAGs
[2022-09-15 00:53:26,473] {logging_mixin.py:115} INFO - [2022-09-15 00:53:26,473] {dag.py:2919} INFO - Setting next_dagrun for example_skip_dag to 2022-09-14T00:53:26.472726+00:00, run_after=2022-09-15T00:53:26.472726+00:00
[2022-09-15 00:53:26,502] {processor.py:161} INFO - Processing /home/airflow/.local/lib/python3.7/site-packages/airflow/example_dags/example_skip_dag.py took 0.121 seconds
[2022-09-15 00:53:57,414] {processor.py:153} INFO - Started process (PID=95967) to work on /home/airflow/.local/lib/python3.7/site-packages/airflow/example_dags/example_skip_dag.py
[2022-09-15 00:53:57,415] {processor.py:641} INFO - Processing file /home/airflow/.local/lib/python3.7/site-packages/airflow/example_dags/example_skip_dag.py for tasks to queue
[2022-09-15 00:53:57,417] {logging_mixin.py:115} INFO - [2022-09-15 00:53:57,417] {dagbag.py:507} INFO - Filling up the DagBag from /home/airflow/.local/lib/python3.7/site-packages/airflow/example_dags/example_skip_dag.py
[2022-09-15 00:53:57,427] {processor.py:651} INFO - DAG(s) dict_keys(['example_skip_dag']) retrieved from /home/airflow/.local/lib/python3.7/site-packages/airflow/example_dags/example_skip_dag.py
[2022-09-15 00:53:57,470] {logging_mixin.py:115} INFO - [2022-09-15 00:53:57,470] {dag.py:2371} INFO - Sync 1 DAGs
[2022-09-15 00:53:57,515] {logging_mixin.py:115} INFO - [2022-09-15 00:53:57,515] {dag.py:2919} INFO - Setting next_dagrun for example_skip_dag to 2022-09-14T00:53:57.514735+00:00, run_after=2022-09-15T00:53:57.514735+00:00
[2022-09-15 00:53:57,529] {processor.py:161} INFO - Processing /home/airflow/.local/lib/python3.7/site-packages/airflow/example_dags/example_skip_dag.py took 0.120 seconds
[2022-09-15 00:54:28,198] {processor.py:153} INFO - Started process (PID=96037) to work on /home/airflow/.local/lib/python3.7/site-packages/airflow/example_dags/example_skip_dag.py
[2022-09-15 00:54:28,199] {processor.py:641} INFO - Processing file /home/airflow/.local/lib/python3.7/site-packages/airflow/example_dags/example_skip_dag.py for tasks to queue
[2022-09-15 00:54:28,202] {logging_mixin.py:115} INFO - [2022-09-15 00:54:28,202] {dagbag.py:507} INFO - Filling up the DagBag from /home/airflow/.local/lib/python3.7/site-packages/airflow/example_dags/example_skip_dag.py
[2022-09-15 00:54:28,209] {processor.py:651} INFO - DAG(s) dict_keys(['example_skip_dag']) retrieved from /home/airflow/.local/lib/python3.7/site-packages/airflow/example_dags/example_skip_dag.py
[2022-09-15 00:54:28,278] {logging_mixin.py:115} INFO - [2022-09-15 00:54:28,277] {dag.py:2371} INFO - Sync 1 DAGs
[2022-09-15 00:54:28,307] {logging_mixin.py:115} INFO - [2022-09-15 00:54:28,307] {dag.py:2919} INFO - Setting next_dagrun for example_skip_dag to 2022-09-14T00:54:28.307309+00:00, run_after=2022-09-15T00:54:28.307309+00:00
[2022-09-15 00:54:28,323] {processor.py:161} INFO - Processing /home/airflow/.local/lib/python3.7/site-packages/airflow/example_dags/example_skip_dag.py took 0.130 seconds
[2022-09-15 00:54:58,831] {processor.py:153} INFO - Started process (PID=96097) to work on /home/airflow/.local/lib/python3.7/site-packages/airflow/example_dags/example_skip_dag.py
[2022-09-15 00:54:58,833] {processor.py:641} INFO - Processing file /home/airflow/.local/lib/python3.7/site-packages/airflow/example_dags/example_skip_dag.py for tasks to queue
[2022-09-15 00:54:58,835] {logging_mixin.py:115} INFO - [2022-09-15 00:54:58,835] {dagbag.py:507} INFO - Filling up the DagBag from /home/airflow/.local/lib/python3.7/site-packages/airflow/example_dags/example_skip_dag.py
[2022-09-15 00:54:58,842] {processor.py:651} INFO - DAG(s) dict_keys(['example_skip_dag']) retrieved from /home/airflow/.local/lib/python3.7/site-packages/airflow/example_dags/example_skip_dag.py
[2022-09-15 00:54:58,880] {logging_mixin.py:115} INFO - [2022-09-15 00:54:58,880] {dag.py:2371} INFO - Sync 1 DAGs
[2022-09-15 00:54:58,905] {logging_mixin.py:115} INFO - [2022-09-15 00:54:58,905] {dag.py:2919} INFO - Setting next_dagrun for example_skip_dag to 2022-09-14T00:54:58.905309+00:00, run_after=2022-09-15T00:54:58.905309+00:00
[2022-09-15 00:54:58,920] {processor.py:161} INFO - Processing /home/airflow/.local/lib/python3.7/site-packages/airflow/example_dags/example_skip_dag.py took 0.093 seconds
[2022-09-15 00:55:29,736] {processor.py:153} INFO - Started process (PID=96165) to work on /home/airflow/.local/lib/python3.7/site-packages/airflow/example_dags/example_skip_dag.py
[2022-09-15 00:55:29,737] {processor.py:641} INFO - Processing file /home/airflow/.local/lib/python3.7/site-packages/airflow/example_dags/example_skip_dag.py for tasks to queue
[2022-09-15 00:55:29,738] {logging_mixin.py:115} INFO - [2022-09-15 00:55:29,738] {dagbag.py:507} INFO - Filling up the DagBag from /home/airflow/.local/lib/python3.7/site-packages/airflow/example_dags/example_skip_dag.py
[2022-09-15 00:55:29,746] {processor.py:651} INFO - DAG(s) dict_keys(['example_skip_dag']) retrieved from /home/airflow/.local/lib/python3.7/site-packages/airflow/example_dags/example_skip_dag.py
[2022-09-15 00:55:29,791] {logging_mixin.py:115} INFO - [2022-09-15 00:55:29,791] {dag.py:2371} INFO - Sync 1 DAGs
[2022-09-15 00:55:29,819] {logging_mixin.py:115} INFO - [2022-09-15 00:55:29,819] {dag.py:2919} INFO - Setting next_dagrun for example_skip_dag to 2022-09-14T00:55:29.819386+00:00, run_after=2022-09-15T00:55:29.819386+00:00
[2022-09-15 00:55:29,835] {processor.py:161} INFO - Processing /home/airflow/.local/lib/python3.7/site-packages/airflow/example_dags/example_skip_dag.py took 0.103 seconds
[2022-09-15 00:56:00,937] {processor.py:153} INFO - Started process (PID=96234) to work on /home/airflow/.local/lib/python3.7/site-packages/airflow/example_dags/example_skip_dag.py
[2022-09-15 00:56:00,939] {processor.py:641} INFO - Processing file /home/airflow/.local/lib/python3.7/site-packages/airflow/example_dags/example_skip_dag.py for tasks to queue
[2022-09-15 00:56:00,940] {logging_mixin.py:115} INFO - [2022-09-15 00:56:00,940] {dagbag.py:507} INFO - Filling up the DagBag from /home/airflow/.local/lib/python3.7/site-packages/airflow/example_dags/example_skip_dag.py
[2022-09-15 00:56:00,948] {processor.py:651} INFO - DAG(s) dict_keys(['example_skip_dag']) retrieved from /home/airflow/.local/lib/python3.7/site-packages/airflow/example_dags/example_skip_dag.py
[2022-09-15 00:56:00,986] {logging_mixin.py:115} INFO - [2022-09-15 00:56:00,986] {dag.py:2371} INFO - Sync 1 DAGs
[2022-09-15 00:56:01,010] {logging_mixin.py:115} INFO - [2022-09-15 00:56:01,010] {dag.py:2919} INFO - Setting next_dagrun for example_skip_dag to 2022-09-14T00:56:01.010290+00:00, run_after=2022-09-15T00:56:01.010290+00:00
[2022-09-15 00:56:01,030] {processor.py:161} INFO - Processing /home/airflow/.local/lib/python3.7/site-packages/airflow/example_dags/example_skip_dag.py took 0.096 seconds
[2022-09-15 00:56:31,160] {processor.py:153} INFO - Started process (PID=96297) to work on /home/airflow/.local/lib/python3.7/site-packages/airflow/example_dags/example_skip_dag.py
[2022-09-15 00:56:31,163] {processor.py:641} INFO - Processing file /home/airflow/.local/lib/python3.7/site-packages/airflow/example_dags/example_skip_dag.py for tasks to queue
[2022-09-15 00:56:31,167] {logging_mixin.py:115} INFO - [2022-09-15 00:56:31,166] {dagbag.py:507} INFO - Filling up the DagBag from /home/airflow/.local/lib/python3.7/site-packages/airflow/example_dags/example_skip_dag.py
[2022-09-15 00:56:31,192] {processor.py:651} INFO - DAG(s) dict_keys(['example_skip_dag']) retrieved from /home/airflow/.local/lib/python3.7/site-packages/airflow/example_dags/example_skip_dag.py
[2022-09-15 00:56:31,233] {logging_mixin.py:115} INFO - [2022-09-15 00:56:31,233] {dag.py:2371} INFO - Sync 1 DAGs
[2022-09-15 00:56:31,277] {logging_mixin.py:115} INFO - [2022-09-15 00:56:31,277] {dag.py:2919} INFO - Setting next_dagrun for example_skip_dag to 2022-09-14T00:56:31.277437+00:00, run_after=2022-09-15T00:56:31.277437+00:00
[2022-09-15 00:56:31,348] {processor.py:161} INFO - Processing /home/airflow/.local/lib/python3.7/site-packages/airflow/example_dags/example_skip_dag.py took 0.197 seconds
[2022-09-15 00:57:01,477] {processor.py:153} INFO - Started process (PID=96358) to work on /home/airflow/.local/lib/python3.7/site-packages/airflow/example_dags/example_skip_dag.py
[2022-09-15 00:57:01,478] {processor.py:641} INFO - Processing file /home/airflow/.local/lib/python3.7/site-packages/airflow/example_dags/example_skip_dag.py for tasks to queue
[2022-09-15 00:57:01,479] {logging_mixin.py:115} INFO - [2022-09-15 00:57:01,479] {dagbag.py:507} INFO - Filling up the DagBag from /home/airflow/.local/lib/python3.7/site-packages/airflow/example_dags/example_skip_dag.py
[2022-09-15 00:57:01,487] {processor.py:651} INFO - DAG(s) dict_keys(['example_skip_dag']) retrieved from /home/airflow/.local/lib/python3.7/site-packages/airflow/example_dags/example_skip_dag.py
[2022-09-15 00:57:01,535] {logging_mixin.py:115} INFO - [2022-09-15 00:57:01,535] {dag.py:2371} INFO - Sync 1 DAGs
[2022-09-15 00:57:01,561] {logging_mixin.py:115} INFO - [2022-09-15 00:57:01,560] {dag.py:2919} INFO - Setting next_dagrun for example_skip_dag to 2022-09-14T00:57:01.560630+00:00, run_after=2022-09-15T00:57:01.560630+00:00
[2022-09-15 00:57:01,580] {processor.py:161} INFO - Processing /home/airflow/.local/lib/python3.7/site-packages/airflow/example_dags/example_skip_dag.py took 0.107 seconds
[2022-09-15 00:57:32,637] {processor.py:153} INFO - Started process (PID=96426) to work on /home/airflow/.local/lib/python3.7/site-packages/airflow/example_dags/example_skip_dag.py
[2022-09-15 00:57:32,638] {processor.py:641} INFO - Processing file /home/airflow/.local/lib/python3.7/site-packages/airflow/example_dags/example_skip_dag.py for tasks to queue
[2022-09-15 00:57:32,639] {logging_mixin.py:115} INFO - [2022-09-15 00:57:32,639] {dagbag.py:507} INFO - Filling up the DagBag from /home/airflow/.local/lib/python3.7/site-packages/airflow/example_dags/example_skip_dag.py
[2022-09-15 00:57:32,646] {processor.py:651} INFO - DAG(s) dict_keys(['example_skip_dag']) retrieved from /home/airflow/.local/lib/python3.7/site-packages/airflow/example_dags/example_skip_dag.py
[2022-09-15 00:57:32,686] {logging_mixin.py:115} INFO - [2022-09-15 00:57:32,686] {dag.py:2371} INFO - Sync 1 DAGs
[2022-09-15 00:57:32,711] {logging_mixin.py:115} INFO - [2022-09-15 00:57:32,711] {dag.py:2919} INFO - Setting next_dagrun for example_skip_dag to 2022-09-14T00:57:32.711008+00:00, run_after=2022-09-15T00:57:32.711008+00:00
[2022-09-15 00:57:32,726] {processor.py:161} INFO - Processing /home/airflow/.local/lib/python3.7/site-packages/airflow/example_dags/example_skip_dag.py took 0.092 seconds
[2022-09-15 00:58:04,406] {processor.py:153} INFO - Started process (PID=96494) to work on /home/airflow/.local/lib/python3.7/site-packages/airflow/example_dags/example_skip_dag.py
[2022-09-15 00:58:04,411] {processor.py:641} INFO - Processing file /home/airflow/.local/lib/python3.7/site-packages/airflow/example_dags/example_skip_dag.py for tasks to queue
[2022-09-15 00:58:04,427] {logging_mixin.py:115} INFO - [2022-09-15 00:58:04,427] {dagbag.py:507} INFO - Filling up the DagBag from /home/airflow/.local/lib/python3.7/site-packages/airflow/example_dags/example_skip_dag.py
[2022-09-15 00:58:04,442] {processor.py:651} INFO - DAG(s) dict_keys(['example_skip_dag']) retrieved from /home/airflow/.local/lib/python3.7/site-packages/airflow/example_dags/example_skip_dag.py
[2022-09-15 00:58:04,494] {logging_mixin.py:115} INFO - [2022-09-15 00:58:04,494] {dag.py:2371} INFO - Sync 1 DAGs
[2022-09-15 00:58:04,552] {logging_mixin.py:115} INFO - [2022-09-15 00:58:04,552] {dag.py:2919} INFO - Setting next_dagrun for example_skip_dag to 2022-09-14T00:58:04.551604+00:00, run_after=2022-09-15T00:58:04.551604+00:00
[2022-09-15 00:58:04,574] {processor.py:161} INFO - Processing /home/airflow/.local/lib/python3.7/site-packages/airflow/example_dags/example_skip_dag.py took 0.179 seconds
[2022-09-15 00:58:35,582] {processor.py:153} INFO - Started process (PID=96552) to work on /home/airflow/.local/lib/python3.7/site-packages/airflow/example_dags/example_skip_dag.py
[2022-09-15 00:58:35,584] {processor.py:641} INFO - Processing file /home/airflow/.local/lib/python3.7/site-packages/airflow/example_dags/example_skip_dag.py for tasks to queue
[2022-09-15 00:58:35,587] {logging_mixin.py:115} INFO - [2022-09-15 00:58:35,587] {dagbag.py:507} INFO - Filling up the DagBag from /home/airflow/.local/lib/python3.7/site-packages/airflow/example_dags/example_skip_dag.py
[2022-09-15 00:58:35,602] {processor.py:651} INFO - DAG(s) dict_keys(['example_skip_dag']) retrieved from /home/airflow/.local/lib/python3.7/site-packages/airflow/example_dags/example_skip_dag.py
[2022-09-15 00:58:35,662] {logging_mixin.py:115} INFO - [2022-09-15 00:58:35,662] {dag.py:2371} INFO - Sync 1 DAGs
[2022-09-15 00:58:35,709] {logging_mixin.py:115} INFO - [2022-09-15 00:58:35,709] {dag.py:2919} INFO - Setting next_dagrun for example_skip_dag to 2022-09-14T00:58:35.707791+00:00, run_after=2022-09-15T00:58:35.707791+00:00
[2022-09-15 00:58:35,733] {processor.py:161} INFO - Processing /home/airflow/.local/lib/python3.7/site-packages/airflow/example_dags/example_skip_dag.py took 0.159 seconds
[2022-09-15 00:59:06,308] {processor.py:153} INFO - Started process (PID=96619) to work on /home/airflow/.local/lib/python3.7/site-packages/airflow/example_dags/example_skip_dag.py
[2022-09-15 00:59:06,310] {processor.py:641} INFO - Processing file /home/airflow/.local/lib/python3.7/site-packages/airflow/example_dags/example_skip_dag.py for tasks to queue
[2022-09-15 00:59:06,312] {logging_mixin.py:115} INFO - [2022-09-15 00:59:06,312] {dagbag.py:507} INFO - Filling up the DagBag from /home/airflow/.local/lib/python3.7/site-packages/airflow/example_dags/example_skip_dag.py
[2022-09-15 00:59:06,319] {processor.py:651} INFO - DAG(s) dict_keys(['example_skip_dag']) retrieved from /home/airflow/.local/lib/python3.7/site-packages/airflow/example_dags/example_skip_dag.py
[2022-09-15 00:59:06,358] {logging_mixin.py:115} INFO - [2022-09-15 00:59:06,358] {dag.py:2371} INFO - Sync 1 DAGs
[2022-09-15 00:59:06,393] {logging_mixin.py:115} INFO - [2022-09-15 00:59:06,392] {dag.py:2919} INFO - Setting next_dagrun for example_skip_dag to 2022-09-14T00:59:06.391518+00:00, run_after=2022-09-15T00:59:06.391518+00:00
[2022-09-15 00:59:06,412] {processor.py:161} INFO - Processing /home/airflow/.local/lib/python3.7/site-packages/airflow/example_dags/example_skip_dag.py took 0.108 seconds
[2022-09-15 00:59:37,408] {processor.py:153} INFO - Started process (PID=96676) to work on /home/airflow/.local/lib/python3.7/site-packages/airflow/example_dags/example_skip_dag.py
[2022-09-15 00:59:37,409] {processor.py:641} INFO - Processing file /home/airflow/.local/lib/python3.7/site-packages/airflow/example_dags/example_skip_dag.py for tasks to queue
[2022-09-15 00:59:37,411] {logging_mixin.py:115} INFO - [2022-09-15 00:59:37,411] {dagbag.py:507} INFO - Filling up the DagBag from /home/airflow/.local/lib/python3.7/site-packages/airflow/example_dags/example_skip_dag.py
[2022-09-15 00:59:37,419] {processor.py:651} INFO - DAG(s) dict_keys(['example_skip_dag']) retrieved from /home/airflow/.local/lib/python3.7/site-packages/airflow/example_dags/example_skip_dag.py
[2022-09-15 00:59:37,458] {logging_mixin.py:115} INFO - [2022-09-15 00:59:37,458] {dag.py:2371} INFO - Sync 1 DAGs
[2022-09-15 00:59:37,484] {logging_mixin.py:115} INFO - [2022-09-15 00:59:37,484] {dag.py:2919} INFO - Setting next_dagrun for example_skip_dag to 2022-09-14T00:59:37.484133+00:00, run_after=2022-09-15T00:59:37.484133+00:00
[2022-09-15 00:59:37,499] {processor.py:161} INFO - Processing /home/airflow/.local/lib/python3.7/site-packages/airflow/example_dags/example_skip_dag.py took 0.096 seconds
[2022-09-15 01:00:07,835] {processor.py:153} INFO - Started process (PID=96742) to work on /home/airflow/.local/lib/python3.7/site-packages/airflow/example_dags/example_skip_dag.py
[2022-09-15 01:00:07,836] {processor.py:641} INFO - Processing file /home/airflow/.local/lib/python3.7/site-packages/airflow/example_dags/example_skip_dag.py for tasks to queue
[2022-09-15 01:00:07,837] {logging_mixin.py:115} INFO - [2022-09-15 01:00:07,837] {dagbag.py:507} INFO - Filling up the DagBag from /home/airflow/.local/lib/python3.7/site-packages/airflow/example_dags/example_skip_dag.py
[2022-09-15 01:00:07,845] {processor.py:651} INFO - DAG(s) dict_keys(['example_skip_dag']) retrieved from /home/airflow/.local/lib/python3.7/site-packages/airflow/example_dags/example_skip_dag.py
[2022-09-15 01:00:07,886] {logging_mixin.py:115} INFO - [2022-09-15 01:00:07,886] {dag.py:2371} INFO - Sync 1 DAGs
[2022-09-15 01:00:07,917] {logging_mixin.py:115} INFO - [2022-09-15 01:00:07,917] {dag.py:2919} INFO - Setting next_dagrun for example_skip_dag to 2022-09-14T01:00:07.916808+00:00, run_after=2022-09-15T01:00:07.916808+00:00
[2022-09-15 01:00:07,930] {processor.py:161} INFO - Processing /home/airflow/.local/lib/python3.7/site-packages/airflow/example_dags/example_skip_dag.py took 0.099 seconds
[2022-09-15 01:00:38,593] {processor.py:153} INFO - Started process (PID=96807) to work on /home/airflow/.local/lib/python3.7/site-packages/airflow/example_dags/example_skip_dag.py
[2022-09-15 01:00:38,595] {processor.py:641} INFO - Processing file /home/airflow/.local/lib/python3.7/site-packages/airflow/example_dags/example_skip_dag.py for tasks to queue
[2022-09-15 01:00:38,597] {logging_mixin.py:115} INFO - [2022-09-15 01:00:38,597] {dagbag.py:507} INFO - Filling up the DagBag from /home/airflow/.local/lib/python3.7/site-packages/airflow/example_dags/example_skip_dag.py
[2022-09-15 01:00:38,607] {processor.py:651} INFO - DAG(s) dict_keys(['example_skip_dag']) retrieved from /home/airflow/.local/lib/python3.7/site-packages/airflow/example_dags/example_skip_dag.py
[2022-09-15 01:00:38,642] {logging_mixin.py:115} INFO - [2022-09-15 01:00:38,642] {dag.py:2371} INFO - Sync 1 DAGs
[2022-09-15 01:00:38,673] {logging_mixin.py:115} INFO - [2022-09-15 01:00:38,673] {dag.py:2919} INFO - Setting next_dagrun for example_skip_dag to 2022-09-14T01:00:38.673088+00:00, run_after=2022-09-15T01:00:38.673088+00:00
[2022-09-15 01:00:38,690] {processor.py:161} INFO - Processing /home/airflow/.local/lib/python3.7/site-packages/airflow/example_dags/example_skip_dag.py took 0.101 seconds
[2022-09-15 01:01:10,170] {processor.py:153} INFO - Started process (PID=96865) to work on /home/airflow/.local/lib/python3.7/site-packages/airflow/example_dags/example_skip_dag.py
[2022-09-15 01:01:10,171] {processor.py:641} INFO - Processing file /home/airflow/.local/lib/python3.7/site-packages/airflow/example_dags/example_skip_dag.py for tasks to queue
[2022-09-15 01:01:10,173] {logging_mixin.py:115} INFO - [2022-09-15 01:01:10,173] {dagbag.py:507} INFO - Filling up the DagBag from /home/airflow/.local/lib/python3.7/site-packages/airflow/example_dags/example_skip_dag.py
[2022-09-15 01:01:10,182] {processor.py:651} INFO - DAG(s) dict_keys(['example_skip_dag']) retrieved from /home/airflow/.local/lib/python3.7/site-packages/airflow/example_dags/example_skip_dag.py
[2022-09-15 01:01:10,255] {logging_mixin.py:115} INFO - [2022-09-15 01:01:10,255] {dag.py:2371} INFO - Sync 1 DAGs
[2022-09-15 01:01:10,317] {logging_mixin.py:115} INFO - [2022-09-15 01:01:10,317] {dag.py:2919} INFO - Setting next_dagrun for example_skip_dag to 2022-09-14T01:01:10.317023+00:00, run_after=2022-09-15T01:01:10.317023+00:00
[2022-09-15 01:01:10,341] {processor.py:161} INFO - Processing /home/airflow/.local/lib/python3.7/site-packages/airflow/example_dags/example_skip_dag.py took 0.176 seconds
[2022-09-15 01:01:40,840] {processor.py:153} INFO - Started process (PID=96933) to work on /home/airflow/.local/lib/python3.7/site-packages/airflow/example_dags/example_skip_dag.py
[2022-09-15 01:01:40,843] {processor.py:641} INFO - Processing file /home/airflow/.local/lib/python3.7/site-packages/airflow/example_dags/example_skip_dag.py for tasks to queue
[2022-09-15 01:01:40,844] {logging_mixin.py:115} INFO - [2022-09-15 01:01:40,844] {dagbag.py:507} INFO - Filling up the DagBag from /home/airflow/.local/lib/python3.7/site-packages/airflow/example_dags/example_skip_dag.py
[2022-09-15 01:01:40,851] {processor.py:651} INFO - DAG(s) dict_keys(['example_skip_dag']) retrieved from /home/airflow/.local/lib/python3.7/site-packages/airflow/example_dags/example_skip_dag.py
[2022-09-15 01:01:40,890] {logging_mixin.py:115} INFO - [2022-09-15 01:01:40,889] {dag.py:2371} INFO - Sync 1 DAGs
[2022-09-15 01:01:40,915] {logging_mixin.py:115} INFO - [2022-09-15 01:01:40,915] {dag.py:2919} INFO - Setting next_dagrun for example_skip_dag to 2022-09-14T01:01:40.915310+00:00, run_after=2022-09-15T01:01:40.915310+00:00
[2022-09-15 01:01:40,929] {processor.py:161} INFO - Processing /home/airflow/.local/lib/python3.7/site-packages/airflow/example_dags/example_skip_dag.py took 0.093 seconds
[2022-09-15 01:02:12,211] {processor.py:153} INFO - Started process (PID=97001) to work on /home/airflow/.local/lib/python3.7/site-packages/airflow/example_dags/example_skip_dag.py
[2022-09-15 01:02:12,212] {processor.py:641} INFO - Processing file /home/airflow/.local/lib/python3.7/site-packages/airflow/example_dags/example_skip_dag.py for tasks to queue
[2022-09-15 01:02:12,214] {logging_mixin.py:115} INFO - [2022-09-15 01:02:12,214] {dagbag.py:507} INFO - Filling up the DagBag from /home/airflow/.local/lib/python3.7/site-packages/airflow/example_dags/example_skip_dag.py
[2022-09-15 01:02:12,225] {processor.py:651} INFO - DAG(s) dict_keys(['example_skip_dag']) retrieved from /home/airflow/.local/lib/python3.7/site-packages/airflow/example_dags/example_skip_dag.py
[2022-09-15 01:02:12,265] {logging_mixin.py:115} INFO - [2022-09-15 01:02:12,265] {dag.py:2371} INFO - Sync 1 DAGs
[2022-09-15 01:02:12,293] {logging_mixin.py:115} INFO - [2022-09-15 01:02:12,293] {dag.py:2919} INFO - Setting next_dagrun for example_skip_dag to 2022-09-14T01:02:12.293490+00:00, run_after=2022-09-15T01:02:12.293490+00:00
[2022-09-15 01:02:12,314] {processor.py:161} INFO - Processing /home/airflow/.local/lib/python3.7/site-packages/airflow/example_dags/example_skip_dag.py took 0.108 seconds
[2022-09-15 01:02:42,836] {processor.py:153} INFO - Started process (PID=97060) to work on /home/airflow/.local/lib/python3.7/site-packages/airflow/example_dags/example_skip_dag.py
[2022-09-15 01:02:42,839] {processor.py:641} INFO - Processing file /home/airflow/.local/lib/python3.7/site-packages/airflow/example_dags/example_skip_dag.py for tasks to queue
[2022-09-15 01:02:42,841] {logging_mixin.py:115} INFO - [2022-09-15 01:02:42,840] {dagbag.py:507} INFO - Filling up the DagBag from /home/airflow/.local/lib/python3.7/site-packages/airflow/example_dags/example_skip_dag.py
[2022-09-15 01:02:42,849] {processor.py:651} INFO - DAG(s) dict_keys(['example_skip_dag']) retrieved from /home/airflow/.local/lib/python3.7/site-packages/airflow/example_dags/example_skip_dag.py
[2022-09-15 01:02:42,908] {logging_mixin.py:115} INFO - [2022-09-15 01:02:42,908] {dag.py:2371} INFO - Sync 1 DAGs
[2022-09-15 01:02:42,944] {logging_mixin.py:115} INFO - [2022-09-15 01:02:42,944] {dag.py:2919} INFO - Setting next_dagrun for example_skip_dag to 2022-09-14T01:02:42.943920+00:00, run_after=2022-09-15T01:02:42.943920+00:00
[2022-09-15 01:02:42,964] {processor.py:161} INFO - Processing /home/airflow/.local/lib/python3.7/site-packages/airflow/example_dags/example_skip_dag.py took 0.137 seconds
[2022-09-15 01:03:14,348] {processor.py:153} INFO - Started process (PID=97128) to work on /home/airflow/.local/lib/python3.7/site-packages/airflow/example_dags/example_skip_dag.py
[2022-09-15 01:03:14,350] {processor.py:641} INFO - Processing file /home/airflow/.local/lib/python3.7/site-packages/airflow/example_dags/example_skip_dag.py for tasks to queue
[2022-09-15 01:03:14,352] {logging_mixin.py:115} INFO - [2022-09-15 01:03:14,351] {dagbag.py:507} INFO - Filling up the DagBag from /home/airflow/.local/lib/python3.7/site-packages/airflow/example_dags/example_skip_dag.py
[2022-09-15 01:03:14,364] {processor.py:651} INFO - DAG(s) dict_keys(['example_skip_dag']) retrieved from /home/airflow/.local/lib/python3.7/site-packages/airflow/example_dags/example_skip_dag.py
[2022-09-15 01:03:14,402] {logging_mixin.py:115} INFO - [2022-09-15 01:03:14,401] {dag.py:2371} INFO - Sync 1 DAGs
[2022-09-15 01:03:14,430] {logging_mixin.py:115} INFO - [2022-09-15 01:03:14,430] {dag.py:2919} INFO - Setting next_dagrun for example_skip_dag to 2022-09-14T01:03:14.430474+00:00, run_after=2022-09-15T01:03:14.430474+00:00
[2022-09-15 01:03:14,450] {processor.py:161} INFO - Processing /home/airflow/.local/lib/python3.7/site-packages/airflow/example_dags/example_skip_dag.py took 0.109 seconds
[2022-09-15 01:03:44,867] {processor.py:153} INFO - Started process (PID=97199) to work on /home/airflow/.local/lib/python3.7/site-packages/airflow/example_dags/example_skip_dag.py
[2022-09-15 01:03:44,869] {processor.py:641} INFO - Processing file /home/airflow/.local/lib/python3.7/site-packages/airflow/example_dags/example_skip_dag.py for tasks to queue
[2022-09-15 01:03:44,870] {logging_mixin.py:115} INFO - [2022-09-15 01:03:44,870] {dagbag.py:507} INFO - Filling up the DagBag from /home/airflow/.local/lib/python3.7/site-packages/airflow/example_dags/example_skip_dag.py
[2022-09-15 01:03:44,879] {processor.py:651} INFO - DAG(s) dict_keys(['example_skip_dag']) retrieved from /home/airflow/.local/lib/python3.7/site-packages/airflow/example_dags/example_skip_dag.py
[2022-09-15 01:03:44,923] {logging_mixin.py:115} INFO - [2022-09-15 01:03:44,923] {dag.py:2371} INFO - Sync 1 DAGs
[2022-09-15 01:03:44,952] {logging_mixin.py:115} INFO - [2022-09-15 01:03:44,952] {dag.py:2919} INFO - Setting next_dagrun for example_skip_dag to 2022-09-14T01:03:44.952173+00:00, run_after=2022-09-15T01:03:44.952173+00:00
[2022-09-15 01:03:44,974] {processor.py:161} INFO - Processing /home/airflow/.local/lib/python3.7/site-packages/airflow/example_dags/example_skip_dag.py took 0.111 seconds
[2022-09-15 01:04:15,893] {processor.py:153} INFO - Started process (PID=97256) to work on /home/airflow/.local/lib/python3.7/site-packages/airflow/example_dags/example_skip_dag.py
[2022-09-15 01:04:15,916] {processor.py:641} INFO - Processing file /home/airflow/.local/lib/python3.7/site-packages/airflow/example_dags/example_skip_dag.py for tasks to queue
[2022-09-15 01:04:15,918] {logging_mixin.py:115} INFO - [2022-09-15 01:04:15,918] {dagbag.py:507} INFO - Filling up the DagBag from /home/airflow/.local/lib/python3.7/site-packages/airflow/example_dags/example_skip_dag.py
[2022-09-15 01:04:15,930] {processor.py:651} INFO - DAG(s) dict_keys(['example_skip_dag']) retrieved from /home/airflow/.local/lib/python3.7/site-packages/airflow/example_dags/example_skip_dag.py
[2022-09-15 01:04:15,980] {logging_mixin.py:115} INFO - [2022-09-15 01:04:15,980] {dag.py:2371} INFO - Sync 1 DAGs
[2022-09-15 01:04:16,005] {logging_mixin.py:115} INFO - [2022-09-15 01:04:16,005] {dag.py:2919} INFO - Setting next_dagrun for example_skip_dag to 2022-09-14T01:04:16.005226+00:00, run_after=2022-09-15T01:04:16.005226+00:00
[2022-09-15 01:04:16,023] {processor.py:161} INFO - Processing /home/airflow/.local/lib/python3.7/site-packages/airflow/example_dags/example_skip_dag.py took 0.135 seconds
[2022-09-15 01:04:47,016] {processor.py:153} INFO - Started process (PID=97323) to work on /home/airflow/.local/lib/python3.7/site-packages/airflow/example_dags/example_skip_dag.py
[2022-09-15 01:04:47,017] {processor.py:641} INFO - Processing file /home/airflow/.local/lib/python3.7/site-packages/airflow/example_dags/example_skip_dag.py for tasks to queue
[2022-09-15 01:04:47,019] {logging_mixin.py:115} INFO - [2022-09-15 01:04:47,019] {dagbag.py:507} INFO - Filling up the DagBag from /home/airflow/.local/lib/python3.7/site-packages/airflow/example_dags/example_skip_dag.py
[2022-09-15 01:04:47,026] {processor.py:651} INFO - DAG(s) dict_keys(['example_skip_dag']) retrieved from /home/airflow/.local/lib/python3.7/site-packages/airflow/example_dags/example_skip_dag.py
[2022-09-15 01:04:47,070] {logging_mixin.py:115} INFO - [2022-09-15 01:04:47,070] {dag.py:2371} INFO - Sync 1 DAGs
[2022-09-15 01:04:47,102] {logging_mixin.py:115} INFO - [2022-09-15 01:04:47,102] {dag.py:2919} INFO - Setting next_dagrun for example_skip_dag to 2022-09-14T01:04:47.102190+00:00, run_after=2022-09-15T01:04:47.102190+00:00
[2022-09-15 01:04:47,122] {processor.py:161} INFO - Processing /home/airflow/.local/lib/python3.7/site-packages/airflow/example_dags/example_skip_dag.py took 0.110 seconds
