[2022-09-15 00:41:09,083] {processor.py:153} INFO - Started process (PID=94365) to work on /home/airflow/.local/lib/python3.7/site-packages/airflow/example_dags/example_branch_operator_decorator.py
[2022-09-15 00:41:09,086] {processor.py:641} INFO - Processing file /home/airflow/.local/lib/python3.7/site-packages/airflow/example_dags/example_branch_operator_decorator.py for tasks to queue
[2022-09-15 00:41:09,090] {logging_mixin.py:115} INFO - [2022-09-15 00:41:09,089] {dagbag.py:507} INFO - Filling up the DagBag from /home/airflow/.local/lib/python3.7/site-packages/airflow/example_dags/example_branch_operator_decorator.py
[2022-09-15 00:41:09,347] {processor.py:651} INFO - DAG(s) dict_keys(['example_branch_python_operator_decorator']) retrieved from /home/airflow/.local/lib/python3.7/site-packages/airflow/example_dags/example_branch_operator_decorator.py
[2022-09-15 00:41:09,551] {logging_mixin.py:115} INFO - [2022-09-15 00:41:09,550] {dag.py:2371} INFO - Sync 1 DAGs
[2022-09-15 00:41:09,647] {logging_mixin.py:115} INFO - [2022-09-15 00:41:09,646] {dag.py:2919} INFO - Setting next_dagrun for example_branch_python_operator_decorator to 2022-09-14T00:00:00+00:00, run_after=2022-09-15T00:00:00+00:00
[2022-09-15 00:41:09,738] {processor.py:161} INFO - Processing /home/airflow/.local/lib/python3.7/site-packages/airflow/example_dags/example_branch_operator_decorator.py took 0.678 seconds
[2022-09-15 00:41:40,327] {processor.py:153} INFO - Started process (PID=94428) to work on /home/airflow/.local/lib/python3.7/site-packages/airflow/example_dags/example_branch_operator_decorator.py
[2022-09-15 00:41:40,336] {processor.py:641} INFO - Processing file /home/airflow/.local/lib/python3.7/site-packages/airflow/example_dags/example_branch_operator_decorator.py for tasks to queue
[2022-09-15 00:41:40,338] {logging_mixin.py:115} INFO - [2022-09-15 00:41:40,338] {dagbag.py:507} INFO - Filling up the DagBag from /home/airflow/.local/lib/python3.7/site-packages/airflow/example_dags/example_branch_operator_decorator.py
[2022-09-15 00:41:40,456] {processor.py:651} INFO - DAG(s) dict_keys(['example_branch_python_operator_decorator']) retrieved from /home/airflow/.local/lib/python3.7/site-packages/airflow/example_dags/example_branch_operator_decorator.py
[2022-09-15 00:41:40,542] {logging_mixin.py:115} INFO - [2022-09-15 00:41:40,542] {dag.py:2371} INFO - Sync 1 DAGs
[2022-09-15 00:41:40,610] {logging_mixin.py:115} INFO - [2022-09-15 00:41:40,610] {dag.py:2919} INFO - Setting next_dagrun for example_branch_python_operator_decorator to 2022-09-14T00:00:00+00:00, run_after=2022-09-15T00:00:00+00:00
[2022-09-15 00:41:40,634] {processor.py:161} INFO - Processing /home/airflow/.local/lib/python3.7/site-packages/airflow/example_dags/example_branch_operator_decorator.py took 0.346 seconds
[2022-09-15 00:42:11,214] {processor.py:153} INFO - Started process (PID=94490) to work on /home/airflow/.local/lib/python3.7/site-packages/airflow/example_dags/example_branch_operator_decorator.py
[2022-09-15 00:42:11,215] {processor.py:641} INFO - Processing file /home/airflow/.local/lib/python3.7/site-packages/airflow/example_dags/example_branch_operator_decorator.py for tasks to queue
[2022-09-15 00:42:11,217] {logging_mixin.py:115} INFO - [2022-09-15 00:42:11,217] {dagbag.py:507} INFO - Filling up the DagBag from /home/airflow/.local/lib/python3.7/site-packages/airflow/example_dags/example_branch_operator_decorator.py
[2022-09-15 00:42:11,238] {processor.py:651} INFO - DAG(s) dict_keys(['example_branch_python_operator_decorator']) retrieved from /home/airflow/.local/lib/python3.7/site-packages/airflow/example_dags/example_branch_operator_decorator.py
[2022-09-15 00:42:11,269] {logging_mixin.py:115} INFO - [2022-09-15 00:42:11,269] {dag.py:2371} INFO - Sync 1 DAGs
[2022-09-15 00:42:11,294] {logging_mixin.py:115} INFO - [2022-09-15 00:42:11,293] {dag.py:2919} INFO - Setting next_dagrun for example_branch_python_operator_decorator to 2022-09-14T00:00:00+00:00, run_after=2022-09-15T00:00:00+00:00
[2022-09-15 00:42:11,310] {processor.py:161} INFO - Processing /home/airflow/.local/lib/python3.7/site-packages/airflow/example_dags/example_branch_operator_decorator.py took 0.100 seconds
[2022-09-15 00:42:41,920] {processor.py:153} INFO - Started process (PID=94560) to work on /home/airflow/.local/lib/python3.7/site-packages/airflow/example_dags/example_branch_operator_decorator.py
[2022-09-15 00:42:41,921] {processor.py:641} INFO - Processing file /home/airflow/.local/lib/python3.7/site-packages/airflow/example_dags/example_branch_operator_decorator.py for tasks to queue
[2022-09-15 00:42:41,923] {logging_mixin.py:115} INFO - [2022-09-15 00:42:41,923] {dagbag.py:507} INFO - Filling up the DagBag from /home/airflow/.local/lib/python3.7/site-packages/airflow/example_dags/example_branch_operator_decorator.py
[2022-09-15 00:42:41,946] {processor.py:651} INFO - DAG(s) dict_keys(['example_branch_python_operator_decorator']) retrieved from /home/airflow/.local/lib/python3.7/site-packages/airflow/example_dags/example_branch_operator_decorator.py
[2022-09-15 00:42:41,983] {logging_mixin.py:115} INFO - [2022-09-15 00:42:41,983] {dag.py:2371} INFO - Sync 1 DAGs
[2022-09-15 00:42:42,010] {logging_mixin.py:115} INFO - [2022-09-15 00:42:42,010] {dag.py:2919} INFO - Setting next_dagrun for example_branch_python_operator_decorator to 2022-09-14T00:00:00+00:00, run_after=2022-09-15T00:00:00+00:00
[2022-09-15 00:42:42,025] {processor.py:161} INFO - Processing /home/airflow/.local/lib/python3.7/site-packages/airflow/example_dags/example_branch_operator_decorator.py took 0.109 seconds
[2022-09-15 00:43:12,304] {processor.py:153} INFO - Started process (PID=94616) to work on /home/airflow/.local/lib/python3.7/site-packages/airflow/example_dags/example_branch_operator_decorator.py
[2022-09-15 00:43:12,307] {processor.py:641} INFO - Processing file /home/airflow/.local/lib/python3.7/site-packages/airflow/example_dags/example_branch_operator_decorator.py for tasks to queue
[2022-09-15 00:43:12,310] {logging_mixin.py:115} INFO - [2022-09-15 00:43:12,309] {dagbag.py:507} INFO - Filling up the DagBag from /home/airflow/.local/lib/python3.7/site-packages/airflow/example_dags/example_branch_operator_decorator.py
[2022-09-15 00:43:12,348] {processor.py:651} INFO - DAG(s) dict_keys(['example_branch_python_operator_decorator']) retrieved from /home/airflow/.local/lib/python3.7/site-packages/airflow/example_dags/example_branch_operator_decorator.py
[2022-09-15 00:43:12,384] {logging_mixin.py:115} INFO - [2022-09-15 00:43:12,383] {dag.py:2371} INFO - Sync 1 DAGs
[2022-09-15 00:43:12,414] {logging_mixin.py:115} INFO - [2022-09-15 00:43:12,414] {dag.py:2919} INFO - Setting next_dagrun for example_branch_python_operator_decorator to 2022-09-14T00:00:00+00:00, run_after=2022-09-15T00:00:00+00:00
[2022-09-15 00:43:12,443] {processor.py:161} INFO - Processing /home/airflow/.local/lib/python3.7/site-packages/airflow/example_dags/example_branch_operator_decorator.py took 0.145 seconds
[2022-09-15 00:43:42,639] {processor.py:153} INFO - Started process (PID=94686) to work on /home/airflow/.local/lib/python3.7/site-packages/airflow/example_dags/example_branch_operator_decorator.py
[2022-09-15 00:43:42,641] {processor.py:641} INFO - Processing file /home/airflow/.local/lib/python3.7/site-packages/airflow/example_dags/example_branch_operator_decorator.py for tasks to queue
[2022-09-15 00:43:42,642] {logging_mixin.py:115} INFO - [2022-09-15 00:43:42,642] {dagbag.py:507} INFO - Filling up the DagBag from /home/airflow/.local/lib/python3.7/site-packages/airflow/example_dags/example_branch_operator_decorator.py
[2022-09-15 00:43:42,666] {processor.py:651} INFO - DAG(s) dict_keys(['example_branch_python_operator_decorator']) retrieved from /home/airflow/.local/lib/python3.7/site-packages/airflow/example_dags/example_branch_operator_decorator.py
[2022-09-15 00:43:42,709] {logging_mixin.py:115} INFO - [2022-09-15 00:43:42,708] {dag.py:2371} INFO - Sync 1 DAGs
[2022-09-15 00:43:42,738] {logging_mixin.py:115} INFO - [2022-09-15 00:43:42,738] {dag.py:2919} INFO - Setting next_dagrun for example_branch_python_operator_decorator to 2022-09-14T00:00:00+00:00, run_after=2022-09-15T00:00:00+00:00
[2022-09-15 00:43:42,753] {processor.py:161} INFO - Processing /home/airflow/.local/lib/python3.7/site-packages/airflow/example_dags/example_branch_operator_decorator.py took 0.118 seconds
[2022-09-15 00:44:13,044] {processor.py:153} INFO - Started process (PID=94755) to work on /home/airflow/.local/lib/python3.7/site-packages/airflow/example_dags/example_branch_operator_decorator.py
[2022-09-15 00:44:13,046] {processor.py:641} INFO - Processing file /home/airflow/.local/lib/python3.7/site-packages/airflow/example_dags/example_branch_operator_decorator.py for tasks to queue
[2022-09-15 00:44:13,047] {logging_mixin.py:115} INFO - [2022-09-15 00:44:13,047] {dagbag.py:507} INFO - Filling up the DagBag from /home/airflow/.local/lib/python3.7/site-packages/airflow/example_dags/example_branch_operator_decorator.py
[2022-09-15 00:44:13,085] {processor.py:651} INFO - DAG(s) dict_keys(['example_branch_python_operator_decorator']) retrieved from /home/airflow/.local/lib/python3.7/site-packages/airflow/example_dags/example_branch_operator_decorator.py
[2022-09-15 00:44:13,142] {logging_mixin.py:115} INFO - [2022-09-15 00:44:13,142] {dag.py:2371} INFO - Sync 1 DAGs
[2022-09-15 00:44:13,200] {logging_mixin.py:115} INFO - [2022-09-15 00:44:13,200] {dag.py:2919} INFO - Setting next_dagrun for example_branch_python_operator_decorator to 2022-09-14T00:00:00+00:00, run_after=2022-09-15T00:00:00+00:00
[2022-09-15 00:44:13,229] {processor.py:161} INFO - Processing /home/airflow/.local/lib/python3.7/site-packages/airflow/example_dags/example_branch_operator_decorator.py took 0.191 seconds
[2022-09-15 00:44:43,415] {processor.py:153} INFO - Started process (PID=94811) to work on /home/airflow/.local/lib/python3.7/site-packages/airflow/example_dags/example_branch_operator_decorator.py
[2022-09-15 00:44:43,417] {processor.py:641} INFO - Processing file /home/airflow/.local/lib/python3.7/site-packages/airflow/example_dags/example_branch_operator_decorator.py for tasks to queue
[2022-09-15 00:44:43,418] {logging_mixin.py:115} INFO - [2022-09-15 00:44:43,418] {dagbag.py:507} INFO - Filling up the DagBag from /home/airflow/.local/lib/python3.7/site-packages/airflow/example_dags/example_branch_operator_decorator.py
[2022-09-15 00:44:43,442] {processor.py:651} INFO - DAG(s) dict_keys(['example_branch_python_operator_decorator']) retrieved from /home/airflow/.local/lib/python3.7/site-packages/airflow/example_dags/example_branch_operator_decorator.py
[2022-09-15 00:44:43,475] {logging_mixin.py:115} INFO - [2022-09-15 00:44:43,475] {dag.py:2371} INFO - Sync 1 DAGs
[2022-09-15 00:44:43,501] {logging_mixin.py:115} INFO - [2022-09-15 00:44:43,501] {dag.py:2919} INFO - Setting next_dagrun for example_branch_python_operator_decorator to 2022-09-14T00:00:00+00:00, run_after=2022-09-15T00:00:00+00:00
[2022-09-15 00:44:43,516] {processor.py:161} INFO - Processing /home/airflow/.local/lib/python3.7/site-packages/airflow/example_dags/example_branch_operator_decorator.py took 0.106 seconds
[2022-09-15 00:45:14,280] {processor.py:153} INFO - Started process (PID=94878) to work on /home/airflow/.local/lib/python3.7/site-packages/airflow/example_dags/example_branch_operator_decorator.py
[2022-09-15 00:45:14,283] {processor.py:641} INFO - Processing file /home/airflow/.local/lib/python3.7/site-packages/airflow/example_dags/example_branch_operator_decorator.py for tasks to queue
[2022-09-15 00:45:14,286] {logging_mixin.py:115} INFO - [2022-09-15 00:45:14,286] {dagbag.py:507} INFO - Filling up the DagBag from /home/airflow/.local/lib/python3.7/site-packages/airflow/example_dags/example_branch_operator_decorator.py
[2022-09-15 00:45:14,334] {processor.py:651} INFO - DAG(s) dict_keys(['example_branch_python_operator_decorator']) retrieved from /home/airflow/.local/lib/python3.7/site-packages/airflow/example_dags/example_branch_operator_decorator.py
[2022-09-15 00:45:14,406] {logging_mixin.py:115} INFO - [2022-09-15 00:45:14,405] {dag.py:2371} INFO - Sync 1 DAGs
[2022-09-15 00:45:14,479] {logging_mixin.py:115} INFO - [2022-09-15 00:45:14,478] {dag.py:2919} INFO - Setting next_dagrun for example_branch_python_operator_decorator to 2022-09-14T00:00:00+00:00, run_after=2022-09-15T00:00:00+00:00
[2022-09-15 00:45:14,514] {processor.py:161} INFO - Processing /home/airflow/.local/lib/python3.7/site-packages/airflow/example_dags/example_branch_operator_decorator.py took 0.243 seconds
[2022-09-15 00:45:45,194] {processor.py:153} INFO - Started process (PID=94943) to work on /home/airflow/.local/lib/python3.7/site-packages/airflow/example_dags/example_branch_operator_decorator.py
[2022-09-15 00:45:45,197] {processor.py:641} INFO - Processing file /home/airflow/.local/lib/python3.7/site-packages/airflow/example_dags/example_branch_operator_decorator.py for tasks to queue
[2022-09-15 00:45:45,199] {logging_mixin.py:115} INFO - [2022-09-15 00:45:45,199] {dagbag.py:507} INFO - Filling up the DagBag from /home/airflow/.local/lib/python3.7/site-packages/airflow/example_dags/example_branch_operator_decorator.py
[2022-09-15 00:45:45,258] {processor.py:651} INFO - DAG(s) dict_keys(['example_branch_python_operator_decorator']) retrieved from /home/airflow/.local/lib/python3.7/site-packages/airflow/example_dags/example_branch_operator_decorator.py
[2022-09-15 00:45:45,312] {logging_mixin.py:115} INFO - [2022-09-15 00:45:45,312] {dag.py:2371} INFO - Sync 1 DAGs
[2022-09-15 00:45:45,366] {logging_mixin.py:115} INFO - [2022-09-15 00:45:45,366] {dag.py:2919} INFO - Setting next_dagrun for example_branch_python_operator_decorator to 2022-09-14T00:00:00+00:00, run_after=2022-09-15T00:00:00+00:00
[2022-09-15 00:45:45,385] {processor.py:161} INFO - Processing /home/airflow/.local/lib/python3.7/site-packages/airflow/example_dags/example_branch_operator_decorator.py took 0.204 seconds
[2022-09-15 00:46:15,654] {processor.py:153} INFO - Started process (PID=95006) to work on /home/airflow/.local/lib/python3.7/site-packages/airflow/example_dags/example_branch_operator_decorator.py
[2022-09-15 00:46:15,656] {processor.py:641} INFO - Processing file /home/airflow/.local/lib/python3.7/site-packages/airflow/example_dags/example_branch_operator_decorator.py for tasks to queue
[2022-09-15 00:46:15,658] {logging_mixin.py:115} INFO - [2022-09-15 00:46:15,658] {dagbag.py:507} INFO - Filling up the DagBag from /home/airflow/.local/lib/python3.7/site-packages/airflow/example_dags/example_branch_operator_decorator.py
[2022-09-15 00:46:15,678] {processor.py:651} INFO - DAG(s) dict_keys(['example_branch_python_operator_decorator']) retrieved from /home/airflow/.local/lib/python3.7/site-packages/airflow/example_dags/example_branch_operator_decorator.py
[2022-09-15 00:46:15,713] {logging_mixin.py:115} INFO - [2022-09-15 00:46:15,713] {dag.py:2371} INFO - Sync 1 DAGs
[2022-09-15 00:46:15,738] {logging_mixin.py:115} INFO - [2022-09-15 00:46:15,738] {dag.py:2919} INFO - Setting next_dagrun for example_branch_python_operator_decorator to 2022-09-14T00:00:00+00:00, run_after=2022-09-15T00:00:00+00:00
[2022-09-15 00:46:15,752] {processor.py:161} INFO - Processing /home/airflow/.local/lib/python3.7/site-packages/airflow/example_dags/example_branch_operator_decorator.py took 0.101 seconds
[2022-09-15 00:46:46,345] {processor.py:153} INFO - Started process (PID=95076) to work on /home/airflow/.local/lib/python3.7/site-packages/airflow/example_dags/example_branch_operator_decorator.py
[2022-09-15 00:46:46,347] {processor.py:641} INFO - Processing file /home/airflow/.local/lib/python3.7/site-packages/airflow/example_dags/example_branch_operator_decorator.py for tasks to queue
[2022-09-15 00:46:46,348] {logging_mixin.py:115} INFO - [2022-09-15 00:46:46,348] {dagbag.py:507} INFO - Filling up the DagBag from /home/airflow/.local/lib/python3.7/site-packages/airflow/example_dags/example_branch_operator_decorator.py
[2022-09-15 00:46:46,374] {processor.py:651} INFO - DAG(s) dict_keys(['example_branch_python_operator_decorator']) retrieved from /home/airflow/.local/lib/python3.7/site-packages/airflow/example_dags/example_branch_operator_decorator.py
[2022-09-15 00:46:46,423] {logging_mixin.py:115} INFO - [2022-09-15 00:46:46,423] {dag.py:2371} INFO - Sync 1 DAGs
[2022-09-15 00:46:46,456] {logging_mixin.py:115} INFO - [2022-09-15 00:46:46,455] {dag.py:2919} INFO - Setting next_dagrun for example_branch_python_operator_decorator to 2022-09-14T00:00:00+00:00, run_after=2022-09-15T00:00:00+00:00
[2022-09-15 00:46:46,472] {processor.py:161} INFO - Processing /home/airflow/.local/lib/python3.7/site-packages/airflow/example_dags/example_branch_operator_decorator.py took 0.131 seconds
[2022-09-15 00:47:17,222] {processor.py:153} INFO - Started process (PID=95134) to work on /home/airflow/.local/lib/python3.7/site-packages/airflow/example_dags/example_branch_operator_decorator.py
[2022-09-15 00:47:17,227] {processor.py:641} INFO - Processing file /home/airflow/.local/lib/python3.7/site-packages/airflow/example_dags/example_branch_operator_decorator.py for tasks to queue
[2022-09-15 00:47:17,230] {logging_mixin.py:115} INFO - [2022-09-15 00:47:17,229] {dagbag.py:507} INFO - Filling up the DagBag from /home/airflow/.local/lib/python3.7/site-packages/airflow/example_dags/example_branch_operator_decorator.py
[2022-09-15 00:47:17,257] {processor.py:651} INFO - DAG(s) dict_keys(['example_branch_python_operator_decorator']) retrieved from /home/airflow/.local/lib/python3.7/site-packages/airflow/example_dags/example_branch_operator_decorator.py
[2022-09-15 00:47:17,296] {logging_mixin.py:115} INFO - [2022-09-15 00:47:17,296] {dag.py:2371} INFO - Sync 1 DAGs
[2022-09-15 00:47:17,336] {logging_mixin.py:115} INFO - [2022-09-15 00:47:17,336] {dag.py:2919} INFO - Setting next_dagrun for example_branch_python_operator_decorator to 2022-09-14T00:00:00+00:00, run_after=2022-09-15T00:00:00+00:00
[2022-09-15 00:47:17,359] {processor.py:161} INFO - Processing /home/airflow/.local/lib/python3.7/site-packages/airflow/example_dags/example_branch_operator_decorator.py took 0.144 seconds
[2022-09-15 00:47:48,222] {processor.py:153} INFO - Started process (PID=95199) to work on /home/airflow/.local/lib/python3.7/site-packages/airflow/example_dags/example_branch_operator_decorator.py
[2022-09-15 00:47:48,224] {processor.py:641} INFO - Processing file /home/airflow/.local/lib/python3.7/site-packages/airflow/example_dags/example_branch_operator_decorator.py for tasks to queue
[2022-09-15 00:47:48,226] {logging_mixin.py:115} INFO - [2022-09-15 00:47:48,226] {dagbag.py:507} INFO - Filling up the DagBag from /home/airflow/.local/lib/python3.7/site-packages/airflow/example_dags/example_branch_operator_decorator.py
[2022-09-15 00:47:48,252] {processor.py:651} INFO - DAG(s) dict_keys(['example_branch_python_operator_decorator']) retrieved from /home/airflow/.local/lib/python3.7/site-packages/airflow/example_dags/example_branch_operator_decorator.py
[2022-09-15 00:47:48,287] {logging_mixin.py:115} INFO - [2022-09-15 00:47:48,287] {dag.py:2371} INFO - Sync 1 DAGs
[2022-09-15 00:47:48,317] {logging_mixin.py:115} INFO - [2022-09-15 00:47:48,317] {dag.py:2919} INFO - Setting next_dagrun for example_branch_python_operator_decorator to 2022-09-14T00:00:00+00:00, run_after=2022-09-15T00:00:00+00:00
[2022-09-15 00:47:48,334] {processor.py:161} INFO - Processing /home/airflow/.local/lib/python3.7/site-packages/airflow/example_dags/example_branch_operator_decorator.py took 0.115 seconds
[2022-09-15 00:48:19,217] {processor.py:153} INFO - Started process (PID=95265) to work on /home/airflow/.local/lib/python3.7/site-packages/airflow/example_dags/example_branch_operator_decorator.py
[2022-09-15 00:48:19,219] {processor.py:641} INFO - Processing file /home/airflow/.local/lib/python3.7/site-packages/airflow/example_dags/example_branch_operator_decorator.py for tasks to queue
[2022-09-15 00:48:19,220] {logging_mixin.py:115} INFO - [2022-09-15 00:48:19,220] {dagbag.py:507} INFO - Filling up the DagBag from /home/airflow/.local/lib/python3.7/site-packages/airflow/example_dags/example_branch_operator_decorator.py
[2022-09-15 00:48:19,239] {processor.py:651} INFO - DAG(s) dict_keys(['example_branch_python_operator_decorator']) retrieved from /home/airflow/.local/lib/python3.7/site-packages/airflow/example_dags/example_branch_operator_decorator.py
[2022-09-15 00:48:19,271] {logging_mixin.py:115} INFO - [2022-09-15 00:48:19,271] {dag.py:2371} INFO - Sync 1 DAGs
[2022-09-15 00:48:19,296] {logging_mixin.py:115} INFO - [2022-09-15 00:48:19,295] {dag.py:2919} INFO - Setting next_dagrun for example_branch_python_operator_decorator to 2022-09-14T00:00:00+00:00, run_after=2022-09-15T00:00:00+00:00
[2022-09-15 00:48:19,309] {processor.py:161} INFO - Processing /home/airflow/.local/lib/python3.7/site-packages/airflow/example_dags/example_branch_operator_decorator.py took 0.096 seconds
[2022-09-15 00:48:49,576] {processor.py:153} INFO - Started process (PID=95323) to work on /home/airflow/.local/lib/python3.7/site-packages/airflow/example_dags/example_branch_operator_decorator.py
[2022-09-15 00:48:49,578] {processor.py:641} INFO - Processing file /home/airflow/.local/lib/python3.7/site-packages/airflow/example_dags/example_branch_operator_decorator.py for tasks to queue
[2022-09-15 00:48:49,581] {logging_mixin.py:115} INFO - [2022-09-15 00:48:49,581] {dagbag.py:507} INFO - Filling up the DagBag from /home/airflow/.local/lib/python3.7/site-packages/airflow/example_dags/example_branch_operator_decorator.py
[2022-09-15 00:48:49,616] {processor.py:651} INFO - DAG(s) dict_keys(['example_branch_python_operator_decorator']) retrieved from /home/airflow/.local/lib/python3.7/site-packages/airflow/example_dags/example_branch_operator_decorator.py
[2022-09-15 00:48:49,691] {logging_mixin.py:115} INFO - [2022-09-15 00:48:49,690] {dag.py:2371} INFO - Sync 1 DAGs
[2022-09-15 00:48:49,722] {logging_mixin.py:115} INFO - [2022-09-15 00:48:49,721] {dag.py:2919} INFO - Setting next_dagrun for example_branch_python_operator_decorator to 2022-09-14T00:00:00+00:00, run_after=2022-09-15T00:00:00+00:00
[2022-09-15 00:48:49,750] {processor.py:161} INFO - Processing /home/airflow/.local/lib/python3.7/site-packages/airflow/example_dags/example_branch_operator_decorator.py took 0.181 seconds
[2022-09-15 00:49:20,735] {processor.py:153} INFO - Started process (PID=95381) to work on /home/airflow/.local/lib/python3.7/site-packages/airflow/example_dags/example_branch_operator_decorator.py
[2022-09-15 00:49:20,737] {processor.py:641} INFO - Processing file /home/airflow/.local/lib/python3.7/site-packages/airflow/example_dags/example_branch_operator_decorator.py for tasks to queue
[2022-09-15 00:49:20,738] {logging_mixin.py:115} INFO - [2022-09-15 00:49:20,738] {dagbag.py:507} INFO - Filling up the DagBag from /home/airflow/.local/lib/python3.7/site-packages/airflow/example_dags/example_branch_operator_decorator.py
[2022-09-15 00:49:20,759] {processor.py:651} INFO - DAG(s) dict_keys(['example_branch_python_operator_decorator']) retrieved from /home/airflow/.local/lib/python3.7/site-packages/airflow/example_dags/example_branch_operator_decorator.py
[2022-09-15 00:49:20,794] {logging_mixin.py:115} INFO - [2022-09-15 00:49:20,794] {dag.py:2371} INFO - Sync 1 DAGs
[2022-09-15 00:49:20,821] {logging_mixin.py:115} INFO - [2022-09-15 00:49:20,821] {dag.py:2919} INFO - Setting next_dagrun for example_branch_python_operator_decorator to 2022-09-14T00:00:00+00:00, run_after=2022-09-15T00:00:00+00:00
[2022-09-15 00:49:20,839] {processor.py:161} INFO - Processing /home/airflow/.local/lib/python3.7/site-packages/airflow/example_dags/example_branch_operator_decorator.py took 0.108 seconds
[2022-09-15 00:49:51,769] {processor.py:153} INFO - Started process (PID=95449) to work on /home/airflow/.local/lib/python3.7/site-packages/airflow/example_dags/example_branch_operator_decorator.py
[2022-09-15 00:49:51,770] {processor.py:641} INFO - Processing file /home/airflow/.local/lib/python3.7/site-packages/airflow/example_dags/example_branch_operator_decorator.py for tasks to queue
[2022-09-15 00:49:51,772] {logging_mixin.py:115} INFO - [2022-09-15 00:49:51,771] {dagbag.py:507} INFO - Filling up the DagBag from /home/airflow/.local/lib/python3.7/site-packages/airflow/example_dags/example_branch_operator_decorator.py
[2022-09-15 00:49:51,791] {processor.py:651} INFO - DAG(s) dict_keys(['example_branch_python_operator_decorator']) retrieved from /home/airflow/.local/lib/python3.7/site-packages/airflow/example_dags/example_branch_operator_decorator.py
[2022-09-15 00:49:51,827] {logging_mixin.py:115} INFO - [2022-09-15 00:49:51,827] {dag.py:2371} INFO - Sync 1 DAGs
[2022-09-15 00:49:51,854] {logging_mixin.py:115} INFO - [2022-09-15 00:49:51,853] {dag.py:2919} INFO - Setting next_dagrun for example_branch_python_operator_decorator to 2022-09-14T00:00:00+00:00, run_after=2022-09-15T00:00:00+00:00
[2022-09-15 00:49:51,881] {processor.py:161} INFO - Processing /home/airflow/.local/lib/python3.7/site-packages/airflow/example_dags/example_branch_operator_decorator.py took 0.117 seconds
[2022-09-15 00:50:22,351] {processor.py:153} INFO - Started process (PID=95517) to work on /home/airflow/.local/lib/python3.7/site-packages/airflow/example_dags/example_branch_operator_decorator.py
[2022-09-15 00:50:22,353] {processor.py:641} INFO - Processing file /home/airflow/.local/lib/python3.7/site-packages/airflow/example_dags/example_branch_operator_decorator.py for tasks to queue
[2022-09-15 00:50:22,354] {logging_mixin.py:115} INFO - [2022-09-15 00:50:22,354] {dagbag.py:507} INFO - Filling up the DagBag from /home/airflow/.local/lib/python3.7/site-packages/airflow/example_dags/example_branch_operator_decorator.py
[2022-09-15 00:50:22,375] {processor.py:651} INFO - DAG(s) dict_keys(['example_branch_python_operator_decorator']) retrieved from /home/airflow/.local/lib/python3.7/site-packages/airflow/example_dags/example_branch_operator_decorator.py
[2022-09-15 00:50:22,408] {logging_mixin.py:115} INFO - [2022-09-15 00:50:22,408] {dag.py:2371} INFO - Sync 1 DAGs
[2022-09-15 00:50:22,448] {logging_mixin.py:115} INFO - [2022-09-15 00:50:22,448] {dag.py:2919} INFO - Setting next_dagrun for example_branch_python_operator_decorator to 2022-09-14T00:00:00+00:00, run_after=2022-09-15T00:00:00+00:00
[2022-09-15 00:50:22,463] {processor.py:161} INFO - Processing /home/airflow/.local/lib/python3.7/site-packages/airflow/example_dags/example_branch_operator_decorator.py took 0.117 seconds
[2022-09-15 00:50:52,584] {processor.py:153} INFO - Started process (PID=95575) to work on /home/airflow/.local/lib/python3.7/site-packages/airflow/example_dags/example_branch_operator_decorator.py
[2022-09-15 00:50:52,585] {processor.py:641} INFO - Processing file /home/airflow/.local/lib/python3.7/site-packages/airflow/example_dags/example_branch_operator_decorator.py for tasks to queue
[2022-09-15 00:50:52,586] {logging_mixin.py:115} INFO - [2022-09-15 00:50:52,586] {dagbag.py:507} INFO - Filling up the DagBag from /home/airflow/.local/lib/python3.7/site-packages/airflow/example_dags/example_branch_operator_decorator.py
[2022-09-15 00:50:52,609] {processor.py:651} INFO - DAG(s) dict_keys(['example_branch_python_operator_decorator']) retrieved from /home/airflow/.local/lib/python3.7/site-packages/airflow/example_dags/example_branch_operator_decorator.py
[2022-09-15 00:50:52,645] {logging_mixin.py:115} INFO - [2022-09-15 00:50:52,645] {dag.py:2371} INFO - Sync 1 DAGs
[2022-09-15 00:50:52,672] {logging_mixin.py:115} INFO - [2022-09-15 00:50:52,672] {dag.py:2919} INFO - Setting next_dagrun for example_branch_python_operator_decorator to 2022-09-14T00:00:00+00:00, run_after=2022-09-15T00:00:00+00:00
[2022-09-15 00:50:52,695] {processor.py:161} INFO - Processing /home/airflow/.local/lib/python3.7/site-packages/airflow/example_dags/example_branch_operator_decorator.py took 0.115 seconds
[2022-09-15 00:51:23,374] {processor.py:153} INFO - Started process (PID=95643) to work on /home/airflow/.local/lib/python3.7/site-packages/airflow/example_dags/example_branch_operator_decorator.py
[2022-09-15 00:51:23,375] {processor.py:641} INFO - Processing file /home/airflow/.local/lib/python3.7/site-packages/airflow/example_dags/example_branch_operator_decorator.py for tasks to queue
[2022-09-15 00:51:23,377] {logging_mixin.py:115} INFO - [2022-09-15 00:51:23,376] {dagbag.py:507} INFO - Filling up the DagBag from /home/airflow/.local/lib/python3.7/site-packages/airflow/example_dags/example_branch_operator_decorator.py
[2022-09-15 00:51:23,397] {processor.py:651} INFO - DAG(s) dict_keys(['example_branch_python_operator_decorator']) retrieved from /home/airflow/.local/lib/python3.7/site-packages/airflow/example_dags/example_branch_operator_decorator.py
[2022-09-15 00:51:23,433] {logging_mixin.py:115} INFO - [2022-09-15 00:51:23,433] {dag.py:2371} INFO - Sync 1 DAGs
[2022-09-15 00:51:23,462] {logging_mixin.py:115} INFO - [2022-09-15 00:51:23,462] {dag.py:2919} INFO - Setting next_dagrun for example_branch_python_operator_decorator to 2022-09-14T00:00:00+00:00, run_after=2022-09-15T00:00:00+00:00
[2022-09-15 00:51:23,479] {processor.py:161} INFO - Processing /home/airflow/.local/lib/python3.7/site-packages/airflow/example_dags/example_branch_operator_decorator.py took 0.109 seconds
[2022-09-15 00:51:54,006] {processor.py:153} INFO - Started process (PID=95707) to work on /home/airflow/.local/lib/python3.7/site-packages/airflow/example_dags/example_branch_operator_decorator.py
[2022-09-15 00:51:54,008] {processor.py:641} INFO - Processing file /home/airflow/.local/lib/python3.7/site-packages/airflow/example_dags/example_branch_operator_decorator.py for tasks to queue
[2022-09-15 00:51:54,011] {logging_mixin.py:115} INFO - [2022-09-15 00:51:54,011] {dagbag.py:507} INFO - Filling up the DagBag from /home/airflow/.local/lib/python3.7/site-packages/airflow/example_dags/example_branch_operator_decorator.py
[2022-09-15 00:51:54,051] {processor.py:651} INFO - DAG(s) dict_keys(['example_branch_python_operator_decorator']) retrieved from /home/airflow/.local/lib/python3.7/site-packages/airflow/example_dags/example_branch_operator_decorator.py
[2022-09-15 00:51:54,103] {logging_mixin.py:115} INFO - [2022-09-15 00:51:54,103] {dag.py:2371} INFO - Sync 1 DAGs
[2022-09-15 00:51:54,146] {logging_mixin.py:115} INFO - [2022-09-15 00:51:54,146] {dag.py:2919} INFO - Setting next_dagrun for example_branch_python_operator_decorator to 2022-09-14T00:00:00+00:00, run_after=2022-09-15T00:00:00+00:00
[2022-09-15 00:51:54,169] {processor.py:161} INFO - Processing /home/airflow/.local/lib/python3.7/site-packages/airflow/example_dags/example_branch_operator_decorator.py took 0.175 seconds
[2022-09-15 00:52:24,881] {processor.py:153} INFO - Started process (PID=95768) to work on /home/airflow/.local/lib/python3.7/site-packages/airflow/example_dags/example_branch_operator_decorator.py
[2022-09-15 00:52:24,882] {processor.py:641} INFO - Processing file /home/airflow/.local/lib/python3.7/site-packages/airflow/example_dags/example_branch_operator_decorator.py for tasks to queue
[2022-09-15 00:52:24,884] {logging_mixin.py:115} INFO - [2022-09-15 00:52:24,884] {dagbag.py:507} INFO - Filling up the DagBag from /home/airflow/.local/lib/python3.7/site-packages/airflow/example_dags/example_branch_operator_decorator.py
[2022-09-15 00:52:24,903] {processor.py:651} INFO - DAG(s) dict_keys(['example_branch_python_operator_decorator']) retrieved from /home/airflow/.local/lib/python3.7/site-packages/airflow/example_dags/example_branch_operator_decorator.py
[2022-09-15 00:52:24,936] {logging_mixin.py:115} INFO - [2022-09-15 00:52:24,936] {dag.py:2371} INFO - Sync 1 DAGs
[2022-09-15 00:52:24,962] {logging_mixin.py:115} INFO - [2022-09-15 00:52:24,962] {dag.py:2919} INFO - Setting next_dagrun for example_branch_python_operator_decorator to 2022-09-14T00:00:00+00:00, run_after=2022-09-15T00:00:00+00:00
[2022-09-15 00:52:24,984] {processor.py:161} INFO - Processing /home/airflow/.local/lib/python3.7/site-packages/airflow/example_dags/example_branch_operator_decorator.py took 0.110 seconds
[2022-09-15 00:52:55,596] {processor.py:153} INFO - Started process (PID=95839) to work on /home/airflow/.local/lib/python3.7/site-packages/airflow/example_dags/example_branch_operator_decorator.py
[2022-09-15 00:52:55,598] {processor.py:641} INFO - Processing file /home/airflow/.local/lib/python3.7/site-packages/airflow/example_dags/example_branch_operator_decorator.py for tasks to queue
[2022-09-15 00:52:55,600] {logging_mixin.py:115} INFO - [2022-09-15 00:52:55,600] {dagbag.py:507} INFO - Filling up the DagBag from /home/airflow/.local/lib/python3.7/site-packages/airflow/example_dags/example_branch_operator_decorator.py
[2022-09-15 00:52:55,628] {processor.py:651} INFO - DAG(s) dict_keys(['example_branch_python_operator_decorator']) retrieved from /home/airflow/.local/lib/python3.7/site-packages/airflow/example_dags/example_branch_operator_decorator.py
[2022-09-15 00:52:55,672] {logging_mixin.py:115} INFO - [2022-09-15 00:52:55,672] {dag.py:2371} INFO - Sync 1 DAGs
[2022-09-15 00:52:55,726] {logging_mixin.py:115} INFO - [2022-09-15 00:52:55,726] {dag.py:2919} INFO - Setting next_dagrun for example_branch_python_operator_decorator to 2022-09-14T00:00:00+00:00, run_after=2022-09-15T00:00:00+00:00
[2022-09-15 00:52:55,746] {processor.py:161} INFO - Processing /home/airflow/.local/lib/python3.7/site-packages/airflow/example_dags/example_branch_operator_decorator.py took 0.158 seconds
[2022-09-15 00:53:26,238] {processor.py:153} INFO - Started process (PID=95907) to work on /home/airflow/.local/lib/python3.7/site-packages/airflow/example_dags/example_branch_operator_decorator.py
[2022-09-15 00:53:26,240] {processor.py:641} INFO - Processing file /home/airflow/.local/lib/python3.7/site-packages/airflow/example_dags/example_branch_operator_decorator.py for tasks to queue
[2022-09-15 00:53:26,241] {logging_mixin.py:115} INFO - [2022-09-15 00:53:26,241] {dagbag.py:507} INFO - Filling up the DagBag from /home/airflow/.local/lib/python3.7/site-packages/airflow/example_dags/example_branch_operator_decorator.py
[2022-09-15 00:53:26,264] {processor.py:651} INFO - DAG(s) dict_keys(['example_branch_python_operator_decorator']) retrieved from /home/airflow/.local/lib/python3.7/site-packages/airflow/example_dags/example_branch_operator_decorator.py
[2022-09-15 00:53:26,303] {logging_mixin.py:115} INFO - [2022-09-15 00:53:26,303] {dag.py:2371} INFO - Sync 1 DAGs
[2022-09-15 00:53:26,344] {logging_mixin.py:115} INFO - [2022-09-15 00:53:26,343] {dag.py:2919} INFO - Setting next_dagrun for example_branch_python_operator_decorator to 2022-09-14T00:00:00+00:00, run_after=2022-09-15T00:00:00+00:00
[2022-09-15 00:53:26,362] {processor.py:161} INFO - Processing /home/airflow/.local/lib/python3.7/site-packages/airflow/example_dags/example_branch_operator_decorator.py took 0.127 seconds
[2022-09-15 00:53:57,280] {processor.py:153} INFO - Started process (PID=95966) to work on /home/airflow/.local/lib/python3.7/site-packages/airflow/example_dags/example_branch_operator_decorator.py
[2022-09-15 00:53:57,281] {processor.py:641} INFO - Processing file /home/airflow/.local/lib/python3.7/site-packages/airflow/example_dags/example_branch_operator_decorator.py for tasks to queue
[2022-09-15 00:53:57,283] {logging_mixin.py:115} INFO - [2022-09-15 00:53:57,283] {dagbag.py:507} INFO - Filling up the DagBag from /home/airflow/.local/lib/python3.7/site-packages/airflow/example_dags/example_branch_operator_decorator.py
[2022-09-15 00:53:57,302] {processor.py:651} INFO - DAG(s) dict_keys(['example_branch_python_operator_decorator']) retrieved from /home/airflow/.local/lib/python3.7/site-packages/airflow/example_dags/example_branch_operator_decorator.py
[2022-09-15 00:53:57,337] {logging_mixin.py:115} INFO - [2022-09-15 00:53:57,337] {dag.py:2371} INFO - Sync 1 DAGs
[2022-09-15 00:53:57,362] {logging_mixin.py:115} INFO - [2022-09-15 00:53:57,362] {dag.py:2919} INFO - Setting next_dagrun for example_branch_python_operator_decorator to 2022-09-14T00:00:00+00:00, run_after=2022-09-15T00:00:00+00:00
[2022-09-15 00:53:57,378] {processor.py:161} INFO - Processing /home/airflow/.local/lib/python3.7/site-packages/airflow/example_dags/example_branch_operator_decorator.py took 0.101 seconds
[2022-09-15 00:54:28,061] {processor.py:153} INFO - Started process (PID=96036) to work on /home/airflow/.local/lib/python3.7/site-packages/airflow/example_dags/example_branch_operator_decorator.py
[2022-09-15 00:54:28,062] {processor.py:641} INFO - Processing file /home/airflow/.local/lib/python3.7/site-packages/airflow/example_dags/example_branch_operator_decorator.py for tasks to queue
[2022-09-15 00:54:28,063] {logging_mixin.py:115} INFO - [2022-09-15 00:54:28,063] {dagbag.py:507} INFO - Filling up the DagBag from /home/airflow/.local/lib/python3.7/site-packages/airflow/example_dags/example_branch_operator_decorator.py
[2022-09-15 00:54:28,085] {processor.py:651} INFO - DAG(s) dict_keys(['example_branch_python_operator_decorator']) retrieved from /home/airflow/.local/lib/python3.7/site-packages/airflow/example_dags/example_branch_operator_decorator.py
[2022-09-15 00:54:28,114] {logging_mixin.py:115} INFO - [2022-09-15 00:54:28,114] {dag.py:2371} INFO - Sync 1 DAGs
[2022-09-15 00:54:28,140] {logging_mixin.py:115} INFO - [2022-09-15 00:54:28,139] {dag.py:2919} INFO - Setting next_dagrun for example_branch_python_operator_decorator to 2022-09-14T00:00:00+00:00, run_after=2022-09-15T00:00:00+00:00
[2022-09-15 00:54:28,168] {processor.py:161} INFO - Processing /home/airflow/.local/lib/python3.7/site-packages/airflow/example_dags/example_branch_operator_decorator.py took 0.111 seconds
[2022-09-15 00:54:58,701] {processor.py:153} INFO - Started process (PID=96096) to work on /home/airflow/.local/lib/python3.7/site-packages/airflow/example_dags/example_branch_operator_decorator.py
[2022-09-15 00:54:58,703] {processor.py:641} INFO - Processing file /home/airflow/.local/lib/python3.7/site-packages/airflow/example_dags/example_branch_operator_decorator.py for tasks to queue
[2022-09-15 00:54:58,704] {logging_mixin.py:115} INFO - [2022-09-15 00:54:58,704] {dagbag.py:507} INFO - Filling up the DagBag from /home/airflow/.local/lib/python3.7/site-packages/airflow/example_dags/example_branch_operator_decorator.py
[2022-09-15 00:54:58,727] {processor.py:651} INFO - DAG(s) dict_keys(['example_branch_python_operator_decorator']) retrieved from /home/airflow/.local/lib/python3.7/site-packages/airflow/example_dags/example_branch_operator_decorator.py
[2022-09-15 00:54:58,771] {logging_mixin.py:115} INFO - [2022-09-15 00:54:58,771] {dag.py:2371} INFO - Sync 1 DAGs
[2022-09-15 00:54:58,802] {logging_mixin.py:115} INFO - [2022-09-15 00:54:58,802] {dag.py:2919} INFO - Setting next_dagrun for example_branch_python_operator_decorator to 2022-09-14T00:00:00+00:00, run_after=2022-09-15T00:00:00+00:00
[2022-09-15 00:54:58,827] {processor.py:161} INFO - Processing /home/airflow/.local/lib/python3.7/site-packages/airflow/example_dags/example_branch_operator_decorator.py took 0.130 seconds
[2022-09-15 00:55:29,601] {processor.py:153} INFO - Started process (PID=96164) to work on /home/airflow/.local/lib/python3.7/site-packages/airflow/example_dags/example_branch_operator_decorator.py
[2022-09-15 00:55:29,602] {processor.py:641} INFO - Processing file /home/airflow/.local/lib/python3.7/site-packages/airflow/example_dags/example_branch_operator_decorator.py for tasks to queue
[2022-09-15 00:55:29,604] {logging_mixin.py:115} INFO - [2022-09-15 00:55:29,604] {dagbag.py:507} INFO - Filling up the DagBag from /home/airflow/.local/lib/python3.7/site-packages/airflow/example_dags/example_branch_operator_decorator.py
[2022-09-15 00:55:29,624] {processor.py:651} INFO - DAG(s) dict_keys(['example_branch_python_operator_decorator']) retrieved from /home/airflow/.local/lib/python3.7/site-packages/airflow/example_dags/example_branch_operator_decorator.py
[2022-09-15 00:55:29,658] {logging_mixin.py:115} INFO - [2022-09-15 00:55:29,658] {dag.py:2371} INFO - Sync 1 DAGs
[2022-09-15 00:55:29,689] {logging_mixin.py:115} INFO - [2022-09-15 00:55:29,689] {dag.py:2919} INFO - Setting next_dagrun for example_branch_python_operator_decorator to 2022-09-14T00:00:00+00:00, run_after=2022-09-15T00:00:00+00:00
[2022-09-15 00:55:29,709] {processor.py:161} INFO - Processing /home/airflow/.local/lib/python3.7/site-packages/airflow/example_dags/example_branch_operator_decorator.py took 0.111 seconds
[2022-09-15 00:56:00,756] {processor.py:153} INFO - Started process (PID=96233) to work on /home/airflow/.local/lib/python3.7/site-packages/airflow/example_dags/example_branch_operator_decorator.py
[2022-09-15 00:56:00,759] {processor.py:641} INFO - Processing file /home/airflow/.local/lib/python3.7/site-packages/airflow/example_dags/example_branch_operator_decorator.py for tasks to queue
[2022-09-15 00:56:00,760] {logging_mixin.py:115} INFO - [2022-09-15 00:56:00,760] {dagbag.py:507} INFO - Filling up the DagBag from /home/airflow/.local/lib/python3.7/site-packages/airflow/example_dags/example_branch_operator_decorator.py
[2022-09-15 00:56:00,798] {processor.py:651} INFO - DAG(s) dict_keys(['example_branch_python_operator_decorator']) retrieved from /home/airflow/.local/lib/python3.7/site-packages/airflow/example_dags/example_branch_operator_decorator.py
[2022-09-15 00:56:00,831] {logging_mixin.py:115} INFO - [2022-09-15 00:56:00,830] {dag.py:2371} INFO - Sync 1 DAGs
[2022-09-15 00:56:00,865] {logging_mixin.py:115} INFO - [2022-09-15 00:56:00,864] {dag.py:2919} INFO - Setting next_dagrun for example_branch_python_operator_decorator to 2022-09-14T00:00:00+00:00, run_after=2022-09-15T00:00:00+00:00
[2022-09-15 00:56:00,896] {processor.py:161} INFO - Processing /home/airflow/.local/lib/python3.7/site-packages/airflow/example_dags/example_branch_operator_decorator.py took 0.144 seconds
[2022-09-15 00:56:30,972] {processor.py:153} INFO - Started process (PID=96295) to work on /home/airflow/.local/lib/python3.7/site-packages/airflow/example_dags/example_branch_operator_decorator.py
[2022-09-15 00:56:30,977] {processor.py:641} INFO - Processing file /home/airflow/.local/lib/python3.7/site-packages/airflow/example_dags/example_branch_operator_decorator.py for tasks to queue
[2022-09-15 00:56:30,980] {logging_mixin.py:115} INFO - [2022-09-15 00:56:30,980] {dagbag.py:507} INFO - Filling up the DagBag from /home/airflow/.local/lib/python3.7/site-packages/airflow/example_dags/example_branch_operator_decorator.py
[2022-09-15 00:56:31,007] {processor.py:651} INFO - DAG(s) dict_keys(['example_branch_python_operator_decorator']) retrieved from /home/airflow/.local/lib/python3.7/site-packages/airflow/example_dags/example_branch_operator_decorator.py
[2022-09-15 00:56:31,049] {logging_mixin.py:115} INFO - [2022-09-15 00:56:31,048] {dag.py:2371} INFO - Sync 1 DAGs
[2022-09-15 00:56:31,082] {logging_mixin.py:115} INFO - [2022-09-15 00:56:31,082] {dag.py:2919} INFO - Setting next_dagrun for example_branch_python_operator_decorator to 2022-09-14T00:00:00+00:00, run_after=2022-09-15T00:00:00+00:00
[2022-09-15 00:56:31,103] {processor.py:161} INFO - Processing /home/airflow/.local/lib/python3.7/site-packages/airflow/example_dags/example_branch_operator_decorator.py took 0.139 seconds
[2022-09-15 00:57:01,320] {processor.py:153} INFO - Started process (PID=96356) to work on /home/airflow/.local/lib/python3.7/site-packages/airflow/example_dags/example_branch_operator_decorator.py
[2022-09-15 00:57:01,321] {processor.py:641} INFO - Processing file /home/airflow/.local/lib/python3.7/site-packages/airflow/example_dags/example_branch_operator_decorator.py for tasks to queue
[2022-09-15 00:57:01,323] {logging_mixin.py:115} INFO - [2022-09-15 00:57:01,322] {dagbag.py:507} INFO - Filling up the DagBag from /home/airflow/.local/lib/python3.7/site-packages/airflow/example_dags/example_branch_operator_decorator.py
[2022-09-15 00:57:01,347] {processor.py:651} INFO - DAG(s) dict_keys(['example_branch_python_operator_decorator']) retrieved from /home/airflow/.local/lib/python3.7/site-packages/airflow/example_dags/example_branch_operator_decorator.py
[2022-09-15 00:57:01,380] {logging_mixin.py:115} INFO - [2022-09-15 00:57:01,380] {dag.py:2371} INFO - Sync 1 DAGs
[2022-09-15 00:57:01,406] {logging_mixin.py:115} INFO - [2022-09-15 00:57:01,406] {dag.py:2919} INFO - Setting next_dagrun for example_branch_python_operator_decorator to 2022-09-14T00:00:00+00:00, run_after=2022-09-15T00:00:00+00:00
[2022-09-15 00:57:01,422] {processor.py:161} INFO - Processing /home/airflow/.local/lib/python3.7/site-packages/airflow/example_dags/example_branch_operator_decorator.py took 0.106 seconds
[2022-09-15 00:57:32,555] {processor.py:153} INFO - Started process (PID=96425) to work on /home/airflow/.local/lib/python3.7/site-packages/airflow/example_dags/example_branch_operator_decorator.py
[2022-09-15 00:57:32,557] {processor.py:641} INFO - Processing file /home/airflow/.local/lib/python3.7/site-packages/airflow/example_dags/example_branch_operator_decorator.py for tasks to queue
[2022-09-15 00:57:32,558] {logging_mixin.py:115} INFO - [2022-09-15 00:57:32,558] {dagbag.py:507} INFO - Filling up the DagBag from /home/airflow/.local/lib/python3.7/site-packages/airflow/example_dags/example_branch_operator_decorator.py
[2022-09-15 00:57:32,580] {processor.py:651} INFO - DAG(s) dict_keys(['example_branch_python_operator_decorator']) retrieved from /home/airflow/.local/lib/python3.7/site-packages/airflow/example_dags/example_branch_operator_decorator.py
[2022-09-15 00:57:32,615] {logging_mixin.py:115} INFO - [2022-09-15 00:57:32,615] {dag.py:2371} INFO - Sync 1 DAGs
[2022-09-15 00:57:32,647] {logging_mixin.py:115} INFO - [2022-09-15 00:57:32,647] {dag.py:2919} INFO - Setting next_dagrun for example_branch_python_operator_decorator to 2022-09-14T00:00:00+00:00, run_after=2022-09-15T00:00:00+00:00
[2022-09-15 00:57:32,662] {processor.py:161} INFO - Processing /home/airflow/.local/lib/python3.7/site-packages/airflow/example_dags/example_branch_operator_decorator.py took 0.111 seconds
[2022-09-15 00:58:04,205] {processor.py:153} INFO - Started process (PID=96493) to work on /home/airflow/.local/lib/python3.7/site-packages/airflow/example_dags/example_branch_operator_decorator.py
[2022-09-15 00:58:04,206] {processor.py:641} INFO - Processing file /home/airflow/.local/lib/python3.7/site-packages/airflow/example_dags/example_branch_operator_decorator.py for tasks to queue
[2022-09-15 00:58:04,208] {logging_mixin.py:115} INFO - [2022-09-15 00:58:04,208] {dagbag.py:507} INFO - Filling up the DagBag from /home/airflow/.local/lib/python3.7/site-packages/airflow/example_dags/example_branch_operator_decorator.py
[2022-09-15 00:58:04,239] {processor.py:651} INFO - DAG(s) dict_keys(['example_branch_python_operator_decorator']) retrieved from /home/airflow/.local/lib/python3.7/site-packages/airflow/example_dags/example_branch_operator_decorator.py
[2022-09-15 00:58:04,284] {logging_mixin.py:115} INFO - [2022-09-15 00:58:04,284] {dag.py:2371} INFO - Sync 1 DAGs
[2022-09-15 00:58:04,329] {logging_mixin.py:115} INFO - [2022-09-15 00:58:04,328] {dag.py:2919} INFO - Setting next_dagrun for example_branch_python_operator_decorator to 2022-09-14T00:00:00+00:00, run_after=2022-09-15T00:00:00+00:00
[2022-09-15 00:58:04,357] {processor.py:161} INFO - Processing /home/airflow/.local/lib/python3.7/site-packages/airflow/example_dags/example_branch_operator_decorator.py took 0.158 seconds
[2022-09-15 00:58:35,528] {processor.py:153} INFO - Started process (PID=96551) to work on /home/airflow/.local/lib/python3.7/site-packages/airflow/example_dags/example_branch_operator_decorator.py
[2022-09-15 00:58:35,531] {processor.py:641} INFO - Processing file /home/airflow/.local/lib/python3.7/site-packages/airflow/example_dags/example_branch_operator_decorator.py for tasks to queue
[2022-09-15 00:58:35,534] {logging_mixin.py:115} INFO - [2022-09-15 00:58:35,534] {dagbag.py:507} INFO - Filling up the DagBag from /home/airflow/.local/lib/python3.7/site-packages/airflow/example_dags/example_branch_operator_decorator.py
[2022-09-15 00:58:35,589] {processor.py:651} INFO - DAG(s) dict_keys(['example_branch_python_operator_decorator']) retrieved from /home/airflow/.local/lib/python3.7/site-packages/airflow/example_dags/example_branch_operator_decorator.py
[2022-09-15 00:58:35,654] {logging_mixin.py:115} INFO - [2022-09-15 00:58:35,654] {dag.py:2371} INFO - Sync 1 DAGs
[2022-09-15 00:58:35,707] {logging_mixin.py:115} INFO - [2022-09-15 00:58:35,707] {dag.py:2919} INFO - Setting next_dagrun for example_branch_python_operator_decorator to 2022-09-14T00:00:00+00:00, run_after=2022-09-15T00:00:00+00:00
[2022-09-15 00:58:35,735] {processor.py:161} INFO - Processing /home/airflow/.local/lib/python3.7/site-packages/airflow/example_dags/example_branch_operator_decorator.py took 0.215 seconds
[2022-09-15 00:59:06,204] {processor.py:153} INFO - Started process (PID=96618) to work on /home/airflow/.local/lib/python3.7/site-packages/airflow/example_dags/example_branch_operator_decorator.py
[2022-09-15 00:59:06,206] {processor.py:641} INFO - Processing file /home/airflow/.local/lib/python3.7/site-packages/airflow/example_dags/example_branch_operator_decorator.py for tasks to queue
[2022-09-15 00:59:06,207] {logging_mixin.py:115} INFO - [2022-09-15 00:59:06,207] {dagbag.py:507} INFO - Filling up the DagBag from /home/airflow/.local/lib/python3.7/site-packages/airflow/example_dags/example_branch_operator_decorator.py
[2022-09-15 00:59:06,230] {processor.py:651} INFO - DAG(s) dict_keys(['example_branch_python_operator_decorator']) retrieved from /home/airflow/.local/lib/python3.7/site-packages/airflow/example_dags/example_branch_operator_decorator.py
[2022-09-15 00:59:06,266] {logging_mixin.py:115} INFO - [2022-09-15 00:59:06,266] {dag.py:2371} INFO - Sync 1 DAGs
[2022-09-15 00:59:06,297] {logging_mixin.py:115} INFO - [2022-09-15 00:59:06,297] {dag.py:2919} INFO - Setting next_dagrun for example_branch_python_operator_decorator to 2022-09-14T00:00:00+00:00, run_after=2022-09-15T00:00:00+00:00
[2022-09-15 00:59:06,314] {processor.py:161} INFO - Processing /home/airflow/.local/lib/python3.7/site-packages/airflow/example_dags/example_branch_operator_decorator.py took 0.114 seconds
[2022-09-15 00:59:37,290] {processor.py:153} INFO - Started process (PID=96675) to work on /home/airflow/.local/lib/python3.7/site-packages/airflow/example_dags/example_branch_operator_decorator.py
[2022-09-15 00:59:37,291] {processor.py:641} INFO - Processing file /home/airflow/.local/lib/python3.7/site-packages/airflow/example_dags/example_branch_operator_decorator.py for tasks to queue
[2022-09-15 00:59:37,293] {logging_mixin.py:115} INFO - [2022-09-15 00:59:37,293] {dagbag.py:507} INFO - Filling up the DagBag from /home/airflow/.local/lib/python3.7/site-packages/airflow/example_dags/example_branch_operator_decorator.py
[2022-09-15 00:59:37,316] {processor.py:651} INFO - DAG(s) dict_keys(['example_branch_python_operator_decorator']) retrieved from /home/airflow/.local/lib/python3.7/site-packages/airflow/example_dags/example_branch_operator_decorator.py
[2022-09-15 00:59:37,363] {logging_mixin.py:115} INFO - [2022-09-15 00:59:37,363] {dag.py:2371} INFO - Sync 1 DAGs
[2022-09-15 00:59:37,397] {logging_mixin.py:115} INFO - [2022-09-15 00:59:37,396] {dag.py:2919} INFO - Setting next_dagrun for example_branch_python_operator_decorator to 2022-09-14T00:00:00+00:00, run_after=2022-09-15T00:00:00+00:00
[2022-09-15 00:59:37,417] {processor.py:161} INFO - Processing /home/airflow/.local/lib/python3.7/site-packages/airflow/example_dags/example_branch_operator_decorator.py took 0.131 seconds
[2022-09-15 01:00:07,778] {processor.py:153} INFO - Started process (PID=96741) to work on /home/airflow/.local/lib/python3.7/site-packages/airflow/example_dags/example_branch_operator_decorator.py
[2022-09-15 01:00:07,779] {processor.py:641} INFO - Processing file /home/airflow/.local/lib/python3.7/site-packages/airflow/example_dags/example_branch_operator_decorator.py for tasks to queue
[2022-09-15 01:00:07,781] {logging_mixin.py:115} INFO - [2022-09-15 01:00:07,781] {dagbag.py:507} INFO - Filling up the DagBag from /home/airflow/.local/lib/python3.7/site-packages/airflow/example_dags/example_branch_operator_decorator.py
[2022-09-15 01:00:07,802] {processor.py:651} INFO - DAG(s) dict_keys(['example_branch_python_operator_decorator']) retrieved from /home/airflow/.local/lib/python3.7/site-packages/airflow/example_dags/example_branch_operator_decorator.py
[2022-09-15 01:00:07,840] {logging_mixin.py:115} INFO - [2022-09-15 01:00:07,840] {dag.py:2371} INFO - Sync 1 DAGs
[2022-09-15 01:00:07,872] {logging_mixin.py:115} INFO - [2022-09-15 01:00:07,872] {dag.py:2919} INFO - Setting next_dagrun for example_branch_python_operator_decorator to 2022-09-14T00:00:00+00:00, run_after=2022-09-15T00:00:00+00:00
[2022-09-15 01:00:07,887] {processor.py:161} INFO - Processing /home/airflow/.local/lib/python3.7/site-packages/airflow/example_dags/example_branch_operator_decorator.py took 0.112 seconds
[2022-09-15 01:00:38,416] {processor.py:153} INFO - Started process (PID=96806) to work on /home/airflow/.local/lib/python3.7/site-packages/airflow/example_dags/example_branch_operator_decorator.py
[2022-09-15 01:00:38,419] {processor.py:641} INFO - Processing file /home/airflow/.local/lib/python3.7/site-packages/airflow/example_dags/example_branch_operator_decorator.py for tasks to queue
[2022-09-15 01:00:38,421] {logging_mixin.py:115} INFO - [2022-09-15 01:00:38,421] {dagbag.py:507} INFO - Filling up the DagBag from /home/airflow/.local/lib/python3.7/site-packages/airflow/example_dags/example_branch_operator_decorator.py
[2022-09-15 01:00:38,451] {processor.py:651} INFO - DAG(s) dict_keys(['example_branch_python_operator_decorator']) retrieved from /home/airflow/.local/lib/python3.7/site-packages/airflow/example_dags/example_branch_operator_decorator.py
[2022-09-15 01:00:38,504] {logging_mixin.py:115} INFO - [2022-09-15 01:00:38,503] {dag.py:2371} INFO - Sync 1 DAGs
[2022-09-15 01:00:38,533] {logging_mixin.py:115} INFO - [2022-09-15 01:00:38,533] {dag.py:2919} INFO - Setting next_dagrun for example_branch_python_operator_decorator to 2022-09-14T00:00:00+00:00, run_after=2022-09-15T00:00:00+00:00
[2022-09-15 01:00:38,558] {processor.py:161} INFO - Processing /home/airflow/.local/lib/python3.7/site-packages/airflow/example_dags/example_branch_operator_decorator.py took 0.149 seconds
[2022-09-15 01:01:09,991] {processor.py:153} INFO - Started process (PID=96864) to work on /home/airflow/.local/lib/python3.7/site-packages/airflow/example_dags/example_branch_operator_decorator.py
[2022-09-15 01:01:09,993] {processor.py:641} INFO - Processing file /home/airflow/.local/lib/python3.7/site-packages/airflow/example_dags/example_branch_operator_decorator.py for tasks to queue
[2022-09-15 01:01:09,994] {logging_mixin.py:115} INFO - [2022-09-15 01:01:09,994] {dagbag.py:507} INFO - Filling up the DagBag from /home/airflow/.local/lib/python3.7/site-packages/airflow/example_dags/example_branch_operator_decorator.py
[2022-09-15 01:01:10,025] {processor.py:651} INFO - DAG(s) dict_keys(['example_branch_python_operator_decorator']) retrieved from /home/airflow/.local/lib/python3.7/site-packages/airflow/example_dags/example_branch_operator_decorator.py
[2022-09-15 01:01:10,076] {logging_mixin.py:115} INFO - [2022-09-15 01:01:10,075] {dag.py:2371} INFO - Sync 1 DAGs
[2022-09-15 01:01:10,116] {logging_mixin.py:115} INFO - [2022-09-15 01:01:10,116] {dag.py:2919} INFO - Setting next_dagrun for example_branch_python_operator_decorator to 2022-09-14T00:00:00+00:00, run_after=2022-09-15T00:00:00+00:00
[2022-09-15 01:01:10,137] {processor.py:161} INFO - Processing /home/airflow/.local/lib/python3.7/site-packages/airflow/example_dags/example_branch_operator_decorator.py took 0.151 seconds
[2022-09-15 01:01:40,731] {processor.py:153} INFO - Started process (PID=96932) to work on /home/airflow/.local/lib/python3.7/site-packages/airflow/example_dags/example_branch_operator_decorator.py
[2022-09-15 01:01:40,733] {processor.py:641} INFO - Processing file /home/airflow/.local/lib/python3.7/site-packages/airflow/example_dags/example_branch_operator_decorator.py for tasks to queue
[2022-09-15 01:01:40,734] {logging_mixin.py:115} INFO - [2022-09-15 01:01:40,734] {dagbag.py:507} INFO - Filling up the DagBag from /home/airflow/.local/lib/python3.7/site-packages/airflow/example_dags/example_branch_operator_decorator.py
[2022-09-15 01:01:40,755] {processor.py:651} INFO - DAG(s) dict_keys(['example_branch_python_operator_decorator']) retrieved from /home/airflow/.local/lib/python3.7/site-packages/airflow/example_dags/example_branch_operator_decorator.py
[2022-09-15 01:01:40,794] {logging_mixin.py:115} INFO - [2022-09-15 01:01:40,794] {dag.py:2371} INFO - Sync 1 DAGs
[2022-09-15 01:01:40,823] {logging_mixin.py:115} INFO - [2022-09-15 01:01:40,822] {dag.py:2919} INFO - Setting next_dagrun for example_branch_python_operator_decorator to 2022-09-14T00:00:00+00:00, run_after=2022-09-15T00:00:00+00:00
[2022-09-15 01:01:40,842] {processor.py:161} INFO - Processing /home/airflow/.local/lib/python3.7/site-packages/airflow/example_dags/example_branch_operator_decorator.py took 0.115 seconds
[2022-09-15 01:02:12,062] {processor.py:153} INFO - Started process (PID=97000) to work on /home/airflow/.local/lib/python3.7/site-packages/airflow/example_dags/example_branch_operator_decorator.py
[2022-09-15 01:02:12,064] {processor.py:641} INFO - Processing file /home/airflow/.local/lib/python3.7/site-packages/airflow/example_dags/example_branch_operator_decorator.py for tasks to queue
[2022-09-15 01:02:12,066] {logging_mixin.py:115} INFO - [2022-09-15 01:02:12,066] {dagbag.py:507} INFO - Filling up the DagBag from /home/airflow/.local/lib/python3.7/site-packages/airflow/example_dags/example_branch_operator_decorator.py
[2022-09-15 01:02:12,091] {processor.py:651} INFO - DAG(s) dict_keys(['example_branch_python_operator_decorator']) retrieved from /home/airflow/.local/lib/python3.7/site-packages/airflow/example_dags/example_branch_operator_decorator.py
[2022-09-15 01:02:12,129] {logging_mixin.py:115} INFO - [2022-09-15 01:02:12,128] {dag.py:2371} INFO - Sync 1 DAGs
[2022-09-15 01:02:12,162] {logging_mixin.py:115} INFO - [2022-09-15 01:02:12,162] {dag.py:2919} INFO - Setting next_dagrun for example_branch_python_operator_decorator to 2022-09-14T00:00:00+00:00, run_after=2022-09-15T00:00:00+00:00
[2022-09-15 01:02:12,177] {processor.py:161} INFO - Processing /home/airflow/.local/lib/python3.7/site-packages/airflow/example_dags/example_branch_operator_decorator.py took 0.119 seconds
[2022-09-15 01:02:42,698] {processor.py:153} INFO - Started process (PID=97059) to work on /home/airflow/.local/lib/python3.7/site-packages/airflow/example_dags/example_branch_operator_decorator.py
[2022-09-15 01:02:42,700] {processor.py:641} INFO - Processing file /home/airflow/.local/lib/python3.7/site-packages/airflow/example_dags/example_branch_operator_decorator.py for tasks to queue
[2022-09-15 01:02:42,702] {logging_mixin.py:115} INFO - [2022-09-15 01:02:42,702] {dagbag.py:507} INFO - Filling up the DagBag from /home/airflow/.local/lib/python3.7/site-packages/airflow/example_dags/example_branch_operator_decorator.py
[2022-09-15 01:02:42,731] {processor.py:651} INFO - DAG(s) dict_keys(['example_branch_python_operator_decorator']) retrieved from /home/airflow/.local/lib/python3.7/site-packages/airflow/example_dags/example_branch_operator_decorator.py
[2022-09-15 01:02:42,780] {logging_mixin.py:115} INFO - [2022-09-15 01:02:42,780] {dag.py:2371} INFO - Sync 1 DAGs
[2022-09-15 01:02:42,851] {logging_mixin.py:115} INFO - [2022-09-15 01:02:42,851] {dag.py:2919} INFO - Setting next_dagrun for example_branch_python_operator_decorator to 2022-09-14T00:00:00+00:00, run_after=2022-09-15T00:00:00+00:00
[2022-09-15 01:02:42,869] {processor.py:161} INFO - Processing /home/airflow/.local/lib/python3.7/site-packages/airflow/example_dags/example_branch_operator_decorator.py took 0.176 seconds
[2022-09-15 01:03:14,237] {processor.py:153} INFO - Started process (PID=97127) to work on /home/airflow/.local/lib/python3.7/site-packages/airflow/example_dags/example_branch_operator_decorator.py
[2022-09-15 01:03:14,239] {processor.py:641} INFO - Processing file /home/airflow/.local/lib/python3.7/site-packages/airflow/example_dags/example_branch_operator_decorator.py for tasks to queue
[2022-09-15 01:03:14,241] {logging_mixin.py:115} INFO - [2022-09-15 01:03:14,240] {dagbag.py:507} INFO - Filling up the DagBag from /home/airflow/.local/lib/python3.7/site-packages/airflow/example_dags/example_branch_operator_decorator.py
[2022-09-15 01:03:14,270] {processor.py:651} INFO - DAG(s) dict_keys(['example_branch_python_operator_decorator']) retrieved from /home/airflow/.local/lib/python3.7/site-packages/airflow/example_dags/example_branch_operator_decorator.py
[2022-09-15 01:03:14,311] {logging_mixin.py:115} INFO - [2022-09-15 01:03:14,311] {dag.py:2371} INFO - Sync 1 DAGs
[2022-09-15 01:03:14,344] {logging_mixin.py:115} INFO - [2022-09-15 01:03:14,344] {dag.py:2919} INFO - Setting next_dagrun for example_branch_python_operator_decorator to 2022-09-14T00:00:00+00:00, run_after=2022-09-15T00:00:00+00:00
[2022-09-15 01:03:14,360] {processor.py:161} INFO - Processing /home/airflow/.local/lib/python3.7/site-packages/airflow/example_dags/example_branch_operator_decorator.py took 0.130 seconds
[2022-09-15 01:03:44,823] {processor.py:153} INFO - Started process (PID=97198) to work on /home/airflow/.local/lib/python3.7/site-packages/airflow/example_dags/example_branch_operator_decorator.py
[2022-09-15 01:03:44,824] {processor.py:641} INFO - Processing file /home/airflow/.local/lib/python3.7/site-packages/airflow/example_dags/example_branch_operator_decorator.py for tasks to queue
[2022-09-15 01:03:44,826] {logging_mixin.py:115} INFO - [2022-09-15 01:03:44,826] {dagbag.py:507} INFO - Filling up the DagBag from /home/airflow/.local/lib/python3.7/site-packages/airflow/example_dags/example_branch_operator_decorator.py
[2022-09-15 01:03:44,854] {processor.py:651} INFO - DAG(s) dict_keys(['example_branch_python_operator_decorator']) retrieved from /home/airflow/.local/lib/python3.7/site-packages/airflow/example_dags/example_branch_operator_decorator.py
[2022-09-15 01:03:44,900] {logging_mixin.py:115} INFO - [2022-09-15 01:03:44,900] {dag.py:2371} INFO - Sync 1 DAGs
[2022-09-15 01:03:44,933] {logging_mixin.py:115} INFO - [2022-09-15 01:03:44,933] {dag.py:2919} INFO - Setting next_dagrun for example_branch_python_operator_decorator to 2022-09-14T00:00:00+00:00, run_after=2022-09-15T00:00:00+00:00
[2022-09-15 01:03:44,946] {processor.py:161} INFO - Processing /home/airflow/.local/lib/python3.7/site-packages/airflow/example_dags/example_branch_operator_decorator.py took 0.129 seconds
[2022-09-15 01:04:15,773] {processor.py:153} INFO - Started process (PID=97255) to work on /home/airflow/.local/lib/python3.7/site-packages/airflow/example_dags/example_branch_operator_decorator.py
[2022-09-15 01:04:15,774] {processor.py:641} INFO - Processing file /home/airflow/.local/lib/python3.7/site-packages/airflow/example_dags/example_branch_operator_decorator.py for tasks to queue
[2022-09-15 01:04:15,775] {logging_mixin.py:115} INFO - [2022-09-15 01:04:15,775] {dagbag.py:507} INFO - Filling up the DagBag from /home/airflow/.local/lib/python3.7/site-packages/airflow/example_dags/example_branch_operator_decorator.py
[2022-09-15 01:04:15,797] {processor.py:651} INFO - DAG(s) dict_keys(['example_branch_python_operator_decorator']) retrieved from /home/airflow/.local/lib/python3.7/site-packages/airflow/example_dags/example_branch_operator_decorator.py
[2022-09-15 01:04:15,832] {logging_mixin.py:115} INFO - [2022-09-15 01:04:15,832] {dag.py:2371} INFO - Sync 1 DAGs
[2022-09-15 01:04:15,861] {logging_mixin.py:115} INFO - [2022-09-15 01:04:15,861] {dag.py:2919} INFO - Setting next_dagrun for example_branch_python_operator_decorator to 2022-09-14T00:00:00+00:00, run_after=2022-09-15T00:00:00+00:00
[2022-09-15 01:04:15,880] {processor.py:161} INFO - Processing /home/airflow/.local/lib/python3.7/site-packages/airflow/example_dags/example_branch_operator_decorator.py took 0.111 seconds
[2022-09-15 01:04:46,962] {processor.py:153} INFO - Started process (PID=97322) to work on /home/airflow/.local/lib/python3.7/site-packages/airflow/example_dags/example_branch_operator_decorator.py
[2022-09-15 01:04:46,963] {processor.py:641} INFO - Processing file /home/airflow/.local/lib/python3.7/site-packages/airflow/example_dags/example_branch_operator_decorator.py for tasks to queue
[2022-09-15 01:04:46,965] {logging_mixin.py:115} INFO - [2022-09-15 01:04:46,965] {dagbag.py:507} INFO - Filling up the DagBag from /home/airflow/.local/lib/python3.7/site-packages/airflow/example_dags/example_branch_operator_decorator.py
[2022-09-15 01:04:46,990] {processor.py:651} INFO - DAG(s) dict_keys(['example_branch_python_operator_decorator']) retrieved from /home/airflow/.local/lib/python3.7/site-packages/airflow/example_dags/example_branch_operator_decorator.py
[2022-09-15 01:04:47,033] {logging_mixin.py:115} INFO - [2022-09-15 01:04:47,033] {dag.py:2371} INFO - Sync 1 DAGs
[2022-09-15 01:04:47,061] {logging_mixin.py:115} INFO - [2022-09-15 01:04:47,060] {dag.py:2919} INFO - Setting next_dagrun for example_branch_python_operator_decorator to 2022-09-14T00:00:00+00:00, run_after=2022-09-15T00:00:00+00:00
[2022-09-15 01:04:47,075] {processor.py:161} INFO - Processing /home/airflow/.local/lib/python3.7/site-packages/airflow/example_dags/example_branch_operator_decorator.py took 0.118 seconds
