[2022-09-15 00:41:06,947] {processor.py:153} INFO - Started process (PID=94359) to work on /home/airflow/.local/lib/python3.7/site-packages/airflow/example_dags/example_nested_branch_dag.py
[2022-09-15 00:41:06,954] {processor.py:641} INFO - Processing file /home/airflow/.local/lib/python3.7/site-packages/airflow/example_dags/example_nested_branch_dag.py for tasks to queue
[2022-09-15 00:41:06,956] {logging_mixin.py:115} INFO - [2022-09-15 00:41:06,956] {dagbag.py:507} INFO - Filling up the DagBag from /home/airflow/.local/lib/python3.7/site-packages/airflow/example_dags/example_nested_branch_dag.py
[2022-09-15 00:41:06,985] {processor.py:651} INFO - DAG(s) dict_keys(['example_nested_branch_dag']) retrieved from /home/airflow/.local/lib/python3.7/site-packages/airflow/example_dags/example_nested_branch_dag.py
[2022-09-15 00:41:07,076] {logging_mixin.py:115} INFO - [2022-09-15 00:41:07,076] {dag.py:2371} INFO - Sync 1 DAGs
[2022-09-15 00:41:07,249] {logging_mixin.py:115} INFO - [2022-09-15 00:41:07,248] {dag.py:2919} INFO - Setting next_dagrun for example_nested_branch_dag to 2022-09-14T00:00:00+00:00, run_after=2022-09-15T00:00:00+00:00
[2022-09-15 00:41:07,317] {processor.py:161} INFO - Processing /home/airflow/.local/lib/python3.7/site-packages/airflow/example_dags/example_nested_branch_dag.py took 0.379 seconds
[2022-09-15 00:41:38,134] {processor.py:153} INFO - Started process (PID=94417) to work on /home/airflow/.local/lib/python3.7/site-packages/airflow/example_dags/example_nested_branch_dag.py
[2022-09-15 00:41:38,143] {processor.py:641} INFO - Processing file /home/airflow/.local/lib/python3.7/site-packages/airflow/example_dags/example_nested_branch_dag.py for tasks to queue
[2022-09-15 00:41:38,145] {logging_mixin.py:115} INFO - [2022-09-15 00:41:38,145] {dagbag.py:507} INFO - Filling up the DagBag from /home/airflow/.local/lib/python3.7/site-packages/airflow/example_dags/example_nested_branch_dag.py
[2022-09-15 00:41:38,182] {processor.py:651} INFO - DAG(s) dict_keys(['example_nested_branch_dag']) retrieved from /home/airflow/.local/lib/python3.7/site-packages/airflow/example_dags/example_nested_branch_dag.py
[2022-09-15 00:41:38,244] {logging_mixin.py:115} INFO - [2022-09-15 00:41:38,244] {dag.py:2371} INFO - Sync 1 DAGs
[2022-09-15 00:41:38,356] {logging_mixin.py:115} INFO - [2022-09-15 00:41:38,356] {dag.py:2919} INFO - Setting next_dagrun for example_nested_branch_dag to 2022-09-14T00:00:00+00:00, run_after=2022-09-15T00:00:00+00:00
[2022-09-15 00:41:38,412] {processor.py:161} INFO - Processing /home/airflow/.local/lib/python3.7/site-packages/airflow/example_dags/example_nested_branch_dag.py took 0.284 seconds
[2022-09-15 00:42:08,795] {processor.py:153} INFO - Started process (PID=94484) to work on /home/airflow/.local/lib/python3.7/site-packages/airflow/example_dags/example_nested_branch_dag.py
[2022-09-15 00:42:08,797] {processor.py:641} INFO - Processing file /home/airflow/.local/lib/python3.7/site-packages/airflow/example_dags/example_nested_branch_dag.py for tasks to queue
[2022-09-15 00:42:08,799] {logging_mixin.py:115} INFO - [2022-09-15 00:42:08,798] {dagbag.py:507} INFO - Filling up the DagBag from /home/airflow/.local/lib/python3.7/site-packages/airflow/example_dags/example_nested_branch_dag.py
[2022-09-15 00:42:08,811] {processor.py:651} INFO - DAG(s) dict_keys(['example_nested_branch_dag']) retrieved from /home/airflow/.local/lib/python3.7/site-packages/airflow/example_dags/example_nested_branch_dag.py
[2022-09-15 00:42:08,840] {logging_mixin.py:115} INFO - [2022-09-15 00:42:08,840] {dag.py:2371} INFO - Sync 1 DAGs
[2022-09-15 00:42:08,868] {logging_mixin.py:115} INFO - [2022-09-15 00:42:08,868] {dag.py:2919} INFO - Setting next_dagrun for example_nested_branch_dag to 2022-09-14T00:00:00+00:00, run_after=2022-09-15T00:00:00+00:00
[2022-09-15 00:42:08,884] {processor.py:161} INFO - Processing /home/airflow/.local/lib/python3.7/site-packages/airflow/example_dags/example_nested_branch_dag.py took 0.092 seconds
[2022-09-15 00:42:39,530] {processor.py:153} INFO - Started process (PID=94543) to work on /home/airflow/.local/lib/python3.7/site-packages/airflow/example_dags/example_nested_branch_dag.py
[2022-09-15 00:42:39,532] {processor.py:641} INFO - Processing file /home/airflow/.local/lib/python3.7/site-packages/airflow/example_dags/example_nested_branch_dag.py for tasks to queue
[2022-09-15 00:42:39,534] {logging_mixin.py:115} INFO - [2022-09-15 00:42:39,534] {dagbag.py:507} INFO - Filling up the DagBag from /home/airflow/.local/lib/python3.7/site-packages/airflow/example_dags/example_nested_branch_dag.py
[2022-09-15 00:42:39,549] {processor.py:651} INFO - DAG(s) dict_keys(['example_nested_branch_dag']) retrieved from /home/airflow/.local/lib/python3.7/site-packages/airflow/example_dags/example_nested_branch_dag.py
[2022-09-15 00:42:39,584] {logging_mixin.py:115} INFO - [2022-09-15 00:42:39,584] {dag.py:2371} INFO - Sync 1 DAGs
[2022-09-15 00:42:39,610] {logging_mixin.py:115} INFO - [2022-09-15 00:42:39,610] {dag.py:2919} INFO - Setting next_dagrun for example_nested_branch_dag to 2022-09-14T00:00:00+00:00, run_after=2022-09-15T00:00:00+00:00
[2022-09-15 00:42:39,628] {processor.py:161} INFO - Processing /home/airflow/.local/lib/python3.7/site-packages/airflow/example_dags/example_nested_branch_dag.py took 0.103 seconds
[2022-09-15 00:43:09,828] {processor.py:153} INFO - Started process (PID=94611) to work on /home/airflow/.local/lib/python3.7/site-packages/airflow/example_dags/example_nested_branch_dag.py
[2022-09-15 00:43:09,830] {processor.py:641} INFO - Processing file /home/airflow/.local/lib/python3.7/site-packages/airflow/example_dags/example_nested_branch_dag.py for tasks to queue
[2022-09-15 00:43:09,831] {logging_mixin.py:115} INFO - [2022-09-15 00:43:09,831] {dagbag.py:507} INFO - Filling up the DagBag from /home/airflow/.local/lib/python3.7/site-packages/airflow/example_dags/example_nested_branch_dag.py
[2022-09-15 00:43:09,844] {processor.py:651} INFO - DAG(s) dict_keys(['example_nested_branch_dag']) retrieved from /home/airflow/.local/lib/python3.7/site-packages/airflow/example_dags/example_nested_branch_dag.py
[2022-09-15 00:43:09,875] {logging_mixin.py:115} INFO - [2022-09-15 00:43:09,874] {dag.py:2371} INFO - Sync 1 DAGs
[2022-09-15 00:43:09,900] {logging_mixin.py:115} INFO - [2022-09-15 00:43:09,900] {dag.py:2919} INFO - Setting next_dagrun for example_nested_branch_dag to 2022-09-14T00:00:00+00:00, run_after=2022-09-15T00:00:00+00:00
[2022-09-15 00:43:09,915] {processor.py:161} INFO - Processing /home/airflow/.local/lib/python3.7/site-packages/airflow/example_dags/example_nested_branch_dag.py took 0.091 seconds
[2022-09-15 00:43:40,109] {processor.py:153} INFO - Started process (PID=94680) to work on /home/airflow/.local/lib/python3.7/site-packages/airflow/example_dags/example_nested_branch_dag.py
[2022-09-15 00:43:40,112] {processor.py:641} INFO - Processing file /home/airflow/.local/lib/python3.7/site-packages/airflow/example_dags/example_nested_branch_dag.py for tasks to queue
[2022-09-15 00:43:40,114] {logging_mixin.py:115} INFO - [2022-09-15 00:43:40,114] {dagbag.py:507} INFO - Filling up the DagBag from /home/airflow/.local/lib/python3.7/site-packages/airflow/example_dags/example_nested_branch_dag.py
[2022-09-15 00:43:40,136] {processor.py:651} INFO - DAG(s) dict_keys(['example_nested_branch_dag']) retrieved from /home/airflow/.local/lib/python3.7/site-packages/airflow/example_dags/example_nested_branch_dag.py
[2022-09-15 00:43:40,200] {logging_mixin.py:115} INFO - [2022-09-15 00:43:40,199] {dag.py:2371} INFO - Sync 1 DAGs
[2022-09-15 00:43:40,249] {logging_mixin.py:115} INFO - [2022-09-15 00:43:40,248] {dag.py:2919} INFO - Setting next_dagrun for example_nested_branch_dag to 2022-09-14T00:00:00+00:00, run_after=2022-09-15T00:00:00+00:00
[2022-09-15 00:43:40,269] {processor.py:161} INFO - Processing /home/airflow/.local/lib/python3.7/site-packages/airflow/example_dags/example_nested_branch_dag.py took 0.167 seconds
[2022-09-15 00:44:10,558] {processor.py:153} INFO - Started process (PID=94739) to work on /home/airflow/.local/lib/python3.7/site-packages/airflow/example_dags/example_nested_branch_dag.py
[2022-09-15 00:44:10,561] {processor.py:641} INFO - Processing file /home/airflow/.local/lib/python3.7/site-packages/airflow/example_dags/example_nested_branch_dag.py for tasks to queue
[2022-09-15 00:44:10,563] {logging_mixin.py:115} INFO - [2022-09-15 00:44:10,563] {dagbag.py:507} INFO - Filling up the DagBag from /home/airflow/.local/lib/python3.7/site-packages/airflow/example_dags/example_nested_branch_dag.py
[2022-09-15 00:44:10,590] {processor.py:651} INFO - DAG(s) dict_keys(['example_nested_branch_dag']) retrieved from /home/airflow/.local/lib/python3.7/site-packages/airflow/example_dags/example_nested_branch_dag.py
[2022-09-15 00:44:10,650] {logging_mixin.py:115} INFO - [2022-09-15 00:44:10,650] {dag.py:2371} INFO - Sync 1 DAGs
[2022-09-15 00:44:10,701] {logging_mixin.py:115} INFO - [2022-09-15 00:44:10,700] {dag.py:2919} INFO - Setting next_dagrun for example_nested_branch_dag to 2022-09-14T00:00:00+00:00, run_after=2022-09-15T00:00:00+00:00
[2022-09-15 00:44:10,741] {processor.py:161} INFO - Processing /home/airflow/.local/lib/python3.7/site-packages/airflow/example_dags/example_nested_branch_dag.py took 0.189 seconds
[2022-09-15 00:44:40,875] {processor.py:153} INFO - Started process (PID=94805) to work on /home/airflow/.local/lib/python3.7/site-packages/airflow/example_dags/example_nested_branch_dag.py
[2022-09-15 00:44:40,877] {processor.py:641} INFO - Processing file /home/airflow/.local/lib/python3.7/site-packages/airflow/example_dags/example_nested_branch_dag.py for tasks to queue
[2022-09-15 00:44:40,878] {logging_mixin.py:115} INFO - [2022-09-15 00:44:40,878] {dagbag.py:507} INFO - Filling up the DagBag from /home/airflow/.local/lib/python3.7/site-packages/airflow/example_dags/example_nested_branch_dag.py
[2022-09-15 00:44:40,892] {processor.py:651} INFO - DAG(s) dict_keys(['example_nested_branch_dag']) retrieved from /home/airflow/.local/lib/python3.7/site-packages/airflow/example_dags/example_nested_branch_dag.py
[2022-09-15 00:44:40,939] {logging_mixin.py:115} INFO - [2022-09-15 00:44:40,939] {dag.py:2371} INFO - Sync 1 DAGs
[2022-09-15 00:44:40,977] {logging_mixin.py:115} INFO - [2022-09-15 00:44:40,977] {dag.py:2919} INFO - Setting next_dagrun for example_nested_branch_dag to 2022-09-14T00:00:00+00:00, run_after=2022-09-15T00:00:00+00:00
[2022-09-15 00:44:41,000] {processor.py:161} INFO - Processing /home/airflow/.local/lib/python3.7/site-packages/airflow/example_dags/example_nested_branch_dag.py took 0.128 seconds
[2022-09-15 00:45:11,531] {processor.py:153} INFO - Started process (PID=94872) to work on /home/airflow/.local/lib/python3.7/site-packages/airflow/example_dags/example_nested_branch_dag.py
[2022-09-15 00:45:11,532] {processor.py:641} INFO - Processing file /home/airflow/.local/lib/python3.7/site-packages/airflow/example_dags/example_nested_branch_dag.py for tasks to queue
[2022-09-15 00:45:11,534] {logging_mixin.py:115} INFO - [2022-09-15 00:45:11,533] {dagbag.py:507} INFO - Filling up the DagBag from /home/airflow/.local/lib/python3.7/site-packages/airflow/example_dags/example_nested_branch_dag.py
[2022-09-15 00:45:11,545] {processor.py:651} INFO - DAG(s) dict_keys(['example_nested_branch_dag']) retrieved from /home/airflow/.local/lib/python3.7/site-packages/airflow/example_dags/example_nested_branch_dag.py
[2022-09-15 00:45:11,579] {logging_mixin.py:115} INFO - [2022-09-15 00:45:11,579] {dag.py:2371} INFO - Sync 1 DAGs
[2022-09-15 00:45:11,604] {logging_mixin.py:115} INFO - [2022-09-15 00:45:11,604] {dag.py:2919} INFO - Setting next_dagrun for example_nested_branch_dag to 2022-09-14T00:00:00+00:00, run_after=2022-09-15T00:00:00+00:00
[2022-09-15 00:45:11,617] {processor.py:161} INFO - Processing /home/airflow/.local/lib/python3.7/site-packages/airflow/example_dags/example_nested_branch_dag.py took 0.089 seconds
[2022-09-15 00:45:42,613] {processor.py:153} INFO - Started process (PID=94930) to work on /home/airflow/.local/lib/python3.7/site-packages/airflow/example_dags/example_nested_branch_dag.py
[2022-09-15 00:45:42,619] {processor.py:641} INFO - Processing file /home/airflow/.local/lib/python3.7/site-packages/airflow/example_dags/example_nested_branch_dag.py for tasks to queue
[2022-09-15 00:45:42,625] {logging_mixin.py:115} INFO - [2022-09-15 00:45:42,624] {dagbag.py:507} INFO - Filling up the DagBag from /home/airflow/.local/lib/python3.7/site-packages/airflow/example_dags/example_nested_branch_dag.py
[2022-09-15 00:45:42,650] {processor.py:651} INFO - DAG(s) dict_keys(['example_nested_branch_dag']) retrieved from /home/airflow/.local/lib/python3.7/site-packages/airflow/example_dags/example_nested_branch_dag.py
[2022-09-15 00:45:42,723] {logging_mixin.py:115} INFO - [2022-09-15 00:45:42,722] {dag.py:2371} INFO - Sync 1 DAGs
[2022-09-15 00:45:42,771] {logging_mixin.py:115} INFO - [2022-09-15 00:45:42,770] {dag.py:2919} INFO - Setting next_dagrun for example_nested_branch_dag to 2022-09-14T00:00:00+00:00, run_after=2022-09-15T00:00:00+00:00
[2022-09-15 00:45:42,796] {processor.py:161} INFO - Processing /home/airflow/.local/lib/python3.7/site-packages/airflow/example_dags/example_nested_branch_dag.py took 0.191 seconds
[2022-09-15 00:46:13,283] {processor.py:153} INFO - Started process (PID=95001) to work on /home/airflow/.local/lib/python3.7/site-packages/airflow/example_dags/example_nested_branch_dag.py
[2022-09-15 00:46:13,285] {processor.py:641} INFO - Processing file /home/airflow/.local/lib/python3.7/site-packages/airflow/example_dags/example_nested_branch_dag.py for tasks to queue
[2022-09-15 00:46:13,287] {logging_mixin.py:115} INFO - [2022-09-15 00:46:13,286] {dagbag.py:507} INFO - Filling up the DagBag from /home/airflow/.local/lib/python3.7/site-packages/airflow/example_dags/example_nested_branch_dag.py
[2022-09-15 00:46:13,299] {processor.py:651} INFO - DAG(s) dict_keys(['example_nested_branch_dag']) retrieved from /home/airflow/.local/lib/python3.7/site-packages/airflow/example_dags/example_nested_branch_dag.py
[2022-09-15 00:46:13,331] {logging_mixin.py:115} INFO - [2022-09-15 00:46:13,330] {dag.py:2371} INFO - Sync 1 DAGs
[2022-09-15 00:46:13,358] {logging_mixin.py:115} INFO - [2022-09-15 00:46:13,358] {dag.py:2919} INFO - Setting next_dagrun for example_nested_branch_dag to 2022-09-14T00:00:00+00:00, run_after=2022-09-15T00:00:00+00:00
[2022-09-15 00:46:13,371] {processor.py:161} INFO - Processing /home/airflow/.local/lib/python3.7/site-packages/airflow/example_dags/example_nested_branch_dag.py took 0.092 seconds
[2022-09-15 00:46:43,849] {processor.py:153} INFO - Started process (PID=95059) to work on /home/airflow/.local/lib/python3.7/site-packages/airflow/example_dags/example_nested_branch_dag.py
[2022-09-15 00:46:43,851] {processor.py:641} INFO - Processing file /home/airflow/.local/lib/python3.7/site-packages/airflow/example_dags/example_nested_branch_dag.py for tasks to queue
[2022-09-15 00:46:43,853] {logging_mixin.py:115} INFO - [2022-09-15 00:46:43,853] {dagbag.py:507} INFO - Filling up the DagBag from /home/airflow/.local/lib/python3.7/site-packages/airflow/example_dags/example_nested_branch_dag.py
[2022-09-15 00:46:43,868] {processor.py:651} INFO - DAG(s) dict_keys(['example_nested_branch_dag']) retrieved from /home/airflow/.local/lib/python3.7/site-packages/airflow/example_dags/example_nested_branch_dag.py
[2022-09-15 00:46:43,912] {logging_mixin.py:115} INFO - [2022-09-15 00:46:43,911] {dag.py:2371} INFO - Sync 1 DAGs
[2022-09-15 00:46:43,953] {logging_mixin.py:115} INFO - [2022-09-15 00:46:43,953] {dag.py:2919} INFO - Setting next_dagrun for example_nested_branch_dag to 2022-09-14T00:00:00+00:00, run_after=2022-09-15T00:00:00+00:00
[2022-09-15 00:46:43,980] {processor.py:161} INFO - Processing /home/airflow/.local/lib/python3.7/site-packages/airflow/example_dags/example_nested_branch_dag.py took 0.136 seconds
[2022-09-15 00:47:14,445] {processor.py:153} INFO - Started process (PID=95128) to work on /home/airflow/.local/lib/python3.7/site-packages/airflow/example_dags/example_nested_branch_dag.py
[2022-09-15 00:47:14,447] {processor.py:641} INFO - Processing file /home/airflow/.local/lib/python3.7/site-packages/airflow/example_dags/example_nested_branch_dag.py for tasks to queue
[2022-09-15 00:47:14,451] {logging_mixin.py:115} INFO - [2022-09-15 00:47:14,450] {dagbag.py:507} INFO - Filling up the DagBag from /home/airflow/.local/lib/python3.7/site-packages/airflow/example_dags/example_nested_branch_dag.py
[2022-09-15 00:47:14,467] {processor.py:651} INFO - DAG(s) dict_keys(['example_nested_branch_dag']) retrieved from /home/airflow/.local/lib/python3.7/site-packages/airflow/example_dags/example_nested_branch_dag.py
[2022-09-15 00:47:14,531] {logging_mixin.py:115} INFO - [2022-09-15 00:47:14,530] {dag.py:2371} INFO - Sync 1 DAGs
[2022-09-15 00:47:14,603] {logging_mixin.py:115} INFO - [2022-09-15 00:47:14,603] {dag.py:2919} INFO - Setting next_dagrun for example_nested_branch_dag to 2022-09-14T00:00:00+00:00, run_after=2022-09-15T00:00:00+00:00
[2022-09-15 00:47:14,643] {processor.py:161} INFO - Processing /home/airflow/.local/lib/python3.7/site-packages/airflow/example_dags/example_nested_branch_dag.py took 0.204 seconds
[2022-09-15 00:47:44,768] {processor.py:153} INFO - Started process (PID=95193) to work on /home/airflow/.local/lib/python3.7/site-packages/airflow/example_dags/example_nested_branch_dag.py
[2022-09-15 00:47:44,770] {processor.py:641} INFO - Processing file /home/airflow/.local/lib/python3.7/site-packages/airflow/example_dags/example_nested_branch_dag.py for tasks to queue
[2022-09-15 00:47:44,771] {logging_mixin.py:115} INFO - [2022-09-15 00:47:44,771] {dagbag.py:507} INFO - Filling up the DagBag from /home/airflow/.local/lib/python3.7/site-packages/airflow/example_dags/example_nested_branch_dag.py
[2022-09-15 00:47:44,785] {processor.py:651} INFO - DAG(s) dict_keys(['example_nested_branch_dag']) retrieved from /home/airflow/.local/lib/python3.7/site-packages/airflow/example_dags/example_nested_branch_dag.py
[2022-09-15 00:47:44,819] {logging_mixin.py:115} INFO - [2022-09-15 00:47:44,819] {dag.py:2371} INFO - Sync 1 DAGs
[2022-09-15 00:47:44,848] {logging_mixin.py:115} INFO - [2022-09-15 00:47:44,847] {dag.py:2919} INFO - Setting next_dagrun for example_nested_branch_dag to 2022-09-14T00:00:00+00:00, run_after=2022-09-15T00:00:00+00:00
[2022-09-15 00:47:44,862] {processor.py:161} INFO - Processing /home/airflow/.local/lib/python3.7/site-packages/airflow/example_dags/example_nested_branch_dag.py took 0.099 seconds
[2022-09-15 00:48:15,727] {processor.py:153} INFO - Started process (PID=95250) to work on /home/airflow/.local/lib/python3.7/site-packages/airflow/example_dags/example_nested_branch_dag.py
[2022-09-15 00:48:15,729] {processor.py:641} INFO - Processing file /home/airflow/.local/lib/python3.7/site-packages/airflow/example_dags/example_nested_branch_dag.py for tasks to queue
[2022-09-15 00:48:15,730] {logging_mixin.py:115} INFO - [2022-09-15 00:48:15,730] {dagbag.py:507} INFO - Filling up the DagBag from /home/airflow/.local/lib/python3.7/site-packages/airflow/example_dags/example_nested_branch_dag.py
[2022-09-15 00:48:15,742] {processor.py:651} INFO - DAG(s) dict_keys(['example_nested_branch_dag']) retrieved from /home/airflow/.local/lib/python3.7/site-packages/airflow/example_dags/example_nested_branch_dag.py
[2022-09-15 00:48:15,773] {logging_mixin.py:115} INFO - [2022-09-15 00:48:15,773] {dag.py:2371} INFO - Sync 1 DAGs
[2022-09-15 00:48:15,812] {logging_mixin.py:115} INFO - [2022-09-15 00:48:15,812] {dag.py:2919} INFO - Setting next_dagrun for example_nested_branch_dag to 2022-09-14T00:00:00+00:00, run_after=2022-09-15T00:00:00+00:00
[2022-09-15 00:48:15,830] {processor.py:161} INFO - Processing /home/airflow/.local/lib/python3.7/site-packages/airflow/example_dags/example_nested_branch_dag.py took 0.107 seconds
[2022-09-15 00:48:48,934] {processor.py:153} INFO - Started process (PID=95318) to work on /home/airflow/.local/lib/python3.7/site-packages/airflow/example_dags/example_nested_branch_dag.py
[2022-09-15 00:48:48,936] {processor.py:641} INFO - Processing file /home/airflow/.local/lib/python3.7/site-packages/airflow/example_dags/example_nested_branch_dag.py for tasks to queue
[2022-09-15 00:48:48,938] {logging_mixin.py:115} INFO - [2022-09-15 00:48:48,938] {dagbag.py:507} INFO - Filling up the DagBag from /home/airflow/.local/lib/python3.7/site-packages/airflow/example_dags/example_nested_branch_dag.py
[2022-09-15 00:48:48,982] {processor.py:651} INFO - DAG(s) dict_keys(['example_nested_branch_dag']) retrieved from /home/airflow/.local/lib/python3.7/site-packages/airflow/example_dags/example_nested_branch_dag.py
[2022-09-15 00:48:49,058] {logging_mixin.py:115} INFO - [2022-09-15 00:48:49,058] {dag.py:2371} INFO - Sync 1 DAGs
[2022-09-15 00:48:49,108] {logging_mixin.py:115} INFO - [2022-09-15 00:48:49,107] {dag.py:2919} INFO - Setting next_dagrun for example_nested_branch_dag to 2022-09-14T00:00:00+00:00, run_after=2022-09-15T00:00:00+00:00
[2022-09-15 00:48:49,133] {processor.py:161} INFO - Processing /home/airflow/.local/lib/python3.7/site-packages/airflow/example_dags/example_nested_branch_dag.py took 0.213 seconds
[2022-09-15 00:49:19,286] {processor.py:153} INFO - Started process (PID=95375) to work on /home/airflow/.local/lib/python3.7/site-packages/airflow/example_dags/example_nested_branch_dag.py
[2022-09-15 00:49:19,288] {processor.py:641} INFO - Processing file /home/airflow/.local/lib/python3.7/site-packages/airflow/example_dags/example_nested_branch_dag.py for tasks to queue
[2022-09-15 00:49:19,289] {logging_mixin.py:115} INFO - [2022-09-15 00:49:19,289] {dagbag.py:507} INFO - Filling up the DagBag from /home/airflow/.local/lib/python3.7/site-packages/airflow/example_dags/example_nested_branch_dag.py
[2022-09-15 00:49:19,300] {processor.py:651} INFO - DAG(s) dict_keys(['example_nested_branch_dag']) retrieved from /home/airflow/.local/lib/python3.7/site-packages/airflow/example_dags/example_nested_branch_dag.py
[2022-09-15 00:49:19,332] {logging_mixin.py:115} INFO - [2022-09-15 00:49:19,332] {dag.py:2371} INFO - Sync 1 DAGs
[2022-09-15 00:49:19,358] {logging_mixin.py:115} INFO - [2022-09-15 00:49:19,358] {dag.py:2919} INFO - Setting next_dagrun for example_nested_branch_dag to 2022-09-14T00:00:00+00:00, run_after=2022-09-15T00:00:00+00:00
[2022-09-15 00:49:19,372] {processor.py:161} INFO - Processing /home/airflow/.local/lib/python3.7/site-packages/airflow/example_dags/example_nested_branch_dag.py took 0.089 seconds
[2022-09-15 00:49:50,409] {processor.py:153} INFO - Started process (PID=95443) to work on /home/airflow/.local/lib/python3.7/site-packages/airflow/example_dags/example_nested_branch_dag.py
[2022-09-15 00:49:50,410] {processor.py:641} INFO - Processing file /home/airflow/.local/lib/python3.7/site-packages/airflow/example_dags/example_nested_branch_dag.py for tasks to queue
[2022-09-15 00:49:50,412] {logging_mixin.py:115} INFO - [2022-09-15 00:49:50,412] {dagbag.py:507} INFO - Filling up the DagBag from /home/airflow/.local/lib/python3.7/site-packages/airflow/example_dags/example_nested_branch_dag.py
[2022-09-15 00:49:50,426] {processor.py:651} INFO - DAG(s) dict_keys(['example_nested_branch_dag']) retrieved from /home/airflow/.local/lib/python3.7/site-packages/airflow/example_dags/example_nested_branch_dag.py
[2022-09-15 00:49:50,474] {logging_mixin.py:115} INFO - [2022-09-15 00:49:50,474] {dag.py:2371} INFO - Sync 1 DAGs
[2022-09-15 00:49:50,504] {logging_mixin.py:115} INFO - [2022-09-15 00:49:50,504] {dag.py:2919} INFO - Setting next_dagrun for example_nested_branch_dag to 2022-09-14T00:00:00+00:00, run_after=2022-09-15T00:00:00+00:00
[2022-09-15 00:49:50,520] {processor.py:161} INFO - Processing /home/airflow/.local/lib/python3.7/site-packages/airflow/example_dags/example_nested_branch_dag.py took 0.117 seconds
[2022-09-15 00:50:20,935] {processor.py:153} INFO - Started process (PID=95511) to work on /home/airflow/.local/lib/python3.7/site-packages/airflow/example_dags/example_nested_branch_dag.py
[2022-09-15 00:50:20,937] {processor.py:641} INFO - Processing file /home/airflow/.local/lib/python3.7/site-packages/airflow/example_dags/example_nested_branch_dag.py for tasks to queue
[2022-09-15 00:50:20,938] {logging_mixin.py:115} INFO - [2022-09-15 00:50:20,938] {dagbag.py:507} INFO - Filling up the DagBag from /home/airflow/.local/lib/python3.7/site-packages/airflow/example_dags/example_nested_branch_dag.py
[2022-09-15 00:50:20,951] {processor.py:651} INFO - DAG(s) dict_keys(['example_nested_branch_dag']) retrieved from /home/airflow/.local/lib/python3.7/site-packages/airflow/example_dags/example_nested_branch_dag.py
[2022-09-15 00:50:20,989] {logging_mixin.py:115} INFO - [2022-09-15 00:50:20,989] {dag.py:2371} INFO - Sync 1 DAGs
[2022-09-15 00:50:21,029] {logging_mixin.py:115} INFO - [2022-09-15 00:50:21,029] {dag.py:2919} INFO - Setting next_dagrun for example_nested_branch_dag to 2022-09-14T00:00:00+00:00, run_after=2022-09-15T00:00:00+00:00
[2022-09-15 00:50:21,051] {processor.py:161} INFO - Processing /home/airflow/.local/lib/python3.7/site-packages/airflow/example_dags/example_nested_branch_dag.py took 0.119 seconds
[2022-09-15 00:50:51,231] {processor.py:153} INFO - Started process (PID=95569) to work on /home/airflow/.local/lib/python3.7/site-packages/airflow/example_dags/example_nested_branch_dag.py
[2022-09-15 00:50:51,232] {processor.py:641} INFO - Processing file /home/airflow/.local/lib/python3.7/site-packages/airflow/example_dags/example_nested_branch_dag.py for tasks to queue
[2022-09-15 00:50:51,234] {logging_mixin.py:115} INFO - [2022-09-15 00:50:51,234] {dagbag.py:507} INFO - Filling up the DagBag from /home/airflow/.local/lib/python3.7/site-packages/airflow/example_dags/example_nested_branch_dag.py
[2022-09-15 00:50:51,246] {processor.py:651} INFO - DAG(s) dict_keys(['example_nested_branch_dag']) retrieved from /home/airflow/.local/lib/python3.7/site-packages/airflow/example_dags/example_nested_branch_dag.py
[2022-09-15 00:50:51,282] {logging_mixin.py:115} INFO - [2022-09-15 00:50:51,282] {dag.py:2371} INFO - Sync 1 DAGs
[2022-09-15 00:50:51,313] {logging_mixin.py:115} INFO - [2022-09-15 00:50:51,313] {dag.py:2919} INFO - Setting next_dagrun for example_nested_branch_dag to 2022-09-14T00:00:00+00:00, run_after=2022-09-15T00:00:00+00:00
[2022-09-15 00:50:51,327] {processor.py:161} INFO - Processing /home/airflow/.local/lib/python3.7/site-packages/airflow/example_dags/example_nested_branch_dag.py took 0.100 seconds
[2022-09-15 00:51:21,764] {processor.py:153} INFO - Started process (PID=95637) to work on /home/airflow/.local/lib/python3.7/site-packages/airflow/example_dags/example_nested_branch_dag.py
[2022-09-15 00:51:21,766] {processor.py:641} INFO - Processing file /home/airflow/.local/lib/python3.7/site-packages/airflow/example_dags/example_nested_branch_dag.py for tasks to queue
[2022-09-15 00:51:21,769] {logging_mixin.py:115} INFO - [2022-09-15 00:51:21,769] {dagbag.py:507} INFO - Filling up the DagBag from /home/airflow/.local/lib/python3.7/site-packages/airflow/example_dags/example_nested_branch_dag.py
[2022-09-15 00:51:21,784] {processor.py:651} INFO - DAG(s) dict_keys(['example_nested_branch_dag']) retrieved from /home/airflow/.local/lib/python3.7/site-packages/airflow/example_dags/example_nested_branch_dag.py
[2022-09-15 00:51:21,829] {logging_mixin.py:115} INFO - [2022-09-15 00:51:21,829] {dag.py:2371} INFO - Sync 1 DAGs
[2022-09-15 00:51:21,867] {logging_mixin.py:115} INFO - [2022-09-15 00:51:21,867] {dag.py:2919} INFO - Setting next_dagrun for example_nested_branch_dag to 2022-09-14T00:00:00+00:00, run_after=2022-09-15T00:00:00+00:00
[2022-09-15 00:51:21,887] {processor.py:161} INFO - Processing /home/airflow/.local/lib/python3.7/site-packages/airflow/example_dags/example_nested_branch_dag.py took 0.128 seconds
[2022-09-15 00:51:52,432] {processor.py:153} INFO - Started process (PID=95694) to work on /home/airflow/.local/lib/python3.7/site-packages/airflow/example_dags/example_nested_branch_dag.py
[2022-09-15 00:51:52,434] {processor.py:641} INFO - Processing file /home/airflow/.local/lib/python3.7/site-packages/airflow/example_dags/example_nested_branch_dag.py for tasks to queue
[2022-09-15 00:51:52,437] {logging_mixin.py:115} INFO - [2022-09-15 00:51:52,436] {dagbag.py:507} INFO - Filling up the DagBag from /home/airflow/.local/lib/python3.7/site-packages/airflow/example_dags/example_nested_branch_dag.py
[2022-09-15 00:51:52,470] {processor.py:651} INFO - DAG(s) dict_keys(['example_nested_branch_dag']) retrieved from /home/airflow/.local/lib/python3.7/site-packages/airflow/example_dags/example_nested_branch_dag.py
[2022-09-15 00:51:52,534] {logging_mixin.py:115} INFO - [2022-09-15 00:51:52,533] {dag.py:2371} INFO - Sync 1 DAGs
[2022-09-15 00:51:52,599] {logging_mixin.py:115} INFO - [2022-09-15 00:51:52,599] {dag.py:2919} INFO - Setting next_dagrun for example_nested_branch_dag to 2022-09-14T00:00:00+00:00, run_after=2022-09-15T00:00:00+00:00
[2022-09-15 00:51:52,628] {processor.py:161} INFO - Processing /home/airflow/.local/lib/python3.7/site-packages/airflow/example_dags/example_nested_branch_dag.py took 0.211 seconds
[2022-09-15 00:52:23,227] {processor.py:153} INFO - Started process (PID=95760) to work on /home/airflow/.local/lib/python3.7/site-packages/airflow/example_dags/example_nested_branch_dag.py
[2022-09-15 00:52:23,229] {processor.py:641} INFO - Processing file /home/airflow/.local/lib/python3.7/site-packages/airflow/example_dags/example_nested_branch_dag.py for tasks to queue
[2022-09-15 00:52:23,230] {logging_mixin.py:115} INFO - [2022-09-15 00:52:23,230] {dagbag.py:507} INFO - Filling up the DagBag from /home/airflow/.local/lib/python3.7/site-packages/airflow/example_dags/example_nested_branch_dag.py
[2022-09-15 00:52:23,241] {processor.py:651} INFO - DAG(s) dict_keys(['example_nested_branch_dag']) retrieved from /home/airflow/.local/lib/python3.7/site-packages/airflow/example_dags/example_nested_branch_dag.py
[2022-09-15 00:52:23,275] {logging_mixin.py:115} INFO - [2022-09-15 00:52:23,275] {dag.py:2371} INFO - Sync 1 DAGs
[2022-09-15 00:52:23,300] {logging_mixin.py:115} INFO - [2022-09-15 00:52:23,300] {dag.py:2919} INFO - Setting next_dagrun for example_nested_branch_dag to 2022-09-14T00:00:00+00:00, run_after=2022-09-15T00:00:00+00:00
[2022-09-15 00:52:23,357] {processor.py:161} INFO - Processing /home/airflow/.local/lib/python3.7/site-packages/airflow/example_dags/example_nested_branch_dag.py took 0.133 seconds
[2022-09-15 00:52:53,937] {processor.py:153} INFO - Started process (PID=95831) to work on /home/airflow/.local/lib/python3.7/site-packages/airflow/example_dags/example_nested_branch_dag.py
[2022-09-15 00:52:53,939] {processor.py:641} INFO - Processing file /home/airflow/.local/lib/python3.7/site-packages/airflow/example_dags/example_nested_branch_dag.py for tasks to queue
[2022-09-15 00:52:53,940] {logging_mixin.py:115} INFO - [2022-09-15 00:52:53,940] {dagbag.py:507} INFO - Filling up the DagBag from /home/airflow/.local/lib/python3.7/site-packages/airflow/example_dags/example_nested_branch_dag.py
[2022-09-15 00:52:53,951] {processor.py:651} INFO - DAG(s) dict_keys(['example_nested_branch_dag']) retrieved from /home/airflow/.local/lib/python3.7/site-packages/airflow/example_dags/example_nested_branch_dag.py
[2022-09-15 00:52:53,989] {logging_mixin.py:115} INFO - [2022-09-15 00:52:53,989] {dag.py:2371} INFO - Sync 1 DAGs
[2022-09-15 00:52:54,016] {logging_mixin.py:115} INFO - [2022-09-15 00:52:54,015] {dag.py:2919} INFO - Setting next_dagrun for example_nested_branch_dag to 2022-09-14T00:00:00+00:00, run_after=2022-09-15T00:00:00+00:00
[2022-09-15 00:52:54,030] {processor.py:161} INFO - Processing /home/airflow/.local/lib/python3.7/site-packages/airflow/example_dags/example_nested_branch_dag.py took 0.097 seconds
[2022-09-15 00:53:24,591] {processor.py:153} INFO - Started process (PID=95891) to work on /home/airflow/.local/lib/python3.7/site-packages/airflow/example_dags/example_nested_branch_dag.py
[2022-09-15 00:53:24,593] {processor.py:641} INFO - Processing file /home/airflow/.local/lib/python3.7/site-packages/airflow/example_dags/example_nested_branch_dag.py for tasks to queue
[2022-09-15 00:53:24,595] {logging_mixin.py:115} INFO - [2022-09-15 00:53:24,595] {dagbag.py:507} INFO - Filling up the DagBag from /home/airflow/.local/lib/python3.7/site-packages/airflow/example_dags/example_nested_branch_dag.py
[2022-09-15 00:53:24,607] {processor.py:651} INFO - DAG(s) dict_keys(['example_nested_branch_dag']) retrieved from /home/airflow/.local/lib/python3.7/site-packages/airflow/example_dags/example_nested_branch_dag.py
[2022-09-15 00:53:24,650] {logging_mixin.py:115} INFO - [2022-09-15 00:53:24,650] {dag.py:2371} INFO - Sync 1 DAGs
[2022-09-15 00:53:24,683] {logging_mixin.py:115} INFO - [2022-09-15 00:53:24,683] {dag.py:2919} INFO - Setting next_dagrun for example_nested_branch_dag to 2022-09-14T00:00:00+00:00, run_after=2022-09-15T00:00:00+00:00
[2022-09-15 00:53:24,701] {processor.py:161} INFO - Processing /home/airflow/.local/lib/python3.7/site-packages/airflow/example_dags/example_nested_branch_dag.py took 0.114 seconds
[2022-09-15 00:53:55,931] {processor.py:153} INFO - Started process (PID=95960) to work on /home/airflow/.local/lib/python3.7/site-packages/airflow/example_dags/example_nested_branch_dag.py
[2022-09-15 00:53:55,932] {processor.py:641} INFO - Processing file /home/airflow/.local/lib/python3.7/site-packages/airflow/example_dags/example_nested_branch_dag.py for tasks to queue
[2022-09-15 00:53:55,934] {logging_mixin.py:115} INFO - [2022-09-15 00:53:55,934] {dagbag.py:507} INFO - Filling up the DagBag from /home/airflow/.local/lib/python3.7/site-packages/airflow/example_dags/example_nested_branch_dag.py
[2022-09-15 00:53:55,946] {processor.py:651} INFO - DAG(s) dict_keys(['example_nested_branch_dag']) retrieved from /home/airflow/.local/lib/python3.7/site-packages/airflow/example_dags/example_nested_branch_dag.py
[2022-09-15 00:53:55,986] {logging_mixin.py:115} INFO - [2022-09-15 00:53:55,986] {dag.py:2371} INFO - Sync 1 DAGs
[2022-09-15 00:53:56,015] {logging_mixin.py:115} INFO - [2022-09-15 00:53:56,015] {dag.py:2919} INFO - Setting next_dagrun for example_nested_branch_dag to 2022-09-14T00:00:00+00:00, run_after=2022-09-15T00:00:00+00:00
[2022-09-15 00:53:56,029] {processor.py:161} INFO - Processing /home/airflow/.local/lib/python3.7/site-packages/airflow/example_dags/example_nested_branch_dag.py took 0.103 seconds
[2022-09-15 00:54:26,707] {processor.py:153} INFO - Started process (PID=96030) to work on /home/airflow/.local/lib/python3.7/site-packages/airflow/example_dags/example_nested_branch_dag.py
[2022-09-15 00:54:26,708] {processor.py:641} INFO - Processing file /home/airflow/.local/lib/python3.7/site-packages/airflow/example_dags/example_nested_branch_dag.py for tasks to queue
[2022-09-15 00:54:26,709] {logging_mixin.py:115} INFO - [2022-09-15 00:54:26,709] {dagbag.py:507} INFO - Filling up the DagBag from /home/airflow/.local/lib/python3.7/site-packages/airflow/example_dags/example_nested_branch_dag.py
[2022-09-15 00:54:26,721] {processor.py:651} INFO - DAG(s) dict_keys(['example_nested_branch_dag']) retrieved from /home/airflow/.local/lib/python3.7/site-packages/airflow/example_dags/example_nested_branch_dag.py
[2022-09-15 00:54:26,761] {logging_mixin.py:115} INFO - [2022-09-15 00:54:26,761] {dag.py:2371} INFO - Sync 1 DAGs
[2022-09-15 00:54:26,790] {logging_mixin.py:115} INFO - [2022-09-15 00:54:26,790] {dag.py:2919} INFO - Setting next_dagrun for example_nested_branch_dag to 2022-09-14T00:00:00+00:00, run_after=2022-09-15T00:00:00+00:00
[2022-09-15 00:54:26,810] {processor.py:161} INFO - Processing /home/airflow/.local/lib/python3.7/site-packages/airflow/example_dags/example_nested_branch_dag.py took 0.106 seconds
[2022-09-15 00:54:57,343] {processor.py:153} INFO - Started process (PID=96090) to work on /home/airflow/.local/lib/python3.7/site-packages/airflow/example_dags/example_nested_branch_dag.py
[2022-09-15 00:54:57,344] {processor.py:641} INFO - Processing file /home/airflow/.local/lib/python3.7/site-packages/airflow/example_dags/example_nested_branch_dag.py for tasks to queue
[2022-09-15 00:54:57,346] {logging_mixin.py:115} INFO - [2022-09-15 00:54:57,346] {dagbag.py:507} INFO - Filling up the DagBag from /home/airflow/.local/lib/python3.7/site-packages/airflow/example_dags/example_nested_branch_dag.py
[2022-09-15 00:54:57,362] {processor.py:651} INFO - DAG(s) dict_keys(['example_nested_branch_dag']) retrieved from /home/airflow/.local/lib/python3.7/site-packages/airflow/example_dags/example_nested_branch_dag.py
[2022-09-15 00:54:57,399] {logging_mixin.py:115} INFO - [2022-09-15 00:54:57,399] {dag.py:2371} INFO - Sync 1 DAGs
[2022-09-15 00:54:57,433] {logging_mixin.py:115} INFO - [2022-09-15 00:54:57,433] {dag.py:2919} INFO - Setting next_dagrun for example_nested_branch_dag to 2022-09-14T00:00:00+00:00, run_after=2022-09-15T00:00:00+00:00
[2022-09-15 00:54:57,447] {processor.py:161} INFO - Processing /home/airflow/.local/lib/python3.7/site-packages/airflow/example_dags/example_nested_branch_dag.py took 0.108 seconds
[2022-09-15 00:55:28,151] {processor.py:153} INFO - Started process (PID=96158) to work on /home/airflow/.local/lib/python3.7/site-packages/airflow/example_dags/example_nested_branch_dag.py
[2022-09-15 00:55:28,153] {processor.py:641} INFO - Processing file /home/airflow/.local/lib/python3.7/site-packages/airflow/example_dags/example_nested_branch_dag.py for tasks to queue
[2022-09-15 00:55:28,156] {logging_mixin.py:115} INFO - [2022-09-15 00:55:28,156] {dagbag.py:507} INFO - Filling up the DagBag from /home/airflow/.local/lib/python3.7/site-packages/airflow/example_dags/example_nested_branch_dag.py
[2022-09-15 00:55:28,176] {processor.py:651} INFO - DAG(s) dict_keys(['example_nested_branch_dag']) retrieved from /home/airflow/.local/lib/python3.7/site-packages/airflow/example_dags/example_nested_branch_dag.py
[2022-09-15 00:55:28,242] {logging_mixin.py:115} INFO - [2022-09-15 00:55:28,242] {dag.py:2371} INFO - Sync 1 DAGs
[2022-09-15 00:55:28,293] {logging_mixin.py:115} INFO - [2022-09-15 00:55:28,293] {dag.py:2919} INFO - Setting next_dagrun for example_nested_branch_dag to 2022-09-14T00:00:00+00:00, run_after=2022-09-15T00:00:00+00:00
[2022-09-15 00:55:28,307] {processor.py:161} INFO - Processing /home/airflow/.local/lib/python3.7/site-packages/airflow/example_dags/example_nested_branch_dag.py took 0.165 seconds
[2022-09-15 00:55:59,216] {processor.py:153} INFO - Started process (PID=96227) to work on /home/airflow/.local/lib/python3.7/site-packages/airflow/example_dags/example_nested_branch_dag.py
[2022-09-15 00:55:59,218] {processor.py:641} INFO - Processing file /home/airflow/.local/lib/python3.7/site-packages/airflow/example_dags/example_nested_branch_dag.py for tasks to queue
[2022-09-15 00:55:59,220] {logging_mixin.py:115} INFO - [2022-09-15 00:55:59,219] {dagbag.py:507} INFO - Filling up the DagBag from /home/airflow/.local/lib/python3.7/site-packages/airflow/example_dags/example_nested_branch_dag.py
[2022-09-15 00:55:59,237] {processor.py:651} INFO - DAG(s) dict_keys(['example_nested_branch_dag']) retrieved from /home/airflow/.local/lib/python3.7/site-packages/airflow/example_dags/example_nested_branch_dag.py
[2022-09-15 00:55:59,275] {logging_mixin.py:115} INFO - [2022-09-15 00:55:59,275] {dag.py:2371} INFO - Sync 1 DAGs
[2022-09-15 00:55:59,310] {logging_mixin.py:115} INFO - [2022-09-15 00:55:59,310] {dag.py:2919} INFO - Setting next_dagrun for example_nested_branch_dag to 2022-09-14T00:00:00+00:00, run_after=2022-09-15T00:00:00+00:00
[2022-09-15 00:55:59,326] {processor.py:161} INFO - Processing /home/airflow/.local/lib/python3.7/site-packages/airflow/example_dags/example_nested_branch_dag.py took 0.114 seconds
[2022-09-15 00:56:30,463] {processor.py:153} INFO - Started process (PID=96284) to work on /home/airflow/.local/lib/python3.7/site-packages/airflow/example_dags/example_nested_branch_dag.py
[2022-09-15 00:56:30,464] {processor.py:641} INFO - Processing file /home/airflow/.local/lib/python3.7/site-packages/airflow/example_dags/example_nested_branch_dag.py for tasks to queue
[2022-09-15 00:56:30,466] {logging_mixin.py:115} INFO - [2022-09-15 00:56:30,466] {dagbag.py:507} INFO - Filling up the DagBag from /home/airflow/.local/lib/python3.7/site-packages/airflow/example_dags/example_nested_branch_dag.py
[2022-09-15 00:56:30,485] {processor.py:651} INFO - DAG(s) dict_keys(['example_nested_branch_dag']) retrieved from /home/airflow/.local/lib/python3.7/site-packages/airflow/example_dags/example_nested_branch_dag.py
[2022-09-15 00:56:30,524] {logging_mixin.py:115} INFO - [2022-09-15 00:56:30,524] {dag.py:2371} INFO - Sync 1 DAGs
[2022-09-15 00:56:30,572] {logging_mixin.py:115} INFO - [2022-09-15 00:56:30,572] {dag.py:2919} INFO - Setting next_dagrun for example_nested_branch_dag to 2022-09-14T00:00:00+00:00, run_after=2022-09-15T00:00:00+00:00
[2022-09-15 00:56:30,592] {processor.py:161} INFO - Processing /home/airflow/.local/lib/python3.7/site-packages/airflow/example_dags/example_nested_branch_dag.py took 0.137 seconds
[2022-09-15 00:57:00,896] {processor.py:153} INFO - Started process (PID=96351) to work on /home/airflow/.local/lib/python3.7/site-packages/airflow/example_dags/example_nested_branch_dag.py
[2022-09-15 00:57:00,898] {processor.py:641} INFO - Processing file /home/airflow/.local/lib/python3.7/site-packages/airflow/example_dags/example_nested_branch_dag.py for tasks to queue
[2022-09-15 00:57:00,901] {logging_mixin.py:115} INFO - [2022-09-15 00:57:00,901] {dagbag.py:507} INFO - Filling up the DagBag from /home/airflow/.local/lib/python3.7/site-packages/airflow/example_dags/example_nested_branch_dag.py
[2022-09-15 00:57:00,925] {processor.py:651} INFO - DAG(s) dict_keys(['example_nested_branch_dag']) retrieved from /home/airflow/.local/lib/python3.7/site-packages/airflow/example_dags/example_nested_branch_dag.py
[2022-09-15 00:57:00,964] {logging_mixin.py:115} INFO - [2022-09-15 00:57:00,964] {dag.py:2371} INFO - Sync 1 DAGs
[2022-09-15 00:57:01,006] {logging_mixin.py:115} INFO - [2022-09-15 00:57:01,005] {dag.py:2919} INFO - Setting next_dagrun for example_nested_branch_dag to 2022-09-14T00:00:00+00:00, run_after=2022-09-15T00:00:00+00:00
[2022-09-15 00:57:01,021] {processor.py:161} INFO - Processing /home/airflow/.local/lib/python3.7/site-packages/airflow/example_dags/example_nested_branch_dag.py took 0.134 seconds
[2022-09-15 00:57:32,131] {processor.py:153} INFO - Started process (PID=96419) to work on /home/airflow/.local/lib/python3.7/site-packages/airflow/example_dags/example_nested_branch_dag.py
[2022-09-15 00:57:32,132] {processor.py:641} INFO - Processing file /home/airflow/.local/lib/python3.7/site-packages/airflow/example_dags/example_nested_branch_dag.py for tasks to queue
[2022-09-15 00:57:32,134] {logging_mixin.py:115} INFO - [2022-09-15 00:57:32,134] {dagbag.py:507} INFO - Filling up the DagBag from /home/airflow/.local/lib/python3.7/site-packages/airflow/example_dags/example_nested_branch_dag.py
[2022-09-15 00:57:32,145] {processor.py:651} INFO - DAG(s) dict_keys(['example_nested_branch_dag']) retrieved from /home/airflow/.local/lib/python3.7/site-packages/airflow/example_dags/example_nested_branch_dag.py
[2022-09-15 00:57:32,200] {logging_mixin.py:115} INFO - [2022-09-15 00:57:32,199] {dag.py:2371} INFO - Sync 1 DAGs
[2022-09-15 00:57:32,242] {logging_mixin.py:115} INFO - [2022-09-15 00:57:32,242] {dag.py:2919} INFO - Setting next_dagrun for example_nested_branch_dag to 2022-09-14T00:00:00+00:00, run_after=2022-09-15T00:00:00+00:00
[2022-09-15 00:57:32,263] {processor.py:161} INFO - Processing /home/airflow/.local/lib/python3.7/site-packages/airflow/example_dags/example_nested_branch_dag.py took 0.135 seconds
[2022-09-15 00:58:03,566] {processor.py:153} INFO - Started process (PID=96487) to work on /home/airflow/.local/lib/python3.7/site-packages/airflow/example_dags/example_nested_branch_dag.py
[2022-09-15 00:58:03,569] {processor.py:641} INFO - Processing file /home/airflow/.local/lib/python3.7/site-packages/airflow/example_dags/example_nested_branch_dag.py for tasks to queue
[2022-09-15 00:58:03,574] {logging_mixin.py:115} INFO - [2022-09-15 00:58:03,573] {dagbag.py:507} INFO - Filling up the DagBag from /home/airflow/.local/lib/python3.7/site-packages/airflow/example_dags/example_nested_branch_dag.py
[2022-09-15 00:58:03,603] {processor.py:651} INFO - DAG(s) dict_keys(['example_nested_branch_dag']) retrieved from /home/airflow/.local/lib/python3.7/site-packages/airflow/example_dags/example_nested_branch_dag.py
[2022-09-15 00:58:03,662] {logging_mixin.py:115} INFO - [2022-09-15 00:58:03,661] {dag.py:2371} INFO - Sync 1 DAGs
[2022-09-15 00:58:03,719] {logging_mixin.py:115} INFO - [2022-09-15 00:58:03,719] {dag.py:2919} INFO - Setting next_dagrun for example_nested_branch_dag to 2022-09-14T00:00:00+00:00, run_after=2022-09-15T00:00:00+00:00
[2022-09-15 00:58:03,747] {processor.py:161} INFO - Processing /home/airflow/.local/lib/python3.7/site-packages/airflow/example_dags/example_nested_branch_dag.py took 0.194 seconds
[2022-09-15 00:58:34,732] {processor.py:153} INFO - Started process (PID=96545) to work on /home/airflow/.local/lib/python3.7/site-packages/airflow/example_dags/example_nested_branch_dag.py
[2022-09-15 00:58:34,735] {processor.py:641} INFO - Processing file /home/airflow/.local/lib/python3.7/site-packages/airflow/example_dags/example_nested_branch_dag.py for tasks to queue
[2022-09-15 00:58:34,737] {logging_mixin.py:115} INFO - [2022-09-15 00:58:34,736] {dagbag.py:507} INFO - Filling up the DagBag from /home/airflow/.local/lib/python3.7/site-packages/airflow/example_dags/example_nested_branch_dag.py
[2022-09-15 00:58:34,764] {processor.py:651} INFO - DAG(s) dict_keys(['example_nested_branch_dag']) retrieved from /home/airflow/.local/lib/python3.7/site-packages/airflow/example_dags/example_nested_branch_dag.py
[2022-09-15 00:58:34,833] {logging_mixin.py:115} INFO - [2022-09-15 00:58:34,833] {dag.py:2371} INFO - Sync 1 DAGs
[2022-09-15 00:58:34,905] {logging_mixin.py:115} INFO - [2022-09-15 00:58:34,905] {dag.py:2919} INFO - Setting next_dagrun for example_nested_branch_dag to 2022-09-14T00:00:00+00:00, run_after=2022-09-15T00:00:00+00:00
[2022-09-15 00:58:34,934] {processor.py:161} INFO - Processing /home/airflow/.local/lib/python3.7/site-packages/airflow/example_dags/example_nested_branch_dag.py took 0.209 seconds
[2022-09-15 00:59:05,796] {processor.py:153} INFO - Started process (PID=96612) to work on /home/airflow/.local/lib/python3.7/site-packages/airflow/example_dags/example_nested_branch_dag.py
[2022-09-15 00:59:05,798] {processor.py:641} INFO - Processing file /home/airflow/.local/lib/python3.7/site-packages/airflow/example_dags/example_nested_branch_dag.py for tasks to queue
[2022-09-15 00:59:05,799] {logging_mixin.py:115} INFO - [2022-09-15 00:59:05,799] {dagbag.py:507} INFO - Filling up the DagBag from /home/airflow/.local/lib/python3.7/site-packages/airflow/example_dags/example_nested_branch_dag.py
[2022-09-15 00:59:05,814] {processor.py:651} INFO - DAG(s) dict_keys(['example_nested_branch_dag']) retrieved from /home/airflow/.local/lib/python3.7/site-packages/airflow/example_dags/example_nested_branch_dag.py
[2022-09-15 00:59:05,848] {logging_mixin.py:115} INFO - [2022-09-15 00:59:05,848] {dag.py:2371} INFO - Sync 1 DAGs
[2022-09-15 00:59:05,879] {logging_mixin.py:115} INFO - [2022-09-15 00:59:05,879] {dag.py:2919} INFO - Setting next_dagrun for example_nested_branch_dag to 2022-09-14T00:00:00+00:00, run_after=2022-09-15T00:00:00+00:00
[2022-09-15 00:59:05,894] {processor.py:161} INFO - Processing /home/airflow/.local/lib/python3.7/site-packages/airflow/example_dags/example_nested_branch_dag.py took 0.101 seconds
[2022-09-15 00:59:36,770] {processor.py:153} INFO - Started process (PID=96669) to work on /home/airflow/.local/lib/python3.7/site-packages/airflow/example_dags/example_nested_branch_dag.py
[2022-09-15 00:59:36,771] {processor.py:641} INFO - Processing file /home/airflow/.local/lib/python3.7/site-packages/airflow/example_dags/example_nested_branch_dag.py for tasks to queue
[2022-09-15 00:59:36,773] {logging_mixin.py:115} INFO - [2022-09-15 00:59:36,773] {dagbag.py:507} INFO - Filling up the DagBag from /home/airflow/.local/lib/python3.7/site-packages/airflow/example_dags/example_nested_branch_dag.py
[2022-09-15 00:59:36,785] {processor.py:651} INFO - DAG(s) dict_keys(['example_nested_branch_dag']) retrieved from /home/airflow/.local/lib/python3.7/site-packages/airflow/example_dags/example_nested_branch_dag.py
[2022-09-15 00:59:36,825] {logging_mixin.py:115} INFO - [2022-09-15 00:59:36,824] {dag.py:2371} INFO - Sync 1 DAGs
[2022-09-15 00:59:36,862] {logging_mixin.py:115} INFO - [2022-09-15 00:59:36,862] {dag.py:2919} INFO - Setting next_dagrun for example_nested_branch_dag to 2022-09-14T00:00:00+00:00, run_after=2022-09-15T00:00:00+00:00
[2022-09-15 00:59:36,880] {processor.py:161} INFO - Processing /home/airflow/.local/lib/python3.7/site-packages/airflow/example_dags/example_nested_branch_dag.py took 0.114 seconds
[2022-09-15 01:00:07,383] {processor.py:153} INFO - Started process (PID=96735) to work on /home/airflow/.local/lib/python3.7/site-packages/airflow/example_dags/example_nested_branch_dag.py
[2022-09-15 01:00:07,384] {processor.py:641} INFO - Processing file /home/airflow/.local/lib/python3.7/site-packages/airflow/example_dags/example_nested_branch_dag.py for tasks to queue
[2022-09-15 01:00:07,386] {logging_mixin.py:115} INFO - [2022-09-15 01:00:07,385] {dagbag.py:507} INFO - Filling up the DagBag from /home/airflow/.local/lib/python3.7/site-packages/airflow/example_dags/example_nested_branch_dag.py
[2022-09-15 01:00:07,400] {processor.py:651} INFO - DAG(s) dict_keys(['example_nested_branch_dag']) retrieved from /home/airflow/.local/lib/python3.7/site-packages/airflow/example_dags/example_nested_branch_dag.py
[2022-09-15 01:00:07,438] {logging_mixin.py:115} INFO - [2022-09-15 01:00:07,438] {dag.py:2371} INFO - Sync 1 DAGs
[2022-09-15 01:00:07,477] {logging_mixin.py:115} INFO - [2022-09-15 01:00:07,477] {dag.py:2919} INFO - Setting next_dagrun for example_nested_branch_dag to 2022-09-14T00:00:00+00:00, run_after=2022-09-15T00:00:00+00:00
[2022-09-15 01:00:07,496] {processor.py:161} INFO - Processing /home/airflow/.local/lib/python3.7/site-packages/airflow/example_dags/example_nested_branch_dag.py took 0.121 seconds
[2022-09-15 01:00:37,958] {processor.py:153} INFO - Started process (PID=96800) to work on /home/airflow/.local/lib/python3.7/site-packages/airflow/example_dags/example_nested_branch_dag.py
[2022-09-15 01:00:37,960] {processor.py:641} INFO - Processing file /home/airflow/.local/lib/python3.7/site-packages/airflow/example_dags/example_nested_branch_dag.py for tasks to queue
[2022-09-15 01:00:37,961] {logging_mixin.py:115} INFO - [2022-09-15 01:00:37,961] {dagbag.py:507} INFO - Filling up the DagBag from /home/airflow/.local/lib/python3.7/site-packages/airflow/example_dags/example_nested_branch_dag.py
[2022-09-15 01:00:37,974] {processor.py:651} INFO - DAG(s) dict_keys(['example_nested_branch_dag']) retrieved from /home/airflow/.local/lib/python3.7/site-packages/airflow/example_dags/example_nested_branch_dag.py
[2022-09-15 01:00:38,011] {logging_mixin.py:115} INFO - [2022-09-15 01:00:38,011] {dag.py:2371} INFO - Sync 1 DAGs
[2022-09-15 01:00:38,042] {logging_mixin.py:115} INFO - [2022-09-15 01:00:38,042] {dag.py:2919} INFO - Setting next_dagrun for example_nested_branch_dag to 2022-09-14T00:00:00+00:00, run_after=2022-09-15T00:00:00+00:00
[2022-09-15 01:00:38,055] {processor.py:161} INFO - Processing /home/airflow/.local/lib/python3.7/site-packages/airflow/example_dags/example_nested_branch_dag.py took 0.101 seconds
[2022-09-15 01:01:09,413] {processor.py:153} INFO - Started process (PID=96858) to work on /home/airflow/.local/lib/python3.7/site-packages/airflow/example_dags/example_nested_branch_dag.py
[2022-09-15 01:01:09,415] {processor.py:641} INFO - Processing file /home/airflow/.local/lib/python3.7/site-packages/airflow/example_dags/example_nested_branch_dag.py for tasks to queue
[2022-09-15 01:01:09,418] {logging_mixin.py:115} INFO - [2022-09-15 01:01:09,418] {dagbag.py:507} INFO - Filling up the DagBag from /home/airflow/.local/lib/python3.7/site-packages/airflow/example_dags/example_nested_branch_dag.py
[2022-09-15 01:01:09,442] {processor.py:651} INFO - DAG(s) dict_keys(['example_nested_branch_dag']) retrieved from /home/airflow/.local/lib/python3.7/site-packages/airflow/example_dags/example_nested_branch_dag.py
[2022-09-15 01:01:09,493] {logging_mixin.py:115} INFO - [2022-09-15 01:01:09,493] {dag.py:2371} INFO - Sync 1 DAGs
[2022-09-15 01:01:09,554] {logging_mixin.py:115} INFO - [2022-09-15 01:01:09,554] {dag.py:2919} INFO - Setting next_dagrun for example_nested_branch_dag to 2022-09-14T00:00:00+00:00, run_after=2022-09-15T00:00:00+00:00
[2022-09-15 01:01:09,577] {processor.py:161} INFO - Processing /home/airflow/.local/lib/python3.7/site-packages/airflow/example_dags/example_nested_branch_dag.py took 0.176 seconds
[2022-09-15 01:01:40,315] {processor.py:153} INFO - Started process (PID=96926) to work on /home/airflow/.local/lib/python3.7/site-packages/airflow/example_dags/example_nested_branch_dag.py
[2022-09-15 01:01:40,317] {processor.py:641} INFO - Processing file /home/airflow/.local/lib/python3.7/site-packages/airflow/example_dags/example_nested_branch_dag.py for tasks to queue
[2022-09-15 01:01:40,318] {logging_mixin.py:115} INFO - [2022-09-15 01:01:40,318] {dagbag.py:507} INFO - Filling up the DagBag from /home/airflow/.local/lib/python3.7/site-packages/airflow/example_dags/example_nested_branch_dag.py
[2022-09-15 01:01:40,333] {processor.py:651} INFO - DAG(s) dict_keys(['example_nested_branch_dag']) retrieved from /home/airflow/.local/lib/python3.7/site-packages/airflow/example_dags/example_nested_branch_dag.py
[2022-09-15 01:01:40,370] {logging_mixin.py:115} INFO - [2022-09-15 01:01:40,370] {dag.py:2371} INFO - Sync 1 DAGs
[2022-09-15 01:01:40,401] {logging_mixin.py:115} INFO - [2022-09-15 01:01:40,400] {dag.py:2919} INFO - Setting next_dagrun for example_nested_branch_dag to 2022-09-14T00:00:00+00:00, run_after=2022-09-15T00:00:00+00:00
[2022-09-15 01:01:40,416] {processor.py:161} INFO - Processing /home/airflow/.local/lib/python3.7/site-packages/airflow/example_dags/example_nested_branch_dag.py took 0.105 seconds
[2022-09-15 01:02:11,455] {processor.py:153} INFO - Started process (PID=96994) to work on /home/airflow/.local/lib/python3.7/site-packages/airflow/example_dags/example_nested_branch_dag.py
[2022-09-15 01:02:11,457] {processor.py:641} INFO - Processing file /home/airflow/.local/lib/python3.7/site-packages/airflow/example_dags/example_nested_branch_dag.py for tasks to queue
[2022-09-15 01:02:11,459] {logging_mixin.py:115} INFO - [2022-09-15 01:02:11,459] {dagbag.py:507} INFO - Filling up the DagBag from /home/airflow/.local/lib/python3.7/site-packages/airflow/example_dags/example_nested_branch_dag.py
[2022-09-15 01:02:11,478] {processor.py:651} INFO - DAG(s) dict_keys(['example_nested_branch_dag']) retrieved from /home/airflow/.local/lib/python3.7/site-packages/airflow/example_dags/example_nested_branch_dag.py
[2022-09-15 01:02:11,516] {logging_mixin.py:115} INFO - [2022-09-15 01:02:11,516] {dag.py:2371} INFO - Sync 1 DAGs
[2022-09-15 01:02:11,558] {logging_mixin.py:115} INFO - [2022-09-15 01:02:11,558] {dag.py:2919} INFO - Setting next_dagrun for example_nested_branch_dag to 2022-09-14T00:00:00+00:00, run_after=2022-09-15T00:00:00+00:00
[2022-09-15 01:02:11,580] {processor.py:161} INFO - Processing /home/airflow/.local/lib/python3.7/site-packages/airflow/example_dags/example_nested_branch_dag.py took 0.129 seconds
[2022-09-15 01:02:42,222] {processor.py:153} INFO - Started process (PID=97053) to work on /home/airflow/.local/lib/python3.7/site-packages/airflow/example_dags/example_nested_branch_dag.py
[2022-09-15 01:02:42,224] {processor.py:641} INFO - Processing file /home/airflow/.local/lib/python3.7/site-packages/airflow/example_dags/example_nested_branch_dag.py for tasks to queue
[2022-09-15 01:02:42,225] {logging_mixin.py:115} INFO - [2022-09-15 01:02:42,225] {dagbag.py:507} INFO - Filling up the DagBag from /home/airflow/.local/lib/python3.7/site-packages/airflow/example_dags/example_nested_branch_dag.py
[2022-09-15 01:02:42,237] {processor.py:651} INFO - DAG(s) dict_keys(['example_nested_branch_dag']) retrieved from /home/airflow/.local/lib/python3.7/site-packages/airflow/example_dags/example_nested_branch_dag.py
[2022-09-15 01:02:42,274] {logging_mixin.py:115} INFO - [2022-09-15 01:02:42,274] {dag.py:2371} INFO - Sync 1 DAGs
[2022-09-15 01:02:42,304] {logging_mixin.py:115} INFO - [2022-09-15 01:02:42,304] {dag.py:2919} INFO - Setting next_dagrun for example_nested_branch_dag to 2022-09-14T00:00:00+00:00, run_after=2022-09-15T00:00:00+00:00
[2022-09-15 01:02:42,319] {processor.py:161} INFO - Processing /home/airflow/.local/lib/python3.7/site-packages/airflow/example_dags/example_nested_branch_dag.py took 0.101 seconds
[2022-09-15 01:03:13,632] {processor.py:153} INFO - Started process (PID=97121) to work on /home/airflow/.local/lib/python3.7/site-packages/airflow/example_dags/example_nested_branch_dag.py
[2022-09-15 01:03:13,635] {processor.py:641} INFO - Processing file /home/airflow/.local/lib/python3.7/site-packages/airflow/example_dags/example_nested_branch_dag.py for tasks to queue
[2022-09-15 01:03:13,637] {logging_mixin.py:115} INFO - [2022-09-15 01:03:13,637] {dagbag.py:507} INFO - Filling up the DagBag from /home/airflow/.local/lib/python3.7/site-packages/airflow/example_dags/example_nested_branch_dag.py
[2022-09-15 01:03:13,654] {processor.py:651} INFO - DAG(s) dict_keys(['example_nested_branch_dag']) retrieved from /home/airflow/.local/lib/python3.7/site-packages/airflow/example_dags/example_nested_branch_dag.py
[2022-09-15 01:03:13,702] {logging_mixin.py:115} INFO - [2022-09-15 01:03:13,701] {dag.py:2371} INFO - Sync 1 DAGs
[2022-09-15 01:03:13,753] {logging_mixin.py:115} INFO - [2022-09-15 01:03:13,753] {dag.py:2919} INFO - Setting next_dagrun for example_nested_branch_dag to 2022-09-14T00:00:00+00:00, run_after=2022-09-15T00:00:00+00:00
[2022-09-15 01:03:13,774] {processor.py:161} INFO - Processing /home/airflow/.local/lib/python3.7/site-packages/airflow/example_dags/example_nested_branch_dag.py took 0.149 seconds
[2022-09-15 01:03:44,216] {processor.py:153} INFO - Started process (PID=97182) to work on /home/airflow/.local/lib/python3.7/site-packages/airflow/example_dags/example_nested_branch_dag.py
[2022-09-15 01:03:44,232] {processor.py:641} INFO - Processing file /home/airflow/.local/lib/python3.7/site-packages/airflow/example_dags/example_nested_branch_dag.py for tasks to queue
[2022-09-15 01:03:44,236] {logging_mixin.py:115} INFO - [2022-09-15 01:03:44,236] {dagbag.py:507} INFO - Filling up the DagBag from /home/airflow/.local/lib/python3.7/site-packages/airflow/example_dags/example_nested_branch_dag.py
[2022-09-15 01:03:44,255] {processor.py:651} INFO - DAG(s) dict_keys(['example_nested_branch_dag']) retrieved from /home/airflow/.local/lib/python3.7/site-packages/airflow/example_dags/example_nested_branch_dag.py
[2022-09-15 01:03:44,303] {logging_mixin.py:115} INFO - [2022-09-15 01:03:44,302] {dag.py:2371} INFO - Sync 1 DAGs
[2022-09-15 01:03:44,344] {logging_mixin.py:115} INFO - [2022-09-15 01:03:44,344] {dag.py:2919} INFO - Setting next_dagrun for example_nested_branch_dag to 2022-09-14T00:00:00+00:00, run_after=2022-09-15T00:00:00+00:00
[2022-09-15 01:03:44,368] {processor.py:161} INFO - Processing /home/airflow/.local/lib/python3.7/site-packages/airflow/example_dags/example_nested_branch_dag.py took 0.156 seconds
[2022-09-15 01:04:15,382] {processor.py:153} INFO - Started process (PID=97249) to work on /home/airflow/.local/lib/python3.7/site-packages/airflow/example_dags/example_nested_branch_dag.py
[2022-09-15 01:04:15,383] {processor.py:641} INFO - Processing file /home/airflow/.local/lib/python3.7/site-packages/airflow/example_dags/example_nested_branch_dag.py for tasks to queue
[2022-09-15 01:04:15,385] {logging_mixin.py:115} INFO - [2022-09-15 01:04:15,385] {dagbag.py:507} INFO - Filling up the DagBag from /home/airflow/.local/lib/python3.7/site-packages/airflow/example_dags/example_nested_branch_dag.py
[2022-09-15 01:04:15,398] {processor.py:651} INFO - DAG(s) dict_keys(['example_nested_branch_dag']) retrieved from /home/airflow/.local/lib/python3.7/site-packages/airflow/example_dags/example_nested_branch_dag.py
[2022-09-15 01:04:15,428] {logging_mixin.py:115} INFO - [2022-09-15 01:04:15,428] {dag.py:2371} INFO - Sync 1 DAGs
[2022-09-15 01:04:15,459] {logging_mixin.py:115} INFO - [2022-09-15 01:04:15,459] {dag.py:2919} INFO - Setting next_dagrun for example_nested_branch_dag to 2022-09-14T00:00:00+00:00, run_after=2022-09-15T00:00:00+00:00
[2022-09-15 01:04:15,478] {processor.py:161} INFO - Processing /home/airflow/.local/lib/python3.7/site-packages/airflow/example_dags/example_nested_branch_dag.py took 0.100 seconds
[2022-09-15 01:04:46,535] {processor.py:153} INFO - Started process (PID=97316) to work on /home/airflow/.local/lib/python3.7/site-packages/airflow/example_dags/example_nested_branch_dag.py
[2022-09-15 01:04:46,537] {processor.py:641} INFO - Processing file /home/airflow/.local/lib/python3.7/site-packages/airflow/example_dags/example_nested_branch_dag.py for tasks to queue
[2022-09-15 01:04:46,539] {logging_mixin.py:115} INFO - [2022-09-15 01:04:46,539] {dagbag.py:507} INFO - Filling up the DagBag from /home/airflow/.local/lib/python3.7/site-packages/airflow/example_dags/example_nested_branch_dag.py
[2022-09-15 01:04:46,561] {processor.py:651} INFO - DAG(s) dict_keys(['example_nested_branch_dag']) retrieved from /home/airflow/.local/lib/python3.7/site-packages/airflow/example_dags/example_nested_branch_dag.py
[2022-09-15 01:04:46,611] {logging_mixin.py:115} INFO - [2022-09-15 01:04:46,611] {dag.py:2371} INFO - Sync 1 DAGs
[2022-09-15 01:04:46,638] {logging_mixin.py:115} INFO - [2022-09-15 01:04:46,638] {dag.py:2919} INFO - Setting next_dagrun for example_nested_branch_dag to 2022-09-14T00:00:00+00:00, run_after=2022-09-15T00:00:00+00:00
[2022-09-15 01:04:46,660] {processor.py:161} INFO - Processing /home/airflow/.local/lib/python3.7/site-packages/airflow/example_dags/example_nested_branch_dag.py took 0.133 seconds
