[2022-09-15 00:41:10,472] {processor.py:153} INFO - Started process (PID=94369) to work on /home/airflow/.local/lib/python3.7/site-packages/airflow/example_dags/example_complex.py
[2022-09-15 00:41:10,477] {processor.py:641} INFO - Processing file /home/airflow/.local/lib/python3.7/site-packages/airflow/example_dags/example_complex.py for tasks to queue
[2022-09-15 00:41:10,480] {logging_mixin.py:115} INFO - [2022-09-15 00:41:10,479] {dagbag.py:507} INFO - Filling up the DagBag from /home/airflow/.local/lib/python3.7/site-packages/airflow/example_dags/example_complex.py
[2022-09-15 00:41:10,518] {processor.py:651} INFO - DAG(s) dict_keys(['example_complex']) retrieved from /home/airflow/.local/lib/python3.7/site-packages/airflow/example_dags/example_complex.py
[2022-09-15 00:41:10,659] {logging_mixin.py:115} INFO - [2022-09-15 00:41:10,659] {dag.py:2371} INFO - Sync 1 DAGs
[2022-09-15 00:41:10,764] {logging_mixin.py:115} INFO - [2022-09-15 00:41:10,764] {dag.py:2919} INFO - Setting next_dagrun for example_complex to None, run_after=None
[2022-09-15 00:41:10,833] {processor.py:161} INFO - Processing /home/airflow/.local/lib/python3.7/site-packages/airflow/example_dags/example_complex.py took 0.367 seconds
[2022-09-15 00:41:41,332] {processor.py:153} INFO - Started process (PID=94436) to work on /home/airflow/.local/lib/python3.7/site-packages/airflow/example_dags/example_complex.py
[2022-09-15 00:41:41,333] {processor.py:641} INFO - Processing file /home/airflow/.local/lib/python3.7/site-packages/airflow/example_dags/example_complex.py for tasks to queue
[2022-09-15 00:41:41,335] {logging_mixin.py:115} INFO - [2022-09-15 00:41:41,335] {dagbag.py:507} INFO - Filling up the DagBag from /home/airflow/.local/lib/python3.7/site-packages/airflow/example_dags/example_complex.py
[2022-09-15 00:41:41,362] {processor.py:651} INFO - DAG(s) dict_keys(['example_complex']) retrieved from /home/airflow/.local/lib/python3.7/site-packages/airflow/example_dags/example_complex.py
[2022-09-15 00:41:41,422] {logging_mixin.py:115} INFO - [2022-09-15 00:41:41,421] {dag.py:2371} INFO - Sync 1 DAGs
[2022-09-15 00:41:41,465] {logging_mixin.py:115} INFO - [2022-09-15 00:41:41,464] {dag.py:2919} INFO - Setting next_dagrun for example_complex to None, run_after=None
[2022-09-15 00:41:41,492] {processor.py:161} INFO - Processing /home/airflow/.local/lib/python3.7/site-packages/airflow/example_dags/example_complex.py took 0.168 seconds
[2022-09-15 00:42:11,591] {processor.py:153} INFO - Started process (PID=94494) to work on /home/airflow/.local/lib/python3.7/site-packages/airflow/example_dags/example_complex.py
[2022-09-15 00:42:11,593] {processor.py:641} INFO - Processing file /home/airflow/.local/lib/python3.7/site-packages/airflow/example_dags/example_complex.py for tasks to queue
[2022-09-15 00:42:11,594] {logging_mixin.py:115} INFO - [2022-09-15 00:42:11,594] {dagbag.py:507} INFO - Filling up the DagBag from /home/airflow/.local/lib/python3.7/site-packages/airflow/example_dags/example_complex.py
[2022-09-15 00:42:11,610] {processor.py:651} INFO - DAG(s) dict_keys(['example_complex']) retrieved from /home/airflow/.local/lib/python3.7/site-packages/airflow/example_dags/example_complex.py
[2022-09-15 00:42:11,645] {logging_mixin.py:115} INFO - [2022-09-15 00:42:11,645] {dag.py:2371} INFO - Sync 1 DAGs
[2022-09-15 00:42:11,669] {logging_mixin.py:115} INFO - [2022-09-15 00:42:11,669] {dag.py:2919} INFO - Setting next_dagrun for example_complex to None, run_after=None
[2022-09-15 00:42:11,683] {processor.py:161} INFO - Processing /home/airflow/.local/lib/python3.7/site-packages/airflow/example_dags/example_complex.py took 0.095 seconds
[2022-09-15 00:42:42,318] {processor.py:153} INFO - Started process (PID=94564) to work on /home/airflow/.local/lib/python3.7/site-packages/airflow/example_dags/example_complex.py
[2022-09-15 00:42:42,319] {processor.py:641} INFO - Processing file /home/airflow/.local/lib/python3.7/site-packages/airflow/example_dags/example_complex.py for tasks to queue
[2022-09-15 00:42:42,321] {logging_mixin.py:115} INFO - [2022-09-15 00:42:42,321] {dagbag.py:507} INFO - Filling up the DagBag from /home/airflow/.local/lib/python3.7/site-packages/airflow/example_dags/example_complex.py
[2022-09-15 00:42:42,342] {processor.py:651} INFO - DAG(s) dict_keys(['example_complex']) retrieved from /home/airflow/.local/lib/python3.7/site-packages/airflow/example_dags/example_complex.py
[2022-09-15 00:42:42,384] {logging_mixin.py:115} INFO - [2022-09-15 00:42:42,383] {dag.py:2371} INFO - Sync 1 DAGs
[2022-09-15 00:42:42,413] {logging_mixin.py:115} INFO - [2022-09-15 00:42:42,413] {dag.py:2919} INFO - Setting next_dagrun for example_complex to None, run_after=None
[2022-09-15 00:42:42,427] {processor.py:161} INFO - Processing /home/airflow/.local/lib/python3.7/site-packages/airflow/example_dags/example_complex.py took 0.113 seconds
[2022-09-15 00:43:12,643] {processor.py:153} INFO - Started process (PID=94621) to work on /home/airflow/.local/lib/python3.7/site-packages/airflow/example_dags/example_complex.py
[2022-09-15 00:43:12,645] {processor.py:641} INFO - Processing file /home/airflow/.local/lib/python3.7/site-packages/airflow/example_dags/example_complex.py for tasks to queue
[2022-09-15 00:43:12,646] {logging_mixin.py:115} INFO - [2022-09-15 00:43:12,646] {dagbag.py:507} INFO - Filling up the DagBag from /home/airflow/.local/lib/python3.7/site-packages/airflow/example_dags/example_complex.py
[2022-09-15 00:43:12,663] {processor.py:651} INFO - DAG(s) dict_keys(['example_complex']) retrieved from /home/airflow/.local/lib/python3.7/site-packages/airflow/example_dags/example_complex.py
[2022-09-15 00:43:12,700] {logging_mixin.py:115} INFO - [2022-09-15 00:43:12,700] {dag.py:2371} INFO - Sync 1 DAGs
[2022-09-15 00:43:12,727] {logging_mixin.py:115} INFO - [2022-09-15 00:43:12,727] {dag.py:2919} INFO - Setting next_dagrun for example_complex to None, run_after=None
[2022-09-15 00:43:12,743] {processor.py:161} INFO - Processing /home/airflow/.local/lib/python3.7/site-packages/airflow/example_dags/example_complex.py took 0.107 seconds
[2022-09-15 00:43:42,946] {processor.py:153} INFO - Started process (PID=94690) to work on /home/airflow/.local/lib/python3.7/site-packages/airflow/example_dags/example_complex.py
[2022-09-15 00:43:42,948] {processor.py:641} INFO - Processing file /home/airflow/.local/lib/python3.7/site-packages/airflow/example_dags/example_complex.py for tasks to queue
[2022-09-15 00:43:42,950] {logging_mixin.py:115} INFO - [2022-09-15 00:43:42,949] {dagbag.py:507} INFO - Filling up the DagBag from /home/airflow/.local/lib/python3.7/site-packages/airflow/example_dags/example_complex.py
[2022-09-15 00:43:42,967] {processor.py:651} INFO - DAG(s) dict_keys(['example_complex']) retrieved from /home/airflow/.local/lib/python3.7/site-packages/airflow/example_dags/example_complex.py
[2022-09-15 00:43:43,008] {logging_mixin.py:115} INFO - [2022-09-15 00:43:43,008] {dag.py:2371} INFO - Sync 1 DAGs
[2022-09-15 00:43:43,035] {logging_mixin.py:115} INFO - [2022-09-15 00:43:43,034] {dag.py:2919} INFO - Setting next_dagrun for example_complex to None, run_after=None
[2022-09-15 00:43:43,050] {processor.py:161} INFO - Processing /home/airflow/.local/lib/python3.7/site-packages/airflow/example_dags/example_complex.py took 0.109 seconds
[2022-09-15 00:44:13,469] {processor.py:153} INFO - Started process (PID=94759) to work on /home/airflow/.local/lib/python3.7/site-packages/airflow/example_dags/example_complex.py
[2022-09-15 00:44:13,472] {processor.py:641} INFO - Processing file /home/airflow/.local/lib/python3.7/site-packages/airflow/example_dags/example_complex.py for tasks to queue
[2022-09-15 00:44:13,476] {logging_mixin.py:115} INFO - [2022-09-15 00:44:13,475] {dagbag.py:507} INFO - Filling up the DagBag from /home/airflow/.local/lib/python3.7/site-packages/airflow/example_dags/example_complex.py
[2022-09-15 00:44:13,509] {processor.py:651} INFO - DAG(s) dict_keys(['example_complex']) retrieved from /home/airflow/.local/lib/python3.7/site-packages/airflow/example_dags/example_complex.py
[2022-09-15 00:44:13,582] {logging_mixin.py:115} INFO - [2022-09-15 00:44:13,582] {dag.py:2371} INFO - Sync 1 DAGs
[2022-09-15 00:44:13,634] {logging_mixin.py:115} INFO - [2022-09-15 00:44:13,634] {dag.py:2919} INFO - Setting next_dagrun for example_complex to None, run_after=None
[2022-09-15 00:44:13,660] {processor.py:161} INFO - Processing /home/airflow/.local/lib/python3.7/site-packages/airflow/example_dags/example_complex.py took 0.200 seconds
[2022-09-15 00:44:43,783] {processor.py:153} INFO - Started process (PID=94815) to work on /home/airflow/.local/lib/python3.7/site-packages/airflow/example_dags/example_complex.py
[2022-09-15 00:44:43,784] {processor.py:641} INFO - Processing file /home/airflow/.local/lib/python3.7/site-packages/airflow/example_dags/example_complex.py for tasks to queue
[2022-09-15 00:44:43,786] {logging_mixin.py:115} INFO - [2022-09-15 00:44:43,785] {dagbag.py:507} INFO - Filling up the DagBag from /home/airflow/.local/lib/python3.7/site-packages/airflow/example_dags/example_complex.py
[2022-09-15 00:44:43,800] {processor.py:651} INFO - DAG(s) dict_keys(['example_complex']) retrieved from /home/airflow/.local/lib/python3.7/site-packages/airflow/example_dags/example_complex.py
[2022-09-15 00:44:43,842] {logging_mixin.py:115} INFO - [2022-09-15 00:44:43,842] {dag.py:2371} INFO - Sync 1 DAGs
[2022-09-15 00:44:43,866] {logging_mixin.py:115} INFO - [2022-09-15 00:44:43,866] {dag.py:2919} INFO - Setting next_dagrun for example_complex to None, run_after=None
[2022-09-15 00:44:43,880] {processor.py:161} INFO - Processing /home/airflow/.local/lib/python3.7/site-packages/airflow/example_dags/example_complex.py took 0.101 seconds
[2022-09-15 00:45:14,812] {processor.py:153} INFO - Started process (PID=94882) to work on /home/airflow/.local/lib/python3.7/site-packages/airflow/example_dags/example_complex.py
[2022-09-15 00:45:14,814] {processor.py:641} INFO - Processing file /home/airflow/.local/lib/python3.7/site-packages/airflow/example_dags/example_complex.py for tasks to queue
[2022-09-15 00:45:14,816] {logging_mixin.py:115} INFO - [2022-09-15 00:45:14,815] {dagbag.py:507} INFO - Filling up the DagBag from /home/airflow/.local/lib/python3.7/site-packages/airflow/example_dags/example_complex.py
[2022-09-15 00:45:14,841] {processor.py:651} INFO - DAG(s) dict_keys(['example_complex']) retrieved from /home/airflow/.local/lib/python3.7/site-packages/airflow/example_dags/example_complex.py
[2022-09-15 00:45:14,905] {logging_mixin.py:115} INFO - [2022-09-15 00:45:14,905] {dag.py:2371} INFO - Sync 1 DAGs
[2022-09-15 00:45:14,937] {logging_mixin.py:115} INFO - [2022-09-15 00:45:14,937] {dag.py:2919} INFO - Setting next_dagrun for example_complex to None, run_after=None
[2022-09-15 00:45:14,955] {processor.py:161} INFO - Processing /home/airflow/.local/lib/python3.7/site-packages/airflow/example_dags/example_complex.py took 0.147 seconds
[2022-09-15 00:45:45,849] {processor.py:153} INFO - Started process (PID=94949) to work on /home/airflow/.local/lib/python3.7/site-packages/airflow/example_dags/example_complex.py
[2022-09-15 00:45:45,851] {processor.py:641} INFO - Processing file /home/airflow/.local/lib/python3.7/site-packages/airflow/example_dags/example_complex.py for tasks to queue
[2022-09-15 00:45:45,853] {logging_mixin.py:115} INFO - [2022-09-15 00:45:45,853] {dagbag.py:507} INFO - Filling up the DagBag from /home/airflow/.local/lib/python3.7/site-packages/airflow/example_dags/example_complex.py
[2022-09-15 00:45:45,879] {processor.py:651} INFO - DAG(s) dict_keys(['example_complex']) retrieved from /home/airflow/.local/lib/python3.7/site-packages/airflow/example_dags/example_complex.py
[2022-09-15 00:45:45,940] {logging_mixin.py:115} INFO - [2022-09-15 00:45:45,940] {dag.py:2371} INFO - Sync 1 DAGs
[2022-09-15 00:45:45,986] {logging_mixin.py:115} INFO - [2022-09-15 00:45:45,986] {dag.py:2919} INFO - Setting next_dagrun for example_complex to None, run_after=None
[2022-09-15 00:45:46,005] {processor.py:161} INFO - Processing /home/airflow/.local/lib/python3.7/site-packages/airflow/example_dags/example_complex.py took 0.162 seconds
[2022-09-15 00:46:16,047] {processor.py:153} INFO - Started process (PID=95011) to work on /home/airflow/.local/lib/python3.7/site-packages/airflow/example_dags/example_complex.py
[2022-09-15 00:46:16,051] {processor.py:641} INFO - Processing file /home/airflow/.local/lib/python3.7/site-packages/airflow/example_dags/example_complex.py for tasks to queue
[2022-09-15 00:46:16,053] {logging_mixin.py:115} INFO - [2022-09-15 00:46:16,053] {dagbag.py:507} INFO - Filling up the DagBag from /home/airflow/.local/lib/python3.7/site-packages/airflow/example_dags/example_complex.py
[2022-09-15 00:46:16,073] {processor.py:651} INFO - DAG(s) dict_keys(['example_complex']) retrieved from /home/airflow/.local/lib/python3.7/site-packages/airflow/example_dags/example_complex.py
[2022-09-15 00:46:16,122] {logging_mixin.py:115} INFO - [2022-09-15 00:46:16,122] {dag.py:2371} INFO - Sync 1 DAGs
[2022-09-15 00:46:16,157] {logging_mixin.py:115} INFO - [2022-09-15 00:46:16,157] {dag.py:2919} INFO - Setting next_dagrun for example_complex to None, run_after=None
[2022-09-15 00:46:16,177] {processor.py:161} INFO - Processing /home/airflow/.local/lib/python3.7/site-packages/airflow/example_dags/example_complex.py took 0.133 seconds
[2022-09-15 00:46:46,671] {processor.py:153} INFO - Started process (PID=95080) to work on /home/airflow/.local/lib/python3.7/site-packages/airflow/example_dags/example_complex.py
[2022-09-15 00:46:46,673] {processor.py:641} INFO - Processing file /home/airflow/.local/lib/python3.7/site-packages/airflow/example_dags/example_complex.py for tasks to queue
[2022-09-15 00:46:46,674] {logging_mixin.py:115} INFO - [2022-09-15 00:46:46,674] {dagbag.py:507} INFO - Filling up the DagBag from /home/airflow/.local/lib/python3.7/site-packages/airflow/example_dags/example_complex.py
[2022-09-15 00:46:46,691] {processor.py:651} INFO - DAG(s) dict_keys(['example_complex']) retrieved from /home/airflow/.local/lib/python3.7/site-packages/airflow/example_dags/example_complex.py
[2022-09-15 00:46:46,733] {logging_mixin.py:115} INFO - [2022-09-15 00:46:46,733] {dag.py:2371} INFO - Sync 1 DAGs
[2022-09-15 00:46:46,756] {logging_mixin.py:115} INFO - [2022-09-15 00:46:46,756] {dag.py:2919} INFO - Setting next_dagrun for example_complex to None, run_after=None
[2022-09-15 00:46:46,769] {processor.py:161} INFO - Processing /home/airflow/.local/lib/python3.7/site-packages/airflow/example_dags/example_complex.py took 0.102 seconds
[2022-09-15 00:47:17,833] {processor.py:153} INFO - Started process (PID=95138) to work on /home/airflow/.local/lib/python3.7/site-packages/airflow/example_dags/example_complex.py
[2022-09-15 00:47:17,836] {processor.py:641} INFO - Processing file /home/airflow/.local/lib/python3.7/site-packages/airflow/example_dags/example_complex.py for tasks to queue
[2022-09-15 00:47:17,843] {logging_mixin.py:115} INFO - [2022-09-15 00:47:17,843] {dagbag.py:507} INFO - Filling up the DagBag from /home/airflow/.local/lib/python3.7/site-packages/airflow/example_dags/example_complex.py
[2022-09-15 00:47:17,876] {processor.py:651} INFO - DAG(s) dict_keys(['example_complex']) retrieved from /home/airflow/.local/lib/python3.7/site-packages/airflow/example_dags/example_complex.py
[2022-09-15 00:47:17,932] {logging_mixin.py:115} INFO - [2022-09-15 00:47:17,932] {dag.py:2371} INFO - Sync 1 DAGs
[2022-09-15 00:47:17,970] {logging_mixin.py:115} INFO - [2022-09-15 00:47:17,970] {dag.py:2919} INFO - Setting next_dagrun for example_complex to None, run_after=None
[2022-09-15 00:47:17,999] {processor.py:161} INFO - Processing /home/airflow/.local/lib/python3.7/site-packages/airflow/example_dags/example_complex.py took 0.182 seconds
[2022-09-15 00:47:48,650] {processor.py:153} INFO - Started process (PID=95203) to work on /home/airflow/.local/lib/python3.7/site-packages/airflow/example_dags/example_complex.py
[2022-09-15 00:47:48,656] {processor.py:641} INFO - Processing file /home/airflow/.local/lib/python3.7/site-packages/airflow/example_dags/example_complex.py for tasks to queue
[2022-09-15 00:47:48,657] {logging_mixin.py:115} INFO - [2022-09-15 00:47:48,657] {dagbag.py:507} INFO - Filling up the DagBag from /home/airflow/.local/lib/python3.7/site-packages/airflow/example_dags/example_complex.py
[2022-09-15 00:47:48,674] {processor.py:651} INFO - DAG(s) dict_keys(['example_complex']) retrieved from /home/airflow/.local/lib/python3.7/site-packages/airflow/example_dags/example_complex.py
[2022-09-15 00:47:48,723] {logging_mixin.py:115} INFO - [2022-09-15 00:47:48,723] {dag.py:2371} INFO - Sync 1 DAGs
[2022-09-15 00:47:48,750] {logging_mixin.py:115} INFO - [2022-09-15 00:47:48,749] {dag.py:2919} INFO - Setting next_dagrun for example_complex to None, run_after=None
[2022-09-15 00:47:48,764] {processor.py:161} INFO - Processing /home/airflow/.local/lib/python3.7/site-packages/airflow/example_dags/example_complex.py took 0.120 seconds
[2022-09-15 00:48:19,562] {processor.py:153} INFO - Started process (PID=95269) to work on /home/airflow/.local/lib/python3.7/site-packages/airflow/example_dags/example_complex.py
[2022-09-15 00:48:19,564] {processor.py:641} INFO - Processing file /home/airflow/.local/lib/python3.7/site-packages/airflow/example_dags/example_complex.py for tasks to queue
[2022-09-15 00:48:19,566] {logging_mixin.py:115} INFO - [2022-09-15 00:48:19,566] {dagbag.py:507} INFO - Filling up the DagBag from /home/airflow/.local/lib/python3.7/site-packages/airflow/example_dags/example_complex.py
[2022-09-15 00:48:19,583] {processor.py:651} INFO - DAG(s) dict_keys(['example_complex']) retrieved from /home/airflow/.local/lib/python3.7/site-packages/airflow/example_dags/example_complex.py
[2022-09-15 00:48:19,619] {logging_mixin.py:115} INFO - [2022-09-15 00:48:19,618] {dag.py:2371} INFO - Sync 1 DAGs
[2022-09-15 00:48:19,642] {logging_mixin.py:115} INFO - [2022-09-15 00:48:19,642] {dag.py:2919} INFO - Setting next_dagrun for example_complex to None, run_after=None
[2022-09-15 00:48:19,655] {processor.py:161} INFO - Processing /home/airflow/.local/lib/python3.7/site-packages/airflow/example_dags/example_complex.py took 0.096 seconds
[2022-09-15 00:48:50,151] {processor.py:153} INFO - Started process (PID=95328) to work on /home/airflow/.local/lib/python3.7/site-packages/airflow/example_dags/example_complex.py
[2022-09-15 00:48:50,153] {processor.py:641} INFO - Processing file /home/airflow/.local/lib/python3.7/site-packages/airflow/example_dags/example_complex.py for tasks to queue
[2022-09-15 00:48:50,154] {logging_mixin.py:115} INFO - [2022-09-15 00:48:50,154] {dagbag.py:507} INFO - Filling up the DagBag from /home/airflow/.local/lib/python3.7/site-packages/airflow/example_dags/example_complex.py
[2022-09-15 00:48:50,179] {processor.py:651} INFO - DAG(s) dict_keys(['example_complex']) retrieved from /home/airflow/.local/lib/python3.7/site-packages/airflow/example_dags/example_complex.py
[2022-09-15 00:48:50,235] {logging_mixin.py:115} INFO - [2022-09-15 00:48:50,235] {dag.py:2371} INFO - Sync 1 DAGs
[2022-09-15 00:48:50,280] {logging_mixin.py:115} INFO - [2022-09-15 00:48:50,280] {dag.py:2919} INFO - Setting next_dagrun for example_complex to None, run_after=None
[2022-09-15 00:48:50,298] {processor.py:161} INFO - Processing /home/airflow/.local/lib/python3.7/site-packages/airflow/example_dags/example_complex.py took 0.152 seconds
[2022-09-15 00:49:21,159] {processor.py:153} INFO - Started process (PID=95385) to work on /home/airflow/.local/lib/python3.7/site-packages/airflow/example_dags/example_complex.py
[2022-09-15 00:49:21,162] {processor.py:641} INFO - Processing file /home/airflow/.local/lib/python3.7/site-packages/airflow/example_dags/example_complex.py for tasks to queue
[2022-09-15 00:49:21,167] {logging_mixin.py:115} INFO - [2022-09-15 00:49:21,167] {dagbag.py:507} INFO - Filling up the DagBag from /home/airflow/.local/lib/python3.7/site-packages/airflow/example_dags/example_complex.py
[2022-09-15 00:49:21,187] {processor.py:651} INFO - DAG(s) dict_keys(['example_complex']) retrieved from /home/airflow/.local/lib/python3.7/site-packages/airflow/example_dags/example_complex.py
[2022-09-15 00:49:21,233] {logging_mixin.py:115} INFO - [2022-09-15 00:49:21,233] {dag.py:2371} INFO - Sync 1 DAGs
[2022-09-15 00:49:21,268] {logging_mixin.py:115} INFO - [2022-09-15 00:49:21,268] {dag.py:2919} INFO - Setting next_dagrun for example_complex to None, run_after=None
[2022-09-15 00:49:21,291] {processor.py:161} INFO - Processing /home/airflow/.local/lib/python3.7/site-packages/airflow/example_dags/example_complex.py took 0.138 seconds
[2022-09-15 00:49:52,391] {processor.py:153} INFO - Started process (PID=95453) to work on /home/airflow/.local/lib/python3.7/site-packages/airflow/example_dags/example_complex.py
[2022-09-15 00:49:52,393] {processor.py:641} INFO - Processing file /home/airflow/.local/lib/python3.7/site-packages/airflow/example_dags/example_complex.py for tasks to queue
[2022-09-15 00:49:52,397] {logging_mixin.py:115} INFO - [2022-09-15 00:49:52,396] {dagbag.py:507} INFO - Filling up the DagBag from /home/airflow/.local/lib/python3.7/site-packages/airflow/example_dags/example_complex.py
[2022-09-15 00:49:52,427] {processor.py:651} INFO - DAG(s) dict_keys(['example_complex']) retrieved from /home/airflow/.local/lib/python3.7/site-packages/airflow/example_dags/example_complex.py
[2022-09-15 00:49:52,503] {logging_mixin.py:115} INFO - [2022-09-15 00:49:52,503] {dag.py:2371} INFO - Sync 1 DAGs
[2022-09-15 00:49:52,553] {logging_mixin.py:115} INFO - [2022-09-15 00:49:52,553] {dag.py:2919} INFO - Setting next_dagrun for example_complex to None, run_after=None
[2022-09-15 00:49:52,571] {processor.py:161} INFO - Processing /home/airflow/.local/lib/python3.7/site-packages/airflow/example_dags/example_complex.py took 0.186 seconds
[2022-09-15 00:50:22,794] {processor.py:153} INFO - Started process (PID=95521) to work on /home/airflow/.local/lib/python3.7/site-packages/airflow/example_dags/example_complex.py
[2022-09-15 00:50:22,796] {processor.py:641} INFO - Processing file /home/airflow/.local/lib/python3.7/site-packages/airflow/example_dags/example_complex.py for tasks to queue
[2022-09-15 00:50:22,797] {logging_mixin.py:115} INFO - [2022-09-15 00:50:22,797] {dagbag.py:507} INFO - Filling up the DagBag from /home/airflow/.local/lib/python3.7/site-packages/airflow/example_dags/example_complex.py
[2022-09-15 00:50:22,819] {processor.py:651} INFO - DAG(s) dict_keys(['example_complex']) retrieved from /home/airflow/.local/lib/python3.7/site-packages/airflow/example_dags/example_complex.py
[2022-09-15 00:50:22,864] {logging_mixin.py:115} INFO - [2022-09-15 00:50:22,864] {dag.py:2371} INFO - Sync 1 DAGs
[2022-09-15 00:50:22,895] {logging_mixin.py:115} INFO - [2022-09-15 00:50:22,895] {dag.py:2919} INFO - Setting next_dagrun for example_complex to None, run_after=None
[2022-09-15 00:50:22,922] {processor.py:161} INFO - Processing /home/airflow/.local/lib/python3.7/site-packages/airflow/example_dags/example_complex.py took 0.133 seconds
[2022-09-15 00:50:52,965] {processor.py:153} INFO - Started process (PID=95579) to work on /home/airflow/.local/lib/python3.7/site-packages/airflow/example_dags/example_complex.py
[2022-09-15 00:50:52,966] {processor.py:641} INFO - Processing file /home/airflow/.local/lib/python3.7/site-packages/airflow/example_dags/example_complex.py for tasks to queue
[2022-09-15 00:50:52,968] {logging_mixin.py:115} INFO - [2022-09-15 00:50:52,968] {dagbag.py:507} INFO - Filling up the DagBag from /home/airflow/.local/lib/python3.7/site-packages/airflow/example_dags/example_complex.py
[2022-09-15 00:50:52,991] {processor.py:651} INFO - DAG(s) dict_keys(['example_complex']) retrieved from /home/airflow/.local/lib/python3.7/site-packages/airflow/example_dags/example_complex.py
[2022-09-15 00:50:53,041] {logging_mixin.py:115} INFO - [2022-09-15 00:50:53,040] {dag.py:2371} INFO - Sync 1 DAGs
[2022-09-15 00:50:53,065] {logging_mixin.py:115} INFO - [2022-09-15 00:50:53,065] {dag.py:2919} INFO - Setting next_dagrun for example_complex to None, run_after=None
[2022-09-15 00:50:53,079] {processor.py:161} INFO - Processing /home/airflow/.local/lib/python3.7/site-packages/airflow/example_dags/example_complex.py took 0.118 seconds
[2022-09-15 00:51:23,769] {processor.py:153} INFO - Started process (PID=95647) to work on /home/airflow/.local/lib/python3.7/site-packages/airflow/example_dags/example_complex.py
[2022-09-15 00:51:23,772] {processor.py:641} INFO - Processing file /home/airflow/.local/lib/python3.7/site-packages/airflow/example_dags/example_complex.py for tasks to queue
[2022-09-15 00:51:23,773] {logging_mixin.py:115} INFO - [2022-09-15 00:51:23,773] {dagbag.py:507} INFO - Filling up the DagBag from /home/airflow/.local/lib/python3.7/site-packages/airflow/example_dags/example_complex.py
[2022-09-15 00:51:23,794] {processor.py:651} INFO - DAG(s) dict_keys(['example_complex']) retrieved from /home/airflow/.local/lib/python3.7/site-packages/airflow/example_dags/example_complex.py
[2022-09-15 00:51:23,833] {logging_mixin.py:115} INFO - [2022-09-15 00:51:23,833] {dag.py:2371} INFO - Sync 1 DAGs
[2022-09-15 00:51:23,859] {logging_mixin.py:115} INFO - [2022-09-15 00:51:23,859] {dag.py:2919} INFO - Setting next_dagrun for example_complex to None, run_after=None
[2022-09-15 00:51:23,874] {processor.py:161} INFO - Processing /home/airflow/.local/lib/python3.7/site-packages/airflow/example_dags/example_complex.py took 0.109 seconds
[2022-09-15 00:51:54,715] {processor.py:153} INFO - Started process (PID=95713) to work on /home/airflow/.local/lib/python3.7/site-packages/airflow/example_dags/example_complex.py
[2022-09-15 00:51:54,720] {processor.py:641} INFO - Processing file /home/airflow/.local/lib/python3.7/site-packages/airflow/example_dags/example_complex.py for tasks to queue
[2022-09-15 00:51:54,725] {logging_mixin.py:115} INFO - [2022-09-15 00:51:54,724] {dagbag.py:507} INFO - Filling up the DagBag from /home/airflow/.local/lib/python3.7/site-packages/airflow/example_dags/example_complex.py
[2022-09-15 00:51:54,762] {processor.py:651} INFO - DAG(s) dict_keys(['example_complex']) retrieved from /home/airflow/.local/lib/python3.7/site-packages/airflow/example_dags/example_complex.py
[2022-09-15 00:51:54,844] {logging_mixin.py:115} INFO - [2022-09-15 00:51:54,843] {dag.py:2371} INFO - Sync 1 DAGs
[2022-09-15 00:51:54,888] {logging_mixin.py:115} INFO - [2022-09-15 00:51:54,887] {dag.py:2919} INFO - Setting next_dagrun for example_complex to None, run_after=None
[2022-09-15 00:51:54,909] {processor.py:161} INFO - Processing /home/airflow/.local/lib/python3.7/site-packages/airflow/example_dags/example_complex.py took 0.205 seconds
[2022-09-15 00:52:25,257] {processor.py:153} INFO - Started process (PID=95772) to work on /home/airflow/.local/lib/python3.7/site-packages/airflow/example_dags/example_complex.py
[2022-09-15 00:52:25,258] {processor.py:641} INFO - Processing file /home/airflow/.local/lib/python3.7/site-packages/airflow/example_dags/example_complex.py for tasks to queue
[2022-09-15 00:52:25,260] {logging_mixin.py:115} INFO - [2022-09-15 00:52:25,260] {dagbag.py:507} INFO - Filling up the DagBag from /home/airflow/.local/lib/python3.7/site-packages/airflow/example_dags/example_complex.py
[2022-09-15 00:52:25,278] {processor.py:651} INFO - DAG(s) dict_keys(['example_complex']) retrieved from /home/airflow/.local/lib/python3.7/site-packages/airflow/example_dags/example_complex.py
[2022-09-15 00:52:25,316] {logging_mixin.py:115} INFO - [2022-09-15 00:52:25,316] {dag.py:2371} INFO - Sync 1 DAGs
[2022-09-15 00:52:25,343] {logging_mixin.py:115} INFO - [2022-09-15 00:52:25,342] {dag.py:2919} INFO - Setting next_dagrun for example_complex to None, run_after=None
[2022-09-15 00:52:25,355] {processor.py:161} INFO - Processing /home/airflow/.local/lib/python3.7/site-packages/airflow/example_dags/example_complex.py took 0.103 seconds
[2022-09-15 00:52:55,945] {processor.py:153} INFO - Started process (PID=95843) to work on /home/airflow/.local/lib/python3.7/site-packages/airflow/example_dags/example_complex.py
[2022-09-15 00:52:55,947] {processor.py:641} INFO - Processing file /home/airflow/.local/lib/python3.7/site-packages/airflow/example_dags/example_complex.py for tasks to queue
[2022-09-15 00:52:55,949] {logging_mixin.py:115} INFO - [2022-09-15 00:52:55,949] {dagbag.py:507} INFO - Filling up the DagBag from /home/airflow/.local/lib/python3.7/site-packages/airflow/example_dags/example_complex.py
[2022-09-15 00:52:55,967] {processor.py:651} INFO - DAG(s) dict_keys(['example_complex']) retrieved from /home/airflow/.local/lib/python3.7/site-packages/airflow/example_dags/example_complex.py
[2022-09-15 00:52:56,025] {logging_mixin.py:115} INFO - [2022-09-15 00:52:56,025] {dag.py:2371} INFO - Sync 1 DAGs
[2022-09-15 00:52:56,063] {logging_mixin.py:115} INFO - [2022-09-15 00:52:56,063] {dag.py:2919} INFO - Setting next_dagrun for example_complex to None, run_after=None
[2022-09-15 00:52:56,082] {processor.py:161} INFO - Processing /home/airflow/.local/lib/python3.7/site-packages/airflow/example_dags/example_complex.py took 0.141 seconds
[2022-09-15 00:53:26,597] {processor.py:153} INFO - Started process (PID=95913) to work on /home/airflow/.local/lib/python3.7/site-packages/airflow/example_dags/example_complex.py
[2022-09-15 00:53:26,599] {processor.py:641} INFO - Processing file /home/airflow/.local/lib/python3.7/site-packages/airflow/example_dags/example_complex.py for tasks to queue
[2022-09-15 00:53:26,601] {logging_mixin.py:115} INFO - [2022-09-15 00:53:26,601] {dagbag.py:507} INFO - Filling up the DagBag from /home/airflow/.local/lib/python3.7/site-packages/airflow/example_dags/example_complex.py
[2022-09-15 00:53:26,642] {processor.py:651} INFO - DAG(s) dict_keys(['example_complex']) retrieved from /home/airflow/.local/lib/python3.7/site-packages/airflow/example_dags/example_complex.py
[2022-09-15 00:53:26,684] {logging_mixin.py:115} INFO - [2022-09-15 00:53:26,684] {dag.py:2371} INFO - Sync 1 DAGs
[2022-09-15 00:53:26,679] {logging_mixin.py:115} INFO - [2022-09-15 00:53:26,679] {dag.py:2919} INFO - Setting next_dagrun for example_complex to None, run_after=None
[2022-09-15 00:53:26,698] {processor.py:161} INFO - Processing /home/airflow/.local/lib/python3.7/site-packages/airflow/example_dags/example_complex.py took 0.142 seconds
[2022-09-15 00:53:57,691] {processor.py:153} INFO - Started process (PID=95970) to work on /home/airflow/.local/lib/python3.7/site-packages/airflow/example_dags/example_complex.py
[2022-09-15 00:53:57,692] {processor.py:641} INFO - Processing file /home/airflow/.local/lib/python3.7/site-packages/airflow/example_dags/example_complex.py for tasks to queue
[2022-09-15 00:53:57,694] {logging_mixin.py:115} INFO - [2022-09-15 00:53:57,694] {dagbag.py:507} INFO - Filling up the DagBag from /home/airflow/.local/lib/python3.7/site-packages/airflow/example_dags/example_complex.py
[2022-09-15 00:53:57,713] {processor.py:651} INFO - DAG(s) dict_keys(['example_complex']) retrieved from /home/airflow/.local/lib/python3.7/site-packages/airflow/example_dags/example_complex.py
[2022-09-15 00:53:57,759] {logging_mixin.py:115} INFO - [2022-09-15 00:53:57,758] {dag.py:2371} INFO - Sync 1 DAGs
[2022-09-15 00:53:57,783] {logging_mixin.py:115} INFO - [2022-09-15 00:53:57,783] {dag.py:2919} INFO - Setting next_dagrun for example_complex to None, run_after=None
[2022-09-15 00:53:57,796] {processor.py:161} INFO - Processing /home/airflow/.local/lib/python3.7/site-packages/airflow/example_dags/example_complex.py took 0.108 seconds
[2022-09-15 00:54:28,470] {processor.py:153} INFO - Started process (PID=96040) to work on /home/airflow/.local/lib/python3.7/site-packages/airflow/example_dags/example_complex.py
[2022-09-15 00:54:28,471] {processor.py:641} INFO - Processing file /home/airflow/.local/lib/python3.7/site-packages/airflow/example_dags/example_complex.py for tasks to queue
[2022-09-15 00:54:28,472] {logging_mixin.py:115} INFO - [2022-09-15 00:54:28,472] {dagbag.py:507} INFO - Filling up the DagBag from /home/airflow/.local/lib/python3.7/site-packages/airflow/example_dags/example_complex.py
[2022-09-15 00:54:28,490] {processor.py:651} INFO - DAG(s) dict_keys(['example_complex']) retrieved from /home/airflow/.local/lib/python3.7/site-packages/airflow/example_dags/example_complex.py
[2022-09-15 00:54:28,545] {logging_mixin.py:115} INFO - [2022-09-15 00:54:28,544] {dag.py:2371} INFO - Sync 1 DAGs
[2022-09-15 00:54:28,575] {logging_mixin.py:115} INFO - [2022-09-15 00:54:28,575] {dag.py:2919} INFO - Setting next_dagrun for example_complex to None, run_after=None
[2022-09-15 00:54:28,596] {processor.py:161} INFO - Processing /home/airflow/.local/lib/python3.7/site-packages/airflow/example_dags/example_complex.py took 0.130 seconds
[2022-09-15 00:54:59,095] {processor.py:153} INFO - Started process (PID=96108) to work on /home/airflow/.local/lib/python3.7/site-packages/airflow/example_dags/example_complex.py
[2022-09-15 00:54:59,097] {processor.py:641} INFO - Processing file /home/airflow/.local/lib/python3.7/site-packages/airflow/example_dags/example_complex.py for tasks to queue
[2022-09-15 00:54:59,099] {logging_mixin.py:115} INFO - [2022-09-15 00:54:59,098] {dagbag.py:507} INFO - Filling up the DagBag from /home/airflow/.local/lib/python3.7/site-packages/airflow/example_dags/example_complex.py
[2022-09-15 00:54:59,128] {processor.py:651} INFO - DAG(s) dict_keys(['example_complex']) retrieved from /home/airflow/.local/lib/python3.7/site-packages/airflow/example_dags/example_complex.py
[2022-09-15 00:54:59,187] {logging_mixin.py:115} INFO - [2022-09-15 00:54:59,187] {dag.py:2371} INFO - Sync 1 DAGs
[2022-09-15 00:54:59,217] {logging_mixin.py:115} INFO - [2022-09-15 00:54:59,217] {dag.py:2919} INFO - Setting next_dagrun for example_complex to None, run_after=None
[2022-09-15 00:54:59,233] {processor.py:161} INFO - Processing /home/airflow/.local/lib/python3.7/site-packages/airflow/example_dags/example_complex.py took 0.143 seconds
[2022-09-15 00:55:29,970] {processor.py:153} INFO - Started process (PID=96168) to work on /home/airflow/.local/lib/python3.7/site-packages/airflow/example_dags/example_complex.py
[2022-09-15 00:55:29,971] {processor.py:641} INFO - Processing file /home/airflow/.local/lib/python3.7/site-packages/airflow/example_dags/example_complex.py for tasks to queue
[2022-09-15 00:55:29,973] {logging_mixin.py:115} INFO - [2022-09-15 00:55:29,973] {dagbag.py:507} INFO - Filling up the DagBag from /home/airflow/.local/lib/python3.7/site-packages/airflow/example_dags/example_complex.py
[2022-09-15 00:55:29,988] {processor.py:651} INFO - DAG(s) dict_keys(['example_complex']) retrieved from /home/airflow/.local/lib/python3.7/site-packages/airflow/example_dags/example_complex.py
[2022-09-15 00:55:30,033] {logging_mixin.py:115} INFO - [2022-09-15 00:55:30,033] {dag.py:2371} INFO - Sync 1 DAGs
[2022-09-15 00:55:30,063] {logging_mixin.py:115} INFO - [2022-09-15 00:55:30,063] {dag.py:2919} INFO - Setting next_dagrun for example_complex to None, run_after=None
[2022-09-15 00:55:30,078] {processor.py:161} INFO - Processing /home/airflow/.local/lib/python3.7/site-packages/airflow/example_dags/example_complex.py took 0.111 seconds
[2022-09-15 00:56:01,157] {processor.py:153} INFO - Started process (PID=96237) to work on /home/airflow/.local/lib/python3.7/site-packages/airflow/example_dags/example_complex.py
[2022-09-15 00:56:01,158] {processor.py:641} INFO - Processing file /home/airflow/.local/lib/python3.7/site-packages/airflow/example_dags/example_complex.py for tasks to queue
[2022-09-15 00:56:01,159] {logging_mixin.py:115} INFO - [2022-09-15 00:56:01,159] {dagbag.py:507} INFO - Filling up the DagBag from /home/airflow/.local/lib/python3.7/site-packages/airflow/example_dags/example_complex.py
[2022-09-15 00:56:01,180] {processor.py:651} INFO - DAG(s) dict_keys(['example_complex']) retrieved from /home/airflow/.local/lib/python3.7/site-packages/airflow/example_dags/example_complex.py
[2022-09-15 00:56:01,223] {logging_mixin.py:115} INFO - [2022-09-15 00:56:01,223] {dag.py:2371} INFO - Sync 1 DAGs
[2022-09-15 00:56:01,246] {logging_mixin.py:115} INFO - [2022-09-15 00:56:01,246] {dag.py:2919} INFO - Setting next_dagrun for example_complex to None, run_after=None
[2022-09-15 00:56:01,259] {processor.py:161} INFO - Processing /home/airflow/.local/lib/python3.7/site-packages/airflow/example_dags/example_complex.py took 0.106 seconds
[2022-09-15 00:56:31,575] {processor.py:153} INFO - Started process (PID=96302) to work on /home/airflow/.local/lib/python3.7/site-packages/airflow/example_dags/example_complex.py
[2022-09-15 00:56:31,577] {processor.py:641} INFO - Processing file /home/airflow/.local/lib/python3.7/site-packages/airflow/example_dags/example_complex.py for tasks to queue
[2022-09-15 00:56:31,580] {logging_mixin.py:115} INFO - [2022-09-15 00:56:31,580] {dagbag.py:507} INFO - Filling up the DagBag from /home/airflow/.local/lib/python3.7/site-packages/airflow/example_dags/example_complex.py
[2022-09-15 00:56:31,628] {processor.py:651} INFO - DAG(s) dict_keys(['example_complex']) retrieved from /home/airflow/.local/lib/python3.7/site-packages/airflow/example_dags/example_complex.py
[2022-09-15 00:56:31,690] {logging_mixin.py:115} INFO - [2022-09-15 00:56:31,690] {dag.py:2371} INFO - Sync 1 DAGs
[2022-09-15 00:56:31,733] {logging_mixin.py:115} INFO - [2022-09-15 00:56:31,733] {dag.py:2919} INFO - Setting next_dagrun for example_complex to None, run_after=None
[2022-09-15 00:56:31,749] {processor.py:161} INFO - Processing /home/airflow/.local/lib/python3.7/site-packages/airflow/example_dags/example_complex.py took 0.186 seconds
[2022-09-15 00:57:01,938] {processor.py:153} INFO - Started process (PID=96361) to work on /home/airflow/.local/lib/python3.7/site-packages/airflow/example_dags/example_complex.py
[2022-09-15 00:57:01,939] {processor.py:641} INFO - Processing file /home/airflow/.local/lib/python3.7/site-packages/airflow/example_dags/example_complex.py for tasks to queue
[2022-09-15 00:57:01,944] {logging_mixin.py:115} INFO - [2022-09-15 00:57:01,944] {dagbag.py:507} INFO - Filling up the DagBag from /home/airflow/.local/lib/python3.7/site-packages/airflow/example_dags/example_complex.py
[2022-09-15 00:57:01,961] {processor.py:651} INFO - DAG(s) dict_keys(['example_complex']) retrieved from /home/airflow/.local/lib/python3.7/site-packages/airflow/example_dags/example_complex.py
[2022-09-15 00:57:01,998] {logging_mixin.py:115} INFO - [2022-09-15 00:57:01,998] {dag.py:2371} INFO - Sync 1 DAGs
[2022-09-15 00:57:02,025] {logging_mixin.py:115} INFO - [2022-09-15 00:57:02,024] {dag.py:2919} INFO - Setting next_dagrun for example_complex to None, run_after=None
[2022-09-15 00:57:02,039] {processor.py:161} INFO - Processing /home/airflow/.local/lib/python3.7/site-packages/airflow/example_dags/example_complex.py took 0.105 seconds
[2022-09-15 00:57:32,849] {processor.py:153} INFO - Started process (PID=96429) to work on /home/airflow/.local/lib/python3.7/site-packages/airflow/example_dags/example_complex.py
[2022-09-15 00:57:32,851] {processor.py:641} INFO - Processing file /home/airflow/.local/lib/python3.7/site-packages/airflow/example_dags/example_complex.py for tasks to queue
[2022-09-15 00:57:32,852] {logging_mixin.py:115} INFO - [2022-09-15 00:57:32,852] {dagbag.py:507} INFO - Filling up the DagBag from /home/airflow/.local/lib/python3.7/site-packages/airflow/example_dags/example_complex.py
[2022-09-15 00:57:32,868] {processor.py:651} INFO - DAG(s) dict_keys(['example_complex']) retrieved from /home/airflow/.local/lib/python3.7/site-packages/airflow/example_dags/example_complex.py
[2022-09-15 00:57:32,919] {logging_mixin.py:115} INFO - [2022-09-15 00:57:32,919] {dag.py:2371} INFO - Sync 1 DAGs
[2022-09-15 00:57:32,944] {logging_mixin.py:115} INFO - [2022-09-15 00:57:32,944] {dag.py:2919} INFO - Setting next_dagrun for example_complex to None, run_after=None
[2022-09-15 00:57:32,959] {processor.py:161} INFO - Processing /home/airflow/.local/lib/python3.7/site-packages/airflow/example_dags/example_complex.py took 0.114 seconds
[2022-09-15 00:58:04,759] {processor.py:153} INFO - Started process (PID=96497) to work on /home/airflow/.local/lib/python3.7/site-packages/airflow/example_dags/example_complex.py
[2022-09-15 00:58:04,761] {processor.py:641} INFO - Processing file /home/airflow/.local/lib/python3.7/site-packages/airflow/example_dags/example_complex.py for tasks to queue
[2022-09-15 00:58:04,763] {logging_mixin.py:115} INFO - [2022-09-15 00:58:04,763] {dagbag.py:507} INFO - Filling up the DagBag from /home/airflow/.local/lib/python3.7/site-packages/airflow/example_dags/example_complex.py
[2022-09-15 00:58:04,792] {processor.py:651} INFO - DAG(s) dict_keys(['example_complex']) retrieved from /home/airflow/.local/lib/python3.7/site-packages/airflow/example_dags/example_complex.py
[2022-09-15 00:58:04,862] {logging_mixin.py:115} INFO - [2022-09-15 00:58:04,862] {dag.py:2371} INFO - Sync 1 DAGs
[2022-09-15 00:58:04,918] {logging_mixin.py:115} INFO - [2022-09-15 00:58:04,918] {dag.py:2919} INFO - Setting next_dagrun for example_complex to None, run_after=None
[2022-09-15 00:58:04,939] {processor.py:161} INFO - Processing /home/airflow/.local/lib/python3.7/site-packages/airflow/example_dags/example_complex.py took 0.187 seconds
[2022-09-15 00:58:36,410] {processor.py:153} INFO - Started process (PID=96555) to work on /home/airflow/.local/lib/python3.7/site-packages/airflow/example_dags/example_complex.py
[2022-09-15 00:58:36,412] {processor.py:641} INFO - Processing file /home/airflow/.local/lib/python3.7/site-packages/airflow/example_dags/example_complex.py for tasks to queue
[2022-09-15 00:58:36,414] {logging_mixin.py:115} INFO - [2022-09-15 00:58:36,414] {dagbag.py:507} INFO - Filling up the DagBag from /home/airflow/.local/lib/python3.7/site-packages/airflow/example_dags/example_complex.py
[2022-09-15 00:58:36,463] {processor.py:651} INFO - DAG(s) dict_keys(['example_complex']) retrieved from /home/airflow/.local/lib/python3.7/site-packages/airflow/example_dags/example_complex.py
[2022-09-15 00:58:36,556] {logging_mixin.py:115} INFO - [2022-09-15 00:58:36,555] {dag.py:2371} INFO - Sync 1 DAGs
[2022-09-15 00:58:36,624] {logging_mixin.py:115} INFO - [2022-09-15 00:58:36,624] {dag.py:2919} INFO - Setting next_dagrun for example_complex to None, run_after=None
[2022-09-15 00:58:36,658] {processor.py:161} INFO - Processing /home/airflow/.local/lib/python3.7/site-packages/airflow/example_dags/example_complex.py took 0.268 seconds
[2022-09-15 00:59:07,555] {processor.py:153} INFO - Started process (PID=96622) to work on /home/airflow/.local/lib/python3.7/site-packages/airflow/example_dags/example_complex.py
[2022-09-15 00:59:07,557] {processor.py:641} INFO - Processing file /home/airflow/.local/lib/python3.7/site-packages/airflow/example_dags/example_complex.py for tasks to queue
[2022-09-15 00:59:07,558] {logging_mixin.py:115} INFO - [2022-09-15 00:59:07,558] {dagbag.py:507} INFO - Filling up the DagBag from /home/airflow/.local/lib/python3.7/site-packages/airflow/example_dags/example_complex.py
[2022-09-15 00:59:07,592] {processor.py:651} INFO - DAG(s) dict_keys(['example_complex']) retrieved from /home/airflow/.local/lib/python3.7/site-packages/airflow/example_dags/example_complex.py
[2022-09-15 00:59:07,661] {logging_mixin.py:115} INFO - [2022-09-15 00:59:07,661] {dag.py:2371} INFO - Sync 1 DAGs
[2022-09-15 00:59:07,707] {logging_mixin.py:115} INFO - [2022-09-15 00:59:07,707] {dag.py:2919} INFO - Setting next_dagrun for example_complex to None, run_after=None
[2022-09-15 00:59:07,729] {processor.py:161} INFO - Processing /home/airflow/.local/lib/python3.7/site-packages/airflow/example_dags/example_complex.py took 0.178 seconds
[2022-09-15 00:59:37,777] {processor.py:153} INFO - Started process (PID=96686) to work on /home/airflow/.local/lib/python3.7/site-packages/airflow/example_dags/example_complex.py
[2022-09-15 00:59:37,779] {processor.py:641} INFO - Processing file /home/airflow/.local/lib/python3.7/site-packages/airflow/example_dags/example_complex.py for tasks to queue
[2022-09-15 00:59:37,781] {logging_mixin.py:115} INFO - [2022-09-15 00:59:37,781] {dagbag.py:507} INFO - Filling up the DagBag from /home/airflow/.local/lib/python3.7/site-packages/airflow/example_dags/example_complex.py
[2022-09-15 00:59:37,810] {processor.py:651} INFO - DAG(s) dict_keys(['example_complex']) retrieved from /home/airflow/.local/lib/python3.7/site-packages/airflow/example_dags/example_complex.py
[2022-09-15 00:59:37,865] {logging_mixin.py:115} INFO - [2022-09-15 00:59:37,865] {dag.py:2371} INFO - Sync 1 DAGs
[2022-09-15 00:59:37,903] {logging_mixin.py:115} INFO - [2022-09-15 00:59:37,903] {dag.py:2919} INFO - Setting next_dagrun for example_complex to None, run_after=None
[2022-09-15 00:59:37,920] {processor.py:161} INFO - Processing /home/airflow/.local/lib/python3.7/site-packages/airflow/example_dags/example_complex.py took 0.147 seconds
[2022-09-15 01:00:08,040] {processor.py:153} INFO - Started process (PID=96745) to work on /home/airflow/.local/lib/python3.7/site-packages/airflow/example_dags/example_complex.py
[2022-09-15 01:00:08,041] {processor.py:641} INFO - Processing file /home/airflow/.local/lib/python3.7/site-packages/airflow/example_dags/example_complex.py for tasks to queue
[2022-09-15 01:00:08,042] {logging_mixin.py:115} INFO - [2022-09-15 01:00:08,042] {dagbag.py:507} INFO - Filling up the DagBag from /home/airflow/.local/lib/python3.7/site-packages/airflow/example_dags/example_complex.py
[2022-09-15 01:00:08,057] {processor.py:651} INFO - DAG(s) dict_keys(['example_complex']) retrieved from /home/airflow/.local/lib/python3.7/site-packages/airflow/example_dags/example_complex.py
[2022-09-15 01:00:08,102] {logging_mixin.py:115} INFO - [2022-09-15 01:00:08,102] {dag.py:2371} INFO - Sync 1 DAGs
[2022-09-15 01:00:08,125] {logging_mixin.py:115} INFO - [2022-09-15 01:00:08,125] {dag.py:2919} INFO - Setting next_dagrun for example_complex to None, run_after=None
[2022-09-15 01:00:08,138] {processor.py:161} INFO - Processing /home/airflow/.local/lib/python3.7/site-packages/airflow/example_dags/example_complex.py took 0.102 seconds
[2022-09-15 01:00:38,849] {processor.py:153} INFO - Started process (PID=96810) to work on /home/airflow/.local/lib/python3.7/site-packages/airflow/example_dags/example_complex.py
[2022-09-15 01:00:38,856] {processor.py:641} INFO - Processing file /home/airflow/.local/lib/python3.7/site-packages/airflow/example_dags/example_complex.py for tasks to queue
[2022-09-15 01:00:38,860] {logging_mixin.py:115} INFO - [2022-09-15 01:00:38,860] {dagbag.py:507} INFO - Filling up the DagBag from /home/airflow/.local/lib/python3.7/site-packages/airflow/example_dags/example_complex.py
[2022-09-15 01:00:38,901] {processor.py:651} INFO - DAG(s) dict_keys(['example_complex']) retrieved from /home/airflow/.local/lib/python3.7/site-packages/airflow/example_dags/example_complex.py
[2022-09-15 01:00:38,982] {logging_mixin.py:115} INFO - [2022-09-15 01:00:38,982] {dag.py:2371} INFO - Sync 1 DAGs
[2022-09-15 01:00:39,012] {logging_mixin.py:115} INFO - [2022-09-15 01:00:39,012] {dag.py:2919} INFO - Setting next_dagrun for example_complex to None, run_after=None
[2022-09-15 01:00:39,028] {processor.py:161} INFO - Processing /home/airflow/.local/lib/python3.7/site-packages/airflow/example_dags/example_complex.py took 0.186 seconds
[2022-09-15 01:01:10,598] {processor.py:153} INFO - Started process (PID=96875) to work on /home/airflow/.local/lib/python3.7/site-packages/airflow/example_dags/example_complex.py
[2022-09-15 01:01:10,600] {processor.py:641} INFO - Processing file /home/airflow/.local/lib/python3.7/site-packages/airflow/example_dags/example_complex.py for tasks to queue
[2022-09-15 01:01:10,602] {logging_mixin.py:115} INFO - [2022-09-15 01:01:10,602] {dagbag.py:507} INFO - Filling up the DagBag from /home/airflow/.local/lib/python3.7/site-packages/airflow/example_dags/example_complex.py
[2022-09-15 01:01:10,637] {processor.py:651} INFO - DAG(s) dict_keys(['example_complex']) retrieved from /home/airflow/.local/lib/python3.7/site-packages/airflow/example_dags/example_complex.py
[2022-09-15 01:01:10,684] {logging_mixin.py:115} INFO - [2022-09-15 01:01:10,683] {dag.py:2371} INFO - Sync 1 DAGs
[2022-09-15 01:01:10,720] {logging_mixin.py:115} INFO - [2022-09-15 01:01:10,720] {dag.py:2919} INFO - Setting next_dagrun for example_complex to None, run_after=None
[2022-09-15 01:01:10,743] {processor.py:161} INFO - Processing /home/airflow/.local/lib/python3.7/site-packages/airflow/example_dags/example_complex.py took 0.150 seconds
[2022-09-15 01:01:41,003] {processor.py:153} INFO - Started process (PID=96936) to work on /home/airflow/.local/lib/python3.7/site-packages/airflow/example_dags/example_complex.py
[2022-09-15 01:01:41,005] {processor.py:641} INFO - Processing file /home/airflow/.local/lib/python3.7/site-packages/airflow/example_dags/example_complex.py for tasks to queue
[2022-09-15 01:01:41,007] {logging_mixin.py:115} INFO - [2022-09-15 01:01:41,007] {dagbag.py:507} INFO - Filling up the DagBag from /home/airflow/.local/lib/python3.7/site-packages/airflow/example_dags/example_complex.py
[2022-09-15 01:01:41,024] {processor.py:651} INFO - DAG(s) dict_keys(['example_complex']) retrieved from /home/airflow/.local/lib/python3.7/site-packages/airflow/example_dags/example_complex.py
[2022-09-15 01:01:41,064] {logging_mixin.py:115} INFO - [2022-09-15 01:01:41,063] {dag.py:2371} INFO - Sync 1 DAGs
[2022-09-15 01:01:41,093] {logging_mixin.py:115} INFO - [2022-09-15 01:01:41,093] {dag.py:2919} INFO - Setting next_dagrun for example_complex to None, run_after=None
[2022-09-15 01:01:41,108] {processor.py:161} INFO - Processing /home/airflow/.local/lib/python3.7/site-packages/airflow/example_dags/example_complex.py took 0.109 seconds
[2022-09-15 01:02:12,417] {processor.py:153} INFO - Started process (PID=97004) to work on /home/airflow/.local/lib/python3.7/site-packages/airflow/example_dags/example_complex.py
[2022-09-15 01:02:12,420] {processor.py:641} INFO - Processing file /home/airflow/.local/lib/python3.7/site-packages/airflow/example_dags/example_complex.py for tasks to queue
[2022-09-15 01:02:12,421] {logging_mixin.py:115} INFO - [2022-09-15 01:02:12,421] {dagbag.py:507} INFO - Filling up the DagBag from /home/airflow/.local/lib/python3.7/site-packages/airflow/example_dags/example_complex.py
[2022-09-15 01:02:12,466] {processor.py:651} INFO - DAG(s) dict_keys(['example_complex']) retrieved from /home/airflow/.local/lib/python3.7/site-packages/airflow/example_dags/example_complex.py
[2022-09-15 01:02:12,529] {logging_mixin.py:115} INFO - [2022-09-15 01:02:12,529] {dag.py:2371} INFO - Sync 1 DAGs
[2022-09-15 01:02:12,564] {logging_mixin.py:115} INFO - [2022-09-15 01:02:12,564] {dag.py:2919} INFO - Setting next_dagrun for example_complex to None, run_after=None
[2022-09-15 01:02:12,583] {processor.py:161} INFO - Processing /home/airflow/.local/lib/python3.7/site-packages/airflow/example_dags/example_complex.py took 0.171 seconds
[2022-09-15 01:02:43,275] {processor.py:153} INFO - Started process (PID=97063) to work on /home/airflow/.local/lib/python3.7/site-packages/airflow/example_dags/example_complex.py
[2022-09-15 01:02:43,278] {processor.py:641} INFO - Processing file /home/airflow/.local/lib/python3.7/site-packages/airflow/example_dags/example_complex.py for tasks to queue
[2022-09-15 01:02:43,281] {logging_mixin.py:115} INFO - [2022-09-15 01:02:43,280] {dagbag.py:507} INFO - Filling up the DagBag from /home/airflow/.local/lib/python3.7/site-packages/airflow/example_dags/example_complex.py
[2022-09-15 01:02:43,324] {processor.py:651} INFO - DAG(s) dict_keys(['example_complex']) retrieved from /home/airflow/.local/lib/python3.7/site-packages/airflow/example_dags/example_complex.py
[2022-09-15 01:02:43,412] {logging_mixin.py:115} INFO - [2022-09-15 01:02:43,411] {dag.py:2371} INFO - Sync 1 DAGs
[2022-09-15 01:02:43,499] {logging_mixin.py:115} INFO - [2022-09-15 01:02:43,499] {dag.py:2919} INFO - Setting next_dagrun for example_complex to None, run_after=None
[2022-09-15 01:02:43,547] {processor.py:161} INFO - Processing /home/airflow/.local/lib/python3.7/site-packages/airflow/example_dags/example_complex.py took 0.282 seconds
[2022-09-15 01:03:14,627] {processor.py:153} INFO - Started process (PID=97131) to work on /home/airflow/.local/lib/python3.7/site-packages/airflow/example_dags/example_complex.py
[2022-09-15 01:03:14,629] {processor.py:641} INFO - Processing file /home/airflow/.local/lib/python3.7/site-packages/airflow/example_dags/example_complex.py for tasks to queue
[2022-09-15 01:03:14,632] {logging_mixin.py:115} INFO - [2022-09-15 01:03:14,631] {dagbag.py:507} INFO - Filling up the DagBag from /home/airflow/.local/lib/python3.7/site-packages/airflow/example_dags/example_complex.py
[2022-09-15 01:03:14,667] {processor.py:651} INFO - DAG(s) dict_keys(['example_complex']) retrieved from /home/airflow/.local/lib/python3.7/site-packages/airflow/example_dags/example_complex.py
[2022-09-15 01:03:14,724] {logging_mixin.py:115} INFO - [2022-09-15 01:03:14,724] {dag.py:2371} INFO - Sync 1 DAGs
[2022-09-15 01:03:14,760] {logging_mixin.py:115} INFO - [2022-09-15 01:03:14,760] {dag.py:2919} INFO - Setting next_dagrun for example_complex to None, run_after=None
[2022-09-15 01:03:14,776] {processor.py:161} INFO - Processing /home/airflow/.local/lib/python3.7/site-packages/airflow/example_dags/example_complex.py took 0.157 seconds
[2022-09-15 01:03:45,175] {processor.py:153} INFO - Started process (PID=97202) to work on /home/airflow/.local/lib/python3.7/site-packages/airflow/example_dags/example_complex.py
[2022-09-15 01:03:45,176] {processor.py:641} INFO - Processing file /home/airflow/.local/lib/python3.7/site-packages/airflow/example_dags/example_complex.py for tasks to queue
[2022-09-15 01:03:45,177] {logging_mixin.py:115} INFO - [2022-09-15 01:03:45,177] {dagbag.py:507} INFO - Filling up the DagBag from /home/airflow/.local/lib/python3.7/site-packages/airflow/example_dags/example_complex.py
[2022-09-15 01:03:45,195] {processor.py:651} INFO - DAG(s) dict_keys(['example_complex']) retrieved from /home/airflow/.local/lib/python3.7/site-packages/airflow/example_dags/example_complex.py
[2022-09-15 01:03:45,247] {logging_mixin.py:115} INFO - [2022-09-15 01:03:45,247] {dag.py:2371} INFO - Sync 1 DAGs
[2022-09-15 01:03:45,279] {logging_mixin.py:115} INFO - [2022-09-15 01:03:45,279] {dag.py:2919} INFO - Setting next_dagrun for example_complex to None, run_after=None
[2022-09-15 01:03:45,298] {processor.py:161} INFO - Processing /home/airflow/.local/lib/python3.7/site-packages/airflow/example_dags/example_complex.py took 0.128 seconds
[2022-09-15 01:04:16,107] {processor.py:153} INFO - Started process (PID=97259) to work on /home/airflow/.local/lib/python3.7/site-packages/airflow/example_dags/example_complex.py
[2022-09-15 01:04:16,108] {processor.py:641} INFO - Processing file /home/airflow/.local/lib/python3.7/site-packages/airflow/example_dags/example_complex.py for tasks to queue
[2022-09-15 01:04:16,110] {logging_mixin.py:115} INFO - [2022-09-15 01:04:16,110] {dagbag.py:507} INFO - Filling up the DagBag from /home/airflow/.local/lib/python3.7/site-packages/airflow/example_dags/example_complex.py
[2022-09-15 01:04:16,125] {processor.py:651} INFO - DAG(s) dict_keys(['example_complex']) retrieved from /home/airflow/.local/lib/python3.7/site-packages/airflow/example_dags/example_complex.py
[2022-09-15 01:04:16,163] {logging_mixin.py:115} INFO - [2022-09-15 01:04:16,163] {dag.py:2371} INFO - Sync 1 DAGs
[2022-09-15 01:04:16,193] {logging_mixin.py:115} INFO - [2022-09-15 01:04:16,193] {dag.py:2919} INFO - Setting next_dagrun for example_complex to None, run_after=None
[2022-09-15 01:04:16,207] {processor.py:161} INFO - Processing /home/airflow/.local/lib/python3.7/site-packages/airflow/example_dags/example_complex.py took 0.104 seconds
[2022-09-15 01:04:47,258] {processor.py:153} INFO - Started process (PID=97326) to work on /home/airflow/.local/lib/python3.7/site-packages/airflow/example_dags/example_complex.py
[2022-09-15 01:04:47,260] {processor.py:641} INFO - Processing file /home/airflow/.local/lib/python3.7/site-packages/airflow/example_dags/example_complex.py for tasks to queue
[2022-09-15 01:04:47,262] {logging_mixin.py:115} INFO - [2022-09-15 01:04:47,261] {dagbag.py:507} INFO - Filling up the DagBag from /home/airflow/.local/lib/python3.7/site-packages/airflow/example_dags/example_complex.py
[2022-09-15 01:04:47,293] {processor.py:651} INFO - DAG(s) dict_keys(['example_complex']) retrieved from /home/airflow/.local/lib/python3.7/site-packages/airflow/example_dags/example_complex.py
[2022-09-15 01:04:47,346] {logging_mixin.py:115} INFO - [2022-09-15 01:04:47,346] {dag.py:2371} INFO - Sync 1 DAGs
[2022-09-15 01:04:47,375] {logging_mixin.py:115} INFO - [2022-09-15 01:04:47,375] {dag.py:2919} INFO - Setting next_dagrun for example_complex to None, run_after=None
[2022-09-15 01:04:47,389] {processor.py:161} INFO - Processing /home/airflow/.local/lib/python3.7/site-packages/airflow/example_dags/example_complex.py took 0.139 seconds
