[2022-09-15 00:41:11,424] {processor.py:153} INFO - Started process (PID=94373) to work on /home/airflow/.local/lib/python3.7/site-packages/airflow/example_dags/tutorial_etl_dag.py
[2022-09-15 00:41:11,430] {processor.py:641} INFO - Processing file /home/airflow/.local/lib/python3.7/site-packages/airflow/example_dags/tutorial_etl_dag.py for tasks to queue
[2022-09-15 00:41:11,432] {logging_mixin.py:115} INFO - [2022-09-15 00:41:11,432] {dagbag.py:507} INFO - Filling up the DagBag from /home/airflow/.local/lib/python3.7/site-packages/airflow/example_dags/tutorial_etl_dag.py
[2022-09-15 00:41:11,461] {processor.py:651} INFO - DAG(s) dict_keys(['tutorial_etl_dag']) retrieved from /home/airflow/.local/lib/python3.7/site-packages/airflow/example_dags/tutorial_etl_dag.py
[2022-09-15 00:41:11,574] {logging_mixin.py:115} INFO - [2022-09-15 00:41:11,574] {dag.py:2371} INFO - Sync 1 DAGs
[2022-09-15 00:41:11,631] {logging_mixin.py:115} INFO - [2022-09-15 00:41:11,630] {dag.py:2919} INFO - Setting next_dagrun for tutorial_etl_dag to None, run_after=None
[2022-09-15 00:41:11,665] {processor.py:161} INFO - Processing /home/airflow/.local/lib/python3.7/site-packages/airflow/example_dags/tutorial_etl_dag.py took 0.270 seconds
[2022-09-15 00:41:41,902] {processor.py:153} INFO - Started process (PID=94439) to work on /home/airflow/.local/lib/python3.7/site-packages/airflow/example_dags/tutorial_etl_dag.py
[2022-09-15 00:41:41,904] {processor.py:641} INFO - Processing file /home/airflow/.local/lib/python3.7/site-packages/airflow/example_dags/tutorial_etl_dag.py for tasks to queue
[2022-09-15 00:41:41,907] {logging_mixin.py:115} INFO - [2022-09-15 00:41:41,906] {dagbag.py:507} INFO - Filling up the DagBag from /home/airflow/.local/lib/python3.7/site-packages/airflow/example_dags/tutorial_etl_dag.py
[2022-09-15 00:41:41,947] {processor.py:651} INFO - DAG(s) dict_keys(['tutorial_etl_dag']) retrieved from /home/airflow/.local/lib/python3.7/site-packages/airflow/example_dags/tutorial_etl_dag.py
[2022-09-15 00:41:42,013] {logging_mixin.py:115} INFO - [2022-09-15 00:41:42,013] {dag.py:2371} INFO - Sync 1 DAGs
[2022-09-15 00:41:42,061] {logging_mixin.py:115} INFO - [2022-09-15 00:41:42,061] {dag.py:2919} INFO - Setting next_dagrun for tutorial_etl_dag to None, run_after=None
[2022-09-15 00:41:42,091] {processor.py:161} INFO - Processing /home/airflow/.local/lib/python3.7/site-packages/airflow/example_dags/tutorial_etl_dag.py took 0.195 seconds
[2022-09-15 00:42:12,719] {processor.py:153} INFO - Started process (PID=94497) to work on /home/airflow/.local/lib/python3.7/site-packages/airflow/example_dags/tutorial_etl_dag.py
[2022-09-15 00:42:12,721] {processor.py:641} INFO - Processing file /home/airflow/.local/lib/python3.7/site-packages/airflow/example_dags/tutorial_etl_dag.py for tasks to queue
[2022-09-15 00:42:12,723] {logging_mixin.py:115} INFO - [2022-09-15 00:42:12,723] {dagbag.py:507} INFO - Filling up the DagBag from /home/airflow/.local/lib/python3.7/site-packages/airflow/example_dags/tutorial_etl_dag.py
[2022-09-15 00:42:12,735] {processor.py:651} INFO - DAG(s) dict_keys(['tutorial_etl_dag']) retrieved from /home/airflow/.local/lib/python3.7/site-packages/airflow/example_dags/tutorial_etl_dag.py
[2022-09-15 00:42:12,789] {logging_mixin.py:115} INFO - [2022-09-15 00:42:12,789] {dag.py:2371} INFO - Sync 1 DAGs
[2022-09-15 00:42:12,817] {logging_mixin.py:115} INFO - [2022-09-15 00:42:12,817] {dag.py:2919} INFO - Setting next_dagrun for tutorial_etl_dag to None, run_after=None
[2022-09-15 00:42:12,835] {processor.py:161} INFO - Processing /home/airflow/.local/lib/python3.7/site-packages/airflow/example_dags/tutorial_etl_dag.py took 0.121 seconds
[2022-09-15 00:42:43,544] {processor.py:153} INFO - Started process (PID=94568) to work on /home/airflow/.local/lib/python3.7/site-packages/airflow/example_dags/tutorial_etl_dag.py
[2022-09-15 00:42:43,548] {processor.py:641} INFO - Processing file /home/airflow/.local/lib/python3.7/site-packages/airflow/example_dags/tutorial_etl_dag.py for tasks to queue
[2022-09-15 00:42:43,553] {logging_mixin.py:115} INFO - [2022-09-15 00:42:43,553] {dagbag.py:507} INFO - Filling up the DagBag from /home/airflow/.local/lib/python3.7/site-packages/airflow/example_dags/tutorial_etl_dag.py
[2022-09-15 00:42:43,568] {processor.py:651} INFO - DAG(s) dict_keys(['tutorial_etl_dag']) retrieved from /home/airflow/.local/lib/python3.7/site-packages/airflow/example_dags/tutorial_etl_dag.py
[2022-09-15 00:42:43,619] {logging_mixin.py:115} INFO - [2022-09-15 00:42:43,619] {dag.py:2371} INFO - Sync 1 DAGs
[2022-09-15 00:42:43,664] {logging_mixin.py:115} INFO - [2022-09-15 00:42:43,664] {dag.py:2919} INFO - Setting next_dagrun for tutorial_etl_dag to None, run_after=None
[2022-09-15 00:42:43,684] {processor.py:161} INFO - Processing /home/airflow/.local/lib/python3.7/site-packages/airflow/example_dags/tutorial_etl_dag.py took 0.163 seconds
[2022-09-15 00:43:13,805] {processor.py:153} INFO - Started process (PID=94625) to work on /home/airflow/.local/lib/python3.7/site-packages/airflow/example_dags/tutorial_etl_dag.py
[2022-09-15 00:43:13,807] {processor.py:641} INFO - Processing file /home/airflow/.local/lib/python3.7/site-packages/airflow/example_dags/tutorial_etl_dag.py for tasks to queue
[2022-09-15 00:43:13,808] {logging_mixin.py:115} INFO - [2022-09-15 00:43:13,808] {dagbag.py:507} INFO - Filling up the DagBag from /home/airflow/.local/lib/python3.7/site-packages/airflow/example_dags/tutorial_etl_dag.py
[2022-09-15 00:43:13,819] {processor.py:651} INFO - DAG(s) dict_keys(['tutorial_etl_dag']) retrieved from /home/airflow/.local/lib/python3.7/site-packages/airflow/example_dags/tutorial_etl_dag.py
[2022-09-15 00:43:13,857] {logging_mixin.py:115} INFO - [2022-09-15 00:43:13,857] {dag.py:2371} INFO - Sync 1 DAGs
[2022-09-15 00:43:13,892] {logging_mixin.py:115} INFO - [2022-09-15 00:43:13,892] {dag.py:2919} INFO - Setting next_dagrun for tutorial_etl_dag to None, run_after=None
[2022-09-15 00:43:13,913] {processor.py:161} INFO - Processing /home/airflow/.local/lib/python3.7/site-packages/airflow/example_dags/tutorial_etl_dag.py took 0.113 seconds
[2022-09-15 00:43:44,257] {processor.py:153} INFO - Started process (PID=94694) to work on /home/airflow/.local/lib/python3.7/site-packages/airflow/example_dags/tutorial_etl_dag.py
[2022-09-15 00:43:44,259] {processor.py:641} INFO - Processing file /home/airflow/.local/lib/python3.7/site-packages/airflow/example_dags/tutorial_etl_dag.py for tasks to queue
[2022-09-15 00:43:44,260] {logging_mixin.py:115} INFO - [2022-09-15 00:43:44,260] {dagbag.py:507} INFO - Filling up the DagBag from /home/airflow/.local/lib/python3.7/site-packages/airflow/example_dags/tutorial_etl_dag.py
[2022-09-15 00:43:44,270] {processor.py:651} INFO - DAG(s) dict_keys(['tutorial_etl_dag']) retrieved from /home/airflow/.local/lib/python3.7/site-packages/airflow/example_dags/tutorial_etl_dag.py
[2022-09-15 00:43:44,302] {logging_mixin.py:115} INFO - [2022-09-15 00:43:44,302] {dag.py:2371} INFO - Sync 1 DAGs
[2022-09-15 00:43:44,329] {logging_mixin.py:115} INFO - [2022-09-15 00:43:44,329] {dag.py:2919} INFO - Setting next_dagrun for tutorial_etl_dag to None, run_after=None
[2022-09-15 00:43:44,343] {processor.py:161} INFO - Processing /home/airflow/.local/lib/python3.7/site-packages/airflow/example_dags/tutorial_etl_dag.py took 0.089 seconds
[2022-09-15 00:44:14,901] {processor.py:153} INFO - Started process (PID=94763) to work on /home/airflow/.local/lib/python3.7/site-packages/airflow/example_dags/tutorial_etl_dag.py
[2022-09-15 00:44:14,903] {processor.py:641} INFO - Processing file /home/airflow/.local/lib/python3.7/site-packages/airflow/example_dags/tutorial_etl_dag.py for tasks to queue
[2022-09-15 00:44:14,905] {logging_mixin.py:115} INFO - [2022-09-15 00:44:14,905] {dagbag.py:507} INFO - Filling up the DagBag from /home/airflow/.local/lib/python3.7/site-packages/airflow/example_dags/tutorial_etl_dag.py
[2022-09-15 00:44:14,919] {processor.py:651} INFO - DAG(s) dict_keys(['tutorial_etl_dag']) retrieved from /home/airflow/.local/lib/python3.7/site-packages/airflow/example_dags/tutorial_etl_dag.py
[2022-09-15 00:44:14,969] {logging_mixin.py:115} INFO - [2022-09-15 00:44:14,968] {dag.py:2371} INFO - Sync 1 DAGs
[2022-09-15 00:44:15,016] {logging_mixin.py:115} INFO - [2022-09-15 00:44:15,016] {dag.py:2919} INFO - Setting next_dagrun for tutorial_etl_dag to None, run_after=None
[2022-09-15 00:44:15,037] {processor.py:161} INFO - Processing /home/airflow/.local/lib/python3.7/site-packages/airflow/example_dags/tutorial_etl_dag.py took 0.142 seconds
[2022-09-15 00:44:45,087] {processor.py:153} INFO - Started process (PID=94818) to work on /home/airflow/.local/lib/python3.7/site-packages/airflow/example_dags/tutorial_etl_dag.py
[2022-09-15 00:44:45,088] {processor.py:641} INFO - Processing file /home/airflow/.local/lib/python3.7/site-packages/airflow/example_dags/tutorial_etl_dag.py for tasks to queue
[2022-09-15 00:44:45,090] {logging_mixin.py:115} INFO - [2022-09-15 00:44:45,089] {dagbag.py:507} INFO - Filling up the DagBag from /home/airflow/.local/lib/python3.7/site-packages/airflow/example_dags/tutorial_etl_dag.py
[2022-09-15 00:44:45,098] {processor.py:651} INFO - DAG(s) dict_keys(['tutorial_etl_dag']) retrieved from /home/airflow/.local/lib/python3.7/site-packages/airflow/example_dags/tutorial_etl_dag.py
[2022-09-15 00:44:45,149] {logging_mixin.py:115} INFO - [2022-09-15 00:44:45,148] {dag.py:2371} INFO - Sync 1 DAGs
[2022-09-15 00:44:45,175] {logging_mixin.py:115} INFO - [2022-09-15 00:44:45,175] {dag.py:2919} INFO - Setting next_dagrun for tutorial_etl_dag to None, run_after=None
[2022-09-15 00:44:45,190] {processor.py:161} INFO - Processing /home/airflow/.local/lib/python3.7/site-packages/airflow/example_dags/tutorial_etl_dag.py took 0.107 seconds
[2022-09-15 00:45:16,119] {processor.py:153} INFO - Started process (PID=94886) to work on /home/airflow/.local/lib/python3.7/site-packages/airflow/example_dags/tutorial_etl_dag.py
[2022-09-15 00:45:16,121] {processor.py:641} INFO - Processing file /home/airflow/.local/lib/python3.7/site-packages/airflow/example_dags/tutorial_etl_dag.py for tasks to queue
[2022-09-15 00:45:16,122] {logging_mixin.py:115} INFO - [2022-09-15 00:45:16,122] {dagbag.py:507} INFO - Filling up the DagBag from /home/airflow/.local/lib/python3.7/site-packages/airflow/example_dags/tutorial_etl_dag.py
[2022-09-15 00:45:16,131] {processor.py:651} INFO - DAG(s) dict_keys(['tutorial_etl_dag']) retrieved from /home/airflow/.local/lib/python3.7/site-packages/airflow/example_dags/tutorial_etl_dag.py
[2022-09-15 00:45:16,163] {logging_mixin.py:115} INFO - [2022-09-15 00:45:16,163] {dag.py:2371} INFO - Sync 1 DAGs
[2022-09-15 00:45:16,198] {logging_mixin.py:115} INFO - [2022-09-15 00:45:16,198] {dag.py:2919} INFO - Setting next_dagrun for tutorial_etl_dag to None, run_after=None
[2022-09-15 00:45:16,217] {processor.py:161} INFO - Processing /home/airflow/.local/lib/python3.7/site-packages/airflow/example_dags/tutorial_etl_dag.py took 0.103 seconds
[2022-09-15 00:45:47,235] {processor.py:153} INFO - Started process (PID=94953) to work on /home/airflow/.local/lib/python3.7/site-packages/airflow/example_dags/tutorial_etl_dag.py
[2022-09-15 00:45:47,238] {processor.py:641} INFO - Processing file /home/airflow/.local/lib/python3.7/site-packages/airflow/example_dags/tutorial_etl_dag.py for tasks to queue
[2022-09-15 00:45:47,240] {logging_mixin.py:115} INFO - [2022-09-15 00:45:47,240] {dagbag.py:507} INFO - Filling up the DagBag from /home/airflow/.local/lib/python3.7/site-packages/airflow/example_dags/tutorial_etl_dag.py
[2022-09-15 00:45:47,252] {processor.py:651} INFO - DAG(s) dict_keys(['tutorial_etl_dag']) retrieved from /home/airflow/.local/lib/python3.7/site-packages/airflow/example_dags/tutorial_etl_dag.py
[2022-09-15 00:45:47,303] {logging_mixin.py:115} INFO - [2022-09-15 00:45:47,302] {dag.py:2371} INFO - Sync 1 DAGs
[2022-09-15 00:45:47,344] {logging_mixin.py:115} INFO - [2022-09-15 00:45:47,344] {dag.py:2919} INFO - Setting next_dagrun for tutorial_etl_dag to None, run_after=None
[2022-09-15 00:45:47,364] {processor.py:161} INFO - Processing /home/airflow/.local/lib/python3.7/site-packages/airflow/example_dags/tutorial_etl_dag.py took 0.136 seconds
[2022-09-15 00:46:17,424] {processor.py:153} INFO - Started process (PID=95014) to work on /home/airflow/.local/lib/python3.7/site-packages/airflow/example_dags/tutorial_etl_dag.py
[2022-09-15 00:46:17,426] {processor.py:641} INFO - Processing file /home/airflow/.local/lib/python3.7/site-packages/airflow/example_dags/tutorial_etl_dag.py for tasks to queue
[2022-09-15 00:46:17,430] {logging_mixin.py:115} INFO - [2022-09-15 00:46:17,430] {dagbag.py:507} INFO - Filling up the DagBag from /home/airflow/.local/lib/python3.7/site-packages/airflow/example_dags/tutorial_etl_dag.py
[2022-09-15 00:46:17,447] {processor.py:651} INFO - DAG(s) dict_keys(['tutorial_etl_dag']) retrieved from /home/airflow/.local/lib/python3.7/site-packages/airflow/example_dags/tutorial_etl_dag.py
[2022-09-15 00:46:17,495] {logging_mixin.py:115} INFO - [2022-09-15 00:46:17,495] {dag.py:2371} INFO - Sync 1 DAGs
[2022-09-15 00:46:17,553] {logging_mixin.py:115} INFO - [2022-09-15 00:46:17,553] {dag.py:2919} INFO - Setting next_dagrun for tutorial_etl_dag to None, run_after=None
[2022-09-15 00:46:17,574] {processor.py:161} INFO - Processing /home/airflow/.local/lib/python3.7/site-packages/airflow/example_dags/tutorial_etl_dag.py took 0.163 seconds
[2022-09-15 00:46:47,907] {processor.py:153} INFO - Started process (PID=95083) to work on /home/airflow/.local/lib/python3.7/site-packages/airflow/example_dags/tutorial_etl_dag.py
[2022-09-15 00:46:47,908] {processor.py:641} INFO - Processing file /home/airflow/.local/lib/python3.7/site-packages/airflow/example_dags/tutorial_etl_dag.py for tasks to queue
[2022-09-15 00:46:47,909] {logging_mixin.py:115} INFO - [2022-09-15 00:46:47,909] {dagbag.py:507} INFO - Filling up the DagBag from /home/airflow/.local/lib/python3.7/site-packages/airflow/example_dags/tutorial_etl_dag.py
[2022-09-15 00:46:47,918] {processor.py:651} INFO - DAG(s) dict_keys(['tutorial_etl_dag']) retrieved from /home/airflow/.local/lib/python3.7/site-packages/airflow/example_dags/tutorial_etl_dag.py
[2022-09-15 00:46:47,963] {logging_mixin.py:115} INFO - [2022-09-15 00:46:47,963] {dag.py:2371} INFO - Sync 1 DAGs
[2022-09-15 00:46:47,990] {logging_mixin.py:115} INFO - [2022-09-15 00:46:47,990] {dag.py:2919} INFO - Setting next_dagrun for tutorial_etl_dag to None, run_after=None
[2022-09-15 00:46:48,005] {processor.py:161} INFO - Processing /home/airflow/.local/lib/python3.7/site-packages/airflow/example_dags/tutorial_etl_dag.py took 0.101 seconds
[2022-09-15 00:47:18,313] {processor.py:153} INFO - Started process (PID=95141) to work on /home/airflow/.local/lib/python3.7/site-packages/airflow/example_dags/tutorial_etl_dag.py
[2022-09-15 00:47:18,315] {processor.py:641} INFO - Processing file /home/airflow/.local/lib/python3.7/site-packages/airflow/example_dags/tutorial_etl_dag.py for tasks to queue
[2022-09-15 00:47:18,318] {logging_mixin.py:115} INFO - [2022-09-15 00:47:18,318] {dagbag.py:507} INFO - Filling up the DagBag from /home/airflow/.local/lib/python3.7/site-packages/airflow/example_dags/tutorial_etl_dag.py
[2022-09-15 00:47:18,332] {processor.py:651} INFO - DAG(s) dict_keys(['tutorial_etl_dag']) retrieved from /home/airflow/.local/lib/python3.7/site-packages/airflow/example_dags/tutorial_etl_dag.py
[2022-09-15 00:47:18,399] {logging_mixin.py:115} INFO - [2022-09-15 00:47:18,399] {dag.py:2371} INFO - Sync 1 DAGs
[2022-09-15 00:47:18,449] {logging_mixin.py:115} INFO - [2022-09-15 00:47:18,449] {dag.py:2919} INFO - Setting next_dagrun for tutorial_etl_dag to None, run_after=None
[2022-09-15 00:47:18,478] {processor.py:161} INFO - Processing /home/airflow/.local/lib/python3.7/site-packages/airflow/example_dags/tutorial_etl_dag.py took 0.170 seconds
[2022-09-15 00:47:48,898] {processor.py:153} INFO - Started process (PID=95207) to work on /home/airflow/.local/lib/python3.7/site-packages/airflow/example_dags/tutorial_etl_dag.py
[2022-09-15 00:47:48,900] {processor.py:641} INFO - Processing file /home/airflow/.local/lib/python3.7/site-packages/airflow/example_dags/tutorial_etl_dag.py for tasks to queue
[2022-09-15 00:47:48,902] {logging_mixin.py:115} INFO - [2022-09-15 00:47:48,901] {dagbag.py:507} INFO - Filling up the DagBag from /home/airflow/.local/lib/python3.7/site-packages/airflow/example_dags/tutorial_etl_dag.py
[2022-09-15 00:47:48,911] {processor.py:651} INFO - DAG(s) dict_keys(['tutorial_etl_dag']) retrieved from /home/airflow/.local/lib/python3.7/site-packages/airflow/example_dags/tutorial_etl_dag.py
[2022-09-15 00:47:48,974] {logging_mixin.py:115} INFO - [2022-09-15 00:47:48,974] {dag.py:2371} INFO - Sync 1 DAGs
[2022-09-15 00:47:49,008] {logging_mixin.py:115} INFO - [2022-09-15 00:47:49,008] {dag.py:2919} INFO - Setting next_dagrun for tutorial_etl_dag to None, run_after=None
[2022-09-15 00:47:49,035] {processor.py:161} INFO - Processing /home/airflow/.local/lib/python3.7/site-packages/airflow/example_dags/tutorial_etl_dag.py took 0.141 seconds
[2022-09-15 00:48:19,794] {processor.py:153} INFO - Started process (PID=95273) to work on /home/airflow/.local/lib/python3.7/site-packages/airflow/example_dags/tutorial_etl_dag.py
[2022-09-15 00:48:19,798] {processor.py:641} INFO - Processing file /home/airflow/.local/lib/python3.7/site-packages/airflow/example_dags/tutorial_etl_dag.py for tasks to queue
[2022-09-15 00:48:19,799] {logging_mixin.py:115} INFO - [2022-09-15 00:48:19,799] {dagbag.py:507} INFO - Filling up the DagBag from /home/airflow/.local/lib/python3.7/site-packages/airflow/example_dags/tutorial_etl_dag.py
[2022-09-15 00:48:19,809] {processor.py:651} INFO - DAG(s) dict_keys(['tutorial_etl_dag']) retrieved from /home/airflow/.local/lib/python3.7/site-packages/airflow/example_dags/tutorial_etl_dag.py
[2022-09-15 00:48:19,852] {logging_mixin.py:115} INFO - [2022-09-15 00:48:19,852] {dag.py:2371} INFO - Sync 1 DAGs
[2022-09-15 00:48:19,910] {logging_mixin.py:115} INFO - [2022-09-15 00:48:19,908] {dag.py:2919} INFO - Setting next_dagrun for tutorial_etl_dag to None, run_after=None
[2022-09-15 00:48:19,947] {processor.py:161} INFO - Processing /home/airflow/.local/lib/python3.7/site-packages/airflow/example_dags/tutorial_etl_dag.py took 0.159 seconds
[2022-09-15 00:48:50,502] {processor.py:153} INFO - Started process (PID=95332) to work on /home/airflow/.local/lib/python3.7/site-packages/airflow/example_dags/tutorial_etl_dag.py
[2022-09-15 00:48:50,504] {processor.py:641} INFO - Processing file /home/airflow/.local/lib/python3.7/site-packages/airflow/example_dags/tutorial_etl_dag.py for tasks to queue
[2022-09-15 00:48:50,506] {logging_mixin.py:115} INFO - [2022-09-15 00:48:50,506] {dagbag.py:507} INFO - Filling up the DagBag from /home/airflow/.local/lib/python3.7/site-packages/airflow/example_dags/tutorial_etl_dag.py
[2022-09-15 00:48:50,522] {processor.py:651} INFO - DAG(s) dict_keys(['tutorial_etl_dag']) retrieved from /home/airflow/.local/lib/python3.7/site-packages/airflow/example_dags/tutorial_etl_dag.py
[2022-09-15 00:48:50,597] {logging_mixin.py:115} INFO - [2022-09-15 00:48:50,596] {dag.py:2371} INFO - Sync 1 DAGs
[2022-09-15 00:48:50,653] {logging_mixin.py:115} INFO - [2022-09-15 00:48:50,653] {dag.py:2919} INFO - Setting next_dagrun for tutorial_etl_dag to None, run_after=None
[2022-09-15 00:48:50,671] {processor.py:161} INFO - Processing /home/airflow/.local/lib/python3.7/site-packages/airflow/example_dags/tutorial_etl_dag.py took 0.177 seconds
[2022-09-15 00:49:21,442] {processor.py:153} INFO - Started process (PID=95389) to work on /home/airflow/.local/lib/python3.7/site-packages/airflow/example_dags/tutorial_etl_dag.py
[2022-09-15 00:49:21,444] {processor.py:641} INFO - Processing file /home/airflow/.local/lib/python3.7/site-packages/airflow/example_dags/tutorial_etl_dag.py for tasks to queue
[2022-09-15 00:49:21,446] {logging_mixin.py:115} INFO - [2022-09-15 00:49:21,446] {dagbag.py:507} INFO - Filling up the DagBag from /home/airflow/.local/lib/python3.7/site-packages/airflow/example_dags/tutorial_etl_dag.py
[2022-09-15 00:49:21,460] {processor.py:651} INFO - DAG(s) dict_keys(['tutorial_etl_dag']) retrieved from /home/airflow/.local/lib/python3.7/site-packages/airflow/example_dags/tutorial_etl_dag.py
[2022-09-15 00:49:21,513] {logging_mixin.py:115} INFO - [2022-09-15 00:49:21,513] {dag.py:2371} INFO - Sync 1 DAGs
[2022-09-15 00:49:21,550] {logging_mixin.py:115} INFO - [2022-09-15 00:49:21,550] {dag.py:2919} INFO - Setting next_dagrun for tutorial_etl_dag to None, run_after=None
[2022-09-15 00:49:21,565] {processor.py:161} INFO - Processing /home/airflow/.local/lib/python3.7/site-packages/airflow/example_dags/tutorial_etl_dag.py took 0.131 seconds
[2022-09-15 00:49:52,841] {processor.py:153} INFO - Started process (PID=95457) to work on /home/airflow/.local/lib/python3.7/site-packages/airflow/example_dags/tutorial_etl_dag.py
[2022-09-15 00:49:52,843] {processor.py:641} INFO - Processing file /home/airflow/.local/lib/python3.7/site-packages/airflow/example_dags/tutorial_etl_dag.py for tasks to queue
[2022-09-15 00:49:52,845] {logging_mixin.py:115} INFO - [2022-09-15 00:49:52,845] {dagbag.py:507} INFO - Filling up the DagBag from /home/airflow/.local/lib/python3.7/site-packages/airflow/example_dags/tutorial_etl_dag.py
[2022-09-15 00:49:52,861] {processor.py:651} INFO - DAG(s) dict_keys(['tutorial_etl_dag']) retrieved from /home/airflow/.local/lib/python3.7/site-packages/airflow/example_dags/tutorial_etl_dag.py
[2022-09-15 00:49:52,921] {logging_mixin.py:115} INFO - [2022-09-15 00:49:52,921] {dag.py:2371} INFO - Sync 1 DAGs
[2022-09-15 00:49:52,967] {logging_mixin.py:115} INFO - [2022-09-15 00:49:52,967] {dag.py:2919} INFO - Setting next_dagrun for tutorial_etl_dag to None, run_after=None
[2022-09-15 00:49:52,988] {processor.py:161} INFO - Processing /home/airflow/.local/lib/python3.7/site-packages/airflow/example_dags/tutorial_etl_dag.py took 0.153 seconds
[2022-09-15 00:50:23,086] {processor.py:153} INFO - Started process (PID=95525) to work on /home/airflow/.local/lib/python3.7/site-packages/airflow/example_dags/tutorial_etl_dag.py
[2022-09-15 00:50:23,088] {processor.py:641} INFO - Processing file /home/airflow/.local/lib/python3.7/site-packages/airflow/example_dags/tutorial_etl_dag.py for tasks to queue
[2022-09-15 00:50:23,090] {logging_mixin.py:115} INFO - [2022-09-15 00:50:23,090] {dagbag.py:507} INFO - Filling up the DagBag from /home/airflow/.local/lib/python3.7/site-packages/airflow/example_dags/tutorial_etl_dag.py
[2022-09-15 00:50:23,109] {processor.py:651} INFO - DAG(s) dict_keys(['tutorial_etl_dag']) retrieved from /home/airflow/.local/lib/python3.7/site-packages/airflow/example_dags/tutorial_etl_dag.py
[2022-09-15 00:50:23,164] {logging_mixin.py:115} INFO - [2022-09-15 00:50:23,164] {dag.py:2371} INFO - Sync 1 DAGs
[2022-09-15 00:50:23,200] {logging_mixin.py:115} INFO - [2022-09-15 00:50:23,200] {dag.py:2919} INFO - Setting next_dagrun for tutorial_etl_dag to None, run_after=None
[2022-09-15 00:50:23,226] {processor.py:161} INFO - Processing /home/airflow/.local/lib/python3.7/site-packages/airflow/example_dags/tutorial_etl_dag.py took 0.144 seconds
[2022-09-15 00:50:53,344] {processor.py:153} INFO - Started process (PID=95583) to work on /home/airflow/.local/lib/python3.7/site-packages/airflow/example_dags/tutorial_etl_dag.py
[2022-09-15 00:50:53,346] {processor.py:641} INFO - Processing file /home/airflow/.local/lib/python3.7/site-packages/airflow/example_dags/tutorial_etl_dag.py for tasks to queue
[2022-09-15 00:50:53,347] {logging_mixin.py:115} INFO - [2022-09-15 00:50:53,347] {dagbag.py:507} INFO - Filling up the DagBag from /home/airflow/.local/lib/python3.7/site-packages/airflow/example_dags/tutorial_etl_dag.py
[2022-09-15 00:50:53,359] {processor.py:651} INFO - DAG(s) dict_keys(['tutorial_etl_dag']) retrieved from /home/airflow/.local/lib/python3.7/site-packages/airflow/example_dags/tutorial_etl_dag.py
[2022-09-15 00:50:53,395] {logging_mixin.py:115} INFO - [2022-09-15 00:50:53,395] {dag.py:2371} INFO - Sync 1 DAGs
[2022-09-15 00:50:53,420] {logging_mixin.py:115} INFO - [2022-09-15 00:50:53,420] {dag.py:2919} INFO - Setting next_dagrun for tutorial_etl_dag to None, run_after=None
[2022-09-15 00:50:53,437] {processor.py:161} INFO - Processing /home/airflow/.local/lib/python3.7/site-packages/airflow/example_dags/tutorial_etl_dag.py took 0.097 seconds
[2022-09-15 00:51:24,015] {processor.py:153} INFO - Started process (PID=95651) to work on /home/airflow/.local/lib/python3.7/site-packages/airflow/example_dags/tutorial_etl_dag.py
[2022-09-15 00:51:24,017] {processor.py:641} INFO - Processing file /home/airflow/.local/lib/python3.7/site-packages/airflow/example_dags/tutorial_etl_dag.py for tasks to queue
[2022-09-15 00:51:24,019] {logging_mixin.py:115} INFO - [2022-09-15 00:51:24,018] {dagbag.py:507} INFO - Filling up the DagBag from /home/airflow/.local/lib/python3.7/site-packages/airflow/example_dags/tutorial_etl_dag.py
[2022-09-15 00:51:24,030] {processor.py:651} INFO - DAG(s) dict_keys(['tutorial_etl_dag']) retrieved from /home/airflow/.local/lib/python3.7/site-packages/airflow/example_dags/tutorial_etl_dag.py
[2022-09-15 00:51:24,066] {logging_mixin.py:115} INFO - [2022-09-15 00:51:24,065] {dag.py:2371} INFO - Sync 1 DAGs
[2022-09-15 00:51:24,095] {logging_mixin.py:115} INFO - [2022-09-15 00:51:24,095] {dag.py:2919} INFO - Setting next_dagrun for tutorial_etl_dag to None, run_after=None
[2022-09-15 00:51:24,114] {processor.py:161} INFO - Processing /home/airflow/.local/lib/python3.7/site-packages/airflow/example_dags/tutorial_etl_dag.py took 0.102 seconds
[2022-09-15 00:51:55,200] {processor.py:153} INFO - Started process (PID=95717) to work on /home/airflow/.local/lib/python3.7/site-packages/airflow/example_dags/tutorial_etl_dag.py
[2022-09-15 00:51:55,202] {processor.py:641} INFO - Processing file /home/airflow/.local/lib/python3.7/site-packages/airflow/example_dags/tutorial_etl_dag.py for tasks to queue
[2022-09-15 00:51:55,205] {logging_mixin.py:115} INFO - [2022-09-15 00:51:55,205] {dagbag.py:507} INFO - Filling up the DagBag from /home/airflow/.local/lib/python3.7/site-packages/airflow/example_dags/tutorial_etl_dag.py
[2022-09-15 00:51:55,217] {processor.py:651} INFO - DAG(s) dict_keys(['tutorial_etl_dag']) retrieved from /home/airflow/.local/lib/python3.7/site-packages/airflow/example_dags/tutorial_etl_dag.py
[2022-09-15 00:51:55,279] {logging_mixin.py:115} INFO - [2022-09-15 00:51:55,279] {dag.py:2371} INFO - Sync 1 DAGs
[2022-09-15 00:51:55,319] {logging_mixin.py:115} INFO - [2022-09-15 00:51:55,319] {dag.py:2919} INFO - Setting next_dagrun for tutorial_etl_dag to None, run_after=None
[2022-09-15 00:51:55,345] {processor.py:161} INFO - Processing /home/airflow/.local/lib/python3.7/site-packages/airflow/example_dags/tutorial_etl_dag.py took 0.151 seconds
[2022-09-15 00:52:25,519] {processor.py:153} INFO - Started process (PID=95776) to work on /home/airflow/.local/lib/python3.7/site-packages/airflow/example_dags/tutorial_etl_dag.py
[2022-09-15 00:52:25,521] {processor.py:641} INFO - Processing file /home/airflow/.local/lib/python3.7/site-packages/airflow/example_dags/tutorial_etl_dag.py for tasks to queue
[2022-09-15 00:52:25,522] {logging_mixin.py:115} INFO - [2022-09-15 00:52:25,522] {dagbag.py:507} INFO - Filling up the DagBag from /home/airflow/.local/lib/python3.7/site-packages/airflow/example_dags/tutorial_etl_dag.py
[2022-09-15 00:52:25,534] {processor.py:651} INFO - DAG(s) dict_keys(['tutorial_etl_dag']) retrieved from /home/airflow/.local/lib/python3.7/site-packages/airflow/example_dags/tutorial_etl_dag.py
[2022-09-15 00:52:25,568] {logging_mixin.py:115} INFO - [2022-09-15 00:52:25,567] {dag.py:2371} INFO - Sync 1 DAGs
[2022-09-15 00:52:25,592] {logging_mixin.py:115} INFO - [2022-09-15 00:52:25,592] {dag.py:2919} INFO - Setting next_dagrun for tutorial_etl_dag to None, run_after=None
[2022-09-15 00:52:25,606] {processor.py:161} INFO - Processing /home/airflow/.local/lib/python3.7/site-packages/airflow/example_dags/tutorial_etl_dag.py took 0.090 seconds
[2022-09-15 00:52:56,271] {processor.py:153} INFO - Started process (PID=95847) to work on /home/airflow/.local/lib/python3.7/site-packages/airflow/example_dags/tutorial_etl_dag.py
[2022-09-15 00:52:56,273] {processor.py:641} INFO - Processing file /home/airflow/.local/lib/python3.7/site-packages/airflow/example_dags/tutorial_etl_dag.py for tasks to queue
[2022-09-15 00:52:56,275] {logging_mixin.py:115} INFO - [2022-09-15 00:52:56,275] {dagbag.py:507} INFO - Filling up the DagBag from /home/airflow/.local/lib/python3.7/site-packages/airflow/example_dags/tutorial_etl_dag.py
[2022-09-15 00:52:56,289] {processor.py:651} INFO - DAG(s) dict_keys(['tutorial_etl_dag']) retrieved from /home/airflow/.local/lib/python3.7/site-packages/airflow/example_dags/tutorial_etl_dag.py
[2022-09-15 00:52:56,340] {logging_mixin.py:115} INFO - [2022-09-15 00:52:56,340] {dag.py:2371} INFO - Sync 1 DAGs
[2022-09-15 00:52:56,372] {logging_mixin.py:115} INFO - [2022-09-15 00:52:56,372] {dag.py:2919} INFO - Setting next_dagrun for tutorial_etl_dag to None, run_after=None
[2022-09-15 00:52:56,395] {processor.py:161} INFO - Processing /home/airflow/.local/lib/python3.7/site-packages/airflow/example_dags/tutorial_etl_dag.py took 0.128 seconds
[2022-09-15 00:53:26,882] {processor.py:153} INFO - Started process (PID=95917) to work on /home/airflow/.local/lib/python3.7/site-packages/airflow/example_dags/tutorial_etl_dag.py
[2022-09-15 00:53:26,884] {processor.py:641} INFO - Processing file /home/airflow/.local/lib/python3.7/site-packages/airflow/example_dags/tutorial_etl_dag.py for tasks to queue
[2022-09-15 00:53:26,885] {logging_mixin.py:115} INFO - [2022-09-15 00:53:26,885] {dagbag.py:507} INFO - Filling up the DagBag from /home/airflow/.local/lib/python3.7/site-packages/airflow/example_dags/tutorial_etl_dag.py
[2022-09-15 00:53:26,911] {processor.py:651} INFO - DAG(s) dict_keys(['tutorial_etl_dag']) retrieved from /home/airflow/.local/lib/python3.7/site-packages/airflow/example_dags/tutorial_etl_dag.py
[2022-09-15 00:53:26,953] {logging_mixin.py:115} INFO - [2022-09-15 00:53:26,953] {dag.py:2371} INFO - Sync 1 DAGs
[2022-09-15 00:53:26,996] {logging_mixin.py:115} INFO - [2022-09-15 00:53:26,995] {dag.py:2919} INFO - Setting next_dagrun for tutorial_etl_dag to None, run_after=None
[2022-09-15 00:53:27,061] {processor.py:161} INFO - Processing /home/airflow/.local/lib/python3.7/site-packages/airflow/example_dags/tutorial_etl_dag.py took 0.184 seconds
[2022-09-15 00:53:58,030] {processor.py:153} INFO - Started process (PID=95974) to work on /home/airflow/.local/lib/python3.7/site-packages/airflow/example_dags/tutorial_etl_dag.py
[2022-09-15 00:53:58,031] {processor.py:641} INFO - Processing file /home/airflow/.local/lib/python3.7/site-packages/airflow/example_dags/tutorial_etl_dag.py for tasks to queue
[2022-09-15 00:53:58,033] {logging_mixin.py:115} INFO - [2022-09-15 00:53:58,033] {dagbag.py:507} INFO - Filling up the DagBag from /home/airflow/.local/lib/python3.7/site-packages/airflow/example_dags/tutorial_etl_dag.py
[2022-09-15 00:53:58,041] {processor.py:651} INFO - DAG(s) dict_keys(['tutorial_etl_dag']) retrieved from /home/airflow/.local/lib/python3.7/site-packages/airflow/example_dags/tutorial_etl_dag.py
[2022-09-15 00:53:58,075] {logging_mixin.py:115} INFO - [2022-09-15 00:53:58,074] {dag.py:2371} INFO - Sync 1 DAGs
[2022-09-15 00:53:58,105] {logging_mixin.py:115} INFO - [2022-09-15 00:53:58,105] {dag.py:2919} INFO - Setting next_dagrun for tutorial_etl_dag to None, run_after=None
[2022-09-15 00:53:58,121] {processor.py:161} INFO - Processing /home/airflow/.local/lib/python3.7/site-packages/airflow/example_dags/tutorial_etl_dag.py took 0.095 seconds
[2022-09-15 00:54:28,753] {processor.py:153} INFO - Started process (PID=96044) to work on /home/airflow/.local/lib/python3.7/site-packages/airflow/example_dags/tutorial_etl_dag.py
[2022-09-15 00:54:28,754] {processor.py:641} INFO - Processing file /home/airflow/.local/lib/python3.7/site-packages/airflow/example_dags/tutorial_etl_dag.py for tasks to queue
[2022-09-15 00:54:28,755] {logging_mixin.py:115} INFO - [2022-09-15 00:54:28,755] {dagbag.py:507} INFO - Filling up the DagBag from /home/airflow/.local/lib/python3.7/site-packages/airflow/example_dags/tutorial_etl_dag.py
[2022-09-15 00:54:28,765] {processor.py:651} INFO - DAG(s) dict_keys(['tutorial_etl_dag']) retrieved from /home/airflow/.local/lib/python3.7/site-packages/airflow/example_dags/tutorial_etl_dag.py
[2022-09-15 00:54:28,808] {logging_mixin.py:115} INFO - [2022-09-15 00:54:28,808] {dag.py:2371} INFO - Sync 1 DAGs
[2022-09-15 00:54:28,848] {logging_mixin.py:115} INFO - [2022-09-15 00:54:28,848] {dag.py:2919} INFO - Setting next_dagrun for tutorial_etl_dag to None, run_after=None
[2022-09-15 00:54:28,864] {processor.py:161} INFO - Processing /home/airflow/.local/lib/python3.7/site-packages/airflow/example_dags/tutorial_etl_dag.py took 0.118 seconds
[2022-09-15 00:54:59,406] {processor.py:153} INFO - Started process (PID=96112) to work on /home/airflow/.local/lib/python3.7/site-packages/airflow/example_dags/tutorial_etl_dag.py
[2022-09-15 00:54:59,408] {processor.py:641} INFO - Processing file /home/airflow/.local/lib/python3.7/site-packages/airflow/example_dags/tutorial_etl_dag.py for tasks to queue
[2022-09-15 00:54:59,410] {logging_mixin.py:115} INFO - [2022-09-15 00:54:59,410] {dagbag.py:507} INFO - Filling up the DagBag from /home/airflow/.local/lib/python3.7/site-packages/airflow/example_dags/tutorial_etl_dag.py
[2022-09-15 00:54:59,420] {processor.py:651} INFO - DAG(s) dict_keys(['tutorial_etl_dag']) retrieved from /home/airflow/.local/lib/python3.7/site-packages/airflow/example_dags/tutorial_etl_dag.py
[2022-09-15 00:54:59,457] {logging_mixin.py:115} INFO - [2022-09-15 00:54:59,457] {dag.py:2371} INFO - Sync 1 DAGs
[2022-09-15 00:54:59,508] {logging_mixin.py:115} INFO - [2022-09-15 00:54:59,508] {dag.py:2919} INFO - Setting next_dagrun for tutorial_etl_dag to None, run_after=None
[2022-09-15 00:54:59,526] {processor.py:161} INFO - Processing /home/airflow/.local/lib/python3.7/site-packages/airflow/example_dags/tutorial_etl_dag.py took 0.124 seconds
[2022-09-15 00:55:30,310] {processor.py:153} INFO - Started process (PID=96172) to work on /home/airflow/.local/lib/python3.7/site-packages/airflow/example_dags/tutorial_etl_dag.py
[2022-09-15 00:55:30,312] {processor.py:641} INFO - Processing file /home/airflow/.local/lib/python3.7/site-packages/airflow/example_dags/tutorial_etl_dag.py for tasks to queue
[2022-09-15 00:55:30,314] {logging_mixin.py:115} INFO - [2022-09-15 00:55:30,313] {dagbag.py:507} INFO - Filling up the DagBag from /home/airflow/.local/lib/python3.7/site-packages/airflow/example_dags/tutorial_etl_dag.py
[2022-09-15 00:55:30,332] {processor.py:651} INFO - DAG(s) dict_keys(['tutorial_etl_dag']) retrieved from /home/airflow/.local/lib/python3.7/site-packages/airflow/example_dags/tutorial_etl_dag.py
[2022-09-15 00:55:30,381] {logging_mixin.py:115} INFO - [2022-09-15 00:55:30,381] {dag.py:2371} INFO - Sync 1 DAGs
[2022-09-15 00:55:30,412] {logging_mixin.py:115} INFO - [2022-09-15 00:55:30,412] {dag.py:2919} INFO - Setting next_dagrun for tutorial_etl_dag to None, run_after=None
[2022-09-15 00:55:30,428] {processor.py:161} INFO - Processing /home/airflow/.local/lib/python3.7/site-packages/airflow/example_dags/tutorial_etl_dag.py took 0.122 seconds
[2022-09-15 00:56:01,406] {processor.py:153} INFO - Started process (PID=96241) to work on /home/airflow/.local/lib/python3.7/site-packages/airflow/example_dags/tutorial_etl_dag.py
[2022-09-15 00:56:01,407] {processor.py:641} INFO - Processing file /home/airflow/.local/lib/python3.7/site-packages/airflow/example_dags/tutorial_etl_dag.py for tasks to queue
[2022-09-15 00:56:01,408] {logging_mixin.py:115} INFO - [2022-09-15 00:56:01,408] {dagbag.py:507} INFO - Filling up the DagBag from /home/airflow/.local/lib/python3.7/site-packages/airflow/example_dags/tutorial_etl_dag.py
[2022-09-15 00:56:01,421] {processor.py:651} INFO - DAG(s) dict_keys(['tutorial_etl_dag']) retrieved from /home/airflow/.local/lib/python3.7/site-packages/airflow/example_dags/tutorial_etl_dag.py
[2022-09-15 00:56:01,465] {logging_mixin.py:115} INFO - [2022-09-15 00:56:01,465] {dag.py:2371} INFO - Sync 1 DAGs
[2022-09-15 00:56:01,491] {logging_mixin.py:115} INFO - [2022-09-15 00:56:01,491] {dag.py:2919} INFO - Setting next_dagrun for tutorial_etl_dag to None, run_after=None
[2022-09-15 00:56:01,511] {processor.py:161} INFO - Processing /home/airflow/.local/lib/python3.7/site-packages/airflow/example_dags/tutorial_etl_dag.py took 0.110 seconds
[2022-09-15 00:56:31,950] {processor.py:153} INFO - Started process (PID=96306) to work on /home/airflow/.local/lib/python3.7/site-packages/airflow/example_dags/tutorial_etl_dag.py
[2022-09-15 00:56:31,951] {processor.py:641} INFO - Processing file /home/airflow/.local/lib/python3.7/site-packages/airflow/example_dags/tutorial_etl_dag.py for tasks to queue
[2022-09-15 00:56:31,953] {logging_mixin.py:115} INFO - [2022-09-15 00:56:31,953] {dagbag.py:507} INFO - Filling up the DagBag from /home/airflow/.local/lib/python3.7/site-packages/airflow/example_dags/tutorial_etl_dag.py
[2022-09-15 00:56:31,968] {processor.py:651} INFO - DAG(s) dict_keys(['tutorial_etl_dag']) retrieved from /home/airflow/.local/lib/python3.7/site-packages/airflow/example_dags/tutorial_etl_dag.py
[2022-09-15 00:56:32,012] {logging_mixin.py:115} INFO - [2022-09-15 00:56:32,011] {dag.py:2371} INFO - Sync 1 DAGs
[2022-09-15 00:56:32,043] {logging_mixin.py:115} INFO - [2022-09-15 00:56:32,043] {dag.py:2919} INFO - Setting next_dagrun for tutorial_etl_dag to None, run_after=None
[2022-09-15 00:56:32,063] {processor.py:161} INFO - Processing /home/airflow/.local/lib/python3.7/site-packages/airflow/example_dags/tutorial_etl_dag.py took 0.118 seconds
[2022-09-15 00:57:02,191] {processor.py:153} INFO - Started process (PID=96365) to work on /home/airflow/.local/lib/python3.7/site-packages/airflow/example_dags/tutorial_etl_dag.py
[2022-09-15 00:57:02,193] {processor.py:641} INFO - Processing file /home/airflow/.local/lib/python3.7/site-packages/airflow/example_dags/tutorial_etl_dag.py for tasks to queue
[2022-09-15 00:57:02,194] {logging_mixin.py:115} INFO - [2022-09-15 00:57:02,194] {dagbag.py:507} INFO - Filling up the DagBag from /home/airflow/.local/lib/python3.7/site-packages/airflow/example_dags/tutorial_etl_dag.py
[2022-09-15 00:57:02,208] {processor.py:651} INFO - DAG(s) dict_keys(['tutorial_etl_dag']) retrieved from /home/airflow/.local/lib/python3.7/site-packages/airflow/example_dags/tutorial_etl_dag.py
[2022-09-15 00:57:02,251] {logging_mixin.py:115} INFO - [2022-09-15 00:57:02,250] {dag.py:2371} INFO - Sync 1 DAGs
[2022-09-15 00:57:02,280] {logging_mixin.py:115} INFO - [2022-09-15 00:57:02,280] {dag.py:2919} INFO - Setting next_dagrun for tutorial_etl_dag to None, run_after=None
[2022-09-15 00:57:02,295] {processor.py:161} INFO - Processing /home/airflow/.local/lib/python3.7/site-packages/airflow/example_dags/tutorial_etl_dag.py took 0.108 seconds
[2022-09-15 00:57:33,118] {processor.py:153} INFO - Started process (PID=96433) to work on /home/airflow/.local/lib/python3.7/site-packages/airflow/example_dags/tutorial_etl_dag.py
[2022-09-15 00:57:33,120] {processor.py:641} INFO - Processing file /home/airflow/.local/lib/python3.7/site-packages/airflow/example_dags/tutorial_etl_dag.py for tasks to queue
[2022-09-15 00:57:33,121] {logging_mixin.py:115} INFO - [2022-09-15 00:57:33,121] {dagbag.py:507} INFO - Filling up the DagBag from /home/airflow/.local/lib/python3.7/site-packages/airflow/example_dags/tutorial_etl_dag.py
[2022-09-15 00:57:33,131] {processor.py:651} INFO - DAG(s) dict_keys(['tutorial_etl_dag']) retrieved from /home/airflow/.local/lib/python3.7/site-packages/airflow/example_dags/tutorial_etl_dag.py
[2022-09-15 00:57:33,169] {logging_mixin.py:115} INFO - [2022-09-15 00:57:33,169] {dag.py:2371} INFO - Sync 1 DAGs
[2022-09-15 00:57:33,199] {logging_mixin.py:115} INFO - [2022-09-15 00:57:33,199] {dag.py:2919} INFO - Setting next_dagrun for tutorial_etl_dag to None, run_after=None
[2022-09-15 00:57:33,213] {processor.py:161} INFO - Processing /home/airflow/.local/lib/python3.7/site-packages/airflow/example_dags/tutorial_etl_dag.py took 0.100 seconds
[2022-09-15 00:58:05,144] {processor.py:153} INFO - Started process (PID=96501) to work on /home/airflow/.local/lib/python3.7/site-packages/airflow/example_dags/tutorial_etl_dag.py
[2022-09-15 00:58:05,147] {processor.py:641} INFO - Processing file /home/airflow/.local/lib/python3.7/site-packages/airflow/example_dags/tutorial_etl_dag.py for tasks to queue
[2022-09-15 00:58:05,149] {logging_mixin.py:115} INFO - [2022-09-15 00:58:05,149] {dagbag.py:507} INFO - Filling up the DagBag from /home/airflow/.local/lib/python3.7/site-packages/airflow/example_dags/tutorial_etl_dag.py
[2022-09-15 00:58:05,165] {processor.py:651} INFO - DAG(s) dict_keys(['tutorial_etl_dag']) retrieved from /home/airflow/.local/lib/python3.7/site-packages/airflow/example_dags/tutorial_etl_dag.py
[2022-09-15 00:58:05,210] {logging_mixin.py:115} INFO - [2022-09-15 00:58:05,210] {dag.py:2371} INFO - Sync 1 DAGs
[2022-09-15 00:58:05,244] {logging_mixin.py:115} INFO - [2022-09-15 00:58:05,244] {dag.py:2919} INFO - Setting next_dagrun for tutorial_etl_dag to None, run_after=None
[2022-09-15 00:58:05,266] {processor.py:161} INFO - Processing /home/airflow/.local/lib/python3.7/site-packages/airflow/example_dags/tutorial_etl_dag.py took 0.128 seconds
[2022-09-15 00:58:36,919] {processor.py:153} INFO - Started process (PID=96559) to work on /home/airflow/.local/lib/python3.7/site-packages/airflow/example_dags/tutorial_etl_dag.py
[2022-09-15 00:58:36,922] {processor.py:641} INFO - Processing file /home/airflow/.local/lib/python3.7/site-packages/airflow/example_dags/tutorial_etl_dag.py for tasks to queue
[2022-09-15 00:58:36,924] {logging_mixin.py:115} INFO - [2022-09-15 00:58:36,924] {dagbag.py:507} INFO - Filling up the DagBag from /home/airflow/.local/lib/python3.7/site-packages/airflow/example_dags/tutorial_etl_dag.py
[2022-09-15 00:58:36,941] {processor.py:651} INFO - DAG(s) dict_keys(['tutorial_etl_dag']) retrieved from /home/airflow/.local/lib/python3.7/site-packages/airflow/example_dags/tutorial_etl_dag.py
[2022-09-15 00:58:37,007] {logging_mixin.py:115} INFO - [2022-09-15 00:58:37,007] {dag.py:2371} INFO - Sync 1 DAGs
[2022-09-15 00:58:37,062] {logging_mixin.py:115} INFO - [2022-09-15 00:58:37,062] {dag.py:2919} INFO - Setting next_dagrun for tutorial_etl_dag to None, run_after=None
[2022-09-15 00:58:37,086] {processor.py:161} INFO - Processing /home/airflow/.local/lib/python3.7/site-packages/airflow/example_dags/tutorial_etl_dag.py took 0.173 seconds
[2022-09-15 00:59:07,875] {processor.py:153} INFO - Started process (PID=96626) to work on /home/airflow/.local/lib/python3.7/site-packages/airflow/example_dags/tutorial_etl_dag.py
[2022-09-15 00:59:07,877] {processor.py:641} INFO - Processing file /home/airflow/.local/lib/python3.7/site-packages/airflow/example_dags/tutorial_etl_dag.py for tasks to queue
[2022-09-15 00:59:07,878] {logging_mixin.py:115} INFO - [2022-09-15 00:59:07,878] {dagbag.py:507} INFO - Filling up the DagBag from /home/airflow/.local/lib/python3.7/site-packages/airflow/example_dags/tutorial_etl_dag.py
[2022-09-15 00:59:07,899] {processor.py:651} INFO - DAG(s) dict_keys(['tutorial_etl_dag']) retrieved from /home/airflow/.local/lib/python3.7/site-packages/airflow/example_dags/tutorial_etl_dag.py
[2022-09-15 00:59:07,944] {logging_mixin.py:115} INFO - [2022-09-15 00:59:07,944] {dag.py:2371} INFO - Sync 1 DAGs
[2022-09-15 00:59:07,979] {logging_mixin.py:115} INFO - [2022-09-15 00:59:07,979] {dag.py:2919} INFO - Setting next_dagrun for tutorial_etl_dag to None, run_after=None
[2022-09-15 00:59:08,001] {processor.py:161} INFO - Processing /home/airflow/.local/lib/python3.7/site-packages/airflow/example_dags/tutorial_etl_dag.py took 0.132 seconds
[2022-09-15 00:59:38,183] {processor.py:153} INFO - Started process (PID=96692) to work on /home/airflow/.local/lib/python3.7/site-packages/airflow/example_dags/tutorial_etl_dag.py
[2022-09-15 00:59:38,185] {processor.py:641} INFO - Processing file /home/airflow/.local/lib/python3.7/site-packages/airflow/example_dags/tutorial_etl_dag.py for tasks to queue
[2022-09-15 00:59:38,188] {logging_mixin.py:115} INFO - [2022-09-15 00:59:38,187] {dagbag.py:507} INFO - Filling up the DagBag from /home/airflow/.local/lib/python3.7/site-packages/airflow/example_dags/tutorial_etl_dag.py
[2022-09-15 00:59:38,214] {processor.py:651} INFO - DAG(s) dict_keys(['tutorial_etl_dag']) retrieved from /home/airflow/.local/lib/python3.7/site-packages/airflow/example_dags/tutorial_etl_dag.py
[2022-09-15 00:59:38,298] {logging_mixin.py:115} INFO - [2022-09-15 00:59:38,298] {dag.py:2371} INFO - Sync 1 DAGs
[2022-09-15 00:59:38,336] {logging_mixin.py:115} INFO - [2022-09-15 00:59:38,336] {dag.py:2919} INFO - Setting next_dagrun for tutorial_etl_dag to None, run_after=None
[2022-09-15 00:59:38,375] {processor.py:161} INFO - Processing /home/airflow/.local/lib/python3.7/site-packages/airflow/example_dags/tutorial_etl_dag.py took 0.199 seconds
[2022-09-15 01:00:08,478] {processor.py:153} INFO - Started process (PID=96749) to work on /home/airflow/.local/lib/python3.7/site-packages/airflow/example_dags/tutorial_etl_dag.py
[2022-09-15 01:00:08,479] {processor.py:641} INFO - Processing file /home/airflow/.local/lib/python3.7/site-packages/airflow/example_dags/tutorial_etl_dag.py for tasks to queue
[2022-09-15 01:00:08,480] {logging_mixin.py:115} INFO - [2022-09-15 01:00:08,480] {dagbag.py:507} INFO - Filling up the DagBag from /home/airflow/.local/lib/python3.7/site-packages/airflow/example_dags/tutorial_etl_dag.py
[2022-09-15 01:00:08,489] {processor.py:651} INFO - DAG(s) dict_keys(['tutorial_etl_dag']) retrieved from /home/airflow/.local/lib/python3.7/site-packages/airflow/example_dags/tutorial_etl_dag.py
[2022-09-15 01:00:08,520] {logging_mixin.py:115} INFO - [2022-09-15 01:00:08,519] {dag.py:2371} INFO - Sync 1 DAGs
[2022-09-15 01:00:08,547] {logging_mixin.py:115} INFO - [2022-09-15 01:00:08,547] {dag.py:2919} INFO - Setting next_dagrun for tutorial_etl_dag to None, run_after=None
[2022-09-15 01:00:08,564] {processor.py:161} INFO - Processing /home/airflow/.local/lib/python3.7/site-packages/airflow/example_dags/tutorial_etl_dag.py took 0.090 seconds
[2022-09-15 01:00:39,185] {processor.py:153} INFO - Started process (PID=96814) to work on /home/airflow/.local/lib/python3.7/site-packages/airflow/example_dags/tutorial_etl_dag.py
[2022-09-15 01:00:39,186] {processor.py:641} INFO - Processing file /home/airflow/.local/lib/python3.7/site-packages/airflow/example_dags/tutorial_etl_dag.py for tasks to queue
[2022-09-15 01:00:39,188] {logging_mixin.py:115} INFO - [2022-09-15 01:00:39,188] {dagbag.py:507} INFO - Filling up the DagBag from /home/airflow/.local/lib/python3.7/site-packages/airflow/example_dags/tutorial_etl_dag.py
[2022-09-15 01:00:39,198] {processor.py:651} INFO - DAG(s) dict_keys(['tutorial_etl_dag']) retrieved from /home/airflow/.local/lib/python3.7/site-packages/airflow/example_dags/tutorial_etl_dag.py
[2022-09-15 01:00:39,239] {logging_mixin.py:115} INFO - [2022-09-15 01:00:39,239] {dag.py:2371} INFO - Sync 1 DAGs
[2022-09-15 01:00:39,278] {logging_mixin.py:115} INFO - [2022-09-15 01:00:39,278] {dag.py:2919} INFO - Setting next_dagrun for tutorial_etl_dag to None, run_after=None
[2022-09-15 01:00:39,308] {processor.py:161} INFO - Processing /home/airflow/.local/lib/python3.7/site-packages/airflow/example_dags/tutorial_etl_dag.py took 0.127 seconds
[2022-09-15 01:01:10,998] {processor.py:153} INFO - Started process (PID=96881) to work on /home/airflow/.local/lib/python3.7/site-packages/airflow/example_dags/tutorial_etl_dag.py
[2022-09-15 01:01:11,000] {processor.py:641} INFO - Processing file /home/airflow/.local/lib/python3.7/site-packages/airflow/example_dags/tutorial_etl_dag.py for tasks to queue
[2022-09-15 01:01:11,002] {logging_mixin.py:115} INFO - [2022-09-15 01:01:11,002] {dagbag.py:507} INFO - Filling up the DagBag from /home/airflow/.local/lib/python3.7/site-packages/airflow/example_dags/tutorial_etl_dag.py
[2022-09-15 01:01:11,015] {processor.py:651} INFO - DAG(s) dict_keys(['tutorial_etl_dag']) retrieved from /home/airflow/.local/lib/python3.7/site-packages/airflow/example_dags/tutorial_etl_dag.py
[2022-09-15 01:01:11,062] {logging_mixin.py:115} INFO - [2022-09-15 01:01:11,062] {dag.py:2371} INFO - Sync 1 DAGs
[2022-09-15 01:01:11,097] {logging_mixin.py:115} INFO - [2022-09-15 01:01:11,097] {dag.py:2919} INFO - Setting next_dagrun for tutorial_etl_dag to None, run_after=None
[2022-09-15 01:01:11,127] {processor.py:161} INFO - Processing /home/airflow/.local/lib/python3.7/site-packages/airflow/example_dags/tutorial_etl_dag.py took 0.141 seconds
[2022-09-15 01:01:41,223] {processor.py:153} INFO - Started process (PID=96939) to work on /home/airflow/.local/lib/python3.7/site-packages/airflow/example_dags/tutorial_etl_dag.py
[2022-09-15 01:01:41,225] {processor.py:641} INFO - Processing file /home/airflow/.local/lib/python3.7/site-packages/airflow/example_dags/tutorial_etl_dag.py for tasks to queue
[2022-09-15 01:01:41,227] {logging_mixin.py:115} INFO - [2022-09-15 01:01:41,227] {dagbag.py:507} INFO - Filling up the DagBag from /home/airflow/.local/lib/python3.7/site-packages/airflow/example_dags/tutorial_etl_dag.py
[2022-09-15 01:01:41,235] {processor.py:651} INFO - DAG(s) dict_keys(['tutorial_etl_dag']) retrieved from /home/airflow/.local/lib/python3.7/site-packages/airflow/example_dags/tutorial_etl_dag.py
[2022-09-15 01:01:41,269] {logging_mixin.py:115} INFO - [2022-09-15 01:01:41,269] {dag.py:2371} INFO - Sync 1 DAGs
[2022-09-15 01:01:41,293] {logging_mixin.py:115} INFO - [2022-09-15 01:01:41,293] {dag.py:2919} INFO - Setting next_dagrun for tutorial_etl_dag to None, run_after=None
[2022-09-15 01:01:41,312] {processor.py:161} INFO - Processing /home/airflow/.local/lib/python3.7/site-packages/airflow/example_dags/tutorial_etl_dag.py took 0.096 seconds
[2022-09-15 01:02:12,747] {processor.py:153} INFO - Started process (PID=97008) to work on /home/airflow/.local/lib/python3.7/site-packages/airflow/example_dags/tutorial_etl_dag.py
[2022-09-15 01:02:12,749] {processor.py:641} INFO - Processing file /home/airflow/.local/lib/python3.7/site-packages/airflow/example_dags/tutorial_etl_dag.py for tasks to queue
[2022-09-15 01:02:12,751] {logging_mixin.py:115} INFO - [2022-09-15 01:02:12,751] {dagbag.py:507} INFO - Filling up the DagBag from /home/airflow/.local/lib/python3.7/site-packages/airflow/example_dags/tutorial_etl_dag.py
[2022-09-15 01:02:12,763] {processor.py:651} INFO - DAG(s) dict_keys(['tutorial_etl_dag']) retrieved from /home/airflow/.local/lib/python3.7/site-packages/airflow/example_dags/tutorial_etl_dag.py
[2022-09-15 01:02:12,812] {logging_mixin.py:115} INFO - [2022-09-15 01:02:12,811] {dag.py:2371} INFO - Sync 1 DAGs
[2022-09-15 01:02:12,851] {logging_mixin.py:115} INFO - [2022-09-15 01:02:12,851] {dag.py:2919} INFO - Setting next_dagrun for tutorial_etl_dag to None, run_after=None
[2022-09-15 01:02:12,874] {processor.py:161} INFO - Processing /home/airflow/.local/lib/python3.7/site-packages/airflow/example_dags/tutorial_etl_dag.py took 0.132 seconds
[2022-09-15 01:02:44,298] {processor.py:153} INFO - Started process (PID=97076) to work on /home/airflow/.local/lib/python3.7/site-packages/airflow/example_dags/tutorial_etl_dag.py
[2022-09-15 01:02:44,300] {processor.py:641} INFO - Processing file /home/airflow/.local/lib/python3.7/site-packages/airflow/example_dags/tutorial_etl_dag.py for tasks to queue
[2022-09-15 01:02:44,303] {logging_mixin.py:115} INFO - [2022-09-15 01:02:44,303] {dagbag.py:507} INFO - Filling up the DagBag from /home/airflow/.local/lib/python3.7/site-packages/airflow/example_dags/tutorial_etl_dag.py
[2022-09-15 01:02:44,340] {processor.py:651} INFO - DAG(s) dict_keys(['tutorial_etl_dag']) retrieved from /home/airflow/.local/lib/python3.7/site-packages/airflow/example_dags/tutorial_etl_dag.py
[2022-09-15 01:02:44,422] {logging_mixin.py:115} INFO - [2022-09-15 01:02:44,422] {dag.py:2371} INFO - Sync 1 DAGs
[2022-09-15 01:02:44,506] {logging_mixin.py:115} INFO - [2022-09-15 01:02:44,506] {dag.py:2919} INFO - Setting next_dagrun for tutorial_etl_dag to None, run_after=None
[2022-09-15 01:02:44,562] {processor.py:161} INFO - Processing /home/airflow/.local/lib/python3.7/site-packages/airflow/example_dags/tutorial_etl_dag.py took 0.270 seconds
[2022-09-15 01:03:14,958] {processor.py:153} INFO - Started process (PID=97135) to work on /home/airflow/.local/lib/python3.7/site-packages/airflow/example_dags/tutorial_etl_dag.py
[2022-09-15 01:03:14,960] {processor.py:641} INFO - Processing file /home/airflow/.local/lib/python3.7/site-packages/airflow/example_dags/tutorial_etl_dag.py for tasks to queue
[2022-09-15 01:03:14,963] {logging_mixin.py:115} INFO - [2022-09-15 01:03:14,963] {dagbag.py:507} INFO - Filling up the DagBag from /home/airflow/.local/lib/python3.7/site-packages/airflow/example_dags/tutorial_etl_dag.py
[2022-09-15 01:03:14,978] {processor.py:651} INFO - DAG(s) dict_keys(['tutorial_etl_dag']) retrieved from /home/airflow/.local/lib/python3.7/site-packages/airflow/example_dags/tutorial_etl_dag.py
[2022-09-15 01:03:15,040] {logging_mixin.py:115} INFO - [2022-09-15 01:03:15,040] {dag.py:2371} INFO - Sync 1 DAGs
[2022-09-15 01:03:15,077] {logging_mixin.py:115} INFO - [2022-09-15 01:03:15,076] {dag.py:2919} INFO - Setting next_dagrun for tutorial_etl_dag to None, run_after=None
[2022-09-15 01:03:15,094] {processor.py:161} INFO - Processing /home/airflow/.local/lib/python3.7/site-packages/airflow/example_dags/tutorial_etl_dag.py took 0.142 seconds
[2022-09-15 01:03:45,518] {processor.py:153} INFO - Started process (PID=97206) to work on /home/airflow/.local/lib/python3.7/site-packages/airflow/example_dags/tutorial_etl_dag.py
[2022-09-15 01:03:45,521] {processor.py:641} INFO - Processing file /home/airflow/.local/lib/python3.7/site-packages/airflow/example_dags/tutorial_etl_dag.py for tasks to queue
[2022-09-15 01:03:45,522] {logging_mixin.py:115} INFO - [2022-09-15 01:03:45,522] {dagbag.py:507} INFO - Filling up the DagBag from /home/airflow/.local/lib/python3.7/site-packages/airflow/example_dags/tutorial_etl_dag.py
[2022-09-15 01:03:45,538] {processor.py:651} INFO - DAG(s) dict_keys(['tutorial_etl_dag']) retrieved from /home/airflow/.local/lib/python3.7/site-packages/airflow/example_dags/tutorial_etl_dag.py
[2022-09-15 01:03:45,592] {logging_mixin.py:115} INFO - [2022-09-15 01:03:45,592] {dag.py:2371} INFO - Sync 1 DAGs
[2022-09-15 01:03:45,621] {logging_mixin.py:115} INFO - [2022-09-15 01:03:45,621] {dag.py:2919} INFO - Setting next_dagrun for tutorial_etl_dag to None, run_after=None
[2022-09-15 01:03:45,640] {processor.py:161} INFO - Processing /home/airflow/.local/lib/python3.7/site-packages/airflow/example_dags/tutorial_etl_dag.py took 0.128 seconds
[2022-09-15 01:04:16,370] {processor.py:153} INFO - Started process (PID=97263) to work on /home/airflow/.local/lib/python3.7/site-packages/airflow/example_dags/tutorial_etl_dag.py
[2022-09-15 01:04:16,372] {processor.py:641} INFO - Processing file /home/airflow/.local/lib/python3.7/site-packages/airflow/example_dags/tutorial_etl_dag.py for tasks to queue
[2022-09-15 01:04:16,374] {logging_mixin.py:115} INFO - [2022-09-15 01:04:16,374] {dagbag.py:507} INFO - Filling up the DagBag from /home/airflow/.local/lib/python3.7/site-packages/airflow/example_dags/tutorial_etl_dag.py
[2022-09-15 01:04:16,383] {processor.py:651} INFO - DAG(s) dict_keys(['tutorial_etl_dag']) retrieved from /home/airflow/.local/lib/python3.7/site-packages/airflow/example_dags/tutorial_etl_dag.py
[2022-09-15 01:04:16,416] {logging_mixin.py:115} INFO - [2022-09-15 01:04:16,416] {dag.py:2371} INFO - Sync 1 DAGs
[2022-09-15 01:04:16,445] {logging_mixin.py:115} INFO - [2022-09-15 01:04:16,445] {dag.py:2919} INFO - Setting next_dagrun for tutorial_etl_dag to None, run_after=None
[2022-09-15 01:04:16,460] {processor.py:161} INFO - Processing /home/airflow/.local/lib/python3.7/site-packages/airflow/example_dags/tutorial_etl_dag.py took 0.096 seconds
[2022-09-15 01:04:47,569] {processor.py:153} INFO - Started process (PID=97330) to work on /home/airflow/.local/lib/python3.7/site-packages/airflow/example_dags/tutorial_etl_dag.py
[2022-09-15 01:04:47,571] {processor.py:641} INFO - Processing file /home/airflow/.local/lib/python3.7/site-packages/airflow/example_dags/tutorial_etl_dag.py for tasks to queue
[2022-09-15 01:04:47,572] {logging_mixin.py:115} INFO - [2022-09-15 01:04:47,572] {dagbag.py:507} INFO - Filling up the DagBag from /home/airflow/.local/lib/python3.7/site-packages/airflow/example_dags/tutorial_etl_dag.py
[2022-09-15 01:04:47,583] {processor.py:651} INFO - DAG(s) dict_keys(['tutorial_etl_dag']) retrieved from /home/airflow/.local/lib/python3.7/site-packages/airflow/example_dags/tutorial_etl_dag.py
[2022-09-15 01:04:47,617] {logging_mixin.py:115} INFO - [2022-09-15 01:04:47,617] {dag.py:2371} INFO - Sync 1 DAGs
[2022-09-15 01:04:47,647] {logging_mixin.py:115} INFO - [2022-09-15 01:04:47,647] {dag.py:2919} INFO - Setting next_dagrun for tutorial_etl_dag to None, run_after=None
[2022-09-15 01:04:47,668] {processor.py:161} INFO - Processing /home/airflow/.local/lib/python3.7/site-packages/airflow/example_dags/tutorial_etl_dag.py took 0.106 seconds
[2022-09-15 01:05:18,515] {processor.py:153} INFO - Started process (PID=97400) to work on /home/airflow/.local/lib/python3.7/site-packages/airflow/example_dags/tutorial_etl_dag.py
[2022-09-15 01:05:18,516] {processor.py:641} INFO - Processing file /home/airflow/.local/lib/python3.7/site-packages/airflow/example_dags/tutorial_etl_dag.py for tasks to queue
[2022-09-15 01:05:18,517] {logging_mixin.py:115} INFO - [2022-09-15 01:05:18,517] {dagbag.py:507} INFO - Filling up the DagBag from /home/airflow/.local/lib/python3.7/site-packages/airflow/example_dags/tutorial_etl_dag.py
[2022-09-15 01:05:18,526] {processor.py:651} INFO - DAG(s) dict_keys(['tutorial_etl_dag']) retrieved from /home/airflow/.local/lib/python3.7/site-packages/airflow/example_dags/tutorial_etl_dag.py
[2022-09-15 01:05:18,562] {logging_mixin.py:115} INFO - [2022-09-15 01:05:18,562] {dag.py:2371} INFO - Sync 1 DAGs
[2022-09-15 01:05:18,589] {logging_mixin.py:115} INFO - [2022-09-15 01:05:18,589] {dag.py:2919} INFO - Setting next_dagrun for tutorial_etl_dag to None, run_after=None
[2022-09-15 01:05:18,606] {processor.py:161} INFO - Processing /home/airflow/.local/lib/python3.7/site-packages/airflow/example_dags/tutorial_etl_dag.py took 0.095 seconds
[2022-09-15 01:05:49,276] {processor.py:153} INFO - Started process (PID=97462) to work on /home/airflow/.local/lib/python3.7/site-packages/airflow/example_dags/tutorial_etl_dag.py
[2022-09-15 01:05:49,277] {processor.py:641} INFO - Processing file /home/airflow/.local/lib/python3.7/site-packages/airflow/example_dags/tutorial_etl_dag.py for tasks to queue
[2022-09-15 01:05:49,279] {logging_mixin.py:115} INFO - [2022-09-15 01:05:49,279] {dagbag.py:507} INFO - Filling up the DagBag from /home/airflow/.local/lib/python3.7/site-packages/airflow/example_dags/tutorial_etl_dag.py
[2022-09-15 01:05:49,312] {processor.py:651} INFO - DAG(s) dict_keys(['tutorial_etl_dag']) retrieved from /home/airflow/.local/lib/python3.7/site-packages/airflow/example_dags/tutorial_etl_dag.py
[2022-09-15 01:05:49,343] {logging_mixin.py:115} INFO - [2022-09-15 01:05:49,343] {dag.py:2371} INFO - Sync 1 DAGs
[2022-09-15 01:05:49,377] {logging_mixin.py:115} INFO - [2022-09-15 01:05:49,377] {dag.py:2919} INFO - Setting next_dagrun for tutorial_etl_dag to None, run_after=None
[2022-09-15 01:05:49,395] {processor.py:161} INFO - Processing /home/airflow/.local/lib/python3.7/site-packages/airflow/example_dags/tutorial_etl_dag.py took 0.123 seconds
[2022-09-15 01:06:20,266] {processor.py:153} INFO - Started process (PID=97529) to work on /home/airflow/.local/lib/python3.7/site-packages/airflow/example_dags/tutorial_etl_dag.py
[2022-09-15 01:06:20,267] {processor.py:641} INFO - Processing file /home/airflow/.local/lib/python3.7/site-packages/airflow/example_dags/tutorial_etl_dag.py for tasks to queue
[2022-09-15 01:06:20,269] {logging_mixin.py:115} INFO - [2022-09-15 01:06:20,269] {dagbag.py:507} INFO - Filling up the DagBag from /home/airflow/.local/lib/python3.7/site-packages/airflow/example_dags/tutorial_etl_dag.py
[2022-09-15 01:06:20,282] {processor.py:651} INFO - DAG(s) dict_keys(['tutorial_etl_dag']) retrieved from /home/airflow/.local/lib/python3.7/site-packages/airflow/example_dags/tutorial_etl_dag.py
[2022-09-15 01:06:20,318] {logging_mixin.py:115} INFO - [2022-09-15 01:06:20,318] {dag.py:2371} INFO - Sync 1 DAGs
[2022-09-15 01:06:20,347] {logging_mixin.py:115} INFO - [2022-09-15 01:06:20,347] {dag.py:2919} INFO - Setting next_dagrun for tutorial_etl_dag to None, run_after=None
[2022-09-15 01:06:20,370] {processor.py:161} INFO - Processing /home/airflow/.local/lib/python3.7/site-packages/airflow/example_dags/tutorial_etl_dag.py took 0.108 seconds
[2022-09-15 01:06:50,752] {processor.py:153} INFO - Started process (PID=97596) to work on /home/airflow/.local/lib/python3.7/site-packages/airflow/example_dags/tutorial_etl_dag.py
[2022-09-15 01:06:50,753] {processor.py:641} INFO - Processing file /home/airflow/.local/lib/python3.7/site-packages/airflow/example_dags/tutorial_etl_dag.py for tasks to queue
[2022-09-15 01:06:50,755] {logging_mixin.py:115} INFO - [2022-09-15 01:06:50,755] {dagbag.py:507} INFO - Filling up the DagBag from /home/airflow/.local/lib/python3.7/site-packages/airflow/example_dags/tutorial_etl_dag.py
[2022-09-15 01:06:50,793] {processor.py:651} INFO - DAG(s) dict_keys(['tutorial_etl_dag']) retrieved from /home/airflow/.local/lib/python3.7/site-packages/airflow/example_dags/tutorial_etl_dag.py
[2022-09-15 01:06:50,836] {logging_mixin.py:115} INFO - [2022-09-15 01:06:50,836] {dag.py:2371} INFO - Sync 1 DAGs
[2022-09-15 01:06:50,884] {logging_mixin.py:115} INFO - [2022-09-15 01:06:50,884] {dag.py:2919} INFO - Setting next_dagrun for tutorial_etl_dag to None, run_after=None
[2022-09-15 01:06:50,900] {processor.py:161} INFO - Processing /home/airflow/.local/lib/python3.7/site-packages/airflow/example_dags/tutorial_etl_dag.py took 0.155 seconds
[2022-09-15 01:07:21,313] {processor.py:153} INFO - Started process (PID=97653) to work on /home/airflow/.local/lib/python3.7/site-packages/airflow/example_dags/tutorial_etl_dag.py
[2022-09-15 01:07:21,316] {processor.py:641} INFO - Processing file /home/airflow/.local/lib/python3.7/site-packages/airflow/example_dags/tutorial_etl_dag.py for tasks to queue
[2022-09-15 01:07:21,318] {logging_mixin.py:115} INFO - [2022-09-15 01:07:21,318] {dagbag.py:507} INFO - Filling up the DagBag from /home/airflow/.local/lib/python3.7/site-packages/airflow/example_dags/tutorial_etl_dag.py
[2022-09-15 01:07:21,327] {processor.py:651} INFO - DAG(s) dict_keys(['tutorial_etl_dag']) retrieved from /home/airflow/.local/lib/python3.7/site-packages/airflow/example_dags/tutorial_etl_dag.py
[2022-09-15 01:07:21,359] {logging_mixin.py:115} INFO - [2022-09-15 01:07:21,358] {dag.py:2371} INFO - Sync 1 DAGs
[2022-09-15 01:07:21,386] {logging_mixin.py:115} INFO - [2022-09-15 01:07:21,386] {dag.py:2919} INFO - Setting next_dagrun for tutorial_etl_dag to None, run_after=None
[2022-09-15 01:07:21,409] {processor.py:161} INFO - Processing /home/airflow/.local/lib/python3.7/site-packages/airflow/example_dags/tutorial_etl_dag.py took 0.100 seconds
[2022-09-15 01:07:52,175] {processor.py:153} INFO - Started process (PID=97722) to work on /home/airflow/.local/lib/python3.7/site-packages/airflow/example_dags/tutorial_etl_dag.py
[2022-09-15 01:07:52,177] {processor.py:641} INFO - Processing file /home/airflow/.local/lib/python3.7/site-packages/airflow/example_dags/tutorial_etl_dag.py for tasks to queue
[2022-09-15 01:07:52,178] {logging_mixin.py:115} INFO - [2022-09-15 01:07:52,178] {dagbag.py:507} INFO - Filling up the DagBag from /home/airflow/.local/lib/python3.7/site-packages/airflow/example_dags/tutorial_etl_dag.py
[2022-09-15 01:07:52,187] {processor.py:651} INFO - DAG(s) dict_keys(['tutorial_etl_dag']) retrieved from /home/airflow/.local/lib/python3.7/site-packages/airflow/example_dags/tutorial_etl_dag.py
[2022-09-15 01:07:52,218] {logging_mixin.py:115} INFO - [2022-09-15 01:07:52,218] {dag.py:2371} INFO - Sync 1 DAGs
[2022-09-15 01:07:52,242] {logging_mixin.py:115} INFO - [2022-09-15 01:07:52,242] {dag.py:2919} INFO - Setting next_dagrun for tutorial_etl_dag to None, run_after=None
[2022-09-15 01:07:52,256] {processor.py:161} INFO - Processing /home/airflow/.local/lib/python3.7/site-packages/airflow/example_dags/tutorial_etl_dag.py took 0.085 seconds
[2022-09-15 01:08:23,551] {processor.py:153} INFO - Started process (PID=97790) to work on /home/airflow/.local/lib/python3.7/site-packages/airflow/example_dags/tutorial_etl_dag.py
[2022-09-15 01:08:23,554] {processor.py:641} INFO - Processing file /home/airflow/.local/lib/python3.7/site-packages/airflow/example_dags/tutorial_etl_dag.py for tasks to queue
[2022-09-15 01:08:23,556] {logging_mixin.py:115} INFO - [2022-09-15 01:08:23,556] {dagbag.py:507} INFO - Filling up the DagBag from /home/airflow/.local/lib/python3.7/site-packages/airflow/example_dags/tutorial_etl_dag.py
[2022-09-15 01:08:23,565] {processor.py:651} INFO - DAG(s) dict_keys(['tutorial_etl_dag']) retrieved from /home/airflow/.local/lib/python3.7/site-packages/airflow/example_dags/tutorial_etl_dag.py
[2022-09-15 01:08:23,598] {logging_mixin.py:115} INFO - [2022-09-15 01:08:23,598] {dag.py:2371} INFO - Sync 1 DAGs
[2022-09-15 01:08:23,625] {logging_mixin.py:115} INFO - [2022-09-15 01:08:23,625] {dag.py:2919} INFO - Setting next_dagrun for tutorial_etl_dag to None, run_after=None
[2022-09-15 01:08:23,641] {processor.py:161} INFO - Processing /home/airflow/.local/lib/python3.7/site-packages/airflow/example_dags/tutorial_etl_dag.py took 0.099 seconds
[2022-09-15 01:08:55,386] {processor.py:153} INFO - Started process (PID=97848) to work on /home/airflow/.local/lib/python3.7/site-packages/airflow/example_dags/tutorial_etl_dag.py
[2022-09-15 01:08:55,387] {processor.py:641} INFO - Processing file /home/airflow/.local/lib/python3.7/site-packages/airflow/example_dags/tutorial_etl_dag.py for tasks to queue
[2022-09-15 01:08:55,389] {logging_mixin.py:115} INFO - [2022-09-15 01:08:55,389] {dagbag.py:507} INFO - Filling up the DagBag from /home/airflow/.local/lib/python3.7/site-packages/airflow/example_dags/tutorial_etl_dag.py
[2022-09-15 01:08:55,402] {processor.py:651} INFO - DAG(s) dict_keys(['tutorial_etl_dag']) retrieved from /home/airflow/.local/lib/python3.7/site-packages/airflow/example_dags/tutorial_etl_dag.py
[2022-09-15 01:08:55,472] {logging_mixin.py:115} INFO - [2022-09-15 01:08:55,471] {dag.py:2371} INFO - Sync 1 DAGs
[2022-09-15 01:08:55,508] {logging_mixin.py:115} INFO - [2022-09-15 01:08:55,508] {dag.py:2919} INFO - Setting next_dagrun for tutorial_etl_dag to None, run_after=None
[2022-09-15 01:08:55,529] {processor.py:161} INFO - Processing /home/airflow/.local/lib/python3.7/site-packages/airflow/example_dags/tutorial_etl_dag.py took 0.150 seconds
[2022-09-15 01:09:25,683] {processor.py:153} INFO - Started process (PID=97914) to work on /home/airflow/.local/lib/python3.7/site-packages/airflow/example_dags/tutorial_etl_dag.py
[2022-09-15 01:09:25,685] {processor.py:641} INFO - Processing file /home/airflow/.local/lib/python3.7/site-packages/airflow/example_dags/tutorial_etl_dag.py for tasks to queue
[2022-09-15 01:09:25,687] {logging_mixin.py:115} INFO - [2022-09-15 01:09:25,687] {dagbag.py:507} INFO - Filling up the DagBag from /home/airflow/.local/lib/python3.7/site-packages/airflow/example_dags/tutorial_etl_dag.py
[2022-09-15 01:09:25,697] {processor.py:651} INFO - DAG(s) dict_keys(['tutorial_etl_dag']) retrieved from /home/airflow/.local/lib/python3.7/site-packages/airflow/example_dags/tutorial_etl_dag.py
[2022-09-15 01:09:25,760] {logging_mixin.py:115} INFO - [2022-09-15 01:09:25,760] {dag.py:2371} INFO - Sync 1 DAGs
[2022-09-15 01:09:25,788] {logging_mixin.py:115} INFO - [2022-09-15 01:09:25,788] {dag.py:2919} INFO - Setting next_dagrun for tutorial_etl_dag to None, run_after=None
[2022-09-15 01:09:25,802] {processor.py:161} INFO - Processing /home/airflow/.local/lib/python3.7/site-packages/airflow/example_dags/tutorial_etl_dag.py took 0.126 seconds
[2022-09-15 01:09:57,216] {processor.py:153} INFO - Started process (PID=97981) to work on /home/airflow/.local/lib/python3.7/site-packages/airflow/example_dags/tutorial_etl_dag.py
[2022-09-15 01:09:57,217] {processor.py:641} INFO - Processing file /home/airflow/.local/lib/python3.7/site-packages/airflow/example_dags/tutorial_etl_dag.py for tasks to queue
[2022-09-15 01:09:57,218] {logging_mixin.py:115} INFO - [2022-09-15 01:09:57,218] {dagbag.py:507} INFO - Filling up the DagBag from /home/airflow/.local/lib/python3.7/site-packages/airflow/example_dags/tutorial_etl_dag.py
[2022-09-15 01:09:57,229] {processor.py:651} INFO - DAG(s) dict_keys(['tutorial_etl_dag']) retrieved from /home/airflow/.local/lib/python3.7/site-packages/airflow/example_dags/tutorial_etl_dag.py
[2022-09-15 01:09:57,265] {logging_mixin.py:115} INFO - [2022-09-15 01:09:57,265] {dag.py:2371} INFO - Sync 1 DAGs
[2022-09-15 01:09:57,293] {logging_mixin.py:115} INFO - [2022-09-15 01:09:57,293] {dag.py:2919} INFO - Setting next_dagrun for tutorial_etl_dag to None, run_after=None
[2022-09-15 01:09:57,309] {processor.py:161} INFO - Processing /home/airflow/.local/lib/python3.7/site-packages/airflow/example_dags/tutorial_etl_dag.py took 0.097 seconds
[2022-09-15 01:10:28,456] {processor.py:153} INFO - Started process (PID=98047) to work on /home/airflow/.local/lib/python3.7/site-packages/airflow/example_dags/tutorial_etl_dag.py
[2022-09-15 01:10:28,460] {processor.py:641} INFO - Processing file /home/airflow/.local/lib/python3.7/site-packages/airflow/example_dags/tutorial_etl_dag.py for tasks to queue
[2022-09-15 01:10:28,463] {logging_mixin.py:115} INFO - [2022-09-15 01:10:28,463] {dagbag.py:507} INFO - Filling up the DagBag from /home/airflow/.local/lib/python3.7/site-packages/airflow/example_dags/tutorial_etl_dag.py
[2022-09-15 01:10:28,480] {processor.py:651} INFO - DAG(s) dict_keys(['tutorial_etl_dag']) retrieved from /home/airflow/.local/lib/python3.7/site-packages/airflow/example_dags/tutorial_etl_dag.py
[2022-09-15 01:10:28,526] {logging_mixin.py:115} INFO - [2022-09-15 01:10:28,525] {dag.py:2371} INFO - Sync 1 DAGs
[2022-09-15 01:10:28,573] {logging_mixin.py:115} INFO - [2022-09-15 01:10:28,573] {dag.py:2919} INFO - Setting next_dagrun for tutorial_etl_dag to None, run_after=None
[2022-09-15 01:10:28,613] {processor.py:161} INFO - Processing /home/airflow/.local/lib/python3.7/site-packages/airflow/example_dags/tutorial_etl_dag.py took 0.167 seconds
[2022-09-15 01:10:59,562] {processor.py:153} INFO - Started process (PID=98105) to work on /home/airflow/.local/lib/python3.7/site-packages/airflow/example_dags/tutorial_etl_dag.py
[2022-09-15 01:10:59,564] {processor.py:641} INFO - Processing file /home/airflow/.local/lib/python3.7/site-packages/airflow/example_dags/tutorial_etl_dag.py for tasks to queue
[2022-09-15 01:10:59,565] {logging_mixin.py:115} INFO - [2022-09-15 01:10:59,565] {dagbag.py:507} INFO - Filling up the DagBag from /home/airflow/.local/lib/python3.7/site-packages/airflow/example_dags/tutorial_etl_dag.py
[2022-09-15 01:10:59,574] {processor.py:651} INFO - DAG(s) dict_keys(['tutorial_etl_dag']) retrieved from /home/airflow/.local/lib/python3.7/site-packages/airflow/example_dags/tutorial_etl_dag.py
[2022-09-15 01:10:59,608] {logging_mixin.py:115} INFO - [2022-09-15 01:10:59,608] {dag.py:2371} INFO - Sync 1 DAGs
[2022-09-15 01:10:59,633] {logging_mixin.py:115} INFO - [2022-09-15 01:10:59,633] {dag.py:2919} INFO - Setting next_dagrun for tutorial_etl_dag to None, run_after=None
[2022-09-15 01:10:59,645] {processor.py:161} INFO - Processing /home/airflow/.local/lib/python3.7/site-packages/airflow/example_dags/tutorial_etl_dag.py took 0.087 seconds
[2022-09-15 01:11:30,637] {processor.py:153} INFO - Started process (PID=98174) to work on /home/airflow/.local/lib/python3.7/site-packages/airflow/example_dags/tutorial_etl_dag.py
[2022-09-15 01:11:30,638] {processor.py:641} INFO - Processing file /home/airflow/.local/lib/python3.7/site-packages/airflow/example_dags/tutorial_etl_dag.py for tasks to queue
[2022-09-15 01:11:30,640] {logging_mixin.py:115} INFO - [2022-09-15 01:11:30,639] {dagbag.py:507} INFO - Filling up the DagBag from /home/airflow/.local/lib/python3.7/site-packages/airflow/example_dags/tutorial_etl_dag.py
[2022-09-15 01:11:30,648] {processor.py:651} INFO - DAG(s) dict_keys(['tutorial_etl_dag']) retrieved from /home/airflow/.local/lib/python3.7/site-packages/airflow/example_dags/tutorial_etl_dag.py
[2022-09-15 01:11:30,691] {logging_mixin.py:115} INFO - [2022-09-15 01:11:30,691] {dag.py:2371} INFO - Sync 1 DAGs
[2022-09-15 01:11:30,717] {logging_mixin.py:115} INFO - [2022-09-15 01:11:30,717] {dag.py:2919} INFO - Setting next_dagrun for tutorial_etl_dag to None, run_after=None
[2022-09-15 01:11:30,731] {processor.py:161} INFO - Processing /home/airflow/.local/lib/python3.7/site-packages/airflow/example_dags/tutorial_etl_dag.py took 0.097 seconds
[2022-09-15 01:12:01,598] {processor.py:153} INFO - Started process (PID=98242) to work on /home/airflow/.local/lib/python3.7/site-packages/airflow/example_dags/tutorial_etl_dag.py
[2022-09-15 01:12:01,599] {processor.py:641} INFO - Processing file /home/airflow/.local/lib/python3.7/site-packages/airflow/example_dags/tutorial_etl_dag.py for tasks to queue
[2022-09-15 01:12:01,600] {logging_mixin.py:115} INFO - [2022-09-15 01:12:01,600] {dagbag.py:507} INFO - Filling up the DagBag from /home/airflow/.local/lib/python3.7/site-packages/airflow/example_dags/tutorial_etl_dag.py
[2022-09-15 01:12:01,609] {processor.py:651} INFO - DAG(s) dict_keys(['tutorial_etl_dag']) retrieved from /home/airflow/.local/lib/python3.7/site-packages/airflow/example_dags/tutorial_etl_dag.py
[2022-09-15 01:12:01,640] {logging_mixin.py:115} INFO - [2022-09-15 01:12:01,640] {dag.py:2371} INFO - Sync 1 DAGs
[2022-09-15 01:12:01,667] {logging_mixin.py:115} INFO - [2022-09-15 01:12:01,666] {dag.py:2919} INFO - Setting next_dagrun for tutorial_etl_dag to None, run_after=None
[2022-09-15 01:12:01,682] {processor.py:161} INFO - Processing /home/airflow/.local/lib/python3.7/site-packages/airflow/example_dags/tutorial_etl_dag.py took 0.088 seconds
[2022-09-15 01:12:32,248] {processor.py:153} INFO - Started process (PID=98298) to work on /home/airflow/.local/lib/python3.7/site-packages/airflow/example_dags/tutorial_etl_dag.py
[2022-09-15 01:12:32,249] {processor.py:641} INFO - Processing file /home/airflow/.local/lib/python3.7/site-packages/airflow/example_dags/tutorial_etl_dag.py for tasks to queue
[2022-09-15 01:12:32,251] {logging_mixin.py:115} INFO - [2022-09-15 01:12:32,251] {dagbag.py:507} INFO - Filling up the DagBag from /home/airflow/.local/lib/python3.7/site-packages/airflow/example_dags/tutorial_etl_dag.py
[2022-09-15 01:12:32,259] {processor.py:651} INFO - DAG(s) dict_keys(['tutorial_etl_dag']) retrieved from /home/airflow/.local/lib/python3.7/site-packages/airflow/example_dags/tutorial_etl_dag.py
[2022-09-15 01:12:32,293] {logging_mixin.py:115} INFO - [2022-09-15 01:12:32,293] {dag.py:2371} INFO - Sync 1 DAGs
[2022-09-15 01:12:32,321] {logging_mixin.py:115} INFO - [2022-09-15 01:12:32,321] {dag.py:2919} INFO - Setting next_dagrun for tutorial_etl_dag to None, run_after=None
[2022-09-15 01:12:32,338] {processor.py:161} INFO - Processing /home/airflow/.local/lib/python3.7/site-packages/airflow/example_dags/tutorial_etl_dag.py took 0.094 seconds
[2022-09-15 01:13:03,156] {processor.py:153} INFO - Started process (PID=98366) to work on /home/airflow/.local/lib/python3.7/site-packages/airflow/example_dags/tutorial_etl_dag.py
[2022-09-15 01:13:03,157] {processor.py:641} INFO - Processing file /home/airflow/.local/lib/python3.7/site-packages/airflow/example_dags/tutorial_etl_dag.py for tasks to queue
[2022-09-15 01:13:03,159] {logging_mixin.py:115} INFO - [2022-09-15 01:13:03,159] {dagbag.py:507} INFO - Filling up the DagBag from /home/airflow/.local/lib/python3.7/site-packages/airflow/example_dags/tutorial_etl_dag.py
[2022-09-15 01:13:03,167] {processor.py:651} INFO - DAG(s) dict_keys(['tutorial_etl_dag']) retrieved from /home/airflow/.local/lib/python3.7/site-packages/airflow/example_dags/tutorial_etl_dag.py
[2022-09-15 01:13:03,198] {logging_mixin.py:115} INFO - [2022-09-15 01:13:03,198] {dag.py:2371} INFO - Sync 1 DAGs
[2022-09-15 01:13:03,226] {logging_mixin.py:115} INFO - [2022-09-15 01:13:03,226] {dag.py:2919} INFO - Setting next_dagrun for tutorial_etl_dag to None, run_after=None
[2022-09-15 01:13:03,248] {processor.py:161} INFO - Processing /home/airflow/.local/lib/python3.7/site-packages/airflow/example_dags/tutorial_etl_dag.py took 0.095 seconds
[2022-09-15 01:13:33,979] {processor.py:153} INFO - Started process (PID=98427) to work on /home/airflow/.local/lib/python3.7/site-packages/airflow/example_dags/tutorial_etl_dag.py
[2022-09-15 01:13:33,981] {processor.py:641} INFO - Processing file /home/airflow/.local/lib/python3.7/site-packages/airflow/example_dags/tutorial_etl_dag.py for tasks to queue
[2022-09-15 01:13:33,983] {logging_mixin.py:115} INFO - [2022-09-15 01:13:33,982] {dagbag.py:507} INFO - Filling up the DagBag from /home/airflow/.local/lib/python3.7/site-packages/airflow/example_dags/tutorial_etl_dag.py
[2022-09-15 01:13:33,991] {processor.py:651} INFO - DAG(s) dict_keys(['tutorial_etl_dag']) retrieved from /home/airflow/.local/lib/python3.7/site-packages/airflow/example_dags/tutorial_etl_dag.py
[2022-09-15 01:13:34,033] {logging_mixin.py:115} INFO - [2022-09-15 01:13:34,033] {dag.py:2371} INFO - Sync 1 DAGs
[2022-09-15 01:13:34,065] {logging_mixin.py:115} INFO - [2022-09-15 01:13:34,065] {dag.py:2919} INFO - Setting next_dagrun for tutorial_etl_dag to None, run_after=None
[2022-09-15 01:13:34,083] {processor.py:161} INFO - Processing /home/airflow/.local/lib/python3.7/site-packages/airflow/example_dags/tutorial_etl_dag.py took 0.107 seconds
[2022-09-15 01:14:04,523] {processor.py:153} INFO - Started process (PID=98495) to work on /home/airflow/.local/lib/python3.7/site-packages/airflow/example_dags/tutorial_etl_dag.py
[2022-09-15 01:14:04,526] {processor.py:641} INFO - Processing file /home/airflow/.local/lib/python3.7/site-packages/airflow/example_dags/tutorial_etl_dag.py for tasks to queue
[2022-09-15 01:14:04,528] {logging_mixin.py:115} INFO - [2022-09-15 01:14:04,528] {dagbag.py:507} INFO - Filling up the DagBag from /home/airflow/.local/lib/python3.7/site-packages/airflow/example_dags/tutorial_etl_dag.py
[2022-09-15 01:14:04,537] {processor.py:651} INFO - DAG(s) dict_keys(['tutorial_etl_dag']) retrieved from /home/airflow/.local/lib/python3.7/site-packages/airflow/example_dags/tutorial_etl_dag.py
[2022-09-15 01:14:04,567] {logging_mixin.py:115} INFO - [2022-09-15 01:14:04,566] {dag.py:2371} INFO - Sync 1 DAGs
[2022-09-15 01:14:04,591] {logging_mixin.py:115} INFO - [2022-09-15 01:14:04,590] {dag.py:2919} INFO - Setting next_dagrun for tutorial_etl_dag to None, run_after=None
[2022-09-15 01:14:04,607] {processor.py:161} INFO - Processing /home/airflow/.local/lib/python3.7/site-packages/airflow/example_dags/tutorial_etl_dag.py took 0.092 seconds
[2022-09-15 01:14:35,656] {processor.py:153} INFO - Started process (PID=98563) to work on /home/airflow/.local/lib/python3.7/site-packages/airflow/example_dags/tutorial_etl_dag.py
[2022-09-15 01:14:35,657] {processor.py:641} INFO - Processing file /home/airflow/.local/lib/python3.7/site-packages/airflow/example_dags/tutorial_etl_dag.py for tasks to queue
[2022-09-15 01:14:35,659] {logging_mixin.py:115} INFO - [2022-09-15 01:14:35,659] {dagbag.py:507} INFO - Filling up the DagBag from /home/airflow/.local/lib/python3.7/site-packages/airflow/example_dags/tutorial_etl_dag.py
[2022-09-15 01:14:35,668] {processor.py:651} INFO - DAG(s) dict_keys(['tutorial_etl_dag']) retrieved from /home/airflow/.local/lib/python3.7/site-packages/airflow/example_dags/tutorial_etl_dag.py
[2022-09-15 01:14:35,706] {logging_mixin.py:115} INFO - [2022-09-15 01:14:35,706] {dag.py:2371} INFO - Sync 1 DAGs
[2022-09-15 01:14:35,729] {logging_mixin.py:115} INFO - [2022-09-15 01:14:35,729] {dag.py:2919} INFO - Setting next_dagrun for tutorial_etl_dag to None, run_after=None
[2022-09-15 01:14:35,742] {processor.py:161} INFO - Processing /home/airflow/.local/lib/python3.7/site-packages/airflow/example_dags/tutorial_etl_dag.py took 0.090 seconds
[2022-09-15 01:15:06,620] {processor.py:153} INFO - Started process (PID=98635) to work on /home/airflow/.local/lib/python3.7/site-packages/airflow/example_dags/tutorial_etl_dag.py
[2022-09-15 01:15:06,622] {processor.py:641} INFO - Processing file /home/airflow/.local/lib/python3.7/site-packages/airflow/example_dags/tutorial_etl_dag.py for tasks to queue
[2022-09-15 01:15:06,623] {logging_mixin.py:115} INFO - [2022-09-15 01:15:06,623] {dagbag.py:507} INFO - Filling up the DagBag from /home/airflow/.local/lib/python3.7/site-packages/airflow/example_dags/tutorial_etl_dag.py
[2022-09-15 01:15:06,631] {processor.py:651} INFO - DAG(s) dict_keys(['tutorial_etl_dag']) retrieved from /home/airflow/.local/lib/python3.7/site-packages/airflow/example_dags/tutorial_etl_dag.py
[2022-09-15 01:15:06,665] {logging_mixin.py:115} INFO - [2022-09-15 01:15:06,665] {dag.py:2371} INFO - Sync 1 DAGs
[2022-09-15 01:15:06,693] {logging_mixin.py:115} INFO - [2022-09-15 01:15:06,692] {dag.py:2919} INFO - Setting next_dagrun for tutorial_etl_dag to None, run_after=None
[2022-09-15 01:15:06,713] {processor.py:161} INFO - Processing /home/airflow/.local/lib/python3.7/site-packages/airflow/example_dags/tutorial_etl_dag.py took 0.096 seconds
[2022-09-15 01:15:37,970] {processor.py:153} INFO - Started process (PID=98693) to work on /home/airflow/.local/lib/python3.7/site-packages/airflow/example_dags/tutorial_etl_dag.py
[2022-09-15 01:15:37,972] {processor.py:641} INFO - Processing file /home/airflow/.local/lib/python3.7/site-packages/airflow/example_dags/tutorial_etl_dag.py for tasks to queue
[2022-09-15 01:15:37,973] {logging_mixin.py:115} INFO - [2022-09-15 01:15:37,973] {dagbag.py:507} INFO - Filling up the DagBag from /home/airflow/.local/lib/python3.7/site-packages/airflow/example_dags/tutorial_etl_dag.py
[2022-09-15 01:15:37,981] {processor.py:651} INFO - DAG(s) dict_keys(['tutorial_etl_dag']) retrieved from /home/airflow/.local/lib/python3.7/site-packages/airflow/example_dags/tutorial_etl_dag.py
[2022-09-15 01:15:38,017] {logging_mixin.py:115} INFO - [2022-09-15 01:15:38,017] {dag.py:2371} INFO - Sync 1 DAGs
[2022-09-15 01:15:38,047] {logging_mixin.py:115} INFO - [2022-09-15 01:15:38,047] {dag.py:2919} INFO - Setting next_dagrun for tutorial_etl_dag to None, run_after=None
[2022-09-15 01:15:38,070] {processor.py:161} INFO - Processing /home/airflow/.local/lib/python3.7/site-packages/airflow/example_dags/tutorial_etl_dag.py took 0.104 seconds
[2022-09-15 01:16:09,023] {processor.py:153} INFO - Started process (PID=98760) to work on /home/airflow/.local/lib/python3.7/site-packages/airflow/example_dags/tutorial_etl_dag.py
[2022-09-15 01:16:09,024] {processor.py:641} INFO - Processing file /home/airflow/.local/lib/python3.7/site-packages/airflow/example_dags/tutorial_etl_dag.py for tasks to queue
[2022-09-15 01:16:09,026] {logging_mixin.py:115} INFO - [2022-09-15 01:16:09,026] {dagbag.py:507} INFO - Filling up the DagBag from /home/airflow/.local/lib/python3.7/site-packages/airflow/example_dags/tutorial_etl_dag.py
[2022-09-15 01:16:09,035] {processor.py:651} INFO - DAG(s) dict_keys(['tutorial_etl_dag']) retrieved from /home/airflow/.local/lib/python3.7/site-packages/airflow/example_dags/tutorial_etl_dag.py
[2022-09-15 01:16:09,064] {logging_mixin.py:115} INFO - [2022-09-15 01:16:09,064] {dag.py:2371} INFO - Sync 1 DAGs
[2022-09-15 01:16:09,088] {logging_mixin.py:115} INFO - [2022-09-15 01:16:09,088] {dag.py:2919} INFO - Setting next_dagrun for tutorial_etl_dag to None, run_after=None
[2022-09-15 01:16:09,100] {processor.py:161} INFO - Processing /home/airflow/.local/lib/python3.7/site-packages/airflow/example_dags/tutorial_etl_dag.py took 0.080 seconds
[2022-09-15 01:16:39,786] {processor.py:153} INFO - Started process (PID=98826) to work on /home/airflow/.local/lib/python3.7/site-packages/airflow/example_dags/tutorial_etl_dag.py
[2022-09-15 01:16:39,788] {processor.py:641} INFO - Processing file /home/airflow/.local/lib/python3.7/site-packages/airflow/example_dags/tutorial_etl_dag.py for tasks to queue
[2022-09-15 01:16:39,789] {logging_mixin.py:115} INFO - [2022-09-15 01:16:39,789] {dagbag.py:507} INFO - Filling up the DagBag from /home/airflow/.local/lib/python3.7/site-packages/airflow/example_dags/tutorial_etl_dag.py
[2022-09-15 01:16:39,801] {processor.py:651} INFO - DAG(s) dict_keys(['tutorial_etl_dag']) retrieved from /home/airflow/.local/lib/python3.7/site-packages/airflow/example_dags/tutorial_etl_dag.py
[2022-09-15 01:16:39,848] {logging_mixin.py:115} INFO - [2022-09-15 01:16:39,848] {dag.py:2371} INFO - Sync 1 DAGs
[2022-09-15 01:16:39,887] {logging_mixin.py:115} INFO - [2022-09-15 01:16:39,887] {dag.py:2919} INFO - Setting next_dagrun for tutorial_etl_dag to None, run_after=None
[2022-09-15 01:16:39,905] {processor.py:161} INFO - Processing /home/airflow/.local/lib/python3.7/site-packages/airflow/example_dags/tutorial_etl_dag.py took 0.124 seconds
[2022-09-15 01:17:10,654] {processor.py:153} INFO - Started process (PID=98885) to work on /home/airflow/.local/lib/python3.7/site-packages/airflow/example_dags/tutorial_etl_dag.py
[2022-09-15 01:17:10,655] {processor.py:641} INFO - Processing file /home/airflow/.local/lib/python3.7/site-packages/airflow/example_dags/tutorial_etl_dag.py for tasks to queue
[2022-09-15 01:17:10,656] {logging_mixin.py:115} INFO - [2022-09-15 01:17:10,656] {dagbag.py:507} INFO - Filling up the DagBag from /home/airflow/.local/lib/python3.7/site-packages/airflow/example_dags/tutorial_etl_dag.py
[2022-09-15 01:17:10,665] {processor.py:651} INFO - DAG(s) dict_keys(['tutorial_etl_dag']) retrieved from /home/airflow/.local/lib/python3.7/site-packages/airflow/example_dags/tutorial_etl_dag.py
[2022-09-15 01:17:10,695] {logging_mixin.py:115} INFO - [2022-09-15 01:17:10,695] {dag.py:2371} INFO - Sync 1 DAGs
[2022-09-15 01:17:10,719] {logging_mixin.py:115} INFO - [2022-09-15 01:17:10,719] {dag.py:2919} INFO - Setting next_dagrun for tutorial_etl_dag to None, run_after=None
[2022-09-15 01:17:10,736] {processor.py:161} INFO - Processing /home/airflow/.local/lib/python3.7/site-packages/airflow/example_dags/tutorial_etl_dag.py took 0.086 seconds
[2022-09-15 01:17:41,783] {processor.py:153} INFO - Started process (PID=98954) to work on /home/airflow/.local/lib/python3.7/site-packages/airflow/example_dags/tutorial_etl_dag.py
[2022-09-15 01:17:41,789] {processor.py:641} INFO - Processing file /home/airflow/.local/lib/python3.7/site-packages/airflow/example_dags/tutorial_etl_dag.py for tasks to queue
[2022-09-15 01:17:41,793] {logging_mixin.py:115} INFO - [2022-09-15 01:17:41,792] {dagbag.py:507} INFO - Filling up the DagBag from /home/airflow/.local/lib/python3.7/site-packages/airflow/example_dags/tutorial_etl_dag.py
[2022-09-15 01:17:41,808] {processor.py:651} INFO - DAG(s) dict_keys(['tutorial_etl_dag']) retrieved from /home/airflow/.local/lib/python3.7/site-packages/airflow/example_dags/tutorial_etl_dag.py
[2022-09-15 01:17:41,855] {logging_mixin.py:115} INFO - [2022-09-15 01:17:41,854] {dag.py:2371} INFO - Sync 1 DAGs
[2022-09-15 01:17:41,890] {logging_mixin.py:115} INFO - [2022-09-15 01:17:41,890] {dag.py:2919} INFO - Setting next_dagrun for tutorial_etl_dag to None, run_after=None
[2022-09-15 01:17:41,907] {processor.py:161} INFO - Processing /home/airflow/.local/lib/python3.7/site-packages/airflow/example_dags/tutorial_etl_dag.py took 0.155 seconds
