[2022-09-13 00:08:14,274] {taskinstance.py:1159} INFO - Dependencies all met for <TaskInstance: tcc_dag.generate-card-trello manual__2022-09-13T00:08:04.750614+00:00 [queued]>
[2022-09-13 00:08:14,300] {taskinstance.py:1159} INFO - Dependencies all met for <TaskInstance: tcc_dag.generate-card-trello manual__2022-09-13T00:08:04.750614+00:00 [queued]>
[2022-09-13 00:08:14,301] {taskinstance.py:1356} INFO - 
--------------------------------------------------------------------------------
[2022-09-13 00:08:14,303] {taskinstance.py:1357} INFO - Starting attempt 1 of 1
[2022-09-13 00:08:14,304] {taskinstance.py:1358} INFO - 
--------------------------------------------------------------------------------
[2022-09-13 00:08:14,333] {taskinstance.py:1377} INFO - Executing <Task(PythonOperator): generate-card-trello> on 2022-09-13 00:08:04.750614+00:00
[2022-09-13 00:08:14,354] {standard_task_runner.py:52} INFO - Started process 28275 to run task
[2022-09-13 00:08:14,362] {standard_task_runner.py:79} INFO - Running: ['***', 'tasks', 'run', 'tcc_dag', 'generate-card-trello', 'manual__2022-09-13T00:08:04.750614+00:00', '--job-id', '752', '--raw', '--subdir', 'DAGS_FOLDER/.ipynb_checkpoints/tcc_dag-checkpoint.py', '--cfg-path', '/tmp/tmpo90at45k', '--error-file', '/tmp/tmpmwi0hs5b']
[2022-09-13 00:08:14,364] {standard_task_runner.py:80} INFO - Job 752: Subtask generate-card-trello
[2022-09-13 00:08:14,504] {task_command.py:369} INFO - Running <TaskInstance: tcc_dag.generate-card-trello manual__2022-09-13T00:08:04.750614+00:00 [running]> on host b6ddae3e9f9e
[2022-09-13 00:08:14,606] {taskinstance.py:1571} INFO - Exporting the following env vars:
AIRFLOW_CTX_DAG_OWNER=Michelle Mesquita
AIRFLOW_CTX_DAG_ID=tcc_dag
AIRFLOW_CTX_TASK_ID=generate-card-trello
AIRFLOW_CTX_EXECUTION_DATE=2022-09-13T00:08:04.750614+00:00
AIRFLOW_CTX_TRY_NUMBER=1
AIRFLOW_CTX_DAG_RUN_ID=manual__2022-09-13T00:08:04.750614+00:00
[2022-09-13 00:08:14,611] {python.py:173} INFO - Done. Returned value was: None
[2022-09-13 00:08:14,629] {taskinstance.py:1400} INFO - Marking task as SUCCESS. dag_id=tcc_dag, task_id=generate-card-trello, execution_date=20220913T000804, start_date=20220913T000814, end_date=20220913T000814
[2022-09-13 00:08:14,698] {local_task_job.py:156} INFO - Task exited with return code 0
[2022-09-13 00:08:14,750] {local_task_job.py:273} INFO - 0 downstream tasks scheduled from follow-on schedule check
