[2022-09-09 01:37:17,908] {taskinstance.py:1159} INFO - Dependencies all met for <TaskInstance: tcc_dag.github-sca-data manual__2022-09-09T01:37:15.879547+00:00 [queued]>
[2022-09-09 01:37:17,932] {taskinstance.py:1159} INFO - Dependencies all met for <TaskInstance: tcc_dag.github-sca-data manual__2022-09-09T01:37:15.879547+00:00 [queued]>
[2022-09-09 01:37:17,933] {taskinstance.py:1356} INFO - 
--------------------------------------------------------------------------------
[2022-09-09 01:37:17,935] {taskinstance.py:1357} INFO - Starting attempt 1 of 1
[2022-09-09 01:37:17,936] {taskinstance.py:1358} INFO - 
--------------------------------------------------------------------------------
[2022-09-09 01:37:17,982] {taskinstance.py:1377} INFO - Executing <Task(PythonOperator): github-sca-data> on 2022-09-09 01:37:15.879547+00:00
[2022-09-09 01:37:17,999] {standard_task_runner.py:52} INFO - Started process 87 to run task
[2022-09-09 01:37:18,007] {standard_task_runner.py:79} INFO - Running: ['***', 'tasks', 'run', 'tcc_dag', 'github-sca-data', 'manual__2022-09-09T01:37:15.879547+00:00', '--job-id', '405', '--raw', '--subdir', 'DAGS_FOLDER/.ipynb_checkpoints/tcc_dag-checkpoint.py', '--cfg-path', '/tmp/tmpm2snr048', '--error-file', '/tmp/tmppt_571pk']
[2022-09-09 01:37:18,011] {standard_task_runner.py:80} INFO - Job 405: Subtask github-sca-data
[2022-09-09 01:37:18,146] {task_command.py:369} INFO - Running <TaskInstance: tcc_dag.github-sca-data manual__2022-09-09T01:37:15.879547+00:00 [running]> on host b6ddae3e9f9e
[2022-09-09 01:37:18,276] {taskinstance.py:1571} INFO - Exporting the following env vars:
AIRFLOW_CTX_DAG_OWNER=Michelle Mesquita
AIRFLOW_CTX_DAG_ID=tcc_dag
AIRFLOW_CTX_TASK_ID=github-sca-data
AIRFLOW_CTX_EXECUTION_DATE=2022-09-09T01:37:15.879547+00:00
AIRFLOW_CTX_TRY_NUMBER=1
AIRFLOW_CTX_DAG_RUN_ID=manual__2022-09-09T01:37:15.879547+00:00
[2022-09-09 01:37:18,282] {logging_mixin.py:115} INFO - repository: michelleamesquita/cypress-ci-report
[2022-09-09 01:37:19,666] {logging_mixin.py:115} INFO - finished
[2022-09-09 01:37:19,669] {python.py:173} INFO - Done. Returned value was: None
[2022-09-09 01:37:19,704] {taskinstance.py:1400} INFO - Marking task as SUCCESS. dag_id=tcc_dag, task_id=github-sca-data, execution_date=20220909T013715, start_date=20220909T013717, end_date=20220909T013719
[2022-09-09 01:37:19,814] {local_task_job.py:156} INFO - Task exited with return code 0
[2022-09-09 01:37:19,916] {local_task_job.py:273} INFO - 0 downstream tasks scheduled from follow-on schedule check
