[2022-09-12 03:59:54,406] {taskinstance.py:1159} INFO - Dependencies all met for <TaskInstance: tcc_dag.generate-csv-data manual__2022-09-12T03:59:45.336924+00:00 [queued]>
[2022-09-12 03:59:54,422] {taskinstance.py:1159} INFO - Dependencies all met for <TaskInstance: tcc_dag.generate-csv-data manual__2022-09-12T03:59:45.336924+00:00 [queued]>
[2022-09-12 03:59:54,423] {taskinstance.py:1356} INFO - 
--------------------------------------------------------------------------------
[2022-09-12 03:59:54,423] {taskinstance.py:1357} INFO - Starting attempt 1 of 1
[2022-09-12 03:59:54,424] {taskinstance.py:1358} INFO - 
--------------------------------------------------------------------------------
[2022-09-12 03:59:54,438] {taskinstance.py:1377} INFO - Executing <Task(PythonOperator): generate-csv-data> on 2022-09-12 03:59:45.336924+00:00
[2022-09-12 03:59:54,445] {standard_task_runner.py:52} INFO - Started process 20921 to run task
[2022-09-12 03:59:54,449] {standard_task_runner.py:79} INFO - Running: ['***', 'tasks', 'run', 'tcc_dag', 'generate-csv-data', 'manual__2022-09-12T03:59:45.336924+00:00', '--job-id', '657', '--raw', '--subdir', 'DAGS_FOLDER/.ipynb_checkpoints/tcc_dag-checkpoint.py', '--cfg-path', '/tmp/tmpxyfxnlsg', '--error-file', '/tmp/tmpf40c0h4l']
[2022-09-12 03:59:54,451] {standard_task_runner.py:80} INFO - Job 657: Subtask generate-csv-data
[2022-09-12 03:59:54,523] {task_command.py:369} INFO - Running <TaskInstance: tcc_dag.generate-csv-data manual__2022-09-12T03:59:45.336924+00:00 [running]> on host b6ddae3e9f9e
[2022-09-12 03:59:54,600] {taskinstance.py:1571} INFO - Exporting the following env vars:
AIRFLOW_CTX_DAG_OWNER=Michelle Mesquita
AIRFLOW_CTX_DAG_ID=tcc_dag
AIRFLOW_CTX_TASK_ID=generate-csv-data
AIRFLOW_CTX_EXECUTION_DATE=2022-09-12T03:59:45.336924+00:00
AIRFLOW_CTX_TRY_NUMBER=1
AIRFLOW_CTX_DAG_RUN_ID=manual__2022-09-12T03:59:45.336924+00:00
[2022-09-12 03:59:54,642] {logging_mixin.py:115} INFO - finished
[2022-09-12 03:59:54,644] {python.py:173} INFO - Done. Returned value was: None
[2022-09-12 03:59:54,665] {taskinstance.py:1400} INFO - Marking task as SUCCESS. dag_id=tcc_dag, task_id=generate-csv-data, execution_date=20220912T035945, start_date=20220912T035954, end_date=20220912T035954
[2022-09-12 03:59:54,709] {local_task_job.py:156} INFO - Task exited with return code 0
[2022-09-12 03:59:54,761] {local_task_job.py:273} INFO - 1 downstream tasks scheduled from follow-on schedule check
