[2022-09-12 04:16:30,781] {taskinstance.py:1159} INFO - Dependencies all met for <TaskInstance: tcc_dag.github-sca-data manual__2022-09-12T04:16:28.379051+00:00 [queued]>
[2022-09-12 04:16:30,800] {taskinstance.py:1159} INFO - Dependencies all met for <TaskInstance: tcc_dag.github-sca-data manual__2022-09-12T04:16:28.379051+00:00 [queued]>
[2022-09-12 04:16:30,802] {taskinstance.py:1356} INFO - 
--------------------------------------------------------------------------------
[2022-09-12 04:16:30,803] {taskinstance.py:1357} INFO - Starting attempt 1 of 1
[2022-09-12 04:16:30,806] {taskinstance.py:1358} INFO - 
--------------------------------------------------------------------------------
[2022-09-12 04:16:30,864] {taskinstance.py:1377} INFO - Executing <Task(PythonOperator): github-sca-data> on 2022-09-12 04:16:28.379051+00:00
[2022-09-12 04:16:30,873] {standard_task_runner.py:52} INFO - Started process 21963 to run task
[2022-09-12 04:16:30,888] {standard_task_runner.py:79} INFO - Running: ['***', 'tasks', 'run', 'tcc_dag', 'github-sca-data', 'manual__2022-09-12T04:16:28.379051+00:00', '--job-id', '683', '--raw', '--subdir', 'DAGS_FOLDER/.ipynb_checkpoints/tcc_dag-checkpoint.py', '--cfg-path', '/tmp/tmp27b978tj', '--error-file', '/tmp/tmpfz1le1z1']
[2022-09-12 04:16:30,892] {standard_task_runner.py:80} INFO - Job 683: Subtask github-sca-data
[2022-09-12 04:16:31,181] {task_command.py:369} INFO - Running <TaskInstance: tcc_dag.github-sca-data manual__2022-09-12T04:16:28.379051+00:00 [running]> on host b6ddae3e9f9e
[2022-09-12 04:16:31,395] {taskinstance.py:1571} INFO - Exporting the following env vars:
AIRFLOW_CTX_DAG_OWNER=Michelle Mesquita
AIRFLOW_CTX_DAG_ID=tcc_dag
AIRFLOW_CTX_TASK_ID=github-sca-data
AIRFLOW_CTX_EXECUTION_DATE=2022-09-12T04:16:28.379051+00:00
AIRFLOW_CTX_TRY_NUMBER=1
AIRFLOW_CTX_DAG_RUN_ID=manual__2022-09-12T04:16:28.379051+00:00
[2022-09-12 04:16:31,400] {logging_mixin.py:115} INFO - repository: michelleamesquita/cypress-ci-report
[2022-09-12 04:16:34,218] {python.py:173} INFO - Done. Returned value was: None
[2022-09-12 04:16:34,240] {taskinstance.py:1400} INFO - Marking task as SUCCESS. dag_id=tcc_dag, task_id=github-sca-data, execution_date=20220912T041628, start_date=20220912T041630, end_date=20220912T041634
[2022-09-12 04:16:34,291] {local_task_job.py:156} INFO - Task exited with return code 0
[2022-09-12 04:16:34,373] {local_task_job.py:273} INFO - 0 downstream tasks scheduled from follow-on schedule check
