[2022-09-13 00:39:14,370] {taskinstance.py:1159} INFO - Dependencies all met for <TaskInstance: tcc_dag.snyk-sast-data manual__2022-09-13T00:39:12.341989+00:00 [queued]>
[2022-09-13 00:39:14,397] {taskinstance.py:1159} INFO - Dependencies all met for <TaskInstance: tcc_dag.snyk-sast-data manual__2022-09-13T00:39:12.341989+00:00 [queued]>
[2022-09-13 00:39:14,398] {taskinstance.py:1356} INFO - 
--------------------------------------------------------------------------------
[2022-09-13 00:39:14,400] {taskinstance.py:1357} INFO - Starting attempt 1 of 1
[2022-09-13 00:39:14,402] {taskinstance.py:1358} INFO - 
--------------------------------------------------------------------------------
[2022-09-13 00:39:14,543] {taskinstance.py:1377} INFO - Executing <Task(PythonOperator): snyk-sast-data> on 2022-09-13 00:39:12.341989+00:00
[2022-09-13 00:39:14,572] {standard_task_runner.py:52} INFO - Started process 30123 to run task
[2022-09-13 00:39:14,592] {standard_task_runner.py:79} INFO - Running: ['***', 'tasks', 'run', 'tcc_dag', 'snyk-sast-data', 'manual__2022-09-13T00:39:12.341989+00:00', '--job-id', '783', '--raw', '--subdir', 'DAGS_FOLDER/tcc_dag.py', '--cfg-path', '/tmp/tmpqjhgbzpq', '--error-file', '/tmp/tmp9yollg3s']
[2022-09-13 00:39:14,598] {standard_task_runner.py:80} INFO - Job 783: Subtask snyk-sast-data
[2022-09-13 00:39:14,802] {task_command.py:369} INFO - Running <TaskInstance: tcc_dag.snyk-sast-data manual__2022-09-13T00:39:12.341989+00:00 [running]> on host b6ddae3e9f9e
[2022-09-13 00:39:14,986] {taskinstance.py:1571} INFO - Exporting the following env vars:
AIRFLOW_CTX_DAG_OWNER=Michelle Mesquita
AIRFLOW_CTX_DAG_ID=tcc_dag
AIRFLOW_CTX_TASK_ID=snyk-sast-data
AIRFLOW_CTX_EXECUTION_DATE=2022-09-13T00:39:12.341989+00:00
AIRFLOW_CTX_TRY_NUMBER=1
AIRFLOW_CTX_DAG_RUN_ID=manual__2022-09-13T00:39:12.341989+00:00
[2022-09-13 00:39:14,997] {logging_mixin.py:115} INFO - project_id: 5e157f37-dace-4d41-91ba-3c3430cc8f5a
[2022-09-13 00:39:17,133] {logging_mixin.py:115} INFO - project_id: c6e8d78c-f60e-4fbb-bf24-c4b854164caa
[2022-09-13 00:39:19,170] {python.py:173} INFO - Done. Returned value was: None
[2022-09-13 00:39:19,189] {taskinstance.py:1400} INFO - Marking task as SUCCESS. dag_id=tcc_dag, task_id=snyk-sast-data, execution_date=20220913T003912, start_date=20220913T003914, end_date=20220913T003919
[2022-09-13 00:39:19,234] {local_task_job.py:156} INFO - Task exited with return code 0
[2022-09-13 00:39:19,292] {local_task_job.py:273} INFO - 1 downstream tasks scheduled from follow-on schedule check
