[2022-09-12 03:48:16,684] {taskinstance.py:1159} INFO - Dependencies all met for <TaskInstance: tcc_dag.github-sca-data manual__2022-09-12T03:48:15.104836+00:00 [queued]>
[2022-09-12 03:48:16,698] {taskinstance.py:1159} INFO - Dependencies all met for <TaskInstance: tcc_dag.github-sca-data manual__2022-09-12T03:48:15.104836+00:00 [queued]>
[2022-09-12 03:48:16,699] {taskinstance.py:1356} INFO - 
--------------------------------------------------------------------------------
[2022-09-12 03:48:16,700] {taskinstance.py:1357} INFO - Starting attempt 1 of 1
[2022-09-12 03:48:16,701] {taskinstance.py:1358} INFO - 
--------------------------------------------------------------------------------
[2022-09-12 03:48:16,720] {taskinstance.py:1377} INFO - Executing <Task(PythonOperator): github-sca-data> on 2022-09-12 03:48:15.104836+00:00
[2022-09-12 03:48:16,726] {standard_task_runner.py:52} INFO - Started process 20157 to run task
[2022-09-12 03:48:16,738] {standard_task_runner.py:79} INFO - Running: ['***', 'tasks', 'run', 'tcc_dag', 'github-sca-data', 'manual__2022-09-12T03:48:15.104836+00:00', '--job-id', '638', '--raw', '--subdir', 'DAGS_FOLDER/tcc_dag.py', '--cfg-path', '/tmp/tmp1qfdw2r3', '--error-file', '/tmp/tmp3tl946rz']
[2022-09-12 03:48:16,740] {standard_task_runner.py:80} INFO - Job 638: Subtask github-sca-data
[2022-09-12 03:48:16,886] {task_command.py:369} INFO - Running <TaskInstance: tcc_dag.github-sca-data manual__2022-09-12T03:48:15.104836+00:00 [running]> on host b6ddae3e9f9e
[2022-09-12 03:48:17,028] {taskinstance.py:1571} INFO - Exporting the following env vars:
AIRFLOW_CTX_DAG_OWNER=Michelle Mesquita
AIRFLOW_CTX_DAG_ID=tcc_dag
AIRFLOW_CTX_TASK_ID=github-sca-data
AIRFLOW_CTX_EXECUTION_DATE=2022-09-12T03:48:15.104836+00:00
AIRFLOW_CTX_TRY_NUMBER=1
AIRFLOW_CTX_DAG_RUN_ID=manual__2022-09-12T03:48:15.104836+00:00
[2022-09-12 03:48:17,036] {logging_mixin.py:115} INFO - repository: michelleamesquita/cypress-ci-report
[2022-09-12 03:48:20,306] {python.py:173} INFO - Done. Returned value was: None
[2022-09-12 03:48:20,353] {taskinstance.py:1400} INFO - Marking task as SUCCESS. dag_id=tcc_dag, task_id=github-sca-data, execution_date=20220912T034815, start_date=20220912T034816, end_date=20220912T034820
[2022-09-12 03:48:20,449] {local_task_job.py:156} INFO - Task exited with return code 0
[2022-09-12 03:48:20,571] {local_task_job.py:273} INFO - 0 downstream tasks scheduled from follow-on schedule check
