[2022-09-11 21:37:37,576] {taskinstance.py:1159} INFO - Dependencies all met for <TaskInstance: tcc_dag.generate-csv-data manual__2022-09-11T21:37:31.451991+00:00 [queued]>
[2022-09-11 21:37:37,591] {taskinstance.py:1159} INFO - Dependencies all met for <TaskInstance: tcc_dag.generate-csv-data manual__2022-09-11T21:37:31.451991+00:00 [queued]>
[2022-09-11 21:37:37,592] {taskinstance.py:1356} INFO - 
--------------------------------------------------------------------------------
[2022-09-11 21:37:37,593] {taskinstance.py:1357} INFO - Starting attempt 1 of 1
[2022-09-11 21:37:37,594] {taskinstance.py:1358} INFO - 
--------------------------------------------------------------------------------
[2022-09-11 21:37:37,610] {taskinstance.py:1377} INFO - Executing <Task(PythonOperator): generate-csv-data> on 2022-09-11 21:37:31.451991+00:00
[2022-09-11 21:37:37,616] {standard_task_runner.py:52} INFO - Started process 3463 to run task
[2022-09-11 21:37:37,620] {standard_task_runner.py:79} INFO - Running: ['***', 'tasks', 'run', 'tcc_dag', 'generate-csv-data', 'manual__2022-09-11T21:37:31.451991+00:00', '--job-id', '563', '--raw', '--subdir', 'DAGS_FOLDER/.ipynb_checkpoints/tcc_dag-checkpoint.py', '--cfg-path', '/tmp/tmprucmdegx', '--error-file', '/tmp/tmpap7ypeqo']
[2022-09-11 21:37:37,622] {standard_task_runner.py:80} INFO - Job 563: Subtask generate-csv-data
[2022-09-11 21:37:37,692] {task_command.py:369} INFO - Running <TaskInstance: tcc_dag.generate-csv-data manual__2022-09-11T21:37:31.451991+00:00 [running]> on host b6ddae3e9f9e
[2022-09-11 21:37:37,765] {taskinstance.py:1571} INFO - Exporting the following env vars:
AIRFLOW_CTX_DAG_OWNER=Michelle Mesquita
AIRFLOW_CTX_DAG_ID=tcc_dag
AIRFLOW_CTX_TASK_ID=generate-csv-data
AIRFLOW_CTX_EXECUTION_DATE=2022-09-11T21:37:31.451991+00:00
AIRFLOW_CTX_TRY_NUMBER=1
AIRFLOW_CTX_DAG_RUN_ID=manual__2022-09-11T21:37:31.451991+00:00
[2022-09-11 21:37:37,813] {logging_mixin.py:115} INFO - finished
[2022-09-11 21:37:37,814] {python.py:173} INFO - Done. Returned value was: None
[2022-09-11 21:37:37,828] {taskinstance.py:1400} INFO - Marking task as SUCCESS. dag_id=tcc_dag, task_id=generate-csv-data, execution_date=20220911T213731, start_date=20220911T213737, end_date=20220911T213737
[2022-09-11 21:37:37,876] {local_task_job.py:156} INFO - Task exited with return code 0
[2022-09-11 21:37:37,971] {local_task_job.py:273} INFO - 1 downstream tasks scheduled from follow-on schedule check
