[2022-09-13 00:39:14,821] {taskinstance.py:1159} INFO - Dependencies all met for <TaskInstance: tcc_dag.github-sca-data manual__2022-09-13T00:39:12.341989+00:00 [queued]>
[2022-09-13 00:39:14,839] {taskinstance.py:1159} INFO - Dependencies all met for <TaskInstance: tcc_dag.github-sca-data manual__2022-09-13T00:39:12.341989+00:00 [queued]>
[2022-09-13 00:39:14,840] {taskinstance.py:1356} INFO - 
--------------------------------------------------------------------------------
[2022-09-13 00:39:14,841] {taskinstance.py:1357} INFO - Starting attempt 1 of 1
[2022-09-13 00:39:14,842] {taskinstance.py:1358} INFO - 
--------------------------------------------------------------------------------
[2022-09-13 00:39:14,890] {taskinstance.py:1377} INFO - Executing <Task(PythonOperator): github-sca-data> on 2022-09-13 00:39:12.341989+00:00
[2022-09-13 00:39:14,899] {standard_task_runner.py:52} INFO - Started process 30124 to run task
[2022-09-13 00:39:14,918] {standard_task_runner.py:79} INFO - Running: ['***', 'tasks', 'run', 'tcc_dag', 'github-sca-data', 'manual__2022-09-13T00:39:12.341989+00:00', '--job-id', '784', '--raw', '--subdir', 'DAGS_FOLDER/tcc_dag.py', '--cfg-path', '/tmp/tmp68rtrm3y', '--error-file', '/tmp/tmps611362m']
[2022-09-13 00:39:14,921] {standard_task_runner.py:80} INFO - Job 784: Subtask github-sca-data
[2022-09-13 00:39:15,032] {task_command.py:369} INFO - Running <TaskInstance: tcc_dag.github-sca-data manual__2022-09-13T00:39:12.341989+00:00 [running]> on host b6ddae3e9f9e
[2022-09-13 00:39:15,220] {taskinstance.py:1571} INFO - Exporting the following env vars:
AIRFLOW_CTX_DAG_OWNER=Michelle Mesquita
AIRFLOW_CTX_DAG_ID=tcc_dag
AIRFLOW_CTX_TASK_ID=github-sca-data
AIRFLOW_CTX_EXECUTION_DATE=2022-09-13T00:39:12.341989+00:00
AIRFLOW_CTX_TRY_NUMBER=1
AIRFLOW_CTX_DAG_RUN_ID=manual__2022-09-13T00:39:12.341989+00:00
[2022-09-13 00:39:15,224] {logging_mixin.py:115} INFO - repository: michelleamesquita/cypress-ci-report
[2022-09-13 00:39:17,435] {python.py:173} INFO - Done. Returned value was: None
[2022-09-13 00:39:17,468] {taskinstance.py:1400} INFO - Marking task as SUCCESS. dag_id=tcc_dag, task_id=github-sca-data, execution_date=20220913T003912, start_date=20220913T003914, end_date=20220913T003917
[2022-09-13 00:39:17,528] {local_task_job.py:156} INFO - Task exited with return code 0
[2022-09-13 00:39:17,689] {local_task_job.py:273} INFO - 0 downstream tasks scheduled from follow-on schedule check
