[2022-09-11 21:25:46,876] {taskinstance.py:1159} INFO - Dependencies all met for <TaskInstance: tcc_dag.github-sca-data manual__2022-09-11T21:25:44.996354+00:00 [queued]>
[2022-09-11 21:25:46,894] {taskinstance.py:1159} INFO - Dependencies all met for <TaskInstance: tcc_dag.github-sca-data manual__2022-09-11T21:25:44.996354+00:00 [queued]>
[2022-09-11 21:25:46,895] {taskinstance.py:1356} INFO - 
--------------------------------------------------------------------------------
[2022-09-11 21:25:46,896] {taskinstance.py:1357} INFO - Starting attempt 1 of 1
[2022-09-11 21:25:46,897] {taskinstance.py:1358} INFO - 
--------------------------------------------------------------------------------
[2022-09-11 21:25:46,913] {taskinstance.py:1377} INFO - Executing <Task(PythonOperator): github-sca-data> on 2022-09-11 21:25:44.996354+00:00
[2022-09-11 21:25:46,920] {standard_task_runner.py:52} INFO - Started process 2539 to run task
[2022-09-11 21:25:46,925] {standard_task_runner.py:79} INFO - Running: ['***', 'tasks', 'run', 'tcc_dag', 'github-sca-data', 'manual__2022-09-11T21:25:44.996354+00:00', '--job-id', '530', '--raw', '--subdir', 'DAGS_FOLDER/.ipynb_checkpoints/tcc_dag-checkpoint.py', '--cfg-path', '/tmp/tmpnuc4wgtn', '--error-file', '/tmp/tmp9g0wzd6_']
[2022-09-11 21:25:46,927] {standard_task_runner.py:80} INFO - Job 530: Subtask github-sca-data
[2022-09-11 21:25:47,051] {task_command.py:369} INFO - Running <TaskInstance: tcc_dag.github-sca-data manual__2022-09-11T21:25:44.996354+00:00 [running]> on host b6ddae3e9f9e
[2022-09-11 21:25:47,154] {taskinstance.py:1571} INFO - Exporting the following env vars:
AIRFLOW_CTX_DAG_OWNER=Michelle Mesquita
AIRFLOW_CTX_DAG_ID=tcc_dag
AIRFLOW_CTX_TASK_ID=github-sca-data
AIRFLOW_CTX_EXECUTION_DATE=2022-09-11T21:25:44.996354+00:00
AIRFLOW_CTX_TRY_NUMBER=1
AIRFLOW_CTX_DAG_RUN_ID=manual__2022-09-11T21:25:44.996354+00:00
[2022-09-11 21:25:47,160] {logging_mixin.py:115} INFO - repository: michelleamesquita/cypress-ci-report
[2022-09-11 21:25:49,269] {python.py:173} INFO - Done. Returned value was: None
[2022-09-11 21:25:49,289] {taskinstance.py:1400} INFO - Marking task as SUCCESS. dag_id=tcc_dag, task_id=github-sca-data, execution_date=20220911T212544, start_date=20220911T212546, end_date=20220911T212549
[2022-09-11 21:25:49,328] {local_task_job.py:156} INFO - Task exited with return code 0
[2022-09-11 21:25:49,383] {local_task_job.py:273} INFO - 0 downstream tasks scheduled from follow-on schedule check
