[2022-09-13 00:42:08,234] {taskinstance.py:1159} INFO - Dependencies all met for <TaskInstance: tcc_dag.generate-card-trello manual__2022-09-13T00:41:57.918241+00:00 [queued]>
[2022-09-13 00:42:08,248] {taskinstance.py:1159} INFO - Dependencies all met for <TaskInstance: tcc_dag.generate-card-trello manual__2022-09-13T00:41:57.918241+00:00 [queued]>
[2022-09-13 00:42:08,249] {taskinstance.py:1356} INFO - 
--------------------------------------------------------------------------------
[2022-09-13 00:42:08,250] {taskinstance.py:1357} INFO - Starting attempt 1 of 1
[2022-09-13 00:42:08,251] {taskinstance.py:1358} INFO - 
--------------------------------------------------------------------------------
[2022-09-13 00:42:08,271] {taskinstance.py:1377} INFO - Executing <Task(PythonOperator): generate-card-trello> on 2022-09-13 00:41:57.918241+00:00
[2022-09-13 00:42:08,278] {standard_task_runner.py:52} INFO - Started process 30433 to run task
[2022-09-13 00:42:08,283] {standard_task_runner.py:79} INFO - Running: ['***', 'tasks', 'run', 'tcc_dag', 'generate-card-trello', 'manual__2022-09-13T00:41:57.918241+00:00', '--job-id', '800', '--raw', '--subdir', 'DAGS_FOLDER/tcc_dag.py', '--cfg-path', '/tmp/tmp4xrdnypg', '--error-file', '/tmp/tmpx4scksf2']
[2022-09-13 00:42:08,285] {standard_task_runner.py:80} INFO - Job 800: Subtask generate-card-trello
[2022-09-13 00:42:08,369] {task_command.py:369} INFO - Running <TaskInstance: tcc_dag.generate-card-trello manual__2022-09-13T00:41:57.918241+00:00 [running]> on host b6ddae3e9f9e
[2022-09-13 00:42:08,513] {taskinstance.py:1571} INFO - Exporting the following env vars:
AIRFLOW_CTX_DAG_OWNER=Michelle Mesquita
AIRFLOW_CTX_DAG_ID=tcc_dag
AIRFLOW_CTX_TASK_ID=generate-card-trello
AIRFLOW_CTX_EXECUTION_DATE=2022-09-13T00:41:57.918241+00:00
AIRFLOW_CTX_TRY_NUMBER=1
AIRFLOW_CTX_DAG_RUN_ID=manual__2022-09-13T00:41:57.918241+00:00
[2022-09-13 00:42:11,376] {python.py:173} INFO - Done. Returned value was: None
[2022-09-13 00:42:11,396] {taskinstance.py:1400} INFO - Marking task as SUCCESS. dag_id=tcc_dag, task_id=generate-card-trello, execution_date=20220913T004157, start_date=20220913T004208, end_date=20220913T004211
[2022-09-13 00:42:11,456] {local_task_job.py:156} INFO - Task exited with return code 0
[2022-09-13 00:42:11,493] {local_task_job.py:273} INFO - 0 downstream tasks scheduled from follow-on schedule check
