[2022-09-12 04:14:16,596] {taskinstance.py:1159} INFO - Dependencies all met for <TaskInstance: tcc_dag.add-db-data manual__2022-09-12T04:14:06.901411+00:00 [queued]>
[2022-09-12 04:14:16,607] {taskinstance.py:1159} INFO - Dependencies all met for <TaskInstance: tcc_dag.add-db-data manual__2022-09-12T04:14:06.901411+00:00 [queued]>
[2022-09-12 04:14:16,608] {taskinstance.py:1356} INFO - 
--------------------------------------------------------------------------------
[2022-09-12 04:14:16,609] {taskinstance.py:1357} INFO - Starting attempt 1 of 1
[2022-09-12 04:14:16,609] {taskinstance.py:1358} INFO - 
--------------------------------------------------------------------------------
[2022-09-12 04:14:16,624] {taskinstance.py:1377} INFO - Executing <Task(PythonOperator): add-db-data> on 2022-09-12 04:14:06.901411+00:00
[2022-09-12 04:14:16,630] {standard_task_runner.py:52} INFO - Started process 21835 to run task
[2022-09-12 04:14:16,634] {standard_task_runner.py:79} INFO - Running: ['***', 'tasks', 'run', 'tcc_dag', 'add-db-data', 'manual__2022-09-12T04:14:06.901411+00:00', '--job-id', '680', '--raw', '--subdir', 'DAGS_FOLDER/tcc_dag.py', '--cfg-path', '/tmp/tmp3xsg1rvo', '--error-file', '/tmp/tmp5dd163jr']
[2022-09-12 04:14:16,635] {standard_task_runner.py:80} INFO - Job 680: Subtask add-db-data
[2022-09-12 04:14:16,704] {task_command.py:369} INFO - Running <TaskInstance: tcc_dag.add-db-data manual__2022-09-12T04:14:06.901411+00:00 [running]> on host b6ddae3e9f9e
[2022-09-12 04:14:16,784] {taskinstance.py:1571} INFO - Exporting the following env vars:
AIRFLOW_CTX_DAG_OWNER=Michelle Mesquita
AIRFLOW_CTX_DAG_ID=tcc_dag
AIRFLOW_CTX_TASK_ID=add-db-data
AIRFLOW_CTX_EXECUTION_DATE=2022-09-12T04:14:06.901411+00:00
AIRFLOW_CTX_TRY_NUMBER=1
AIRFLOW_CTX_DAG_RUN_ID=manual__2022-09-12T04:14:06.901411+00:00
[2022-09-12 04:14:16,799] {logging_mixin.py:115} INFO - Connecting to the MySQL database...
[2022-09-12 04:14:16,825] {logging_mixin.py:115} INFO - Database connection closed.
[2022-09-12 04:14:16,837] {logging_mixin.py:115} INFO - Connecting to the MySQL database...
[2022-09-12 04:14:16,868] {logging_mixin.py:115} INFO - Database connection closed.
[2022-09-12 04:14:16,885] {python.py:173} INFO - Done. Returned value was: None
[2022-09-12 04:14:16,902] {taskinstance.py:1400} INFO - Marking task as SUCCESS. dag_id=tcc_dag, task_id=add-db-data, execution_date=20220912T041406, start_date=20220912T041416, end_date=20220912T041416
[2022-09-12 04:14:16,929] {local_task_job.py:156} INFO - Task exited with return code 0
[2022-09-12 04:14:16,981] {local_task_job.py:273} INFO - 1 downstream tasks scheduled from follow-on schedule check
