[2022-09-11 21:41:06,240] {taskinstance.py:1159} INFO - Dependencies all met for <TaskInstance: tcc_dag.github-sca-data manual__2022-09-11T21:41:04.436761+00:00 [queued]>
[2022-09-11 21:41:06,291] {taskinstance.py:1159} INFO - Dependencies all met for <TaskInstance: tcc_dag.github-sca-data manual__2022-09-11T21:41:04.436761+00:00 [queued]>
[2022-09-11 21:41:06,297] {taskinstance.py:1356} INFO - 
--------------------------------------------------------------------------------
[2022-09-11 21:41:06,301] {taskinstance.py:1357} INFO - Starting attempt 1 of 1
[2022-09-11 21:41:06,306] {taskinstance.py:1358} INFO - 
--------------------------------------------------------------------------------
[2022-09-11 21:41:06,364] {taskinstance.py:1377} INFO - Executing <Task(PythonOperator): github-sca-data> on 2022-09-11 21:41:04.436761+00:00
[2022-09-11 21:41:06,383] {standard_task_runner.py:52} INFO - Started process 3651 to run task
[2022-09-11 21:41:06,412] {standard_task_runner.py:79} INFO - Running: ['***', 'tasks', 'run', 'tcc_dag', 'github-sca-data', 'manual__2022-09-11T21:41:04.436761+00:00', '--job-id', '567', '--raw', '--subdir', 'DAGS_FOLDER/tcc_dag.py', '--cfg-path', '/tmp/tmp8i2s4qn0', '--error-file', '/tmp/tmp6ruu7nwj']
[2022-09-11 21:41:06,423] {standard_task_runner.py:80} INFO - Job 567: Subtask github-sca-data
[2022-09-11 21:41:06,666] {task_command.py:369} INFO - Running <TaskInstance: tcc_dag.github-sca-data manual__2022-09-11T21:41:04.436761+00:00 [running]> on host b6ddae3e9f9e
[2022-09-11 21:41:06,848] {taskinstance.py:1571} INFO - Exporting the following env vars:
AIRFLOW_CTX_DAG_OWNER=Michelle Mesquita
AIRFLOW_CTX_DAG_ID=tcc_dag
AIRFLOW_CTX_TASK_ID=github-sca-data
AIRFLOW_CTX_EXECUTION_DATE=2022-09-11T21:41:04.436761+00:00
AIRFLOW_CTX_TRY_NUMBER=1
AIRFLOW_CTX_DAG_RUN_ID=manual__2022-09-11T21:41:04.436761+00:00
[2022-09-11 21:41:06,852] {logging_mixin.py:115} INFO - repository: michelleamesquita/cypress-ci-report
[2022-09-11 21:41:10,105] {python.py:173} INFO - Done. Returned value was: None
[2022-09-11 21:41:10,127] {taskinstance.py:1400} INFO - Marking task as SUCCESS. dag_id=tcc_dag, task_id=github-sca-data, execution_date=20220911T214104, start_date=20220911T214106, end_date=20220911T214110
[2022-09-11 21:41:10,176] {local_task_job.py:156} INFO - Task exited with return code 0
[2022-09-11 21:41:10,251] {local_task_job.py:273} INFO - 0 downstream tasks scheduled from follow-on schedule check
