[2022-09-13 00:45:58,413] {taskinstance.py:1159} INFO - Dependencies all met for <TaskInstance: tcc_dag.generate-card-trello manual__2022-09-13T00:45:46.589918+00:00 [queued]>
[2022-09-13 00:45:58,428] {taskinstance.py:1159} INFO - Dependencies all met for <TaskInstance: tcc_dag.generate-card-trello manual__2022-09-13T00:45:46.589918+00:00 [queued]>
[2022-09-13 00:45:58,430] {taskinstance.py:1356} INFO - 
--------------------------------------------------------------------------------
[2022-09-13 00:45:58,431] {taskinstance.py:1357} INFO - Starting attempt 1 of 1
[2022-09-13 00:45:58,432] {taskinstance.py:1358} INFO - 
--------------------------------------------------------------------------------
[2022-09-13 00:45:58,453] {taskinstance.py:1377} INFO - Executing <Task(PythonOperator): generate-card-trello> on 2022-09-13 00:45:46.589918+00:00
[2022-09-13 00:45:58,461] {standard_task_runner.py:52} INFO - Started process 30742 to run task
[2022-09-13 00:45:58,468] {standard_task_runner.py:79} INFO - Running: ['***', 'tasks', 'run', 'tcc_dag', 'generate-card-trello', 'manual__2022-09-13T00:45:46.589918+00:00', '--job-id', '812', '--raw', '--subdir', 'DAGS_FOLDER/tcc_dag.py', '--cfg-path', '/tmp/tmp947dgdxt', '--error-file', '/tmp/tmpl8jlh2ju']
[2022-09-13 00:45:58,471] {standard_task_runner.py:80} INFO - Job 812: Subtask generate-card-trello
[2022-09-13 00:45:58,635] {task_command.py:369} INFO - Running <TaskInstance: tcc_dag.generate-card-trello manual__2022-09-13T00:45:46.589918+00:00 [running]> on host b6ddae3e9f9e
[2022-09-13 00:45:58,777] {taskinstance.py:1571} INFO - Exporting the following env vars:
AIRFLOW_CTX_DAG_OWNER=Michelle Mesquita
AIRFLOW_CTX_DAG_ID=tcc_dag
AIRFLOW_CTX_TASK_ID=generate-card-trello
AIRFLOW_CTX_EXECUTION_DATE=2022-09-13T00:45:46.589918+00:00
AIRFLOW_CTX_TRY_NUMBER=1
AIRFLOW_CTX_DAG_RUN_ID=manual__2022-09-13T00:45:46.589918+00:00
[2022-09-13 00:46:02,463] {python.py:173} INFO - Done. Returned value was: None
[2022-09-13 00:46:02,493] {taskinstance.py:1400} INFO - Marking task as SUCCESS. dag_id=tcc_dag, task_id=generate-card-trello, execution_date=20220913T004546, start_date=20220913T004558, end_date=20220913T004602
[2022-09-13 00:46:02,564] {local_task_job.py:156} INFO - Task exited with return code 0
[2022-09-13 00:46:02,625] {local_task_job.py:273} INFO - 0 downstream tasks scheduled from follow-on schedule check
