[2022-09-13 00:39:22,879] {taskinstance.py:1159} INFO - Dependencies all met for <TaskInstance: tcc_dag.generate-card-trello manual__2022-09-13T00:39:12.341989+00:00 [queued]>
[2022-09-13 00:39:22,891] {taskinstance.py:1159} INFO - Dependencies all met for <TaskInstance: tcc_dag.generate-card-trello manual__2022-09-13T00:39:12.341989+00:00 [queued]>
[2022-09-13 00:39:22,892] {taskinstance.py:1356} INFO - 
--------------------------------------------------------------------------------
[2022-09-13 00:39:22,893] {taskinstance.py:1357} INFO - Starting attempt 1 of 1
[2022-09-13 00:39:22,894] {taskinstance.py:1358} INFO - 
--------------------------------------------------------------------------------
[2022-09-13 00:39:22,909] {taskinstance.py:1377} INFO - Executing <Task(PythonOperator): generate-card-trello> on 2022-09-13 00:39:12.341989+00:00
[2022-09-13 00:39:22,916] {standard_task_runner.py:52} INFO - Started process 30176 to run task
[2022-09-13 00:39:22,920] {standard_task_runner.py:79} INFO - Running: ['***', 'tasks', 'run', 'tcc_dag', 'generate-card-trello', 'manual__2022-09-13T00:39:12.341989+00:00', '--job-id', '788', '--raw', '--subdir', 'DAGS_FOLDER/tcc_dag.py', '--cfg-path', '/tmp/tmpwa7v6q5m', '--error-file', '/tmp/tmpetq470j_']
[2022-09-13 00:39:22,922] {standard_task_runner.py:80} INFO - Job 788: Subtask generate-card-trello
[2022-09-13 00:39:23,036] {task_command.py:369} INFO - Running <TaskInstance: tcc_dag.generate-card-trello manual__2022-09-13T00:39:12.341989+00:00 [running]> on host b6ddae3e9f9e
[2022-09-13 00:39:23,119] {taskinstance.py:1571} INFO - Exporting the following env vars:
AIRFLOW_CTX_DAG_OWNER=Michelle Mesquita
AIRFLOW_CTX_DAG_ID=tcc_dag
AIRFLOW_CTX_TASK_ID=generate-card-trello
AIRFLOW_CTX_EXECUTION_DATE=2022-09-13T00:39:12.341989+00:00
AIRFLOW_CTX_TRY_NUMBER=1
AIRFLOW_CTX_DAG_RUN_ID=manual__2022-09-13T00:39:12.341989+00:00
[2022-09-13 00:39:25,989] {python.py:173} INFO - Done. Returned value was: None
[2022-09-13 00:39:26,007] {taskinstance.py:1400} INFO - Marking task as SUCCESS. dag_id=tcc_dag, task_id=generate-card-trello, execution_date=20220913T003912, start_date=20220913T003922, end_date=20220913T003926
[2022-09-13 00:39:26,044] {local_task_job.py:156} INFO - Task exited with return code 0
[2022-09-13 00:39:26,082] {local_task_job.py:273} INFO - 0 downstream tasks scheduled from follow-on schedule check
