[2022-09-12 03:31:36,031] {taskinstance.py:1159} INFO - Dependencies all met for <TaskInstance: tcc_dag.github-sca-data manual__2022-09-12T03:31:34.546636+00:00 [queued]>
[2022-09-12 03:31:36,049] {taskinstance.py:1159} INFO - Dependencies all met for <TaskInstance: tcc_dag.github-sca-data manual__2022-09-12T03:31:34.546636+00:00 [queued]>
[2022-09-12 03:31:36,051] {taskinstance.py:1356} INFO - 
--------------------------------------------------------------------------------
[2022-09-12 03:31:36,053] {taskinstance.py:1357} INFO - Starting attempt 1 of 1
[2022-09-12 03:31:36,055] {taskinstance.py:1358} INFO - 
--------------------------------------------------------------------------------
[2022-09-12 03:31:36,091] {taskinstance.py:1377} INFO - Executing <Task(PythonOperator): github-sca-data> on 2022-09-12 03:31:34.546636+00:00
[2022-09-12 03:31:36,102] {standard_task_runner.py:52} INFO - Started process 19138 to run task
[2022-09-12 03:31:36,118] {standard_task_runner.py:79} INFO - Running: ['***', 'tasks', 'run', 'tcc_dag', 'github-sca-data', 'manual__2022-09-12T03:31:34.546636+00:00', '--job-id', '620', '--raw', '--subdir', 'DAGS_FOLDER/.ipynb_checkpoints/tcc_dag-checkpoint.py', '--cfg-path', '/tmp/tmpv4thij98', '--error-file', '/tmp/tmp1l0l7txw']
[2022-09-12 03:31:36,123] {standard_task_runner.py:80} INFO - Job 620: Subtask github-sca-data
[2022-09-12 03:31:36,269] {task_command.py:369} INFO - Running <TaskInstance: tcc_dag.github-sca-data manual__2022-09-12T03:31:34.546636+00:00 [running]> on host b6ddae3e9f9e
[2022-09-12 03:31:36,489] {taskinstance.py:1571} INFO - Exporting the following env vars:
AIRFLOW_CTX_DAG_OWNER=Michelle Mesquita
AIRFLOW_CTX_DAG_ID=tcc_dag
AIRFLOW_CTX_TASK_ID=github-sca-data
AIRFLOW_CTX_EXECUTION_DATE=2022-09-12T03:31:34.546636+00:00
AIRFLOW_CTX_TRY_NUMBER=1
AIRFLOW_CTX_DAG_RUN_ID=manual__2022-09-12T03:31:34.546636+00:00
[2022-09-12 03:31:36,493] {logging_mixin.py:115} INFO - repository: michelleamesquita/cypress-ci-report
[2022-09-12 03:31:38,623] {python.py:173} INFO - Done. Returned value was: None
[2022-09-12 03:31:38,641] {taskinstance.py:1400} INFO - Marking task as SUCCESS. dag_id=tcc_dag, task_id=github-sca-data, execution_date=20220912T033134, start_date=20220912T033136, end_date=20220912T033138
[2022-09-12 03:31:38,681] {local_task_job.py:156} INFO - Task exited with return code 0
[2022-09-12 03:31:38,743] {local_task_job.py:273} INFO - 0 downstream tasks scheduled from follow-on schedule check
