[2022-09-12 03:17:23,442] {taskinstance.py:1159} INFO - Dependencies all met for <TaskInstance: tcc_dag.github-sca-data manual__2022-09-12T03:17:20.173485+00:00 [queued]>
[2022-09-12 03:17:23,459] {taskinstance.py:1159} INFO - Dependencies all met for <TaskInstance: tcc_dag.github-sca-data manual__2022-09-12T03:17:20.173485+00:00 [queued]>
[2022-09-12 03:17:23,460] {taskinstance.py:1356} INFO - 
--------------------------------------------------------------------------------
[2022-09-12 03:17:23,463] {taskinstance.py:1357} INFO - Starting attempt 1 of 1
[2022-09-12 03:17:23,464] {taskinstance.py:1358} INFO - 
--------------------------------------------------------------------------------
[2022-09-12 03:17:23,499] {taskinstance.py:1377} INFO - Executing <Task(PythonOperator): github-sca-data> on 2022-09-12 03:17:20.173485+00:00
[2022-09-12 03:17:23,506] {standard_task_runner.py:52} INFO - Started process 18237 to run task
[2022-09-12 03:17:23,514] {standard_task_runner.py:79} INFO - Running: ['***', 'tasks', 'run', 'tcc_dag', 'github-sca-data', 'manual__2022-09-12T03:17:20.173485+00:00', '--job-id', '600', '--raw', '--subdir', 'DAGS_FOLDER/.ipynb_checkpoints/tcc_dag-checkpoint.py', '--cfg-path', '/tmp/tmp66hh55fr', '--error-file', '/tmp/tmpxn90j79s']
[2022-09-12 03:17:23,519] {standard_task_runner.py:80} INFO - Job 600: Subtask github-sca-data
[2022-09-12 03:17:23,623] {task_command.py:369} INFO - Running <TaskInstance: tcc_dag.github-sca-data manual__2022-09-12T03:17:20.173485+00:00 [running]> on host b6ddae3e9f9e
[2022-09-12 03:17:23,785] {taskinstance.py:1571} INFO - Exporting the following env vars:
AIRFLOW_CTX_DAG_OWNER=Michelle Mesquita
AIRFLOW_CTX_DAG_ID=tcc_dag
AIRFLOW_CTX_TASK_ID=github-sca-data
AIRFLOW_CTX_EXECUTION_DATE=2022-09-12T03:17:20.173485+00:00
AIRFLOW_CTX_TRY_NUMBER=1
AIRFLOW_CTX_DAG_RUN_ID=manual__2022-09-12T03:17:20.173485+00:00
[2022-09-12 03:17:23,793] {logging_mixin.py:115} INFO - repository: michelleamesquita/cypress-ci-report
[2022-09-12 03:17:25,829] {python.py:173} INFO - Done. Returned value was: None
[2022-09-12 03:17:25,847] {taskinstance.py:1400} INFO - Marking task as SUCCESS. dag_id=tcc_dag, task_id=github-sca-data, execution_date=20220912T031720, start_date=20220912T031723, end_date=20220912T031725
[2022-09-12 03:17:25,910] {local_task_job.py:156} INFO - Task exited with return code 0
[2022-09-12 03:17:25,985] {local_task_job.py:273} INFO - 0 downstream tasks scheduled from follow-on schedule check
