[2022-09-12 03:17:28,768] {taskinstance.py:1159} INFO - Dependencies all met for <TaskInstance: tcc_dag.generate-csv-data manual__2022-09-12T03:17:20.173485+00:00 [queued]>
[2022-09-12 03:17:28,781] {taskinstance.py:1159} INFO - Dependencies all met for <TaskInstance: tcc_dag.generate-csv-data manual__2022-09-12T03:17:20.173485+00:00 [queued]>
[2022-09-12 03:17:28,782] {taskinstance.py:1356} INFO - 
--------------------------------------------------------------------------------
[2022-09-12 03:17:28,784] {taskinstance.py:1357} INFO - Starting attempt 1 of 1
[2022-09-12 03:17:28,785] {taskinstance.py:1358} INFO - 
--------------------------------------------------------------------------------
[2022-09-12 03:17:28,809] {taskinstance.py:1377} INFO - Executing <Task(PythonOperator): generate-csv-data> on 2022-09-12 03:17:20.173485+00:00
[2022-09-12 03:17:28,818] {standard_task_runner.py:52} INFO - Started process 18272 to run task
[2022-09-12 03:17:28,826] {standard_task_runner.py:79} INFO - Running: ['***', 'tasks', 'run', 'tcc_dag', 'generate-csv-data', 'manual__2022-09-12T03:17:20.173485+00:00', '--job-id', '601', '--raw', '--subdir', 'DAGS_FOLDER/.ipynb_checkpoints/tcc_dag-checkpoint.py', '--cfg-path', '/tmp/tmpbj4ql094', '--error-file', '/tmp/tmpj2d33cnz']
[2022-09-12 03:17:28,829] {standard_task_runner.py:80} INFO - Job 601: Subtask generate-csv-data
[2022-09-12 03:17:28,904] {task_command.py:369} INFO - Running <TaskInstance: tcc_dag.generate-csv-data manual__2022-09-12T03:17:20.173485+00:00 [running]> on host b6ddae3e9f9e
[2022-09-12 03:17:28,992] {taskinstance.py:1571} INFO - Exporting the following env vars:
AIRFLOW_CTX_DAG_OWNER=Michelle Mesquita
AIRFLOW_CTX_DAG_ID=tcc_dag
AIRFLOW_CTX_TASK_ID=generate-csv-data
AIRFLOW_CTX_EXECUTION_DATE=2022-09-12T03:17:20.173485+00:00
AIRFLOW_CTX_TRY_NUMBER=1
AIRFLOW_CTX_DAG_RUN_ID=manual__2022-09-12T03:17:20.173485+00:00
[2022-09-12 03:17:29,048] {logging_mixin.py:115} INFO - finished
[2022-09-12 03:17:29,049] {python.py:173} INFO - Done. Returned value was: None
[2022-09-12 03:17:29,065] {taskinstance.py:1400} INFO - Marking task as SUCCESS. dag_id=tcc_dag, task_id=generate-csv-data, execution_date=20220912T031720, start_date=20220912T031728, end_date=20220912T031729
[2022-09-12 03:17:29,121] {local_task_job.py:156} INFO - Task exited with return code 0
[2022-09-12 03:17:29,170] {local_task_job.py:273} INFO - 1 downstream tasks scheduled from follow-on schedule check
