[2022-09-12 17:42:27,494] {taskinstance.py:1159} INFO - Dependencies all met for <TaskInstance: tcc_dag.generate-csv-data manual__2022-09-12T17:42:18.496476+00:00 [queued]>
[2022-09-12 17:42:27,513] {taskinstance.py:1159} INFO - Dependencies all met for <TaskInstance: tcc_dag.generate-csv-data manual__2022-09-12T17:42:18.496476+00:00 [queued]>
[2022-09-12 17:42:27,514] {taskinstance.py:1356} INFO - 
--------------------------------------------------------------------------------
[2022-09-12 17:42:27,515] {taskinstance.py:1357} INFO - Starting attempt 1 of 1
[2022-09-12 17:42:27,516] {taskinstance.py:1358} INFO - 
--------------------------------------------------------------------------------
[2022-09-12 17:42:27,535] {taskinstance.py:1377} INFO - Executing <Task(PythonOperator): generate-csv-data> on 2022-09-12 17:42:18.496476+00:00
[2022-09-12 17:42:27,544] {standard_task_runner.py:52} INFO - Started process 23477 to run task
[2022-09-12 17:42:27,548] {standard_task_runner.py:79} INFO - Running: ['***', 'tasks', 'run', 'tcc_dag', 'generate-csv-data', 'manual__2022-09-12T17:42:18.496476+00:00', '--job-id', '703', '--raw', '--subdir', 'DAGS_FOLDER/tcc_dag.py', '--cfg-path', '/tmp/tmpihjdbamm', '--error-file', '/tmp/tmpyv89h8z4']
[2022-09-12 17:42:27,550] {standard_task_runner.py:80} INFO - Job 703: Subtask generate-csv-data
[2022-09-12 17:42:27,631] {task_command.py:369} INFO - Running <TaskInstance: tcc_dag.generate-csv-data manual__2022-09-12T17:42:18.496476+00:00 [running]> on host b6ddae3e9f9e
[2022-09-12 17:42:27,799] {taskinstance.py:1571} INFO - Exporting the following env vars:
AIRFLOW_CTX_DAG_OWNER=Michelle Mesquita
AIRFLOW_CTX_DAG_ID=tcc_dag
AIRFLOW_CTX_TASK_ID=generate-csv-data
AIRFLOW_CTX_EXECUTION_DATE=2022-09-12T17:42:18.496476+00:00
AIRFLOW_CTX_TRY_NUMBER=1
AIRFLOW_CTX_DAG_RUN_ID=manual__2022-09-12T17:42:18.496476+00:00
[2022-09-12 17:42:27,930] {logging_mixin.py:115} INFO - finished
[2022-09-12 17:42:27,932] {python.py:173} INFO - Done. Returned value was: None
[2022-09-12 17:42:27,964] {taskinstance.py:1400} INFO - Marking task as SUCCESS. dag_id=tcc_dag, task_id=generate-csv-data, execution_date=20220912T174218, start_date=20220912T174227, end_date=20220912T174227
[2022-09-12 17:42:28,005] {local_task_job.py:156} INFO - Task exited with return code 0
[2022-09-12 17:42:28,118] {local_task_job.py:273} INFO - 0 downstream tasks scheduled from follow-on schedule check
