[2022-09-09 01:36:49,217] {processor.py:153} INFO - Started process (PID=47) to work on /opt/airflow/dags/github-extract-data.py
[2022-09-09 01:36:49,226] {processor.py:641} INFO - Processing file /opt/airflow/dags/github-extract-data.py for tasks to queue
[2022-09-09 01:36:49,234] {logging_mixin.py:115} INFO - [2022-09-09 01:36:49,234] {dagbag.py:507} INFO - Filling up the DagBag from /opt/airflow/dags/github-extract-data.py
[2022-09-09 01:36:50,447] {logging_mixin.py:115} INFO - [2022-09-09 01:36:50,444] {dagbag.py:320} ERROR - Failed to import: /opt/airflow/dags/github-extract-data.py
Traceback (most recent call last):
  File "/home/airflow/.local/lib/python3.7/site-packages/airflow/models/dagbag.py", line 317, in parse
    loader.exec_module(new_module)
  File "<frozen importlib._bootstrap_external>", line 728, in exec_module
  File "<frozen importlib._bootstrap>", line 219, in _call_with_frames_removed
  File "/opt/airflow/dags/github-extract-data.py", line 8, in <module>
    repository=sys.argv[1]
NameError: name 'sys' is not defined
[2022-09-09 01:36:50,449] {processor.py:653} WARNING - No viable dags retrieved from /opt/airflow/dags/github-extract-data.py
[2022-09-09 01:36:50,477] {processor.py:161} INFO - Processing /opt/airflow/dags/github-extract-data.py took 1.274 seconds
[2022-09-09 01:37:21,311] {processor.py:153} INFO - Started process (PID=122) to work on /opt/airflow/dags/github-extract-data.py
[2022-09-09 01:37:21,312] {processor.py:641} INFO - Processing file /opt/airflow/dags/github-extract-data.py for tasks to queue
[2022-09-09 01:37:21,314] {logging_mixin.py:115} INFO - [2022-09-09 01:37:21,314] {dagbag.py:507} INFO - Filling up the DagBag from /opt/airflow/dags/github-extract-data.py
[2022-09-09 01:37:21,733] {logging_mixin.py:115} INFO - [2022-09-09 01:37:21,731] {dagbag.py:320} ERROR - Failed to import: /opt/airflow/dags/github-extract-data.py
Traceback (most recent call last):
  File "/home/airflow/.local/lib/python3.7/site-packages/airflow/models/dagbag.py", line 317, in parse
    loader.exec_module(new_module)
  File "<frozen importlib._bootstrap_external>", line 728, in exec_module
  File "<frozen importlib._bootstrap>", line 219, in _call_with_frames_removed
  File "/opt/airflow/dags/github-extract-data.py", line 8, in <module>
    repository=sys.argv[1]
NameError: name 'sys' is not defined
[2022-09-09 01:37:21,734] {processor.py:653} WARNING - No viable dags retrieved from /opt/airflow/dags/github-extract-data.py
[2022-09-09 01:37:21,770] {processor.py:161} INFO - Processing /opt/airflow/dags/github-extract-data.py took 0.463 seconds
[2022-09-09 01:37:52,025] {processor.py:153} INFO - Started process (PID=203) to work on /opt/airflow/dags/github-extract-data.py
[2022-09-09 01:37:52,027] {processor.py:641} INFO - Processing file /opt/airflow/dags/github-extract-data.py for tasks to queue
[2022-09-09 01:37:52,032] {logging_mixin.py:115} INFO - [2022-09-09 01:37:52,031] {dagbag.py:507} INFO - Filling up the DagBag from /opt/airflow/dags/github-extract-data.py
[2022-09-09 01:37:52,457] {logging_mixin.py:115} INFO - [2022-09-09 01:37:52,453] {dagbag.py:320} ERROR - Failed to import: /opt/airflow/dags/github-extract-data.py
Traceback (most recent call last):
  File "/home/airflow/.local/lib/python3.7/site-packages/airflow/models/dagbag.py", line 317, in parse
    loader.exec_module(new_module)
  File "<frozen importlib._bootstrap_external>", line 728, in exec_module
  File "<frozen importlib._bootstrap>", line 219, in _call_with_frames_removed
  File "/opt/airflow/dags/github-extract-data.py", line 8, in <module>
    repository=sys.argv[1]
NameError: name 'sys' is not defined
[2022-09-09 01:37:52,459] {processor.py:653} WARNING - No viable dags retrieved from /opt/airflow/dags/github-extract-data.py
[2022-09-09 01:37:52,491] {processor.py:161} INFO - Processing /opt/airflow/dags/github-extract-data.py took 0.477 seconds
[2022-09-09 01:39:06,054] {processor.py:153} INFO - Started process (PID=52) to work on /opt/airflow/dags/github-extract-data.py
[2022-09-09 01:39:06,058] {processor.py:641} INFO - Processing file /opt/airflow/dags/github-extract-data.py for tasks to queue
[2022-09-09 01:39:06,060] {logging_mixin.py:115} INFO - [2022-09-09 01:39:06,060] {dagbag.py:507} INFO - Filling up the DagBag from /opt/airflow/dags/github-extract-data.py
[2022-09-09 01:39:06,593] {logging_mixin.py:115} INFO - [2022-09-09 01:39:06,590] {dagbag.py:320} ERROR - Failed to import: /opt/airflow/dags/github-extract-data.py
Traceback (most recent call last):
  File "/home/airflow/.local/lib/python3.7/site-packages/airflow/models/dagbag.py", line 317, in parse
    loader.exec_module(new_module)
  File "<frozen importlib._bootstrap_external>", line 728, in exec_module
  File "<frozen importlib._bootstrap>", line 219, in _call_with_frames_removed
  File "/opt/airflow/dags/github-extract-data.py", line 8, in <module>
    repository=sys.argv[1]
NameError: name 'sys' is not defined
[2022-09-09 01:39:06,595] {processor.py:653} WARNING - No viable dags retrieved from /opt/airflow/dags/github-extract-data.py
[2022-09-09 01:39:06,618] {processor.py:161} INFO - Processing /opt/airflow/dags/github-extract-data.py took 0.569 seconds
[2022-09-09 01:39:37,248] {processor.py:153} INFO - Started process (PID=125) to work on /opt/airflow/dags/github-extract-data.py
[2022-09-09 01:39:37,250] {processor.py:641} INFO - Processing file /opt/airflow/dags/github-extract-data.py for tasks to queue
[2022-09-09 01:39:37,251] {logging_mixin.py:115} INFO - [2022-09-09 01:39:37,251] {dagbag.py:507} INFO - Filling up the DagBag from /opt/airflow/dags/github-extract-data.py
[2022-09-09 01:39:37,598] {logging_mixin.py:115} INFO - [2022-09-09 01:39:37,596] {dagbag.py:320} ERROR - Failed to import: /opt/airflow/dags/github-extract-data.py
Traceback (most recent call last):
  File "/home/airflow/.local/lib/python3.7/site-packages/airflow/models/dagbag.py", line 317, in parse
    loader.exec_module(new_module)
  File "<frozen importlib._bootstrap_external>", line 728, in exec_module
  File "<frozen importlib._bootstrap>", line 219, in _call_with_frames_removed
  File "/opt/airflow/dags/github-extract-data.py", line 8, in <module>
    repository=sys.argv[1]
NameError: name 'sys' is not defined
[2022-09-09 01:39:37,600] {processor.py:653} WARNING - No viable dags retrieved from /opt/airflow/dags/github-extract-data.py
[2022-09-09 01:39:37,623] {processor.py:161} INFO - Processing /opt/airflow/dags/github-extract-data.py took 0.379 seconds
[2022-09-09 01:40:08,105] {processor.py:153} INFO - Started process (PID=211) to work on /opt/airflow/dags/github-extract-data.py
[2022-09-09 01:40:08,108] {processor.py:641} INFO - Processing file /opt/airflow/dags/github-extract-data.py for tasks to queue
[2022-09-09 01:40:08,113] {logging_mixin.py:115} INFO - [2022-09-09 01:40:08,113] {dagbag.py:507} INFO - Filling up the DagBag from /opt/airflow/dags/github-extract-data.py
[2022-09-09 01:40:08,652] {logging_mixin.py:115} INFO - [2022-09-09 01:40:08,648] {dagbag.py:320} ERROR - Failed to import: /opt/airflow/dags/github-extract-data.py
Traceback (most recent call last):
  File "/home/airflow/.local/lib/python3.7/site-packages/airflow/models/dagbag.py", line 317, in parse
    loader.exec_module(new_module)
  File "<frozen importlib._bootstrap_external>", line 728, in exec_module
  File "<frozen importlib._bootstrap>", line 219, in _call_with_frames_removed
  File "/opt/airflow/dags/github-extract-data.py", line 8, in <module>
    repository=sys.argv[1]
NameError: name 'sys' is not defined
[2022-09-09 01:40:08,675] {processor.py:653} WARNING - No viable dags retrieved from /opt/airflow/dags/github-extract-data.py
[2022-09-09 01:40:08,705] {processor.py:161} INFO - Processing /opt/airflow/dags/github-extract-data.py took 0.612 seconds
[2022-09-09 01:40:39,710] {processor.py:153} INFO - Started process (PID=289) to work on /opt/airflow/dags/github-extract-data.py
[2022-09-09 01:40:39,712] {processor.py:641} INFO - Processing file /opt/airflow/dags/github-extract-data.py for tasks to queue
[2022-09-09 01:40:39,713] {logging_mixin.py:115} INFO - [2022-09-09 01:40:39,713] {dagbag.py:507} INFO - Filling up the DagBag from /opt/airflow/dags/github-extract-data.py
[2022-09-09 01:40:40,067] {logging_mixin.py:115} INFO - [2022-09-09 01:40:40,065] {dagbag.py:320} ERROR - Failed to import: /opt/airflow/dags/github-extract-data.py
Traceback (most recent call last):
  File "/home/airflow/.local/lib/python3.7/site-packages/airflow/models/dagbag.py", line 317, in parse
    loader.exec_module(new_module)
  File "<frozen importlib._bootstrap_external>", line 728, in exec_module
  File "<frozen importlib._bootstrap>", line 219, in _call_with_frames_removed
  File "/opt/airflow/dags/github-extract-data.py", line 8, in <module>
    repository=sys.argv[1]
NameError: name 'sys' is not defined
[2022-09-09 01:40:40,068] {processor.py:653} WARNING - No viable dags retrieved from /opt/airflow/dags/github-extract-data.py
[2022-09-09 01:40:40,092] {processor.py:161} INFO - Processing /opt/airflow/dags/github-extract-data.py took 0.387 seconds
