[2022-09-12 04:16:41,021] {taskinstance.py:1159} INFO - Dependencies all met for <TaskInstance: tcc_dag.generate-card-trello manual__2022-09-12T04:16:28.379051+00:00 [queued]>
[2022-09-12 04:16:41,040] {taskinstance.py:1159} INFO - Dependencies all met for <TaskInstance: tcc_dag.generate-card-trello manual__2022-09-12T04:16:28.379051+00:00 [queued]>
[2022-09-12 04:16:41,044] {taskinstance.py:1356} INFO - 
--------------------------------------------------------------------------------
[2022-09-12 04:16:41,047] {taskinstance.py:1357} INFO - Starting attempt 1 of 1
[2022-09-12 04:16:41,048] {taskinstance.py:1358} INFO - 
--------------------------------------------------------------------------------
[2022-09-12 04:16:41,071] {taskinstance.py:1377} INFO - Executing <Task(PythonOperator): generate-card-trello> on 2022-09-12 04:16:28.379051+00:00
[2022-09-12 04:16:41,079] {standard_task_runner.py:52} INFO - Started process 22015 to run task
[2022-09-12 04:16:41,083] {standard_task_runner.py:79} INFO - Running: ['***', 'tasks', 'run', 'tcc_dag', 'generate-card-trello', 'manual__2022-09-12T04:16:28.379051+00:00', '--job-id', '687', '--raw', '--subdir', 'DAGS_FOLDER/.ipynb_checkpoints/tcc_dag-checkpoint.py', '--cfg-path', '/tmp/tmp_t9vo12c', '--error-file', '/tmp/tmp3nwxbo_k']
[2022-09-12 04:16:41,085] {standard_task_runner.py:80} INFO - Job 687: Subtask generate-card-trello
[2022-09-12 04:16:41,166] {task_command.py:369} INFO - Running <TaskInstance: tcc_dag.generate-card-trello manual__2022-09-12T04:16:28.379051+00:00 [running]> on host b6ddae3e9f9e
[2022-09-12 04:16:41,261] {taskinstance.py:1571} INFO - Exporting the following env vars:
AIRFLOW_CTX_DAG_OWNER=Michelle Mesquita
AIRFLOW_CTX_DAG_ID=tcc_dag
AIRFLOW_CTX_TASK_ID=generate-card-trello
AIRFLOW_CTX_EXECUTION_DATE=2022-09-12T04:16:28.379051+00:00
AIRFLOW_CTX_TRY_NUMBER=1
AIRFLOW_CTX_DAG_RUN_ID=manual__2022-09-12T04:16:28.379051+00:00
[2022-09-12 04:16:44,043] {python.py:173} INFO - Done. Returned value was: None
[2022-09-12 04:16:44,061] {taskinstance.py:1400} INFO - Marking task as SUCCESS. dag_id=tcc_dag, task_id=generate-card-trello, execution_date=20220912T041628, start_date=20220912T041641, end_date=20220912T041644
[2022-09-12 04:16:44,105] {local_task_job.py:156} INFO - Task exited with return code 0
[2022-09-12 04:16:44,145] {local_task_job.py:273} INFO - 0 downstream tasks scheduled from follow-on schedule check
