[2022-09-13 00:09:46,952] {taskinstance.py:1159} INFO - Dependencies all met for <TaskInstance: tcc_dag.add-db-data manual__2022-09-13T00:09:31.807678+00:00 [queued]>
[2022-09-13 00:09:46,963] {taskinstance.py:1159} INFO - Dependencies all met for <TaskInstance: tcc_dag.add-db-data manual__2022-09-13T00:09:31.807678+00:00 [queued]>
[2022-09-13 00:09:46,964] {taskinstance.py:1356} INFO - 
--------------------------------------------------------------------------------
[2022-09-13 00:09:46,965] {taskinstance.py:1357} INFO - Starting attempt 1 of 1
[2022-09-13 00:09:46,966] {taskinstance.py:1358} INFO - 
--------------------------------------------------------------------------------
[2022-09-13 00:09:46,981] {taskinstance.py:1377} INFO - Executing <Task(PythonOperator): add-db-data> on 2022-09-13 00:09:31.807678+00:00
[2022-09-13 00:09:46,987] {standard_task_runner.py:52} INFO - Started process 28393 to run task
[2022-09-13 00:09:46,991] {standard_task_runner.py:79} INFO - Running: ['***', 'tasks', 'run', 'tcc_dag', 'add-db-data', 'manual__2022-09-13T00:09:31.807678+00:00', '--job-id', '757', '--raw', '--subdir', 'DAGS_FOLDER/tcc_dag.py', '--cfg-path', '/tmp/tmpsdohwr2d', '--error-file', '/tmp/tmp05es0u_7']
[2022-09-13 00:09:46,992] {standard_task_runner.py:80} INFO - Job 757: Subtask add-db-data
[2022-09-13 00:09:47,064] {task_command.py:369} INFO - Running <TaskInstance: tcc_dag.add-db-data manual__2022-09-13T00:09:31.807678+00:00 [running]> on host b6ddae3e9f9e
[2022-09-13 00:09:47,142] {taskinstance.py:1571} INFO - Exporting the following env vars:
AIRFLOW_CTX_DAG_OWNER=Michelle Mesquita
AIRFLOW_CTX_DAG_ID=tcc_dag
AIRFLOW_CTX_TASK_ID=add-db-data
AIRFLOW_CTX_EXECUTION_DATE=2022-09-13T00:09:31.807678+00:00
AIRFLOW_CTX_TRY_NUMBER=1
AIRFLOW_CTX_DAG_RUN_ID=manual__2022-09-13T00:09:31.807678+00:00
[2022-09-13 00:09:47,167] {logging_mixin.py:115} INFO - Connecting to the MySQL database...
[2022-09-13 00:09:47,203] {logging_mixin.py:115} INFO - Database connection closed.
[2022-09-13 00:09:47,223] {logging_mixin.py:115} INFO - Connecting to the MySQL database...
[2022-09-13 00:09:47,267] {logging_mixin.py:115} INFO - Database connection closed.
[2022-09-13 00:09:47,295] {python.py:173} INFO - Done. Returned value was: None
[2022-09-13 00:09:47,317] {taskinstance.py:1400} INFO - Marking task as SUCCESS. dag_id=tcc_dag, task_id=add-db-data, execution_date=20220913T000931, start_date=20220913T000946, end_date=20220913T000947
[2022-09-13 00:09:47,367] {local_task_job.py:156} INFO - Task exited with return code 0
[2022-09-13 00:09:47,414] {local_task_job.py:273} INFO - 1 downstream tasks scheduled from follow-on schedule check
