[2022-09-12 03:41:22,251] {taskinstance.py:1159} INFO - Dependencies all met for <TaskInstance: tcc_dag.add-db-data manual__2022-09-12T03:41:11.947230+00:00 [queued]>
[2022-09-12 03:41:22,264] {taskinstance.py:1159} INFO - Dependencies all met for <TaskInstance: tcc_dag.add-db-data manual__2022-09-12T03:41:11.947230+00:00 [queued]>
[2022-09-12 03:41:22,265] {taskinstance.py:1356} INFO - 
--------------------------------------------------------------------------------
[2022-09-12 03:41:22,266] {taskinstance.py:1357} INFO - Starting attempt 1 of 1
[2022-09-12 03:41:22,267] {taskinstance.py:1358} INFO - 
--------------------------------------------------------------------------------
[2022-09-12 03:41:22,284] {taskinstance.py:1377} INFO - Executing <Task(PythonOperator): add-db-data> on 2022-09-12 03:41:11.947230+00:00
[2022-09-12 03:41:22,292] {standard_task_runner.py:52} INFO - Started process 19801 to run task
[2022-09-12 03:41:22,297] {standard_task_runner.py:79} INFO - Running: ['***', 'tasks', 'run', 'tcc_dag', 'add-db-data', 'manual__2022-09-12T03:41:11.947230+00:00', '--job-id', '637', '--raw', '--subdir', 'DAGS_FOLDER/tcc_dag.py', '--cfg-path', '/tmp/tmpmklqrn_s', '--error-file', '/tmp/tmplbv4_jfs']
[2022-09-12 03:41:22,299] {standard_task_runner.py:80} INFO - Job 637: Subtask add-db-data
[2022-09-12 03:41:22,385] {task_command.py:369} INFO - Running <TaskInstance: tcc_dag.add-db-data manual__2022-09-12T03:41:11.947230+00:00 [running]> on host b6ddae3e9f9e
[2022-09-12 03:41:22,485] {taskinstance.py:1571} INFO - Exporting the following env vars:
AIRFLOW_CTX_DAG_OWNER=Michelle Mesquita
AIRFLOW_CTX_DAG_ID=tcc_dag
AIRFLOW_CTX_TASK_ID=add-db-data
AIRFLOW_CTX_EXECUTION_DATE=2022-09-12T03:41:11.947230+00:00
AIRFLOW_CTX_TRY_NUMBER=1
AIRFLOW_CTX_DAG_RUN_ID=manual__2022-09-12T03:41:11.947230+00:00
[2022-09-12 03:41:22,510] {logging_mixin.py:115} INFO - Connecting to the MySQL database...
[2022-09-12 03:41:22,542] {logging_mixin.py:115} INFO - Database connection closed.
[2022-09-12 03:41:22,572] {logging_mixin.py:115} INFO -             nm_squad  ... id_vulnerability
0  michelleamesquita  ...                0
1  michelleamesquita  ...                1
2  michelleamesquita  ...                2
3  michelleamesquita  ...                3
4  michelleamesquita  ...                4

[5 rows x 14 columns]
[2022-09-12 03:41:22,592] {logging_mixin.py:115} INFO -    id_vulnerability           nm_squad  ... cd_month_end            dt_added
0                 0  michelleamesquita  ...      2022-12 2022-09-08 10:07:47
1                 1  michelleamesquita  ...      2022-10 2022-09-08 10:07:47
2                 2  michelleamesquita  ...      2022-12 2022-09-08 10:07:47
3                 3  michelleamesquita  ...      2022-12 2022-09-08 10:07:47
4                 4  michelleamesquita  ...      2022-12 2022-09-08 10:07:47

[5 rows x 15 columns]
[2022-09-12 03:41:22,612] {logging_mixin.py:115} INFO -    index           nm_squad  ... id_vulnerability dt_added
0      9  michelleamesquita  ...                9      NaT
1     10  michelleamesquita  ...               10      NaT

[2 rows x 16 columns]
[2022-09-12 03:41:22,613] {logging_mixin.py:115} INFO - 2
[2022-09-12 03:41:22,618] {logging_mixin.py:115} INFO - Connecting to the MySQL database...
[2022-09-12 03:41:22,651] {logging_mixin.py:115} INFO - Database connection closed.
[2022-09-12 03:41:22,661] {python.py:173} INFO - Done. Returned value was: (None, Empty DataFrame
Columns: [index, nm_squad, ds_title, nm_repository, in_criticity, dt_created, dt_closed, st_vulnerability, in_deadline, ds_url_issue, nm_source_data, tool, cd_month_start, cd_month_end, id_vulnerability, dt_added]
Index: [])
[2022-09-12 03:41:22,675] {xcom.py:585} ERROR - Could not serialize the XCom value into JSON. If you are using pickle instead of JSON for XCom, then you need to enable pickle support for XCom in your *** config.
[2022-09-12 03:41:22,677] {taskinstance.py:1889} ERROR - Task failed with exception
Traceback (most recent call last):
  File "/home/airflow/.local/lib/python3.7/site-packages/airflow/utils/session.py", line 68, in wrapper
    return func(*args, **kwargs)
  File "/home/airflow/.local/lib/python3.7/site-packages/airflow/models/taskinstance.py", line 2380, in xcom_push
    session=session,
  File "/home/airflow/.local/lib/python3.7/site-packages/airflow/utils/session.py", line 68, in wrapper
    return func(*args, **kwargs)
  File "/home/airflow/.local/lib/python3.7/site-packages/airflow/models/xcom.py", line 197, in set
    map_index=map_index,
  File "/home/airflow/.local/lib/python3.7/site-packages/airflow/models/xcom.py", line 582, in serialize_value
    return json.dumps(value).encode('UTF-8')
  File "/usr/local/lib/python3.7/json/__init__.py", line 231, in dumps
    return _default_encoder.encode(obj)
  File "/usr/local/lib/python3.7/json/encoder.py", line 199, in encode
    chunks = self.iterencode(o, _one_shot=True)
  File "/usr/local/lib/python3.7/json/encoder.py", line 257, in iterencode
    return _iterencode(o, 0)
  File "/usr/local/lib/python3.7/json/encoder.py", line 179, in default
    raise TypeError(f'Object of type {o.__class__.__name__} '
TypeError: Object of type DataFrame is not JSON serializable
[2022-09-12 03:41:22,693] {taskinstance.py:1400} INFO - Marking task as FAILED. dag_id=tcc_dag, task_id=add-db-data, execution_date=20220912T034111, start_date=20220912T034122, end_date=20220912T034122
[2022-09-12 03:41:22,709] {standard_task_runner.py:97} ERROR - Failed to execute job 637 for task add-db-data (Object of type DataFrame is not JSON serializable; 19801)
[2022-09-12 03:41:22,756] {local_task_job.py:156} INFO - Task exited with return code 1
[2022-09-12 03:41:22,813] {local_task_job.py:273} INFO - 0 downstream tasks scheduled from follow-on schedule check
