[2022-09-13 00:11:50,080] {taskinstance.py:1159} INFO - Dependencies all met for <TaskInstance: tcc_dag.github-sca-data manual__2022-09-13T00:11:47.731253+00:00 [queued]>
[2022-09-13 00:11:50,106] {taskinstance.py:1159} INFO - Dependencies all met for <TaskInstance: tcc_dag.github-sca-data manual__2022-09-13T00:11:47.731253+00:00 [queued]>
[2022-09-13 00:11:50,107] {taskinstance.py:1356} INFO - 
--------------------------------------------------------------------------------
[2022-09-13 00:11:50,108] {taskinstance.py:1357} INFO - Starting attempt 1 of 1
[2022-09-13 00:11:50,111] {taskinstance.py:1358} INFO - 
--------------------------------------------------------------------------------
[2022-09-13 00:11:50,151] {taskinstance.py:1377} INFO - Executing <Task(PythonOperator): github-sca-data> on 2022-09-13 00:11:47.731253+00:00
[2022-09-13 00:11:50,159] {standard_task_runner.py:52} INFO - Started process 28514 to run task
[2022-09-13 00:11:50,174] {standard_task_runner.py:79} INFO - Running: ['***', 'tasks', 'run', 'tcc_dag', 'github-sca-data', 'manual__2022-09-13T00:11:47.731253+00:00', '--job-id', '761', '--raw', '--subdir', 'DAGS_FOLDER/.ipynb_checkpoints/tcc_dag-checkpoint.py', '--cfg-path', '/tmp/tmp6i40tkfo', '--error-file', '/tmp/tmpn3_dng1o']
[2022-09-13 00:11:50,182] {standard_task_runner.py:80} INFO - Job 761: Subtask github-sca-data
[2022-09-13 00:11:50,365] {task_command.py:369} INFO - Running <TaskInstance: tcc_dag.github-sca-data manual__2022-09-13T00:11:47.731253+00:00 [running]> on host b6ddae3e9f9e
[2022-09-13 00:11:50,498] {taskinstance.py:1571} INFO - Exporting the following env vars:
AIRFLOW_CTX_DAG_OWNER=Michelle Mesquita
AIRFLOW_CTX_DAG_ID=tcc_dag
AIRFLOW_CTX_TASK_ID=github-sca-data
AIRFLOW_CTX_EXECUTION_DATE=2022-09-13T00:11:47.731253+00:00
AIRFLOW_CTX_TRY_NUMBER=1
AIRFLOW_CTX_DAG_RUN_ID=manual__2022-09-13T00:11:47.731253+00:00
[2022-09-13 00:11:50,502] {logging_mixin.py:115} INFO - repository: michelleamesquita/cypress-ci-report
[2022-09-13 00:11:52,728] {python.py:173} INFO - Done. Returned value was: None
[2022-09-13 00:11:52,754] {taskinstance.py:1400} INFO - Marking task as SUCCESS. dag_id=tcc_dag, task_id=github-sca-data, execution_date=20220913T001147, start_date=20220913T001150, end_date=20220913T001152
[2022-09-13 00:11:52,790] {local_task_job.py:156} INFO - Task exited with return code 0
[2022-09-13 00:11:52,839] {local_task_job.py:273} INFO - 0 downstream tasks scheduled from follow-on schedule check
