[2022-09-15 00:45:51,246] {taskinstance.py:1159} INFO - Dependencies all met for <TaskInstance: tcc_dag.github-sca-data manual__2022-09-15T00:45:48.029807+00:00 [queued]>
[2022-09-15 00:45:51,263] {taskinstance.py:1159} INFO - Dependencies all met for <TaskInstance: tcc_dag.github-sca-data manual__2022-09-15T00:45:48.029807+00:00 [queued]>
[2022-09-15 00:45:51,264] {taskinstance.py:1356} INFO - 
--------------------------------------------------------------------------------
[2022-09-15 00:45:51,265] {taskinstance.py:1357} INFO - Starting attempt 1 of 1
[2022-09-15 00:45:51,266] {taskinstance.py:1358} INFO - 
--------------------------------------------------------------------------------
[2022-09-15 00:45:51,296] {taskinstance.py:1377} INFO - Executing <Task(PythonOperator): github-sca-data> on 2022-09-15 00:45:48.029807+00:00
[2022-09-15 00:45:51,321] {standard_task_runner.py:79} INFO - Running: ['***', 'tasks', 'run', 'tcc_dag', 'github-sca-data', 'manual__2022-09-15T00:45:48.029807+00:00', '--job-id', '830', '--raw', '--subdir', 'DAGS_FOLDER/.ipynb_checkpoints/tcc_dag-checkpoint.py', '--cfg-path', '/tmp/tmpdmpff477', '--error-file', '/tmp/tmp0w16d6nz']
[2022-09-15 00:45:51,310] {standard_task_runner.py:52} INFO - Started process 40859 to run task
[2022-09-15 00:45:51,324] {standard_task_runner.py:80} INFO - Job 830: Subtask github-sca-data
[2022-09-15 00:45:51,482] {task_command.py:369} INFO - Running <TaskInstance: tcc_dag.github-sca-data manual__2022-09-15T00:45:48.029807+00:00 [running]> on host b6ddae3e9f9e
[2022-09-15 00:45:51,675] {taskinstance.py:1571} INFO - Exporting the following env vars:
AIRFLOW_CTX_DAG_OWNER=Michelle Mesquita
AIRFLOW_CTX_DAG_ID=tcc_dag
AIRFLOW_CTX_TASK_ID=github-sca-data
AIRFLOW_CTX_EXECUTION_DATE=2022-09-15T00:45:48.029807+00:00
AIRFLOW_CTX_TRY_NUMBER=1
AIRFLOW_CTX_DAG_RUN_ID=manual__2022-09-15T00:45:48.029807+00:00
[2022-09-15 00:45:51,702] {logging_mixin.py:115} INFO - repository: michelleamesquita/cypress-ci-report
[2022-09-15 00:45:54,339] {python.py:173} INFO - Done. Returned value was: None
[2022-09-15 00:45:54,369] {taskinstance.py:1400} INFO - Marking task as SUCCESS. dag_id=tcc_dag, task_id=github-sca-data, execution_date=20220915T004548, start_date=20220915T004551, end_date=20220915T004554
[2022-09-15 00:45:54,428] {local_task_job.py:156} INFO - Task exited with return code 0
[2022-09-15 00:45:54,493] {local_task_job.py:273} INFO - 0 downstream tasks scheduled from follow-on schedule check
