[2022-09-13 00:45:55,863] {taskinstance.py:1159} INFO - Dependencies all met for <TaskInstance: tcc_dag.add-db-data manual__2022-09-13T00:45:46.589918+00:00 [queued]>
[2022-09-13 00:45:55,878] {taskinstance.py:1159} INFO - Dependencies all met for <TaskInstance: tcc_dag.add-db-data manual__2022-09-13T00:45:46.589918+00:00 [queued]>
[2022-09-13 00:45:55,879] {taskinstance.py:1356} INFO - 
--------------------------------------------------------------------------------
[2022-09-13 00:45:55,880] {taskinstance.py:1357} INFO - Starting attempt 1 of 1
[2022-09-13 00:45:55,881] {taskinstance.py:1358} INFO - 
--------------------------------------------------------------------------------
[2022-09-13 00:45:55,899] {taskinstance.py:1377} INFO - Executing <Task(PythonOperator): add-db-data> on 2022-09-13 00:45:46.589918+00:00
[2022-09-13 00:45:55,907] {standard_task_runner.py:52} INFO - Started process 30739 to run task
[2022-09-13 00:45:55,912] {standard_task_runner.py:79} INFO - Running: ['***', 'tasks', 'run', 'tcc_dag', 'add-db-data', 'manual__2022-09-13T00:45:46.589918+00:00', '--job-id', '811', '--raw', '--subdir', 'DAGS_FOLDER/.ipynb_checkpoints/tcc_dag-checkpoint.py', '--cfg-path', '/tmp/tmp8e4wymxg', '--error-file', '/tmp/tmp95eiarl0']
[2022-09-13 00:45:55,914] {standard_task_runner.py:80} INFO - Job 811: Subtask add-db-data
[2022-09-13 00:45:55,994] {task_command.py:369} INFO - Running <TaskInstance: tcc_dag.add-db-data manual__2022-09-13T00:45:46.589918+00:00 [running]> on host b6ddae3e9f9e
[2022-09-13 00:45:56,087] {taskinstance.py:1571} INFO - Exporting the following env vars:
AIRFLOW_CTX_DAG_OWNER=Michelle Mesquita
AIRFLOW_CTX_DAG_ID=tcc_dag
AIRFLOW_CTX_TASK_ID=add-db-data
AIRFLOW_CTX_EXECUTION_DATE=2022-09-13T00:45:46.589918+00:00
AIRFLOW_CTX_TRY_NUMBER=1
AIRFLOW_CTX_DAG_RUN_ID=manual__2022-09-13T00:45:46.589918+00:00
[2022-09-13 00:45:56,109] {logging_mixin.py:115} INFO - Connecting to the MySQL database...
[2022-09-13 00:45:56,149] {logging_mixin.py:115} INFO - Database connection closed.
[2022-09-13 00:45:56,167] {warnings.py:110} WARNING - /home/***/.local/lib/python3.7/site-packages/pandas/core/generic.py:5516: SettingWithCopyWarning: 
A value is trying to be set on a copy of a slice from a DataFrame.
Try using .loc[row_indexer,col_indexer] = value instead

See the caveats in the documentation: https://pandas.pydata.org/pandas-docs/stable/user_guide/indexing.html#returning-a-view-versus-a-copy
  self[name] = value

[2022-09-13 00:45:56,172] {logging_mixin.py:115} INFO - Connecting to the MySQL database...
[2022-09-13 00:45:56,210] {logging_mixin.py:115} INFO - Database connection closed.
[2022-09-13 00:45:56,224] {logging_mixin.py:115} INFO - Connecting to the MySQL database...
[2022-09-13 00:45:56,266] {logging_mixin.py:115} INFO - Database connection closed.
[2022-09-13 00:45:56,306] {python.py:173} INFO - Done. Returned value was: None
[2022-09-13 00:45:56,346] {taskinstance.py:1400} INFO - Marking task as SUCCESS. dag_id=tcc_dag, task_id=add-db-data, execution_date=20220913T004546, start_date=20220913T004555, end_date=20220913T004556
[2022-09-13 00:45:56,412] {local_task_job.py:156} INFO - Task exited with return code 0
[2022-09-13 00:45:56,480] {local_task_job.py:273} INFO - 1 downstream tasks scheduled from follow-on schedule check
