[2022-09-12 23:19:36,253] {taskinstance.py:1159} INFO - Dependencies all met for <TaskInstance: tcc_dag.add-db-data manual__2022-09-12T23:19:26.905711+00:00 [queued]>
[2022-09-12 23:19:36,272] {taskinstance.py:1159} INFO - Dependencies all met for <TaskInstance: tcc_dag.add-db-data manual__2022-09-12T23:19:26.905711+00:00 [queued]>
[2022-09-12 23:19:36,273] {taskinstance.py:1356} INFO - 
--------------------------------------------------------------------------------
[2022-09-12 23:19:36,274] {taskinstance.py:1357} INFO - Starting attempt 1 of 1
[2022-09-12 23:19:36,276] {taskinstance.py:1358} INFO - 
--------------------------------------------------------------------------------
[2022-09-12 23:19:36,304] {taskinstance.py:1377} INFO - Executing <Task(PythonOperator): add-db-data> on 2022-09-12 23:19:26.905711+00:00
[2022-09-12 23:19:36,312] {standard_task_runner.py:52} INFO - Started process 25587 to run task
[2022-09-12 23:19:36,316] {standard_task_runner.py:79} INFO - Running: ['***', 'tasks', 'run', 'tcc_dag', 'add-db-data', 'manual__2022-09-12T23:19:26.905711+00:00', '--job-id', '728', '--raw', '--subdir', 'DAGS_FOLDER/.ipynb_checkpoints/tcc_dag-checkpoint.py', '--cfg-path', '/tmp/tmpgcn0nkkp', '--error-file', '/tmp/tmpo80h_9hz']
[2022-09-12 23:19:36,318] {standard_task_runner.py:80} INFO - Job 728: Subtask add-db-data
[2022-09-12 23:19:36,407] {task_command.py:369} INFO - Running <TaskInstance: tcc_dag.add-db-data manual__2022-09-12T23:19:26.905711+00:00 [running]> on host b6ddae3e9f9e
[2022-09-12 23:19:36,505] {taskinstance.py:1571} INFO - Exporting the following env vars:
AIRFLOW_CTX_DAG_OWNER=Michelle Mesquita
AIRFLOW_CTX_DAG_ID=tcc_dag
AIRFLOW_CTX_TASK_ID=add-db-data
AIRFLOW_CTX_EXECUTION_DATE=2022-09-12T23:19:26.905711+00:00
AIRFLOW_CTX_TRY_NUMBER=1
AIRFLOW_CTX_DAG_RUN_ID=manual__2022-09-12T23:19:26.905711+00:00
[2022-09-12 23:19:36,524] {logging_mixin.py:115} INFO - Connecting to the MySQL database...
[2022-09-12 23:19:36,562] {logging_mixin.py:115} INFO - Database connection closed.
[2022-09-12 23:19:36,577] {logging_mixin.py:115} INFO - Connecting to the MySQL database...
[2022-09-12 23:19:36,605] {logging_mixin.py:115} INFO - 1062 (23000): Duplicate entry '15-app/app.py' for key 'PRIMARY'
[2022-09-12 23:19:36,607] {logging_mixin.py:115} INFO - Database connection closed.
[2022-09-12 23:19:36,627] {python.py:173} INFO - Done. Returned value was: None
[2022-09-12 23:19:36,663] {taskinstance.py:1400} INFO - Marking task as SUCCESS. dag_id=tcc_dag, task_id=add-db-data, execution_date=20220912T231926, start_date=20220912T231936, end_date=20220912T231936
[2022-09-12 23:19:36,738] {local_task_job.py:156} INFO - Task exited with return code 0
[2022-09-12 23:19:36,792] {local_task_job.py:273} INFO - 0 downstream tasks scheduled from follow-on schedule check
