[2022-09-11 21:25:52,582] {taskinstance.py:1159} INFO - Dependencies all met for <TaskInstance: tcc_dag.add-db-data manual__2022-09-11T21:25:44.996354+00:00 [queued]>
[2022-09-11 21:25:52,593] {taskinstance.py:1159} INFO - Dependencies all met for <TaskInstance: tcc_dag.add-db-data manual__2022-09-11T21:25:44.996354+00:00 [queued]>
[2022-09-11 21:25:52,595] {taskinstance.py:1356} INFO - 
--------------------------------------------------------------------------------
[2022-09-11 21:25:52,595] {taskinstance.py:1357} INFO - Starting attempt 1 of 1
[2022-09-11 21:25:52,596] {taskinstance.py:1358} INFO - 
--------------------------------------------------------------------------------
[2022-09-11 21:25:52,611] {taskinstance.py:1377} INFO - Executing <Task(PythonOperator): add-db-data> on 2022-09-11 21:25:44.996354+00:00
[2022-09-11 21:25:52,618] {standard_task_runner.py:52} INFO - Started process 2589 to run task
[2022-09-11 21:25:52,622] {standard_task_runner.py:79} INFO - Running: ['***', 'tasks', 'run', 'tcc_dag', 'add-db-data', 'manual__2022-09-11T21:25:44.996354+00:00', '--job-id', '534', '--raw', '--subdir', 'DAGS_FOLDER/.ipynb_checkpoints/tcc_dag-checkpoint.py', '--cfg-path', '/tmp/tmp_vqniimw', '--error-file', '/tmp/tmp602wupt3']
[2022-09-11 21:25:52,646] {standard_task_runner.py:80} INFO - Job 534: Subtask add-db-data
[2022-09-11 21:25:52,715] {task_command.py:369} INFO - Running <TaskInstance: tcc_dag.add-db-data manual__2022-09-11T21:25:44.996354+00:00 [running]> on host b6ddae3e9f9e
[2022-09-11 21:25:52,792] {taskinstance.py:1571} INFO - Exporting the following env vars:
AIRFLOW_CTX_DAG_OWNER=Michelle Mesquita
AIRFLOW_CTX_DAG_ID=tcc_dag
AIRFLOW_CTX_TASK_ID=add-db-data
AIRFLOW_CTX_EXECUTION_DATE=2022-09-11T21:25:44.996354+00:00
AIRFLOW_CTX_TRY_NUMBER=1
AIRFLOW_CTX_DAG_RUN_ID=manual__2022-09-11T21:25:44.996354+00:00
[2022-09-11 21:25:52,808] {logging_mixin.py:115} INFO - Connecting to the MySQL database...
[2022-09-11 21:25:52,811] {logging_mixin.py:115} INFO - 2003 (HY000): Can't connect to MySQL server on 'localhost:3308' (99)
[2022-09-11 21:25:52,820] {logging_mixin.py:115} INFO - Connecting to the MySQL database...
[2022-09-11 21:25:52,822] {logging_mixin.py:115} INFO - 2003 (HY000): Can't connect to MySQL server on 'localhost:3308' (99)
[2022-09-11 21:25:52,823] {taskinstance.py:1889} ERROR - Task failed with exception
Traceback (most recent call last):
  File "/home/airflow/.local/lib/python3.7/site-packages/airflow/operators/python.py", line 171, in execute
    return_value = self.execute_callable()
  File "/home/airflow/.local/lib/python3.7/site-packages/airflow/operators/python.py", line 189, in execute_callable
    return self.python_callable(*self.op_args, **self.op_kwargs)
  File "/opt/airflow/dags/.ipynb_checkpoints/tcc_dag-checkpoint.py", line 139, in add_db_data
    query2 = f"""UPDATE mydatabase.security set st_vulnerability = '{row['st_vulnerability'][index]}',dh_updated='{datetime.now()}' where ds_title = '{row['ds_title'][index]}' and nm_repository = '{row['nm_repository'][index]}'"""
TypeError: 'float' object is not subscriptable
[2022-09-11 21:25:52,835] {taskinstance.py:1400} INFO - Marking task as FAILED. dag_id=tcc_dag, task_id=add-db-data, execution_date=20220911T212544, start_date=20220911T212552, end_date=20220911T212552
[2022-09-11 21:25:52,847] {standard_task_runner.py:97} ERROR - Failed to execute job 534 for task add-db-data ('float' object is not subscriptable; 2589)
[2022-09-11 21:25:52,861] {local_task_job.py:156} INFO - Task exited with return code 1
[2022-09-11 21:25:52,905] {local_task_job.py:273} INFO - 0 downstream tasks scheduled from follow-on schedule check
