[2022-09-12 03:38:27,472] {taskinstance.py:1159} INFO - Dependencies all met for <TaskInstance: tcc_dag.github-sca-data manual__2022-09-12T03:38:25.389769+00:00 [queued]>
[2022-09-12 03:38:27,485] {taskinstance.py:1159} INFO - Dependencies all met for <TaskInstance: tcc_dag.github-sca-data manual__2022-09-12T03:38:25.389769+00:00 [queued]>
[2022-09-12 03:38:27,487] {taskinstance.py:1356} INFO - 
--------------------------------------------------------------------------------
[2022-09-12 03:38:27,488] {taskinstance.py:1357} INFO - Starting attempt 1 of 1
[2022-09-12 03:38:27,489] {taskinstance.py:1358} INFO - 
--------------------------------------------------------------------------------
[2022-09-12 03:38:27,531] {taskinstance.py:1377} INFO - Executing <Task(PythonOperator): github-sca-data> on 2022-09-12 03:38:25.389769+00:00
[2022-09-12 03:38:27,544] {standard_task_runner.py:52} INFO - Started process 19570 to run task
[2022-09-12 03:38:27,557] {standard_task_runner.py:79} INFO - Running: ['***', 'tasks', 'run', 'tcc_dag', 'github-sca-data', 'manual__2022-09-12T03:38:25.389769+00:00', '--job-id', '630', '--raw', '--subdir', 'DAGS_FOLDER/tcc_dag.py', '--cfg-path', '/tmp/tmpcd4n_xgs', '--error-file', '/tmp/tmpg4rlfweg']
[2022-09-12 03:38:27,566] {standard_task_runner.py:80} INFO - Job 630: Subtask github-sca-data
[2022-09-12 03:38:27,675] {task_command.py:369} INFO - Running <TaskInstance: tcc_dag.github-sca-data manual__2022-09-12T03:38:25.389769+00:00 [running]> on host b6ddae3e9f9e
[2022-09-12 03:38:27,784] {taskinstance.py:1571} INFO - Exporting the following env vars:
AIRFLOW_CTX_DAG_OWNER=Michelle Mesquita
AIRFLOW_CTX_DAG_ID=tcc_dag
AIRFLOW_CTX_TASK_ID=github-sca-data
AIRFLOW_CTX_EXECUTION_DATE=2022-09-12T03:38:25.389769+00:00
AIRFLOW_CTX_TRY_NUMBER=1
AIRFLOW_CTX_DAG_RUN_ID=manual__2022-09-12T03:38:25.389769+00:00
[2022-09-12 03:38:27,788] {logging_mixin.py:115} INFO - repository: michelleamesquita/cypress-ci-report
[2022-09-12 03:38:29,707] {python.py:173} INFO - Done. Returned value was: None
[2022-09-12 03:38:29,750] {taskinstance.py:1400} INFO - Marking task as SUCCESS. dag_id=tcc_dag, task_id=github-sca-data, execution_date=20220912T033825, start_date=20220912T033827, end_date=20220912T033829
[2022-09-12 03:38:29,807] {local_task_job.py:156} INFO - Task exited with return code 0
[2022-09-12 03:38:29,912] {local_task_job.py:273} INFO - 0 downstream tasks scheduled from follow-on schedule check
