[2022-09-09 01:17:55,492] {taskinstance.py:1159} INFO - Dependencies all met for <TaskInstance: tcc_dag.github-sca-data manual__2022-09-09T01:17:53.216863+00:00 [queued]>
[2022-09-09 01:17:55,507] {taskinstance.py:1159} INFO - Dependencies all met for <TaskInstance: tcc_dag.github-sca-data manual__2022-09-09T01:17:53.216863+00:00 [queued]>
[2022-09-09 01:17:55,508] {taskinstance.py:1356} INFO - 
--------------------------------------------------------------------------------
[2022-09-09 01:17:55,510] {taskinstance.py:1357} INFO - Starting attempt 1 of 1
[2022-09-09 01:17:55,511] {taskinstance.py:1358} INFO - 
--------------------------------------------------------------------------------
[2022-09-09 01:17:55,529] {taskinstance.py:1377} INFO - Executing <Task(PythonOperator): github-sca-data> on 2022-09-09 01:17:53.216863+00:00
[2022-09-09 01:17:55,536] {standard_task_runner.py:52} INFO - Started process 86 to run task
[2022-09-09 01:17:55,552] {standard_task_runner.py:79} INFO - Running: ['***', 'tasks', 'run', 'tcc_dag', 'github-sca-data', 'manual__2022-09-09T01:17:53.216863+00:00', '--job-id', '300', '--raw', '--subdir', 'DAGS_FOLDER/tcc_dag.py', '--cfg-path', '/tmp/tmpgbdt3e15', '--error-file', '/tmp/tmpugthwgqq']
[2022-09-09 01:17:55,575] {standard_task_runner.py:80} INFO - Job 300: Subtask github-sca-data
[2022-09-09 01:17:55,674] {task_command.py:369} INFO - Running <TaskInstance: tcc_dag.github-sca-data manual__2022-09-09T01:17:53.216863+00:00 [running]> on host b6ddae3e9f9e
[2022-09-09 01:17:55,811] {taskinstance.py:1571} INFO - Exporting the following env vars:
AIRFLOW_CTX_DAG_OWNER=Michelle Mesquita
AIRFLOW_CTX_DAG_ID=tcc_dag
AIRFLOW_CTX_TASK_ID=github-sca-data
AIRFLOW_CTX_EXECUTION_DATE=2022-09-09T01:17:53.216863+00:00
AIRFLOW_CTX_TRY_NUMBER=1
AIRFLOW_CTX_DAG_RUN_ID=manual__2022-09-09T01:17:53.216863+00:00
[2022-09-09 01:17:55,820] {logging_mixin.py:115} INFO - repository: michelleamesquita/cypress-ci-report
[2022-09-09 01:17:57,151] {python.py:173} INFO - Done. Returned value was: None
[2022-09-09 01:17:57,173] {taskinstance.py:1400} INFO - Marking task as SUCCESS. dag_id=tcc_dag, task_id=github-sca-data, execution_date=20220909T011753, start_date=20220909T011755, end_date=20220909T011757
[2022-09-09 01:17:57,221] {local_task_job.py:156} INFO - Task exited with return code 0
[2022-09-09 01:17:57,300] {local_task_job.py:273} INFO - 0 downstream tasks scheduled from follow-on schedule check
