[2022-09-12 04:08:57,458] {taskinstance.py:1159} INFO - Dependencies all met for <TaskInstance: tcc_dag.generate-csv-data manual__2022-09-12T04:08:48.460693+00:00 [queued]>
[2022-09-12 04:08:57,470] {taskinstance.py:1159} INFO - Dependencies all met for <TaskInstance: tcc_dag.generate-csv-data manual__2022-09-12T04:08:48.460693+00:00 [queued]>
[2022-09-12 04:08:57,471] {taskinstance.py:1356} INFO - 
--------------------------------------------------------------------------------
[2022-09-12 04:08:57,472] {taskinstance.py:1357} INFO - Starting attempt 1 of 1
[2022-09-12 04:08:57,473] {taskinstance.py:1358} INFO - 
--------------------------------------------------------------------------------
[2022-09-12 04:08:57,496] {taskinstance.py:1377} INFO - Executing <Task(PythonOperator): generate-csv-data> on 2022-09-12 04:08:48.460693+00:00
[2022-09-12 04:08:57,503] {standard_task_runner.py:52} INFO - Started process 21465 to run task
[2022-09-12 04:08:57,509] {standard_task_runner.py:79} INFO - Running: ['***', 'tasks', 'run', 'tcc_dag', 'generate-csv-data', 'manual__2022-09-12T04:08:48.460693+00:00', '--job-id', '667', '--raw', '--subdir', 'DAGS_FOLDER/tcc_dag.py', '--cfg-path', '/tmp/tmpixa88xbg', '--error-file', '/tmp/tmp3x2ae19b']
[2022-09-12 04:08:57,511] {standard_task_runner.py:80} INFO - Job 667: Subtask generate-csv-data
[2022-09-12 04:08:57,592] {task_command.py:369} INFO - Running <TaskInstance: tcc_dag.generate-csv-data manual__2022-09-12T04:08:48.460693+00:00 [running]> on host b6ddae3e9f9e
[2022-09-12 04:08:57,685] {taskinstance.py:1571} INFO - Exporting the following env vars:
AIRFLOW_CTX_DAG_OWNER=Michelle Mesquita
AIRFLOW_CTX_DAG_ID=tcc_dag
AIRFLOW_CTX_TASK_ID=generate-csv-data
AIRFLOW_CTX_EXECUTION_DATE=2022-09-12T04:08:48.460693+00:00
AIRFLOW_CTX_TRY_NUMBER=1
AIRFLOW_CTX_DAG_RUN_ID=manual__2022-09-12T04:08:48.460693+00:00
[2022-09-12 04:08:57,732] {logging_mixin.py:115} INFO - finished
[2022-09-12 04:08:57,733] {python.py:173} INFO - Done. Returned value was: None
[2022-09-12 04:08:57,752] {taskinstance.py:1400} INFO - Marking task as SUCCESS. dag_id=tcc_dag, task_id=generate-csv-data, execution_date=20220912T040848, start_date=20220912T040857, end_date=20220912T040857
[2022-09-12 04:08:57,803] {local_task_job.py:156} INFO - Task exited with return code 0
[2022-09-12 04:08:57,877] {local_task_job.py:273} INFO - 1 downstream tasks scheduled from follow-on schedule check
