[2022-09-11 06:55:46,748] {taskinstance.py:1159} INFO - Dependencies all met for <TaskInstance: tcc_dag.github-sca-data manual__2022-09-11T06:55:45.213063+00:00 [queued]>
[2022-09-11 06:55:46,781] {taskinstance.py:1159} INFO - Dependencies all met for <TaskInstance: tcc_dag.github-sca-data manual__2022-09-11T06:55:45.213063+00:00 [queued]>
[2022-09-11 06:55:46,783] {taskinstance.py:1356} INFO - 
--------------------------------------------------------------------------------
[2022-09-11 06:55:46,785] {taskinstance.py:1357} INFO - Starting attempt 1 of 1
[2022-09-11 06:55:46,786] {taskinstance.py:1358} INFO - 
--------------------------------------------------------------------------------
[2022-09-11 06:55:46,837] {taskinstance.py:1377} INFO - Executing <Task(PythonOperator): github-sca-data> on 2022-09-11 06:55:45.213063+00:00
[2022-09-11 06:55:46,846] {standard_task_runner.py:52} INFO - Started process 13575 to run task
[2022-09-11 06:55:46,888] {standard_task_runner.py:79} INFO - Running: ['***', 'tasks', 'run', 'tcc_dag', 'github-sca-data', 'manual__2022-09-11T06:55:45.213063+00:00', '--job-id', '503', '--raw', '--subdir', 'DAGS_FOLDER/tcc_dag.py', '--cfg-path', '/tmp/tmppqfs5mf6', '--error-file', '/tmp/tmp53uxp0_a']
[2022-09-11 06:55:46,907] {standard_task_runner.py:80} INFO - Job 503: Subtask github-sca-data
[2022-09-11 06:55:47,109] {task_command.py:369} INFO - Running <TaskInstance: tcc_dag.github-sca-data manual__2022-09-11T06:55:45.213063+00:00 [running]> on host b6ddae3e9f9e
[2022-09-11 06:55:47,273] {taskinstance.py:1571} INFO - Exporting the following env vars:
AIRFLOW_CTX_DAG_OWNER=Michelle Mesquita
AIRFLOW_CTX_DAG_ID=tcc_dag
AIRFLOW_CTX_TASK_ID=github-sca-data
AIRFLOW_CTX_EXECUTION_DATE=2022-09-11T06:55:45.213063+00:00
AIRFLOW_CTX_TRY_NUMBER=1
AIRFLOW_CTX_DAG_RUN_ID=manual__2022-09-11T06:55:45.213063+00:00
[2022-09-11 06:55:47,278] {logging_mixin.py:115} INFO - repository: michelleamesquita/cypress-ci-report
[2022-09-11 06:55:49,979] {python.py:173} INFO - Done. Returned value was: None
[2022-09-11 06:55:50,009] {taskinstance.py:1400} INFO - Marking task as SUCCESS. dag_id=tcc_dag, task_id=github-sca-data, execution_date=20220911T065545, start_date=20220911T065546, end_date=20220911T065550
[2022-09-11 06:55:50,077] {local_task_job.py:156} INFO - Task exited with return code 0
[2022-09-11 06:55:50,139] {local_task_job.py:273} INFO - 0 downstream tasks scheduled from follow-on schedule check
