[2022-09-09 01:22:29,957] {taskinstance.py:1159} INFO - Dependencies all met for <TaskInstance: tcc_dag.github-sca-data manual__2022-09-09T01:22:27.751299+00:00 [queued]>
[2022-09-09 01:22:29,969] {taskinstance.py:1159} INFO - Dependencies all met for <TaskInstance: tcc_dag.github-sca-data manual__2022-09-09T01:22:27.751299+00:00 [queued]>
[2022-09-09 01:22:29,970] {taskinstance.py:1356} INFO - 
--------------------------------------------------------------------------------
[2022-09-09 01:22:29,971] {taskinstance.py:1357} INFO - Starting attempt 1 of 1
[2022-09-09 01:22:29,972] {taskinstance.py:1358} INFO - 
--------------------------------------------------------------------------------
[2022-09-09 01:22:29,998] {taskinstance.py:1377} INFO - Executing <Task(PythonOperator): github-sca-data> on 2022-09-09 01:22:27.751299+00:00
[2022-09-09 01:22:30,007] {standard_task_runner.py:52} INFO - Started process 114 to run task
[2022-09-09 01:22:30,021] {standard_task_runner.py:79} INFO - Running: ['***', 'tasks', 'run', 'tcc_dag', 'github-sca-data', 'manual__2022-09-09T01:22:27.751299+00:00', '--job-id', '332', '--raw', '--subdir', 'DAGS_FOLDER/.ipynb_checkpoints/tcc_dag-checkpoint.py', '--cfg-path', '/tmp/tmpyb4hx738', '--error-file', '/tmp/tmpuizo_d_f']
[2022-09-09 01:22:30,023] {standard_task_runner.py:80} INFO - Job 332: Subtask github-sca-data
[2022-09-09 01:22:30,135] {task_command.py:369} INFO - Running <TaskInstance: tcc_dag.github-sca-data manual__2022-09-09T01:22:27.751299+00:00 [running]> on host b6ddae3e9f9e
[2022-09-09 01:22:30,256] {taskinstance.py:1571} INFO - Exporting the following env vars:
AIRFLOW_CTX_DAG_OWNER=Michelle Mesquita
AIRFLOW_CTX_DAG_ID=tcc_dag
AIRFLOW_CTX_TASK_ID=github-sca-data
AIRFLOW_CTX_EXECUTION_DATE=2022-09-09T01:22:27.751299+00:00
AIRFLOW_CTX_TRY_NUMBER=1
AIRFLOW_CTX_DAG_RUN_ID=manual__2022-09-09T01:22:27.751299+00:00
[2022-09-09 01:22:30,261] {logging_mixin.py:115} INFO - repository: michelleamesquita/cypress-ci-report
[2022-09-09 01:22:30,391] {python.py:173} INFO - Done. Returned value was: None
[2022-09-09 01:22:30,415] {taskinstance.py:1400} INFO - Marking task as SUCCESS. dag_id=tcc_dag, task_id=github-sca-data, execution_date=20220909T012227, start_date=20220909T012229, end_date=20220909T012230
[2022-09-09 01:22:30,470] {local_task_job.py:156} INFO - Task exited with return code 0
[2022-09-09 01:22:30,568] {local_task_job.py:273} INFO - 1 downstream tasks scheduled from follow-on schedule check
