[2022-09-13 00:42:50,894] {taskinstance.py:1159} INFO - Dependencies all met for <TaskInstance: tcc_dag.add-db-data manual__2022-09-13T00:42:43.736186+00:00 [queued]>
[2022-09-13 00:42:50,925] {taskinstance.py:1159} INFO - Dependencies all met for <TaskInstance: tcc_dag.add-db-data manual__2022-09-13T00:42:43.736186+00:00 [queued]>
[2022-09-13 00:42:50,926] {taskinstance.py:1356} INFO - 
--------------------------------------------------------------------------------
[2022-09-13 00:42:50,927] {taskinstance.py:1357} INFO - Starting attempt 1 of 1
[2022-09-13 00:42:50,928] {taskinstance.py:1358} INFO - 
--------------------------------------------------------------------------------
[2022-09-13 00:42:50,946] {taskinstance.py:1377} INFO - Executing <Task(PythonOperator): add-db-data> on 2022-09-13 00:42:43.736186+00:00
[2022-09-13 00:42:50,953] {standard_task_runner.py:52} INFO - Started process 30518 to run task
[2022-09-13 00:42:50,958] {standard_task_runner.py:79} INFO - Running: ['***', 'tasks', 'run', 'tcc_dag', 'add-db-data', 'manual__2022-09-13T00:42:43.736186+00:00', '--job-id', '805', '--raw', '--subdir', 'DAGS_FOLDER/.ipynb_checkpoints/tcc_dag-checkpoint.py', '--cfg-path', '/tmp/tmp24sxyo5c', '--error-file', '/tmp/tmpb59limi8']
[2022-09-13 00:42:50,959] {standard_task_runner.py:80} INFO - Job 805: Subtask add-db-data
[2022-09-13 00:42:51,031] {task_command.py:369} INFO - Running <TaskInstance: tcc_dag.add-db-data manual__2022-09-13T00:42:43.736186+00:00 [running]> on host b6ddae3e9f9e
[2022-09-13 00:42:51,113] {taskinstance.py:1571} INFO - Exporting the following env vars:
AIRFLOW_CTX_DAG_OWNER=Michelle Mesquita
AIRFLOW_CTX_DAG_ID=tcc_dag
AIRFLOW_CTX_TASK_ID=add-db-data
AIRFLOW_CTX_EXECUTION_DATE=2022-09-13T00:42:43.736186+00:00
AIRFLOW_CTX_TRY_NUMBER=1
AIRFLOW_CTX_DAG_RUN_ID=manual__2022-09-13T00:42:43.736186+00:00
[2022-09-13 00:42:51,129] {logging_mixin.py:115} INFO - Connecting to the MySQL database...
[2022-09-13 00:42:51,160] {logging_mixin.py:115} INFO - Database connection closed.
[2022-09-13 00:42:51,179] {logging_mixin.py:115} INFO - Connecting to the MySQL database...
[2022-09-13 00:42:51,208] {logging_mixin.py:115} INFO - Database connection closed.
[2022-09-13 00:42:51,224] {python.py:173} INFO - Done. Returned value was: None
[2022-09-13 00:42:51,240] {taskinstance.py:1400} INFO - Marking task as SUCCESS. dag_id=tcc_dag, task_id=add-db-data, execution_date=20220913T004243, start_date=20220913T004250, end_date=20220913T004251
[2022-09-13 00:42:51,296] {local_task_job.py:156} INFO - Task exited with return code 0
[2022-09-13 00:42:51,340] {local_task_job.py:273} INFO - 1 downstream tasks scheduled from follow-on schedule check
