[2022-09-12 01:54:27,911] {taskinstance.py:1159} INFO - Dependencies all met for <TaskInstance: tcc_dag.generate-csv-data manual__2022-09-12T01:54:21.429512+00:00 [queued]>
[2022-09-12 01:54:27,926] {taskinstance.py:1159} INFO - Dependencies all met for <TaskInstance: tcc_dag.generate-csv-data manual__2022-09-12T01:54:21.429512+00:00 [queued]>
[2022-09-12 01:54:27,926] {taskinstance.py:1356} INFO - 
--------------------------------------------------------------------------------
[2022-09-12 01:54:27,927] {taskinstance.py:1357} INFO - Starting attempt 1 of 1
[2022-09-12 01:54:27,928] {taskinstance.py:1358} INFO - 
--------------------------------------------------------------------------------
[2022-09-12 01:54:27,949] {taskinstance.py:1377} INFO - Executing <Task(PythonOperator): generate-csv-data> on 2022-09-12 01:54:21.429512+00:00
[2022-09-12 01:54:27,957] {standard_task_runner.py:52} INFO - Started process 14011 to run task
[2022-09-12 01:54:27,962] {standard_task_runner.py:79} INFO - Running: ['***', 'tasks', 'run', 'tcc_dag', 'generate-csv-data', 'manual__2022-09-12T01:54:21.429512+00:00', '--job-id', '596', '--raw', '--subdir', 'DAGS_FOLDER/.ipynb_checkpoints/tcc_dag-checkpoint.py', '--cfg-path', '/tmp/tmpd9s9f5ab', '--error-file', '/tmp/tmpkg6fd6a1']
[2022-09-12 01:54:27,963] {standard_task_runner.py:80} INFO - Job 596: Subtask generate-csv-data
[2022-09-12 01:54:28,041] {task_command.py:369} INFO - Running <TaskInstance: tcc_dag.generate-csv-data manual__2022-09-12T01:54:21.429512+00:00 [running]> on host b6ddae3e9f9e
[2022-09-12 01:54:28,133] {taskinstance.py:1571} INFO - Exporting the following env vars:
AIRFLOW_CTX_DAG_OWNER=Michelle Mesquita
AIRFLOW_CTX_DAG_ID=tcc_dag
AIRFLOW_CTX_TASK_ID=generate-csv-data
AIRFLOW_CTX_EXECUTION_DATE=2022-09-12T01:54:21.429512+00:00
AIRFLOW_CTX_TRY_NUMBER=1
AIRFLOW_CTX_DAG_RUN_ID=manual__2022-09-12T01:54:21.429512+00:00
[2022-09-12 01:54:28,189] {logging_mixin.py:115} INFO - finished
[2022-09-12 01:54:28,190] {python.py:173} INFO - Done. Returned value was: None
[2022-09-12 01:54:28,215] {taskinstance.py:1400} INFO - Marking task as SUCCESS. dag_id=tcc_dag, task_id=generate-csv-data, execution_date=20220912T015421, start_date=20220912T015427, end_date=20220912T015428
[2022-09-12 01:54:28,259] {local_task_job.py:156} INFO - Task exited with return code 0
[2022-09-12 01:54:28,344] {local_task_job.py:273} INFO - 1 downstream tasks scheduled from follow-on schedule check
