[2022-09-11 06:53:17,458] {taskinstance.py:1159} INFO - Dependencies all met for <TaskInstance: tcc_dag.github-sca-data manual__2022-09-11T06:53:15.692137+00:00 [queued]>
[2022-09-11 06:53:17,532] {taskinstance.py:1159} INFO - Dependencies all met for <TaskInstance: tcc_dag.github-sca-data manual__2022-09-11T06:53:15.692137+00:00 [queued]>
[2022-09-11 06:53:17,534] {taskinstance.py:1356} INFO - 
--------------------------------------------------------------------------------
[2022-09-11 06:53:17,535] {taskinstance.py:1357} INFO - Starting attempt 1 of 1
[2022-09-11 06:53:17,536] {taskinstance.py:1358} INFO - 
--------------------------------------------------------------------------------
[2022-09-11 06:53:17,593] {taskinstance.py:1377} INFO - Executing <Task(PythonOperator): github-sca-data> on 2022-09-11 06:53:15.692137+00:00
[2022-09-11 06:53:17,603] {standard_task_runner.py:52} INFO - Started process 13405 to run task
[2022-09-11 06:53:17,609] {standard_task_runner.py:79} INFO - Running: ['***', 'tasks', 'run', 'tcc_dag', 'github-sca-data', 'manual__2022-09-11T06:53:15.692137+00:00', '--job-id', '496', '--raw', '--subdir', 'DAGS_FOLDER/.ipynb_checkpoints/tcc_dag-checkpoint.py', '--cfg-path', '/tmp/tmpmrs5ocso', '--error-file', '/tmp/tmpp6fgmb0d']
[2022-09-11 06:53:17,611] {standard_task_runner.py:80} INFO - Job 496: Subtask github-sca-data
[2022-09-11 06:53:17,765] {task_command.py:369} INFO - Running <TaskInstance: tcc_dag.github-sca-data manual__2022-09-11T06:53:15.692137+00:00 [running]> on host b6ddae3e9f9e
[2022-09-11 06:53:17,927] {taskinstance.py:1571} INFO - Exporting the following env vars:
AIRFLOW_CTX_DAG_OWNER=Michelle Mesquita
AIRFLOW_CTX_DAG_ID=tcc_dag
AIRFLOW_CTX_TASK_ID=github-sca-data
AIRFLOW_CTX_EXECUTION_DATE=2022-09-11T06:53:15.692137+00:00
AIRFLOW_CTX_TRY_NUMBER=1
AIRFLOW_CTX_DAG_RUN_ID=manual__2022-09-11T06:53:15.692137+00:00
[2022-09-11 06:53:17,931] {logging_mixin.py:115} INFO - repository: michelleamesquita/cypress-ci-report
[2022-09-11 06:53:20,165] {python.py:173} INFO - Done. Returned value was: None
[2022-09-11 06:53:20,183] {taskinstance.py:1400} INFO - Marking task as SUCCESS. dag_id=tcc_dag, task_id=github-sca-data, execution_date=20220911T065315, start_date=20220911T065317, end_date=20220911T065320
[2022-09-11 06:53:20,222] {local_task_job.py:156} INFO - Task exited with return code 0
[2022-09-11 06:53:20,268] {local_task_job.py:273} INFO - 0 downstream tasks scheduled from follow-on schedule check
