[2022-09-12 17:42:31,051] {taskinstance.py:1159} INFO - Dependencies all met for <TaskInstance: tcc_dag.generate-card-trello manual__2022-09-12T17:42:18.496476+00:00 [queued]>
[2022-09-12 17:42:31,103] {taskinstance.py:1159} INFO - Dependencies all met for <TaskInstance: tcc_dag.generate-card-trello manual__2022-09-12T17:42:18.496476+00:00 [queued]>
[2022-09-12 17:42:31,106] {taskinstance.py:1356} INFO - 
--------------------------------------------------------------------------------
[2022-09-12 17:42:31,108] {taskinstance.py:1357} INFO - Starting attempt 1 of 1
[2022-09-12 17:42:31,110] {taskinstance.py:1358} INFO - 
--------------------------------------------------------------------------------
[2022-09-12 17:42:31,163] {taskinstance.py:1377} INFO - Executing <Task(PythonOperator): generate-card-trello> on 2022-09-12 17:42:18.496476+00:00
[2022-09-12 17:42:31,176] {standard_task_runner.py:52} INFO - Started process 23492 to run task
[2022-09-12 17:42:31,202] {standard_task_runner.py:79} INFO - Running: ['***', 'tasks', 'run', 'tcc_dag', 'generate-card-trello', 'manual__2022-09-12T17:42:18.496476+00:00', '--job-id', '705', '--raw', '--subdir', 'DAGS_FOLDER/tcc_dag.py', '--cfg-path', '/tmp/tmpse3zqbcn', '--error-file', '/tmp/tmpoo43zmx6']
[2022-09-12 17:42:31,207] {standard_task_runner.py:80} INFO - Job 705: Subtask generate-card-trello
[2022-09-12 17:42:31,364] {task_command.py:369} INFO - Running <TaskInstance: tcc_dag.generate-card-trello manual__2022-09-12T17:42:18.496476+00:00 [running]> on host b6ddae3e9f9e
[2022-09-12 17:42:31,585] {taskinstance.py:1571} INFO - Exporting the following env vars:
AIRFLOW_CTX_DAG_OWNER=Michelle Mesquita
AIRFLOW_CTX_DAG_ID=tcc_dag
AIRFLOW_CTX_TASK_ID=generate-card-trello
AIRFLOW_CTX_EXECUTION_DATE=2022-09-12T17:42:18.496476+00:00
AIRFLOW_CTX_TRY_NUMBER=1
AIRFLOW_CTX_DAG_RUN_ID=manual__2022-09-12T17:42:18.496476+00:00
[2022-09-12 17:42:31,593] {python.py:173} INFO - Done. Returned value was: None
[2022-09-12 17:42:31,623] {taskinstance.py:1400} INFO - Marking task as SUCCESS. dag_id=tcc_dag, task_id=generate-card-trello, execution_date=20220912T174218, start_date=20220912T174231, end_date=20220912T174231
[2022-09-12 17:42:31,669] {local_task_job.py:156} INFO - Task exited with return code 0
[2022-09-12 17:42:31,752] {local_task_job.py:273} INFO - 0 downstream tasks scheduled from follow-on schedule check
