[2022-09-13 00:46:28,286] {taskinstance.py:1159} INFO - Dependencies all met for <TaskInstance: tcc_dag.gitlab-dast-data manual__2022-09-13T00:46:26.417316+00:00 [queued]>
[2022-09-13 00:46:28,324] {taskinstance.py:1159} INFO - Dependencies all met for <TaskInstance: tcc_dag.gitlab-dast-data manual__2022-09-13T00:46:26.417316+00:00 [queued]>
[2022-09-13 00:46:28,326] {taskinstance.py:1356} INFO - 
--------------------------------------------------------------------------------
[2022-09-13 00:46:28,328] {taskinstance.py:1357} INFO - Starting attempt 1 of 1
[2022-09-13 00:46:28,329] {taskinstance.py:1358} INFO - 
--------------------------------------------------------------------------------
[2022-09-13 00:46:28,363] {taskinstance.py:1377} INFO - Executing <Task(PythonOperator): gitlab-dast-data> on 2022-09-13 00:46:26.417316+00:00
[2022-09-13 00:46:28,371] {standard_task_runner.py:52} INFO - Started process 30786 to run task
[2022-09-13 00:46:28,389] {standard_task_runner.py:79} INFO - Running: ['***', 'tasks', 'run', 'tcc_dag', 'gitlab-dast-data', 'manual__2022-09-13T00:46:26.417316+00:00', '--job-id', '813', '--raw', '--subdir', 'DAGS_FOLDER/.ipynb_checkpoints/tcc_dag-checkpoint.py', '--cfg-path', '/tmp/tmp67zhsrl0', '--error-file', '/tmp/tmpems4hync']
[2022-09-13 00:46:28,397] {standard_task_runner.py:80} INFO - Job 813: Subtask gitlab-dast-data
[2022-09-13 00:46:28,534] {task_command.py:369} INFO - Running <TaskInstance: tcc_dag.gitlab-dast-data manual__2022-09-13T00:46:26.417316+00:00 [running]> on host b6ddae3e9f9e
[2022-09-13 00:46:28,864] {taskinstance.py:1571} INFO - Exporting the following env vars:
AIRFLOW_CTX_DAG_OWNER=Michelle Mesquita
AIRFLOW_CTX_DAG_ID=tcc_dag
AIRFLOW_CTX_TASK_ID=gitlab-dast-data
AIRFLOW_CTX_EXECUTION_DATE=2022-09-13T00:46:26.417316+00:00
AIRFLOW_CTX_TRY_NUMBER=1
AIRFLOW_CTX_DAG_RUN_ID=manual__2022-09-13T00:46:26.417316+00:00
[2022-09-13 00:46:28,872] {logging_mixin.py:115} INFO - project_id: 28815326
[2022-09-13 00:46:32,799] {python.py:173} INFO - Done. Returned value was: None
[2022-09-13 00:46:32,826] {taskinstance.py:1400} INFO - Marking task as SUCCESS. dag_id=tcc_dag, task_id=gitlab-dast-data, execution_date=20220913T004626, start_date=20220913T004628, end_date=20220913T004632
[2022-09-13 00:46:32,893] {local_task_job.py:156} INFO - Task exited with return code 0
[2022-09-13 00:46:32,969] {local_task_job.py:273} INFO - 0 downstream tasks scheduled from follow-on schedule check
