[2022-09-11 06:48:18,913] {taskinstance.py:1159} INFO - Dependencies all met for <TaskInstance: tcc_dag.add-db-data manual__2022-09-11T06:48:09.368936+00:00 [queued]>
[2022-09-11 06:48:18,927] {taskinstance.py:1159} INFO - Dependencies all met for <TaskInstance: tcc_dag.add-db-data manual__2022-09-11T06:48:09.368936+00:00 [queued]>
[2022-09-11 06:48:18,929] {taskinstance.py:1356} INFO - 
--------------------------------------------------------------------------------
[2022-09-11 06:48:18,930] {taskinstance.py:1357} INFO - Starting attempt 1 of 1
[2022-09-11 06:48:18,931] {taskinstance.py:1358} INFO - 
--------------------------------------------------------------------------------
[2022-09-11 06:48:18,949] {taskinstance.py:1377} INFO - Executing <Task(PythonOperator): add-db-data> on 2022-09-11 06:48:09.368936+00:00
[2022-09-11 06:48:18,957] {standard_task_runner.py:52} INFO - Started process 13101 to run task
[2022-09-11 06:48:18,961] {standard_task_runner.py:79} INFO - Running: ['***', 'tasks', 'run', 'tcc_dag', 'add-db-data', 'manual__2022-09-11T06:48:09.368936+00:00', '--job-id', '490', '--raw', '--subdir', 'DAGS_FOLDER/.ipynb_checkpoints/tcc_dag-checkpoint.py', '--cfg-path', '/tmp/tmpi4ned_bq', '--error-file', '/tmp/tmpdsrd_wsw']
[2022-09-11 06:48:18,963] {standard_task_runner.py:80} INFO - Job 490: Subtask add-db-data
[2022-09-11 06:48:19,035] {task_command.py:369} INFO - Running <TaskInstance: tcc_dag.add-db-data manual__2022-09-11T06:48:09.368936+00:00 [running]> on host b6ddae3e9f9e
[2022-09-11 06:48:19,128] {taskinstance.py:1571} INFO - Exporting the following env vars:
AIRFLOW_CTX_DAG_OWNER=Michelle Mesquita
AIRFLOW_CTX_DAG_ID=tcc_dag
AIRFLOW_CTX_TASK_ID=add-db-data
AIRFLOW_CTX_EXECUTION_DATE=2022-09-11T06:48:09.368936+00:00
AIRFLOW_CTX_TRY_NUMBER=1
AIRFLOW_CTX_DAG_RUN_ID=manual__2022-09-11T06:48:09.368936+00:00
[2022-09-11 06:48:19,163] {taskinstance.py:1889} ERROR - Task failed with exception
Traceback (most recent call last):
  File "/home/airflow/.local/lib/python3.7/site-packages/airflow/operators/python.py", line 171, in execute
    return_value = self.execute_callable()
  File "/home/airflow/.local/lib/python3.7/site-packages/airflow/operators/python.py", line 189, in execute_callable
    return self.python_callable(*self.op_args, **self.op_kwargs)
  File "/opt/airflow/dags/.ipynb_checkpoints/tcc_dag-checkpoint.py", line 93, in add_db_data
    os.system(f'python3 ./dags/db-data.py {query} {df}')
NameError: name 'df' is not defined
[2022-09-11 06:48:19,182] {taskinstance.py:1400} INFO - Marking task as FAILED. dag_id=tcc_dag, task_id=add-db-data, execution_date=20220911T064809, start_date=20220911T064818, end_date=20220911T064819
[2022-09-11 06:48:19,200] {standard_task_runner.py:97} ERROR - Failed to execute job 490 for task add-db-data (name 'df' is not defined; 13101)
[2022-09-11 06:48:19,257] {local_task_job.py:156} INFO - Task exited with return code 1
[2022-09-11 06:48:19,303] {local_task_job.py:273} INFO - 0 downstream tasks scheduled from follow-on schedule check
