[2022-09-11 21:46:16,357] {taskinstance.py:1159} INFO - Dependencies all met for <TaskInstance: tcc_dag.gitlab-dast-data manual__2022-09-11T21:46:14.988774+00:00 [queued]>
[2022-09-11 21:46:16,373] {taskinstance.py:1159} INFO - Dependencies all met for <TaskInstance: tcc_dag.gitlab-dast-data manual__2022-09-11T21:46:14.988774+00:00 [queued]>
[2022-09-11 21:46:16,374] {taskinstance.py:1356} INFO - 
--------------------------------------------------------------------------------
[2022-09-11 21:46:16,376] {taskinstance.py:1357} INFO - Starting attempt 1 of 1
[2022-09-11 21:46:16,377] {taskinstance.py:1358} INFO - 
--------------------------------------------------------------------------------
[2022-09-11 21:46:16,401] {taskinstance.py:1377} INFO - Executing <Task(PythonOperator): gitlab-dast-data> on 2022-09-11 21:46:14.988774+00:00
[2022-09-11 21:46:16,409] {standard_task_runner.py:52} INFO - Started process 4011 to run task
[2022-09-11 21:46:16,419] {standard_task_runner.py:79} INFO - Running: ['***', 'tasks', 'run', 'tcc_dag', 'gitlab-dast-data', 'manual__2022-09-11T21:46:14.988774+00:00', '--job-id', '578', '--raw', '--subdir', 'DAGS_FOLDER/.ipynb_checkpoints/tcc_dag-checkpoint.py', '--cfg-path', '/tmp/tmp_8cfz2o4', '--error-file', '/tmp/tmp5etoljx_']
[2022-09-11 21:46:16,422] {standard_task_runner.py:80} INFO - Job 578: Subtask gitlab-dast-data
[2022-09-11 21:46:16,557] {task_command.py:369} INFO - Running <TaskInstance: tcc_dag.gitlab-dast-data manual__2022-09-11T21:46:14.988774+00:00 [running]> on host b6ddae3e9f9e
[2022-09-11 21:46:16,697] {taskinstance.py:1571} INFO - Exporting the following env vars:
AIRFLOW_CTX_DAG_OWNER=Michelle Mesquita
AIRFLOW_CTX_DAG_ID=tcc_dag
AIRFLOW_CTX_TASK_ID=gitlab-dast-data
AIRFLOW_CTX_EXECUTION_DATE=2022-09-11T21:46:14.988774+00:00
AIRFLOW_CTX_TRY_NUMBER=1
AIRFLOW_CTX_DAG_RUN_ID=manual__2022-09-11T21:46:14.988774+00:00
[2022-09-11 21:46:16,702] {logging_mixin.py:115} INFO - project_id: 28815326
[2022-09-11 21:46:19,586] {python.py:173} INFO - Done. Returned value was: None
[2022-09-11 21:46:19,652] {taskinstance.py:1400} INFO - Marking task as SUCCESS. dag_id=tcc_dag, task_id=gitlab-dast-data, execution_date=20220911T214614, start_date=20220911T214616, end_date=20220911T214619
[2022-09-11 21:46:19,755] {local_task_job.py:156} INFO - Task exited with return code 0
[2022-09-11 21:46:19,866] {local_task_job.py:273} INFO - 0 downstream tasks scheduled from follow-on schedule check
