[2022-09-13 00:09:48,190] {taskinstance.py:1159} INFO - Dependencies all met for <TaskInstance: tcc_dag.generate-card-trello manual__2022-09-13T00:09:31.807678+00:00 [queued]>
[2022-09-13 00:09:48,203] {taskinstance.py:1159} INFO - Dependencies all met for <TaskInstance: tcc_dag.generate-card-trello manual__2022-09-13T00:09:31.807678+00:00 [queued]>
[2022-09-13 00:09:48,204] {taskinstance.py:1356} INFO - 
--------------------------------------------------------------------------------
[2022-09-13 00:09:48,205] {taskinstance.py:1357} INFO - Starting attempt 1 of 1
[2022-09-13 00:09:48,206] {taskinstance.py:1358} INFO - 
--------------------------------------------------------------------------------
[2022-09-13 00:09:48,220] {taskinstance.py:1377} INFO - Executing <Task(PythonOperator): generate-card-trello> on 2022-09-13 00:09:31.807678+00:00
[2022-09-13 00:09:48,228] {standard_task_runner.py:52} INFO - Started process 28396 to run task
[2022-09-13 00:09:48,232] {standard_task_runner.py:79} INFO - Running: ['***', 'tasks', 'run', 'tcc_dag', 'generate-card-trello', 'manual__2022-09-13T00:09:31.807678+00:00', '--job-id', '758', '--raw', '--subdir', 'DAGS_FOLDER/tcc_dag.py', '--cfg-path', '/tmp/tmppvq524ny', '--error-file', '/tmp/tmp9m_yo95m']
[2022-09-13 00:09:48,234] {standard_task_runner.py:80} INFO - Job 758: Subtask generate-card-trello
[2022-09-13 00:09:48,304] {task_command.py:369} INFO - Running <TaskInstance: tcc_dag.generate-card-trello manual__2022-09-13T00:09:31.807678+00:00 [running]> on host b6ddae3e9f9e
[2022-09-13 00:09:48,386] {taskinstance.py:1571} INFO - Exporting the following env vars:
AIRFLOW_CTX_DAG_OWNER=Michelle Mesquita
AIRFLOW_CTX_DAG_ID=tcc_dag
AIRFLOW_CTX_TASK_ID=generate-card-trello
AIRFLOW_CTX_EXECUTION_DATE=2022-09-13T00:09:31.807678+00:00
AIRFLOW_CTX_TRY_NUMBER=1
AIRFLOW_CTX_DAG_RUN_ID=manual__2022-09-13T00:09:31.807678+00:00
[2022-09-13 00:09:48,389] {python.py:173} INFO - Done. Returned value was: None
[2022-09-13 00:09:48,406] {taskinstance.py:1400} INFO - Marking task as SUCCESS. dag_id=tcc_dag, task_id=generate-card-trello, execution_date=20220913T000931, start_date=20220913T000948, end_date=20220913T000948
[2022-09-13 00:09:48,447] {local_task_job.py:156} INFO - Task exited with return code 0
[2022-09-13 00:09:48,486] {local_task_job.py:273} INFO - 0 downstream tasks scheduled from follow-on schedule check
