[2022-09-09 02:40:47,898] {taskinstance.py:1159} INFO - Dependencies all met for <TaskInstance: tcc_dag.generate-csv-data manual__2022-09-09T02:40:36.074996+00:00 [queued]>
[2022-09-09 02:40:47,911] {taskinstance.py:1159} INFO - Dependencies all met for <TaskInstance: tcc_dag.generate-csv-data manual__2022-09-09T02:40:36.074996+00:00 [queued]>
[2022-09-09 02:40:47,912] {taskinstance.py:1356} INFO - 
--------------------------------------------------------------------------------
[2022-09-09 02:40:47,913] {taskinstance.py:1357} INFO - Starting attempt 1 of 1
[2022-09-09 02:40:47,914] {taskinstance.py:1358} INFO - 
--------------------------------------------------------------------------------
[2022-09-09 02:40:47,931] {taskinstance.py:1377} INFO - Executing <Task(PythonOperator): generate-csv-data> on 2022-09-09 02:40:36.074996+00:00
[2022-09-09 02:40:47,939] {standard_task_runner.py:52} INFO - Started process 152 to run task
[2022-09-09 02:40:47,944] {standard_task_runner.py:79} INFO - Running: ['***', 'tasks', 'run', 'tcc_dag', 'generate-csv-data', 'manual__2022-09-09T02:40:36.074996+00:00', '--job-id', '480', '--raw', '--subdir', 'DAGS_FOLDER/.ipynb_checkpoints/tcc_dag-checkpoint.py', '--cfg-path', '/tmp/tmp202t7af1', '--error-file', '/tmp/tmpxer11b91']
[2022-09-09 02:40:47,946] {standard_task_runner.py:80} INFO - Job 480: Subtask generate-csv-data
[2022-09-09 02:40:48,028] {task_command.py:369} INFO - Running <TaskInstance: tcc_dag.generate-csv-data manual__2022-09-09T02:40:36.074996+00:00 [running]> on host b6ddae3e9f9e
[2022-09-09 02:40:48,146] {taskinstance.py:1571} INFO - Exporting the following env vars:
AIRFLOW_CTX_DAG_OWNER=Michelle Mesquita
AIRFLOW_CTX_DAG_ID=tcc_dag
AIRFLOW_CTX_TASK_ID=generate-csv-data
AIRFLOW_CTX_EXECUTION_DATE=2022-09-09T02:40:36.074996+00:00
AIRFLOW_CTX_TRY_NUMBER=1
AIRFLOW_CTX_DAG_RUN_ID=manual__2022-09-09T02:40:36.074996+00:00
[2022-09-09 02:40:48,198] {logging_mixin.py:115} INFO - finished
[2022-09-09 02:40:48,199] {python.py:173} INFO - Done. Returned value was: None
[2022-09-09 02:40:48,220] {taskinstance.py:1400} INFO - Marking task as SUCCESS. dag_id=tcc_dag, task_id=generate-csv-data, execution_date=20220909T024036, start_date=20220909T024047, end_date=20220909T024048
[2022-09-09 02:40:48,282] {local_task_job.py:156} INFO - Task exited with return code 0
[2022-09-09 02:40:48,325] {local_task_job.py:273} INFO - 0 downstream tasks scheduled from follow-on schedule check
