[2022-09-15 00:45:58,021] {taskinstance.py:1159} INFO - Dependencies all met for <TaskInstance: tcc_dag.generate-csv-data manual__2022-09-15T00:45:48.029807+00:00 [queued]>
[2022-09-15 00:45:58,038] {taskinstance.py:1159} INFO - Dependencies all met for <TaskInstance: tcc_dag.generate-csv-data manual__2022-09-15T00:45:48.029807+00:00 [queued]>
[2022-09-15 00:45:58,040] {taskinstance.py:1356} INFO - 
--------------------------------------------------------------------------------
[2022-09-15 00:45:58,040] {taskinstance.py:1357} INFO - Starting attempt 1 of 1
[2022-09-15 00:45:58,041] {taskinstance.py:1358} INFO - 
--------------------------------------------------------------------------------
[2022-09-15 00:45:58,061] {taskinstance.py:1377} INFO - Executing <Task(PythonOperator): generate-csv-data> on 2022-09-15 00:45:48.029807+00:00
[2022-09-15 00:45:58,072] {standard_task_runner.py:52} INFO - Started process 40903 to run task
[2022-09-15 00:45:58,077] {standard_task_runner.py:79} INFO - Running: ['***', 'tasks', 'run', 'tcc_dag', 'generate-csv-data', 'manual__2022-09-15T00:45:48.029807+00:00', '--job-id', '831', '--raw', '--subdir', 'DAGS_FOLDER/.ipynb_checkpoints/tcc_dag-checkpoint.py', '--cfg-path', '/tmp/tmp6t2slv9u', '--error-file', '/tmp/tmpwt1eyu1k']
[2022-09-15 00:45:58,081] {standard_task_runner.py:80} INFO - Job 831: Subtask generate-csv-data
[2022-09-15 00:45:58,160] {task_command.py:369} INFO - Running <TaskInstance: tcc_dag.generate-csv-data manual__2022-09-15T00:45:48.029807+00:00 [running]> on host b6ddae3e9f9e
[2022-09-15 00:45:58,251] {taskinstance.py:1571} INFO - Exporting the following env vars:
AIRFLOW_CTX_DAG_OWNER=Michelle Mesquita
AIRFLOW_CTX_DAG_ID=tcc_dag
AIRFLOW_CTX_TASK_ID=generate-csv-data
AIRFLOW_CTX_EXECUTION_DATE=2022-09-15T00:45:48.029807+00:00
AIRFLOW_CTX_TRY_NUMBER=1
AIRFLOW_CTX_DAG_RUN_ID=manual__2022-09-15T00:45:48.029807+00:00
[2022-09-15 00:45:58,355] {logging_mixin.py:115} INFO - finished
[2022-09-15 00:45:58,357] {python.py:173} INFO - Done. Returned value was: None
[2022-09-15 00:45:58,394] {taskinstance.py:1400} INFO - Marking task as SUCCESS. dag_id=tcc_dag, task_id=generate-csv-data, execution_date=20220915T004548, start_date=20220915T004558, end_date=20220915T004558
[2022-09-15 00:45:58,455] {local_task_job.py:156} INFO - Task exited with return code 0
[2022-09-15 00:45:58,573] {local_task_job.py:273} INFO - 1 downstream tasks scheduled from follow-on schedule check
