[2022-09-15 00:46:00,287] {taskinstance.py:1159} INFO - Dependencies all met for <TaskInstance: tcc_dag.add-db-data manual__2022-09-15T00:45:48.029807+00:00 [queued]>
[2022-09-15 00:46:00,298] {taskinstance.py:1159} INFO - Dependencies all met for <TaskInstance: tcc_dag.add-db-data manual__2022-09-15T00:45:48.029807+00:00 [queued]>
[2022-09-15 00:46:00,300] {taskinstance.py:1356} INFO - 
--------------------------------------------------------------------------------
[2022-09-15 00:46:00,302] {taskinstance.py:1357} INFO - Starting attempt 1 of 1
[2022-09-15 00:46:00,303] {taskinstance.py:1358} INFO - 
--------------------------------------------------------------------------------
[2022-09-15 00:46:00,323] {taskinstance.py:1377} INFO - Executing <Task(PythonOperator): add-db-data> on 2022-09-15 00:45:48.029807+00:00
[2022-09-15 00:46:00,330] {standard_task_runner.py:52} INFO - Started process 40906 to run task
[2022-09-15 00:46:00,334] {standard_task_runner.py:79} INFO - Running: ['***', 'tasks', 'run', 'tcc_dag', 'add-db-data', 'manual__2022-09-15T00:45:48.029807+00:00', '--job-id', '832', '--raw', '--subdir', 'DAGS_FOLDER/.ipynb_checkpoints/tcc_dag-checkpoint.py', '--cfg-path', '/tmp/tmpoqqd9aiy', '--error-file', '/tmp/tmpnfb4gxaf']
[2022-09-15 00:46:00,335] {standard_task_runner.py:80} INFO - Job 832: Subtask add-db-data
[2022-09-15 00:46:00,405] {task_command.py:369} INFO - Running <TaskInstance: tcc_dag.add-db-data manual__2022-09-15T00:45:48.029807+00:00 [running]> on host b6ddae3e9f9e
[2022-09-15 00:46:00,484] {taskinstance.py:1571} INFO - Exporting the following env vars:
AIRFLOW_CTX_DAG_OWNER=Michelle Mesquita
AIRFLOW_CTX_DAG_ID=tcc_dag
AIRFLOW_CTX_TASK_ID=add-db-data
AIRFLOW_CTX_EXECUTION_DATE=2022-09-15T00:45:48.029807+00:00
AIRFLOW_CTX_TRY_NUMBER=1
AIRFLOW_CTX_DAG_RUN_ID=manual__2022-09-15T00:45:48.029807+00:00
[2022-09-15 00:46:00,500] {logging_mixin.py:115} INFO - Connecting to the MySQL database...
[2022-09-15 00:46:00,640] {logging_mixin.py:115} INFO - Database connection closed.
[2022-09-15 00:46:00,661] {logging_mixin.py:115} INFO - Connecting to the MySQL database...
[2022-09-15 00:46:00,722] {logging_mixin.py:115} INFO - Database connection closed.
[2022-09-15 00:46:00,749] {python.py:173} INFO - Done. Returned value was: None
[2022-09-15 00:46:00,768] {taskinstance.py:1400} INFO - Marking task as SUCCESS. dag_id=tcc_dag, task_id=add-db-data, execution_date=20220915T004548, start_date=20220915T004600, end_date=20220915T004600
[2022-09-15 00:46:00,835] {local_task_job.py:156} INFO - Task exited with return code 0
[2022-09-15 00:46:00,935] {local_task_job.py:273} INFO - 0 downstream tasks scheduled from follow-on schedule check
