[2022-09-12 23:20:35,337] {taskinstance.py:1159} INFO - Dependencies all met for <TaskInstance: tcc_dag.generate-card-trello manual__2022-09-12T23:20:25.646637+00:00 [queued]>
[2022-09-12 23:20:35,351] {taskinstance.py:1159} INFO - Dependencies all met for <TaskInstance: tcc_dag.generate-card-trello manual__2022-09-12T23:20:25.646637+00:00 [queued]>
[2022-09-12 23:20:35,352] {taskinstance.py:1356} INFO - 
--------------------------------------------------------------------------------
[2022-09-12 23:20:35,353] {taskinstance.py:1357} INFO - Starting attempt 1 of 1
[2022-09-12 23:20:35,355] {taskinstance.py:1358} INFO - 
--------------------------------------------------------------------------------
[2022-09-12 23:20:35,374] {taskinstance.py:1377} INFO - Executing <Task(PythonOperator): generate-card-trello> on 2022-09-12 23:20:25.646637+00:00
[2022-09-12 23:20:35,381] {standard_task_runner.py:52} INFO - Started process 25694 to run task
[2022-09-12 23:20:35,386] {standard_task_runner.py:79} INFO - Running: ['***', 'tasks', 'run', 'tcc_dag', 'generate-card-trello', 'manual__2022-09-12T23:20:25.646637+00:00', '--job-id', '735', '--raw', '--subdir', 'DAGS_FOLDER/.ipynb_checkpoints/tcc_dag-checkpoint.py', '--cfg-path', '/tmp/tmprdiwtvp9', '--error-file', '/tmp/tmp2fu2tl35']
[2022-09-12 23:20:35,389] {standard_task_runner.py:80} INFO - Job 735: Subtask generate-card-trello
[2022-09-12 23:20:35,475] {task_command.py:369} INFO - Running <TaskInstance: tcc_dag.generate-card-trello manual__2022-09-12T23:20:25.646637+00:00 [running]> on host b6ddae3e9f9e
[2022-09-12 23:20:35,562] {taskinstance.py:1571} INFO - Exporting the following env vars:
AIRFLOW_CTX_DAG_OWNER=Michelle Mesquita
AIRFLOW_CTX_DAG_ID=tcc_dag
AIRFLOW_CTX_TASK_ID=generate-card-trello
AIRFLOW_CTX_EXECUTION_DATE=2022-09-12T23:20:25.646637+00:00
AIRFLOW_CTX_TRY_NUMBER=1
AIRFLOW_CTX_DAG_RUN_ID=manual__2022-09-12T23:20:25.646637+00:00
[2022-09-12 23:20:38,315] {python.py:173} INFO - Done. Returned value was: None
[2022-09-12 23:20:38,339] {taskinstance.py:1400} INFO - Marking task as SUCCESS. dag_id=tcc_dag, task_id=generate-card-trello, execution_date=20220912T232025, start_date=20220912T232035, end_date=20220912T232038
[2022-09-12 23:20:38,412] {local_task_job.py:156} INFO - Task exited with return code 0
[2022-09-12 23:20:38,468] {local_task_job.py:273} INFO - 0 downstream tasks scheduled from follow-on schedule check
