[2022-09-11 21:34:52,392] {taskinstance.py:1159} INFO - Dependencies all met for <TaskInstance: tcc_dag.generate-csv-data manual__2022-09-11T21:34:44.557181+00:00 [queued]>
[2022-09-11 21:34:52,409] {taskinstance.py:1159} INFO - Dependencies all met for <TaskInstance: tcc_dag.generate-csv-data manual__2022-09-11T21:34:44.557181+00:00 [queued]>
[2022-09-11 21:34:52,410] {taskinstance.py:1356} INFO - 
--------------------------------------------------------------------------------
[2022-09-11 21:34:52,411] {taskinstance.py:1357} INFO - Starting attempt 1 of 1
[2022-09-11 21:34:52,412] {taskinstance.py:1358} INFO - 
--------------------------------------------------------------------------------
[2022-09-11 21:34:52,428] {taskinstance.py:1377} INFO - Executing <Task(PythonOperator): generate-csv-data> on 2022-09-11 21:34:44.557181+00:00
[2022-09-11 21:34:52,434] {standard_task_runner.py:52} INFO - Started process 3271 to run task
[2022-09-11 21:34:52,440] {standard_task_runner.py:79} INFO - Running: ['***', 'tasks', 'run', 'tcc_dag', 'generate-csv-data', 'manual__2022-09-11T21:34:44.557181+00:00', '--job-id', '558', '--raw', '--subdir', 'DAGS_FOLDER/tcc_dag.py', '--cfg-path', '/tmp/tmpae59tq9o', '--error-file', '/tmp/tmp8vpfmwgv']
[2022-09-11 21:34:52,442] {standard_task_runner.py:80} INFO - Job 558: Subtask generate-csv-data
[2022-09-11 21:34:52,512] {task_command.py:369} INFO - Running <TaskInstance: tcc_dag.generate-csv-data manual__2022-09-11T21:34:44.557181+00:00 [running]> on host b6ddae3e9f9e
[2022-09-11 21:34:52,613] {taskinstance.py:1571} INFO - Exporting the following env vars:
AIRFLOW_CTX_DAG_OWNER=Michelle Mesquita
AIRFLOW_CTX_DAG_ID=tcc_dag
AIRFLOW_CTX_TASK_ID=generate-csv-data
AIRFLOW_CTX_EXECUTION_DATE=2022-09-11T21:34:44.557181+00:00
AIRFLOW_CTX_TRY_NUMBER=1
AIRFLOW_CTX_DAG_RUN_ID=manual__2022-09-11T21:34:44.557181+00:00
[2022-09-11 21:34:52,661] {logging_mixin.py:115} INFO - finished
[2022-09-11 21:34:52,663] {python.py:173} INFO - Done. Returned value was: None
[2022-09-11 21:34:52,683] {taskinstance.py:1400} INFO - Marking task as SUCCESS. dag_id=tcc_dag, task_id=generate-csv-data, execution_date=20220911T213444, start_date=20220911T213452, end_date=20220911T213452
[2022-09-11 21:34:52,734] {local_task_job.py:156} INFO - Task exited with return code 0
[2022-09-11 21:34:52,804] {local_task_job.py:273} INFO - 1 downstream tasks scheduled from follow-on schedule check
