[2022-09-12 18:00:48,049] {taskinstance.py:1159} INFO - Dependencies all met for <TaskInstance: tcc_dag.add-db-data manual__2022-09-12T18:00:38.193860+00:00 [queued]>
[2022-09-12 18:00:48,061] {taskinstance.py:1159} INFO - Dependencies all met for <TaskInstance: tcc_dag.add-db-data manual__2022-09-12T18:00:38.193860+00:00 [queued]>
[2022-09-12 18:00:48,062] {taskinstance.py:1356} INFO - 
--------------------------------------------------------------------------------
[2022-09-12 18:00:48,063] {taskinstance.py:1357} INFO - Starting attempt 1 of 1
[2022-09-12 18:00:48,063] {taskinstance.py:1358} INFO - 
--------------------------------------------------------------------------------
[2022-09-12 18:00:48,079] {taskinstance.py:1377} INFO - Executing <Task(PythonOperator): add-db-data> on 2022-09-12 18:00:38.193860+00:00
[2022-09-12 18:00:48,086] {standard_task_runner.py:52} INFO - Started process 24566 to run task
[2022-09-12 18:00:48,090] {standard_task_runner.py:79} INFO - Running: ['***', 'tasks', 'run', 'tcc_dag', 'add-db-data', 'manual__2022-09-12T18:00:38.193860+00:00', '--job-id', '722', '--raw', '--subdir', 'DAGS_FOLDER/.ipynb_checkpoints/tcc_dag-checkpoint.py', '--cfg-path', '/tmp/tmp0j0ltoc2', '--error-file', '/tmp/tmp8xmwbmak']
[2022-09-12 18:00:48,091] {standard_task_runner.py:80} INFO - Job 722: Subtask add-db-data
[2022-09-12 18:00:48,157] {task_command.py:369} INFO - Running <TaskInstance: tcc_dag.add-db-data manual__2022-09-12T18:00:38.193860+00:00 [running]> on host b6ddae3e9f9e
[2022-09-12 18:00:48,242] {taskinstance.py:1571} INFO - Exporting the following env vars:
AIRFLOW_CTX_DAG_OWNER=Michelle Mesquita
AIRFLOW_CTX_DAG_ID=tcc_dag
AIRFLOW_CTX_TASK_ID=add-db-data
AIRFLOW_CTX_EXECUTION_DATE=2022-09-12T18:00:38.193860+00:00
AIRFLOW_CTX_TRY_NUMBER=1
AIRFLOW_CTX_DAG_RUN_ID=manual__2022-09-12T18:00:38.193860+00:00
[2022-09-12 18:00:48,257] {logging_mixin.py:115} INFO - Connecting to the MySQL database...
[2022-09-12 18:00:48,286] {logging_mixin.py:115} INFO - Database connection closed.
[2022-09-12 18:00:48,302] {logging_mixin.py:115} INFO - Connecting to the MySQL database...
[2022-09-12 18:00:48,348] {logging_mixin.py:115} INFO - Database connection closed.
[2022-09-12 18:00:48,374] {python.py:173} INFO - Done. Returned value was: None
[2022-09-12 18:00:48,390] {taskinstance.py:1400} INFO - Marking task as SUCCESS. dag_id=tcc_dag, task_id=add-db-data, execution_date=20220912T180038, start_date=20220912T180048, end_date=20220912T180048
[2022-09-12 18:00:48,425] {local_task_job.py:156} INFO - Task exited with return code 0
[2022-09-12 18:00:48,470] {local_task_job.py:273} INFO - 1 downstream tasks scheduled from follow-on schedule check
