[2022-09-12 03:30:32,936] {taskinstance.py:1159} INFO - Dependencies all met for <TaskInstance: tcc_dag.generate-csv-data manual__2022-09-12T03:30:24.745003+00:00 [queued]>
[2022-09-12 03:30:32,951] {taskinstance.py:1159} INFO - Dependencies all met for <TaskInstance: tcc_dag.generate-csv-data manual__2022-09-12T03:30:24.745003+00:00 [queued]>
[2022-09-12 03:30:32,952] {taskinstance.py:1356} INFO - 
--------------------------------------------------------------------------------
[2022-09-12 03:30:32,953] {taskinstance.py:1357} INFO - Starting attempt 1 of 1
[2022-09-12 03:30:32,954] {taskinstance.py:1358} INFO - 
--------------------------------------------------------------------------------
[2022-09-12 03:30:32,972] {taskinstance.py:1377} INFO - Executing <Task(PythonOperator): generate-csv-data> on 2022-09-12 03:30:24.745003+00:00
[2022-09-12 03:30:32,979] {standard_task_runner.py:52} INFO - Started process 19067 to run task
[2022-09-12 03:30:32,983] {standard_task_runner.py:79} INFO - Running: ['***', 'tasks', 'run', 'tcc_dag', 'generate-csv-data', 'manual__2022-09-12T03:30:24.745003+00:00', '--job-id', '616', '--raw', '--subdir', 'DAGS_FOLDER/.ipynb_checkpoints/tcc_dag-checkpoint.py', '--cfg-path', '/tmp/tmp38zwdpjm', '--error-file', '/tmp/tmpah6b6_iz']
[2022-09-12 03:30:32,986] {standard_task_runner.py:80} INFO - Job 616: Subtask generate-csv-data
[2022-09-12 03:30:33,062] {task_command.py:369} INFO - Running <TaskInstance: tcc_dag.generate-csv-data manual__2022-09-12T03:30:24.745003+00:00 [running]> on host b6ddae3e9f9e
[2022-09-12 03:30:33,153] {taskinstance.py:1571} INFO - Exporting the following env vars:
AIRFLOW_CTX_DAG_OWNER=Michelle Mesquita
AIRFLOW_CTX_DAG_ID=tcc_dag
AIRFLOW_CTX_TASK_ID=generate-csv-data
AIRFLOW_CTX_EXECUTION_DATE=2022-09-12T03:30:24.745003+00:00
AIRFLOW_CTX_TRY_NUMBER=1
AIRFLOW_CTX_DAG_RUN_ID=manual__2022-09-12T03:30:24.745003+00:00
[2022-09-12 03:30:33,192] {logging_mixin.py:115} INFO - finished
[2022-09-12 03:30:33,193] {python.py:173} INFO - Done. Returned value was: None
[2022-09-12 03:30:33,211] {taskinstance.py:1400} INFO - Marking task as SUCCESS. dag_id=tcc_dag, task_id=generate-csv-data, execution_date=20220912T033024, start_date=20220912T033032, end_date=20220912T033033
[2022-09-12 03:30:33,279] {local_task_job.py:156} INFO - Task exited with return code 0
[2022-09-12 03:30:33,346] {local_task_job.py:273} INFO - 1 downstream tasks scheduled from follow-on schedule check
