[2022-09-12 03:41:14,021] {taskinstance.py:1159} INFO - Dependencies all met for <TaskInstance: tcc_dag.github-sca-data manual__2022-09-12T03:41:11.947230+00:00 [queued]>
[2022-09-12 03:41:14,076] {taskinstance.py:1159} INFO - Dependencies all met for <TaskInstance: tcc_dag.github-sca-data manual__2022-09-12T03:41:11.947230+00:00 [queued]>
[2022-09-12 03:41:14,077] {taskinstance.py:1356} INFO - 
--------------------------------------------------------------------------------
[2022-09-12 03:41:14,078] {taskinstance.py:1357} INFO - Starting attempt 1 of 1
[2022-09-12 03:41:14,080] {taskinstance.py:1358} INFO - 
--------------------------------------------------------------------------------
[2022-09-12 03:41:14,119] {taskinstance.py:1377} INFO - Executing <Task(PythonOperator): github-sca-data> on 2022-09-12 03:41:11.947230+00:00
[2022-09-12 03:41:14,136] {standard_task_runner.py:52} INFO - Started process 19753 to run task
[2022-09-12 03:41:14,159] {standard_task_runner.py:79} INFO - Running: ['***', 'tasks', 'run', 'tcc_dag', 'github-sca-data', 'manual__2022-09-12T03:41:11.947230+00:00', '--job-id', '635', '--raw', '--subdir', 'DAGS_FOLDER/.ipynb_checkpoints/tcc_dag-checkpoint.py', '--cfg-path', '/tmp/tmp7af_e5_2', '--error-file', '/tmp/tmpd__75j66']
[2022-09-12 03:41:14,164] {standard_task_runner.py:80} INFO - Job 635: Subtask github-sca-data
[2022-09-12 03:41:14,320] {task_command.py:369} INFO - Running <TaskInstance: tcc_dag.github-sca-data manual__2022-09-12T03:41:11.947230+00:00 [running]> on host b6ddae3e9f9e
[2022-09-12 03:41:14,546] {taskinstance.py:1571} INFO - Exporting the following env vars:
AIRFLOW_CTX_DAG_OWNER=Michelle Mesquita
AIRFLOW_CTX_DAG_ID=tcc_dag
AIRFLOW_CTX_TASK_ID=github-sca-data
AIRFLOW_CTX_EXECUTION_DATE=2022-09-12T03:41:11.947230+00:00
AIRFLOW_CTX_TRY_NUMBER=1
AIRFLOW_CTX_DAG_RUN_ID=manual__2022-09-12T03:41:11.947230+00:00
[2022-09-12 03:41:14,550] {logging_mixin.py:115} INFO - repository: michelleamesquita/cypress-ci-report
[2022-09-12 03:41:17,708] {python.py:173} INFO - Done. Returned value was: None
[2022-09-12 03:41:17,737] {taskinstance.py:1400} INFO - Marking task as SUCCESS. dag_id=tcc_dag, task_id=github-sca-data, execution_date=20220912T034111, start_date=20220912T034114, end_date=20220912T034117
[2022-09-12 03:41:17,827] {local_task_job.py:156} INFO - Task exited with return code 0
[2022-09-12 03:41:17,936] {local_task_job.py:273} INFO - 0 downstream tasks scheduled from follow-on schedule check
