[2022-09-11 21:46:23,783] {taskinstance.py:1159} INFO - Dependencies all met for <TaskInstance: tcc_dag.add-db-data manual__2022-09-11T21:46:14.988774+00:00 [queued]>
[2022-09-11 21:46:23,797] {taskinstance.py:1159} INFO - Dependencies all met for <TaskInstance: tcc_dag.add-db-data manual__2022-09-11T21:46:14.988774+00:00 [queued]>
[2022-09-11 21:46:23,798] {taskinstance.py:1356} INFO - 
--------------------------------------------------------------------------------
[2022-09-11 21:46:23,799] {taskinstance.py:1357} INFO - Starting attempt 1 of 1
[2022-09-11 21:46:23,800] {taskinstance.py:1358} INFO - 
--------------------------------------------------------------------------------
[2022-09-11 21:46:23,820] {taskinstance.py:1377} INFO - Executing <Task(PythonOperator): add-db-data> on 2022-09-11 21:46:14.988774+00:00
[2022-09-11 21:46:23,832] {standard_task_runner.py:52} INFO - Started process 4060 to run task
[2022-09-11 21:46:23,840] {standard_task_runner.py:79} INFO - Running: ['***', 'tasks', 'run', 'tcc_dag', 'add-db-data', 'manual__2022-09-11T21:46:14.988774+00:00', '--job-id', '581', '--raw', '--subdir', 'DAGS_FOLDER/.ipynb_checkpoints/tcc_dag-checkpoint.py', '--cfg-path', '/tmp/tmpuv0ear03', '--error-file', '/tmp/tmp8p8x77cm']
[2022-09-11 21:46:23,842] {standard_task_runner.py:80} INFO - Job 581: Subtask add-db-data
[2022-09-11 21:46:23,944] {task_command.py:369} INFO - Running <TaskInstance: tcc_dag.add-db-data manual__2022-09-11T21:46:14.988774+00:00 [running]> on host b6ddae3e9f9e
[2022-09-11 21:46:24,060] {taskinstance.py:1571} INFO - Exporting the following env vars:
AIRFLOW_CTX_DAG_OWNER=Michelle Mesquita
AIRFLOW_CTX_DAG_ID=tcc_dag
AIRFLOW_CTX_TASK_ID=add-db-data
AIRFLOW_CTX_EXECUTION_DATE=2022-09-11T21:46:14.988774+00:00
AIRFLOW_CTX_TRY_NUMBER=1
AIRFLOW_CTX_DAG_RUN_ID=manual__2022-09-11T21:46:14.988774+00:00
[2022-09-11 21:46:24,097] {logging_mixin.py:115} INFO - Connecting to the MySQL database...
[2022-09-11 21:46:24,102] {logging_mixin.py:115} INFO - 2003 (HY000): Can't connect to MySQL server on 'localhost:3308' (99)
[2022-09-11 21:46:24,122] {logging_mixin.py:115} INFO - Connecting to the MySQL database...
[2022-09-11 21:46:24,124] {logging_mixin.py:115} INFO - 2003 (HY000): Can't connect to MySQL server on 'localhost:3308' (99)
[2022-09-11 21:46:24,126] {python.py:173} INFO - Done. Returned value was: (None, [])
[2022-09-11 21:46:24,181] {taskinstance.py:1400} INFO - Marking task as SUCCESS. dag_id=tcc_dag, task_id=add-db-data, execution_date=20220911T214614, start_date=20220911T214623, end_date=20220911T214624
[2022-09-11 21:46:24,218] {local_task_job.py:156} INFO - Task exited with return code 0
[2022-09-11 21:46:24,297] {local_task_job.py:273} INFO - 1 downstream tasks scheduled from follow-on schedule check
