[2022-09-13 00:05:28,839] {taskinstance.py:1159} INFO - Dependencies all met for <TaskInstance: tcc_dag.generate-csv-data manual__2022-09-13T00:05:21.932520+00:00 [queued]>
[2022-09-13 00:05:28,857] {taskinstance.py:1159} INFO - Dependencies all met for <TaskInstance: tcc_dag.generate-csv-data manual__2022-09-13T00:05:21.932520+00:00 [queued]>
[2022-09-13 00:05:28,858] {taskinstance.py:1356} INFO - 
--------------------------------------------------------------------------------
[2022-09-13 00:05:28,859] {taskinstance.py:1357} INFO - Starting attempt 1 of 1
[2022-09-13 00:05:28,860] {taskinstance.py:1358} INFO - 
--------------------------------------------------------------------------------
[2022-09-13 00:05:28,881] {taskinstance.py:1377} INFO - Executing <Task(PythonOperator): generate-csv-data> on 2022-09-13 00:05:21.932520+00:00
[2022-09-13 00:05:28,890] {standard_task_runner.py:52} INFO - Started process 28073 to run task
[2022-09-13 00:05:28,899] {standard_task_runner.py:79} INFO - Running: ['***', 'tasks', 'run', 'tcc_dag', 'generate-csv-data', 'manual__2022-09-13T00:05:21.932520+00:00', '--job-id', '744', '--raw', '--subdir', 'DAGS_FOLDER/.ipynb_checkpoints/tcc_dag-checkpoint.py', '--cfg-path', '/tmp/tmp35dlecdp', '--error-file', '/tmp/tmpeg8_dzxe']
[2022-09-13 00:05:28,903] {standard_task_runner.py:80} INFO - Job 744: Subtask generate-csv-data
[2022-09-13 00:05:28,997] {task_command.py:369} INFO - Running <TaskInstance: tcc_dag.generate-csv-data manual__2022-09-13T00:05:21.932520+00:00 [running]> on host b6ddae3e9f9e
[2022-09-13 00:05:29,093] {taskinstance.py:1571} INFO - Exporting the following env vars:
AIRFLOW_CTX_DAG_OWNER=Michelle Mesquita
AIRFLOW_CTX_DAG_ID=tcc_dag
AIRFLOW_CTX_TASK_ID=generate-csv-data
AIRFLOW_CTX_EXECUTION_DATE=2022-09-13T00:05:21.932520+00:00
AIRFLOW_CTX_TRY_NUMBER=1
AIRFLOW_CTX_DAG_RUN_ID=manual__2022-09-13T00:05:21.932520+00:00
[2022-09-13 00:05:29,192] {logging_mixin.py:115} INFO - finished
[2022-09-13 00:05:29,193] {python.py:173} INFO - Done. Returned value was: None
[2022-09-13 00:05:29,216] {taskinstance.py:1400} INFO - Marking task as SUCCESS. dag_id=tcc_dag, task_id=generate-csv-data, execution_date=20220913T000521, start_date=20220913T000528, end_date=20220913T000529
[2022-09-13 00:05:29,281] {local_task_job.py:156} INFO - Task exited with return code 0
[2022-09-13 00:05:29,399] {local_task_job.py:273} INFO - 0 downstream tasks scheduled from follow-on schedule check
