[2022-09-12 06:55:24,103] {taskinstance.py:1159} INFO - Dependencies all met for <TaskInstance: tcc_dag.add-db-data scheduled__2022-09-11T04:36:17.881892+00:00 [queued]>
[2022-09-12 06:55:24,136] {taskinstance.py:1159} INFO - Dependencies all met for <TaskInstance: tcc_dag.add-db-data scheduled__2022-09-11T04:36:17.881892+00:00 [queued]>
[2022-09-12 06:55:24,137] {taskinstance.py:1356} INFO - 
--------------------------------------------------------------------------------
[2022-09-12 06:55:24,138] {taskinstance.py:1357} INFO - Starting attempt 1 of 1
[2022-09-12 06:55:24,139] {taskinstance.py:1358} INFO - 
--------------------------------------------------------------------------------
[2022-09-12 06:55:24,185] {taskinstance.py:1377} INFO - Executing <Task(PythonOperator): add-db-data> on 2022-09-11 04:36:17.881892+00:00
[2022-09-12 06:55:24,204] {standard_task_runner.py:52} INFO - Started process 22769 to run task
[2022-09-12 06:55:24,215] {standard_task_runner.py:79} INFO - Running: ['***', 'tasks', 'run', 'tcc_dag', 'add-db-data', 'scheduled__2022-09-11T04:36:17.881892+00:00', '--job-id', '698', '--raw', '--subdir', 'DAGS_FOLDER/.ipynb_checkpoints/tcc_dag-checkpoint.py', '--cfg-path', '/tmp/tmpamtx0dji', '--error-file', '/tmp/tmpuvh4wa8l']
[2022-09-12 06:55:24,222] {standard_task_runner.py:80} INFO - Job 698: Subtask add-db-data
[2022-09-12 06:55:24,435] {task_command.py:369} INFO - Running <TaskInstance: tcc_dag.add-db-data scheduled__2022-09-11T04:36:17.881892+00:00 [running]> on host b6ddae3e9f9e
[2022-09-12 06:55:24,678] {taskinstance.py:1571} INFO - Exporting the following env vars:
AIRFLOW_CTX_DAG_OWNER=Michelle Mesquita
AIRFLOW_CTX_DAG_ID=tcc_dag
AIRFLOW_CTX_TASK_ID=add-db-data
AIRFLOW_CTX_EXECUTION_DATE=2022-09-11T04:36:17.881892+00:00
AIRFLOW_CTX_TRY_NUMBER=1
AIRFLOW_CTX_DAG_RUN_ID=scheduled__2022-09-11T04:36:17.881892+00:00
[2022-09-12 06:55:24,766] {logging_mixin.py:115} INFO - Connecting to the MySQL database...
[2022-09-12 06:55:24,936] {logging_mixin.py:115} INFO - Database connection closed.
[2022-09-12 06:55:24,979] {python.py:173} INFO - Done. Returned value was: None
[2022-09-12 06:55:25,003] {taskinstance.py:1400} INFO - Marking task as SUCCESS. dag_id=tcc_dag, task_id=add-db-data, execution_date=20220911T043617, start_date=20220912T065524, end_date=20220912T065525
[2022-09-12 06:55:25,087] {local_task_job.py:156} INFO - Task exited with return code 0
[2022-09-12 06:55:25,164] {local_task_job.py:273} INFO - 1 downstream tasks scheduled from follow-on schedule check
