[2022-09-12 04:14:17,751] {taskinstance.py:1159} INFO - Dependencies all met for <TaskInstance: tcc_dag.generate-card-trello manual__2022-09-12T04:14:06.901411+00:00 [queued]>
[2022-09-12 04:14:17,764] {taskinstance.py:1159} INFO - Dependencies all met for <TaskInstance: tcc_dag.generate-card-trello manual__2022-09-12T04:14:06.901411+00:00 [queued]>
[2022-09-12 04:14:17,765] {taskinstance.py:1356} INFO - 
--------------------------------------------------------------------------------
[2022-09-12 04:14:17,766] {taskinstance.py:1357} INFO - Starting attempt 1 of 1
[2022-09-12 04:14:17,766] {taskinstance.py:1358} INFO - 
--------------------------------------------------------------------------------
[2022-09-12 04:14:17,785] {taskinstance.py:1377} INFO - Executing <Task(PythonOperator): generate-card-trello> on 2022-09-12 04:14:06.901411+00:00
[2022-09-12 04:14:17,791] {standard_task_runner.py:52} INFO - Started process 21838 to run task
[2022-09-12 04:14:17,796] {standard_task_runner.py:79} INFO - Running: ['***', 'tasks', 'run', 'tcc_dag', 'generate-card-trello', 'manual__2022-09-12T04:14:06.901411+00:00', '--job-id', '681', '--raw', '--subdir', 'DAGS_FOLDER/tcc_dag.py', '--cfg-path', '/tmp/tmp4c6wmp37', '--error-file', '/tmp/tmpe48u4aiq']
[2022-09-12 04:14:17,797] {standard_task_runner.py:80} INFO - Job 681: Subtask generate-card-trello
[2022-09-12 04:14:17,887] {task_command.py:369} INFO - Running <TaskInstance: tcc_dag.generate-card-trello manual__2022-09-12T04:14:06.901411+00:00 [running]> on host b6ddae3e9f9e
[2022-09-12 04:14:17,974] {taskinstance.py:1571} INFO - Exporting the following env vars:
AIRFLOW_CTX_DAG_OWNER=Michelle Mesquita
AIRFLOW_CTX_DAG_ID=tcc_dag
AIRFLOW_CTX_TASK_ID=generate-card-trello
AIRFLOW_CTX_EXECUTION_DATE=2022-09-12T04:14:06.901411+00:00
AIRFLOW_CTX_TRY_NUMBER=1
AIRFLOW_CTX_DAG_RUN_ID=manual__2022-09-12T04:14:06.901411+00:00
[2022-09-12 04:14:20,669] {taskinstance.py:1889} ERROR - Task failed with exception
Traceback (most recent call last):
  File "/home/airflow/.local/lib/python3.7/site-packages/airflow/operators/python.py", line 171, in execute
    return_value = self.execute_callable()
  File "/home/airflow/.local/lib/python3.7/site-packages/airflow/operators/python.py", line 189, in execute_callable
    return self.python_callable(*self.op_args, **self.op_kwargs)
  File "/opt/airflow/dags/tcc_dag.py", line 209, in generate_card_trello
    if not df2.empty >0:
UnboundLocalError: local variable 'df2' referenced before assignment
[2022-09-12 04:14:20,685] {taskinstance.py:1400} INFO - Marking task as FAILED. dag_id=tcc_dag, task_id=generate-card-trello, execution_date=20220912T041406, start_date=20220912T041417, end_date=20220912T041420
[2022-09-12 04:14:20,701] {standard_task_runner.py:97} ERROR - Failed to execute job 681 for task generate-card-trello (local variable 'df2' referenced before assignment; 21838)
[2022-09-12 04:14:20,753] {local_task_job.py:156} INFO - Task exited with return code 1
[2022-09-12 04:14:20,805] {local_task_job.py:273} INFO - 0 downstream tasks scheduled from follow-on schedule check
