[2022-09-13 00:30:32,712] {taskinstance.py:1159} INFO - Dependencies all met for <TaskInstance: tcc_dag.add-db-data manual__2022-09-13T00:30:23.399965+00:00 [queued]>
[2022-09-13 00:30:32,725] {taskinstance.py:1159} INFO - Dependencies all met for <TaskInstance: tcc_dag.add-db-data manual__2022-09-13T00:30:23.399965+00:00 [queued]>
[2022-09-13 00:30:32,726] {taskinstance.py:1356} INFO - 
--------------------------------------------------------------------------------
[2022-09-13 00:30:32,727] {taskinstance.py:1357} INFO - Starting attempt 1 of 1
[2022-09-13 00:30:32,728] {taskinstance.py:1358} INFO - 
--------------------------------------------------------------------------------
[2022-09-13 00:30:32,745] {taskinstance.py:1377} INFO - Executing <Task(PythonOperator): add-db-data> on 2022-09-13 00:30:23.399965+00:00
[2022-09-13 00:30:32,753] {standard_task_runner.py:52} INFO - Started process 29615 to run task
[2022-09-13 00:30:32,758] {standard_task_runner.py:79} INFO - Running: ['***', 'tasks', 'run', 'tcc_dag', 'add-db-data', 'manual__2022-09-13T00:30:23.399965+00:00', '--job-id', '775', '--raw', '--subdir', 'DAGS_FOLDER/tcc_dag.py', '--cfg-path', '/tmp/tmpobdjxd6d', '--error-file', '/tmp/tmpaejrge6d']
[2022-09-13 00:30:32,759] {standard_task_runner.py:80} INFO - Job 775: Subtask add-db-data
[2022-09-13 00:30:32,830] {task_command.py:369} INFO - Running <TaskInstance: tcc_dag.add-db-data manual__2022-09-13T00:30:23.399965+00:00 [running]> on host b6ddae3e9f9e
[2022-09-13 00:30:32,915] {taskinstance.py:1571} INFO - Exporting the following env vars:
AIRFLOW_CTX_DAG_OWNER=Michelle Mesquita
AIRFLOW_CTX_DAG_ID=tcc_dag
AIRFLOW_CTX_TASK_ID=add-db-data
AIRFLOW_CTX_EXECUTION_DATE=2022-09-13T00:30:23.399965+00:00
AIRFLOW_CTX_TRY_NUMBER=1
AIRFLOW_CTX_DAG_RUN_ID=manual__2022-09-13T00:30:23.399965+00:00
[2022-09-13 00:30:32,932] {logging_mixin.py:115} INFO - Connecting to the MySQL database...
[2022-09-13 00:30:32,967] {logging_mixin.py:115} INFO - Database connection closed.
[2022-09-13 00:30:32,981] {logging_mixin.py:115} INFO - Connecting to the MySQL database...
[2022-09-13 00:30:33,008] {logging_mixin.py:115} INFO - Database connection closed.
[2022-09-13 00:30:33,027] {python.py:173} INFO - Done. Returned value was: None
[2022-09-13 00:30:33,045] {taskinstance.py:1400} INFO - Marking task as SUCCESS. dag_id=tcc_dag, task_id=add-db-data, execution_date=20220913T003023, start_date=20220913T003032, end_date=20220913T003033
[2022-09-13 00:30:33,092] {local_task_job.py:156} INFO - Task exited with return code 0
[2022-09-13 00:30:33,136] {local_task_job.py:273} INFO - 1 downstream tasks scheduled from follow-on schedule check
