[2022-09-11 06:55:52,283] {taskinstance.py:1159} INFO - Dependencies all met for <TaskInstance: tcc_dag.generate-csv-data manual__2022-09-11T06:55:45.213063+00:00 [queued]>
[2022-09-11 06:55:52,294] {taskinstance.py:1159} INFO - Dependencies all met for <TaskInstance: tcc_dag.generate-csv-data manual__2022-09-11T06:55:45.213063+00:00 [queued]>
[2022-09-11 06:55:52,295] {taskinstance.py:1356} INFO - 
--------------------------------------------------------------------------------
[2022-09-11 06:55:52,296] {taskinstance.py:1357} INFO - Starting attempt 1 of 1
[2022-09-11 06:55:52,296] {taskinstance.py:1358} INFO - 
--------------------------------------------------------------------------------
[2022-09-11 06:55:52,312] {taskinstance.py:1377} INFO - Executing <Task(PythonOperator): generate-csv-data> on 2022-09-11 06:55:45.213063+00:00
[2022-09-11 06:55:52,318] {standard_task_runner.py:52} INFO - Started process 13619 to run task
[2022-09-11 06:55:52,322] {standard_task_runner.py:79} INFO - Running: ['***', 'tasks', 'run', 'tcc_dag', 'generate-csv-data', 'manual__2022-09-11T06:55:45.213063+00:00', '--job-id', '504', '--raw', '--subdir', 'DAGS_FOLDER/tcc_dag.py', '--cfg-path', '/tmp/tmppj9w2i5c', '--error-file', '/tmp/tmp0xqvisxn']
[2022-09-11 06:55:52,324] {standard_task_runner.py:80} INFO - Job 504: Subtask generate-csv-data
[2022-09-11 06:55:52,393] {task_command.py:369} INFO - Running <TaskInstance: tcc_dag.generate-csv-data manual__2022-09-11T06:55:45.213063+00:00 [running]> on host b6ddae3e9f9e
[2022-09-11 06:55:52,477] {taskinstance.py:1571} INFO - Exporting the following env vars:
AIRFLOW_CTX_DAG_OWNER=Michelle Mesquita
AIRFLOW_CTX_DAG_ID=tcc_dag
AIRFLOW_CTX_TASK_ID=generate-csv-data
AIRFLOW_CTX_EXECUTION_DATE=2022-09-11T06:55:45.213063+00:00
AIRFLOW_CTX_TRY_NUMBER=1
AIRFLOW_CTX_DAG_RUN_ID=manual__2022-09-11T06:55:45.213063+00:00
[2022-09-11 06:55:52,515] {logging_mixin.py:115} INFO - finished
[2022-09-11 06:55:52,516] {python.py:173} INFO - Done. Returned value was: None
[2022-09-11 06:55:52,531] {taskinstance.py:1400} INFO - Marking task as SUCCESS. dag_id=tcc_dag, task_id=generate-csv-data, execution_date=20220911T065545, start_date=20220911T065552, end_date=20220911T065552
[2022-09-11 06:55:52,576] {local_task_job.py:156} INFO - Task exited with return code 0
[2022-09-11 06:55:52,617] {local_task_job.py:273} INFO - 1 downstream tasks scheduled from follow-on schedule check
