[2022-09-13 00:26:04,153] {taskinstance.py:1159} INFO - Dependencies all met for <TaskInstance: tcc_dag.generate-card-trello manual__2022-09-13T00:25:52.544694+00:00 [queued]>
[2022-09-13 00:26:04,167] {taskinstance.py:1159} INFO - Dependencies all met for <TaskInstance: tcc_dag.generate-card-trello manual__2022-09-13T00:25:52.544694+00:00 [queued]>
[2022-09-13 00:26:04,168] {taskinstance.py:1356} INFO - 
--------------------------------------------------------------------------------
[2022-09-13 00:26:04,169] {taskinstance.py:1357} INFO - Starting attempt 1 of 1
[2022-09-13 00:26:04,170] {taskinstance.py:1358} INFO - 
--------------------------------------------------------------------------------
[2022-09-13 00:26:04,192] {taskinstance.py:1377} INFO - Executing <Task(PythonOperator): generate-card-trello> on 2022-09-13 00:25:52.544694+00:00
[2022-09-13 00:26:04,200] {standard_task_runner.py:52} INFO - Started process 29336 to run task
[2022-09-13 00:26:04,207] {standard_task_runner.py:79} INFO - Running: ['***', 'tasks', 'run', 'tcc_dag', 'generate-card-trello', 'manual__2022-09-13T00:25:52.544694+00:00', '--job-id', '770', '--raw', '--subdir', 'DAGS_FOLDER/tcc_dag.py', '--cfg-path', '/tmp/tmpw83plsfw', '--error-file', '/tmp/tmp6tx19ii6']
[2022-09-13 00:26:04,210] {standard_task_runner.py:80} INFO - Job 770: Subtask generate-card-trello
[2022-09-13 00:26:04,291] {task_command.py:369} INFO - Running <TaskInstance: tcc_dag.generate-card-trello manual__2022-09-13T00:25:52.544694+00:00 [running]> on host b6ddae3e9f9e
[2022-09-13 00:26:04,378] {taskinstance.py:1571} INFO - Exporting the following env vars:
AIRFLOW_CTX_DAG_OWNER=Michelle Mesquita
AIRFLOW_CTX_DAG_ID=tcc_dag
AIRFLOW_CTX_TASK_ID=generate-card-trello
AIRFLOW_CTX_EXECUTION_DATE=2022-09-13T00:25:52.544694+00:00
AIRFLOW_CTX_TRY_NUMBER=1
AIRFLOW_CTX_DAG_RUN_ID=manual__2022-09-13T00:25:52.544694+00:00
[2022-09-13 00:26:04,381] {python.py:173} INFO - Done. Returned value was: None
[2022-09-13 00:26:04,399] {taskinstance.py:1400} INFO - Marking task as SUCCESS. dag_id=tcc_dag, task_id=generate-card-trello, execution_date=20220913T002552, start_date=20220913T002604, end_date=20220913T002604
[2022-09-13 00:26:04,468] {local_task_job.py:156} INFO - Task exited with return code 0
[2022-09-13 00:26:04,516] {local_task_job.py:273} INFO - 0 downstream tasks scheduled from follow-on schedule check
