[2022-09-09 01:31:26,735] {taskinstance.py:1159} INFO - Dependencies all met for <TaskInstance: tcc_dag.github-sca-data manual__2022-09-09T01:30:47.886981+00:00 [queued]>
[2022-09-09 01:31:26,750] {taskinstance.py:1159} INFO - Dependencies all met for <TaskInstance: tcc_dag.github-sca-data manual__2022-09-09T01:30:47.886981+00:00 [queued]>
[2022-09-09 01:31:26,751] {taskinstance.py:1356} INFO - 
--------------------------------------------------------------------------------
[2022-09-09 01:31:26,752] {taskinstance.py:1357} INFO - Starting attempt 1 of 1
[2022-09-09 01:31:26,753] {taskinstance.py:1358} INFO - 
--------------------------------------------------------------------------------
[2022-09-09 01:31:26,779] {taskinstance.py:1377} INFO - Executing <Task(PythonOperator): github-sca-data> on 2022-09-09 01:30:47.886981+00:00
[2022-09-09 01:31:26,788] {standard_task_runner.py:52} INFO - Started process 66 to run task
[2022-09-09 01:31:26,798] {standard_task_runner.py:79} INFO - Running: ['***', 'tasks', 'run', 'tcc_dag', 'github-sca-data', 'manual__2022-09-09T01:30:47.886981+00:00', '--job-id', '372', '--raw', '--subdir', 'DAGS_FOLDER/.ipynb_checkpoints/tcc_dag-checkpoint.py', '--cfg-path', '/tmp/tmpkfl_knx7', '--error-file', '/tmp/tmpxhwske38']
[2022-09-09 01:31:26,800] {standard_task_runner.py:80} INFO - Job 372: Subtask github-sca-data
[2022-09-09 01:31:26,925] {task_command.py:369} INFO - Running <TaskInstance: tcc_dag.github-sca-data manual__2022-09-09T01:30:47.886981+00:00 [running]> on host b6ddae3e9f9e
[2022-09-09 01:31:27,061] {taskinstance.py:1571} INFO - Exporting the following env vars:
AIRFLOW_CTX_DAG_OWNER=Michelle Mesquita
AIRFLOW_CTX_DAG_ID=tcc_dag
AIRFLOW_CTX_TASK_ID=github-sca-data
AIRFLOW_CTX_EXECUTION_DATE=2022-09-09T01:30:47.886981+00:00
AIRFLOW_CTX_TRY_NUMBER=1
AIRFLOW_CTX_DAG_RUN_ID=manual__2022-09-09T01:30:47.886981+00:00
[2022-09-09 01:31:27,070] {logging_mixin.py:115} INFO - repository: michelleamesquita/cypress-ci-report
[2022-09-09 01:31:28,437] {logging_mixin.py:115} INFO - finished
[2022-09-09 01:31:28,449] {python.py:173} INFO - Done. Returned value was: None
[2022-09-09 01:31:28,470] {taskinstance.py:1400} INFO - Marking task as SUCCESS. dag_id=tcc_dag, task_id=github-sca-data, execution_date=20220909T013047, start_date=20220909T013126, end_date=20220909T013128
[2022-09-09 01:31:28,510] {local_task_job.py:156} INFO - Task exited with return code 0
[2022-09-09 01:31:28,575] {local_task_job.py:273} INFO - 0 downstream tasks scheduled from follow-on schedule check
