[2022-09-12 01:54:22,978] {taskinstance.py:1159} INFO - Dependencies all met for <TaskInstance: tcc_dag.github-sca-data manual__2022-09-12T01:54:21.429512+00:00 [queued]>
[2022-09-12 01:54:22,990] {taskinstance.py:1159} INFO - Dependencies all met for <TaskInstance: tcc_dag.github-sca-data manual__2022-09-12T01:54:21.429512+00:00 [queued]>
[2022-09-12 01:54:22,991] {taskinstance.py:1356} INFO - 
--------------------------------------------------------------------------------
[2022-09-12 01:54:22,992] {taskinstance.py:1357} INFO - Starting attempt 1 of 1
[2022-09-12 01:54:22,993] {taskinstance.py:1358} INFO - 
--------------------------------------------------------------------------------
[2022-09-12 01:54:23,011] {taskinstance.py:1377} INFO - Executing <Task(PythonOperator): github-sca-data> on 2022-09-12 01:54:21.429512+00:00
[2022-09-12 01:54:23,020] {standard_task_runner.py:52} INFO - Started process 13976 to run task
[2022-09-12 01:54:23,028] {standard_task_runner.py:79} INFO - Running: ['***', 'tasks', 'run', 'tcc_dag', 'github-sca-data', 'manual__2022-09-12T01:54:21.429512+00:00', '--job-id', '595', '--raw', '--subdir', 'DAGS_FOLDER/.ipynb_checkpoints/tcc_dag-checkpoint.py', '--cfg-path', '/tmp/tmp7yq8o838', '--error-file', '/tmp/tmpp81f62j9']
[2022-09-12 01:54:23,030] {standard_task_runner.py:80} INFO - Job 595: Subtask github-sca-data
[2022-09-12 01:54:23,128] {task_command.py:369} INFO - Running <TaskInstance: tcc_dag.github-sca-data manual__2022-09-12T01:54:21.429512+00:00 [running]> on host b6ddae3e9f9e
[2022-09-12 01:54:23,289] {taskinstance.py:1571} INFO - Exporting the following env vars:
AIRFLOW_CTX_DAG_OWNER=Michelle Mesquita
AIRFLOW_CTX_DAG_ID=tcc_dag
AIRFLOW_CTX_TASK_ID=github-sca-data
AIRFLOW_CTX_EXECUTION_DATE=2022-09-12T01:54:21.429512+00:00
AIRFLOW_CTX_TRY_NUMBER=1
AIRFLOW_CTX_DAG_RUN_ID=manual__2022-09-12T01:54:21.429512+00:00
[2022-09-12 01:54:23,293] {logging_mixin.py:115} INFO - repository: michelleamesquita/cypress-ci-report
[2022-09-12 01:54:25,263] {python.py:173} INFO - Done. Returned value was: None
[2022-09-12 01:54:25,286] {taskinstance.py:1400} INFO - Marking task as SUCCESS. dag_id=tcc_dag, task_id=github-sca-data, execution_date=20220912T015421, start_date=20220912T015422, end_date=20220912T015425
[2022-09-12 01:54:25,339] {local_task_job.py:156} INFO - Task exited with return code 0
[2022-09-12 01:54:25,423] {local_task_job.py:273} INFO - 0 downstream tasks scheduled from follow-on schedule check
