[2022-09-12 03:48:24,831] {taskinstance.py:1159} INFO - Dependencies all met for <TaskInstance: tcc_dag.generate-csv-data manual__2022-09-12T03:48:15.104836+00:00 [queued]>
[2022-09-12 03:48:24,845] {taskinstance.py:1159} INFO - Dependencies all met for <TaskInstance: tcc_dag.generate-csv-data manual__2022-09-12T03:48:15.104836+00:00 [queued]>
[2022-09-12 03:48:24,846] {taskinstance.py:1356} INFO - 
--------------------------------------------------------------------------------
[2022-09-12 03:48:24,847] {taskinstance.py:1357} INFO - Starting attempt 1 of 1
[2022-09-12 03:48:24,848] {taskinstance.py:1358} INFO - 
--------------------------------------------------------------------------------
[2022-09-12 03:48:24,870] {taskinstance.py:1377} INFO - Executing <Task(PythonOperator): generate-csv-data> on 2022-09-12 03:48:15.104836+00:00
[2022-09-12 03:48:24,879] {standard_task_runner.py:52} INFO - Started process 20195 to run task
[2022-09-12 03:48:24,885] {standard_task_runner.py:79} INFO - Running: ['***', 'tasks', 'run', 'tcc_dag', 'generate-csv-data', 'manual__2022-09-12T03:48:15.104836+00:00', '--job-id', '641', '--raw', '--subdir', 'DAGS_FOLDER/tcc_dag.py', '--cfg-path', '/tmp/tmp1pqvrvq_', '--error-file', '/tmp/tmpb8uxlunz']
[2022-09-12 03:48:24,887] {standard_task_runner.py:80} INFO - Job 641: Subtask generate-csv-data
[2022-09-12 03:48:24,971] {task_command.py:369} INFO - Running <TaskInstance: tcc_dag.generate-csv-data manual__2022-09-12T03:48:15.104836+00:00 [running]> on host b6ddae3e9f9e
[2022-09-12 03:48:25,075] {taskinstance.py:1571} INFO - Exporting the following env vars:
AIRFLOW_CTX_DAG_OWNER=Michelle Mesquita
AIRFLOW_CTX_DAG_ID=tcc_dag
AIRFLOW_CTX_TASK_ID=generate-csv-data
AIRFLOW_CTX_EXECUTION_DATE=2022-09-12T03:48:15.104836+00:00
AIRFLOW_CTX_TRY_NUMBER=1
AIRFLOW_CTX_DAG_RUN_ID=manual__2022-09-12T03:48:15.104836+00:00
[2022-09-12 03:48:25,120] {logging_mixin.py:115} INFO - finished
[2022-09-12 03:48:25,121] {python.py:173} INFO - Done. Returned value was: None
[2022-09-12 03:48:25,138] {taskinstance.py:1400} INFO - Marking task as SUCCESS. dag_id=tcc_dag, task_id=generate-csv-data, execution_date=20220912T034815, start_date=20220912T034824, end_date=20220912T034825
[2022-09-12 03:48:25,180] {local_task_job.py:156} INFO - Task exited with return code 0
[2022-09-12 03:48:25,261] {local_task_job.py:273} INFO - 1 downstream tasks scheduled from follow-on schedule check
