[2022-09-10 00:12:40,627] {processor.py:153} INFO - Started process (PID=7172) to work on /home/airflow/.local/lib/python3.7/site-packages/airflow/example_dags/example_time_delta_sensor_async.py
[2022-09-10 00:12:40,641] {processor.py:641} INFO - Processing file /home/airflow/.local/lib/python3.7/site-packages/airflow/example_dags/example_time_delta_sensor_async.py for tasks to queue
[2022-09-10 00:12:40,655] {logging_mixin.py:115} INFO - [2022-09-10 00:12:40,655] {dagbag.py:507} INFO - Filling up the DagBag from /home/airflow/.local/lib/python3.7/site-packages/airflow/example_dags/example_time_delta_sensor_async.py
[2022-09-10 00:12:40,672] {processor.py:651} INFO - DAG(s) dict_keys(['example_time_delta_sensor_async']) retrieved from /home/airflow/.local/lib/python3.7/site-packages/airflow/example_dags/example_time_delta_sensor_async.py
[2022-09-10 00:12:40,761] {logging_mixin.py:115} INFO - [2022-09-10 00:12:40,761] {dag.py:2371} INFO - Sync 1 DAGs
[2022-09-10 00:12:40,795] {logging_mixin.py:115} INFO - [2022-09-10 00:12:40,795] {dag.py:2919} INFO - Setting next_dagrun for example_time_delta_sensor_async to None, run_after=None
[2022-09-10 00:12:40,839] {processor.py:161} INFO - Processing /home/airflow/.local/lib/python3.7/site-packages/airflow/example_dags/example_time_delta_sensor_async.py took 0.226 seconds
[2022-09-10 00:29:16,374] {processor.py:153} INFO - Started process (PID=7241) to work on /home/airflow/.local/lib/python3.7/site-packages/airflow/example_dags/example_time_delta_sensor_async.py
[2022-09-10 00:29:16,376] {processor.py:641} INFO - Processing file /home/airflow/.local/lib/python3.7/site-packages/airflow/example_dags/example_time_delta_sensor_async.py for tasks to queue
[2022-09-10 00:29:16,381] {logging_mixin.py:115} INFO - [2022-09-10 00:29:16,380] {dagbag.py:507} INFO - Filling up the DagBag from /home/airflow/.local/lib/python3.7/site-packages/airflow/example_dags/example_time_delta_sensor_async.py
[2022-09-10 00:29:16,410] {processor.py:651} INFO - DAG(s) dict_keys(['example_time_delta_sensor_async']) retrieved from /home/airflow/.local/lib/python3.7/site-packages/airflow/example_dags/example_time_delta_sensor_async.py
[2022-09-10 00:29:16,530] {logging_mixin.py:115} INFO - [2022-09-10 00:29:16,530] {dag.py:2371} INFO - Sync 1 DAGs
[2022-09-10 00:29:16,584] {logging_mixin.py:115} INFO - [2022-09-10 00:29:16,584] {dag.py:2919} INFO - Setting next_dagrun for example_time_delta_sensor_async to None, run_after=None
[2022-09-10 00:29:16,614] {processor.py:161} INFO - Processing /home/airflow/.local/lib/python3.7/site-packages/airflow/example_dags/example_time_delta_sensor_async.py took 0.246 seconds
[2022-09-10 02:01:41,720] {processor.py:153} INFO - Started process (PID=7297) to work on /home/airflow/.local/lib/python3.7/site-packages/airflow/example_dags/example_time_delta_sensor_async.py
[2022-09-10 02:01:41,724] {processor.py:641} INFO - Processing file /home/airflow/.local/lib/python3.7/site-packages/airflow/example_dags/example_time_delta_sensor_async.py for tasks to queue
[2022-09-10 02:01:41,726] {logging_mixin.py:115} INFO - [2022-09-10 02:01:41,726] {dagbag.py:507} INFO - Filling up the DagBag from /home/airflow/.local/lib/python3.7/site-packages/airflow/example_dags/example_time_delta_sensor_async.py
[2022-09-10 02:01:41,741] {processor.py:651} INFO - DAG(s) dict_keys(['example_time_delta_sensor_async']) retrieved from /home/airflow/.local/lib/python3.7/site-packages/airflow/example_dags/example_time_delta_sensor_async.py
[2022-09-10 02:01:41,875] {logging_mixin.py:115} INFO - [2022-09-10 02:01:41,875] {dag.py:2371} INFO - Sync 1 DAGs
[2022-09-10 02:01:41,946] {logging_mixin.py:115} INFO - [2022-09-10 02:01:41,946] {dag.py:2919} INFO - Setting next_dagrun for example_time_delta_sensor_async to None, run_after=None
[2022-09-10 02:01:41,975] {processor.py:161} INFO - Processing /home/airflow/.local/lib/python3.7/site-packages/airflow/example_dags/example_time_delta_sensor_async.py took 0.263 seconds
[2022-09-10 02:55:48,876] {processor.py:153} INFO - Started process (PID=7366) to work on /home/airflow/.local/lib/python3.7/site-packages/airflow/example_dags/example_time_delta_sensor_async.py
[2022-09-10 02:55:48,890] {processor.py:641} INFO - Processing file /home/airflow/.local/lib/python3.7/site-packages/airflow/example_dags/example_time_delta_sensor_async.py for tasks to queue
[2022-09-10 02:55:48,898] {logging_mixin.py:115} INFO - [2022-09-10 02:55:48,898] {dagbag.py:507} INFO - Filling up the DagBag from /home/airflow/.local/lib/python3.7/site-packages/airflow/example_dags/example_time_delta_sensor_async.py
[2022-09-10 02:55:48,920] {processor.py:651} INFO - DAG(s) dict_keys(['example_time_delta_sensor_async']) retrieved from /home/airflow/.local/lib/python3.7/site-packages/airflow/example_dags/example_time_delta_sensor_async.py
[2022-09-10 02:55:49,168] {logging_mixin.py:115} INFO - [2022-09-10 02:55:49,168] {dag.py:2371} INFO - Sync 1 DAGs
[2022-09-10 02:55:49,301] {logging_mixin.py:115} INFO - [2022-09-10 02:55:49,301] {dag.py:2919} INFO - Setting next_dagrun for example_time_delta_sensor_async to None, run_after=None
[2022-09-10 02:55:49,368] {processor.py:161} INFO - Processing /home/airflow/.local/lib/python3.7/site-packages/airflow/example_dags/example_time_delta_sensor_async.py took 0.504 seconds
[2022-09-10 02:56:40,280] {processor.py:153} INFO - Started process (PID=7443) to work on /home/airflow/.local/lib/python3.7/site-packages/airflow/example_dags/example_time_delta_sensor_async.py
[2022-09-10 02:56:40,288] {processor.py:641} INFO - Processing file /home/airflow/.local/lib/python3.7/site-packages/airflow/example_dags/example_time_delta_sensor_async.py for tasks to queue
[2022-09-10 02:56:40,299] {logging_mixin.py:115} INFO - [2022-09-10 02:56:40,299] {dagbag.py:507} INFO - Filling up the DagBag from /home/airflow/.local/lib/python3.7/site-packages/airflow/example_dags/example_time_delta_sensor_async.py
[2022-09-10 02:56:40,339] {processor.py:651} INFO - DAG(s) dict_keys(['example_time_delta_sensor_async']) retrieved from /home/airflow/.local/lib/python3.7/site-packages/airflow/example_dags/example_time_delta_sensor_async.py
[2022-09-10 02:56:40,627] {logging_mixin.py:115} INFO - [2022-09-10 02:56:40,627] {dag.py:2371} INFO - Sync 1 DAGs
[2022-09-10 02:56:40,766] {logging_mixin.py:115} INFO - [2022-09-10 02:56:40,766] {dag.py:2919} INFO - Setting next_dagrun for example_time_delta_sensor_async to None, run_after=None
[2022-09-10 02:56:40,839] {processor.py:161} INFO - Processing /home/airflow/.local/lib/python3.7/site-packages/airflow/example_dags/example_time_delta_sensor_async.py took 0.573 seconds
[2022-09-10 03:50:51,751] {processor.py:153} INFO - Started process (PID=7511) to work on /home/airflow/.local/lib/python3.7/site-packages/airflow/example_dags/example_time_delta_sensor_async.py
[2022-09-10 03:50:51,756] {processor.py:641} INFO - Processing file /home/airflow/.local/lib/python3.7/site-packages/airflow/example_dags/example_time_delta_sensor_async.py for tasks to queue
[2022-09-10 03:50:51,764] {logging_mixin.py:115} INFO - [2022-09-10 03:50:51,764] {dagbag.py:507} INFO - Filling up the DagBag from /home/airflow/.local/lib/python3.7/site-packages/airflow/example_dags/example_time_delta_sensor_async.py
[2022-09-10 03:50:51,815] {processor.py:651} INFO - DAG(s) dict_keys(['example_time_delta_sensor_async']) retrieved from /home/airflow/.local/lib/python3.7/site-packages/airflow/example_dags/example_time_delta_sensor_async.py
[2022-09-10 03:50:52,113] {logging_mixin.py:115} INFO - [2022-09-10 03:50:52,111] {dag.py:2371} INFO - Sync 1 DAGs
[2022-09-10 03:50:52,303] {logging_mixin.py:115} INFO - [2022-09-10 03:50:52,303] {dag.py:2919} INFO - Setting next_dagrun for example_time_delta_sensor_async to None, run_after=None
[2022-09-10 03:50:52,397] {processor.py:161} INFO - Processing /home/airflow/.local/lib/python3.7/site-packages/airflow/example_dags/example_time_delta_sensor_async.py took 0.679 seconds
[2022-09-10 04:55:12,335] {processor.py:153} INFO - Started process (PID=7587) to work on /home/airflow/.local/lib/python3.7/site-packages/airflow/example_dags/example_time_delta_sensor_async.py
[2022-09-10 04:55:12,962] {processor.py:641} INFO - Processing file /home/airflow/.local/lib/python3.7/site-packages/airflow/example_dags/example_time_delta_sensor_async.py for tasks to queue
[2022-09-10 04:55:12,989] {logging_mixin.py:115} INFO - [2022-09-10 04:55:12,977] {dagbag.py:507} INFO - Filling up the DagBag from /home/airflow/.local/lib/python3.7/site-packages/airflow/example_dags/example_time_delta_sensor_async.py
[2022-09-10 04:55:13,068] {processor.py:651} INFO - DAG(s) dict_keys(['example_time_delta_sensor_async']) retrieved from /home/airflow/.local/lib/python3.7/site-packages/airflow/example_dags/example_time_delta_sensor_async.py
[2022-09-10 04:55:13,261] {logging_mixin.py:115} INFO - [2022-09-10 04:55:13,261] {dag.py:2371} INFO - Sync 1 DAGs
[2022-09-10 04:55:13,426] {logging_mixin.py:115} INFO - [2022-09-10 04:55:13,426] {dag.py:2919} INFO - Setting next_dagrun for example_time_delta_sensor_async to None, run_after=None
[2022-09-10 04:55:13,559] {processor.py:161} INFO - Processing /home/airflow/.local/lib/python3.7/site-packages/airflow/example_dags/example_time_delta_sensor_async.py took 1.243 seconds
[2022-09-10 05:11:32,221] {processor.py:153} INFO - Started process (PID=7636) to work on /home/airflow/.local/lib/python3.7/site-packages/airflow/example_dags/example_time_delta_sensor_async.py
[2022-09-10 05:11:32,223] {processor.py:641} INFO - Processing file /home/airflow/.local/lib/python3.7/site-packages/airflow/example_dags/example_time_delta_sensor_async.py for tasks to queue
[2022-09-10 05:11:32,225] {logging_mixin.py:115} INFO - [2022-09-10 05:11:32,225] {dagbag.py:507} INFO - Filling up the DagBag from /home/airflow/.local/lib/python3.7/site-packages/airflow/example_dags/example_time_delta_sensor_async.py
[2022-09-10 05:11:32,242] {processor.py:651} INFO - DAG(s) dict_keys(['example_time_delta_sensor_async']) retrieved from /home/airflow/.local/lib/python3.7/site-packages/airflow/example_dags/example_time_delta_sensor_async.py
[2022-09-10 05:11:32,335] {logging_mixin.py:115} INFO - [2022-09-10 05:11:32,335] {dag.py:2371} INFO - Sync 1 DAGs
[2022-09-10 05:11:32,392] {logging_mixin.py:115} INFO - [2022-09-10 05:11:32,392] {dag.py:2919} INFO - Setting next_dagrun for example_time_delta_sensor_async to None, run_after=None
[2022-09-10 05:11:32,423] {processor.py:161} INFO - Processing /home/airflow/.local/lib/python3.7/site-packages/airflow/example_dags/example_time_delta_sensor_async.py took 0.209 seconds
[2022-09-10 05:12:25,292] {processor.py:153} INFO - Started process (PID=7703) to work on /home/airflow/.local/lib/python3.7/site-packages/airflow/example_dags/example_time_delta_sensor_async.py
[2022-09-10 05:12:25,294] {processor.py:641} INFO - Processing file /home/airflow/.local/lib/python3.7/site-packages/airflow/example_dags/example_time_delta_sensor_async.py for tasks to queue
[2022-09-10 05:12:25,296] {logging_mixin.py:115} INFO - [2022-09-10 05:12:25,296] {dagbag.py:507} INFO - Filling up the DagBag from /home/airflow/.local/lib/python3.7/site-packages/airflow/example_dags/example_time_delta_sensor_async.py
[2022-09-10 05:12:25,313] {processor.py:651} INFO - DAG(s) dict_keys(['example_time_delta_sensor_async']) retrieved from /home/airflow/.local/lib/python3.7/site-packages/airflow/example_dags/example_time_delta_sensor_async.py
[2022-09-10 05:12:25,397] {logging_mixin.py:115} INFO - [2022-09-10 05:12:25,397] {dag.py:2371} INFO - Sync 1 DAGs
[2022-09-10 05:12:25,429] {logging_mixin.py:115} INFO - [2022-09-10 05:12:25,428] {dag.py:2919} INFO - Setting next_dagrun for example_time_delta_sensor_async to None, run_after=None
[2022-09-10 05:12:25,452] {processor.py:161} INFO - Processing /home/airflow/.local/lib/python3.7/site-packages/airflow/example_dags/example_time_delta_sensor_async.py took 0.173 seconds
[2022-09-10 05:51:10,621] {processor.py:153} INFO - Started process (PID=7753) to work on /home/airflow/.local/lib/python3.7/site-packages/airflow/example_dags/example_time_delta_sensor_async.py
[2022-09-10 05:51:10,640] {processor.py:641} INFO - Processing file /home/airflow/.local/lib/python3.7/site-packages/airflow/example_dags/example_time_delta_sensor_async.py for tasks to queue
[2022-09-10 05:51:10,644] {logging_mixin.py:115} INFO - [2022-09-10 05:51:10,644] {dagbag.py:507} INFO - Filling up the DagBag from /home/airflow/.local/lib/python3.7/site-packages/airflow/example_dags/example_time_delta_sensor_async.py
[2022-09-10 05:51:10,686] {processor.py:651} INFO - DAG(s) dict_keys(['example_time_delta_sensor_async']) retrieved from /home/airflow/.local/lib/python3.7/site-packages/airflow/example_dags/example_time_delta_sensor_async.py
[2022-09-10 05:51:10,882] {logging_mixin.py:115} INFO - [2022-09-10 05:51:10,882] {dag.py:2371} INFO - Sync 1 DAGs
[2022-09-10 05:51:11,030] {logging_mixin.py:115} INFO - [2022-09-10 05:51:11,030] {dag.py:2919} INFO - Setting next_dagrun for example_time_delta_sensor_async to None, run_after=None
[2022-09-10 05:51:11,105] {processor.py:161} INFO - Processing /home/airflow/.local/lib/python3.7/site-packages/airflow/example_dags/example_time_delta_sensor_async.py took 0.498 seconds
[2022-09-10 06:45:21,805] {processor.py:153} INFO - Started process (PID=7821) to work on /home/airflow/.local/lib/python3.7/site-packages/airflow/example_dags/example_time_delta_sensor_async.py
[2022-09-10 06:45:21,809] {processor.py:641} INFO - Processing file /home/airflow/.local/lib/python3.7/site-packages/airflow/example_dags/example_time_delta_sensor_async.py for tasks to queue
[2022-09-10 06:45:21,816] {logging_mixin.py:115} INFO - [2022-09-10 06:45:21,816] {dagbag.py:507} INFO - Filling up the DagBag from /home/airflow/.local/lib/python3.7/site-packages/airflow/example_dags/example_time_delta_sensor_async.py
[2022-09-10 06:45:21,842] {processor.py:651} INFO - DAG(s) dict_keys(['example_time_delta_sensor_async']) retrieved from /home/airflow/.local/lib/python3.7/site-packages/airflow/example_dags/example_time_delta_sensor_async.py
[2022-09-10 06:45:22,077] {logging_mixin.py:115} INFO - [2022-09-10 06:45:22,077] {dag.py:2371} INFO - Sync 1 DAGs
[2022-09-10 06:45:22,179] {logging_mixin.py:115} INFO - [2022-09-10 06:45:22,179] {dag.py:2919} INFO - Setting next_dagrun for example_time_delta_sensor_async to None, run_after=None
[2022-09-10 06:45:22,245] {processor.py:161} INFO - Processing /home/airflow/.local/lib/python3.7/site-packages/airflow/example_dags/example_time_delta_sensor_async.py took 0.460 seconds
[2022-09-10 08:33:30,678] {processor.py:153} INFO - Started process (PID=7902) to work on /home/airflow/.local/lib/python3.7/site-packages/airflow/example_dags/example_time_delta_sensor_async.py
[2022-09-10 08:33:30,697] {processor.py:641} INFO - Processing file /home/airflow/.local/lib/python3.7/site-packages/airflow/example_dags/example_time_delta_sensor_async.py for tasks to queue
[2022-09-10 08:33:30,700] {logging_mixin.py:115} INFO - [2022-09-10 08:33:30,700] {dagbag.py:507} INFO - Filling up the DagBag from /home/airflow/.local/lib/python3.7/site-packages/airflow/example_dags/example_time_delta_sensor_async.py
[2022-09-10 08:33:30,744] {processor.py:651} INFO - DAG(s) dict_keys(['example_time_delta_sensor_async']) retrieved from /home/airflow/.local/lib/python3.7/site-packages/airflow/example_dags/example_time_delta_sensor_async.py
[2022-09-10 08:33:31,217] {logging_mixin.py:115} INFO - [2022-09-10 08:33:31,217] {dag.py:2371} INFO - Sync 1 DAGs
[2022-09-10 08:33:31,497] {logging_mixin.py:115} INFO - [2022-09-10 08:33:31,497] {dag.py:2919} INFO - Setting next_dagrun for example_time_delta_sensor_async to None, run_after=None
[2022-09-10 08:33:31,597] {processor.py:161} INFO - Processing /home/airflow/.local/lib/python3.7/site-packages/airflow/example_dags/example_time_delta_sensor_async.py took 0.955 seconds
[2022-09-10 09:23:06,197] {processor.py:153} INFO - Started process (PID=7971) to work on /home/airflow/.local/lib/python3.7/site-packages/airflow/example_dags/example_time_delta_sensor_async.py
[2022-09-10 09:23:06,198] {processor.py:641} INFO - Processing file /home/airflow/.local/lib/python3.7/site-packages/airflow/example_dags/example_time_delta_sensor_async.py for tasks to queue
[2022-09-10 09:23:06,203] {logging_mixin.py:115} INFO - [2022-09-10 09:23:06,203] {dagbag.py:507} INFO - Filling up the DagBag from /home/airflow/.local/lib/python3.7/site-packages/airflow/example_dags/example_time_delta_sensor_async.py
[2022-09-10 09:23:06,239] {processor.py:651} INFO - DAG(s) dict_keys(['example_time_delta_sensor_async']) retrieved from /home/airflow/.local/lib/python3.7/site-packages/airflow/example_dags/example_time_delta_sensor_async.py
[2022-09-10 09:23:06,485] {logging_mixin.py:115} INFO - [2022-09-10 09:23:06,485] {dag.py:2371} INFO - Sync 1 DAGs
[2022-09-10 09:23:06,605] {logging_mixin.py:115} INFO - [2022-09-10 09:23:06,605] {dag.py:2919} INFO - Setting next_dagrun for example_time_delta_sensor_async to None, run_after=None
[2022-09-10 09:23:06,675] {processor.py:161} INFO - Processing /home/airflow/.local/lib/python3.7/site-packages/airflow/example_dags/example_time_delta_sensor_async.py took 0.500 seconds
[2022-09-10 10:17:21,766] {processor.py:153} INFO - Started process (PID=8048) to work on /home/airflow/.local/lib/python3.7/site-packages/airflow/example_dags/example_time_delta_sensor_async.py
[2022-09-10 10:17:21,772] {processor.py:641} INFO - Processing file /home/airflow/.local/lib/python3.7/site-packages/airflow/example_dags/example_time_delta_sensor_async.py for tasks to queue
[2022-09-10 10:17:21,776] {logging_mixin.py:115} INFO - [2022-09-10 10:17:21,773] {dagbag.py:507} INFO - Filling up the DagBag from /home/airflow/.local/lib/python3.7/site-packages/airflow/example_dags/example_time_delta_sensor_async.py
[2022-09-10 10:17:21,792] {processor.py:651} INFO - DAG(s) dict_keys(['example_time_delta_sensor_async']) retrieved from /home/airflow/.local/lib/python3.7/site-packages/airflow/example_dags/example_time_delta_sensor_async.py
[2022-09-10 10:17:21,969] {logging_mixin.py:115} INFO - [2022-09-10 10:17:21,969] {dag.py:2371} INFO - Sync 1 DAGs
[2022-09-10 10:17:22,047] {logging_mixin.py:115} INFO - [2022-09-10 10:17:22,047] {dag.py:2919} INFO - Setting next_dagrun for example_time_delta_sensor_async to None, run_after=None
[2022-09-10 10:17:22,085] {processor.py:161} INFO - Processing /home/airflow/.local/lib/python3.7/site-packages/airflow/example_dags/example_time_delta_sensor_async.py took 0.329 seconds
[2022-09-10 11:16:18,126] {processor.py:153} INFO - Started process (PID=8102) to work on /home/airflow/.local/lib/python3.7/site-packages/airflow/example_dags/example_time_delta_sensor_async.py
[2022-09-10 11:16:18,130] {processor.py:641} INFO - Processing file /home/airflow/.local/lib/python3.7/site-packages/airflow/example_dags/example_time_delta_sensor_async.py for tasks to queue
[2022-09-10 11:16:18,132] {logging_mixin.py:115} INFO - [2022-09-10 11:16:18,132] {dagbag.py:507} INFO - Filling up the DagBag from /home/airflow/.local/lib/python3.7/site-packages/airflow/example_dags/example_time_delta_sensor_async.py
[2022-09-10 11:16:18,142] {processor.py:651} INFO - DAG(s) dict_keys(['example_time_delta_sensor_async']) retrieved from /home/airflow/.local/lib/python3.7/site-packages/airflow/example_dags/example_time_delta_sensor_async.py
[2022-09-10 11:16:18,317] {logging_mixin.py:115} INFO - [2022-09-10 11:16:18,317] {dag.py:2371} INFO - Sync 1 DAGs
[2022-09-10 11:16:18,376] {logging_mixin.py:115} INFO - [2022-09-10 11:16:18,375] {dag.py:2919} INFO - Setting next_dagrun for example_time_delta_sensor_async to None, run_after=None
[2022-09-10 11:16:18,415] {processor.py:161} INFO - Processing /home/airflow/.local/lib/python3.7/site-packages/airflow/example_dags/example_time_delta_sensor_async.py took 0.297 seconds
[2022-09-10 12:05:15,554] {processor.py:153} INFO - Started process (PID=8167) to work on /home/airflow/.local/lib/python3.7/site-packages/airflow/example_dags/example_time_delta_sensor_async.py
[2022-09-10 12:05:15,556] {processor.py:641} INFO - Processing file /home/airflow/.local/lib/python3.7/site-packages/airflow/example_dags/example_time_delta_sensor_async.py for tasks to queue
[2022-09-10 12:05:15,559] {logging_mixin.py:115} INFO - [2022-09-10 12:05:15,559] {dagbag.py:507} INFO - Filling up the DagBag from /home/airflow/.local/lib/python3.7/site-packages/airflow/example_dags/example_time_delta_sensor_async.py
[2022-09-10 12:05:15,575] {processor.py:651} INFO - DAG(s) dict_keys(['example_time_delta_sensor_async']) retrieved from /home/airflow/.local/lib/python3.7/site-packages/airflow/example_dags/example_time_delta_sensor_async.py
[2022-09-10 12:05:15,757] {logging_mixin.py:115} INFO - [2022-09-10 12:05:15,756] {dag.py:2371} INFO - Sync 1 DAGs
[2022-09-10 12:05:15,820] {logging_mixin.py:115} INFO - [2022-09-10 12:05:15,820] {dag.py:2919} INFO - Setting next_dagrun for example_time_delta_sensor_async to None, run_after=None
[2022-09-10 12:05:15,861] {processor.py:161} INFO - Processing /home/airflow/.local/lib/python3.7/site-packages/airflow/example_dags/example_time_delta_sensor_async.py took 0.318 seconds
[2022-09-10 12:06:35,878] {processor.py:153} INFO - Started process (PID=8245) to work on /home/airflow/.local/lib/python3.7/site-packages/airflow/example_dags/example_time_delta_sensor_async.py
[2022-09-10 12:06:35,886] {processor.py:641} INFO - Processing file /home/airflow/.local/lib/python3.7/site-packages/airflow/example_dags/example_time_delta_sensor_async.py for tasks to queue
[2022-09-10 12:06:35,917] {logging_mixin.py:115} INFO - [2022-09-10 12:06:35,895] {dagbag.py:507} INFO - Filling up the DagBag from /home/airflow/.local/lib/python3.7/site-packages/airflow/example_dags/example_time_delta_sensor_async.py
[2022-09-10 12:06:35,994] {processor.py:651} INFO - DAG(s) dict_keys(['example_time_delta_sensor_async']) retrieved from /home/airflow/.local/lib/python3.7/site-packages/airflow/example_dags/example_time_delta_sensor_async.py
[2022-09-10 12:06:36,757] {logging_mixin.py:115} INFO - [2022-09-10 12:06:36,757] {dag.py:2371} INFO - Sync 1 DAGs
[2022-09-10 12:06:37,099] {logging_mixin.py:115} INFO - [2022-09-10 12:06:37,099] {dag.py:2919} INFO - Setting next_dagrun for example_time_delta_sensor_async to None, run_after=None
[2022-09-10 12:06:37,243] {processor.py:161} INFO - Processing /home/airflow/.local/lib/python3.7/site-packages/airflow/example_dags/example_time_delta_sensor_async.py took 1.414 seconds
[2022-09-10 12:07:07,594] {processor.py:153} INFO - Started process (PID=8300) to work on /home/airflow/.local/lib/python3.7/site-packages/airflow/example_dags/example_time_delta_sensor_async.py
[2022-09-10 12:07:07,595] {processor.py:641} INFO - Processing file /home/airflow/.local/lib/python3.7/site-packages/airflow/example_dags/example_time_delta_sensor_async.py for tasks to queue
[2022-09-10 12:07:07,597] {logging_mixin.py:115} INFO - [2022-09-10 12:07:07,596] {dagbag.py:507} INFO - Filling up the DagBag from /home/airflow/.local/lib/python3.7/site-packages/airflow/example_dags/example_time_delta_sensor_async.py
[2022-09-10 12:07:07,605] {processor.py:651} INFO - DAG(s) dict_keys(['example_time_delta_sensor_async']) retrieved from /home/airflow/.local/lib/python3.7/site-packages/airflow/example_dags/example_time_delta_sensor_async.py
[2022-09-10 12:07:07,656] {logging_mixin.py:115} INFO - [2022-09-10 12:07:07,656] {dag.py:2371} INFO - Sync 1 DAGs
[2022-09-10 12:07:07,685] {logging_mixin.py:115} INFO - [2022-09-10 12:07:07,685] {dag.py:2919} INFO - Setting next_dagrun for example_time_delta_sensor_async to None, run_after=None
[2022-09-10 12:07:07,703] {processor.py:161} INFO - Processing /home/airflow/.local/lib/python3.7/site-packages/airflow/example_dags/example_time_delta_sensor_async.py took 0.114 seconds
[2022-09-10 13:00:19,089] {processor.py:153} INFO - Started process (PID=8365) to work on /home/airflow/.local/lib/python3.7/site-packages/airflow/example_dags/example_time_delta_sensor_async.py
[2022-09-10 13:00:19,113] {processor.py:641} INFO - Processing file /home/airflow/.local/lib/python3.7/site-packages/airflow/example_dags/example_time_delta_sensor_async.py for tasks to queue
[2022-09-10 13:00:19,115] {logging_mixin.py:115} INFO - [2022-09-10 13:00:19,115] {dagbag.py:507} INFO - Filling up the DagBag from /home/airflow/.local/lib/python3.7/site-packages/airflow/example_dags/example_time_delta_sensor_async.py
[2022-09-10 13:00:19,156] {processor.py:651} INFO - DAG(s) dict_keys(['example_time_delta_sensor_async']) retrieved from /home/airflow/.local/lib/python3.7/site-packages/airflow/example_dags/example_time_delta_sensor_async.py
[2022-09-10 13:00:19,524] {logging_mixin.py:115} INFO - [2022-09-10 13:00:19,524] {dag.py:2371} INFO - Sync 1 DAGs
[2022-09-10 13:00:19,726] {logging_mixin.py:115} INFO - [2022-09-10 13:00:19,726] {dag.py:2919} INFO - Setting next_dagrun for example_time_delta_sensor_async to None, run_after=None
[2022-09-10 13:00:19,858] {processor.py:161} INFO - Processing /home/airflow/.local/lib/python3.7/site-packages/airflow/example_dags/example_time_delta_sensor_async.py took 0.785 seconds
[2022-09-10 14:48:32,036] {processor.py:153} INFO - Started process (PID=8462) to work on /home/airflow/.local/lib/python3.7/site-packages/airflow/example_dags/example_time_delta_sensor_async.py
[2022-09-10 14:48:32,058] {processor.py:641} INFO - Processing file /home/airflow/.local/lib/python3.7/site-packages/airflow/example_dags/example_time_delta_sensor_async.py for tasks to queue
[2022-09-10 14:48:32,069] {logging_mixin.py:115} INFO - [2022-09-10 14:48:32,069] {dagbag.py:507} INFO - Filling up the DagBag from /home/airflow/.local/lib/python3.7/site-packages/airflow/example_dags/example_time_delta_sensor_async.py
[2022-09-10 14:48:32,135] {processor.py:651} INFO - DAG(s) dict_keys(['example_time_delta_sensor_async']) retrieved from /home/airflow/.local/lib/python3.7/site-packages/airflow/example_dags/example_time_delta_sensor_async.py
[2022-09-10 14:48:32,672] {logging_mixin.py:115} INFO - [2022-09-10 14:48:32,672] {dag.py:2371} INFO - Sync 1 DAGs
[2022-09-10 14:48:33,066] {logging_mixin.py:115} INFO - [2022-09-10 14:48:33,066] {dag.py:2919} INFO - Setting next_dagrun for example_time_delta_sensor_async to None, run_after=None
[2022-09-10 14:48:33,161] {processor.py:161} INFO - Processing /home/airflow/.local/lib/python3.7/site-packages/airflow/example_dags/example_time_delta_sensor_async.py took 1.143 seconds
[2022-09-10 15:10:22,368] {processor.py:153} INFO - Started process (PID=8554) to work on /home/airflow/.local/lib/python3.7/site-packages/airflow/example_dags/example_time_delta_sensor_async.py
[2022-09-10 15:10:22,370] {processor.py:641} INFO - Processing file /home/airflow/.local/lib/python3.7/site-packages/airflow/example_dags/example_time_delta_sensor_async.py for tasks to queue
[2022-09-10 15:10:22,373] {logging_mixin.py:115} INFO - [2022-09-10 15:10:22,372] {dagbag.py:507} INFO - Filling up the DagBag from /home/airflow/.local/lib/python3.7/site-packages/airflow/example_dags/example_time_delta_sensor_async.py
[2022-09-10 15:10:22,385] {processor.py:651} INFO - DAG(s) dict_keys(['example_time_delta_sensor_async']) retrieved from /home/airflow/.local/lib/python3.7/site-packages/airflow/example_dags/example_time_delta_sensor_async.py
[2022-09-10 15:10:22,511] {logging_mixin.py:115} INFO - [2022-09-10 15:10:22,511] {dag.py:2371} INFO - Sync 1 DAGs
[2022-09-10 15:10:22,553] {logging_mixin.py:115} INFO - [2022-09-10 15:10:22,553] {dag.py:2919} INFO - Setting next_dagrun for example_time_delta_sensor_async to None, run_after=None
[2022-09-10 15:10:22,576] {processor.py:161} INFO - Processing /home/airflow/.local/lib/python3.7/site-packages/airflow/example_dags/example_time_delta_sensor_async.py took 0.214 seconds
[2022-09-10 15:11:14,589] {processor.py:153} INFO - Started process (PID=8617) to work on /home/airflow/.local/lib/python3.7/site-packages/airflow/example_dags/example_time_delta_sensor_async.py
[2022-09-10 15:11:14,590] {processor.py:641} INFO - Processing file /home/airflow/.local/lib/python3.7/site-packages/airflow/example_dags/example_time_delta_sensor_async.py for tasks to queue
[2022-09-10 15:11:14,592] {logging_mixin.py:115} INFO - [2022-09-10 15:11:14,592] {dagbag.py:507} INFO - Filling up the DagBag from /home/airflow/.local/lib/python3.7/site-packages/airflow/example_dags/example_time_delta_sensor_async.py
[2022-09-10 15:11:14,623] {processor.py:651} INFO - DAG(s) dict_keys(['example_time_delta_sensor_async']) retrieved from /home/airflow/.local/lib/python3.7/site-packages/airflow/example_dags/example_time_delta_sensor_async.py
[2022-09-10 15:11:14,998] {logging_mixin.py:115} INFO - [2022-09-10 15:11:14,997] {dag.py:2371} INFO - Sync 1 DAGs
[2022-09-10 15:11:15,095] {logging_mixin.py:115} INFO - [2022-09-10 15:11:15,095] {dag.py:2919} INFO - Setting next_dagrun for example_time_delta_sensor_async to None, run_after=None
[2022-09-10 15:11:15,139] {processor.py:161} INFO - Processing /home/airflow/.local/lib/python3.7/site-packages/airflow/example_dags/example_time_delta_sensor_async.py took 0.569 seconds
[2022-09-10 15:51:14,373] {processor.py:153} INFO - Started process (PID=8681) to work on /home/airflow/.local/lib/python3.7/site-packages/airflow/example_dags/example_time_delta_sensor_async.py
[2022-09-10 15:51:14,376] {processor.py:641} INFO - Processing file /home/airflow/.local/lib/python3.7/site-packages/airflow/example_dags/example_time_delta_sensor_async.py for tasks to queue
[2022-09-10 15:51:14,378] {logging_mixin.py:115} INFO - [2022-09-10 15:51:14,378] {dagbag.py:507} INFO - Filling up the DagBag from /home/airflow/.local/lib/python3.7/site-packages/airflow/example_dags/example_time_delta_sensor_async.py
[2022-09-10 15:51:14,410] {processor.py:651} INFO - DAG(s) dict_keys(['example_time_delta_sensor_async']) retrieved from /home/airflow/.local/lib/python3.7/site-packages/airflow/example_dags/example_time_delta_sensor_async.py
[2022-09-10 15:51:14,670] {logging_mixin.py:115} INFO - [2022-09-10 15:51:14,670] {dag.py:2371} INFO - Sync 1 DAGs
[2022-09-10 15:51:14,795] {logging_mixin.py:115} INFO - [2022-09-10 15:51:14,795] {dag.py:2919} INFO - Setting next_dagrun for example_time_delta_sensor_async to None, run_after=None
[2022-09-10 15:51:14,876] {processor.py:161} INFO - Processing /home/airflow/.local/lib/python3.7/site-packages/airflow/example_dags/example_time_delta_sensor_async.py took 0.506 seconds
[2022-09-10 17:38:36,781] {processor.py:153} INFO - Started process (PID=8747) to work on /home/airflow/.local/lib/python3.7/site-packages/airflow/example_dags/example_time_delta_sensor_async.py
[2022-09-10 17:38:36,787] {processor.py:641} INFO - Processing file /home/airflow/.local/lib/python3.7/site-packages/airflow/example_dags/example_time_delta_sensor_async.py for tasks to queue
[2022-09-10 17:38:36,790] {logging_mixin.py:115} INFO - [2022-09-10 17:38:36,790] {dagbag.py:507} INFO - Filling up the DagBag from /home/airflow/.local/lib/python3.7/site-packages/airflow/example_dags/example_time_delta_sensor_async.py
[2022-09-10 17:38:36,810] {processor.py:651} INFO - DAG(s) dict_keys(['example_time_delta_sensor_async']) retrieved from /home/airflow/.local/lib/python3.7/site-packages/airflow/example_dags/example_time_delta_sensor_async.py
[2022-09-10 17:38:36,941] {logging_mixin.py:115} INFO - [2022-09-10 17:38:36,941] {dag.py:2371} INFO - Sync 1 DAGs
[2022-09-10 17:38:37,041] {logging_mixin.py:115} INFO - [2022-09-10 17:38:37,041] {dag.py:2919} INFO - Setting next_dagrun for example_time_delta_sensor_async to None, run_after=None
[2022-09-10 17:38:37,093] {processor.py:161} INFO - Processing /home/airflow/.local/lib/python3.7/site-packages/airflow/example_dags/example_time_delta_sensor_async.py took 0.320 seconds
[2022-09-10 17:39:31,622] {processor.py:153} INFO - Started process (PID=8829) to work on /home/airflow/.local/lib/python3.7/site-packages/airflow/example_dags/example_time_delta_sensor_async.py
[2022-09-10 17:39:31,637] {processor.py:641} INFO - Processing file /home/airflow/.local/lib/python3.7/site-packages/airflow/example_dags/example_time_delta_sensor_async.py for tasks to queue
[2022-09-10 17:39:31,639] {logging_mixin.py:115} INFO - [2022-09-10 17:39:31,639] {dagbag.py:507} INFO - Filling up the DagBag from /home/airflow/.local/lib/python3.7/site-packages/airflow/example_dags/example_time_delta_sensor_async.py
[2022-09-10 17:39:31,667] {processor.py:651} INFO - DAG(s) dict_keys(['example_time_delta_sensor_async']) retrieved from /home/airflow/.local/lib/python3.7/site-packages/airflow/example_dags/example_time_delta_sensor_async.py
[2022-09-10 17:39:31,954] {logging_mixin.py:115} INFO - [2022-09-10 17:39:31,954] {dag.py:2371} INFO - Sync 1 DAGs
[2022-09-10 17:39:32,074] {logging_mixin.py:115} INFO - [2022-09-10 17:39:32,074] {dag.py:2919} INFO - Setting next_dagrun for example_time_delta_sensor_async to None, run_after=None
[2022-09-10 17:39:32,129] {processor.py:161} INFO - Processing /home/airflow/.local/lib/python3.7/site-packages/airflow/example_dags/example_time_delta_sensor_async.py took 0.522 seconds
[2022-09-10 18:33:36,825] {processor.py:153} INFO - Started process (PID=8897) to work on /home/airflow/.local/lib/python3.7/site-packages/airflow/example_dags/example_time_delta_sensor_async.py
[2022-09-10 18:33:36,833] {processor.py:641} INFO - Processing file /home/airflow/.local/lib/python3.7/site-packages/airflow/example_dags/example_time_delta_sensor_async.py for tasks to queue
[2022-09-10 18:33:36,834] {logging_mixin.py:115} INFO - [2022-09-10 18:33:36,834] {dagbag.py:507} INFO - Filling up the DagBag from /home/airflow/.local/lib/python3.7/site-packages/airflow/example_dags/example_time_delta_sensor_async.py
[2022-09-10 18:33:36,889] {processor.py:651} INFO - DAG(s) dict_keys(['example_time_delta_sensor_async']) retrieved from /home/airflow/.local/lib/python3.7/site-packages/airflow/example_dags/example_time_delta_sensor_async.py
[2022-09-10 18:33:37,172] {logging_mixin.py:115} INFO - [2022-09-10 18:33:37,172] {dag.py:2371} INFO - Sync 1 DAGs
[2022-09-10 18:33:37,310] {logging_mixin.py:115} INFO - [2022-09-10 18:33:37,310] {dag.py:2919} INFO - Setting next_dagrun for example_time_delta_sensor_async to None, run_after=None
[2022-09-10 18:33:37,345] {processor.py:161} INFO - Processing /home/airflow/.local/lib/python3.7/site-packages/airflow/example_dags/example_time_delta_sensor_async.py took 0.547 seconds
[2022-09-10 19:27:48,104] {processor.py:153} INFO - Started process (PID=8963) to work on /home/airflow/.local/lib/python3.7/site-packages/airflow/example_dags/example_time_delta_sensor_async.py
[2022-09-10 19:27:48,109] {processor.py:641} INFO - Processing file /home/airflow/.local/lib/python3.7/site-packages/airflow/example_dags/example_time_delta_sensor_async.py for tasks to queue
[2022-09-10 19:27:48,115] {logging_mixin.py:115} INFO - [2022-09-10 19:27:48,115] {dagbag.py:507} INFO - Filling up the DagBag from /home/airflow/.local/lib/python3.7/site-packages/airflow/example_dags/example_time_delta_sensor_async.py
[2022-09-10 19:27:48,133] {processor.py:651} INFO - DAG(s) dict_keys(['example_time_delta_sensor_async']) retrieved from /home/airflow/.local/lib/python3.7/site-packages/airflow/example_dags/example_time_delta_sensor_async.py
[2022-09-10 19:27:48,292] {logging_mixin.py:115} INFO - [2022-09-10 19:27:48,292] {dag.py:2371} INFO - Sync 1 DAGs
[2022-09-10 19:27:48,355] {logging_mixin.py:115} INFO - [2022-09-10 19:27:48,355] {dag.py:2919} INFO - Setting next_dagrun for example_time_delta_sensor_async to None, run_after=None
[2022-09-10 19:27:48,387] {processor.py:161} INFO - Processing /home/airflow/.local/lib/python3.7/site-packages/airflow/example_dags/example_time_delta_sensor_async.py took 0.291 seconds
[2022-09-10 20:30:51,831] {processor.py:153} INFO - Started process (PID=9021) to work on /home/airflow/.local/lib/python3.7/site-packages/airflow/example_dags/example_time_delta_sensor_async.py
[2022-09-10 20:30:51,833] {processor.py:641} INFO - Processing file /home/airflow/.local/lib/python3.7/site-packages/airflow/example_dags/example_time_delta_sensor_async.py for tasks to queue
[2022-09-10 20:30:51,835] {logging_mixin.py:115} INFO - [2022-09-10 20:30:51,835] {dagbag.py:507} INFO - Filling up the DagBag from /home/airflow/.local/lib/python3.7/site-packages/airflow/example_dags/example_time_delta_sensor_async.py
[2022-09-10 20:30:52,102] {processor.py:651} INFO - DAG(s) dict_keys(['example_time_delta_sensor_async']) retrieved from /home/airflow/.local/lib/python3.7/site-packages/airflow/example_dags/example_time_delta_sensor_async.py
[2022-09-10 20:30:52,776] {logging_mixin.py:115} INFO - [2022-09-10 20:30:52,775] {dag.py:2371} INFO - Sync 1 DAGs
[2022-09-10 20:30:53,063] {logging_mixin.py:115} INFO - [2022-09-10 20:30:53,063] {dag.py:2919} INFO - Setting next_dagrun for example_time_delta_sensor_async to None, run_after=None
[2022-09-10 20:30:53,147] {processor.py:161} INFO - Processing /home/airflow/.local/lib/python3.7/site-packages/airflow/example_dags/example_time_delta_sensor_async.py took 1.334 seconds
[2022-09-10 20:31:31,557] {processor.py:153} INFO - Started process (PID=9076) to work on /home/airflow/.local/lib/python3.7/site-packages/airflow/example_dags/example_time_delta_sensor_async.py
[2022-09-10 20:31:31,562] {processor.py:641} INFO - Processing file /home/airflow/.local/lib/python3.7/site-packages/airflow/example_dags/example_time_delta_sensor_async.py for tasks to queue
[2022-09-10 20:31:31,568] {logging_mixin.py:115} INFO - [2022-09-10 20:31:31,567] {dagbag.py:507} INFO - Filling up the DagBag from /home/airflow/.local/lib/python3.7/site-packages/airflow/example_dags/example_time_delta_sensor_async.py
[2022-09-10 20:31:31,589] {processor.py:651} INFO - DAG(s) dict_keys(['example_time_delta_sensor_async']) retrieved from /home/airflow/.local/lib/python3.7/site-packages/airflow/example_dags/example_time_delta_sensor_async.py
[2022-09-10 20:31:31,739] {logging_mixin.py:115} INFO - [2022-09-10 20:31:31,739] {dag.py:2371} INFO - Sync 1 DAGs
[2022-09-10 20:31:31,830] {logging_mixin.py:115} INFO - [2022-09-10 20:31:31,830] {dag.py:2919} INFO - Setting next_dagrun for example_time_delta_sensor_async to None, run_after=None
[2022-09-10 20:31:31,854] {processor.py:161} INFO - Processing /home/airflow/.local/lib/python3.7/site-packages/airflow/example_dags/example_time_delta_sensor_async.py took 0.306 seconds
[2022-09-10 20:49:29,840] {processor.py:153} INFO - Started process (PID=9152) to work on /home/airflow/.local/lib/python3.7/site-packages/airflow/example_dags/example_time_delta_sensor_async.py
[2022-09-10 20:49:29,845] {processor.py:641} INFO - Processing file /home/airflow/.local/lib/python3.7/site-packages/airflow/example_dags/example_time_delta_sensor_async.py for tasks to queue
[2022-09-10 20:49:29,851] {logging_mixin.py:115} INFO - [2022-09-10 20:49:29,851] {dagbag.py:507} INFO - Filling up the DagBag from /home/airflow/.local/lib/python3.7/site-packages/airflow/example_dags/example_time_delta_sensor_async.py
[2022-09-10 20:49:29,975] {processor.py:651} INFO - DAG(s) dict_keys(['example_time_delta_sensor_async']) retrieved from /home/airflow/.local/lib/python3.7/site-packages/airflow/example_dags/example_time_delta_sensor_async.py
[2022-09-10 20:49:30,933] {logging_mixin.py:115} INFO - [2022-09-10 20:49:30,933] {dag.py:2371} INFO - Sync 1 DAGs
[2022-09-10 20:49:31,420] {logging_mixin.py:115} INFO - [2022-09-10 20:49:31,420] {dag.py:2919} INFO - Setting next_dagrun for example_time_delta_sensor_async to None, run_after=None
[2022-09-10 20:49:31,670] {processor.py:161} INFO - Processing /home/airflow/.local/lib/python3.7/site-packages/airflow/example_dags/example_time_delta_sensor_async.py took 1.854 seconds
[2022-09-10 20:50:02,307] {processor.py:153} INFO - Started process (PID=9200) to work on /home/airflow/.local/lib/python3.7/site-packages/airflow/example_dags/example_time_delta_sensor_async.py
[2022-09-10 20:50:02,308] {processor.py:641} INFO - Processing file /home/airflow/.local/lib/python3.7/site-packages/airflow/example_dags/example_time_delta_sensor_async.py for tasks to queue
[2022-09-10 20:50:02,310] {logging_mixin.py:115} INFO - [2022-09-10 20:50:02,310] {dagbag.py:507} INFO - Filling up the DagBag from /home/airflow/.local/lib/python3.7/site-packages/airflow/example_dags/example_time_delta_sensor_async.py
[2022-09-10 20:50:02,317] {processor.py:651} INFO - DAG(s) dict_keys(['example_time_delta_sensor_async']) retrieved from /home/airflow/.local/lib/python3.7/site-packages/airflow/example_dags/example_time_delta_sensor_async.py
[2022-09-10 20:50:02,367] {logging_mixin.py:115} INFO - [2022-09-10 20:50:02,367] {dag.py:2371} INFO - Sync 1 DAGs
[2022-09-10 20:50:02,394] {logging_mixin.py:115} INFO - [2022-09-10 20:50:02,394] {dag.py:2919} INFO - Setting next_dagrun for example_time_delta_sensor_async to None, run_after=None
[2022-09-10 20:50:02,408] {processor.py:161} INFO - Processing /home/airflow/.local/lib/python3.7/site-packages/airflow/example_dags/example_time_delta_sensor_async.py took 0.105 seconds
[2022-09-10 21:23:18,001] {processor.py:153} INFO - Started process (PID=9275) to work on /home/airflow/.local/lib/python3.7/site-packages/airflow/example_dags/example_time_delta_sensor_async.py
[2022-09-10 21:23:18,003] {processor.py:641} INFO - Processing file /home/airflow/.local/lib/python3.7/site-packages/airflow/example_dags/example_time_delta_sensor_async.py for tasks to queue
[2022-09-10 21:23:18,005] {logging_mixin.py:115} INFO - [2022-09-10 21:23:18,005] {dagbag.py:507} INFO - Filling up the DagBag from /home/airflow/.local/lib/python3.7/site-packages/airflow/example_dags/example_time_delta_sensor_async.py
[2022-09-10 21:23:18,027] {processor.py:651} INFO - DAG(s) dict_keys(['example_time_delta_sensor_async']) retrieved from /home/airflow/.local/lib/python3.7/site-packages/airflow/example_dags/example_time_delta_sensor_async.py
[2022-09-10 21:23:18,177] {logging_mixin.py:115} INFO - [2022-09-10 21:23:18,177] {dag.py:2371} INFO - Sync 1 DAGs
[2022-09-10 21:23:18,233] {logging_mixin.py:115} INFO - [2022-09-10 21:23:18,232] {dag.py:2919} INFO - Setting next_dagrun for example_time_delta_sensor_async to None, run_after=None
[2022-09-10 21:23:18,271] {processor.py:161} INFO - Processing /home/airflow/.local/lib/python3.7/site-packages/airflow/example_dags/example_time_delta_sensor_async.py took 0.278 seconds
[2022-09-10 21:24:07,329] {processor.py:153} INFO - Started process (PID=9327) to work on /home/airflow/.local/lib/python3.7/site-packages/airflow/example_dags/example_time_delta_sensor_async.py
[2022-09-10 21:24:07,330] {processor.py:641} INFO - Processing file /home/airflow/.local/lib/python3.7/site-packages/airflow/example_dags/example_time_delta_sensor_async.py for tasks to queue
[2022-09-10 21:24:07,334] {logging_mixin.py:115} INFO - [2022-09-10 21:24:07,333] {dagbag.py:507} INFO - Filling up the DagBag from /home/airflow/.local/lib/python3.7/site-packages/airflow/example_dags/example_time_delta_sensor_async.py
[2022-09-10 21:24:07,350] {processor.py:651} INFO - DAG(s) dict_keys(['example_time_delta_sensor_async']) retrieved from /home/airflow/.local/lib/python3.7/site-packages/airflow/example_dags/example_time_delta_sensor_async.py
[2022-09-10 21:24:07,422] {logging_mixin.py:115} INFO - [2022-09-10 21:24:07,422] {dag.py:2371} INFO - Sync 1 DAGs
[2022-09-10 21:24:07,459] {logging_mixin.py:115} INFO - [2022-09-10 21:24:07,459] {dag.py:2919} INFO - Setting next_dagrun for example_time_delta_sensor_async to None, run_after=None
[2022-09-10 21:24:07,480] {processor.py:161} INFO - Processing /home/airflow/.local/lib/python3.7/site-packages/airflow/example_dags/example_time_delta_sensor_async.py took 0.159 seconds
[2022-09-10 21:41:18,154] {processor.py:153} INFO - Started process (PID=9385) to work on /home/airflow/.local/lib/python3.7/site-packages/airflow/example_dags/example_time_delta_sensor_async.py
[2022-09-10 21:41:18,158] {processor.py:641} INFO - Processing file /home/airflow/.local/lib/python3.7/site-packages/airflow/example_dags/example_time_delta_sensor_async.py for tasks to queue
[2022-09-10 21:41:18,165] {logging_mixin.py:115} INFO - [2022-09-10 21:41:18,165] {dagbag.py:507} INFO - Filling up the DagBag from /home/airflow/.local/lib/python3.7/site-packages/airflow/example_dags/example_time_delta_sensor_async.py
[2022-09-10 21:41:18,180] {processor.py:651} INFO - DAG(s) dict_keys(['example_time_delta_sensor_async']) retrieved from /home/airflow/.local/lib/python3.7/site-packages/airflow/example_dags/example_time_delta_sensor_async.py
[2022-09-10 21:41:18,406] {logging_mixin.py:115} INFO - [2022-09-10 21:41:18,399] {dag.py:2371} INFO - Sync 1 DAGs
[2022-09-10 21:41:18,549] {logging_mixin.py:115} INFO - [2022-09-10 21:41:18,549] {dag.py:2919} INFO - Setting next_dagrun for example_time_delta_sensor_async to None, run_after=None
[2022-09-10 21:41:18,673] {processor.py:161} INFO - Processing /home/airflow/.local/lib/python3.7/site-packages/airflow/example_dags/example_time_delta_sensor_async.py took 0.523 seconds
[2022-09-10 22:16:01,929] {processor.py:153} INFO - Started process (PID=9472) to work on /home/airflow/.local/lib/python3.7/site-packages/airflow/example_dags/example_time_delta_sensor_async.py
[2022-09-10 22:16:01,931] {processor.py:641} INFO - Processing file /home/airflow/.local/lib/python3.7/site-packages/airflow/example_dags/example_time_delta_sensor_async.py for tasks to queue
[2022-09-10 22:16:01,934] {logging_mixin.py:115} INFO - [2022-09-10 22:16:01,933] {dagbag.py:507} INFO - Filling up the DagBag from /home/airflow/.local/lib/python3.7/site-packages/airflow/example_dags/example_time_delta_sensor_async.py
[2022-09-10 22:16:01,950] {processor.py:651} INFO - DAG(s) dict_keys(['example_time_delta_sensor_async']) retrieved from /home/airflow/.local/lib/python3.7/site-packages/airflow/example_dags/example_time_delta_sensor_async.py
[2022-09-10 22:16:02,023] {logging_mixin.py:115} INFO - [2022-09-10 22:16:02,023] {dag.py:2371} INFO - Sync 1 DAGs
[2022-09-10 22:16:02,064] {logging_mixin.py:115} INFO - [2022-09-10 22:16:02,064] {dag.py:2919} INFO - Setting next_dagrun for example_time_delta_sensor_async to None, run_after=None
[2022-09-10 22:16:02,089] {processor.py:161} INFO - Processing /home/airflow/.local/lib/python3.7/site-packages/airflow/example_dags/example_time_delta_sensor_async.py took 0.167 seconds
[2022-09-10 22:34:15,298] {processor.py:153} INFO - Started process (PID=9552) to work on /home/airflow/.local/lib/python3.7/site-packages/airflow/example_dags/example_time_delta_sensor_async.py
[2022-09-10 22:34:15,304] {processor.py:641} INFO - Processing file /home/airflow/.local/lib/python3.7/site-packages/airflow/example_dags/example_time_delta_sensor_async.py for tasks to queue
[2022-09-10 22:34:15,306] {logging_mixin.py:115} INFO - [2022-09-10 22:34:15,306] {dagbag.py:507} INFO - Filling up the DagBag from /home/airflow/.local/lib/python3.7/site-packages/airflow/example_dags/example_time_delta_sensor_async.py
[2022-09-10 22:34:15,323] {processor.py:651} INFO - DAG(s) dict_keys(['example_time_delta_sensor_async']) retrieved from /home/airflow/.local/lib/python3.7/site-packages/airflow/example_dags/example_time_delta_sensor_async.py
[2022-09-10 22:34:15,458] {logging_mixin.py:115} INFO - [2022-09-10 22:34:15,458] {dag.py:2371} INFO - Sync 1 DAGs
[2022-09-10 22:34:15,500] {logging_mixin.py:115} INFO - [2022-09-10 22:34:15,500] {dag.py:2919} INFO - Setting next_dagrun for example_time_delta_sensor_async to None, run_after=None
[2022-09-10 22:34:15,542] {processor.py:161} INFO - Processing /home/airflow/.local/lib/python3.7/site-packages/airflow/example_dags/example_time_delta_sensor_async.py took 0.250 seconds
[2022-09-10 22:35:05,571] {processor.py:153} INFO - Started process (PID=9624) to work on /home/airflow/.local/lib/python3.7/site-packages/airflow/example_dags/example_time_delta_sensor_async.py
[2022-09-10 22:35:05,572] {processor.py:641} INFO - Processing file /home/airflow/.local/lib/python3.7/site-packages/airflow/example_dags/example_time_delta_sensor_async.py for tasks to queue
[2022-09-10 22:35:05,574] {logging_mixin.py:115} INFO - [2022-09-10 22:35:05,574] {dagbag.py:507} INFO - Filling up the DagBag from /home/airflow/.local/lib/python3.7/site-packages/airflow/example_dags/example_time_delta_sensor_async.py
[2022-09-10 22:35:05,601] {processor.py:651} INFO - DAG(s) dict_keys(['example_time_delta_sensor_async']) retrieved from /home/airflow/.local/lib/python3.7/site-packages/airflow/example_dags/example_time_delta_sensor_async.py
[2022-09-10 22:35:05,932] {logging_mixin.py:115} INFO - [2022-09-10 22:35:05,932] {dag.py:2371} INFO - Sync 1 DAGs
[2022-09-10 22:35:06,080] {logging_mixin.py:115} INFO - [2022-09-10 22:35:06,080] {dag.py:2919} INFO - Setting next_dagrun for example_time_delta_sensor_async to None, run_after=None
[2022-09-10 22:35:06,133] {processor.py:161} INFO - Processing /home/airflow/.local/lib/python3.7/site-packages/airflow/example_dags/example_time_delta_sensor_async.py took 0.586 seconds
[2022-09-10 23:13:14,954] {processor.py:153} INFO - Started process (PID=9696) to work on /home/airflow/.local/lib/python3.7/site-packages/airflow/example_dags/example_time_delta_sensor_async.py
[2022-09-10 23:13:14,971] {processor.py:641} INFO - Processing file /home/airflow/.local/lib/python3.7/site-packages/airflow/example_dags/example_time_delta_sensor_async.py for tasks to queue
[2022-09-10 23:13:14,978] {logging_mixin.py:115} INFO - [2022-09-10 23:13:14,976] {dagbag.py:507} INFO - Filling up the DagBag from /home/airflow/.local/lib/python3.7/site-packages/airflow/example_dags/example_time_delta_sensor_async.py
[2022-09-10 23:13:15,011] {processor.py:651} INFO - DAG(s) dict_keys(['example_time_delta_sensor_async']) retrieved from /home/airflow/.local/lib/python3.7/site-packages/airflow/example_dags/example_time_delta_sensor_async.py
[2022-09-10 23:13:15,326] {logging_mixin.py:115} INFO - [2022-09-10 23:13:15,326] {dag.py:2371} INFO - Sync 1 DAGs
[2022-09-10 23:13:15,717] {logging_mixin.py:115} INFO - [2022-09-10 23:13:15,717] {dag.py:2919} INFO - Setting next_dagrun for example_time_delta_sensor_async to None, run_after=None
[2022-09-10 23:13:15,903] {processor.py:161} INFO - Processing /home/airflow/.local/lib/python3.7/site-packages/airflow/example_dags/example_time_delta_sensor_async.py took 0.999 seconds
[2022-09-10 23:13:46,198] {processor.py:153} INFO - Started process (PID=9755) to work on /home/airflow/.local/lib/python3.7/site-packages/airflow/example_dags/example_time_delta_sensor_async.py
[2022-09-10 23:13:46,201] {processor.py:641} INFO - Processing file /home/airflow/.local/lib/python3.7/site-packages/airflow/example_dags/example_time_delta_sensor_async.py for tasks to queue
[2022-09-10 23:13:46,203] {logging_mixin.py:115} INFO - [2022-09-10 23:13:46,203] {dagbag.py:507} INFO - Filling up the DagBag from /home/airflow/.local/lib/python3.7/site-packages/airflow/example_dags/example_time_delta_sensor_async.py
[2022-09-10 23:13:46,216] {processor.py:651} INFO - DAG(s) dict_keys(['example_time_delta_sensor_async']) retrieved from /home/airflow/.local/lib/python3.7/site-packages/airflow/example_dags/example_time_delta_sensor_async.py
[2022-09-10 23:13:46,293] {logging_mixin.py:115} INFO - [2022-09-10 23:13:46,293] {dag.py:2371} INFO - Sync 1 DAGs
[2022-09-10 23:13:46,336] {logging_mixin.py:115} INFO - [2022-09-10 23:13:46,335] {dag.py:2919} INFO - Setting next_dagrun for example_time_delta_sensor_async to None, run_after=None
[2022-09-10 23:13:46,361] {processor.py:161} INFO - Processing /home/airflow/.local/lib/python3.7/site-packages/airflow/example_dags/example_time_delta_sensor_async.py took 0.172 seconds
[2022-09-10 23:14:16,462] {processor.py:153} INFO - Started process (PID=9810) to work on /home/airflow/.local/lib/python3.7/site-packages/airflow/example_dags/example_time_delta_sensor_async.py
[2022-09-10 23:14:16,464] {processor.py:641} INFO - Processing file /home/airflow/.local/lib/python3.7/site-packages/airflow/example_dags/example_time_delta_sensor_async.py for tasks to queue
[2022-09-10 23:14:16,466] {logging_mixin.py:115} INFO - [2022-09-10 23:14:16,466] {dagbag.py:507} INFO - Filling up the DagBag from /home/airflow/.local/lib/python3.7/site-packages/airflow/example_dags/example_time_delta_sensor_async.py
[2022-09-10 23:14:16,475] {processor.py:651} INFO - DAG(s) dict_keys(['example_time_delta_sensor_async']) retrieved from /home/airflow/.local/lib/python3.7/site-packages/airflow/example_dags/example_time_delta_sensor_async.py
[2022-09-10 23:14:16,540] {logging_mixin.py:115} INFO - [2022-09-10 23:14:16,540] {dag.py:2371} INFO - Sync 1 DAGs
[2022-09-10 23:14:16,577] {logging_mixin.py:115} INFO - [2022-09-10 23:14:16,576] {dag.py:2919} INFO - Setting next_dagrun for example_time_delta_sensor_async to None, run_after=None
[2022-09-10 23:14:16,593] {processor.py:161} INFO - Processing /home/airflow/.local/lib/python3.7/site-packages/airflow/example_dags/example_time_delta_sensor_async.py took 0.136 seconds
[2022-09-10 23:14:46,952] {processor.py:153} INFO - Started process (PID=9868) to work on /home/airflow/.local/lib/python3.7/site-packages/airflow/example_dags/example_time_delta_sensor_async.py
[2022-09-10 23:14:46,956] {processor.py:641} INFO - Processing file /home/airflow/.local/lib/python3.7/site-packages/airflow/example_dags/example_time_delta_sensor_async.py for tasks to queue
[2022-09-10 23:14:46,960] {logging_mixin.py:115} INFO - [2022-09-10 23:14:46,960] {dagbag.py:507} INFO - Filling up the DagBag from /home/airflow/.local/lib/python3.7/site-packages/airflow/example_dags/example_time_delta_sensor_async.py
[2022-09-10 23:14:46,977] {processor.py:651} INFO - DAG(s) dict_keys(['example_time_delta_sensor_async']) retrieved from /home/airflow/.local/lib/python3.7/site-packages/airflow/example_dags/example_time_delta_sensor_async.py
[2022-09-10 23:14:47,095] {logging_mixin.py:115} INFO - [2022-09-10 23:14:47,095] {dag.py:2371} INFO - Sync 1 DAGs
[2022-09-10 23:14:47,152] {logging_mixin.py:115} INFO - [2022-09-10 23:14:47,152] {dag.py:2919} INFO - Setting next_dagrun for example_time_delta_sensor_async to None, run_after=None
[2022-09-10 23:14:47,181] {processor.py:161} INFO - Processing /home/airflow/.local/lib/python3.7/site-packages/airflow/example_dags/example_time_delta_sensor_async.py took 0.239 seconds
