[2022-09-10 00:12:40,966] {processor.py:153} INFO - Started process (PID=7173) to work on /home/airflow/.local/lib/python3.7/site-packages/airflow/example_dags/example_trigger_controller_dag.py
[2022-09-10 00:12:40,974] {processor.py:641} INFO - Processing file /home/airflow/.local/lib/python3.7/site-packages/airflow/example_dags/example_trigger_controller_dag.py for tasks to queue
[2022-09-10 00:12:40,979] {logging_mixin.py:115} INFO - [2022-09-10 00:12:40,978] {dagbag.py:507} INFO - Filling up the DagBag from /home/airflow/.local/lib/python3.7/site-packages/airflow/example_dags/example_trigger_controller_dag.py
[2022-09-10 00:12:41,011] {processor.py:651} INFO - DAG(s) dict_keys(['example_trigger_controller_dag']) retrieved from /home/airflow/.local/lib/python3.7/site-packages/airflow/example_dags/example_trigger_controller_dag.py
[2022-09-10 00:12:41,192] {logging_mixin.py:115} INFO - [2022-09-10 00:12:41,192] {dag.py:2371} INFO - Sync 1 DAGs
[2022-09-10 00:12:41,305] {logging_mixin.py:115} INFO - [2022-09-10 00:12:41,305] {dag.py:2919} INFO - Setting next_dagrun for example_trigger_controller_dag to 2021-01-01T00:00:00+00:00, run_after=2021-01-01T00:00:00+00:00
[2022-09-10 00:12:41,359] {processor.py:161} INFO - Processing /home/airflow/.local/lib/python3.7/site-packages/airflow/example_dags/example_trigger_controller_dag.py took 0.415 seconds
[2022-09-10 00:29:16,393] {processor.py:153} INFO - Started process (PID=7242) to work on /home/airflow/.local/lib/python3.7/site-packages/airflow/example_dags/example_trigger_controller_dag.py
[2022-09-10 00:29:16,399] {processor.py:641} INFO - Processing file /home/airflow/.local/lib/python3.7/site-packages/airflow/example_dags/example_trigger_controller_dag.py for tasks to queue
[2022-09-10 00:29:16,404] {logging_mixin.py:115} INFO - [2022-09-10 00:29:16,404] {dagbag.py:507} INFO - Filling up the DagBag from /home/airflow/.local/lib/python3.7/site-packages/airflow/example_dags/example_trigger_controller_dag.py
[2022-09-10 00:29:16,441] {processor.py:651} INFO - DAG(s) dict_keys(['example_trigger_controller_dag']) retrieved from /home/airflow/.local/lib/python3.7/site-packages/airflow/example_dags/example_trigger_controller_dag.py
[2022-09-10 00:29:16,560] {logging_mixin.py:115} INFO - [2022-09-10 00:29:16,560] {dag.py:2371} INFO - Sync 1 DAGs
[2022-09-10 00:29:16,651] {logging_mixin.py:115} INFO - [2022-09-10 00:29:16,651] {dag.py:2919} INFO - Setting next_dagrun for example_trigger_controller_dag to 2021-01-01T00:00:00+00:00, run_after=2021-01-01T00:00:00+00:00
[2022-09-10 00:29:16,712] {processor.py:161} INFO - Processing /home/airflow/.local/lib/python3.7/site-packages/airflow/example_dags/example_trigger_controller_dag.py took 0.330 seconds
[2022-09-10 02:01:41,872] {processor.py:153} INFO - Started process (PID=7298) to work on /home/airflow/.local/lib/python3.7/site-packages/airflow/example_dags/example_trigger_controller_dag.py
[2022-09-10 02:01:41,876] {processor.py:641} INFO - Processing file /home/airflow/.local/lib/python3.7/site-packages/airflow/example_dags/example_trigger_controller_dag.py for tasks to queue
[2022-09-10 02:01:41,879] {logging_mixin.py:115} INFO - [2022-09-10 02:01:41,879] {dagbag.py:507} INFO - Filling up the DagBag from /home/airflow/.local/lib/python3.7/site-packages/airflow/example_dags/example_trigger_controller_dag.py
[2022-09-10 02:01:41,884] {processor.py:651} INFO - DAG(s) dict_keys(['example_trigger_controller_dag']) retrieved from /home/airflow/.local/lib/python3.7/site-packages/airflow/example_dags/example_trigger_controller_dag.py
[2022-09-10 02:01:41,975] {logging_mixin.py:115} INFO - [2022-09-10 02:01:41,975] {dag.py:2371} INFO - Sync 1 DAGs
[2022-09-10 02:01:42,043] {logging_mixin.py:115} INFO - [2022-09-10 02:01:42,043] {dag.py:2919} INFO - Setting next_dagrun for example_trigger_controller_dag to 2021-01-01T00:00:00+00:00, run_after=2021-01-01T00:00:00+00:00
[2022-09-10 02:01:42,088] {processor.py:161} INFO - Processing /home/airflow/.local/lib/python3.7/site-packages/airflow/example_dags/example_trigger_controller_dag.py took 0.222 seconds
[2022-09-10 02:55:49,381] {processor.py:153} INFO - Started process (PID=7367) to work on /home/airflow/.local/lib/python3.7/site-packages/airflow/example_dags/example_trigger_controller_dag.py
[2022-09-10 02:55:49,385] {processor.py:641} INFO - Processing file /home/airflow/.local/lib/python3.7/site-packages/airflow/example_dags/example_trigger_controller_dag.py for tasks to queue
[2022-09-10 02:55:49,391] {logging_mixin.py:115} INFO - [2022-09-10 02:55:49,390] {dagbag.py:507} INFO - Filling up the DagBag from /home/airflow/.local/lib/python3.7/site-packages/airflow/example_dags/example_trigger_controller_dag.py
[2022-09-10 02:55:49,406] {processor.py:651} INFO - DAG(s) dict_keys(['example_trigger_controller_dag']) retrieved from /home/airflow/.local/lib/python3.7/site-packages/airflow/example_dags/example_trigger_controller_dag.py
[2022-09-10 02:55:49,529] {logging_mixin.py:115} INFO - [2022-09-10 02:55:49,529] {dag.py:2371} INFO - Sync 1 DAGs
[2022-09-10 02:55:49,590] {logging_mixin.py:115} INFO - [2022-09-10 02:55:49,590] {dag.py:2919} INFO - Setting next_dagrun for example_trigger_controller_dag to 2021-01-01T00:00:00+00:00, run_after=2021-01-01T00:00:00+00:00
[2022-09-10 02:55:49,627] {processor.py:161} INFO - Processing /home/airflow/.local/lib/python3.7/site-packages/airflow/example_dags/example_trigger_controller_dag.py took 0.271 seconds
[2022-09-10 02:56:40,447] {processor.py:153} INFO - Started process (PID=7444) to work on /home/airflow/.local/lib/python3.7/site-packages/airflow/example_dags/example_trigger_controller_dag.py
[2022-09-10 02:56:40,455] {processor.py:641} INFO - Processing file /home/airflow/.local/lib/python3.7/site-packages/airflow/example_dags/example_trigger_controller_dag.py for tasks to queue
[2022-09-10 02:56:40,458] {logging_mixin.py:115} INFO - [2022-09-10 02:56:40,458] {dagbag.py:507} INFO - Filling up the DagBag from /home/airflow/.local/lib/python3.7/site-packages/airflow/example_dags/example_trigger_controller_dag.py
[2022-09-10 02:56:40,473] {processor.py:651} INFO - DAG(s) dict_keys(['example_trigger_controller_dag']) retrieved from /home/airflow/.local/lib/python3.7/site-packages/airflow/example_dags/example_trigger_controller_dag.py
[2022-09-10 02:56:40,547] {logging_mixin.py:115} INFO - [2022-09-10 02:56:40,547] {dag.py:2371} INFO - Sync 1 DAGs
[2022-09-10 02:56:40,598] {logging_mixin.py:115} INFO - [2022-09-10 02:56:40,598] {dag.py:2919} INFO - Setting next_dagrun for example_trigger_controller_dag to 2021-01-01T00:00:00+00:00, run_after=2021-01-01T00:00:00+00:00
[2022-09-10 02:56:40,627] {processor.py:161} INFO - Processing /home/airflow/.local/lib/python3.7/site-packages/airflow/example_dags/example_trigger_controller_dag.py took 0.192 seconds
[2022-09-10 03:50:52,241] {processor.py:153} INFO - Started process (PID=7514) to work on /home/airflow/.local/lib/python3.7/site-packages/airflow/example_dags/example_trigger_controller_dag.py
[2022-09-10 03:50:52,250] {processor.py:641} INFO - Processing file /home/airflow/.local/lib/python3.7/site-packages/airflow/example_dags/example_trigger_controller_dag.py for tasks to queue
[2022-09-10 03:50:52,255] {logging_mixin.py:115} INFO - [2022-09-10 03:50:52,255] {dagbag.py:507} INFO - Filling up the DagBag from /home/airflow/.local/lib/python3.7/site-packages/airflow/example_dags/example_trigger_controller_dag.py
[2022-09-10 03:50:52,267] {processor.py:651} INFO - DAG(s) dict_keys(['example_trigger_controller_dag']) retrieved from /home/airflow/.local/lib/python3.7/site-packages/airflow/example_dags/example_trigger_controller_dag.py
[2022-09-10 03:50:52,396] {logging_mixin.py:115} INFO - [2022-09-10 03:50:52,396] {dag.py:2371} INFO - Sync 1 DAGs
[2022-09-10 03:50:52,584] {logging_mixin.py:115} INFO - [2022-09-10 03:50:52,584] {dag.py:2919} INFO - Setting next_dagrun for example_trigger_controller_dag to 2021-01-01T00:00:00+00:00, run_after=2021-01-01T00:00:00+00:00
[2022-09-10 03:50:52,656] {processor.py:161} INFO - Processing /home/airflow/.local/lib/python3.7/site-packages/airflow/example_dags/example_trigger_controller_dag.py took 0.429 seconds
[2022-09-10 04:55:13,737] {processor.py:153} INFO - Started process (PID=7597) to work on /home/airflow/.local/lib/python3.7/site-packages/airflow/example_dags/example_trigger_controller_dag.py
[2022-09-10 04:55:13,740] {processor.py:641} INFO - Processing file /home/airflow/.local/lib/python3.7/site-packages/airflow/example_dags/example_trigger_controller_dag.py for tasks to queue
[2022-09-10 04:55:13,750] {logging_mixin.py:115} INFO - [2022-09-10 04:55:13,750] {dagbag.py:507} INFO - Filling up the DagBag from /home/airflow/.local/lib/python3.7/site-packages/airflow/example_dags/example_trigger_controller_dag.py
[2022-09-10 04:55:13,755] {processor.py:651} INFO - DAG(s) dict_keys(['example_trigger_controller_dag']) retrieved from /home/airflow/.local/lib/python3.7/site-packages/airflow/example_dags/example_trigger_controller_dag.py
[2022-09-10 04:55:13,950] {logging_mixin.py:115} INFO - [2022-09-10 04:55:13,950] {dag.py:2371} INFO - Sync 1 DAGs
[2022-09-10 04:55:14,183] {logging_mixin.py:115} INFO - [2022-09-10 04:55:14,183] {dag.py:2919} INFO - Setting next_dagrun for example_trigger_controller_dag to 2021-01-01T00:00:00+00:00, run_after=2021-01-01T00:00:00+00:00
[2022-09-10 04:55:14,338] {processor.py:161} INFO - Processing /home/airflow/.local/lib/python3.7/site-packages/airflow/example_dags/example_trigger_controller_dag.py took 0.615 seconds
[2022-09-10 05:11:32,386] {processor.py:153} INFO - Started process (PID=7637) to work on /home/airflow/.local/lib/python3.7/site-packages/airflow/example_dags/example_trigger_controller_dag.py
[2022-09-10 05:11:32,388] {processor.py:641} INFO - Processing file /home/airflow/.local/lib/python3.7/site-packages/airflow/example_dags/example_trigger_controller_dag.py for tasks to queue
[2022-09-10 05:11:32,390] {logging_mixin.py:115} INFO - [2022-09-10 05:11:32,389] {dagbag.py:507} INFO - Filling up the DagBag from /home/airflow/.local/lib/python3.7/site-packages/airflow/example_dags/example_trigger_controller_dag.py
[2022-09-10 05:11:32,394] {processor.py:651} INFO - DAG(s) dict_keys(['example_trigger_controller_dag']) retrieved from /home/airflow/.local/lib/python3.7/site-packages/airflow/example_dags/example_trigger_controller_dag.py
[2022-09-10 05:11:32,462] {logging_mixin.py:115} INFO - [2022-09-10 05:11:32,461] {dag.py:2371} INFO - Sync 1 DAGs
[2022-09-10 05:11:32,507] {logging_mixin.py:115} INFO - [2022-09-10 05:11:32,507] {dag.py:2919} INFO - Setting next_dagrun for example_trigger_controller_dag to 2021-01-01T00:00:00+00:00, run_after=2021-01-01T00:00:00+00:00
[2022-09-10 05:11:32,530] {processor.py:161} INFO - Processing /home/airflow/.local/lib/python3.7/site-packages/airflow/example_dags/example_trigger_controller_dag.py took 0.148 seconds
[2022-09-10 05:12:25,460] {processor.py:153} INFO - Started process (PID=7704) to work on /home/airflow/.local/lib/python3.7/site-packages/airflow/example_dags/example_trigger_controller_dag.py
[2022-09-10 05:12:25,464] {processor.py:641} INFO - Processing file /home/airflow/.local/lib/python3.7/site-packages/airflow/example_dags/example_trigger_controller_dag.py for tasks to queue
[2022-09-10 05:12:25,469] {logging_mixin.py:115} INFO - [2022-09-10 05:12:25,469] {dagbag.py:507} INFO - Filling up the DagBag from /home/airflow/.local/lib/python3.7/site-packages/airflow/example_dags/example_trigger_controller_dag.py
[2022-09-10 05:12:25,477] {processor.py:651} INFO - DAG(s) dict_keys(['example_trigger_controller_dag']) retrieved from /home/airflow/.local/lib/python3.7/site-packages/airflow/example_dags/example_trigger_controller_dag.py
[2022-09-10 05:12:25,519] {logging_mixin.py:115} INFO - [2022-09-10 05:12:25,518] {dag.py:2371} INFO - Sync 1 DAGs
[2022-09-10 05:12:25,571] {logging_mixin.py:115} INFO - [2022-09-10 05:12:25,571] {dag.py:2919} INFO - Setting next_dagrun for example_trigger_controller_dag to 2021-01-01T00:00:00+00:00, run_after=2021-01-01T00:00:00+00:00
[2022-09-10 05:12:25,586] {processor.py:161} INFO - Processing /home/airflow/.local/lib/python3.7/site-packages/airflow/example_dags/example_trigger_controller_dag.py took 0.135 seconds
[2022-09-10 05:51:11,156] {processor.py:153} INFO - Started process (PID=7762) to work on /home/airflow/.local/lib/python3.7/site-packages/airflow/example_dags/example_trigger_controller_dag.py
[2022-09-10 05:51:11,204] {processor.py:641} INFO - Processing file /home/airflow/.local/lib/python3.7/site-packages/airflow/example_dags/example_trigger_controller_dag.py for tasks to queue
[2022-09-10 05:51:11,212] {logging_mixin.py:115} INFO - [2022-09-10 05:51:11,211] {dagbag.py:507} INFO - Filling up the DagBag from /home/airflow/.local/lib/python3.7/site-packages/airflow/example_dags/example_trigger_controller_dag.py
[2022-09-10 05:51:11,229] {processor.py:651} INFO - DAG(s) dict_keys(['example_trigger_controller_dag']) retrieved from /home/airflow/.local/lib/python3.7/site-packages/airflow/example_dags/example_trigger_controller_dag.py
[2022-09-10 05:51:11,478] {logging_mixin.py:115} INFO - [2022-09-10 05:51:11,478] {dag.py:2371} INFO - Sync 1 DAGs
[2022-09-10 05:51:11,671] {logging_mixin.py:115} INFO - [2022-09-10 05:51:11,671] {dag.py:2919} INFO - Setting next_dagrun for example_trigger_controller_dag to 2021-01-01T00:00:00+00:00, run_after=2021-01-01T00:00:00+00:00
[2022-09-10 05:51:11,734] {processor.py:161} INFO - Processing /home/airflow/.local/lib/python3.7/site-packages/airflow/example_dags/example_trigger_controller_dag.py took 0.593 seconds
[2022-09-10 06:45:22,318] {processor.py:153} INFO - Started process (PID=7822) to work on /home/airflow/.local/lib/python3.7/site-packages/airflow/example_dags/example_trigger_controller_dag.py
[2022-09-10 06:45:22,320] {processor.py:641} INFO - Processing file /home/airflow/.local/lib/python3.7/site-packages/airflow/example_dags/example_trigger_controller_dag.py for tasks to queue
[2022-09-10 06:45:22,322] {logging_mixin.py:115} INFO - [2022-09-10 06:45:22,322] {dagbag.py:507} INFO - Filling up the DagBag from /home/airflow/.local/lib/python3.7/site-packages/airflow/example_dags/example_trigger_controller_dag.py
[2022-09-10 06:45:22,331] {processor.py:651} INFO - DAG(s) dict_keys(['example_trigger_controller_dag']) retrieved from /home/airflow/.local/lib/python3.7/site-packages/airflow/example_dags/example_trigger_controller_dag.py
[2022-09-10 06:45:22,391] {logging_mixin.py:115} INFO - [2022-09-10 06:45:22,391] {dag.py:2371} INFO - Sync 1 DAGs
[2022-09-10 06:45:22,466] {logging_mixin.py:115} INFO - [2022-09-10 06:45:22,465] {dag.py:2919} INFO - Setting next_dagrun for example_trigger_controller_dag to 2021-01-01T00:00:00+00:00, run_after=2021-01-01T00:00:00+00:00
[2022-09-10 06:45:22,489] {processor.py:161} INFO - Processing /home/airflow/.local/lib/python3.7/site-packages/airflow/example_dags/example_trigger_controller_dag.py took 0.176 seconds
[2022-09-10 08:33:31,728] {processor.py:153} INFO - Started process (PID=7905) to work on /home/airflow/.local/lib/python3.7/site-packages/airflow/example_dags/example_trigger_controller_dag.py
[2022-09-10 08:33:31,735] {processor.py:641} INFO - Processing file /home/airflow/.local/lib/python3.7/site-packages/airflow/example_dags/example_trigger_controller_dag.py for tasks to queue
[2022-09-10 08:33:31,740] {logging_mixin.py:115} INFO - [2022-09-10 08:33:31,740] {dagbag.py:507} INFO - Filling up the DagBag from /home/airflow/.local/lib/python3.7/site-packages/airflow/example_dags/example_trigger_controller_dag.py
[2022-09-10 08:33:31,766] {processor.py:651} INFO - DAG(s) dict_keys(['example_trigger_controller_dag']) retrieved from /home/airflow/.local/lib/python3.7/site-packages/airflow/example_dags/example_trigger_controller_dag.py
[2022-09-10 08:33:32,039] {logging_mixin.py:115} INFO - [2022-09-10 08:33:32,039] {dag.py:2371} INFO - Sync 1 DAGs
[2022-09-10 08:33:32,219] {logging_mixin.py:115} INFO - [2022-09-10 08:33:32,219] {dag.py:2919} INFO - Setting next_dagrun for example_trigger_controller_dag to 2021-01-01T00:00:00+00:00, run_after=2021-01-01T00:00:00+00:00
[2022-09-10 08:33:32,304] {processor.py:161} INFO - Processing /home/airflow/.local/lib/python3.7/site-packages/airflow/example_dags/example_trigger_controller_dag.py took 0.592 seconds
[2022-09-10 09:23:06,206] {processor.py:153} INFO - Started process (PID=7972) to work on /home/airflow/.local/lib/python3.7/site-packages/airflow/example_dags/example_trigger_controller_dag.py
[2022-09-10 09:23:06,215] {processor.py:641} INFO - Processing file /home/airflow/.local/lib/python3.7/site-packages/airflow/example_dags/example_trigger_controller_dag.py for tasks to queue
[2022-09-10 09:23:06,216] {logging_mixin.py:115} INFO - [2022-09-10 09:23:06,216] {dagbag.py:507} INFO - Filling up the DagBag from /home/airflow/.local/lib/python3.7/site-packages/airflow/example_dags/example_trigger_controller_dag.py
[2022-09-10 09:23:06,237] {processor.py:651} INFO - DAG(s) dict_keys(['example_trigger_controller_dag']) retrieved from /home/airflow/.local/lib/python3.7/site-packages/airflow/example_dags/example_trigger_controller_dag.py
[2022-09-10 09:23:06,401] {logging_mixin.py:115} INFO - [2022-09-10 09:23:06,400] {dag.py:2371} INFO - Sync 1 DAGs
[2022-09-10 09:23:06,561] {logging_mixin.py:115} INFO - [2022-09-10 09:23:06,561] {dag.py:2919} INFO - Setting next_dagrun for example_trigger_controller_dag to 2021-01-01T00:00:00+00:00, run_after=2021-01-01T00:00:00+00:00
[2022-09-10 09:23:06,643] {processor.py:161} INFO - Processing /home/airflow/.local/lib/python3.7/site-packages/airflow/example_dags/example_trigger_controller_dag.py took 0.453 seconds
[2022-09-10 10:17:22,130] {processor.py:153} INFO - Started process (PID=8049) to work on /home/airflow/.local/lib/python3.7/site-packages/airflow/example_dags/example_trigger_controller_dag.py
[2022-09-10 10:17:22,133] {processor.py:641} INFO - Processing file /home/airflow/.local/lib/python3.7/site-packages/airflow/example_dags/example_trigger_controller_dag.py for tasks to queue
[2022-09-10 10:17:22,138] {logging_mixin.py:115} INFO - [2022-09-10 10:17:22,137] {dagbag.py:507} INFO - Filling up the DagBag from /home/airflow/.local/lib/python3.7/site-packages/airflow/example_dags/example_trigger_controller_dag.py
[2022-09-10 10:17:22,161] {processor.py:651} INFO - DAG(s) dict_keys(['example_trigger_controller_dag']) retrieved from /home/airflow/.local/lib/python3.7/site-packages/airflow/example_dags/example_trigger_controller_dag.py
[2022-09-10 10:17:22,237] {logging_mixin.py:115} INFO - [2022-09-10 10:17:22,236] {dag.py:2371} INFO - Sync 1 DAGs
[2022-09-10 10:17:22,332] {logging_mixin.py:115} INFO - [2022-09-10 10:17:22,332] {dag.py:2919} INFO - Setting next_dagrun for example_trigger_controller_dag to 2021-01-01T00:00:00+00:00, run_after=2021-01-01T00:00:00+00:00
[2022-09-10 10:17:22,374] {processor.py:161} INFO - Processing /home/airflow/.local/lib/python3.7/site-packages/airflow/example_dags/example_trigger_controller_dag.py took 0.255 seconds
[2022-09-10 11:16:18,371] {processor.py:153} INFO - Started process (PID=8103) to work on /home/airflow/.local/lib/python3.7/site-packages/airflow/example_dags/example_trigger_controller_dag.py
[2022-09-10 11:16:18,375] {processor.py:641} INFO - Processing file /home/airflow/.local/lib/python3.7/site-packages/airflow/example_dags/example_trigger_controller_dag.py for tasks to queue
[2022-09-10 11:16:18,380] {logging_mixin.py:115} INFO - [2022-09-10 11:16:18,380] {dagbag.py:507} INFO - Filling up the DagBag from /home/airflow/.local/lib/python3.7/site-packages/airflow/example_dags/example_trigger_controller_dag.py
[2022-09-10 11:16:18,389] {processor.py:651} INFO - DAG(s) dict_keys(['example_trigger_controller_dag']) retrieved from /home/airflow/.local/lib/python3.7/site-packages/airflow/example_dags/example_trigger_controller_dag.py
[2022-09-10 11:16:18,447] {logging_mixin.py:115} INFO - [2022-09-10 11:16:18,447] {dag.py:2371} INFO - Sync 1 DAGs
[2022-09-10 11:16:18,505] {logging_mixin.py:115} INFO - [2022-09-10 11:16:18,505] {dag.py:2919} INFO - Setting next_dagrun for example_trigger_controller_dag to 2021-01-01T00:00:00+00:00, run_after=2021-01-01T00:00:00+00:00
[2022-09-10 11:16:18,528] {processor.py:161} INFO - Processing /home/airflow/.local/lib/python3.7/site-packages/airflow/example_dags/example_trigger_controller_dag.py took 0.162 seconds
[2022-09-10 12:05:15,764] {processor.py:153} INFO - Started process (PID=8168) to work on /home/airflow/.local/lib/python3.7/site-packages/airflow/example_dags/example_trigger_controller_dag.py
[2022-09-10 12:05:15,766] {processor.py:641} INFO - Processing file /home/airflow/.local/lib/python3.7/site-packages/airflow/example_dags/example_trigger_controller_dag.py for tasks to queue
[2022-09-10 12:05:15,768] {logging_mixin.py:115} INFO - [2022-09-10 12:05:15,767] {dagbag.py:507} INFO - Filling up the DagBag from /home/airflow/.local/lib/python3.7/site-packages/airflow/example_dags/example_trigger_controller_dag.py
[2022-09-10 12:05:15,779] {processor.py:651} INFO - DAG(s) dict_keys(['example_trigger_controller_dag']) retrieved from /home/airflow/.local/lib/python3.7/site-packages/airflow/example_dags/example_trigger_controller_dag.py
[2022-09-10 12:05:15,875] {logging_mixin.py:115} INFO - [2022-09-10 12:05:15,875] {dag.py:2371} INFO - Sync 1 DAGs
[2022-09-10 12:05:15,962] {logging_mixin.py:115} INFO - [2022-09-10 12:05:15,962] {dag.py:2919} INFO - Setting next_dagrun for example_trigger_controller_dag to 2021-01-01T00:00:00+00:00, run_after=2021-01-01T00:00:00+00:00
[2022-09-10 12:05:16,003] {processor.py:161} INFO - Processing /home/airflow/.local/lib/python3.7/site-packages/airflow/example_dags/example_trigger_controller_dag.py took 0.252 seconds
[2022-09-10 12:06:36,217] {processor.py:153} INFO - Started process (PID=8246) to work on /home/airflow/.local/lib/python3.7/site-packages/airflow/example_dags/example_trigger_controller_dag.py
[2022-09-10 12:06:36,235] {processor.py:641} INFO - Processing file /home/airflow/.local/lib/python3.7/site-packages/airflow/example_dags/example_trigger_controller_dag.py for tasks to queue
[2022-09-10 12:06:36,254] {logging_mixin.py:115} INFO - [2022-09-10 12:06:36,246] {dagbag.py:507} INFO - Filling up the DagBag from /home/airflow/.local/lib/python3.7/site-packages/airflow/example_dags/example_trigger_controller_dag.py
[2022-09-10 12:06:36,292] {processor.py:651} INFO - DAG(s) dict_keys(['example_trigger_controller_dag']) retrieved from /home/airflow/.local/lib/python3.7/site-packages/airflow/example_dags/example_trigger_controller_dag.py
[2022-09-10 12:06:36,661] {logging_mixin.py:115} INFO - [2022-09-10 12:06:36,661] {dag.py:2371} INFO - Sync 1 DAGs
[2022-09-10 12:06:36,953] {logging_mixin.py:115} INFO - [2022-09-10 12:06:36,953] {dag.py:2919} INFO - Setting next_dagrun for example_trigger_controller_dag to 2021-01-01T00:00:00+00:00, run_after=2021-01-01T00:00:00+00:00
[2022-09-10 12:06:37,090] {processor.py:161} INFO - Processing /home/airflow/.local/lib/python3.7/site-packages/airflow/example_dags/example_trigger_controller_dag.py took 0.945 seconds
[2022-09-10 12:07:07,597] {processor.py:153} INFO - Started process (PID=8301) to work on /home/airflow/.local/lib/python3.7/site-packages/airflow/example_dags/example_trigger_controller_dag.py
[2022-09-10 12:07:07,598] {processor.py:641} INFO - Processing file /home/airflow/.local/lib/python3.7/site-packages/airflow/example_dags/example_trigger_controller_dag.py for tasks to queue
[2022-09-10 12:07:07,600] {logging_mixin.py:115} INFO - [2022-09-10 12:07:07,600] {dagbag.py:507} INFO - Filling up the DagBag from /home/airflow/.local/lib/python3.7/site-packages/airflow/example_dags/example_trigger_controller_dag.py
[2022-09-10 12:07:07,605] {processor.py:651} INFO - DAG(s) dict_keys(['example_trigger_controller_dag']) retrieved from /home/airflow/.local/lib/python3.7/site-packages/airflow/example_dags/example_trigger_controller_dag.py
[2022-09-10 12:07:07,640] {logging_mixin.py:115} INFO - [2022-09-10 12:07:07,639] {dag.py:2371} INFO - Sync 1 DAGs
[2022-09-10 12:07:07,669] {logging_mixin.py:115} INFO - [2022-09-10 12:07:07,669] {dag.py:2919} INFO - Setting next_dagrun for example_trigger_controller_dag to 2021-01-01T00:00:00+00:00, run_after=2021-01-01T00:00:00+00:00
[2022-09-10 12:07:07,687] {processor.py:161} INFO - Processing /home/airflow/.local/lib/python3.7/site-packages/airflow/example_dags/example_trigger_controller_dag.py took 0.095 seconds
[2022-09-10 13:00:19,201] {processor.py:153} INFO - Started process (PID=8366) to work on /home/airflow/.local/lib/python3.7/site-packages/airflow/example_dags/example_trigger_controller_dag.py
[2022-09-10 13:00:19,212] {processor.py:641} INFO - Processing file /home/airflow/.local/lib/python3.7/site-packages/airflow/example_dags/example_trigger_controller_dag.py for tasks to queue
[2022-09-10 13:00:19,216] {logging_mixin.py:115} INFO - [2022-09-10 13:00:19,216] {dagbag.py:507} INFO - Filling up the DagBag from /home/airflow/.local/lib/python3.7/site-packages/airflow/example_dags/example_trigger_controller_dag.py
[2022-09-10 13:00:19,245] {processor.py:651} INFO - DAG(s) dict_keys(['example_trigger_controller_dag']) retrieved from /home/airflow/.local/lib/python3.7/site-packages/airflow/example_dags/example_trigger_controller_dag.py
[2022-09-10 13:00:19,739] {logging_mixin.py:115} INFO - [2022-09-10 13:00:19,739] {dag.py:2371} INFO - Sync 1 DAGs
[2022-09-10 13:00:20,011] {logging_mixin.py:115} INFO - [2022-09-10 13:00:20,011] {dag.py:2919} INFO - Setting next_dagrun for example_trigger_controller_dag to 2021-01-01T00:00:00+00:00, run_after=2021-01-01T00:00:00+00:00
[2022-09-10 13:00:20,136] {processor.py:161} INFO - Processing /home/airflow/.local/lib/python3.7/site-packages/airflow/example_dags/example_trigger_controller_dag.py took 0.966 seconds
[2022-09-10 14:48:33,069] {processor.py:153} INFO - Started process (PID=8463) to work on /home/airflow/.local/lib/python3.7/site-packages/airflow/example_dags/example_trigger_controller_dag.py
[2022-09-10 14:48:33,076] {processor.py:641} INFO - Processing file /home/airflow/.local/lib/python3.7/site-packages/airflow/example_dags/example_trigger_controller_dag.py for tasks to queue
[2022-09-10 14:48:33,081] {logging_mixin.py:115} INFO - [2022-09-10 14:48:33,081] {dagbag.py:507} INFO - Filling up the DagBag from /home/airflow/.local/lib/python3.7/site-packages/airflow/example_dags/example_trigger_controller_dag.py
[2022-09-10 14:48:33,091] {processor.py:651} INFO - DAG(s) dict_keys(['example_trigger_controller_dag']) retrieved from /home/airflow/.local/lib/python3.7/site-packages/airflow/example_dags/example_trigger_controller_dag.py
[2022-09-10 14:48:33,261] {logging_mixin.py:115} INFO - [2022-09-10 14:48:33,261] {dag.py:2371} INFO - Sync 1 DAGs
[2022-09-10 14:48:33,507] {logging_mixin.py:115} INFO - [2022-09-10 14:48:33,507] {dag.py:2919} INFO - Setting next_dagrun for example_trigger_controller_dag to 2021-01-01T00:00:00+00:00, run_after=2021-01-01T00:00:00+00:00
[2022-09-10 14:48:33,606] {processor.py:161} INFO - Processing /home/airflow/.local/lib/python3.7/site-packages/airflow/example_dags/example_trigger_controller_dag.py took 0.575 seconds
[2022-09-10 15:10:22,425] {processor.py:153} INFO - Started process (PID=8555) to work on /home/airflow/.local/lib/python3.7/site-packages/airflow/example_dags/example_trigger_controller_dag.py
[2022-09-10 15:10:22,427] {processor.py:641} INFO - Processing file /home/airflow/.local/lib/python3.7/site-packages/airflow/example_dags/example_trigger_controller_dag.py for tasks to queue
[2022-09-10 15:10:22,428] {logging_mixin.py:115} INFO - [2022-09-10 15:10:22,428] {dagbag.py:507} INFO - Filling up the DagBag from /home/airflow/.local/lib/python3.7/site-packages/airflow/example_dags/example_trigger_controller_dag.py
[2022-09-10 15:10:22,443] {processor.py:651} INFO - DAG(s) dict_keys(['example_trigger_controller_dag']) retrieved from /home/airflow/.local/lib/python3.7/site-packages/airflow/example_dags/example_trigger_controller_dag.py
[2022-09-10 15:10:22,527] {logging_mixin.py:115} INFO - [2022-09-10 15:10:22,527] {dag.py:2371} INFO - Sync 1 DAGs
[2022-09-10 15:10:22,584] {logging_mixin.py:115} INFO - [2022-09-10 15:10:22,584] {dag.py:2919} INFO - Setting next_dagrun for example_trigger_controller_dag to 2021-01-01T00:00:00+00:00, run_after=2021-01-01T00:00:00+00:00
[2022-09-10 15:10:22,607] {processor.py:161} INFO - Processing /home/airflow/.local/lib/python3.7/site-packages/airflow/example_dags/example_trigger_controller_dag.py took 0.197 seconds
[2022-09-10 15:11:14,793] {processor.py:153} INFO - Started process (PID=8620) to work on /home/airflow/.local/lib/python3.7/site-packages/airflow/example_dags/example_trigger_controller_dag.py
[2022-09-10 15:11:14,798] {processor.py:641} INFO - Processing file /home/airflow/.local/lib/python3.7/site-packages/airflow/example_dags/example_trigger_controller_dag.py for tasks to queue
[2022-09-10 15:11:14,799] {logging_mixin.py:115} INFO - [2022-09-10 15:11:14,799] {dagbag.py:507} INFO - Filling up the DagBag from /home/airflow/.local/lib/python3.7/site-packages/airflow/example_dags/example_trigger_controller_dag.py
[2022-09-10 15:11:14,830] {processor.py:651} INFO - DAG(s) dict_keys(['example_trigger_controller_dag']) retrieved from /home/airflow/.local/lib/python3.7/site-packages/airflow/example_dags/example_trigger_controller_dag.py
[2022-09-10 15:11:14,996] {logging_mixin.py:115} INFO - [2022-09-10 15:11:14,996] {dag.py:2371} INFO - Sync 1 DAGs
[2022-09-10 15:11:15,106] {logging_mixin.py:115} INFO - [2022-09-10 15:11:15,106] {dag.py:2919} INFO - Setting next_dagrun for example_trigger_controller_dag to 2021-01-01T00:00:00+00:00, run_after=2021-01-01T00:00:00+00:00
[2022-09-10 15:11:15,153] {processor.py:161} INFO - Processing /home/airflow/.local/lib/python3.7/site-packages/airflow/example_dags/example_trigger_controller_dag.py took 0.378 seconds
[2022-09-10 15:51:14,412] {processor.py:153} INFO - Started process (PID=8682) to work on /home/airflow/.local/lib/python3.7/site-packages/airflow/example_dags/example_trigger_controller_dag.py
[2022-09-10 15:51:14,428] {processor.py:641} INFO - Processing file /home/airflow/.local/lib/python3.7/site-packages/airflow/example_dags/example_trigger_controller_dag.py for tasks to queue
[2022-09-10 15:51:14,430] {logging_mixin.py:115} INFO - [2022-09-10 15:51:14,430] {dagbag.py:507} INFO - Filling up the DagBag from /home/airflow/.local/lib/python3.7/site-packages/airflow/example_dags/example_trigger_controller_dag.py
[2022-09-10 15:51:14,441] {processor.py:651} INFO - DAG(s) dict_keys(['example_trigger_controller_dag']) retrieved from /home/airflow/.local/lib/python3.7/site-packages/airflow/example_dags/example_trigger_controller_dag.py
[2022-09-10 15:51:14,558] {logging_mixin.py:115} INFO - [2022-09-10 15:51:14,558] {dag.py:2371} INFO - Sync 1 DAGs
[2022-09-10 15:51:14,661] {logging_mixin.py:115} INFO - [2022-09-10 15:51:14,661] {dag.py:2919} INFO - Setting next_dagrun for example_trigger_controller_dag to 2021-01-01T00:00:00+00:00, run_after=2021-01-01T00:00:00+00:00
[2022-09-10 15:51:14,715] {processor.py:161} INFO - Processing /home/airflow/.local/lib/python3.7/site-packages/airflow/example_dags/example_trigger_controller_dag.py took 0.322 seconds
[2022-09-10 17:38:36,795] {processor.py:153} INFO - Started process (PID=8748) to work on /home/airflow/.local/lib/python3.7/site-packages/airflow/example_dags/example_trigger_controller_dag.py
[2022-09-10 17:38:36,797] {processor.py:641} INFO - Processing file /home/airflow/.local/lib/python3.7/site-packages/airflow/example_dags/example_trigger_controller_dag.py for tasks to queue
[2022-09-10 17:38:36,800] {logging_mixin.py:115} INFO - [2022-09-10 17:38:36,800] {dagbag.py:507} INFO - Filling up the DagBag from /home/airflow/.local/lib/python3.7/site-packages/airflow/example_dags/example_trigger_controller_dag.py
[2022-09-10 17:38:36,817] {processor.py:651} INFO - DAG(s) dict_keys(['example_trigger_controller_dag']) retrieved from /home/airflow/.local/lib/python3.7/site-packages/airflow/example_dags/example_trigger_controller_dag.py
[2022-09-10 17:38:36,894] {logging_mixin.py:115} INFO - [2022-09-10 17:38:36,894] {dag.py:2371} INFO - Sync 1 DAGs
[2022-09-10 17:38:36,967] {logging_mixin.py:115} INFO - [2022-09-10 17:38:36,967] {dag.py:2919} INFO - Setting next_dagrun for example_trigger_controller_dag to 2021-01-01T00:00:00+00:00, run_after=2021-01-01T00:00:00+00:00
[2022-09-10 17:38:37,001] {processor.py:161} INFO - Processing /home/airflow/.local/lib/python3.7/site-packages/airflow/example_dags/example_trigger_controller_dag.py took 0.228 seconds
[2022-09-10 17:39:31,716] {processor.py:153} INFO - Started process (PID=8830) to work on /home/airflow/.local/lib/python3.7/site-packages/airflow/example_dags/example_trigger_controller_dag.py
[2022-09-10 17:39:31,728] {processor.py:641} INFO - Processing file /home/airflow/.local/lib/python3.7/site-packages/airflow/example_dags/example_trigger_controller_dag.py for tasks to queue
[2022-09-10 17:39:31,730] {logging_mixin.py:115} INFO - [2022-09-10 17:39:31,730] {dagbag.py:507} INFO - Filling up the DagBag from /home/airflow/.local/lib/python3.7/site-packages/airflow/example_dags/example_trigger_controller_dag.py
[2022-09-10 17:39:31,738] {processor.py:651} INFO - DAG(s) dict_keys(['example_trigger_controller_dag']) retrieved from /home/airflow/.local/lib/python3.7/site-packages/airflow/example_dags/example_trigger_controller_dag.py
[2022-09-10 17:39:31,844] {logging_mixin.py:115} INFO - [2022-09-10 17:39:31,844] {dag.py:2371} INFO - Sync 1 DAGs
[2022-09-10 17:39:31,917] {logging_mixin.py:115} INFO - [2022-09-10 17:39:31,917] {dag.py:2919} INFO - Setting next_dagrun for example_trigger_controller_dag to 2021-01-01T00:00:00+00:00, run_after=2021-01-01T00:00:00+00:00
[2022-09-10 17:39:31,952] {processor.py:161} INFO - Processing /home/airflow/.local/lib/python3.7/site-packages/airflow/example_dags/example_trigger_controller_dag.py took 0.244 seconds
[2022-09-10 18:33:36,910] {processor.py:153} INFO - Started process (PID=8898) to work on /home/airflow/.local/lib/python3.7/site-packages/airflow/example_dags/example_trigger_controller_dag.py
[2022-09-10 18:33:36,914] {processor.py:641} INFO - Processing file /home/airflow/.local/lib/python3.7/site-packages/airflow/example_dags/example_trigger_controller_dag.py for tasks to queue
[2022-09-10 18:33:36,919] {logging_mixin.py:115} INFO - [2022-09-10 18:33:36,919] {dagbag.py:507} INFO - Filling up the DagBag from /home/airflow/.local/lib/python3.7/site-packages/airflow/example_dags/example_trigger_controller_dag.py
[2022-09-10 18:33:36,932] {processor.py:651} INFO - DAG(s) dict_keys(['example_trigger_controller_dag']) retrieved from /home/airflow/.local/lib/python3.7/site-packages/airflow/example_dags/example_trigger_controller_dag.py
[2022-09-10 18:33:37,024] {logging_mixin.py:115} INFO - [2022-09-10 18:33:37,024] {dag.py:2371} INFO - Sync 1 DAGs
[2022-09-10 18:33:37,101] {logging_mixin.py:115} INFO - [2022-09-10 18:33:37,101] {dag.py:2919} INFO - Setting next_dagrun for example_trigger_controller_dag to 2021-01-01T00:00:00+00:00, run_after=2021-01-01T00:00:00+00:00
[2022-09-10 18:33:37,142] {processor.py:161} INFO - Processing /home/airflow/.local/lib/python3.7/site-packages/airflow/example_dags/example_trigger_controller_dag.py took 0.247 seconds
[2022-09-10 19:27:48,465] {processor.py:153} INFO - Started process (PID=8966) to work on /home/airflow/.local/lib/python3.7/site-packages/airflow/example_dags/example_trigger_controller_dag.py
[2022-09-10 19:27:48,486] {processor.py:641} INFO - Processing file /home/airflow/.local/lib/python3.7/site-packages/airflow/example_dags/example_trigger_controller_dag.py for tasks to queue
[2022-09-10 19:27:48,492] {logging_mixin.py:115} INFO - [2022-09-10 19:27:48,492] {dagbag.py:507} INFO - Filling up the DagBag from /home/airflow/.local/lib/python3.7/site-packages/airflow/example_dags/example_trigger_controller_dag.py
[2022-09-10 19:27:48,543] {processor.py:651} INFO - DAG(s) dict_keys(['example_trigger_controller_dag']) retrieved from /home/airflow/.local/lib/python3.7/site-packages/airflow/example_dags/example_trigger_controller_dag.py
[2022-09-10 19:27:48,742] {logging_mixin.py:115} INFO - [2022-09-10 19:27:48,742] {dag.py:2371} INFO - Sync 1 DAGs
[2022-09-10 19:27:48,852] {logging_mixin.py:115} INFO - [2022-09-10 19:27:48,852] {dag.py:2919} INFO - Setting next_dagrun for example_trigger_controller_dag to 2021-01-01T00:00:00+00:00, run_after=2021-01-01T00:00:00+00:00
[2022-09-10 19:27:48,885] {processor.py:161} INFO - Processing /home/airflow/.local/lib/python3.7/site-packages/airflow/example_dags/example_trigger_controller_dag.py took 0.424 seconds
[2022-09-10 20:30:52,243] {processor.py:153} INFO - Started process (PID=9022) to work on /home/airflow/.local/lib/python3.7/site-packages/airflow/example_dags/example_trigger_controller_dag.py
[2022-09-10 20:30:52,262] {processor.py:641} INFO - Processing file /home/airflow/.local/lib/python3.7/site-packages/airflow/example_dags/example_trigger_controller_dag.py for tasks to queue
[2022-09-10 20:30:52,285] {logging_mixin.py:115} INFO - [2022-09-10 20:30:52,284] {dagbag.py:507} INFO - Filling up the DagBag from /home/airflow/.local/lib/python3.7/site-packages/airflow/example_dags/example_trigger_controller_dag.py
[2022-09-10 20:30:52,395] {processor.py:651} INFO - DAG(s) dict_keys(['example_trigger_controller_dag']) retrieved from /home/airflow/.local/lib/python3.7/site-packages/airflow/example_dags/example_trigger_controller_dag.py
[2022-09-10 20:30:52,623] {logging_mixin.py:115} INFO - [2022-09-10 20:30:52,623] {dag.py:2371} INFO - Sync 1 DAGs
[2022-09-10 20:30:52,734] {logging_mixin.py:115} INFO - [2022-09-10 20:30:52,733] {dag.py:2919} INFO - Setting next_dagrun for example_trigger_controller_dag to 2021-01-01T00:00:00+00:00, run_after=2021-01-01T00:00:00+00:00
[2022-09-10 20:30:52,783] {processor.py:161} INFO - Processing /home/airflow/.local/lib/python3.7/site-packages/airflow/example_dags/example_trigger_controller_dag.py took 0.604 seconds
[2022-09-10 20:31:31,751] {processor.py:153} INFO - Started process (PID=9077) to work on /home/airflow/.local/lib/python3.7/site-packages/airflow/example_dags/example_trigger_controller_dag.py
[2022-09-10 20:31:31,756] {processor.py:641} INFO - Processing file /home/airflow/.local/lib/python3.7/site-packages/airflow/example_dags/example_trigger_controller_dag.py for tasks to queue
[2022-09-10 20:31:31,758] {logging_mixin.py:115} INFO - [2022-09-10 20:31:31,758] {dagbag.py:507} INFO - Filling up the DagBag from /home/airflow/.local/lib/python3.7/site-packages/airflow/example_dags/example_trigger_controller_dag.py
[2022-09-10 20:31:31,767] {processor.py:651} INFO - DAG(s) dict_keys(['example_trigger_controller_dag']) retrieved from /home/airflow/.local/lib/python3.7/site-packages/airflow/example_dags/example_trigger_controller_dag.py
[2022-09-10 20:31:31,869] {logging_mixin.py:115} INFO - [2022-09-10 20:31:31,869] {dag.py:2371} INFO - Sync 1 DAGs
[2022-09-10 20:31:31,957] {logging_mixin.py:115} INFO - [2022-09-10 20:31:31,957] {dag.py:2919} INFO - Setting next_dagrun for example_trigger_controller_dag to 2021-01-01T00:00:00+00:00, run_after=2021-01-01T00:00:00+00:00
[2022-09-10 20:31:31,995] {processor.py:161} INFO - Processing /home/airflow/.local/lib/python3.7/site-packages/airflow/example_dags/example_trigger_controller_dag.py took 0.257 seconds
[2022-09-10 20:49:31,201] {processor.py:153} INFO - Started process (PID=9153) to work on /home/airflow/.local/lib/python3.7/site-packages/airflow/example_dags/example_trigger_controller_dag.py
[2022-09-10 20:49:31,207] {processor.py:641} INFO - Processing file /home/airflow/.local/lib/python3.7/site-packages/airflow/example_dags/example_trigger_controller_dag.py for tasks to queue
[2022-09-10 20:49:31,215] {logging_mixin.py:115} INFO - [2022-09-10 20:49:31,214] {dagbag.py:507} INFO - Filling up the DagBag from /home/airflow/.local/lib/python3.7/site-packages/airflow/example_dags/example_trigger_controller_dag.py
[2022-09-10 20:49:31,245] {processor.py:651} INFO - DAG(s) dict_keys(['example_trigger_controller_dag']) retrieved from /home/airflow/.local/lib/python3.7/site-packages/airflow/example_dags/example_trigger_controller_dag.py
[2022-09-10 20:49:31,549] {logging_mixin.py:115} INFO - [2022-09-10 20:49:31,549] {dag.py:2371} INFO - Sync 1 DAGs
[2022-09-10 20:49:32,096] {logging_mixin.py:115} INFO - [2022-09-10 20:49:32,095] {dag.py:2919} INFO - Setting next_dagrun for example_trigger_controller_dag to 2021-01-01T00:00:00+00:00, run_after=2021-01-01T00:00:00+00:00
[2022-09-10 20:49:32,256] {processor.py:161} INFO - Processing /home/airflow/.local/lib/python3.7/site-packages/airflow/example_dags/example_trigger_controller_dag.py took 1.110 seconds
[2022-09-10 20:50:02,436] {processor.py:153} INFO - Started process (PID=9201) to work on /home/airflow/.local/lib/python3.7/site-packages/airflow/example_dags/example_trigger_controller_dag.py
[2022-09-10 20:50:02,438] {processor.py:641} INFO - Processing file /home/airflow/.local/lib/python3.7/site-packages/airflow/example_dags/example_trigger_controller_dag.py for tasks to queue
[2022-09-10 20:50:02,440] {logging_mixin.py:115} INFO - [2022-09-10 20:50:02,440] {dagbag.py:507} INFO - Filling up the DagBag from /home/airflow/.local/lib/python3.7/site-packages/airflow/example_dags/example_trigger_controller_dag.py
[2022-09-10 20:50:02,447] {processor.py:651} INFO - DAG(s) dict_keys(['example_trigger_controller_dag']) retrieved from /home/airflow/.local/lib/python3.7/site-packages/airflow/example_dags/example_trigger_controller_dag.py
[2022-09-10 20:50:02,494] {logging_mixin.py:115} INFO - [2022-09-10 20:50:02,494] {dag.py:2371} INFO - Sync 1 DAGs
[2022-09-10 20:50:02,536] {logging_mixin.py:115} INFO - [2022-09-10 20:50:02,536] {dag.py:2919} INFO - Setting next_dagrun for example_trigger_controller_dag to 2021-01-01T00:00:00+00:00, run_after=2021-01-01T00:00:00+00:00
[2022-09-10 20:50:02,558] {processor.py:161} INFO - Processing /home/airflow/.local/lib/python3.7/site-packages/airflow/example_dags/example_trigger_controller_dag.py took 0.127 seconds
[2022-09-10 21:23:18,285] {processor.py:153} INFO - Started process (PID=9276) to work on /home/airflow/.local/lib/python3.7/site-packages/airflow/example_dags/example_trigger_controller_dag.py
[2022-09-10 21:23:18,291] {processor.py:641} INFO - Processing file /home/airflow/.local/lib/python3.7/site-packages/airflow/example_dags/example_trigger_controller_dag.py for tasks to queue
[2022-09-10 21:23:18,293] {logging_mixin.py:115} INFO - [2022-09-10 21:23:18,293] {dagbag.py:507} INFO - Filling up the DagBag from /home/airflow/.local/lib/python3.7/site-packages/airflow/example_dags/example_trigger_controller_dag.py
[2022-09-10 21:23:18,305] {processor.py:651} INFO - DAG(s) dict_keys(['example_trigger_controller_dag']) retrieved from /home/airflow/.local/lib/python3.7/site-packages/airflow/example_dags/example_trigger_controller_dag.py
[2022-09-10 21:23:18,400] {logging_mixin.py:115} INFO - [2022-09-10 21:23:18,399] {dag.py:2371} INFO - Sync 1 DAGs
[2022-09-10 21:23:18,457] {logging_mixin.py:115} INFO - [2022-09-10 21:23:18,456] {dag.py:2919} INFO - Setting next_dagrun for example_trigger_controller_dag to 2021-01-01T00:00:00+00:00, run_after=2021-01-01T00:00:00+00:00
[2022-09-10 21:23:18,574] {processor.py:161} INFO - Processing /home/airflow/.local/lib/python3.7/site-packages/airflow/example_dags/example_trigger_controller_dag.py took 0.285 seconds
[2022-09-10 21:24:07,524] {processor.py:153} INFO - Started process (PID=9328) to work on /home/airflow/.local/lib/python3.7/site-packages/airflow/example_dags/example_trigger_controller_dag.py
[2022-09-10 21:24:07,525] {processor.py:641} INFO - Processing file /home/airflow/.local/lib/python3.7/site-packages/airflow/example_dags/example_trigger_controller_dag.py for tasks to queue
[2022-09-10 21:24:07,527] {logging_mixin.py:115} INFO - [2022-09-10 21:24:07,527] {dagbag.py:507} INFO - Filling up the DagBag from /home/airflow/.local/lib/python3.7/site-packages/airflow/example_dags/example_trigger_controller_dag.py
[2022-09-10 21:24:07,533] {processor.py:651} INFO - DAG(s) dict_keys(['example_trigger_controller_dag']) retrieved from /home/airflow/.local/lib/python3.7/site-packages/airflow/example_dags/example_trigger_controller_dag.py
[2022-09-10 21:24:07,576] {logging_mixin.py:115} INFO - [2022-09-10 21:24:07,575] {dag.py:2371} INFO - Sync 1 DAGs
[2022-09-10 21:24:07,610] {logging_mixin.py:115} INFO - [2022-09-10 21:24:07,609] {dag.py:2919} INFO - Setting next_dagrun for example_trigger_controller_dag to 2021-01-01T00:00:00+00:00, run_after=2021-01-01T00:00:00+00:00
[2022-09-10 21:24:07,629] {processor.py:161} INFO - Processing /home/airflow/.local/lib/python3.7/site-packages/airflow/example_dags/example_trigger_controller_dag.py took 0.113 seconds
[2022-09-10 21:41:18,683] {processor.py:153} INFO - Started process (PID=9388) to work on /home/airflow/.local/lib/python3.7/site-packages/airflow/example_dags/example_trigger_controller_dag.py
[2022-09-10 21:41:18,693] {processor.py:641} INFO - Processing file /home/airflow/.local/lib/python3.7/site-packages/airflow/example_dags/example_trigger_controller_dag.py for tasks to queue
[2022-09-10 21:41:18,699] {logging_mixin.py:115} INFO - [2022-09-10 21:41:18,699] {dagbag.py:507} INFO - Filling up the DagBag from /home/airflow/.local/lib/python3.7/site-packages/airflow/example_dags/example_trigger_controller_dag.py
[2022-09-10 21:41:18,721] {processor.py:651} INFO - DAG(s) dict_keys(['example_trigger_controller_dag']) retrieved from /home/airflow/.local/lib/python3.7/site-packages/airflow/example_dags/example_trigger_controller_dag.py
[2022-09-10 21:41:19,941] {logging_mixin.py:115} INFO - [2022-09-10 21:41:19,941] {dag.py:2371} INFO - Sync 1 DAGs
[2022-09-10 21:41:20,289] {logging_mixin.py:115} INFO - [2022-09-10 21:41:20,289] {dag.py:2919} INFO - Setting next_dagrun for example_trigger_controller_dag to 2021-01-01T00:00:00+00:00, run_after=2021-01-01T00:00:00+00:00
[2022-09-10 21:41:20,465] {processor.py:161} INFO - Processing /home/airflow/.local/lib/python3.7/site-packages/airflow/example_dags/example_trigger_controller_dag.py took 1.809 seconds
[2022-09-10 22:16:02,149] {processor.py:153} INFO - Started process (PID=9473) to work on /home/airflow/.local/lib/python3.7/site-packages/airflow/example_dags/example_trigger_controller_dag.py
[2022-09-10 22:16:02,151] {processor.py:641} INFO - Processing file /home/airflow/.local/lib/python3.7/site-packages/airflow/example_dags/example_trigger_controller_dag.py for tasks to queue
[2022-09-10 22:16:02,153] {logging_mixin.py:115} INFO - [2022-09-10 22:16:02,153] {dagbag.py:507} INFO - Filling up the DagBag from /home/airflow/.local/lib/python3.7/site-packages/airflow/example_dags/example_trigger_controller_dag.py
[2022-09-10 22:16:02,158] {processor.py:651} INFO - DAG(s) dict_keys(['example_trigger_controller_dag']) retrieved from /home/airflow/.local/lib/python3.7/site-packages/airflow/example_dags/example_trigger_controller_dag.py
[2022-09-10 22:16:02,230] {logging_mixin.py:115} INFO - [2022-09-10 22:16:02,230] {dag.py:2371} INFO - Sync 1 DAGs
[2022-09-10 22:16:02,303] {logging_mixin.py:115} INFO - [2022-09-10 22:16:02,303] {dag.py:2919} INFO - Setting next_dagrun for example_trigger_controller_dag to 2021-01-01T00:00:00+00:00, run_after=2021-01-01T00:00:00+00:00
[2022-09-10 22:16:02,335] {processor.py:161} INFO - Processing /home/airflow/.local/lib/python3.7/site-packages/airflow/example_dags/example_trigger_controller_dag.py took 0.192 seconds
[2022-09-10 22:34:15,430] {processor.py:153} INFO - Started process (PID=9553) to work on /home/airflow/.local/lib/python3.7/site-packages/airflow/example_dags/example_trigger_controller_dag.py
[2022-09-10 22:34:15,436] {processor.py:641} INFO - Processing file /home/airflow/.local/lib/python3.7/site-packages/airflow/example_dags/example_trigger_controller_dag.py for tasks to queue
[2022-09-10 22:34:15,439] {logging_mixin.py:115} INFO - [2022-09-10 22:34:15,439] {dagbag.py:507} INFO - Filling up the DagBag from /home/airflow/.local/lib/python3.7/site-packages/airflow/example_dags/example_trigger_controller_dag.py
[2022-09-10 22:34:15,447] {processor.py:651} INFO - DAG(s) dict_keys(['example_trigger_controller_dag']) retrieved from /home/airflow/.local/lib/python3.7/site-packages/airflow/example_dags/example_trigger_controller_dag.py
[2022-09-10 22:34:15,539] {logging_mixin.py:115} INFO - [2022-09-10 22:34:15,538] {dag.py:2371} INFO - Sync 1 DAGs
[2022-09-10 22:34:15,602] {logging_mixin.py:115} INFO - [2022-09-10 22:34:15,601] {dag.py:2919} INFO - Setting next_dagrun for example_trigger_controller_dag to 2021-01-01T00:00:00+00:00, run_after=2021-01-01T00:00:00+00:00
[2022-09-10 22:34:15,646] {processor.py:161} INFO - Processing /home/airflow/.local/lib/python3.7/site-packages/airflow/example_dags/example_trigger_controller_dag.py took 0.223 seconds
[2022-09-10 22:35:05,900] {processor.py:153} INFO - Started process (PID=9625) to work on /home/airflow/.local/lib/python3.7/site-packages/airflow/example_dags/example_trigger_controller_dag.py
[2022-09-10 22:35:05,905] {processor.py:641} INFO - Processing file /home/airflow/.local/lib/python3.7/site-packages/airflow/example_dags/example_trigger_controller_dag.py for tasks to queue
[2022-09-10 22:35:05,910] {logging_mixin.py:115} INFO - [2022-09-10 22:35:05,910] {dagbag.py:507} INFO - Filling up the DagBag from /home/airflow/.local/lib/python3.7/site-packages/airflow/example_dags/example_trigger_controller_dag.py
[2022-09-10 22:35:05,932] {processor.py:651} INFO - DAG(s) dict_keys(['example_trigger_controller_dag']) retrieved from /home/airflow/.local/lib/python3.7/site-packages/airflow/example_dags/example_trigger_controller_dag.py
[2022-09-10 22:35:06,104] {logging_mixin.py:115} INFO - [2022-09-10 22:35:06,104] {dag.py:2371} INFO - Sync 1 DAGs
[2022-09-10 22:35:06,243] {logging_mixin.py:115} INFO - [2022-09-10 22:35:06,243] {dag.py:2919} INFO - Setting next_dagrun for example_trigger_controller_dag to 2021-01-01T00:00:00+00:00, run_after=2021-01-01T00:00:00+00:00
[2022-09-10 22:35:06,328] {processor.py:161} INFO - Processing /home/airflow/.local/lib/python3.7/site-packages/airflow/example_dags/example_trigger_controller_dag.py took 0.451 seconds
[2022-09-10 23:13:15,735] {processor.py:153} INFO - Started process (PID=9697) to work on /home/airflow/.local/lib/python3.7/site-packages/airflow/example_dags/example_trigger_controller_dag.py
[2022-09-10 23:13:15,745] {processor.py:641} INFO - Processing file /home/airflow/.local/lib/python3.7/site-packages/airflow/example_dags/example_trigger_controller_dag.py for tasks to queue
[2022-09-10 23:13:15,762] {logging_mixin.py:115} INFO - [2022-09-10 23:13:15,761] {dagbag.py:507} INFO - Filling up the DagBag from /home/airflow/.local/lib/python3.7/site-packages/airflow/example_dags/example_trigger_controller_dag.py
[2022-09-10 23:13:15,786] {processor.py:651} INFO - DAG(s) dict_keys(['example_trigger_controller_dag']) retrieved from /home/airflow/.local/lib/python3.7/site-packages/airflow/example_dags/example_trigger_controller_dag.py
[2022-09-10 23:13:16,091] {logging_mixin.py:115} INFO - [2022-09-10 23:13:16,091] {dag.py:2371} INFO - Sync 1 DAGs
[2022-09-10 23:13:16,315] {logging_mixin.py:115} INFO - [2022-09-10 23:13:16,315] {dag.py:2919} INFO - Setting next_dagrun for example_trigger_controller_dag to 2021-01-01T00:00:00+00:00, run_after=2021-01-01T00:00:00+00:00
[2022-09-10 23:13:16,448] {processor.py:161} INFO - Processing /home/airflow/.local/lib/python3.7/site-packages/airflow/example_dags/example_trigger_controller_dag.py took 0.769 seconds
[2022-09-10 23:13:47,210] {processor.py:153} INFO - Started process (PID=9756) to work on /home/airflow/.local/lib/python3.7/site-packages/airflow/example_dags/example_trigger_controller_dag.py
[2022-09-10 23:13:47,213] {processor.py:641} INFO - Processing file /home/airflow/.local/lib/python3.7/site-packages/airflow/example_dags/example_trigger_controller_dag.py for tasks to queue
[2022-09-10 23:13:47,216] {logging_mixin.py:115} INFO - [2022-09-10 23:13:47,216] {dagbag.py:507} INFO - Filling up the DagBag from /home/airflow/.local/lib/python3.7/site-packages/airflow/example_dags/example_trigger_controller_dag.py
[2022-09-10 23:13:47,224] {processor.py:651} INFO - DAG(s) dict_keys(['example_trigger_controller_dag']) retrieved from /home/airflow/.local/lib/python3.7/site-packages/airflow/example_dags/example_trigger_controller_dag.py
[2022-09-10 23:13:47,282] {logging_mixin.py:115} INFO - [2022-09-10 23:13:47,282] {dag.py:2371} INFO - Sync 1 DAGs
[2022-09-10 23:13:47,324] {logging_mixin.py:115} INFO - [2022-09-10 23:13:47,324] {dag.py:2919} INFO - Setting next_dagrun for example_trigger_controller_dag to 2021-01-01T00:00:00+00:00, run_after=2021-01-01T00:00:00+00:00
[2022-09-10 23:13:47,349] {processor.py:161} INFO - Processing /home/airflow/.local/lib/python3.7/site-packages/airflow/example_dags/example_trigger_controller_dag.py took 0.147 seconds
[2022-09-10 23:14:17,481] {processor.py:153} INFO - Started process (PID=9811) to work on /home/airflow/.local/lib/python3.7/site-packages/airflow/example_dags/example_trigger_controller_dag.py
[2022-09-10 23:14:17,484] {processor.py:641} INFO - Processing file /home/airflow/.local/lib/python3.7/site-packages/airflow/example_dags/example_trigger_controller_dag.py for tasks to queue
[2022-09-10 23:14:17,487] {logging_mixin.py:115} INFO - [2022-09-10 23:14:17,487] {dagbag.py:507} INFO - Filling up the DagBag from /home/airflow/.local/lib/python3.7/site-packages/airflow/example_dags/example_trigger_controller_dag.py
[2022-09-10 23:14:17,496] {processor.py:651} INFO - DAG(s) dict_keys(['example_trigger_controller_dag']) retrieved from /home/airflow/.local/lib/python3.7/site-packages/airflow/example_dags/example_trigger_controller_dag.py
[2022-09-10 23:14:17,545] {logging_mixin.py:115} INFO - [2022-09-10 23:14:17,545] {dag.py:2371} INFO - Sync 1 DAGs
[2022-09-10 23:14:17,589] {logging_mixin.py:115} INFO - [2022-09-10 23:14:17,589] {dag.py:2919} INFO - Setting next_dagrun for example_trigger_controller_dag to 2021-01-01T00:00:00+00:00, run_after=2021-01-01T00:00:00+00:00
[2022-09-10 23:14:17,609] {processor.py:161} INFO - Processing /home/airflow/.local/lib/python3.7/site-packages/airflow/example_dags/example_trigger_controller_dag.py took 0.139 seconds
[2022-09-10 23:14:48,126] {processor.py:153} INFO - Started process (PID=9878) to work on /home/airflow/.local/lib/python3.7/site-packages/airflow/example_dags/example_trigger_controller_dag.py
[2022-09-10 23:14:48,130] {processor.py:641} INFO - Processing file /home/airflow/.local/lib/python3.7/site-packages/airflow/example_dags/example_trigger_controller_dag.py for tasks to queue
[2022-09-10 23:14:48,132] {logging_mixin.py:115} INFO - [2022-09-10 23:14:48,132] {dagbag.py:507} INFO - Filling up the DagBag from /home/airflow/.local/lib/python3.7/site-packages/airflow/example_dags/example_trigger_controller_dag.py
[2022-09-10 23:14:48,140] {processor.py:651} INFO - DAG(s) dict_keys(['example_trigger_controller_dag']) retrieved from /home/airflow/.local/lib/python3.7/site-packages/airflow/example_dags/example_trigger_controller_dag.py
[2022-09-10 23:14:48,206] {logging_mixin.py:115} INFO - [2022-09-10 23:14:48,206] {dag.py:2371} INFO - Sync 1 DAGs
[2022-09-10 23:14:48,254] {logging_mixin.py:115} INFO - [2022-09-10 23:14:48,254] {dag.py:2919} INFO - Setting next_dagrun for example_trigger_controller_dag to 2021-01-01T00:00:00+00:00, run_after=2021-01-01T00:00:00+00:00
[2022-09-10 23:14:48,285] {processor.py:161} INFO - Processing /home/airflow/.local/lib/python3.7/site-packages/airflow/example_dags/example_trigger_controller_dag.py took 0.167 seconds
