[2022-09-10 00:12:38,478] {processor.py:153} INFO - Started process (PID=7167) to work on /home/airflow/.local/lib/python3.7/site-packages/airflow/example_dags/example_branch_operator_decorator.py
[2022-09-10 00:12:38,503] {processor.py:641} INFO - Processing file /home/airflow/.local/lib/python3.7/site-packages/airflow/example_dags/example_branch_operator_decorator.py for tasks to queue
[2022-09-10 00:12:38,505] {logging_mixin.py:115} INFO - [2022-09-10 00:12:38,505] {dagbag.py:507} INFO - Filling up the DagBag from /home/airflow/.local/lib/python3.7/site-packages/airflow/example_dags/example_branch_operator_decorator.py
[2022-09-10 00:12:38,723] {processor.py:651} INFO - DAG(s) dict_keys(['example_branch_python_operator_decorator']) retrieved from /home/airflow/.local/lib/python3.7/site-packages/airflow/example_dags/example_branch_operator_decorator.py
[2022-09-10 00:12:38,928] {logging_mixin.py:115} INFO - [2022-09-10 00:12:38,927] {dag.py:2371} INFO - Sync 1 DAGs
[2022-09-10 00:12:39,167] {logging_mixin.py:115} INFO - [2022-09-10 00:12:39,167] {dag.py:2919} INFO - Setting next_dagrun for example_branch_python_operator_decorator to 2022-09-09T00:00:00+00:00, run_after=2022-09-10T00:00:00+00:00
[2022-09-10 00:12:39,253] {processor.py:161} INFO - Processing /home/airflow/.local/lib/python3.7/site-packages/airflow/example_dags/example_branch_operator_decorator.py took 0.781 seconds
[2022-09-10 00:29:13,609] {processor.py:153} INFO - Started process (PID=7236) to work on /home/airflow/.local/lib/python3.7/site-packages/airflow/example_dags/example_branch_operator_decorator.py
[2022-09-10 00:29:13,614] {processor.py:641} INFO - Processing file /home/airflow/.local/lib/python3.7/site-packages/airflow/example_dags/example_branch_operator_decorator.py for tasks to queue
[2022-09-10 00:29:13,622] {logging_mixin.py:115} INFO - [2022-09-10 00:29:13,621] {dagbag.py:507} INFO - Filling up the DagBag from /home/airflow/.local/lib/python3.7/site-packages/airflow/example_dags/example_branch_operator_decorator.py
[2022-09-10 00:29:13,784] {processor.py:651} INFO - DAG(s) dict_keys(['example_branch_python_operator_decorator']) retrieved from /home/airflow/.local/lib/python3.7/site-packages/airflow/example_dags/example_branch_operator_decorator.py
[2022-09-10 00:29:14,039] {logging_mixin.py:115} INFO - [2022-09-10 00:29:14,039] {dag.py:2371} INFO - Sync 1 DAGs
[2022-09-10 00:29:14,144] {logging_mixin.py:115} INFO - [2022-09-10 00:29:14,144] {dag.py:2919} INFO - Setting next_dagrun for example_branch_python_operator_decorator to 2022-09-09T00:00:00+00:00, run_after=2022-09-10T00:00:00+00:00
[2022-09-10 00:29:14,195] {processor.py:161} INFO - Processing /home/airflow/.local/lib/python3.7/site-packages/airflow/example_dags/example_branch_operator_decorator.py took 0.601 seconds
[2022-09-10 02:01:40,611] {processor.py:153} INFO - Started process (PID=7292) to work on /home/airflow/.local/lib/python3.7/site-packages/airflow/example_dags/example_branch_operator_decorator.py
[2022-09-10 02:01:40,621] {processor.py:641} INFO - Processing file /home/airflow/.local/lib/python3.7/site-packages/airflow/example_dags/example_branch_operator_decorator.py for tasks to queue
[2022-09-10 02:01:40,622] {logging_mixin.py:115} INFO - [2022-09-10 02:01:40,622] {dagbag.py:507} INFO - Filling up the DagBag from /home/airflow/.local/lib/python3.7/site-packages/airflow/example_dags/example_branch_operator_decorator.py
[2022-09-10 02:01:40,726] {processor.py:651} INFO - DAG(s) dict_keys(['example_branch_python_operator_decorator']) retrieved from /home/airflow/.local/lib/python3.7/site-packages/airflow/example_dags/example_branch_operator_decorator.py
[2022-09-10 02:01:40,867] {logging_mixin.py:115} INFO - [2022-09-10 02:01:40,867] {dag.py:2371} INFO - Sync 1 DAGs
[2022-09-10 02:01:40,938] {logging_mixin.py:115} INFO - [2022-09-10 02:01:40,938] {dag.py:2919} INFO - Setting next_dagrun for example_branch_python_operator_decorator to 2022-09-09T00:00:00+00:00, run_after=2022-09-10T00:00:00+00:00
[2022-09-10 02:01:40,994] {processor.py:161} INFO - Processing /home/airflow/.local/lib/python3.7/site-packages/airflow/example_dags/example_branch_operator_decorator.py took 0.399 seconds
[2022-09-10 02:02:34,972] {processor.py:153} INFO - Started process (PID=7361) to work on /home/airflow/.local/lib/python3.7/site-packages/airflow/example_dags/example_branch_operator_decorator.py
[2022-09-10 02:02:34,979] {processor.py:641} INFO - Processing file /home/airflow/.local/lib/python3.7/site-packages/airflow/example_dags/example_branch_operator_decorator.py for tasks to queue
[2022-09-10 02:02:34,983] {logging_mixin.py:115} INFO - [2022-09-10 02:02:34,983] {dagbag.py:507} INFO - Filling up the DagBag from /home/airflow/.local/lib/python3.7/site-packages/airflow/example_dags/example_branch_operator_decorator.py
[2022-09-10 02:02:35,069] {processor.py:651} INFO - DAG(s) dict_keys(['example_branch_python_operator_decorator']) retrieved from /home/airflow/.local/lib/python3.7/site-packages/airflow/example_dags/example_branch_operator_decorator.py
[2022-09-10 02:02:35,172] {logging_mixin.py:115} INFO - [2022-09-10 02:02:35,172] {dag.py:2371} INFO - Sync 1 DAGs
[2022-09-10 02:02:35,285] {logging_mixin.py:115} INFO - [2022-09-10 02:02:35,282] {dag.py:2919} INFO - Setting next_dagrun for example_branch_python_operator_decorator to 2022-09-09T00:00:00+00:00, run_after=2022-09-10T00:00:00+00:00
[2022-09-10 02:02:35,350] {processor.py:161} INFO - Processing /home/airflow/.local/lib/python3.7/site-packages/airflow/example_dags/example_branch_operator_decorator.py took 0.390 seconds
[2022-09-10 02:56:34,833] {processor.py:153} INFO - Started process (PID=7411) to work on /home/airflow/.local/lib/python3.7/site-packages/airflow/example_dags/example_branch_operator_decorator.py
[2022-09-10 02:56:34,847] {processor.py:641} INFO - Processing file /home/airflow/.local/lib/python3.7/site-packages/airflow/example_dags/example_branch_operator_decorator.py for tasks to queue
[2022-09-10 02:56:34,849] {logging_mixin.py:115} INFO - [2022-09-10 02:56:34,849] {dagbag.py:507} INFO - Filling up the DagBag from /home/airflow/.local/lib/python3.7/site-packages/airflow/example_dags/example_branch_operator_decorator.py
[2022-09-10 02:56:35,151] {processor.py:651} INFO - DAG(s) dict_keys(['example_branch_python_operator_decorator']) retrieved from /home/airflow/.local/lib/python3.7/site-packages/airflow/example_dags/example_branch_operator_decorator.py
[2022-09-10 02:56:35,308] {logging_mixin.py:115} INFO - [2022-09-10 02:56:35,308] {dag.py:2371} INFO - Sync 1 DAGs
[2022-09-10 02:56:35,527] {logging_mixin.py:115} INFO - [2022-09-10 02:56:35,527] {dag.py:2919} INFO - Setting next_dagrun for example_branch_python_operator_decorator to 2022-09-09T00:00:00+00:00, run_after=2022-09-10T00:00:00+00:00
[2022-09-10 02:56:35,609] {processor.py:161} INFO - Processing /home/airflow/.local/lib/python3.7/site-packages/airflow/example_dags/example_branch_operator_decorator.py took 0.796 seconds
[2022-09-10 03:50:49,860] {processor.py:153} INFO - Started process (PID=7497) to work on /home/airflow/.local/lib/python3.7/site-packages/airflow/example_dags/example_branch_operator_decorator.py
[2022-09-10 03:50:49,862] {processor.py:641} INFO - Processing file /home/airflow/.local/lib/python3.7/site-packages/airflow/example_dags/example_branch_operator_decorator.py for tasks to queue
[2022-09-10 03:50:49,864] {logging_mixin.py:115} INFO - [2022-09-10 03:50:49,863] {dagbag.py:507} INFO - Filling up the DagBag from /home/airflow/.local/lib/python3.7/site-packages/airflow/example_dags/example_branch_operator_decorator.py
[2022-09-10 03:50:49,953] {processor.py:651} INFO - DAG(s) dict_keys(['example_branch_python_operator_decorator']) retrieved from /home/airflow/.local/lib/python3.7/site-packages/airflow/example_dags/example_branch_operator_decorator.py
[2022-09-10 03:50:50,078] {logging_mixin.py:115} INFO - [2022-09-10 03:50:50,078] {dag.py:2371} INFO - Sync 1 DAGs
[2022-09-10 03:50:50,185] {logging_mixin.py:115} INFO - [2022-09-10 03:50:50,185] {dag.py:2919} INFO - Setting next_dagrun for example_branch_python_operator_decorator to 2022-09-09T00:00:00+00:00, run_after=2022-09-10T00:00:00+00:00
[2022-09-10 03:50:50,221] {processor.py:161} INFO - Processing /home/airflow/.local/lib/python3.7/site-packages/airflow/example_dags/example_branch_operator_decorator.py took 0.374 seconds
[2022-09-10 04:44:59,143] {processor.py:153} INFO - Started process (PID=7566) to work on /home/airflow/.local/lib/python3.7/site-packages/airflow/example_dags/example_branch_operator_decorator.py
[2022-09-10 04:44:59,149] {processor.py:641} INFO - Processing file /home/airflow/.local/lib/python3.7/site-packages/airflow/example_dags/example_branch_operator_decorator.py for tasks to queue
[2022-09-10 04:44:59,167] {logging_mixin.py:115} INFO - [2022-09-10 04:44:59,167] {dagbag.py:507} INFO - Filling up the DagBag from /home/airflow/.local/lib/python3.7/site-packages/airflow/example_dags/example_branch_operator_decorator.py
[2022-09-10 04:44:59,343] {processor.py:651} INFO - DAG(s) dict_keys(['example_branch_python_operator_decorator']) retrieved from /home/airflow/.local/lib/python3.7/site-packages/airflow/example_dags/example_branch_operator_decorator.py
[2022-09-10 04:44:59,457] {logging_mixin.py:115} INFO - [2022-09-10 04:44:59,456] {dag.py:2371} INFO - Sync 1 DAGs
[2022-09-10 04:44:59,606] {logging_mixin.py:115} INFO - [2022-09-10 04:44:59,606] {dag.py:2919} INFO - Setting next_dagrun for example_branch_python_operator_decorator to 2022-09-09T00:00:00+00:00, run_after=2022-09-10T00:00:00+00:00
[2022-09-10 04:44:59,664] {processor.py:161} INFO - Processing /home/airflow/.local/lib/python3.7/site-packages/airflow/example_dags/example_branch_operator_decorator.py took 0.600 seconds
[2022-09-10 05:11:31,663] {processor.py:153} INFO - Started process (PID=7631) to work on /home/airflow/.local/lib/python3.7/site-packages/airflow/example_dags/example_branch_operator_decorator.py
[2022-09-10 05:11:31,665] {processor.py:641} INFO - Processing file /home/airflow/.local/lib/python3.7/site-packages/airflow/example_dags/example_branch_operator_decorator.py for tasks to queue
[2022-09-10 05:11:31,666] {logging_mixin.py:115} INFO - [2022-09-10 05:11:31,666] {dagbag.py:507} INFO - Filling up the DagBag from /home/airflow/.local/lib/python3.7/site-packages/airflow/example_dags/example_branch_operator_decorator.py
[2022-09-10 05:11:31,705] {processor.py:651} INFO - DAG(s) dict_keys(['example_branch_python_operator_decorator']) retrieved from /home/airflow/.local/lib/python3.7/site-packages/airflow/example_dags/example_branch_operator_decorator.py
[2022-09-10 05:11:31,775] {logging_mixin.py:115} INFO - [2022-09-10 05:11:31,775] {dag.py:2371} INFO - Sync 1 DAGs
[2022-09-10 05:11:31,819] {logging_mixin.py:115} INFO - [2022-09-10 05:11:31,819] {dag.py:2919} INFO - Setting next_dagrun for example_branch_python_operator_decorator to 2022-09-09T00:00:00+00:00, run_after=2022-09-10T00:00:00+00:00
[2022-09-10 05:11:31,850] {processor.py:161} INFO - Processing /home/airflow/.local/lib/python3.7/site-packages/airflow/example_dags/example_branch_operator_decorator.py took 0.192 seconds
[2022-09-10 05:12:24,248] {processor.py:153} INFO - Started process (PID=7697) to work on /home/airflow/.local/lib/python3.7/site-packages/airflow/example_dags/example_branch_operator_decorator.py
[2022-09-10 05:12:24,264] {processor.py:641} INFO - Processing file /home/airflow/.local/lib/python3.7/site-packages/airflow/example_dags/example_branch_operator_decorator.py for tasks to queue
[2022-09-10 05:12:24,266] {logging_mixin.py:115} INFO - [2022-09-10 05:12:24,266] {dagbag.py:507} INFO - Filling up the DagBag from /home/airflow/.local/lib/python3.7/site-packages/airflow/example_dags/example_branch_operator_decorator.py
[2022-09-10 05:12:24,380] {processor.py:651} INFO - DAG(s) dict_keys(['example_branch_python_operator_decorator']) retrieved from /home/airflow/.local/lib/python3.7/site-packages/airflow/example_dags/example_branch_operator_decorator.py
[2022-09-10 05:12:24,586] {logging_mixin.py:115} INFO - [2022-09-10 05:12:24,586] {dag.py:2371} INFO - Sync 1 DAGs
[2022-09-10 05:12:24,729] {logging_mixin.py:115} INFO - [2022-09-10 05:12:24,729] {dag.py:2919} INFO - Setting next_dagrun for example_branch_python_operator_decorator to 2022-09-09T00:00:00+00:00, run_after=2022-09-10T00:00:00+00:00
[2022-09-10 05:12:24,773] {processor.py:161} INFO - Processing /home/airflow/.local/lib/python3.7/site-packages/airflow/example_dags/example_branch_operator_decorator.py took 0.533 seconds
[2022-09-10 05:51:08,820] {processor.py:153} INFO - Started process (PID=7748) to work on /home/airflow/.local/lib/python3.7/site-packages/airflow/example_dags/example_branch_operator_decorator.py
[2022-09-10 05:51:08,822] {processor.py:641} INFO - Processing file /home/airflow/.local/lib/python3.7/site-packages/airflow/example_dags/example_branch_operator_decorator.py for tasks to queue
[2022-09-10 05:51:08,827] {logging_mixin.py:115} INFO - [2022-09-10 05:51:08,826] {dagbag.py:507} INFO - Filling up the DagBag from /home/airflow/.local/lib/python3.7/site-packages/airflow/example_dags/example_branch_operator_decorator.py
[2022-09-10 05:51:08,877] {processor.py:651} INFO - DAG(s) dict_keys(['example_branch_python_operator_decorator']) retrieved from /home/airflow/.local/lib/python3.7/site-packages/airflow/example_dags/example_branch_operator_decorator.py
[2022-09-10 05:51:08,970] {logging_mixin.py:115} INFO - [2022-09-10 05:51:08,969] {dag.py:2371} INFO - Sync 1 DAGs
[2022-09-10 05:51:09,079] {logging_mixin.py:115} INFO - [2022-09-10 05:51:09,079] {dag.py:2919} INFO - Setting next_dagrun for example_branch_python_operator_decorator to 2022-09-09T00:00:00+00:00, run_after=2022-09-10T00:00:00+00:00
[2022-09-10 05:51:09,164] {processor.py:161} INFO - Processing /home/airflow/.local/lib/python3.7/site-packages/airflow/example_dags/example_branch_operator_decorator.py took 0.351 seconds
[2022-09-10 06:45:20,438] {processor.py:153} INFO - Started process (PID=7816) to work on /home/airflow/.local/lib/python3.7/site-packages/airflow/example_dags/example_branch_operator_decorator.py
[2022-09-10 06:45:20,445] {processor.py:641} INFO - Processing file /home/airflow/.local/lib/python3.7/site-packages/airflow/example_dags/example_branch_operator_decorator.py for tasks to queue
[2022-09-10 06:45:20,447] {logging_mixin.py:115} INFO - [2022-09-10 06:45:20,447] {dagbag.py:507} INFO - Filling up the DagBag from /home/airflow/.local/lib/python3.7/site-packages/airflow/example_dags/example_branch_operator_decorator.py
[2022-09-10 06:45:20,575] {processor.py:651} INFO - DAG(s) dict_keys(['example_branch_python_operator_decorator']) retrieved from /home/airflow/.local/lib/python3.7/site-packages/airflow/example_dags/example_branch_operator_decorator.py
[2022-09-10 06:45:20,759] {logging_mixin.py:115} INFO - [2022-09-10 06:45:20,759] {dag.py:2371} INFO - Sync 1 DAGs
[2022-09-10 06:45:20,904] {logging_mixin.py:115} INFO - [2022-09-10 06:45:20,904] {dag.py:2919} INFO - Setting next_dagrun for example_branch_python_operator_decorator to 2022-09-09T00:00:00+00:00, run_after=2022-09-10T00:00:00+00:00
[2022-09-10 06:45:20,999] {processor.py:161} INFO - Processing /home/airflow/.local/lib/python3.7/site-packages/airflow/example_dags/example_branch_operator_decorator.py took 0.583 seconds
[2022-09-10 08:32:44,454] {processor.py:153} INFO - Started process (PID=7880) to work on /home/airflow/.local/lib/python3.7/site-packages/airflow/example_dags/example_branch_operator_decorator.py
[2022-09-10 08:32:44,845] {processor.py:641} INFO - Processing file /home/airflow/.local/lib/python3.7/site-packages/airflow/example_dags/example_branch_operator_decorator.py for tasks to queue
[2022-09-10 08:32:45,266] {logging_mixin.py:115} INFO - [2022-09-10 08:32:45,238] {dagbag.py:507} INFO - Filling up the DagBag from /home/airflow/.local/lib/python3.7/site-packages/airflow/example_dags/example_branch_operator_decorator.py
[2022-09-10 08:32:49,487] {processor.py:651} INFO - DAG(s) dict_keys(['example_branch_python_operator_decorator']) retrieved from /home/airflow/.local/lib/python3.7/site-packages/airflow/example_dags/example_branch_operator_decorator.py
[2022-09-10 08:32:56,955] {logging_mixin.py:115} INFO - [2022-09-10 08:32:56,786] {dag.py:2371} INFO - Sync 1 DAGs
[2022-09-10 08:33:04,275] {logging_mixin.py:115} INFO - [2022-09-10 08:33:04,231] {dag.py:2919} INFO - Setting next_dagrun for example_branch_python_operator_decorator to 2022-09-09T00:00:00+00:00, run_after=2022-09-10T00:00:00+00:00
[2022-09-10 08:33:09,010] {processor.py:161} INFO - Processing /home/airflow/.local/lib/python3.7/site-packages/airflow/example_dags/example_branch_operator_decorator.py took 24.975 seconds
[2022-09-10 09:23:03,511] {processor.py:153} INFO - Started process (PID=7964) to work on /home/airflow/.local/lib/python3.7/site-packages/airflow/example_dags/example_branch_operator_decorator.py
[2022-09-10 09:23:03,517] {processor.py:641} INFO - Processing file /home/airflow/.local/lib/python3.7/site-packages/airflow/example_dags/example_branch_operator_decorator.py for tasks to queue
[2022-09-10 09:23:03,529] {logging_mixin.py:115} INFO - [2022-09-10 09:23:03,529] {dagbag.py:507} INFO - Filling up the DagBag from /home/airflow/.local/lib/python3.7/site-packages/airflow/example_dags/example_branch_operator_decorator.py
[2022-09-10 09:23:03,642] {processor.py:651} INFO - DAG(s) dict_keys(['example_branch_python_operator_decorator']) retrieved from /home/airflow/.local/lib/python3.7/site-packages/airflow/example_dags/example_branch_operator_decorator.py
[2022-09-10 09:23:03,875] {logging_mixin.py:115} INFO - [2022-09-10 09:23:03,875] {dag.py:2371} INFO - Sync 1 DAGs
[2022-09-10 09:23:04,003] {logging_mixin.py:115} INFO - [2022-09-10 09:23:04,002] {dag.py:2919} INFO - Setting next_dagrun for example_branch_python_operator_decorator to 2022-09-09T00:00:00+00:00, run_after=2022-09-10T00:00:00+00:00
[2022-09-10 09:23:04,140] {processor.py:161} INFO - Processing /home/airflow/.local/lib/python3.7/site-packages/airflow/example_dags/example_branch_operator_decorator.py took 0.648 seconds
[2022-09-10 10:17:20,408] {processor.py:153} INFO - Started process (PID=8043) to work on /home/airflow/.local/lib/python3.7/site-packages/airflow/example_dags/example_branch_operator_decorator.py
[2022-09-10 10:17:20,419] {processor.py:641} INFO - Processing file /home/airflow/.local/lib/python3.7/site-packages/airflow/example_dags/example_branch_operator_decorator.py for tasks to queue
[2022-09-10 10:17:20,421] {logging_mixin.py:115} INFO - [2022-09-10 10:17:20,420] {dagbag.py:507} INFO - Filling up the DagBag from /home/airflow/.local/lib/python3.7/site-packages/airflow/example_dags/example_branch_operator_decorator.py
[2022-09-10 10:17:20,496] {processor.py:651} INFO - DAG(s) dict_keys(['example_branch_python_operator_decorator']) retrieved from /home/airflow/.local/lib/python3.7/site-packages/airflow/example_dags/example_branch_operator_decorator.py
[2022-09-10 10:17:20,617] {logging_mixin.py:115} INFO - [2022-09-10 10:17:20,617] {dag.py:2371} INFO - Sync 1 DAGs
[2022-09-10 10:17:20,766] {logging_mixin.py:115} INFO - [2022-09-10 10:17:20,766] {dag.py:2919} INFO - Setting next_dagrun for example_branch_python_operator_decorator to 2022-09-09T00:00:00+00:00, run_after=2022-09-10T00:00:00+00:00
[2022-09-10 10:17:20,812] {processor.py:161} INFO - Processing /home/airflow/.local/lib/python3.7/site-packages/airflow/example_dags/example_branch_operator_decorator.py took 0.410 seconds
[2022-09-10 11:16:17,015] {processor.py:153} INFO - Started process (PID=8097) to work on /home/airflow/.local/lib/python3.7/site-packages/airflow/example_dags/example_branch_operator_decorator.py
[2022-09-10 11:16:17,019] {processor.py:641} INFO - Processing file /home/airflow/.local/lib/python3.7/site-packages/airflow/example_dags/example_branch_operator_decorator.py for tasks to queue
[2022-09-10 11:16:17,023] {logging_mixin.py:115} INFO - [2022-09-10 11:16:17,022] {dagbag.py:507} INFO - Filling up the DagBag from /home/airflow/.local/lib/python3.7/site-packages/airflow/example_dags/example_branch_operator_decorator.py
[2022-09-10 11:16:17,106] {processor.py:651} INFO - DAG(s) dict_keys(['example_branch_python_operator_decorator']) retrieved from /home/airflow/.local/lib/python3.7/site-packages/airflow/example_dags/example_branch_operator_decorator.py
[2022-09-10 11:16:17,258] {logging_mixin.py:115} INFO - [2022-09-10 11:16:17,257] {dag.py:2371} INFO - Sync 1 DAGs
[2022-09-10 11:16:17,362] {logging_mixin.py:115} INFO - [2022-09-10 11:16:17,358] {dag.py:2919} INFO - Setting next_dagrun for example_branch_python_operator_decorator to 2022-09-09T00:00:00+00:00, run_after=2022-09-10T00:00:00+00:00
[2022-09-10 11:16:17,432] {processor.py:161} INFO - Processing /home/airflow/.local/lib/python3.7/site-packages/airflow/example_dags/example_branch_operator_decorator.py took 0.430 seconds
[2022-09-10 12:05:14,250] {processor.py:153} INFO - Started process (PID=8162) to work on /home/airflow/.local/lib/python3.7/site-packages/airflow/example_dags/example_branch_operator_decorator.py
[2022-09-10 12:05:14,256] {processor.py:641} INFO - Processing file /home/airflow/.local/lib/python3.7/site-packages/airflow/example_dags/example_branch_operator_decorator.py for tasks to queue
[2022-09-10 12:05:14,264] {logging_mixin.py:115} INFO - [2022-09-10 12:05:14,264] {dagbag.py:507} INFO - Filling up the DagBag from /home/airflow/.local/lib/python3.7/site-packages/airflow/example_dags/example_branch_operator_decorator.py
[2022-09-10 12:05:14,308] {processor.py:651} INFO - DAG(s) dict_keys(['example_branch_python_operator_decorator']) retrieved from /home/airflow/.local/lib/python3.7/site-packages/airflow/example_dags/example_branch_operator_decorator.py
[2022-09-10 12:05:14,526] {logging_mixin.py:115} INFO - [2022-09-10 12:05:14,525] {dag.py:2371} INFO - Sync 1 DAGs
[2022-09-10 12:05:14,632] {logging_mixin.py:115} INFO - [2022-09-10 12:05:14,632] {dag.py:2919} INFO - Setting next_dagrun for example_branch_python_operator_decorator to 2022-09-09T00:00:00+00:00, run_after=2022-09-10T00:00:00+00:00
[2022-09-10 12:05:14,675] {processor.py:161} INFO - Processing /home/airflow/.local/lib/python3.7/site-packages/airflow/example_dags/example_branch_operator_decorator.py took 0.436 seconds
[2022-09-10 12:06:30,283] {processor.py:153} INFO - Started process (PID=8240) to work on /home/airflow/.local/lib/python3.7/site-packages/airflow/example_dags/example_branch_operator_decorator.py
[2022-09-10 12:06:30,305] {processor.py:641} INFO - Processing file /home/airflow/.local/lib/python3.7/site-packages/airflow/example_dags/example_branch_operator_decorator.py for tasks to queue
[2022-09-10 12:06:30,314] {logging_mixin.py:115} INFO - [2022-09-10 12:06:30,314] {dagbag.py:507} INFO - Filling up the DagBag from /home/airflow/.local/lib/python3.7/site-packages/airflow/example_dags/example_branch_operator_decorator.py
[2022-09-10 12:06:30,735] {processor.py:651} INFO - DAG(s) dict_keys(['example_branch_python_operator_decorator']) retrieved from /home/airflow/.local/lib/python3.7/site-packages/airflow/example_dags/example_branch_operator_decorator.py
[2022-09-10 12:06:31,973] {logging_mixin.py:115} INFO - [2022-09-10 12:06:31,973] {dag.py:2371} INFO - Sync 1 DAGs
[2022-09-10 12:06:32,611] {logging_mixin.py:115} INFO - [2022-09-10 12:06:32,611] {dag.py:2919} INFO - Setting next_dagrun for example_branch_python_operator_decorator to 2022-09-09T00:00:00+00:00, run_after=2022-09-10T00:00:00+00:00
[2022-09-10 12:06:32,715] {processor.py:161} INFO - Processing /home/airflow/.local/lib/python3.7/site-packages/airflow/example_dags/example_branch_operator_decorator.py took 2.465 seconds
[2022-09-10 12:07:04,502] {processor.py:153} INFO - Started process (PID=8295) to work on /home/airflow/.local/lib/python3.7/site-packages/airflow/example_dags/example_branch_operator_decorator.py
[2022-09-10 12:07:04,506] {processor.py:641} INFO - Processing file /home/airflow/.local/lib/python3.7/site-packages/airflow/example_dags/example_branch_operator_decorator.py for tasks to queue
[2022-09-10 12:07:04,508] {logging_mixin.py:115} INFO - [2022-09-10 12:07:04,508] {dagbag.py:507} INFO - Filling up the DagBag from /home/airflow/.local/lib/python3.7/site-packages/airflow/example_dags/example_branch_operator_decorator.py
[2022-09-10 12:07:04,542] {processor.py:651} INFO - DAG(s) dict_keys(['example_branch_python_operator_decorator']) retrieved from /home/airflow/.local/lib/python3.7/site-packages/airflow/example_dags/example_branch_operator_decorator.py
[2022-09-10 12:07:04,590] {logging_mixin.py:115} INFO - [2022-09-10 12:07:04,590] {dag.py:2371} INFO - Sync 1 DAGs
[2022-09-10 12:07:04,616] {logging_mixin.py:115} INFO - [2022-09-10 12:07:04,616] {dag.py:2919} INFO - Setting next_dagrun for example_branch_python_operator_decorator to 2022-09-09T00:00:00+00:00, run_after=2022-09-10T00:00:00+00:00
[2022-09-10 12:07:05,211] {processor.py:161} INFO - Processing /home/airflow/.local/lib/python3.7/site-packages/airflow/example_dags/example_branch_operator_decorator.py took 0.715 seconds
[2022-09-10 13:00:10,416] {processor.py:153} INFO - Started process (PID=8348) to work on /home/airflow/.local/lib/python3.7/site-packages/airflow/example_dags/example_branch_operator_decorator.py
[2022-09-10 13:00:10,516] {processor.py:641} INFO - Processing file /home/airflow/.local/lib/python3.7/site-packages/airflow/example_dags/example_branch_operator_decorator.py for tasks to queue
[2022-09-10 13:00:10,966] {logging_mixin.py:115} INFO - [2022-09-10 13:00:10,864] {dagbag.py:507} INFO - Filling up the DagBag from /home/airflow/.local/lib/python3.7/site-packages/airflow/example_dags/example_branch_operator_decorator.py
[2022-09-10 13:00:15,901] {processor.py:651} INFO - DAG(s) dict_keys(['example_branch_python_operator_decorator']) retrieved from /home/airflow/.local/lib/python3.7/site-packages/airflow/example_dags/example_branch_operator_decorator.py
[2022-09-10 13:00:16,927] {logging_mixin.py:115} INFO - [2022-09-10 13:00:16,927] {dag.py:2371} INFO - Sync 1 DAGs
[2022-09-10 13:00:17,200] {logging_mixin.py:115} INFO - [2022-09-10 13:00:17,200] {dag.py:2919} INFO - Setting next_dagrun for example_branch_python_operator_decorator to 2022-09-09T00:00:00+00:00, run_after=2022-09-10T00:00:00+00:00
[2022-09-10 13:00:17,287] {processor.py:161} INFO - Processing /home/airflow/.local/lib/python3.7/site-packages/airflow/example_dags/example_branch_operator_decorator.py took 7.720 seconds
[2022-09-10 13:54:29,656] {processor.py:153} INFO - Started process (PID=8440) to work on /home/airflow/.local/lib/python3.7/site-packages/airflow/example_dags/example_branch_operator_decorator.py
[2022-09-10 13:54:29,680] {processor.py:641} INFO - Processing file /home/airflow/.local/lib/python3.7/site-packages/airflow/example_dags/example_branch_operator_decorator.py for tasks to queue
[2022-09-10 13:54:29,711] {logging_mixin.py:115} INFO - [2022-09-10 13:54:29,711] {dagbag.py:507} INFO - Filling up the DagBag from /home/airflow/.local/lib/python3.7/site-packages/airflow/example_dags/example_branch_operator_decorator.py
[2022-09-10 13:54:30,233] {processor.py:651} INFO - DAG(s) dict_keys(['example_branch_python_operator_decorator']) retrieved from /home/airflow/.local/lib/python3.7/site-packages/airflow/example_dags/example_branch_operator_decorator.py
[2022-09-10 13:54:30,647] {logging_mixin.py:115} INFO - [2022-09-10 13:54:30,647] {dag.py:2371} INFO - Sync 1 DAGs
[2022-09-10 13:54:31,182] {logging_mixin.py:115} INFO - [2022-09-10 13:54:31,181] {dag.py:2919} INFO - Setting next_dagrun for example_branch_python_operator_decorator to 2022-09-09T00:00:00+00:00, run_after=2022-09-10T00:00:00+00:00
[2022-09-10 13:54:31,570] {processor.py:161} INFO - Processing /home/airflow/.local/lib/python3.7/site-packages/airflow/example_dags/example_branch_operator_decorator.py took 1.937 seconds
[2022-09-10 14:48:40,777] {processor.py:153} INFO - Started process (PID=8497) to work on /home/airflow/.local/lib/python3.7/site-packages/airflow/example_dags/example_branch_operator_decorator.py
[2022-09-10 14:48:40,782] {processor.py:641} INFO - Processing file /home/airflow/.local/lib/python3.7/site-packages/airflow/example_dags/example_branch_operator_decorator.py for tasks to queue
[2022-09-10 14:48:40,784] {logging_mixin.py:115} INFO - [2022-09-10 14:48:40,784] {dagbag.py:507} INFO - Filling up the DagBag from /home/airflow/.local/lib/python3.7/site-packages/airflow/example_dags/example_branch_operator_decorator.py
[2022-09-10 14:48:40,848] {processor.py:651} INFO - DAG(s) dict_keys(['example_branch_python_operator_decorator']) retrieved from /home/airflow/.local/lib/python3.7/site-packages/airflow/example_dags/example_branch_operator_decorator.py
[2022-09-10 14:48:40,919] {logging_mixin.py:115} INFO - [2022-09-10 14:48:40,919] {dag.py:2371} INFO - Sync 1 DAGs
[2022-09-10 14:48:41,006] {logging_mixin.py:115} INFO - [2022-09-10 14:48:41,006] {dag.py:2919} INFO - Setting next_dagrun for example_branch_python_operator_decorator to 2022-09-09T00:00:00+00:00, run_after=2022-09-10T00:00:00+00:00
[2022-09-10 14:48:41,029] {processor.py:161} INFO - Processing /home/airflow/.local/lib/python3.7/site-packages/airflow/example_dags/example_branch_operator_decorator.py took 0.258 seconds
[2022-09-10 15:10:21,039] {processor.py:153} INFO - Started process (PID=8549) to work on /home/airflow/.local/lib/python3.7/site-packages/airflow/example_dags/example_branch_operator_decorator.py
[2022-09-10 15:10:21,040] {processor.py:641} INFO - Processing file /home/airflow/.local/lib/python3.7/site-packages/airflow/example_dags/example_branch_operator_decorator.py for tasks to queue
[2022-09-10 15:10:21,042] {logging_mixin.py:115} INFO - [2022-09-10 15:10:21,042] {dagbag.py:507} INFO - Filling up the DagBag from /home/airflow/.local/lib/python3.7/site-packages/airflow/example_dags/example_branch_operator_decorator.py
[2022-09-10 15:10:21,113] {processor.py:651} INFO - DAG(s) dict_keys(['example_branch_python_operator_decorator']) retrieved from /home/airflow/.local/lib/python3.7/site-packages/airflow/example_dags/example_branch_operator_decorator.py
[2022-09-10 15:10:21,195] {logging_mixin.py:115} INFO - [2022-09-10 15:10:21,195] {dag.py:2371} INFO - Sync 1 DAGs
[2022-09-10 15:10:21,278] {logging_mixin.py:115} INFO - [2022-09-10 15:10:21,278] {dag.py:2919} INFO - Setting next_dagrun for example_branch_python_operator_decorator to 2022-09-09T00:00:00+00:00, run_after=2022-09-10T00:00:00+00:00
[2022-09-10 15:10:21,309] {processor.py:161} INFO - Processing /home/airflow/.local/lib/python3.7/site-packages/airflow/example_dags/example_branch_operator_decorator.py took 0.280 seconds
[2022-09-10 15:11:12,641] {processor.py:153} INFO - Started process (PID=8605) to work on /home/airflow/.local/lib/python3.7/site-packages/airflow/example_dags/example_branch_operator_decorator.py
[2022-09-10 15:11:12,666] {processor.py:641} INFO - Processing file /home/airflow/.local/lib/python3.7/site-packages/airflow/example_dags/example_branch_operator_decorator.py for tasks to queue
[2022-09-10 15:11:12,688] {logging_mixin.py:115} INFO - [2022-09-10 15:11:12,688] {dagbag.py:507} INFO - Filling up the DagBag from /home/airflow/.local/lib/python3.7/site-packages/airflow/example_dags/example_branch_operator_decorator.py
[2022-09-10 15:11:12,868] {processor.py:651} INFO - DAG(s) dict_keys(['example_branch_python_operator_decorator']) retrieved from /home/airflow/.local/lib/python3.7/site-packages/airflow/example_dags/example_branch_operator_decorator.py
[2022-09-10 15:11:13,077] {logging_mixin.py:115} INFO - [2022-09-10 15:11:13,077] {dag.py:2371} INFO - Sync 1 DAGs
[2022-09-10 15:11:13,220] {logging_mixin.py:115} INFO - [2022-09-10 15:11:13,220] {dag.py:2919} INFO - Setting next_dagrun for example_branch_python_operator_decorator to 2022-09-09T00:00:00+00:00, run_after=2022-09-10T00:00:00+00:00
[2022-09-10 15:11:13,287] {processor.py:161} INFO - Processing /home/airflow/.local/lib/python3.7/site-packages/airflow/example_dags/example_branch_operator_decorator.py took 0.662 seconds
[2022-09-10 15:51:12,084] {processor.py:153} INFO - Started process (PID=8674) to work on /home/airflow/.local/lib/python3.7/site-packages/airflow/example_dags/example_branch_operator_decorator.py
[2022-09-10 15:51:12,090] {processor.py:641} INFO - Processing file /home/airflow/.local/lib/python3.7/site-packages/airflow/example_dags/example_branch_operator_decorator.py for tasks to queue
[2022-09-10 15:51:12,095] {logging_mixin.py:115} INFO - [2022-09-10 15:51:12,094] {dagbag.py:507} INFO - Filling up the DagBag from /home/airflow/.local/lib/python3.7/site-packages/airflow/example_dags/example_branch_operator_decorator.py
[2022-09-10 15:51:12,178] {processor.py:651} INFO - DAG(s) dict_keys(['example_branch_python_operator_decorator']) retrieved from /home/airflow/.local/lib/python3.7/site-packages/airflow/example_dags/example_branch_operator_decorator.py
[2022-09-10 15:51:12,321] {logging_mixin.py:115} INFO - [2022-09-10 15:51:12,321] {dag.py:2371} INFO - Sync 1 DAGs
[2022-09-10 15:51:12,480] {logging_mixin.py:115} INFO - [2022-09-10 15:51:12,480] {dag.py:2919} INFO - Setting next_dagrun for example_branch_python_operator_decorator to 2022-09-09T00:00:00+00:00, run_after=2022-09-10T00:00:00+00:00
[2022-09-10 15:51:12,545] {processor.py:161} INFO - Processing /home/airflow/.local/lib/python3.7/site-packages/airflow/example_dags/example_branch_operator_decorator.py took 0.474 seconds
[2022-09-10 16:45:34,153] {processor.py:153} INFO - Started process (PID=8742) to work on /home/airflow/.local/lib/python3.7/site-packages/airflow/example_dags/example_branch_operator_decorator.py
[2022-09-10 16:45:34,160] {processor.py:641} INFO - Processing file /home/airflow/.local/lib/python3.7/site-packages/airflow/example_dags/example_branch_operator_decorator.py for tasks to queue
[2022-09-10 16:45:34,165] {logging_mixin.py:115} INFO - [2022-09-10 16:45:34,165] {dagbag.py:507} INFO - Filling up the DagBag from /home/airflow/.local/lib/python3.7/site-packages/airflow/example_dags/example_branch_operator_decorator.py
[2022-09-10 16:45:34,328] {processor.py:651} INFO - DAG(s) dict_keys(['example_branch_python_operator_decorator']) retrieved from /home/airflow/.local/lib/python3.7/site-packages/airflow/example_dags/example_branch_operator_decorator.py
[2022-09-10 16:45:34,430] {logging_mixin.py:115} INFO - [2022-09-10 16:45:34,430] {dag.py:2371} INFO - Sync 1 DAGs
[2022-09-10 16:45:34,527] {logging_mixin.py:115} INFO - [2022-09-10 16:45:34,526] {dag.py:2919} INFO - Setting next_dagrun for example_branch_python_operator_decorator to 2022-09-09T00:00:00+00:00, run_after=2022-09-10T00:00:00+00:00
[2022-09-10 16:45:34,583] {processor.py:161} INFO - Processing /home/airflow/.local/lib/python3.7/site-packages/airflow/example_dags/example_branch_operator_decorator.py took 0.449 seconds
[2022-09-10 17:38:42,335] {processor.py:153} INFO - Started process (PID=8778) to work on /home/airflow/.local/lib/python3.7/site-packages/airflow/example_dags/example_branch_operator_decorator.py
[2022-09-10 17:38:42,406] {processor.py:641} INFO - Processing file /home/airflow/.local/lib/python3.7/site-packages/airflow/example_dags/example_branch_operator_decorator.py for tasks to queue
[2022-09-10 17:38:42,513] {logging_mixin.py:115} INFO - [2022-09-10 17:38:42,499] {dagbag.py:507} INFO - Filling up the DagBag from /home/airflow/.local/lib/python3.7/site-packages/airflow/example_dags/example_branch_operator_decorator.py
[2022-09-10 17:38:46,849] {processor.py:651} INFO - DAG(s) dict_keys(['example_branch_python_operator_decorator']) retrieved from /home/airflow/.local/lib/python3.7/site-packages/airflow/example_dags/example_branch_operator_decorator.py
[2022-09-10 17:38:50,115] {logging_mixin.py:115} INFO - [2022-09-10 17:38:50,110] {dag.py:2371} INFO - Sync 1 DAGs
[2022-09-10 17:38:54,558] {logging_mixin.py:115} INFO - [2022-09-10 17:38:54,557] {dag.py:2919} INFO - Setting next_dagrun for example_branch_python_operator_decorator to 2022-09-09T00:00:00+00:00, run_after=2022-09-10T00:00:00+00:00
[2022-09-10 17:38:55,909] {processor.py:161} INFO - Processing /home/airflow/.local/lib/python3.7/site-packages/airflow/example_dags/example_branch_operator_decorator.py took 14.716 seconds
[2022-09-10 17:39:33,741] {processor.py:153} INFO - Started process (PID=8842) to work on /home/airflow/.local/lib/python3.7/site-packages/airflow/example_dags/example_branch_operator_decorator.py
[2022-09-10 17:39:33,743] {processor.py:641} INFO - Processing file /home/airflow/.local/lib/python3.7/site-packages/airflow/example_dags/example_branch_operator_decorator.py for tasks to queue
[2022-09-10 17:39:33,745] {logging_mixin.py:115} INFO - [2022-09-10 17:39:33,745] {dagbag.py:507} INFO - Filling up the DagBag from /home/airflow/.local/lib/python3.7/site-packages/airflow/example_dags/example_branch_operator_decorator.py
[2022-09-10 17:39:33,798] {processor.py:651} INFO - DAG(s) dict_keys(['example_branch_python_operator_decorator']) retrieved from /home/airflow/.local/lib/python3.7/site-packages/airflow/example_dags/example_branch_operator_decorator.py
[2022-09-10 17:39:33,836] {logging_mixin.py:115} INFO - [2022-09-10 17:39:33,836] {dag.py:2371} INFO - Sync 1 DAGs
[2022-09-10 17:39:33,875] {logging_mixin.py:115} INFO - [2022-09-10 17:39:33,874] {dag.py:2919} INFO - Setting next_dagrun for example_branch_python_operator_decorator to 2022-09-09T00:00:00+00:00, run_after=2022-09-10T00:00:00+00:00
[2022-09-10 17:39:33,897] {processor.py:161} INFO - Processing /home/airflow/.local/lib/python3.7/site-packages/airflow/example_dags/example_branch_operator_decorator.py took 0.164 seconds
[2022-09-10 18:33:34,844] {processor.py:153} INFO - Started process (PID=8890) to work on /home/airflow/.local/lib/python3.7/site-packages/airflow/example_dags/example_branch_operator_decorator.py
[2022-09-10 18:33:34,849] {processor.py:641} INFO - Processing file /home/airflow/.local/lib/python3.7/site-packages/airflow/example_dags/example_branch_operator_decorator.py for tasks to queue
[2022-09-10 18:33:34,854] {logging_mixin.py:115} INFO - [2022-09-10 18:33:34,854] {dagbag.py:507} INFO - Filling up the DagBag from /home/airflow/.local/lib/python3.7/site-packages/airflow/example_dags/example_branch_operator_decorator.py
[2022-09-10 18:33:34,926] {processor.py:651} INFO - DAG(s) dict_keys(['example_branch_python_operator_decorator']) retrieved from /home/airflow/.local/lib/python3.7/site-packages/airflow/example_dags/example_branch_operator_decorator.py
[2022-09-10 18:33:35,106] {logging_mixin.py:115} INFO - [2022-09-10 18:33:35,105] {dag.py:2371} INFO - Sync 1 DAGs
[2022-09-10 18:33:35,305] {logging_mixin.py:115} INFO - [2022-09-10 18:33:35,305] {dag.py:2919} INFO - Setting next_dagrun for example_branch_python_operator_decorator to 2022-09-09T00:00:00+00:00, run_after=2022-09-10T00:00:00+00:00
[2022-09-10 18:33:35,380] {processor.py:161} INFO - Processing /home/airflow/.local/lib/python3.7/site-packages/airflow/example_dags/example_branch_operator_decorator.py took 0.540 seconds
[2022-09-10 19:27:46,209] {processor.py:153} INFO - Started process (PID=8951) to work on /home/airflow/.local/lib/python3.7/site-packages/airflow/example_dags/example_branch_operator_decorator.py
[2022-09-10 19:27:46,210] {processor.py:641} INFO - Processing file /home/airflow/.local/lib/python3.7/site-packages/airflow/example_dags/example_branch_operator_decorator.py for tasks to queue
[2022-09-10 19:27:46,220] {logging_mixin.py:115} INFO - [2022-09-10 19:27:46,220] {dagbag.py:507} INFO - Filling up the DagBag from /home/airflow/.local/lib/python3.7/site-packages/airflow/example_dags/example_branch_operator_decorator.py
[2022-09-10 19:27:46,474] {processor.py:651} INFO - DAG(s) dict_keys(['example_branch_python_operator_decorator']) retrieved from /home/airflow/.local/lib/python3.7/site-packages/airflow/example_dags/example_branch_operator_decorator.py
[2022-09-10 19:27:46,725] {logging_mixin.py:115} INFO - [2022-09-10 19:27:46,724] {dag.py:2371} INFO - Sync 1 DAGs
[2022-09-10 19:27:46,981] {logging_mixin.py:115} INFO - [2022-09-10 19:27:46,978] {dag.py:2919} INFO - Setting next_dagrun for example_branch_python_operator_decorator to 2022-09-09T00:00:00+00:00, run_after=2022-09-10T00:00:00+00:00
[2022-09-10 19:27:47,048] {processor.py:161} INFO - Processing /home/airflow/.local/lib/python3.7/site-packages/airflow/example_dags/example_branch_operator_decorator.py took 0.867 seconds
[2022-09-10 20:30:49,984] {processor.py:153} INFO - Started process (PID=9016) to work on /home/airflow/.local/lib/python3.7/site-packages/airflow/example_dags/example_branch_operator_decorator.py
[2022-09-10 20:30:50,002] {processor.py:641} INFO - Processing file /home/airflow/.local/lib/python3.7/site-packages/airflow/example_dags/example_branch_operator_decorator.py for tasks to queue
[2022-09-10 20:30:50,021] {logging_mixin.py:115} INFO - [2022-09-10 20:30:50,021] {dagbag.py:507} INFO - Filling up the DagBag from /home/airflow/.local/lib/python3.7/site-packages/airflow/example_dags/example_branch_operator_decorator.py
[2022-09-10 20:30:50,167] {processor.py:651} INFO - DAG(s) dict_keys(['example_branch_python_operator_decorator']) retrieved from /home/airflow/.local/lib/python3.7/site-packages/airflow/example_dags/example_branch_operator_decorator.py
[2022-09-10 20:30:50,379] {logging_mixin.py:115} INFO - [2022-09-10 20:30:50,379] {dag.py:2371} INFO - Sync 1 DAGs
[2022-09-10 20:30:50,577] {logging_mixin.py:115} INFO - [2022-09-10 20:30:50,577] {dag.py:2919} INFO - Setting next_dagrun for example_branch_python_operator_decorator to 2022-09-09T00:00:00+00:00, run_after=2022-09-10T00:00:00+00:00
[2022-09-10 20:30:50,694] {processor.py:161} INFO - Processing /home/airflow/.local/lib/python3.7/site-packages/airflow/example_dags/example_branch_operator_decorator.py took 0.730 seconds
[2022-09-10 20:31:30,507] {processor.py:153} INFO - Started process (PID=9071) to work on /home/airflow/.local/lib/python3.7/site-packages/airflow/example_dags/example_branch_operator_decorator.py
[2022-09-10 20:31:30,515] {processor.py:641} INFO - Processing file /home/airflow/.local/lib/python3.7/site-packages/airflow/example_dags/example_branch_operator_decorator.py for tasks to queue
[2022-09-10 20:31:30,520] {logging_mixin.py:115} INFO - [2022-09-10 20:31:30,520] {dagbag.py:507} INFO - Filling up the DagBag from /home/airflow/.local/lib/python3.7/site-packages/airflow/example_dags/example_branch_operator_decorator.py
[2022-09-10 20:31:30,643] {processor.py:651} INFO - DAG(s) dict_keys(['example_branch_python_operator_decorator']) retrieved from /home/airflow/.local/lib/python3.7/site-packages/airflow/example_dags/example_branch_operator_decorator.py
[2022-09-10 20:31:30,730] {logging_mixin.py:115} INFO - [2022-09-10 20:31:30,730] {dag.py:2371} INFO - Sync 1 DAGs
[2022-09-10 20:31:30,847] {logging_mixin.py:115} INFO - [2022-09-10 20:31:30,846] {dag.py:2919} INFO - Setting next_dagrun for example_branch_python_operator_decorator to 2022-09-09T00:00:00+00:00, run_after=2022-09-10T00:00:00+00:00
[2022-09-10 20:31:30,897] {processor.py:161} INFO - Processing /home/airflow/.local/lib/python3.7/site-packages/airflow/example_dags/example_branch_operator_decorator.py took 0.421 seconds
[2022-09-10 20:49:24,442] {processor.py:153} INFO - Started process (PID=9138) to work on /home/airflow/.local/lib/python3.7/site-packages/airflow/example_dags/example_branch_operator_decorator.py
[2022-09-10 20:49:24,448] {processor.py:641} INFO - Processing file /home/airflow/.local/lib/python3.7/site-packages/airflow/example_dags/example_branch_operator_decorator.py for tasks to queue
[2022-09-10 20:49:24,467] {logging_mixin.py:115} INFO - [2022-09-10 20:49:24,467] {dagbag.py:507} INFO - Filling up the DagBag from /home/airflow/.local/lib/python3.7/site-packages/airflow/example_dags/example_branch_operator_decorator.py
[2022-09-10 20:49:24,829] {processor.py:651} INFO - DAG(s) dict_keys(['example_branch_python_operator_decorator']) retrieved from /home/airflow/.local/lib/python3.7/site-packages/airflow/example_dags/example_branch_operator_decorator.py
[2022-09-10 20:49:25,064] {logging_mixin.py:115} INFO - [2022-09-10 20:49:25,063] {dag.py:2371} INFO - Sync 1 DAGs
[2022-09-10 20:49:25,455] {logging_mixin.py:115} INFO - [2022-09-10 20:49:25,455] {dag.py:2919} INFO - Setting next_dagrun for example_branch_python_operator_decorator to 2022-09-09T00:00:00+00:00, run_after=2022-09-10T00:00:00+00:00
[2022-09-10 20:49:25,666] {processor.py:161} INFO - Processing /home/airflow/.local/lib/python3.7/site-packages/airflow/example_dags/example_branch_operator_decorator.py took 1.276 seconds
[2022-09-10 20:49:56,682] {processor.py:153} INFO - Started process (PID=9194) to work on /home/airflow/.local/lib/python3.7/site-packages/airflow/example_dags/example_branch_operator_decorator.py
[2022-09-10 20:49:56,687] {processor.py:641} INFO - Processing file /home/airflow/.local/lib/python3.7/site-packages/airflow/example_dags/example_branch_operator_decorator.py for tasks to queue
[2022-09-10 20:49:56,689] {logging_mixin.py:115} INFO - [2022-09-10 20:49:56,688] {dagbag.py:507} INFO - Filling up the DagBag from /home/airflow/.local/lib/python3.7/site-packages/airflow/example_dags/example_branch_operator_decorator.py
[2022-09-10 20:49:56,737] {processor.py:651} INFO - DAG(s) dict_keys(['example_branch_python_operator_decorator']) retrieved from /home/airflow/.local/lib/python3.7/site-packages/airflow/example_dags/example_branch_operator_decorator.py
[2022-09-10 20:49:56,803] {logging_mixin.py:115} INFO - [2022-09-10 20:49:56,803] {dag.py:2371} INFO - Sync 1 DAGs
[2022-09-10 20:49:56,856] {logging_mixin.py:115} INFO - [2022-09-10 20:49:56,856] {dag.py:2919} INFO - Setting next_dagrun for example_branch_python_operator_decorator to 2022-09-09T00:00:00+00:00, run_after=2022-09-10T00:00:00+00:00
[2022-09-10 20:49:56,893] {processor.py:161} INFO - Processing /home/airflow/.local/lib/python3.7/site-packages/airflow/example_dags/example_branch_operator_decorator.py took 0.226 seconds
[2022-09-10 21:23:16,891] {processor.py:153} INFO - Started process (PID=9270) to work on /home/airflow/.local/lib/python3.7/site-packages/airflow/example_dags/example_branch_operator_decorator.py
[2022-09-10 21:23:16,905] {processor.py:641} INFO - Processing file /home/airflow/.local/lib/python3.7/site-packages/airflow/example_dags/example_branch_operator_decorator.py for tasks to queue
[2022-09-10 21:23:16,907] {logging_mixin.py:115} INFO - [2022-09-10 21:23:16,907] {dagbag.py:507} INFO - Filling up the DagBag from /home/airflow/.local/lib/python3.7/site-packages/airflow/example_dags/example_branch_operator_decorator.py
[2022-09-10 21:23:17,076] {processor.py:651} INFO - DAG(s) dict_keys(['example_branch_python_operator_decorator']) retrieved from /home/airflow/.local/lib/python3.7/site-packages/airflow/example_dags/example_branch_operator_decorator.py
[2022-09-10 21:23:17,191] {logging_mixin.py:115} INFO - [2022-09-10 21:23:17,191] {dag.py:2371} INFO - Sync 1 DAGs
[2022-09-10 21:23:17,321] {logging_mixin.py:115} INFO - [2022-09-10 21:23:17,316] {dag.py:2919} INFO - Setting next_dagrun for example_branch_python_operator_decorator to 2022-09-09T00:00:00+00:00, run_after=2022-09-10T00:00:00+00:00
[2022-09-10 21:23:17,376] {processor.py:161} INFO - Processing /home/airflow/.local/lib/python3.7/site-packages/airflow/example_dags/example_branch_operator_decorator.py took 0.491 seconds
[2022-09-10 21:24:06,037] {processor.py:153} INFO - Started process (PID=9322) to work on /home/airflow/.local/lib/python3.7/site-packages/airflow/example_dags/example_branch_operator_decorator.py
[2022-09-10 21:24:06,040] {processor.py:641} INFO - Processing file /home/airflow/.local/lib/python3.7/site-packages/airflow/example_dags/example_branch_operator_decorator.py for tasks to queue
[2022-09-10 21:24:06,042] {logging_mixin.py:115} INFO - [2022-09-10 21:24:06,042] {dagbag.py:507} INFO - Filling up the DagBag from /home/airflow/.local/lib/python3.7/site-packages/airflow/example_dags/example_branch_operator_decorator.py
[2022-09-10 21:24:06,104] {processor.py:651} INFO - DAG(s) dict_keys(['example_branch_python_operator_decorator']) retrieved from /home/airflow/.local/lib/python3.7/site-packages/airflow/example_dags/example_branch_operator_decorator.py
[2022-09-10 21:24:06,235] {logging_mixin.py:115} INFO - [2022-09-10 21:24:06,232] {dag.py:2371} INFO - Sync 1 DAGs
[2022-09-10 21:24:06,371] {logging_mixin.py:115} INFO - [2022-09-10 21:24:06,370] {dag.py:2919} INFO - Setting next_dagrun for example_branch_python_operator_decorator to 2022-09-09T00:00:00+00:00, run_after=2022-09-10T00:00:00+00:00
[2022-09-10 21:24:06,430] {processor.py:161} INFO - Processing /home/airflow/.local/lib/python3.7/site-packages/airflow/example_dags/example_branch_operator_decorator.py took 0.400 seconds
[2022-09-10 21:40:47,409] {processor.py:153} INFO - Started process (PID=9367) to work on /home/airflow/.local/lib/python3.7/site-packages/airflow/example_dags/example_branch_operator_decorator.py
[2022-09-10 21:40:47,469] {processor.py:641} INFO - Processing file /home/airflow/.local/lib/python3.7/site-packages/airflow/example_dags/example_branch_operator_decorator.py for tasks to queue
[2022-09-10 21:40:47,507] {logging_mixin.py:115} INFO - [2022-09-10 21:40:47,504] {dagbag.py:507} INFO - Filling up the DagBag from /home/airflow/.local/lib/python3.7/site-packages/airflow/example_dags/example_branch_operator_decorator.py
[2022-09-10 21:40:52,241] {processor.py:651} INFO - DAG(s) dict_keys(['example_branch_python_operator_decorator']) retrieved from /home/airflow/.local/lib/python3.7/site-packages/airflow/example_dags/example_branch_operator_decorator.py
[2022-09-10 21:40:57,543] {logging_mixin.py:115} INFO - [2022-09-10 21:40:57,512] {dag.py:2371} INFO - Sync 1 DAGs
[2022-09-10 21:41:05,403] {logging_mixin.py:115} INFO - [2022-09-10 21:41:05,277] {dag.py:2919} INFO - Setting next_dagrun for example_branch_python_operator_decorator to 2022-09-09T00:00:00+00:00, run_after=2022-09-10T00:00:00+00:00
[2022-09-10 21:41:08,876] {processor.py:161} INFO - Processing /home/airflow/.local/lib/python3.7/site-packages/airflow/example_dags/example_branch_operator_decorator.py took 22.075 seconds
[2022-09-10 21:41:43,011] {processor.py:153} INFO - Started process (PID=9434) to work on /home/airflow/.local/lib/python3.7/site-packages/airflow/example_dags/example_branch_operator_decorator.py
[2022-09-10 21:41:43,075] {processor.py:641} INFO - Processing file /home/airflow/.local/lib/python3.7/site-packages/airflow/example_dags/example_branch_operator_decorator.py for tasks to queue
[2022-09-10 21:41:43,252] {logging_mixin.py:115} INFO - [2022-09-10 21:41:43,241] {dagbag.py:507} INFO - Filling up the DagBag from /home/airflow/.local/lib/python3.7/site-packages/airflow/example_dags/example_branch_operator_decorator.py
[2022-09-10 21:59:02,446] {processor.py:651} INFO - DAG(s) dict_keys(['example_branch_python_operator_decorator']) retrieved from /home/airflow/.local/lib/python3.7/site-packages/airflow/example_dags/example_branch_operator_decorator.py
[2022-09-10 21:59:07,676] {logging_mixin.py:115} INFO - [2022-09-10 21:59:07,630] {dag.py:2371} INFO - Sync 1 DAGs
[2022-09-10 22:16:01,007] {processor.py:153} INFO - Started process (PID=9468) to work on /home/airflow/.local/lib/python3.7/site-packages/airflow/example_dags/example_branch_operator_decorator.py
[2022-09-10 22:16:01,019] {processor.py:641} INFO - Processing file /home/airflow/.local/lib/python3.7/site-packages/airflow/example_dags/example_branch_operator_decorator.py for tasks to queue
[2022-09-10 22:16:01,021] {logging_mixin.py:115} INFO - [2022-09-10 22:16:01,021] {dagbag.py:507} INFO - Filling up the DagBag from /home/airflow/.local/lib/python3.7/site-packages/airflow/example_dags/example_branch_operator_decorator.py
[2022-09-10 22:16:01,103] {processor.py:651} INFO - DAG(s) dict_keys(['example_branch_python_operator_decorator']) retrieved from /home/airflow/.local/lib/python3.7/site-packages/airflow/example_dags/example_branch_operator_decorator.py
[2022-09-10 22:16:01,220] {logging_mixin.py:115} INFO - [2022-09-10 22:16:01,220] {dag.py:2371} INFO - Sync 1 DAGs
[2022-09-10 22:16:01,336] {logging_mixin.py:115} INFO - [2022-09-10 22:16:01,336] {dag.py:2919} INFO - Setting next_dagrun for example_branch_python_operator_decorator to 2022-09-09T00:00:00+00:00, run_after=2022-09-10T00:00:00+00:00
[2022-09-10 22:16:01,372] {processor.py:161} INFO - Processing /home/airflow/.local/lib/python3.7/site-packages/airflow/example_dags/example_branch_operator_decorator.py took 0.370 seconds
[2022-09-10 22:16:58,823] {processor.py:153} INFO - Started process (PID=9547) to work on /home/airflow/.local/lib/python3.7/site-packages/airflow/example_dags/example_branch_operator_decorator.py
[2022-09-10 22:16:58,829] {processor.py:641} INFO - Processing file /home/airflow/.local/lib/python3.7/site-packages/airflow/example_dags/example_branch_operator_decorator.py for tasks to queue
[2022-09-10 22:16:58,832] {logging_mixin.py:115} INFO - [2022-09-10 22:16:58,832] {dagbag.py:507} INFO - Filling up the DagBag from /home/airflow/.local/lib/python3.7/site-packages/airflow/example_dags/example_branch_operator_decorator.py
[2022-09-10 22:16:58,890] {processor.py:651} INFO - DAG(s) dict_keys(['example_branch_python_operator_decorator']) retrieved from /home/airflow/.local/lib/python3.7/site-packages/airflow/example_dags/example_branch_operator_decorator.py
[2022-09-10 22:16:59,000] {logging_mixin.py:115} INFO - [2022-09-10 22:16:59,000] {dag.py:2371} INFO - Sync 1 DAGs
[2022-09-10 22:16:59,150] {logging_mixin.py:115} INFO - [2022-09-10 22:16:59,150] {dag.py:2919} INFO - Setting next_dagrun for example_branch_python_operator_decorator to 2022-09-09T00:00:00+00:00, run_after=2022-09-10T00:00:00+00:00
[2022-09-10 22:16:59,181] {processor.py:161} INFO - Processing /home/airflow/.local/lib/python3.7/site-packages/airflow/example_dags/example_branch_operator_decorator.py took 0.363 seconds
[2022-09-10 22:35:03,250] {processor.py:153} INFO - Started process (PID=9614) to work on /home/airflow/.local/lib/python3.7/site-packages/airflow/example_dags/example_branch_operator_decorator.py
[2022-09-10 22:35:03,252] {processor.py:641} INFO - Processing file /home/airflow/.local/lib/python3.7/site-packages/airflow/example_dags/example_branch_operator_decorator.py for tasks to queue
[2022-09-10 22:35:03,257] {logging_mixin.py:115} INFO - [2022-09-10 22:35:03,257] {dagbag.py:507} INFO - Filling up the DagBag from /home/airflow/.local/lib/python3.7/site-packages/airflow/example_dags/example_branch_operator_decorator.py
[2022-09-10 22:35:03,377] {processor.py:651} INFO - DAG(s) dict_keys(['example_branch_python_operator_decorator']) retrieved from /home/airflow/.local/lib/python3.7/site-packages/airflow/example_dags/example_branch_operator_decorator.py
[2022-09-10 22:35:03,551] {logging_mixin.py:115} INFO - [2022-09-10 22:35:03,551] {dag.py:2371} INFO - Sync 1 DAGs
[2022-09-10 22:35:03,677] {logging_mixin.py:115} INFO - [2022-09-10 22:35:03,676] {dag.py:2919} INFO - Setting next_dagrun for example_branch_python_operator_decorator to 2022-09-09T00:00:00+00:00, run_after=2022-09-10T00:00:00+00:00
[2022-09-10 22:35:03,748] {processor.py:161} INFO - Processing /home/airflow/.local/lib/python3.7/site-packages/airflow/example_dags/example_branch_operator_decorator.py took 0.513 seconds
[2022-09-10 23:13:10,170] {processor.py:153} INFO - Started process (PID=9684) to work on /home/airflow/.local/lib/python3.7/site-packages/airflow/example_dags/example_branch_operator_decorator.py
[2022-09-10 23:13:10,186] {processor.py:641} INFO - Processing file /home/airflow/.local/lib/python3.7/site-packages/airflow/example_dags/example_branch_operator_decorator.py for tasks to queue
[2022-09-10 23:13:10,194] {logging_mixin.py:115} INFO - [2022-09-10 23:13:10,194] {dagbag.py:507} INFO - Filling up the DagBag from /home/airflow/.local/lib/python3.7/site-packages/airflow/example_dags/example_branch_operator_decorator.py
[2022-09-10 23:13:10,546] {processor.py:651} INFO - DAG(s) dict_keys(['example_branch_python_operator_decorator']) retrieved from /home/airflow/.local/lib/python3.7/site-packages/airflow/example_dags/example_branch_operator_decorator.py
[2022-09-10 23:13:10,794] {logging_mixin.py:115} INFO - [2022-09-10 23:13:10,794] {dag.py:2371} INFO - Sync 1 DAGs
[2022-09-10 23:13:11,202] {logging_mixin.py:115} INFO - [2022-09-10 23:13:11,202] {dag.py:2919} INFO - Setting next_dagrun for example_branch_python_operator_decorator to 2022-09-09T00:00:00+00:00, run_after=2022-09-10T00:00:00+00:00
[2022-09-10 23:13:11,380] {processor.py:161} INFO - Processing /home/airflow/.local/lib/python3.7/site-packages/airflow/example_dags/example_branch_operator_decorator.py took 1.286 seconds
[2022-09-10 23:13:42,166] {processor.py:153} INFO - Started process (PID=9738) to work on /home/airflow/.local/lib/python3.7/site-packages/airflow/example_dags/example_branch_operator_decorator.py
[2022-09-10 23:13:42,171] {processor.py:641} INFO - Processing file /home/airflow/.local/lib/python3.7/site-packages/airflow/example_dags/example_branch_operator_decorator.py for tasks to queue
[2022-09-10 23:13:42,176] {logging_mixin.py:115} INFO - [2022-09-10 23:13:42,176] {dagbag.py:507} INFO - Filling up the DagBag from /home/airflow/.local/lib/python3.7/site-packages/airflow/example_dags/example_branch_operator_decorator.py
[2022-09-10 23:13:42,223] {processor.py:651} INFO - DAG(s) dict_keys(['example_branch_python_operator_decorator']) retrieved from /home/airflow/.local/lib/python3.7/site-packages/airflow/example_dags/example_branch_operator_decorator.py
[2022-09-10 23:13:42,330] {logging_mixin.py:115} INFO - [2022-09-10 23:13:42,330] {dag.py:2371} INFO - Sync 1 DAGs
[2022-09-10 23:13:42,401] {logging_mixin.py:115} INFO - [2022-09-10 23:13:42,401] {dag.py:2919} INFO - Setting next_dagrun for example_branch_python_operator_decorator to 2022-09-09T00:00:00+00:00, run_after=2022-09-10T00:00:00+00:00
[2022-09-10 23:13:42,427] {processor.py:161} INFO - Processing /home/airflow/.local/lib/python3.7/site-packages/airflow/example_dags/example_branch_operator_decorator.py took 0.274 seconds
[2022-09-10 23:14:12,908] {processor.py:153} INFO - Started process (PID=9804) to work on /home/airflow/.local/lib/python3.7/site-packages/airflow/example_dags/example_branch_operator_decorator.py
[2022-09-10 23:14:12,910] {processor.py:641} INFO - Processing file /home/airflow/.local/lib/python3.7/site-packages/airflow/example_dags/example_branch_operator_decorator.py for tasks to queue
[2022-09-10 23:14:12,912] {logging_mixin.py:115} INFO - [2022-09-10 23:14:12,911] {dagbag.py:507} INFO - Filling up the DagBag from /home/airflow/.local/lib/python3.7/site-packages/airflow/example_dags/example_branch_operator_decorator.py
[2022-09-10 23:14:12,940] {processor.py:651} INFO - DAG(s) dict_keys(['example_branch_python_operator_decorator']) retrieved from /home/airflow/.local/lib/python3.7/site-packages/airflow/example_dags/example_branch_operator_decorator.py
[2022-09-10 23:14:12,984] {logging_mixin.py:115} INFO - [2022-09-10 23:14:12,984] {dag.py:2371} INFO - Sync 1 DAGs
[2022-09-10 23:14:13,024] {logging_mixin.py:115} INFO - [2022-09-10 23:14:13,024] {dag.py:2919} INFO - Setting next_dagrun for example_branch_python_operator_decorator to 2022-09-09T00:00:00+00:00, run_after=2022-09-10T00:00:00+00:00
[2022-09-10 23:14:13,045] {processor.py:161} INFO - Processing /home/airflow/.local/lib/python3.7/site-packages/airflow/example_dags/example_branch_operator_decorator.py took 0.143 seconds
[2022-09-10 23:14:44,025] {processor.py:153} INFO - Started process (PID=9862) to work on /home/airflow/.local/lib/python3.7/site-packages/airflow/example_dags/example_branch_operator_decorator.py
[2022-09-10 23:14:44,027] {processor.py:641} INFO - Processing file /home/airflow/.local/lib/python3.7/site-packages/airflow/example_dags/example_branch_operator_decorator.py for tasks to queue
[2022-09-10 23:14:44,030] {logging_mixin.py:115} INFO - [2022-09-10 23:14:44,030] {dagbag.py:507} INFO - Filling up the DagBag from /home/airflow/.local/lib/python3.7/site-packages/airflow/example_dags/example_branch_operator_decorator.py
[2022-09-10 23:14:44,070] {processor.py:651} INFO - DAG(s) dict_keys(['example_branch_python_operator_decorator']) retrieved from /home/airflow/.local/lib/python3.7/site-packages/airflow/example_dags/example_branch_operator_decorator.py
[2022-09-10 23:14:44,129] {logging_mixin.py:115} INFO - [2022-09-10 23:14:44,129] {dag.py:2371} INFO - Sync 1 DAGs
[2022-09-10 23:14:44,177] {logging_mixin.py:115} INFO - [2022-09-10 23:14:44,177] {dag.py:2919} INFO - Setting next_dagrun for example_branch_python_operator_decorator to 2022-09-09T00:00:00+00:00, run_after=2022-09-10T00:00:00+00:00
[2022-09-10 23:14:44,202] {processor.py:161} INFO - Processing /home/airflow/.local/lib/python3.7/site-packages/airflow/example_dags/example_branch_operator_decorator.py took 0.184 seconds
