[2022-09-10 00:12:41,052] {processor.py:153} INFO - Started process (PID=7174) to work on /home/airflow/.local/lib/python3.7/site-packages/airflow/example_dags/example_subdag_operator.py
[2022-09-10 00:12:41,054] {processor.py:641} INFO - Processing file /home/airflow/.local/lib/python3.7/site-packages/airflow/example_dags/example_subdag_operator.py for tasks to queue
[2022-09-10 00:12:41,056] {logging_mixin.py:115} INFO - [2022-09-10 00:12:41,056] {dagbag.py:507} INFO - Filling up the DagBag from /home/airflow/.local/lib/python3.7/site-packages/airflow/example_dags/example_subdag_operator.py
[2022-09-10 00:12:41,123] {processor.py:651} INFO - DAG(s) dict_keys(['example_subdag_operator.section-1', 'example_subdag_operator.section-2', 'example_subdag_operator']) retrieved from /home/airflow/.local/lib/python3.7/site-packages/airflow/example_dags/example_subdag_operator.py
[2022-09-10 00:12:41,375] {logging_mixin.py:115} INFO - [2022-09-10 00:12:41,375] {dag.py:2371} INFO - Sync 3 DAGs
[2022-09-10 00:12:41,435] {logging_mixin.py:115} INFO - [2022-09-10 00:12:41,434] {dag.py:2919} INFO - Setting next_dagrun for example_subdag_operator to 2022-09-08T00:00:00+00:00, run_after=2022-09-08T00:00:00+00:00
[2022-09-10 00:12:41,436] {logging_mixin.py:115} INFO - [2022-09-10 00:12:41,436] {dag.py:2919} INFO - Setting next_dagrun for example_subdag_operator.section-1 to None, run_after=None
[2022-09-10 00:12:41,438] {logging_mixin.py:115} INFO - [2022-09-10 00:12:41,438] {dag.py:2919} INFO - Setting next_dagrun for example_subdag_operator.section-2 to None, run_after=None
[2022-09-10 00:12:41,474] {logging_mixin.py:115} INFO - [2022-09-10 00:12:41,474] {dag.py:2371} INFO - Sync 2 DAGs
[2022-09-10 00:12:41,482] {logging_mixin.py:115} INFO - [2022-09-10 00:12:41,482] {dag.py:2919} INFO - Setting next_dagrun for example_subdag_operator.section-1 to None, run_after=None
[2022-09-10 00:12:41,485] {logging_mixin.py:115} INFO - [2022-09-10 00:12:41,485] {dag.py:2919} INFO - Setting next_dagrun for example_subdag_operator.section-2 to None, run_after=None
[2022-09-10 00:12:41,517] {processor.py:161} INFO - Processing /home/airflow/.local/lib/python3.7/site-packages/airflow/example_dags/example_subdag_operator.py took 0.472 seconds
[2022-09-10 00:29:16,666] {processor.py:153} INFO - Started process (PID=7243) to work on /home/airflow/.local/lib/python3.7/site-packages/airflow/example_dags/example_subdag_operator.py
[2022-09-10 00:29:16,668] {processor.py:641} INFO - Processing file /home/airflow/.local/lib/python3.7/site-packages/airflow/example_dags/example_subdag_operator.py for tasks to queue
[2022-09-10 00:29:16,669] {logging_mixin.py:115} INFO - [2022-09-10 00:29:16,669] {dagbag.py:507} INFO - Filling up the DagBag from /home/airflow/.local/lib/python3.7/site-packages/airflow/example_dags/example_subdag_operator.py
[2022-09-10 00:29:16,756] {processor.py:651} INFO - DAG(s) dict_keys(['example_subdag_operator.section-1', 'example_subdag_operator.section-2', 'example_subdag_operator']) retrieved from /home/airflow/.local/lib/python3.7/site-packages/airflow/example_dags/example_subdag_operator.py
[2022-09-10 00:29:16,915] {logging_mixin.py:115} INFO - [2022-09-10 00:29:16,915] {dag.py:2371} INFO - Sync 3 DAGs
[2022-09-10 00:29:16,981] {logging_mixin.py:115} INFO - [2022-09-10 00:29:16,981] {dag.py:2919} INFO - Setting next_dagrun for example_subdag_operator to 2022-09-08T00:00:00+00:00, run_after=2022-09-08T00:00:00+00:00
[2022-09-10 00:29:16,982] {logging_mixin.py:115} INFO - [2022-09-10 00:29:16,982] {dag.py:2919} INFO - Setting next_dagrun for example_subdag_operator.section-1 to None, run_after=None
[2022-09-10 00:29:16,983] {logging_mixin.py:115} INFO - [2022-09-10 00:29:16,983] {dag.py:2919} INFO - Setting next_dagrun for example_subdag_operator.section-2 to None, run_after=None
[2022-09-10 00:29:16,999] {logging_mixin.py:115} INFO - [2022-09-10 00:29:16,999] {dag.py:2371} INFO - Sync 2 DAGs
[2022-09-10 00:29:17,016] {logging_mixin.py:115} INFO - [2022-09-10 00:29:17,016] {dag.py:2919} INFO - Setting next_dagrun for example_subdag_operator.section-1 to None, run_after=None
[2022-09-10 00:29:17,018] {logging_mixin.py:115} INFO - [2022-09-10 00:29:17,018] {dag.py:2919} INFO - Setting next_dagrun for example_subdag_operator.section-2 to None, run_after=None
[2022-09-10 00:29:17,034] {processor.py:161} INFO - Processing /home/airflow/.local/lib/python3.7/site-packages/airflow/example_dags/example_subdag_operator.py took 0.373 seconds
[2022-09-10 02:01:42,052] {processor.py:153} INFO - Started process (PID=7299) to work on /home/airflow/.local/lib/python3.7/site-packages/airflow/example_dags/example_subdag_operator.py
[2022-09-10 02:01:42,056] {processor.py:641} INFO - Processing file /home/airflow/.local/lib/python3.7/site-packages/airflow/example_dags/example_subdag_operator.py for tasks to queue
[2022-09-10 02:01:42,059] {logging_mixin.py:115} INFO - [2022-09-10 02:01:42,059] {dagbag.py:507} INFO - Filling up the DagBag from /home/airflow/.local/lib/python3.7/site-packages/airflow/example_dags/example_subdag_operator.py
[2022-09-10 02:01:42,149] {processor.py:651} INFO - DAG(s) dict_keys(['example_subdag_operator.section-1', 'example_subdag_operator.section-2', 'example_subdag_operator']) retrieved from /home/airflow/.local/lib/python3.7/site-packages/airflow/example_dags/example_subdag_operator.py
[2022-09-10 02:01:42,228] {logging_mixin.py:115} INFO - [2022-09-10 02:01:42,228] {dag.py:2371} INFO - Sync 3 DAGs
[2022-09-10 02:01:42,266] {logging_mixin.py:115} INFO - [2022-09-10 02:01:42,265] {dag.py:2919} INFO - Setting next_dagrun for example_subdag_operator to 2022-09-08T00:00:00+00:00, run_after=2022-09-08T00:00:00+00:00
[2022-09-10 02:01:42,267] {logging_mixin.py:115} INFO - [2022-09-10 02:01:42,267] {dag.py:2919} INFO - Setting next_dagrun for example_subdag_operator.section-1 to None, run_after=None
[2022-09-10 02:01:42,269] {logging_mixin.py:115} INFO - [2022-09-10 02:01:42,269] {dag.py:2919} INFO - Setting next_dagrun for example_subdag_operator.section-2 to None, run_after=None
[2022-09-10 02:01:42,286] {logging_mixin.py:115} INFO - [2022-09-10 02:01:42,286] {dag.py:2371} INFO - Sync 2 DAGs
[2022-09-10 02:01:42,299] {logging_mixin.py:115} INFO - [2022-09-10 02:01:42,299] {dag.py:2919} INFO - Setting next_dagrun for example_subdag_operator.section-1 to None, run_after=None
[2022-09-10 02:01:42,301] {logging_mixin.py:115} INFO - [2022-09-10 02:01:42,300] {dag.py:2919} INFO - Setting next_dagrun for example_subdag_operator.section-2 to None, run_after=None
[2022-09-10 02:01:42,322] {processor.py:161} INFO - Processing /home/airflow/.local/lib/python3.7/site-packages/airflow/example_dags/example_subdag_operator.py took 0.287 seconds
[2022-09-10 02:55:49,485] {processor.py:153} INFO - Started process (PID=7368) to work on /home/airflow/.local/lib/python3.7/site-packages/airflow/example_dags/example_subdag_operator.py
[2022-09-10 02:55:49,494] {processor.py:641} INFO - Processing file /home/airflow/.local/lib/python3.7/site-packages/airflow/example_dags/example_subdag_operator.py for tasks to queue
[2022-09-10 02:55:49,504] {logging_mixin.py:115} INFO - [2022-09-10 02:55:49,498] {dagbag.py:507} INFO - Filling up the DagBag from /home/airflow/.local/lib/python3.7/site-packages/airflow/example_dags/example_subdag_operator.py
[2022-09-10 02:55:49,655] {processor.py:651} INFO - DAG(s) dict_keys(['example_subdag_operator.section-1', 'example_subdag_operator.section-2', 'example_subdag_operator']) retrieved from /home/airflow/.local/lib/python3.7/site-packages/airflow/example_dags/example_subdag_operator.py
[2022-09-10 02:55:49,812] {logging_mixin.py:115} INFO - [2022-09-10 02:55:49,812] {dag.py:2371} INFO - Sync 3 DAGs
[2022-09-10 02:55:49,877] {logging_mixin.py:115} INFO - [2022-09-10 02:55:49,877] {dag.py:2919} INFO - Setting next_dagrun for example_subdag_operator to 2022-09-08T00:00:00+00:00, run_after=2022-09-08T00:00:00+00:00
[2022-09-10 02:55:49,881] {logging_mixin.py:115} INFO - [2022-09-10 02:55:49,880] {dag.py:2919} INFO - Setting next_dagrun for example_subdag_operator.section-1 to None, run_after=None
[2022-09-10 02:55:49,884] {logging_mixin.py:115} INFO - [2022-09-10 02:55:49,883] {dag.py:2919} INFO - Setting next_dagrun for example_subdag_operator.section-2 to None, run_after=None
[2022-09-10 02:55:49,914] {logging_mixin.py:115} INFO - [2022-09-10 02:55:49,914] {dag.py:2371} INFO - Sync 2 DAGs
[2022-09-10 02:55:49,953] {logging_mixin.py:115} INFO - [2022-09-10 02:55:49,953] {dag.py:2919} INFO - Setting next_dagrun for example_subdag_operator.section-1 to None, run_after=None
[2022-09-10 02:55:49,955] {logging_mixin.py:115} INFO - [2022-09-10 02:55:49,954] {dag.py:2919} INFO - Setting next_dagrun for example_subdag_operator.section-2 to None, run_after=None
[2022-09-10 02:55:49,969] {processor.py:161} INFO - Processing /home/airflow/.local/lib/python3.7/site-packages/airflow/example_dags/example_subdag_operator.py took 0.501 seconds
[2022-09-10 02:56:40,727] {processor.py:153} INFO - Started process (PID=7445) to work on /home/airflow/.local/lib/python3.7/site-packages/airflow/example_dags/example_subdag_operator.py
[2022-09-10 02:56:40,729] {processor.py:641} INFO - Processing file /home/airflow/.local/lib/python3.7/site-packages/airflow/example_dags/example_subdag_operator.py for tasks to queue
[2022-09-10 02:56:40,733] {logging_mixin.py:115} INFO - [2022-09-10 02:56:40,732] {dagbag.py:507} INFO - Filling up the DagBag from /home/airflow/.local/lib/python3.7/site-packages/airflow/example_dags/example_subdag_operator.py
[2022-09-10 02:56:40,848] {processor.py:651} INFO - DAG(s) dict_keys(['example_subdag_operator.section-1', 'example_subdag_operator.section-2', 'example_subdag_operator']) retrieved from /home/airflow/.local/lib/python3.7/site-packages/airflow/example_dags/example_subdag_operator.py
[2022-09-10 02:56:41,027] {logging_mixin.py:115} INFO - [2022-09-10 02:56:41,027] {dag.py:2371} INFO - Sync 3 DAGs
[2022-09-10 02:56:41,135] {logging_mixin.py:115} INFO - [2022-09-10 02:56:41,135] {dag.py:2919} INFO - Setting next_dagrun for example_subdag_operator to 2022-09-08T00:00:00+00:00, run_after=2022-09-08T00:00:00+00:00
[2022-09-10 02:56:41,137] {logging_mixin.py:115} INFO - [2022-09-10 02:56:41,137] {dag.py:2919} INFO - Setting next_dagrun for example_subdag_operator.section-1 to None, run_after=None
[2022-09-10 02:56:41,138] {logging_mixin.py:115} INFO - [2022-09-10 02:56:41,138] {dag.py:2919} INFO - Setting next_dagrun for example_subdag_operator.section-2 to None, run_after=None
[2022-09-10 02:56:41,172] {logging_mixin.py:115} INFO - [2022-09-10 02:56:41,172] {dag.py:2371} INFO - Sync 2 DAGs
[2022-09-10 02:56:41,181] {logging_mixin.py:115} INFO - [2022-09-10 02:56:41,181] {dag.py:2919} INFO - Setting next_dagrun for example_subdag_operator.section-1 to None, run_after=None
[2022-09-10 02:56:41,182] {logging_mixin.py:115} INFO - [2022-09-10 02:56:41,182] {dag.py:2919} INFO - Setting next_dagrun for example_subdag_operator.section-2 to None, run_after=None
[2022-09-10 02:56:41,227] {processor.py:161} INFO - Processing /home/airflow/.local/lib/python3.7/site-packages/airflow/example_dags/example_subdag_operator.py took 0.519 seconds
[2022-09-10 03:50:52,536] {processor.py:153} INFO - Started process (PID=7515) to work on /home/airflow/.local/lib/python3.7/site-packages/airflow/example_dags/example_subdag_operator.py
[2022-09-10 03:50:52,538] {processor.py:641} INFO - Processing file /home/airflow/.local/lib/python3.7/site-packages/airflow/example_dags/example_subdag_operator.py for tasks to queue
[2022-09-10 03:50:52,540] {logging_mixin.py:115} INFO - [2022-09-10 03:50:52,540] {dagbag.py:507} INFO - Filling up the DagBag from /home/airflow/.local/lib/python3.7/site-packages/airflow/example_dags/example_subdag_operator.py
[2022-09-10 03:50:52,610] {processor.py:651} INFO - DAG(s) dict_keys(['example_subdag_operator.section-1', 'example_subdag_operator.section-2', 'example_subdag_operator']) retrieved from /home/airflow/.local/lib/python3.7/site-packages/airflow/example_dags/example_subdag_operator.py
[2022-09-10 03:50:52,729] {logging_mixin.py:115} INFO - [2022-09-10 03:50:52,729] {dag.py:2371} INFO - Sync 3 DAGs
[2022-09-10 03:50:52,906] {logging_mixin.py:115} INFO - [2022-09-10 03:50:52,906] {dag.py:2919} INFO - Setting next_dagrun for example_subdag_operator to 2022-09-08T00:00:00+00:00, run_after=2022-09-08T00:00:00+00:00
[2022-09-10 03:50:52,910] {logging_mixin.py:115} INFO - [2022-09-10 03:50:52,909] {dag.py:2919} INFO - Setting next_dagrun for example_subdag_operator.section-1 to None, run_after=None
[2022-09-10 03:50:52,912] {logging_mixin.py:115} INFO - [2022-09-10 03:50:52,911] {dag.py:2919} INFO - Setting next_dagrun for example_subdag_operator.section-2 to None, run_after=None
[2022-09-10 03:50:52,972] {logging_mixin.py:115} INFO - [2022-09-10 03:50:52,972] {dag.py:2371} INFO - Sync 2 DAGs
[2022-09-10 03:50:53,003] {logging_mixin.py:115} INFO - [2022-09-10 03:50:53,003] {dag.py:2919} INFO - Setting next_dagrun for example_subdag_operator.section-1 to None, run_after=None
[2022-09-10 03:50:53,004] {logging_mixin.py:115} INFO - [2022-09-10 03:50:53,004] {dag.py:2919} INFO - Setting next_dagrun for example_subdag_operator.section-2 to None, run_after=None
[2022-09-10 03:50:53,046] {processor.py:161} INFO - Processing /home/airflow/.local/lib/python3.7/site-packages/airflow/example_dags/example_subdag_operator.py took 0.531 seconds
[2022-09-10 04:55:14,086] {processor.py:153} INFO - Started process (PID=7598) to work on /home/airflow/.local/lib/python3.7/site-packages/airflow/example_dags/example_subdag_operator.py
[2022-09-10 04:55:14,103] {processor.py:641} INFO - Processing file /home/airflow/.local/lib/python3.7/site-packages/airflow/example_dags/example_subdag_operator.py for tasks to queue
[2022-09-10 04:55:14,107] {logging_mixin.py:115} INFO - [2022-09-10 04:55:14,106] {dagbag.py:507} INFO - Filling up the DagBag from /home/airflow/.local/lib/python3.7/site-packages/airflow/example_dags/example_subdag_operator.py
[2022-09-10 04:55:14,499] {processor.py:651} INFO - DAG(s) dict_keys(['example_subdag_operator.section-1', 'example_subdag_operator.section-2', 'example_subdag_operator']) retrieved from /home/airflow/.local/lib/python3.7/site-packages/airflow/example_dags/example_subdag_operator.py
[2022-09-10 04:55:14,816] {logging_mixin.py:115} INFO - [2022-09-10 04:55:14,816] {dag.py:2371} INFO - Sync 3 DAGs
[2022-09-10 04:55:14,997] {logging_mixin.py:115} INFO - [2022-09-10 04:55:14,997] {dag.py:2919} INFO - Setting next_dagrun for example_subdag_operator to 2022-09-08T00:00:00+00:00, run_after=2022-09-08T00:00:00+00:00
[2022-09-10 04:55:15,006] {logging_mixin.py:115} INFO - [2022-09-10 04:55:15,006] {dag.py:2919} INFO - Setting next_dagrun for example_subdag_operator.section-1 to None, run_after=None
[2022-09-10 04:55:15,009] {logging_mixin.py:115} INFO - [2022-09-10 04:55:15,009] {dag.py:2919} INFO - Setting next_dagrun for example_subdag_operator.section-2 to None, run_after=None
[2022-09-10 04:55:15,047] {logging_mixin.py:115} INFO - [2022-09-10 04:55:15,047] {dag.py:2371} INFO - Sync 2 DAGs
[2022-09-10 04:55:15,105] {logging_mixin.py:115} INFO - [2022-09-10 04:55:15,105] {dag.py:2919} INFO - Setting next_dagrun for example_subdag_operator.section-1 to None, run_after=None
[2022-09-10 04:55:15,178] {logging_mixin.py:115} INFO - [2022-09-10 04:55:15,177] {dag.py:2919} INFO - Setting next_dagrun for example_subdag_operator.section-2 to None, run_after=None
[2022-09-10 04:55:15,275] {processor.py:161} INFO - Processing /home/airflow/.local/lib/python3.7/site-packages/airflow/example_dags/example_subdag_operator.py took 1.203 seconds
[2022-09-10 05:11:32,465] {processor.py:153} INFO - Started process (PID=7638) to work on /home/airflow/.local/lib/python3.7/site-packages/airflow/example_dags/example_subdag_operator.py
[2022-09-10 05:11:32,467] {processor.py:641} INFO - Processing file /home/airflow/.local/lib/python3.7/site-packages/airflow/example_dags/example_subdag_operator.py for tasks to queue
[2022-09-10 05:11:32,469] {logging_mixin.py:115} INFO - [2022-09-10 05:11:32,468] {dagbag.py:507} INFO - Filling up the DagBag from /home/airflow/.local/lib/python3.7/site-packages/airflow/example_dags/example_subdag_operator.py
[2022-09-10 05:11:32,536] {processor.py:651} INFO - DAG(s) dict_keys(['example_subdag_operator.section-1', 'example_subdag_operator.section-2', 'example_subdag_operator']) retrieved from /home/airflow/.local/lib/python3.7/site-packages/airflow/example_dags/example_subdag_operator.py
[2022-09-10 05:11:32,624] {logging_mixin.py:115} INFO - [2022-09-10 05:11:32,624] {dag.py:2371} INFO - Sync 3 DAGs
[2022-09-10 05:11:32,668] {logging_mixin.py:115} INFO - [2022-09-10 05:11:32,668] {dag.py:2919} INFO - Setting next_dagrun for example_subdag_operator to 2022-09-08T00:00:00+00:00, run_after=2022-09-08T00:00:00+00:00
[2022-09-10 05:11:32,670] {logging_mixin.py:115} INFO - [2022-09-10 05:11:32,670] {dag.py:2919} INFO - Setting next_dagrun for example_subdag_operator.section-1 to None, run_after=None
[2022-09-10 05:11:32,672] {logging_mixin.py:115} INFO - [2022-09-10 05:11:32,672] {dag.py:2919} INFO - Setting next_dagrun for example_subdag_operator.section-2 to None, run_after=None
[2022-09-10 05:11:32,687] {logging_mixin.py:115} INFO - [2022-09-10 05:11:32,687] {dag.py:2371} INFO - Sync 2 DAGs
[2022-09-10 05:11:32,703] {logging_mixin.py:115} INFO - [2022-09-10 05:11:32,703] {dag.py:2919} INFO - Setting next_dagrun for example_subdag_operator.section-1 to None, run_after=None
[2022-09-10 05:11:32,705] {logging_mixin.py:115} INFO - [2022-09-10 05:11:32,705] {dag.py:2919} INFO - Setting next_dagrun for example_subdag_operator.section-2 to None, run_after=None
[2022-09-10 05:11:32,727] {processor.py:161} INFO - Processing /home/airflow/.local/lib/python3.7/site-packages/airflow/example_dags/example_subdag_operator.py took 0.270 seconds
[2022-09-10 05:12:25,486] {processor.py:153} INFO - Started process (PID=7705) to work on /home/airflow/.local/lib/python3.7/site-packages/airflow/example_dags/example_subdag_operator.py
[2022-09-10 05:12:25,488] {processor.py:641} INFO - Processing file /home/airflow/.local/lib/python3.7/site-packages/airflow/example_dags/example_subdag_operator.py for tasks to queue
[2022-09-10 05:12:25,490] {logging_mixin.py:115} INFO - [2022-09-10 05:12:25,490] {dagbag.py:507} INFO - Filling up the DagBag from /home/airflow/.local/lib/python3.7/site-packages/airflow/example_dags/example_subdag_operator.py
[2022-09-10 05:12:25,523] {processor.py:651} INFO - DAG(s) dict_keys(['example_subdag_operator.section-1', 'example_subdag_operator.section-2', 'example_subdag_operator']) retrieved from /home/airflow/.local/lib/python3.7/site-packages/airflow/example_dags/example_subdag_operator.py
[2022-09-10 05:12:25,566] {logging_mixin.py:115} INFO - [2022-09-10 05:12:25,566] {dag.py:2371} INFO - Sync 3 DAGs
[2022-09-10 05:12:25,593] {logging_mixin.py:115} INFO - [2022-09-10 05:12:25,593] {dag.py:2919} INFO - Setting next_dagrun for example_subdag_operator to 2022-09-08T00:00:00+00:00, run_after=2022-09-08T00:00:00+00:00
[2022-09-10 05:12:25,595] {logging_mixin.py:115} INFO - [2022-09-10 05:12:25,595] {dag.py:2919} INFO - Setting next_dagrun for example_subdag_operator.section-1 to None, run_after=None
[2022-09-10 05:12:25,596] {logging_mixin.py:115} INFO - [2022-09-10 05:12:25,596] {dag.py:2919} INFO - Setting next_dagrun for example_subdag_operator.section-2 to None, run_after=None
[2022-09-10 05:12:25,608] {logging_mixin.py:115} INFO - [2022-09-10 05:12:25,608] {dag.py:2371} INFO - Sync 2 DAGs
[2022-09-10 05:12:25,617] {logging_mixin.py:115} INFO - [2022-09-10 05:12:25,617] {dag.py:2919} INFO - Setting next_dagrun for example_subdag_operator.section-1 to None, run_after=None
[2022-09-10 05:12:25,618] {logging_mixin.py:115} INFO - [2022-09-10 05:12:25,618] {dag.py:2919} INFO - Setting next_dagrun for example_subdag_operator.section-2 to None, run_after=None
[2022-09-10 05:12:25,631] {processor.py:161} INFO - Processing /home/airflow/.local/lib/python3.7/site-packages/airflow/example_dags/example_subdag_operator.py took 0.149 seconds
[2022-09-10 05:51:11,250] {processor.py:153} INFO - Started process (PID=7763) to work on /home/airflow/.local/lib/python3.7/site-packages/airflow/example_dags/example_subdag_operator.py
[2022-09-10 05:51:11,267] {processor.py:641} INFO - Processing file /home/airflow/.local/lib/python3.7/site-packages/airflow/example_dags/example_subdag_operator.py for tasks to queue
[2022-09-10 05:51:11,270] {logging_mixin.py:115} INFO - [2022-09-10 05:51:11,270] {dagbag.py:507} INFO - Filling up the DagBag from /home/airflow/.local/lib/python3.7/site-packages/airflow/example_dags/example_subdag_operator.py
[2022-09-10 05:51:11,497] {processor.py:651} INFO - DAG(s) dict_keys(['example_subdag_operator.section-1', 'example_subdag_operator.section-2', 'example_subdag_operator']) retrieved from /home/airflow/.local/lib/python3.7/site-packages/airflow/example_dags/example_subdag_operator.py
[2022-09-10 05:51:11,747] {logging_mixin.py:115} INFO - [2022-09-10 05:51:11,735] {dag.py:2371} INFO - Sync 3 DAGs
[2022-09-10 05:51:11,915] {logging_mixin.py:115} INFO - [2022-09-10 05:51:11,915] {dag.py:2919} INFO - Setting next_dagrun for example_subdag_operator to 2022-09-08T00:00:00+00:00, run_after=2022-09-08T00:00:00+00:00
[2022-09-10 05:51:11,917] {logging_mixin.py:115} INFO - [2022-09-10 05:51:11,917] {dag.py:2919} INFO - Setting next_dagrun for example_subdag_operator.section-1 to None, run_after=None
[2022-09-10 05:51:11,920] {logging_mixin.py:115} INFO - [2022-09-10 05:51:11,920] {dag.py:2919} INFO - Setting next_dagrun for example_subdag_operator.section-2 to None, run_after=None
[2022-09-10 05:51:11,957] {logging_mixin.py:115} INFO - [2022-09-10 05:51:11,957] {dag.py:2371} INFO - Sync 2 DAGs
[2022-09-10 05:51:11,984] {logging_mixin.py:115} INFO - [2022-09-10 05:51:11,984] {dag.py:2919} INFO - Setting next_dagrun for example_subdag_operator.section-1 to None, run_after=None
[2022-09-10 05:51:11,987] {logging_mixin.py:115} INFO - [2022-09-10 05:51:11,987] {dag.py:2919} INFO - Setting next_dagrun for example_subdag_operator.section-2 to None, run_after=None
[2022-09-10 05:51:12,026] {processor.py:161} INFO - Processing /home/airflow/.local/lib/python3.7/site-packages/airflow/example_dags/example_subdag_operator.py took 0.794 seconds
[2022-09-10 06:45:22,547] {processor.py:153} INFO - Started process (PID=7823) to work on /home/airflow/.local/lib/python3.7/site-packages/airflow/example_dags/example_subdag_operator.py
[2022-09-10 06:45:22,550] {processor.py:641} INFO - Processing file /home/airflow/.local/lib/python3.7/site-packages/airflow/example_dags/example_subdag_operator.py for tasks to queue
[2022-09-10 06:45:22,553] {logging_mixin.py:115} INFO - [2022-09-10 06:45:22,553] {dagbag.py:507} INFO - Filling up the DagBag from /home/airflow/.local/lib/python3.7/site-packages/airflow/example_dags/example_subdag_operator.py
[2022-09-10 06:45:22,642] {processor.py:651} INFO - DAG(s) dict_keys(['example_subdag_operator.section-1', 'example_subdag_operator.section-2', 'example_subdag_operator']) retrieved from /home/airflow/.local/lib/python3.7/site-packages/airflow/example_dags/example_subdag_operator.py
[2022-09-10 06:45:22,736] {logging_mixin.py:115} INFO - [2022-09-10 06:45:22,736] {dag.py:2371} INFO - Sync 3 DAGs
[2022-09-10 06:45:22,769] {logging_mixin.py:115} INFO - [2022-09-10 06:45:22,769] {dag.py:2919} INFO - Setting next_dagrun for example_subdag_operator to 2022-09-08T00:00:00+00:00, run_after=2022-09-08T00:00:00+00:00
[2022-09-10 06:45:22,770] {logging_mixin.py:115} INFO - [2022-09-10 06:45:22,770] {dag.py:2919} INFO - Setting next_dagrun for example_subdag_operator.section-1 to None, run_after=None
[2022-09-10 06:45:22,772] {logging_mixin.py:115} INFO - [2022-09-10 06:45:22,771] {dag.py:2919} INFO - Setting next_dagrun for example_subdag_operator.section-2 to None, run_after=None
[2022-09-10 06:45:22,785] {logging_mixin.py:115} INFO - [2022-09-10 06:45:22,785] {dag.py:2371} INFO - Sync 2 DAGs
[2022-09-10 06:45:22,797] {logging_mixin.py:115} INFO - [2022-09-10 06:45:22,797] {dag.py:2919} INFO - Setting next_dagrun for example_subdag_operator.section-1 to None, run_after=None
[2022-09-10 06:45:22,799] {logging_mixin.py:115} INFO - [2022-09-10 06:45:22,799] {dag.py:2919} INFO - Setting next_dagrun for example_subdag_operator.section-2 to None, run_after=None
[2022-09-10 06:45:22,820] {processor.py:161} INFO - Processing /home/airflow/.local/lib/python3.7/site-packages/airflow/example_dags/example_subdag_operator.py took 0.288 seconds
[2022-09-10 08:33:31,815] {processor.py:153} INFO - Started process (PID=7906) to work on /home/airflow/.local/lib/python3.7/site-packages/airflow/example_dags/example_subdag_operator.py
[2022-09-10 08:33:31,819] {processor.py:641} INFO - Processing file /home/airflow/.local/lib/python3.7/site-packages/airflow/example_dags/example_subdag_operator.py for tasks to queue
[2022-09-10 08:33:31,827] {logging_mixin.py:115} INFO - [2022-09-10 08:33:31,827] {dagbag.py:507} INFO - Filling up the DagBag from /home/airflow/.local/lib/python3.7/site-packages/airflow/example_dags/example_subdag_operator.py
[2022-09-10 08:33:32,094] {processor.py:651} INFO - DAG(s) dict_keys(['example_subdag_operator.section-1', 'example_subdag_operator.section-2', 'example_subdag_operator']) retrieved from /home/airflow/.local/lib/python3.7/site-packages/airflow/example_dags/example_subdag_operator.py
[2022-09-10 08:33:32,272] {logging_mixin.py:115} INFO - [2022-09-10 08:33:32,272] {dag.py:2371} INFO - Sync 3 DAGs
[2022-09-10 08:33:32,344] {logging_mixin.py:115} INFO - [2022-09-10 08:33:32,344] {dag.py:2919} INFO - Setting next_dagrun for example_subdag_operator to 2022-09-08T00:00:00+00:00, run_after=2022-09-08T00:00:00+00:00
[2022-09-10 08:33:32,346] {logging_mixin.py:115} INFO - [2022-09-10 08:33:32,346] {dag.py:2919} INFO - Setting next_dagrun for example_subdag_operator.section-1 to None, run_after=None
[2022-09-10 08:33:32,347] {logging_mixin.py:115} INFO - [2022-09-10 08:33:32,347] {dag.py:2919} INFO - Setting next_dagrun for example_subdag_operator.section-2 to None, run_after=None
[2022-09-10 08:33:32,386] {logging_mixin.py:115} INFO - [2022-09-10 08:33:32,386] {dag.py:2371} INFO - Sync 2 DAGs
[2022-09-10 08:33:32,411] {logging_mixin.py:115} INFO - [2022-09-10 08:33:32,411] {dag.py:2919} INFO - Setting next_dagrun for example_subdag_operator.section-1 to None, run_after=None
[2022-09-10 08:33:32,414] {logging_mixin.py:115} INFO - [2022-09-10 08:33:32,414] {dag.py:2919} INFO - Setting next_dagrun for example_subdag_operator.section-2 to None, run_after=None
[2022-09-10 08:33:32,443] {processor.py:161} INFO - Processing /home/airflow/.local/lib/python3.7/site-packages/airflow/example_dags/example_subdag_operator.py took 0.652 seconds
[2022-09-10 09:23:06,721] {processor.py:153} INFO - Started process (PID=7973) to work on /home/airflow/.local/lib/python3.7/site-packages/airflow/example_dags/example_subdag_operator.py
[2022-09-10 09:23:06,733] {processor.py:641} INFO - Processing file /home/airflow/.local/lib/python3.7/site-packages/airflow/example_dags/example_subdag_operator.py for tasks to queue
[2022-09-10 09:23:06,736] {logging_mixin.py:115} INFO - [2022-09-10 09:23:06,736] {dagbag.py:507} INFO - Filling up the DagBag from /home/airflow/.local/lib/python3.7/site-packages/airflow/example_dags/example_subdag_operator.py
[2022-09-10 09:23:06,895] {processor.py:651} INFO - DAG(s) dict_keys(['example_subdag_operator.section-1', 'example_subdag_operator.section-2', 'example_subdag_operator']) retrieved from /home/airflow/.local/lib/python3.7/site-packages/airflow/example_dags/example_subdag_operator.py
[2022-09-10 09:23:07,082] {logging_mixin.py:115} INFO - [2022-09-10 09:23:07,082] {dag.py:2371} INFO - Sync 3 DAGs
[2022-09-10 09:23:07,203] {logging_mixin.py:115} INFO - [2022-09-10 09:23:07,203] {dag.py:2919} INFO - Setting next_dagrun for example_subdag_operator to 2022-09-08T00:00:00+00:00, run_after=2022-09-08T00:00:00+00:00
[2022-09-10 09:23:07,207] {logging_mixin.py:115} INFO - [2022-09-10 09:23:07,207] {dag.py:2919} INFO - Setting next_dagrun for example_subdag_operator.section-1 to None, run_after=None
[2022-09-10 09:23:07,213] {logging_mixin.py:115} INFO - [2022-09-10 09:23:07,208] {dag.py:2919} INFO - Setting next_dagrun for example_subdag_operator.section-2 to None, run_after=None
[2022-09-10 09:23:07,249] {logging_mixin.py:115} INFO - [2022-09-10 09:23:07,249] {dag.py:2371} INFO - Sync 2 DAGs
[2022-09-10 09:23:07,289] {logging_mixin.py:115} INFO - [2022-09-10 09:23:07,289] {dag.py:2919} INFO - Setting next_dagrun for example_subdag_operator.section-1 to None, run_after=None
[2022-09-10 09:23:07,292] {logging_mixin.py:115} INFO - [2022-09-10 09:23:07,291] {dag.py:2919} INFO - Setting next_dagrun for example_subdag_operator.section-2 to None, run_after=None
[2022-09-10 09:23:07,331] {processor.py:161} INFO - Processing /home/airflow/.local/lib/python3.7/site-packages/airflow/example_dags/example_subdag_operator.py took 0.614 seconds
[2022-09-10 10:17:22,178] {processor.py:153} INFO - Started process (PID=8050) to work on /home/airflow/.local/lib/python3.7/site-packages/airflow/example_dags/example_subdag_operator.py
[2022-09-10 10:17:22,181] {processor.py:641} INFO - Processing file /home/airflow/.local/lib/python3.7/site-packages/airflow/example_dags/example_subdag_operator.py for tasks to queue
[2022-09-10 10:17:22,183] {logging_mixin.py:115} INFO - [2022-09-10 10:17:22,183] {dagbag.py:507} INFO - Filling up the DagBag from /home/airflow/.local/lib/python3.7/site-packages/airflow/example_dags/example_subdag_operator.py
[2022-09-10 10:17:22,275] {processor.py:651} INFO - DAG(s) dict_keys(['example_subdag_operator.section-1', 'example_subdag_operator.section-2', 'example_subdag_operator']) retrieved from /home/airflow/.local/lib/python3.7/site-packages/airflow/example_dags/example_subdag_operator.py
[2022-09-10 10:17:22,419] {logging_mixin.py:115} INFO - [2022-09-10 10:17:22,419] {dag.py:2371} INFO - Sync 3 DAGs
[2022-09-10 10:17:22,483] {logging_mixin.py:115} INFO - [2022-09-10 10:17:22,483] {dag.py:2919} INFO - Setting next_dagrun for example_subdag_operator to 2022-09-08T00:00:00+00:00, run_after=2022-09-08T00:00:00+00:00
[2022-09-10 10:17:22,485] {logging_mixin.py:115} INFO - [2022-09-10 10:17:22,485] {dag.py:2919} INFO - Setting next_dagrun for example_subdag_operator.section-1 to None, run_after=None
[2022-09-10 10:17:22,487] {logging_mixin.py:115} INFO - [2022-09-10 10:17:22,486] {dag.py:2919} INFO - Setting next_dagrun for example_subdag_operator.section-2 to None, run_after=None
[2022-09-10 10:17:22,507] {logging_mixin.py:115} INFO - [2022-09-10 10:17:22,506] {dag.py:2371} INFO - Sync 2 DAGs
[2022-09-10 10:17:22,527] {logging_mixin.py:115} INFO - [2022-09-10 10:17:22,527] {dag.py:2919} INFO - Setting next_dagrun for example_subdag_operator.section-1 to None, run_after=None
[2022-09-10 10:17:22,530] {logging_mixin.py:115} INFO - [2022-09-10 10:17:22,529] {dag.py:2919} INFO - Setting next_dagrun for example_subdag_operator.section-2 to None, run_after=None
[2022-09-10 10:17:22,559] {processor.py:161} INFO - Processing /home/airflow/.local/lib/python3.7/site-packages/airflow/example_dags/example_subdag_operator.py took 0.395 seconds
[2022-09-10 11:16:18,471] {processor.py:153} INFO - Started process (PID=8104) to work on /home/airflow/.local/lib/python3.7/site-packages/airflow/example_dags/example_subdag_operator.py
[2022-09-10 11:16:18,473] {processor.py:641} INFO - Processing file /home/airflow/.local/lib/python3.7/site-packages/airflow/example_dags/example_subdag_operator.py for tasks to queue
[2022-09-10 11:16:18,476] {logging_mixin.py:115} INFO - [2022-09-10 11:16:18,476] {dagbag.py:507} INFO - Filling up the DagBag from /home/airflow/.local/lib/python3.7/site-packages/airflow/example_dags/example_subdag_operator.py
[2022-09-10 11:16:18,522] {processor.py:651} INFO - DAG(s) dict_keys(['example_subdag_operator.section-1', 'example_subdag_operator.section-2', 'example_subdag_operator']) retrieved from /home/airflow/.local/lib/python3.7/site-packages/airflow/example_dags/example_subdag_operator.py
[2022-09-10 11:16:18,598] {logging_mixin.py:115} INFO - [2022-09-10 11:16:18,598] {dag.py:2371} INFO - Sync 3 DAGs
[2022-09-10 11:16:18,640] {logging_mixin.py:115} INFO - [2022-09-10 11:16:18,639] {dag.py:2919} INFO - Setting next_dagrun for example_subdag_operator to 2022-09-08T00:00:00+00:00, run_after=2022-09-08T00:00:00+00:00
[2022-09-10 11:16:18,642] {logging_mixin.py:115} INFO - [2022-09-10 11:16:18,642] {dag.py:2919} INFO - Setting next_dagrun for example_subdag_operator.section-1 to None, run_after=None
[2022-09-10 11:16:18,644] {logging_mixin.py:115} INFO - [2022-09-10 11:16:18,644] {dag.py:2919} INFO - Setting next_dagrun for example_subdag_operator.section-2 to None, run_after=None
[2022-09-10 11:16:18,657] {logging_mixin.py:115} INFO - [2022-09-10 11:16:18,657] {dag.py:2371} INFO - Sync 2 DAGs
[2022-09-10 11:16:18,676] {logging_mixin.py:115} INFO - [2022-09-10 11:16:18,675] {dag.py:2919} INFO - Setting next_dagrun for example_subdag_operator.section-1 to None, run_after=None
[2022-09-10 11:16:18,677] {logging_mixin.py:115} INFO - [2022-09-10 11:16:18,677] {dag.py:2919} INFO - Setting next_dagrun for example_subdag_operator.section-2 to None, run_after=None
[2022-09-10 11:16:18,694] {processor.py:161} INFO - Processing /home/airflow/.local/lib/python3.7/site-packages/airflow/example_dags/example_subdag_operator.py took 0.232 seconds
[2022-09-10 12:05:15,932] {processor.py:153} INFO - Started process (PID=8169) to work on /home/airflow/.local/lib/python3.7/site-packages/airflow/example_dags/example_subdag_operator.py
[2022-09-10 12:05:15,938] {processor.py:641} INFO - Processing file /home/airflow/.local/lib/python3.7/site-packages/airflow/example_dags/example_subdag_operator.py for tasks to queue
[2022-09-10 12:05:15,941] {logging_mixin.py:115} INFO - [2022-09-10 12:05:15,941] {dagbag.py:507} INFO - Filling up the DagBag from /home/airflow/.local/lib/python3.7/site-packages/airflow/example_dags/example_subdag_operator.py
[2022-09-10 12:05:16,020] {processor.py:651} INFO - DAG(s) dict_keys(['example_subdag_operator.section-1', 'example_subdag_operator.section-2', 'example_subdag_operator']) retrieved from /home/airflow/.local/lib/python3.7/site-packages/airflow/example_dags/example_subdag_operator.py
[2022-09-10 12:05:16,140] {logging_mixin.py:115} INFO - [2022-09-10 12:05:16,140] {dag.py:2371} INFO - Sync 3 DAGs
[2022-09-10 12:05:16,196] {logging_mixin.py:115} INFO - [2022-09-10 12:05:16,195] {dag.py:2919} INFO - Setting next_dagrun for example_subdag_operator to 2022-09-08T00:00:00+00:00, run_after=2022-09-08T00:00:00+00:00
[2022-09-10 12:05:16,199] {logging_mixin.py:115} INFO - [2022-09-10 12:05:16,198] {dag.py:2919} INFO - Setting next_dagrun for example_subdag_operator.section-1 to None, run_after=None
[2022-09-10 12:05:16,201] {logging_mixin.py:115} INFO - [2022-09-10 12:05:16,201] {dag.py:2919} INFO - Setting next_dagrun for example_subdag_operator.section-2 to None, run_after=None
[2022-09-10 12:05:16,219] {logging_mixin.py:115} INFO - [2022-09-10 12:05:16,219] {dag.py:2371} INFO - Sync 2 DAGs
[2022-09-10 12:05:16,233] {logging_mixin.py:115} INFO - [2022-09-10 12:05:16,233] {dag.py:2919} INFO - Setting next_dagrun for example_subdag_operator.section-1 to None, run_after=None
[2022-09-10 12:05:16,245] {logging_mixin.py:115} INFO - [2022-09-10 12:05:16,245] {dag.py:2919} INFO - Setting next_dagrun for example_subdag_operator.section-2 to None, run_after=None
[2022-09-10 12:05:16,268] {processor.py:161} INFO - Processing /home/airflow/.local/lib/python3.7/site-packages/airflow/example_dags/example_subdag_operator.py took 0.348 seconds
[2022-09-10 12:06:37,254] {processor.py:153} INFO - Started process (PID=8247) to work on /home/airflow/.local/lib/python3.7/site-packages/airflow/example_dags/example_subdag_operator.py
[2022-09-10 12:06:37,263] {processor.py:641} INFO - Processing file /home/airflow/.local/lib/python3.7/site-packages/airflow/example_dags/example_subdag_operator.py for tasks to queue
[2022-09-10 12:06:37,269] {logging_mixin.py:115} INFO - [2022-09-10 12:06:37,268] {dagbag.py:507} INFO - Filling up the DagBag from /home/airflow/.local/lib/python3.7/site-packages/airflow/example_dags/example_subdag_operator.py
[2022-09-10 12:06:37,401] {processor.py:651} INFO - DAG(s) dict_keys(['example_subdag_operator.section-1', 'example_subdag_operator.section-2', 'example_subdag_operator']) retrieved from /home/airflow/.local/lib/python3.7/site-packages/airflow/example_dags/example_subdag_operator.py
[2022-09-10 12:06:37,744] {logging_mixin.py:115} INFO - [2022-09-10 12:06:37,743] {dag.py:2371} INFO - Sync 3 DAGs
[2022-09-10 12:06:37,904] {logging_mixin.py:115} INFO - [2022-09-10 12:06:37,904] {dag.py:2919} INFO - Setting next_dagrun for example_subdag_operator to 2022-09-08T00:00:00+00:00, run_after=2022-09-08T00:00:00+00:00
[2022-09-10 12:06:37,912] {logging_mixin.py:115} INFO - [2022-09-10 12:06:37,912] {dag.py:2919} INFO - Setting next_dagrun for example_subdag_operator.section-1 to None, run_after=None
[2022-09-10 12:06:37,921] {logging_mixin.py:115} INFO - [2022-09-10 12:06:37,921] {dag.py:2919} INFO - Setting next_dagrun for example_subdag_operator.section-2 to None, run_after=None
[2022-09-10 12:06:38,001] {logging_mixin.py:115} INFO - [2022-09-10 12:06:37,992] {dag.py:2371} INFO - Sync 2 DAGs
[2022-09-10 12:06:38,048] {logging_mixin.py:115} INFO - [2022-09-10 12:06:38,047] {dag.py:2919} INFO - Setting next_dagrun for example_subdag_operator.section-1 to None, run_after=None
[2022-09-10 12:06:38,056] {logging_mixin.py:115} INFO - [2022-09-10 12:06:38,056] {dag.py:2919} INFO - Setting next_dagrun for example_subdag_operator.section-2 to None, run_after=None
[2022-09-10 12:06:38,145] {processor.py:161} INFO - Processing /home/airflow/.local/lib/python3.7/site-packages/airflow/example_dags/example_subdag_operator.py took 0.924 seconds
[2022-09-10 12:07:08,721] {processor.py:153} INFO - Started process (PID=8302) to work on /home/airflow/.local/lib/python3.7/site-packages/airflow/example_dags/example_subdag_operator.py
[2022-09-10 12:07:08,723] {processor.py:641} INFO - Processing file /home/airflow/.local/lib/python3.7/site-packages/airflow/example_dags/example_subdag_operator.py for tasks to queue
[2022-09-10 12:07:08,725] {logging_mixin.py:115} INFO - [2022-09-10 12:07:08,725] {dagbag.py:507} INFO - Filling up the DagBag from /home/airflow/.local/lib/python3.7/site-packages/airflow/example_dags/example_subdag_operator.py
[2022-09-10 12:07:08,772] {processor.py:651} INFO - DAG(s) dict_keys(['example_subdag_operator.section-1', 'example_subdag_operator.section-2', 'example_subdag_operator']) retrieved from /home/airflow/.local/lib/python3.7/site-packages/airflow/example_dags/example_subdag_operator.py
[2022-09-10 12:07:08,828] {logging_mixin.py:115} INFO - [2022-09-10 12:07:08,828] {dag.py:2371} INFO - Sync 3 DAGs
[2022-09-10 12:07:08,866] {logging_mixin.py:115} INFO - [2022-09-10 12:07:08,866] {dag.py:2919} INFO - Setting next_dagrun for example_subdag_operator to 2022-09-08T00:00:00+00:00, run_after=2022-09-08T00:00:00+00:00
[2022-09-10 12:07:08,868] {logging_mixin.py:115} INFO - [2022-09-10 12:07:08,868] {dag.py:2919} INFO - Setting next_dagrun for example_subdag_operator.section-1 to None, run_after=None
[2022-09-10 12:07:08,869] {logging_mixin.py:115} INFO - [2022-09-10 12:07:08,869] {dag.py:2919} INFO - Setting next_dagrun for example_subdag_operator.section-2 to None, run_after=None
[2022-09-10 12:07:08,881] {logging_mixin.py:115} INFO - [2022-09-10 12:07:08,881] {dag.py:2371} INFO - Sync 2 DAGs
[2022-09-10 12:07:08,891] {logging_mixin.py:115} INFO - [2022-09-10 12:07:08,891] {dag.py:2919} INFO - Setting next_dagrun for example_subdag_operator.section-1 to None, run_after=None
[2022-09-10 12:07:08,892] {logging_mixin.py:115} INFO - [2022-09-10 12:07:08,892] {dag.py:2919} INFO - Setting next_dagrun for example_subdag_operator.section-2 to None, run_after=None
[2022-09-10 12:07:08,904] {processor.py:161} INFO - Processing /home/airflow/.local/lib/python3.7/site-packages/airflow/example_dags/example_subdag_operator.py took 0.189 seconds
[2022-09-10 13:00:20,037] {processor.py:153} INFO - Started process (PID=8367) to work on /home/airflow/.local/lib/python3.7/site-packages/airflow/example_dags/example_subdag_operator.py
[2022-09-10 13:00:20,040] {processor.py:641} INFO - Processing file /home/airflow/.local/lib/python3.7/site-packages/airflow/example_dags/example_subdag_operator.py for tasks to queue
[2022-09-10 13:00:20,047] {logging_mixin.py:115} INFO - [2022-09-10 13:00:20,047] {dagbag.py:507} INFO - Filling up the DagBag from /home/airflow/.local/lib/python3.7/site-packages/airflow/example_dags/example_subdag_operator.py
[2022-09-10 13:00:20,278] {processor.py:651} INFO - DAG(s) dict_keys(['example_subdag_operator.section-1', 'example_subdag_operator.section-2', 'example_subdag_operator']) retrieved from /home/airflow/.local/lib/python3.7/site-packages/airflow/example_dags/example_subdag_operator.py
[2022-09-10 13:00:20,635] {logging_mixin.py:115} INFO - [2022-09-10 13:00:20,635] {dag.py:2371} INFO - Sync 3 DAGs
[2022-09-10 13:00:20,909] {logging_mixin.py:115} INFO - [2022-09-10 13:00:20,909] {dag.py:2919} INFO - Setting next_dagrun for example_subdag_operator to 2022-09-08T00:00:00+00:00, run_after=2022-09-08T00:00:00+00:00
[2022-09-10 13:00:20,915] {logging_mixin.py:115} INFO - [2022-09-10 13:00:20,915] {dag.py:2919} INFO - Setting next_dagrun for example_subdag_operator.section-1 to None, run_after=None
[2022-09-10 13:00:20,917] {logging_mixin.py:115} INFO - [2022-09-10 13:00:20,917] {dag.py:2919} INFO - Setting next_dagrun for example_subdag_operator.section-2 to None, run_after=None
[2022-09-10 13:00:20,975] {logging_mixin.py:115} INFO - [2022-09-10 13:00:20,975] {dag.py:2371} INFO - Sync 2 DAGs
[2022-09-10 13:00:20,989] {logging_mixin.py:115} INFO - [2022-09-10 13:00:20,989] {dag.py:2919} INFO - Setting next_dagrun for example_subdag_operator.section-1 to None, run_after=None
[2022-09-10 13:00:20,992] {logging_mixin.py:115} INFO - [2022-09-10 13:00:20,992] {dag.py:2919} INFO - Setting next_dagrun for example_subdag_operator.section-2 to None, run_after=None
[2022-09-10 13:00:21,055] {processor.py:161} INFO - Processing /home/airflow/.local/lib/python3.7/site-packages/airflow/example_dags/example_subdag_operator.py took 1.041 seconds
[2022-09-10 14:48:33,336] {processor.py:153} INFO - Started process (PID=8464) to work on /home/airflow/.local/lib/python3.7/site-packages/airflow/example_dags/example_subdag_operator.py
[2022-09-10 14:48:33,343] {processor.py:641} INFO - Processing file /home/airflow/.local/lib/python3.7/site-packages/airflow/example_dags/example_subdag_operator.py for tasks to queue
[2022-09-10 14:48:33,349] {logging_mixin.py:115} INFO - [2022-09-10 14:48:33,349] {dagbag.py:507} INFO - Filling up the DagBag from /home/airflow/.local/lib/python3.7/site-packages/airflow/example_dags/example_subdag_operator.py
[2022-09-10 14:48:33,496] {processor.py:651} INFO - DAG(s) dict_keys(['example_subdag_operator.section-1', 'example_subdag_operator.section-2', 'example_subdag_operator']) retrieved from /home/airflow/.local/lib/python3.7/site-packages/airflow/example_dags/example_subdag_operator.py
[2022-09-10 14:48:33,778] {logging_mixin.py:115} INFO - [2022-09-10 14:48:33,777] {dag.py:2371} INFO - Sync 3 DAGs
[2022-09-10 14:48:34,011] {logging_mixin.py:115} INFO - [2022-09-10 14:48:34,011] {dag.py:2919} INFO - Setting next_dagrun for example_subdag_operator to 2022-09-08T00:00:00+00:00, run_after=2022-09-08T00:00:00+00:00
[2022-09-10 14:48:34,014] {logging_mixin.py:115} INFO - [2022-09-10 14:48:34,014] {dag.py:2919} INFO - Setting next_dagrun for example_subdag_operator.section-1 to None, run_after=None
[2022-09-10 14:48:34,016] {logging_mixin.py:115} INFO - [2022-09-10 14:48:34,015] {dag.py:2919} INFO - Setting next_dagrun for example_subdag_operator.section-2 to None, run_after=None
[2022-09-10 14:48:34,111] {logging_mixin.py:115} INFO - [2022-09-10 14:48:34,111] {dag.py:2371} INFO - Sync 2 DAGs
[2022-09-10 14:48:34,163] {logging_mixin.py:115} INFO - [2022-09-10 14:48:34,163] {dag.py:2919} INFO - Setting next_dagrun for example_subdag_operator.section-1 to None, run_after=None
[2022-09-10 14:48:34,165] {logging_mixin.py:115} INFO - [2022-09-10 14:48:34,165] {dag.py:2919} INFO - Setting next_dagrun for example_subdag_operator.section-2 to None, run_after=None
[2022-09-10 14:48:34,237] {processor.py:161} INFO - Processing /home/airflow/.local/lib/python3.7/site-packages/airflow/example_dags/example_subdag_operator.py took 0.918 seconds
[2022-09-10 15:10:22,646] {processor.py:153} INFO - Started process (PID=8556) to work on /home/airflow/.local/lib/python3.7/site-packages/airflow/example_dags/example_subdag_operator.py
[2022-09-10 15:10:22,648] {processor.py:641} INFO - Processing file /home/airflow/.local/lib/python3.7/site-packages/airflow/example_dags/example_subdag_operator.py for tasks to queue
[2022-09-10 15:10:22,650] {logging_mixin.py:115} INFO - [2022-09-10 15:10:22,650] {dagbag.py:507} INFO - Filling up the DagBag from /home/airflow/.local/lib/python3.7/site-packages/airflow/example_dags/example_subdag_operator.py
[2022-09-10 15:10:22,719] {processor.py:651} INFO - DAG(s) dict_keys(['example_subdag_operator.section-1', 'example_subdag_operator.section-2', 'example_subdag_operator']) retrieved from /home/airflow/.local/lib/python3.7/site-packages/airflow/example_dags/example_subdag_operator.py
[2022-09-10 15:10:22,772] {logging_mixin.py:115} INFO - [2022-09-10 15:10:22,772] {dag.py:2371} INFO - Sync 3 DAGs
[2022-09-10 15:10:22,831] {logging_mixin.py:115} INFO - [2022-09-10 15:10:22,831] {dag.py:2919} INFO - Setting next_dagrun for example_subdag_operator to 2022-09-08T00:00:00+00:00, run_after=2022-09-08T00:00:00+00:00
[2022-09-10 15:10:22,836] {logging_mixin.py:115} INFO - [2022-09-10 15:10:22,836] {dag.py:2919} INFO - Setting next_dagrun for example_subdag_operator.section-1 to None, run_after=None
[2022-09-10 15:10:22,838] {logging_mixin.py:115} INFO - [2022-09-10 15:10:22,838] {dag.py:2919} INFO - Setting next_dagrun for example_subdag_operator.section-2 to None, run_after=None
[2022-09-10 15:10:22,855] {logging_mixin.py:115} INFO - [2022-09-10 15:10:22,854] {dag.py:2371} INFO - Sync 2 DAGs
[2022-09-10 15:10:22,864] {logging_mixin.py:115} INFO - [2022-09-10 15:10:22,864] {dag.py:2919} INFO - Setting next_dagrun for example_subdag_operator.section-1 to None, run_after=None
[2022-09-10 15:10:22,866] {logging_mixin.py:115} INFO - [2022-09-10 15:10:22,866] {dag.py:2919} INFO - Setting next_dagrun for example_subdag_operator.section-2 to None, run_after=None
[2022-09-10 15:10:22,879] {processor.py:161} INFO - Processing /home/airflow/.local/lib/python3.7/site-packages/airflow/example_dags/example_subdag_operator.py took 0.241 seconds
[2022-09-10 15:11:15,215] {processor.py:153} INFO - Started process (PID=8621) to work on /home/airflow/.local/lib/python3.7/site-packages/airflow/example_dags/example_subdag_operator.py
[2022-09-10 15:11:15,221] {processor.py:641} INFO - Processing file /home/airflow/.local/lib/python3.7/site-packages/airflow/example_dags/example_subdag_operator.py for tasks to queue
[2022-09-10 15:11:15,224] {logging_mixin.py:115} INFO - [2022-09-10 15:11:15,224] {dagbag.py:507} INFO - Filling up the DagBag from /home/airflow/.local/lib/python3.7/site-packages/airflow/example_dags/example_subdag_operator.py
[2022-09-10 15:11:15,327] {processor.py:651} INFO - DAG(s) dict_keys(['example_subdag_operator.section-1', 'example_subdag_operator.section-2', 'example_subdag_operator']) retrieved from /home/airflow/.local/lib/python3.7/site-packages/airflow/example_dags/example_subdag_operator.py
[2022-09-10 15:11:15,427] {logging_mixin.py:115} INFO - [2022-09-10 15:11:15,427] {dag.py:2371} INFO - Sync 3 DAGs
[2022-09-10 15:11:15,462] {logging_mixin.py:115} INFO - [2022-09-10 15:11:15,462] {dag.py:2919} INFO - Setting next_dagrun for example_subdag_operator to 2022-09-08T00:00:00+00:00, run_after=2022-09-08T00:00:00+00:00
[2022-09-10 15:11:15,464] {logging_mixin.py:115} INFO - [2022-09-10 15:11:15,464] {dag.py:2919} INFO - Setting next_dagrun for example_subdag_operator.section-1 to None, run_after=None
[2022-09-10 15:11:15,465] {logging_mixin.py:115} INFO - [2022-09-10 15:11:15,465] {dag.py:2919} INFO - Setting next_dagrun for example_subdag_operator.section-2 to None, run_after=None
[2022-09-10 15:11:15,487] {logging_mixin.py:115} INFO - [2022-09-10 15:11:15,487] {dag.py:2371} INFO - Sync 2 DAGs
[2022-09-10 15:11:15,502] {logging_mixin.py:115} INFO - [2022-09-10 15:11:15,502] {dag.py:2919} INFO - Setting next_dagrun for example_subdag_operator.section-1 to None, run_after=None
[2022-09-10 15:11:15,504] {logging_mixin.py:115} INFO - [2022-09-10 15:11:15,504] {dag.py:2919} INFO - Setting next_dagrun for example_subdag_operator.section-2 to None, run_after=None
[2022-09-10 15:11:15,522] {processor.py:161} INFO - Processing /home/airflow/.local/lib/python3.7/site-packages/airflow/example_dags/example_subdag_operator.py took 0.313 seconds
[2022-09-10 15:51:14,830] {processor.py:153} INFO - Started process (PID=8683) to work on /home/airflow/.local/lib/python3.7/site-packages/airflow/example_dags/example_subdag_operator.py
[2022-09-10 15:51:14,832] {processor.py:641} INFO - Processing file /home/airflow/.local/lib/python3.7/site-packages/airflow/example_dags/example_subdag_operator.py for tasks to queue
[2022-09-10 15:51:14,833] {logging_mixin.py:115} INFO - [2022-09-10 15:51:14,833] {dagbag.py:507} INFO - Filling up the DagBag from /home/airflow/.local/lib/python3.7/site-packages/airflow/example_dags/example_subdag_operator.py
[2022-09-10 15:51:14,946] {processor.py:651} INFO - DAG(s) dict_keys(['example_subdag_operator.section-1', 'example_subdag_operator.section-2', 'example_subdag_operator']) retrieved from /home/airflow/.local/lib/python3.7/site-packages/airflow/example_dags/example_subdag_operator.py
[2022-09-10 15:51:15,087] {logging_mixin.py:115} INFO - [2022-09-10 15:51:15,086] {dag.py:2371} INFO - Sync 3 DAGs
[2022-09-10 15:51:15,169] {logging_mixin.py:115} INFO - [2022-09-10 15:51:15,169] {dag.py:2919} INFO - Setting next_dagrun for example_subdag_operator to 2022-09-08T00:00:00+00:00, run_after=2022-09-08T00:00:00+00:00
[2022-09-10 15:51:15,172] {logging_mixin.py:115} INFO - [2022-09-10 15:51:15,172] {dag.py:2919} INFO - Setting next_dagrun for example_subdag_operator.section-1 to None, run_after=None
[2022-09-10 15:51:15,177] {logging_mixin.py:115} INFO - [2022-09-10 15:51:15,177] {dag.py:2919} INFO - Setting next_dagrun for example_subdag_operator.section-2 to None, run_after=None
[2022-09-10 15:51:15,196] {logging_mixin.py:115} INFO - [2022-09-10 15:51:15,196] {dag.py:2371} INFO - Sync 2 DAGs
[2022-09-10 15:51:15,209] {logging_mixin.py:115} INFO - [2022-09-10 15:51:15,209] {dag.py:2919} INFO - Setting next_dagrun for example_subdag_operator.section-1 to None, run_after=None
[2022-09-10 15:51:15,212] {logging_mixin.py:115} INFO - [2022-09-10 15:51:15,212] {dag.py:2919} INFO - Setting next_dagrun for example_subdag_operator.section-2 to None, run_after=None
[2022-09-10 15:51:15,225] {processor.py:161} INFO - Processing /home/airflow/.local/lib/python3.7/site-packages/airflow/example_dags/example_subdag_operator.py took 0.429 seconds
[2022-09-10 17:38:37,067] {processor.py:153} INFO - Started process (PID=8749) to work on /home/airflow/.local/lib/python3.7/site-packages/airflow/example_dags/example_subdag_operator.py
[2022-09-10 17:38:37,076] {processor.py:641} INFO - Processing file /home/airflow/.local/lib/python3.7/site-packages/airflow/example_dags/example_subdag_operator.py for tasks to queue
[2022-09-10 17:38:37,085] {logging_mixin.py:115} INFO - [2022-09-10 17:38:37,085] {dagbag.py:507} INFO - Filling up the DagBag from /home/airflow/.local/lib/python3.7/site-packages/airflow/example_dags/example_subdag_operator.py
[2022-09-10 17:38:37,195] {processor.py:651} INFO - DAG(s) dict_keys(['example_subdag_operator.section-1', 'example_subdag_operator.section-2', 'example_subdag_operator']) retrieved from /home/airflow/.local/lib/python3.7/site-packages/airflow/example_dags/example_subdag_operator.py
[2022-09-10 17:38:37,332] {logging_mixin.py:115} INFO - [2022-09-10 17:38:37,332] {dag.py:2371} INFO - Sync 3 DAGs
[2022-09-10 17:38:37,383] {logging_mixin.py:115} INFO - [2022-09-10 17:38:37,383] {dag.py:2919} INFO - Setting next_dagrun for example_subdag_operator to 2022-09-08T00:00:00+00:00, run_after=2022-09-08T00:00:00+00:00
[2022-09-10 17:38:37,384] {logging_mixin.py:115} INFO - [2022-09-10 17:38:37,384] {dag.py:2919} INFO - Setting next_dagrun for example_subdag_operator.section-1 to None, run_after=None
[2022-09-10 17:38:37,386] {logging_mixin.py:115} INFO - [2022-09-10 17:38:37,386] {dag.py:2919} INFO - Setting next_dagrun for example_subdag_operator.section-2 to None, run_after=None
[2022-09-10 17:38:37,400] {logging_mixin.py:115} INFO - [2022-09-10 17:38:37,400] {dag.py:2371} INFO - Sync 2 DAGs
[2022-09-10 17:38:37,415] {logging_mixin.py:115} INFO - [2022-09-10 17:38:37,414] {dag.py:2919} INFO - Setting next_dagrun for example_subdag_operator.section-1 to None, run_after=None
[2022-09-10 17:38:37,416] {logging_mixin.py:115} INFO - [2022-09-10 17:38:37,416] {dag.py:2919} INFO - Setting next_dagrun for example_subdag_operator.section-2 to None, run_after=None
[2022-09-10 17:38:37,453] {processor.py:161} INFO - Processing /home/airflow/.local/lib/python3.7/site-packages/airflow/example_dags/example_subdag_operator.py took 0.401 seconds
[2022-09-10 17:39:32,018] {processor.py:153} INFO - Started process (PID=8831) to work on /home/airflow/.local/lib/python3.7/site-packages/airflow/example_dags/example_subdag_operator.py
[2022-09-10 17:39:32,021] {processor.py:641} INFO - Processing file /home/airflow/.local/lib/python3.7/site-packages/airflow/example_dags/example_subdag_operator.py for tasks to queue
[2022-09-10 17:39:32,024] {logging_mixin.py:115} INFO - [2022-09-10 17:39:32,024] {dagbag.py:507} INFO - Filling up the DagBag from /home/airflow/.local/lib/python3.7/site-packages/airflow/example_dags/example_subdag_operator.py
[2022-09-10 17:39:32,100] {processor.py:651} INFO - DAG(s) dict_keys(['example_subdag_operator.section-1', 'example_subdag_operator.section-2', 'example_subdag_operator']) retrieved from /home/airflow/.local/lib/python3.7/site-packages/airflow/example_dags/example_subdag_operator.py
[2022-09-10 17:39:32,245] {logging_mixin.py:115} INFO - [2022-09-10 17:39:32,245] {dag.py:2371} INFO - Sync 3 DAGs
[2022-09-10 17:39:32,301] {logging_mixin.py:115} INFO - [2022-09-10 17:39:32,301] {dag.py:2919} INFO - Setting next_dagrun for example_subdag_operator to 2022-09-08T00:00:00+00:00, run_after=2022-09-08T00:00:00+00:00
[2022-09-10 17:39:32,303] {logging_mixin.py:115} INFO - [2022-09-10 17:39:32,303] {dag.py:2919} INFO - Setting next_dagrun for example_subdag_operator.section-1 to None, run_after=None
[2022-09-10 17:39:32,305] {logging_mixin.py:115} INFO - [2022-09-10 17:39:32,305] {dag.py:2919} INFO - Setting next_dagrun for example_subdag_operator.section-2 to None, run_after=None
[2022-09-10 17:39:32,330] {logging_mixin.py:115} INFO - [2022-09-10 17:39:32,330] {dag.py:2371} INFO - Sync 2 DAGs
[2022-09-10 17:39:32,347] {logging_mixin.py:115} INFO - [2022-09-10 17:39:32,347] {dag.py:2919} INFO - Setting next_dagrun for example_subdag_operator.section-1 to None, run_after=None
[2022-09-10 17:39:32,351] {logging_mixin.py:115} INFO - [2022-09-10 17:39:32,351] {dag.py:2919} INFO - Setting next_dagrun for example_subdag_operator.section-2 to None, run_after=None
[2022-09-10 17:39:32,368] {processor.py:161} INFO - Processing /home/airflow/.local/lib/python3.7/site-packages/airflow/example_dags/example_subdag_operator.py took 0.365 seconds
[2022-09-10 18:33:37,231] {processor.py:153} INFO - Started process (PID=8899) to work on /home/airflow/.local/lib/python3.7/site-packages/airflow/example_dags/example_subdag_operator.py
[2022-09-10 18:33:37,233] {processor.py:641} INFO - Processing file /home/airflow/.local/lib/python3.7/site-packages/airflow/example_dags/example_subdag_operator.py for tasks to queue
[2022-09-10 18:33:37,236] {logging_mixin.py:115} INFO - [2022-09-10 18:33:37,236] {dagbag.py:507} INFO - Filling up the DagBag from /home/airflow/.local/lib/python3.7/site-packages/airflow/example_dags/example_subdag_operator.py
[2022-09-10 18:33:37,418] {processor.py:651} INFO - DAG(s) dict_keys(['example_subdag_operator.section-1', 'example_subdag_operator.section-2', 'example_subdag_operator']) retrieved from /home/airflow/.local/lib/python3.7/site-packages/airflow/example_dags/example_subdag_operator.py
[2022-09-10 18:33:37,550] {logging_mixin.py:115} INFO - [2022-09-10 18:33:37,550] {dag.py:2371} INFO - Sync 3 DAGs
[2022-09-10 18:33:37,605] {logging_mixin.py:115} INFO - [2022-09-10 18:33:37,605] {dag.py:2919} INFO - Setting next_dagrun for example_subdag_operator to 2022-09-08T00:00:00+00:00, run_after=2022-09-08T00:00:00+00:00
[2022-09-10 18:33:37,607] {logging_mixin.py:115} INFO - [2022-09-10 18:33:37,607] {dag.py:2919} INFO - Setting next_dagrun for example_subdag_operator.section-1 to None, run_after=None
[2022-09-10 18:33:37,608] {logging_mixin.py:115} INFO - [2022-09-10 18:33:37,608] {dag.py:2919} INFO - Setting next_dagrun for example_subdag_operator.section-2 to None, run_after=None
[2022-09-10 18:33:37,634] {logging_mixin.py:115} INFO - [2022-09-10 18:33:37,634] {dag.py:2371} INFO - Sync 2 DAGs
[2022-09-10 18:33:37,648] {logging_mixin.py:115} INFO - [2022-09-10 18:33:37,648] {dag.py:2919} INFO - Setting next_dagrun for example_subdag_operator.section-1 to None, run_after=None
[2022-09-10 18:33:37,649] {logging_mixin.py:115} INFO - [2022-09-10 18:33:37,649] {dag.py:2919} INFO - Setting next_dagrun for example_subdag_operator.section-2 to None, run_after=None
[2022-09-10 18:33:37,664] {processor.py:161} INFO - Processing /home/airflow/.local/lib/python3.7/site-packages/airflow/example_dags/example_subdag_operator.py took 0.444 seconds
[2022-09-10 19:27:48,555] {processor.py:153} INFO - Started process (PID=8967) to work on /home/airflow/.local/lib/python3.7/site-packages/airflow/example_dags/example_subdag_operator.py
[2022-09-10 19:27:48,557] {processor.py:641} INFO - Processing file /home/airflow/.local/lib/python3.7/site-packages/airflow/example_dags/example_subdag_operator.py for tasks to queue
[2022-09-10 19:27:48,558] {logging_mixin.py:115} INFO - [2022-09-10 19:27:48,558] {dagbag.py:507} INFO - Filling up the DagBag from /home/airflow/.local/lib/python3.7/site-packages/airflow/example_dags/example_subdag_operator.py
[2022-09-10 19:27:48,746] {processor.py:651} INFO - DAG(s) dict_keys(['example_subdag_operator.section-1', 'example_subdag_operator.section-2', 'example_subdag_operator']) retrieved from /home/airflow/.local/lib/python3.7/site-packages/airflow/example_dags/example_subdag_operator.py
[2022-09-10 19:27:48,898] {logging_mixin.py:115} INFO - [2022-09-10 19:27:48,898] {dag.py:2371} INFO - Sync 3 DAGs
[2022-09-10 19:27:48,975] {logging_mixin.py:115} INFO - [2022-09-10 19:27:48,975] {dag.py:2919} INFO - Setting next_dagrun for example_subdag_operator to 2022-09-08T00:00:00+00:00, run_after=2022-09-08T00:00:00+00:00
[2022-09-10 19:27:48,977] {logging_mixin.py:115} INFO - [2022-09-10 19:27:48,977] {dag.py:2919} INFO - Setting next_dagrun for example_subdag_operator.section-1 to None, run_after=None
[2022-09-10 19:27:48,979] {logging_mixin.py:115} INFO - [2022-09-10 19:27:48,979] {dag.py:2919} INFO - Setting next_dagrun for example_subdag_operator.section-2 to None, run_after=None
[2022-09-10 19:27:48,997] {logging_mixin.py:115} INFO - [2022-09-10 19:27:48,997] {dag.py:2371} INFO - Sync 2 DAGs
[2022-09-10 19:27:49,023] {logging_mixin.py:115} INFO - [2022-09-10 19:27:49,023] {dag.py:2919} INFO - Setting next_dagrun for example_subdag_operator.section-1 to None, run_after=None
[2022-09-10 19:27:49,024] {logging_mixin.py:115} INFO - [2022-09-10 19:27:49,024] {dag.py:2919} INFO - Setting next_dagrun for example_subdag_operator.section-2 to None, run_after=None
[2022-09-10 19:27:49,050] {processor.py:161} INFO - Processing /home/airflow/.local/lib/python3.7/site-packages/airflow/example_dags/example_subdag_operator.py took 0.501 seconds
[2022-09-10 20:30:52,868] {processor.py:153} INFO - Started process (PID=9023) to work on /home/airflow/.local/lib/python3.7/site-packages/airflow/example_dags/example_subdag_operator.py
[2022-09-10 20:30:52,874] {processor.py:641} INFO - Processing file /home/airflow/.local/lib/python3.7/site-packages/airflow/example_dags/example_subdag_operator.py for tasks to queue
[2022-09-10 20:30:52,877] {logging_mixin.py:115} INFO - [2022-09-10 20:30:52,877] {dagbag.py:507} INFO - Filling up the DagBag from /home/airflow/.local/lib/python3.7/site-packages/airflow/example_dags/example_subdag_operator.py
[2022-09-10 20:30:52,976] {processor.py:651} INFO - DAG(s) dict_keys(['example_subdag_operator.section-1', 'example_subdag_operator.section-2', 'example_subdag_operator']) retrieved from /home/airflow/.local/lib/python3.7/site-packages/airflow/example_dags/example_subdag_operator.py
[2022-09-10 20:30:53,228] {logging_mixin.py:115} INFO - [2022-09-10 20:30:53,227] {dag.py:2371} INFO - Sync 3 DAGs
[2022-09-10 20:30:53,407] {logging_mixin.py:115} INFO - [2022-09-10 20:30:53,407] {dag.py:2919} INFO - Setting next_dagrun for example_subdag_operator to 2022-09-08T00:00:00+00:00, run_after=2022-09-08T00:00:00+00:00
[2022-09-10 20:30:53,410] {logging_mixin.py:115} INFO - [2022-09-10 20:30:53,410] {dag.py:2919} INFO - Setting next_dagrun for example_subdag_operator.section-1 to None, run_after=None
[2022-09-10 20:30:53,411] {logging_mixin.py:115} INFO - [2022-09-10 20:30:53,411] {dag.py:2919} INFO - Setting next_dagrun for example_subdag_operator.section-2 to None, run_after=None
[2022-09-10 20:30:53,458] {logging_mixin.py:115} INFO - [2022-09-10 20:30:53,458] {dag.py:2371} INFO - Sync 2 DAGs
[2022-09-10 20:30:53,507] {logging_mixin.py:115} INFO - [2022-09-10 20:30:53,507] {dag.py:2919} INFO - Setting next_dagrun for example_subdag_operator.section-1 to None, run_after=None
[2022-09-10 20:30:53,509] {logging_mixin.py:115} INFO - [2022-09-10 20:30:53,509] {dag.py:2919} INFO - Setting next_dagrun for example_subdag_operator.section-2 to None, run_after=None
[2022-09-10 20:30:53,546] {processor.py:161} INFO - Processing /home/airflow/.local/lib/python3.7/site-packages/airflow/example_dags/example_subdag_operator.py took 0.693 seconds
[2022-09-10 20:31:31,959] {processor.py:153} INFO - Started process (PID=9078) to work on /home/airflow/.local/lib/python3.7/site-packages/airflow/example_dags/example_subdag_operator.py
[2022-09-10 20:31:31,961] {processor.py:641} INFO - Processing file /home/airflow/.local/lib/python3.7/site-packages/airflow/example_dags/example_subdag_operator.py for tasks to queue
[2022-09-10 20:31:31,969] {logging_mixin.py:115} INFO - [2022-09-10 20:31:31,968] {dagbag.py:507} INFO - Filling up the DagBag from /home/airflow/.local/lib/python3.7/site-packages/airflow/example_dags/example_subdag_operator.py
[2022-09-10 20:31:32,065] {processor.py:651} INFO - DAG(s) dict_keys(['example_subdag_operator.section-1', 'example_subdag_operator.section-2', 'example_subdag_operator']) retrieved from /home/airflow/.local/lib/python3.7/site-packages/airflow/example_dags/example_subdag_operator.py
[2022-09-10 20:31:32,153] {logging_mixin.py:115} INFO - [2022-09-10 20:31:32,153] {dag.py:2371} INFO - Sync 3 DAGs
[2022-09-10 20:31:32,223] {logging_mixin.py:115} INFO - [2022-09-10 20:31:32,222] {dag.py:2919} INFO - Setting next_dagrun for example_subdag_operator to 2022-09-08T00:00:00+00:00, run_after=2022-09-08T00:00:00+00:00
[2022-09-10 20:31:32,227] {logging_mixin.py:115} INFO - [2022-09-10 20:31:32,226] {dag.py:2919} INFO - Setting next_dagrun for example_subdag_operator.section-1 to None, run_after=None
[2022-09-10 20:31:32,229] {logging_mixin.py:115} INFO - [2022-09-10 20:31:32,229] {dag.py:2919} INFO - Setting next_dagrun for example_subdag_operator.section-2 to None, run_after=None
[2022-09-10 20:31:32,256] {logging_mixin.py:115} INFO - [2022-09-10 20:31:32,255] {dag.py:2371} INFO - Sync 2 DAGs
[2022-09-10 20:31:32,273] {logging_mixin.py:115} INFO - [2022-09-10 20:31:32,273] {dag.py:2919} INFO - Setting next_dagrun for example_subdag_operator.section-1 to None, run_after=None
[2022-09-10 20:31:32,275] {logging_mixin.py:115} INFO - [2022-09-10 20:31:32,274] {dag.py:2919} INFO - Setting next_dagrun for example_subdag_operator.section-2 to None, run_after=None
[2022-09-10 20:31:32,296] {processor.py:161} INFO - Processing /home/airflow/.local/lib/python3.7/site-packages/airflow/example_dags/example_subdag_operator.py took 0.345 seconds
[2022-09-10 20:49:31,972] {processor.py:153} INFO - Started process (PID=9154) to work on /home/airflow/.local/lib/python3.7/site-packages/airflow/example_dags/example_subdag_operator.py
[2022-09-10 20:49:31,976] {processor.py:641} INFO - Processing file /home/airflow/.local/lib/python3.7/site-packages/airflow/example_dags/example_subdag_operator.py for tasks to queue
[2022-09-10 20:49:31,981] {logging_mixin.py:115} INFO - [2022-09-10 20:49:31,981] {dagbag.py:507} INFO - Filling up the DagBag from /home/airflow/.local/lib/python3.7/site-packages/airflow/example_dags/example_subdag_operator.py
[2022-09-10 20:49:32,239] {processor.py:651} INFO - DAG(s) dict_keys(['example_subdag_operator.section-1', 'example_subdag_operator.section-2', 'example_subdag_operator']) retrieved from /home/airflow/.local/lib/python3.7/site-packages/airflow/example_dags/example_subdag_operator.py
[2022-09-10 20:49:32,623] {logging_mixin.py:115} INFO - [2022-09-10 20:49:32,623] {dag.py:2371} INFO - Sync 3 DAGs
[2022-09-10 20:49:33,245] {logging_mixin.py:115} INFO - [2022-09-10 20:49:33,244] {dag.py:2919} INFO - Setting next_dagrun for example_subdag_operator to 2022-09-08T00:00:00+00:00, run_after=2022-09-08T00:00:00+00:00
[2022-09-10 20:49:33,259] {logging_mixin.py:115} INFO - [2022-09-10 20:49:33,259] {dag.py:2919} INFO - Setting next_dagrun for example_subdag_operator.section-1 to None, run_after=None
[2022-09-10 20:49:33,291] {logging_mixin.py:115} INFO - [2022-09-10 20:49:33,291] {dag.py:2919} INFO - Setting next_dagrun for example_subdag_operator.section-2 to None, run_after=None
[2022-09-10 20:49:33,450] {logging_mixin.py:115} INFO - [2022-09-10 20:49:33,449] {dag.py:2371} INFO - Sync 2 DAGs
[2022-09-10 20:49:33,518] {logging_mixin.py:115} INFO - [2022-09-10 20:49:33,518] {dag.py:2919} INFO - Setting next_dagrun for example_subdag_operator.section-1 to None, run_after=None
[2022-09-10 20:49:33,526] {logging_mixin.py:115} INFO - [2022-09-10 20:49:33,526] {dag.py:2919} INFO - Setting next_dagrun for example_subdag_operator.section-2 to None, run_after=None
[2022-09-10 20:49:33,600] {processor.py:161} INFO - Processing /home/airflow/.local/lib/python3.7/site-packages/airflow/example_dags/example_subdag_operator.py took 1.639 seconds
[2022-09-10 20:50:04,451] {processor.py:153} INFO - Started process (PID=9211) to work on /home/airflow/.local/lib/python3.7/site-packages/airflow/example_dags/example_subdag_operator.py
[2022-09-10 20:50:04,453] {processor.py:641} INFO - Processing file /home/airflow/.local/lib/python3.7/site-packages/airflow/example_dags/example_subdag_operator.py for tasks to queue
[2022-09-10 20:50:04,456] {logging_mixin.py:115} INFO - [2022-09-10 20:50:04,456] {dagbag.py:507} INFO - Filling up the DagBag from /home/airflow/.local/lib/python3.7/site-packages/airflow/example_dags/example_subdag_operator.py
[2022-09-10 20:50:04,504] {processor.py:651} INFO - DAG(s) dict_keys(['example_subdag_operator.section-1', 'example_subdag_operator.section-2', 'example_subdag_operator']) retrieved from /home/airflow/.local/lib/python3.7/site-packages/airflow/example_dags/example_subdag_operator.py
[2022-09-10 20:50:04,554] {logging_mixin.py:115} INFO - [2022-09-10 20:50:04,553] {dag.py:2371} INFO - Sync 3 DAGs
[2022-09-10 20:50:04,590] {logging_mixin.py:115} INFO - [2022-09-10 20:50:04,590] {dag.py:2919} INFO - Setting next_dagrun for example_subdag_operator to 2022-09-08T00:00:00+00:00, run_after=2022-09-08T00:00:00+00:00
[2022-09-10 20:50:04,591] {logging_mixin.py:115} INFO - [2022-09-10 20:50:04,591] {dag.py:2919} INFO - Setting next_dagrun for example_subdag_operator.section-1 to None, run_after=None
[2022-09-10 20:50:04,593] {logging_mixin.py:115} INFO - [2022-09-10 20:50:04,593] {dag.py:2919} INFO - Setting next_dagrun for example_subdag_operator.section-2 to None, run_after=None
[2022-09-10 20:50:04,601] {logging_mixin.py:115} INFO - [2022-09-10 20:50:04,601] {dag.py:2371} INFO - Sync 2 DAGs
[2022-09-10 20:50:04,617] {logging_mixin.py:115} INFO - [2022-09-10 20:50:04,616] {dag.py:2919} INFO - Setting next_dagrun for example_subdag_operator.section-1 to None, run_after=None
[2022-09-10 20:50:04,619] {logging_mixin.py:115} INFO - [2022-09-10 20:50:04,619] {dag.py:2919} INFO - Setting next_dagrun for example_subdag_operator.section-2 to None, run_after=None
[2022-09-10 20:50:04,633] {processor.py:161} INFO - Processing /home/airflow/.local/lib/python3.7/site-packages/airflow/example_dags/example_subdag_operator.py took 0.188 seconds
[2022-09-10 21:23:18,334] {processor.py:153} INFO - Started process (PID=9277) to work on /home/airflow/.local/lib/python3.7/site-packages/airflow/example_dags/example_subdag_operator.py
[2022-09-10 21:23:18,340] {processor.py:641} INFO - Processing file /home/airflow/.local/lib/python3.7/site-packages/airflow/example_dags/example_subdag_operator.py for tasks to queue
[2022-09-10 21:23:18,342] {logging_mixin.py:115} INFO - [2022-09-10 21:23:18,342] {dagbag.py:507} INFO - Filling up the DagBag from /home/airflow/.local/lib/python3.7/site-packages/airflow/example_dags/example_subdag_operator.py
[2022-09-10 21:23:18,420] {processor.py:651} INFO - DAG(s) dict_keys(['example_subdag_operator.section-1', 'example_subdag_operator.section-2', 'example_subdag_operator']) retrieved from /home/airflow/.local/lib/python3.7/site-packages/airflow/example_dags/example_subdag_operator.py
[2022-09-10 21:23:21,293] {logging_mixin.py:115} INFO - [2022-09-10 21:23:21,284] {dag.py:2371} INFO - Sync 3 DAGs
[2022-09-10 21:23:23,921] {logging_mixin.py:115} INFO - [2022-09-10 21:23:23,900] {dag.py:2919} INFO - Setting next_dagrun for example_subdag_operator to 2022-09-08T00:00:00+00:00, run_after=2022-09-08T00:00:00+00:00
[2022-09-10 21:23:23,959] {logging_mixin.py:115} INFO - [2022-09-10 21:23:23,951] {dag.py:2919} INFO - Setting next_dagrun for example_subdag_operator.section-1 to None, run_after=None
[2022-09-10 21:23:23,986] {logging_mixin.py:115} INFO - [2022-09-10 21:23:23,976] {dag.py:2919} INFO - Setting next_dagrun for example_subdag_operator.section-2 to None, run_after=None
[2022-09-10 21:23:25,364] {logging_mixin.py:115} INFO - [2022-09-10 21:23:25,363] {dag.py:2371} INFO - Sync 2 DAGs
[2022-09-10 21:23:25,930] {logging_mixin.py:115} INFO - [2022-09-10 21:23:25,927] {dag.py:2919} INFO - Setting next_dagrun for example_subdag_operator.section-1 to None, run_after=None
[2022-09-10 21:23:25,963] {logging_mixin.py:115} INFO - [2022-09-10 21:23:25,961] {dag.py:2919} INFO - Setting next_dagrun for example_subdag_operator.section-2 to None, run_after=None
[2022-09-10 21:23:26,550] {processor.py:161} INFO - Processing /home/airflow/.local/lib/python3.7/site-packages/airflow/example_dags/example_subdag_operator.py took 8.222 seconds
[2022-09-10 21:24:07,519] {processor.py:153} INFO - Started process (PID=9329) to work on /home/airflow/.local/lib/python3.7/site-packages/airflow/example_dags/example_subdag_operator.py
[2022-09-10 21:24:07,521] {processor.py:641} INFO - Processing file /home/airflow/.local/lib/python3.7/site-packages/airflow/example_dags/example_subdag_operator.py for tasks to queue
[2022-09-10 21:24:07,522] {logging_mixin.py:115} INFO - [2022-09-10 21:24:07,522] {dagbag.py:507} INFO - Filling up the DagBag from /home/airflow/.local/lib/python3.7/site-packages/airflow/example_dags/example_subdag_operator.py
[2022-09-10 21:24:07,568] {processor.py:651} INFO - DAG(s) dict_keys(['example_subdag_operator.section-1', 'example_subdag_operator.section-2', 'example_subdag_operator']) retrieved from /home/airflow/.local/lib/python3.7/site-packages/airflow/example_dags/example_subdag_operator.py
[2022-09-10 21:24:07,623] {logging_mixin.py:115} INFO - [2022-09-10 21:24:07,623] {dag.py:2371} INFO - Sync 3 DAGs
[2022-09-10 21:24:07,662] {logging_mixin.py:115} INFO - [2022-09-10 21:24:07,662] {dag.py:2919} INFO - Setting next_dagrun for example_subdag_operator to 2022-09-08T00:00:00+00:00, run_after=2022-09-08T00:00:00+00:00
[2022-09-10 21:24:07,664] {logging_mixin.py:115} INFO - [2022-09-10 21:24:07,664] {dag.py:2919} INFO - Setting next_dagrun for example_subdag_operator.section-1 to None, run_after=None
[2022-09-10 21:24:07,665] {logging_mixin.py:115} INFO - [2022-09-10 21:24:07,665] {dag.py:2919} INFO - Setting next_dagrun for example_subdag_operator.section-2 to None, run_after=None
[2022-09-10 21:24:07,677] {logging_mixin.py:115} INFO - [2022-09-10 21:24:07,677] {dag.py:2371} INFO - Sync 2 DAGs
[2022-09-10 21:24:07,687] {logging_mixin.py:115} INFO - [2022-09-10 21:24:07,687] {dag.py:2919} INFO - Setting next_dagrun for example_subdag_operator.section-1 to None, run_after=None
[2022-09-10 21:24:07,689] {logging_mixin.py:115} INFO - [2022-09-10 21:24:07,689] {dag.py:2919} INFO - Setting next_dagrun for example_subdag_operator.section-2 to None, run_after=None
[2022-09-10 21:24:07,703] {processor.py:161} INFO - Processing /home/airflow/.local/lib/python3.7/site-packages/airflow/example_dags/example_subdag_operator.py took 0.189 seconds
[2022-09-10 21:41:18,983] {processor.py:153} INFO - Started process (PID=9389) to work on /home/airflow/.local/lib/python3.7/site-packages/airflow/example_dags/example_subdag_operator.py
[2022-09-10 21:41:18,985] {processor.py:641} INFO - Processing file /home/airflow/.local/lib/python3.7/site-packages/airflow/example_dags/example_subdag_operator.py for tasks to queue
[2022-09-10 21:41:18,989] {logging_mixin.py:115} INFO - [2022-09-10 21:41:18,989] {dagbag.py:507} INFO - Filling up the DagBag from /home/airflow/.local/lib/python3.7/site-packages/airflow/example_dags/example_subdag_operator.py
[2022-09-10 21:41:19,264] {processor.py:651} INFO - DAG(s) dict_keys(['example_subdag_operator.section-1', 'example_subdag_operator.section-2', 'example_subdag_operator']) retrieved from /home/airflow/.local/lib/python3.7/site-packages/airflow/example_dags/example_subdag_operator.py
[2022-09-10 21:41:19,796] {logging_mixin.py:115} INFO - [2022-09-10 21:41:19,796] {dag.py:2371} INFO - Sync 3 DAGs
[2022-09-10 21:41:20,171] {logging_mixin.py:115} INFO - [2022-09-10 21:41:20,170] {dag.py:2919} INFO - Setting next_dagrun for example_subdag_operator to 2022-09-08T00:00:00+00:00, run_after=2022-09-08T00:00:00+00:00
[2022-09-10 21:41:20,201] {logging_mixin.py:115} INFO - [2022-09-10 21:41:20,201] {dag.py:2919} INFO - Setting next_dagrun for example_subdag_operator.section-1 to None, run_after=None
[2022-09-10 21:41:20,214] {logging_mixin.py:115} INFO - [2022-09-10 21:41:20,214] {dag.py:2919} INFO - Setting next_dagrun for example_subdag_operator.section-2 to None, run_after=None
[2022-09-10 21:41:20,314] {logging_mixin.py:115} INFO - [2022-09-10 21:41:20,306] {dag.py:2371} INFO - Sync 2 DAGs
[2022-09-10 21:41:20,338] {logging_mixin.py:115} INFO - [2022-09-10 21:41:20,338] {dag.py:2919} INFO - Setting next_dagrun for example_subdag_operator.section-1 to None, run_after=None
[2022-09-10 21:41:20,339] {logging_mixin.py:115} INFO - [2022-09-10 21:41:20,339] {dag.py:2919} INFO - Setting next_dagrun for example_subdag_operator.section-2 to None, run_after=None
[2022-09-10 21:41:20,390] {processor.py:161} INFO - Processing /home/airflow/.local/lib/python3.7/site-packages/airflow/example_dags/example_subdag_operator.py took 1.411 seconds
[2022-09-10 22:16:02,370] {processor.py:153} INFO - Started process (PID=9474) to work on /home/airflow/.local/lib/python3.7/site-packages/airflow/example_dags/example_subdag_operator.py
[2022-09-10 22:16:02,375] {processor.py:641} INFO - Processing file /home/airflow/.local/lib/python3.7/site-packages/airflow/example_dags/example_subdag_operator.py for tasks to queue
[2022-09-10 22:16:02,377] {logging_mixin.py:115} INFO - [2022-09-10 22:16:02,376] {dagbag.py:507} INFO - Filling up the DagBag from /home/airflow/.local/lib/python3.7/site-packages/airflow/example_dags/example_subdag_operator.py
[2022-09-10 22:16:02,444] {processor.py:651} INFO - DAG(s) dict_keys(['example_subdag_operator.section-1', 'example_subdag_operator.section-2', 'example_subdag_operator']) retrieved from /home/airflow/.local/lib/python3.7/site-packages/airflow/example_dags/example_subdag_operator.py
[2022-09-10 22:16:02,531] {logging_mixin.py:115} INFO - [2022-09-10 22:16:02,531] {dag.py:2371} INFO - Sync 3 DAGs
[2022-09-10 22:16:02,587] {logging_mixin.py:115} INFO - [2022-09-10 22:16:02,587] {dag.py:2919} INFO - Setting next_dagrun for example_subdag_operator to 2022-09-08T00:00:00+00:00, run_after=2022-09-08T00:00:00+00:00
[2022-09-10 22:16:02,589] {logging_mixin.py:115} INFO - [2022-09-10 22:16:02,589] {dag.py:2919} INFO - Setting next_dagrun for example_subdag_operator.section-1 to None, run_after=None
[2022-09-10 22:16:02,591] {logging_mixin.py:115} INFO - [2022-09-10 22:16:02,591] {dag.py:2919} INFO - Setting next_dagrun for example_subdag_operator.section-2 to None, run_after=None
[2022-09-10 22:16:02,601] {logging_mixin.py:115} INFO - [2022-09-10 22:16:02,601] {dag.py:2371} INFO - Sync 2 DAGs
[2022-09-10 22:16:02,614] {logging_mixin.py:115} INFO - [2022-09-10 22:16:02,614] {dag.py:2919} INFO - Setting next_dagrun for example_subdag_operator.section-1 to None, run_after=None
[2022-09-10 22:16:02,617] {logging_mixin.py:115} INFO - [2022-09-10 22:16:02,617] {dag.py:2919} INFO - Setting next_dagrun for example_subdag_operator.section-2 to None, run_after=None
[2022-09-10 22:16:02,637] {processor.py:161} INFO - Processing /home/airflow/.local/lib/python3.7/site-packages/airflow/example_dags/example_subdag_operator.py took 0.272 seconds
[2022-09-10 22:34:15,620] {processor.py:153} INFO - Started process (PID=9554) to work on /home/airflow/.local/lib/python3.7/site-packages/airflow/example_dags/example_subdag_operator.py
[2022-09-10 22:34:15,623] {processor.py:641} INFO - Processing file /home/airflow/.local/lib/python3.7/site-packages/airflow/example_dags/example_subdag_operator.py for tasks to queue
[2022-09-10 22:34:15,627] {logging_mixin.py:115} INFO - [2022-09-10 22:34:15,627] {dagbag.py:507} INFO - Filling up the DagBag from /home/airflow/.local/lib/python3.7/site-packages/airflow/example_dags/example_subdag_operator.py
[2022-09-10 22:34:15,740] {processor.py:651} INFO - DAG(s) dict_keys(['example_subdag_operator.section-1', 'example_subdag_operator.section-2', 'example_subdag_operator']) retrieved from /home/airflow/.local/lib/python3.7/site-packages/airflow/example_dags/example_subdag_operator.py
[2022-09-10 22:34:15,858] {logging_mixin.py:115} INFO - [2022-09-10 22:34:15,855] {dag.py:2371} INFO - Sync 3 DAGs
[2022-09-10 22:34:15,907] {logging_mixin.py:115} INFO - [2022-09-10 22:34:15,907] {dag.py:2919} INFO - Setting next_dagrun for example_subdag_operator to 2022-09-08T00:00:00+00:00, run_after=2022-09-08T00:00:00+00:00
[2022-09-10 22:34:15,911] {logging_mixin.py:115} INFO - [2022-09-10 22:34:15,911] {dag.py:2919} INFO - Setting next_dagrun for example_subdag_operator.section-1 to None, run_after=None
[2022-09-10 22:34:15,915] {logging_mixin.py:115} INFO - [2022-09-10 22:34:15,915] {dag.py:2919} INFO - Setting next_dagrun for example_subdag_operator.section-2 to None, run_after=None
[2022-09-10 22:34:15,932] {logging_mixin.py:115} INFO - [2022-09-10 22:34:15,932] {dag.py:2371} INFO - Sync 2 DAGs
[2022-09-10 22:34:15,943] {logging_mixin.py:115} INFO - [2022-09-10 22:34:15,943] {dag.py:2919} INFO - Setting next_dagrun for example_subdag_operator.section-1 to None, run_after=None
[2022-09-10 22:34:15,944] {logging_mixin.py:115} INFO - [2022-09-10 22:34:15,944] {dag.py:2919} INFO - Setting next_dagrun for example_subdag_operator.section-2 to None, run_after=None
[2022-09-10 22:34:15,958] {processor.py:161} INFO - Processing /home/airflow/.local/lib/python3.7/site-packages/airflow/example_dags/example_subdag_operator.py took 0.348 seconds
[2022-09-10 22:35:06,268] {processor.py:153} INFO - Started process (PID=9626) to work on /home/airflow/.local/lib/python3.7/site-packages/airflow/example_dags/example_subdag_operator.py
[2022-09-10 22:35:06,276] {processor.py:641} INFO - Processing file /home/airflow/.local/lib/python3.7/site-packages/airflow/example_dags/example_subdag_operator.py for tasks to queue
[2022-09-10 22:35:06,283] {logging_mixin.py:115} INFO - [2022-09-10 22:35:06,281] {dagbag.py:507} INFO - Filling up the DagBag from /home/airflow/.local/lib/python3.7/site-packages/airflow/example_dags/example_subdag_operator.py
[2022-09-10 22:35:06,351] {processor.py:651} INFO - DAG(s) dict_keys(['example_subdag_operator.section-1', 'example_subdag_operator.section-2', 'example_subdag_operator']) retrieved from /home/airflow/.local/lib/python3.7/site-packages/airflow/example_dags/example_subdag_operator.py
[2022-09-10 22:35:06,427] {logging_mixin.py:115} INFO - [2022-09-10 22:35:06,427] {dag.py:2371} INFO - Sync 3 DAGs
[2022-09-10 22:35:06,495] {logging_mixin.py:115} INFO - [2022-09-10 22:35:06,495] {dag.py:2919} INFO - Setting next_dagrun for example_subdag_operator to 2022-09-08T00:00:00+00:00, run_after=2022-09-08T00:00:00+00:00
[2022-09-10 22:35:06,498] {logging_mixin.py:115} INFO - [2022-09-10 22:35:06,497] {dag.py:2919} INFO - Setting next_dagrun for example_subdag_operator.section-1 to None, run_after=None
[2022-09-10 22:35:06,506] {logging_mixin.py:115} INFO - [2022-09-10 22:35:06,503] {dag.py:2919} INFO - Setting next_dagrun for example_subdag_operator.section-2 to None, run_after=None
[2022-09-10 22:35:06,525] {logging_mixin.py:115} INFO - [2022-09-10 22:35:06,524] {dag.py:2371} INFO - Sync 2 DAGs
[2022-09-10 22:35:06,546] {logging_mixin.py:115} INFO - [2022-09-10 22:35:06,546] {dag.py:2919} INFO - Setting next_dagrun for example_subdag_operator.section-1 to None, run_after=None
[2022-09-10 22:35:06,548] {logging_mixin.py:115} INFO - [2022-09-10 22:35:06,548] {dag.py:2919} INFO - Setting next_dagrun for example_subdag_operator.section-2 to None, run_after=None
[2022-09-10 22:35:06,574] {processor.py:161} INFO - Processing /home/airflow/.local/lib/python3.7/site-packages/airflow/example_dags/example_subdag_operator.py took 0.339 seconds
[2022-09-10 23:13:16,146] {processor.py:153} INFO - Started process (PID=9700) to work on /home/airflow/.local/lib/python3.7/site-packages/airflow/example_dags/example_subdag_operator.py
[2022-09-10 23:13:16,158] {processor.py:641} INFO - Processing file /home/airflow/.local/lib/python3.7/site-packages/airflow/example_dags/example_subdag_operator.py for tasks to queue
[2022-09-10 23:13:16,161] {logging_mixin.py:115} INFO - [2022-09-10 23:13:16,160] {dagbag.py:507} INFO - Filling up the DagBag from /home/airflow/.local/lib/python3.7/site-packages/airflow/example_dags/example_subdag_operator.py
[2022-09-10 23:13:16,530] {processor.py:651} INFO - DAG(s) dict_keys(['example_subdag_operator.section-1', 'example_subdag_operator.section-2', 'example_subdag_operator']) retrieved from /home/airflow/.local/lib/python3.7/site-packages/airflow/example_dags/example_subdag_operator.py
[2022-09-10 23:13:17,000] {logging_mixin.py:115} INFO - [2022-09-10 23:13:17,000] {dag.py:2371} INFO - Sync 3 DAGs
[2022-09-10 23:13:17,333] {logging_mixin.py:115} INFO - [2022-09-10 23:13:17,333] {dag.py:2919} INFO - Setting next_dagrun for example_subdag_operator to 2022-09-08T00:00:00+00:00, run_after=2022-09-08T00:00:00+00:00
[2022-09-10 23:13:17,340] {logging_mixin.py:115} INFO - [2022-09-10 23:13:17,340] {dag.py:2919} INFO - Setting next_dagrun for example_subdag_operator.section-1 to None, run_after=None
[2022-09-10 23:13:17,343] {logging_mixin.py:115} INFO - [2022-09-10 23:13:17,342] {dag.py:2919} INFO - Setting next_dagrun for example_subdag_operator.section-2 to None, run_after=None
[2022-09-10 23:13:17,429] {logging_mixin.py:115} INFO - [2022-09-10 23:13:17,429] {dag.py:2371} INFO - Sync 2 DAGs
[2022-09-10 23:13:17,519] {logging_mixin.py:115} INFO - [2022-09-10 23:13:17,519] {dag.py:2919} INFO - Setting next_dagrun for example_subdag_operator.section-1 to None, run_after=None
[2022-09-10 23:13:17,524] {logging_mixin.py:115} INFO - [2022-09-10 23:13:17,523] {dag.py:2919} INFO - Setting next_dagrun for example_subdag_operator.section-2 to None, run_after=None
[2022-09-10 23:13:17,614] {processor.py:161} INFO - Processing /home/airflow/.local/lib/python3.7/site-packages/airflow/example_dags/example_subdag_operator.py took 1.506 seconds
[2022-09-10 23:13:48,219] {processor.py:153} INFO - Started process (PID=9757) to work on /home/airflow/.local/lib/python3.7/site-packages/airflow/example_dags/example_subdag_operator.py
[2022-09-10 23:13:48,221] {processor.py:641} INFO - Processing file /home/airflow/.local/lib/python3.7/site-packages/airflow/example_dags/example_subdag_operator.py for tasks to queue
[2022-09-10 23:13:48,223] {logging_mixin.py:115} INFO - [2022-09-10 23:13:48,223] {dagbag.py:507} INFO - Filling up the DagBag from /home/airflow/.local/lib/python3.7/site-packages/airflow/example_dags/example_subdag_operator.py
[2022-09-10 23:13:48,296] {processor.py:651} INFO - DAG(s) dict_keys(['example_subdag_operator.section-1', 'example_subdag_operator.section-2', 'example_subdag_operator']) retrieved from /home/airflow/.local/lib/python3.7/site-packages/airflow/example_dags/example_subdag_operator.py
[2022-09-10 23:13:48,362] {logging_mixin.py:115} INFO - [2022-09-10 23:13:48,362] {dag.py:2371} INFO - Sync 3 DAGs
[2022-09-10 23:13:48,410] {logging_mixin.py:115} INFO - [2022-09-10 23:13:48,410] {dag.py:2919} INFO - Setting next_dagrun for example_subdag_operator to 2022-09-08T00:00:00+00:00, run_after=2022-09-08T00:00:00+00:00
[2022-09-10 23:13:48,412] {logging_mixin.py:115} INFO - [2022-09-10 23:13:48,412] {dag.py:2919} INFO - Setting next_dagrun for example_subdag_operator.section-1 to None, run_after=None
[2022-09-10 23:13:48,413] {logging_mixin.py:115} INFO - [2022-09-10 23:13:48,413] {dag.py:2919} INFO - Setting next_dagrun for example_subdag_operator.section-2 to None, run_after=None
[2022-09-10 23:13:48,427] {logging_mixin.py:115} INFO - [2022-09-10 23:13:48,426] {dag.py:2371} INFO - Sync 2 DAGs
[2022-09-10 23:13:48,441] {logging_mixin.py:115} INFO - [2022-09-10 23:13:48,441] {dag.py:2919} INFO - Setting next_dagrun for example_subdag_operator.section-1 to None, run_after=None
[2022-09-10 23:13:48,443] {logging_mixin.py:115} INFO - [2022-09-10 23:13:48,443] {dag.py:2919} INFO - Setting next_dagrun for example_subdag_operator.section-2 to None, run_after=None
[2022-09-10 23:13:48,459] {processor.py:161} INFO - Processing /home/airflow/.local/lib/python3.7/site-packages/airflow/example_dags/example_subdag_operator.py took 0.247 seconds
[2022-09-10 23:14:18,655] {processor.py:153} INFO - Started process (PID=9812) to work on /home/airflow/.local/lib/python3.7/site-packages/airflow/example_dags/example_subdag_operator.py
[2022-09-10 23:14:18,658] {processor.py:641} INFO - Processing file /home/airflow/.local/lib/python3.7/site-packages/airflow/example_dags/example_subdag_operator.py for tasks to queue
[2022-09-10 23:14:18,662] {logging_mixin.py:115} INFO - [2022-09-10 23:14:18,661] {dagbag.py:507} INFO - Filling up the DagBag from /home/airflow/.local/lib/python3.7/site-packages/airflow/example_dags/example_subdag_operator.py
[2022-09-10 23:14:18,727] {processor.py:651} INFO - DAG(s) dict_keys(['example_subdag_operator.section-1', 'example_subdag_operator.section-2', 'example_subdag_operator']) retrieved from /home/airflow/.local/lib/python3.7/site-packages/airflow/example_dags/example_subdag_operator.py
[2022-09-10 23:14:18,782] {logging_mixin.py:115} INFO - [2022-09-10 23:14:18,781] {dag.py:2371} INFO - Sync 3 DAGs
[2022-09-10 23:14:18,831] {logging_mixin.py:115} INFO - [2022-09-10 23:14:18,831] {dag.py:2919} INFO - Setting next_dagrun for example_subdag_operator to 2022-09-08T00:00:00+00:00, run_after=2022-09-08T00:00:00+00:00
[2022-09-10 23:14:18,833] {logging_mixin.py:115} INFO - [2022-09-10 23:14:18,833] {dag.py:2919} INFO - Setting next_dagrun for example_subdag_operator.section-1 to None, run_after=None
[2022-09-10 23:14:18,835] {logging_mixin.py:115} INFO - [2022-09-10 23:14:18,835] {dag.py:2919} INFO - Setting next_dagrun for example_subdag_operator.section-2 to None, run_after=None
[2022-09-10 23:14:18,850] {logging_mixin.py:115} INFO - [2022-09-10 23:14:18,850] {dag.py:2371} INFO - Sync 2 DAGs
[2022-09-10 23:14:18,864] {logging_mixin.py:115} INFO - [2022-09-10 23:14:18,864] {dag.py:2919} INFO - Setting next_dagrun for example_subdag_operator.section-1 to None, run_after=None
[2022-09-10 23:14:18,867] {logging_mixin.py:115} INFO - [2022-09-10 23:14:18,867] {dag.py:2919} INFO - Setting next_dagrun for example_subdag_operator.section-2 to None, run_after=None
[2022-09-10 23:14:18,884] {processor.py:161} INFO - Processing /home/airflow/.local/lib/python3.7/site-packages/airflow/example_dags/example_subdag_operator.py took 0.248 seconds
[2022-09-10 23:14:49,251] {processor.py:153} INFO - Started process (PID=9879) to work on /home/airflow/.local/lib/python3.7/site-packages/airflow/example_dags/example_subdag_operator.py
[2022-09-10 23:14:49,255] {processor.py:641} INFO - Processing file /home/airflow/.local/lib/python3.7/site-packages/airflow/example_dags/example_subdag_operator.py for tasks to queue
[2022-09-10 23:14:49,259] {logging_mixin.py:115} INFO - [2022-09-10 23:14:49,258] {dagbag.py:507} INFO - Filling up the DagBag from /home/airflow/.local/lib/python3.7/site-packages/airflow/example_dags/example_subdag_operator.py
[2022-09-10 23:14:49,340] {processor.py:651} INFO - DAG(s) dict_keys(['example_subdag_operator.section-1', 'example_subdag_operator.section-2', 'example_subdag_operator']) retrieved from /home/airflow/.local/lib/python3.7/site-packages/airflow/example_dags/example_subdag_operator.py
[2022-09-10 23:14:49,442] {logging_mixin.py:115} INFO - [2022-09-10 23:14:49,442] {dag.py:2371} INFO - Sync 3 DAGs
[2022-09-10 23:14:49,498] {logging_mixin.py:115} INFO - [2022-09-10 23:14:49,498] {dag.py:2919} INFO - Setting next_dagrun for example_subdag_operator to 2022-09-08T00:00:00+00:00, run_after=2022-09-08T00:00:00+00:00
[2022-09-10 23:14:49,501] {logging_mixin.py:115} INFO - [2022-09-10 23:14:49,501] {dag.py:2919} INFO - Setting next_dagrun for example_subdag_operator.section-1 to None, run_after=None
[2022-09-10 23:14:49,504] {logging_mixin.py:115} INFO - [2022-09-10 23:14:49,504] {dag.py:2919} INFO - Setting next_dagrun for example_subdag_operator.section-2 to None, run_after=None
[2022-09-10 23:14:49,526] {logging_mixin.py:115} INFO - [2022-09-10 23:14:49,526] {dag.py:2371} INFO - Sync 2 DAGs
[2022-09-10 23:14:49,542] {logging_mixin.py:115} INFO - [2022-09-10 23:14:49,541] {dag.py:2919} INFO - Setting next_dagrun for example_subdag_operator.section-1 to None, run_after=None
[2022-09-10 23:14:49,544] {logging_mixin.py:115} INFO - [2022-09-10 23:14:49,544] {dag.py:2919} INFO - Setting next_dagrun for example_subdag_operator.section-2 to None, run_after=None
[2022-09-10 23:14:49,563] {processor.py:161} INFO - Processing /home/airflow/.local/lib/python3.7/site-packages/airflow/example_dags/example_subdag_operator.py took 0.322 seconds
