[2022-09-10 00:12:34,564] {processor.py:153} INFO - Started process (PID=7154) to work on /home/airflow/.local/lib/python3.7/site-packages/airflow/example_dags/example_latest_only_with_trigger.py
[2022-09-10 00:12:34,568] {processor.py:641} INFO - Processing file /home/airflow/.local/lib/python3.7/site-packages/airflow/example_dags/example_latest_only_with_trigger.py for tasks to queue
[2022-09-10 00:12:34,576] {logging_mixin.py:115} INFO - [2022-09-10 00:12:34,576] {dagbag.py:507} INFO - Filling up the DagBag from /home/airflow/.local/lib/python3.7/site-packages/airflow/example_dags/example_latest_only_with_trigger.py
[2022-09-10 00:12:34,630] {processor.py:651} INFO - DAG(s) dict_keys(['latest_only_with_trigger']) retrieved from /home/airflow/.local/lib/python3.7/site-packages/airflow/example_dags/example_latest_only_with_trigger.py
[2022-09-10 00:12:34,779] {logging_mixin.py:115} INFO - [2022-09-10 00:12:34,779] {dag.py:2371} INFO - Sync 1 DAGs
[2022-09-10 00:12:34,942] {logging_mixin.py:115} INFO - [2022-09-10 00:12:34,942] {dag.py:2919} INFO - Setting next_dagrun for latest_only_with_trigger to 2022-09-09T20:12:34.941694+00:00, run_after=2022-09-10T00:12:34.941694+00:00
[2022-09-10 00:12:35,003] {processor.py:161} INFO - Processing /home/airflow/.local/lib/python3.7/site-packages/airflow/example_dags/example_latest_only_with_trigger.py took 0.455 seconds
[2022-09-10 00:29:10,177] {processor.py:153} INFO - Started process (PID=7214) to work on /home/airflow/.local/lib/python3.7/site-packages/airflow/example_dags/example_latest_only_with_trigger.py
[2022-09-10 00:29:10,179] {processor.py:641} INFO - Processing file /home/airflow/.local/lib/python3.7/site-packages/airflow/example_dags/example_latest_only_with_trigger.py for tasks to queue
[2022-09-10 00:29:10,207] {logging_mixin.py:115} INFO - [2022-09-10 00:29:10,207] {dagbag.py:507} INFO - Filling up the DagBag from /home/airflow/.local/lib/python3.7/site-packages/airflow/example_dags/example_latest_only_with_trigger.py
[2022-09-10 00:29:10,235] {processor.py:651} INFO - DAG(s) dict_keys(['latest_only_with_trigger']) retrieved from /home/airflow/.local/lib/python3.7/site-packages/airflow/example_dags/example_latest_only_with_trigger.py
[2022-09-10 00:29:10,410] {logging_mixin.py:115} INFO - [2022-09-10 00:29:10,410] {dag.py:2371} INFO - Sync 1 DAGs
[2022-09-10 00:29:10,547] {logging_mixin.py:115} INFO - [2022-09-10 00:29:10,547] {dag.py:2919} INFO - Setting next_dagrun for latest_only_with_trigger to 2022-09-09T20:29:10.546973+00:00, run_after=2022-09-10T00:29:10.546973+00:00
[2022-09-10 00:29:10,606] {processor.py:161} INFO - Processing /home/airflow/.local/lib/python3.7/site-packages/airflow/example_dags/example_latest_only_with_trigger.py took 0.446 seconds
[2022-09-10 02:01:37,375] {processor.py:153} INFO - Started process (PID=7281) to work on /home/airflow/.local/lib/python3.7/site-packages/airflow/example_dags/example_latest_only_with_trigger.py
[2022-09-10 02:01:37,383] {processor.py:641} INFO - Processing file /home/airflow/.local/lib/python3.7/site-packages/airflow/example_dags/example_latest_only_with_trigger.py for tasks to queue
[2022-09-10 02:01:37,385] {logging_mixin.py:115} INFO - [2022-09-10 02:01:37,385] {dagbag.py:507} INFO - Filling up the DagBag from /home/airflow/.local/lib/python3.7/site-packages/airflow/example_dags/example_latest_only_with_trigger.py
[2022-09-10 02:01:37,417] {processor.py:651} INFO - DAG(s) dict_keys(['latest_only_with_trigger']) retrieved from /home/airflow/.local/lib/python3.7/site-packages/airflow/example_dags/example_latest_only_with_trigger.py
[2022-09-10 02:01:37,596] {logging_mixin.py:115} INFO - [2022-09-10 02:01:37,596] {dag.py:2371} INFO - Sync 1 DAGs
[2022-09-10 02:01:37,764] {logging_mixin.py:115} INFO - [2022-09-10 02:01:37,764] {dag.py:2919} INFO - Setting next_dagrun for latest_only_with_trigger to 2022-09-09T22:01:37.763767+00:00, run_after=2022-09-10T02:01:37.763767+00:00
[2022-09-10 02:01:37,868] {processor.py:161} INFO - Processing /home/airflow/.local/lib/python3.7/site-packages/airflow/example_dags/example_latest_only_with_trigger.py took 0.511 seconds
[2022-09-10 02:02:30,489] {processor.py:153} INFO - Started process (PID=7343) to work on /home/airflow/.local/lib/python3.7/site-packages/airflow/example_dags/example_latest_only_with_trigger.py
[2022-09-10 02:02:30,513] {processor.py:641} INFO - Processing file /home/airflow/.local/lib/python3.7/site-packages/airflow/example_dags/example_latest_only_with_trigger.py for tasks to queue
[2022-09-10 02:02:30,534] {logging_mixin.py:115} INFO - [2022-09-10 02:02:30,534] {dagbag.py:507} INFO - Filling up the DagBag from /home/airflow/.local/lib/python3.7/site-packages/airflow/example_dags/example_latest_only_with_trigger.py
[2022-09-10 02:02:30,724] {processor.py:651} INFO - DAG(s) dict_keys(['latest_only_with_trigger']) retrieved from /home/airflow/.local/lib/python3.7/site-packages/airflow/example_dags/example_latest_only_with_trigger.py
[2022-09-10 02:02:30,955] {logging_mixin.py:115} INFO - [2022-09-10 02:02:30,955] {dag.py:2371} INFO - Sync 1 DAGs
[2022-09-10 02:02:31,165] {logging_mixin.py:115} INFO - [2022-09-10 02:02:31,165] {dag.py:2919} INFO - Setting next_dagrun for latest_only_with_trigger to 2022-09-09T22:02:31.163506+00:00, run_after=2022-09-10T02:02:31.163506+00:00
[2022-09-10 02:02:31,324] {processor.py:161} INFO - Processing /home/airflow/.local/lib/python3.7/site-packages/airflow/example_dags/example_latest_only_with_trigger.py took 0.858 seconds
[2022-09-10 02:55:51,799] {processor.py:153} INFO - Started process (PID=7386) to work on /home/airflow/.local/lib/python3.7/site-packages/airflow/example_dags/example_latest_only_with_trigger.py
[2022-09-10 02:55:51,800] {processor.py:641} INFO - Processing file /home/airflow/.local/lib/python3.7/site-packages/airflow/example_dags/example_latest_only_with_trigger.py for tasks to queue
[2022-09-10 02:55:51,803] {logging_mixin.py:115} INFO - [2022-09-10 02:55:51,803] {dagbag.py:507} INFO - Filling up the DagBag from /home/airflow/.local/lib/python3.7/site-packages/airflow/example_dags/example_latest_only_with_trigger.py
[2022-09-10 02:55:51,814] {processor.py:651} INFO - DAG(s) dict_keys(['latest_only_with_trigger']) retrieved from /home/airflow/.local/lib/python3.7/site-packages/airflow/example_dags/example_latest_only_with_trigger.py
[2022-09-10 02:55:51,867] {logging_mixin.py:115} INFO - [2022-09-10 02:55:51,867] {dag.py:2371} INFO - Sync 1 DAGs
[2022-09-10 02:55:51,903] {logging_mixin.py:115} INFO - [2022-09-10 02:55:51,903] {dag.py:2919} INFO - Setting next_dagrun for latest_only_with_trigger to 2022-09-09T22:55:51.902813+00:00, run_after=2022-09-10T02:55:51.902813+00:00
[2022-09-10 02:55:51,933] {processor.py:161} INFO - Processing /home/airflow/.local/lib/python3.7/site-packages/airflow/example_dags/example_latest_only_with_trigger.py took 0.142 seconds
[2022-09-10 02:56:38,891] {processor.py:153} INFO - Started process (PID=7436) to work on /home/airflow/.local/lib/python3.7/site-packages/airflow/example_dags/example_latest_only_with_trigger.py
[2022-09-10 02:56:38,894] {processor.py:641} INFO - Processing file /home/airflow/.local/lib/python3.7/site-packages/airflow/example_dags/example_latest_only_with_trigger.py for tasks to queue
[2022-09-10 02:56:38,902] {logging_mixin.py:115} INFO - [2022-09-10 02:56:38,901] {dagbag.py:507} INFO - Filling up the DagBag from /home/airflow/.local/lib/python3.7/site-packages/airflow/example_dags/example_latest_only_with_trigger.py
[2022-09-10 02:56:38,944] {processor.py:651} INFO - DAG(s) dict_keys(['latest_only_with_trigger']) retrieved from /home/airflow/.local/lib/python3.7/site-packages/airflow/example_dags/example_latest_only_with_trigger.py
[2022-09-10 02:56:39,133] {logging_mixin.py:115} INFO - [2022-09-10 02:56:39,133] {dag.py:2371} INFO - Sync 1 DAGs
[2022-09-10 02:56:39,313] {logging_mixin.py:115} INFO - [2022-09-10 02:56:39,312] {dag.py:2919} INFO - Setting next_dagrun for latest_only_with_trigger to 2022-09-09T22:56:39.312590+00:00, run_after=2022-09-10T02:56:39.312590+00:00
[2022-09-10 02:56:39,371] {processor.py:161} INFO - Processing /home/airflow/.local/lib/python3.7/site-packages/airflow/example_dags/example_latest_only_with_trigger.py took 0.499 seconds
[2022-09-10 03:50:46,271] {processor.py:153} INFO - Started process (PID=7486) to work on /home/airflow/.local/lib/python3.7/site-packages/airflow/example_dags/example_latest_only_with_trigger.py
[2022-09-10 03:50:46,275] {processor.py:641} INFO - Processing file /home/airflow/.local/lib/python3.7/site-packages/airflow/example_dags/example_latest_only_with_trigger.py for tasks to queue
[2022-09-10 03:50:46,278] {logging_mixin.py:115} INFO - [2022-09-10 03:50:46,278] {dagbag.py:507} INFO - Filling up the DagBag from /home/airflow/.local/lib/python3.7/site-packages/airflow/example_dags/example_latest_only_with_trigger.py
[2022-09-10 03:50:46,328] {processor.py:651} INFO - DAG(s) dict_keys(['latest_only_with_trigger']) retrieved from /home/airflow/.local/lib/python3.7/site-packages/airflow/example_dags/example_latest_only_with_trigger.py
[2022-09-10 03:50:46,449] {logging_mixin.py:115} INFO - [2022-09-10 03:50:46,449] {dag.py:2371} INFO - Sync 1 DAGs
[2022-09-10 03:50:46,573] {logging_mixin.py:115} INFO - [2022-09-10 03:50:46,573] {dag.py:2919} INFO - Setting next_dagrun for latest_only_with_trigger to 2022-09-09T23:50:46.570415+00:00, run_after=2022-09-10T03:50:46.570415+00:00
[2022-09-10 03:50:46,652] {processor.py:161} INFO - Processing /home/airflow/.local/lib/python3.7/site-packages/airflow/example_dags/example_latest_only_with_trigger.py took 0.391 seconds
[2022-09-10 04:44:53,475] {processor.py:153} INFO - Started process (PID=7555) to work on /home/airflow/.local/lib/python3.7/site-packages/airflow/example_dags/example_latest_only_with_trigger.py
[2022-09-10 04:44:53,496] {processor.py:641} INFO - Processing file /home/airflow/.local/lib/python3.7/site-packages/airflow/example_dags/example_latest_only_with_trigger.py for tasks to queue
[2022-09-10 04:44:53,504] {logging_mixin.py:115} INFO - [2022-09-10 04:44:53,503] {dagbag.py:507} INFO - Filling up the DagBag from /home/airflow/.local/lib/python3.7/site-packages/airflow/example_dags/example_latest_only_with_trigger.py
[2022-09-10 04:44:53,616] {processor.py:651} INFO - DAG(s) dict_keys(['latest_only_with_trigger']) retrieved from /home/airflow/.local/lib/python3.7/site-packages/airflow/example_dags/example_latest_only_with_trigger.py
[2022-09-10 04:44:53,833] {logging_mixin.py:115} INFO - [2022-09-10 04:44:53,833] {dag.py:2371} INFO - Sync 1 DAGs
[2022-09-10 04:44:54,037] {logging_mixin.py:115} INFO - [2022-09-10 04:44:54,037] {dag.py:2919} INFO - Setting next_dagrun for latest_only_with_trigger to 2022-09-10T00:44:54.036674+00:00, run_after=2022-09-10T04:44:54.036674+00:00
[2022-09-10 04:44:54,197] {processor.py:161} INFO - Processing /home/airflow/.local/lib/python3.7/site-packages/airflow/example_dags/example_latest_only_with_trigger.py took 0.746 seconds
[2022-09-10 05:11:30,218] {processor.py:153} INFO - Started process (PID=7620) to work on /home/airflow/.local/lib/python3.7/site-packages/airflow/example_dags/example_latest_only_with_trigger.py
[2022-09-10 05:11:30,224] {processor.py:641} INFO - Processing file /home/airflow/.local/lib/python3.7/site-packages/airflow/example_dags/example_latest_only_with_trigger.py for tasks to queue
[2022-09-10 05:11:30,226] {logging_mixin.py:115} INFO - [2022-09-10 05:11:30,226] {dagbag.py:507} INFO - Filling up the DagBag from /home/airflow/.local/lib/python3.7/site-packages/airflow/example_dags/example_latest_only_with_trigger.py
[2022-09-10 05:11:30,249] {processor.py:651} INFO - DAG(s) dict_keys(['latest_only_with_trigger']) retrieved from /home/airflow/.local/lib/python3.7/site-packages/airflow/example_dags/example_latest_only_with_trigger.py
[2022-09-10 05:11:30,318] {logging_mixin.py:115} INFO - [2022-09-10 05:11:30,318] {dag.py:2371} INFO - Sync 1 DAGs
[2022-09-10 05:11:30,376] {logging_mixin.py:115} INFO - [2022-09-10 05:11:30,376] {dag.py:2919} INFO - Setting next_dagrun for latest_only_with_trigger to 2022-09-10T01:11:30.376237+00:00, run_after=2022-09-10T05:11:30.376237+00:00
[2022-09-10 05:11:30,407] {processor.py:161} INFO - Processing /home/airflow/.local/lib/python3.7/site-packages/airflow/example_dags/example_latest_only_with_trigger.py took 0.201 seconds
[2022-09-10 05:12:20,433] {processor.py:153} INFO - Started process (PID=7676) to work on /home/airflow/.local/lib/python3.7/site-packages/airflow/example_dags/example_latest_only_with_trigger.py
[2022-09-10 05:12:20,445] {processor.py:641} INFO - Processing file /home/airflow/.local/lib/python3.7/site-packages/airflow/example_dags/example_latest_only_with_trigger.py for tasks to queue
[2022-09-10 05:12:20,451] {logging_mixin.py:115} INFO - [2022-09-10 05:12:20,450] {dagbag.py:507} INFO - Filling up the DagBag from /home/airflow/.local/lib/python3.7/site-packages/airflow/example_dags/example_latest_only_with_trigger.py
[2022-09-10 05:12:20,504] {processor.py:651} INFO - DAG(s) dict_keys(['latest_only_with_trigger']) retrieved from /home/airflow/.local/lib/python3.7/site-packages/airflow/example_dags/example_latest_only_with_trigger.py
[2022-09-10 05:12:20,675] {logging_mixin.py:115} INFO - [2022-09-10 05:12:20,675] {dag.py:2371} INFO - Sync 1 DAGs
[2022-09-10 05:12:20,859] {logging_mixin.py:115} INFO - [2022-09-10 05:12:20,846] {dag.py:2919} INFO - Setting next_dagrun for latest_only_with_trigger to 2022-09-10T01:12:20.845729+00:00, run_after=2022-09-10T05:12:20.845729+00:00
[2022-09-10 05:12:21,016] {processor.py:161} INFO - Processing /home/airflow/.local/lib/python3.7/site-packages/airflow/example_dags/example_latest_only_with_trigger.py took 0.598 seconds
[2022-09-10 05:51:04,944] {processor.py:153} INFO - Started process (PID=7735) to work on /home/airflow/.local/lib/python3.7/site-packages/airflow/example_dags/example_latest_only_with_trigger.py
[2022-09-10 05:51:04,951] {processor.py:641} INFO - Processing file /home/airflow/.local/lib/python3.7/site-packages/airflow/example_dags/example_latest_only_with_trigger.py for tasks to queue
[2022-09-10 05:51:04,953] {logging_mixin.py:115} INFO - [2022-09-10 05:51:04,953] {dagbag.py:507} INFO - Filling up the DagBag from /home/airflow/.local/lib/python3.7/site-packages/airflow/example_dags/example_latest_only_with_trigger.py
[2022-09-10 05:51:04,995] {processor.py:651} INFO - DAG(s) dict_keys(['latest_only_with_trigger']) retrieved from /home/airflow/.local/lib/python3.7/site-packages/airflow/example_dags/example_latest_only_with_trigger.py
[2022-09-10 05:51:05,302] {logging_mixin.py:115} INFO - [2022-09-10 05:51:05,302] {dag.py:2371} INFO - Sync 1 DAGs
[2022-09-10 05:51:05,486] {logging_mixin.py:115} INFO - [2022-09-10 05:51:05,486] {dag.py:2919} INFO - Setting next_dagrun for latest_only_with_trigger to 2022-09-10T01:51:05.486194+00:00, run_after=2022-09-10T05:51:05.486194+00:00
[2022-09-10 05:51:05,570] {processor.py:161} INFO - Processing /home/airflow/.local/lib/python3.7/site-packages/airflow/example_dags/example_latest_only_with_trigger.py took 0.651 seconds
[2022-09-10 06:45:16,073] {processor.py:153} INFO - Started process (PID=7805) to work on /home/airflow/.local/lib/python3.7/site-packages/airflow/example_dags/example_latest_only_with_trigger.py
[2022-09-10 06:45:16,081] {processor.py:641} INFO - Processing file /home/airflow/.local/lib/python3.7/site-packages/airflow/example_dags/example_latest_only_with_trigger.py for tasks to queue
[2022-09-10 06:45:16,083] {logging_mixin.py:115} INFO - [2022-09-10 06:45:16,083] {dagbag.py:507} INFO - Filling up the DagBag from /home/airflow/.local/lib/python3.7/site-packages/airflow/example_dags/example_latest_only_with_trigger.py
[2022-09-10 06:45:16,098] {processor.py:651} INFO - DAG(s) dict_keys(['latest_only_with_trigger']) retrieved from /home/airflow/.local/lib/python3.7/site-packages/airflow/example_dags/example_latest_only_with_trigger.py
[2022-09-10 06:45:16,197] {logging_mixin.py:115} INFO - [2022-09-10 06:45:16,197] {dag.py:2371} INFO - Sync 1 DAGs
[2022-09-10 06:45:16,302] {logging_mixin.py:115} INFO - [2022-09-10 06:45:16,302] {dag.py:2919} INFO - Setting next_dagrun for latest_only_with_trigger to 2022-09-10T02:45:16.301917+00:00, run_after=2022-09-10T06:45:16.301917+00:00
[2022-09-10 06:45:16,359] {processor.py:161} INFO - Processing /home/airflow/.local/lib/python3.7/site-packages/airflow/example_dags/example_latest_only_with_trigger.py took 0.296 seconds
[2022-09-10 08:32:38,663] {processor.py:153} INFO - Started process (PID=7869) to work on /home/airflow/.local/lib/python3.7/site-packages/airflow/example_dags/example_latest_only_with_trigger.py
[2022-09-10 08:32:38,670] {processor.py:641} INFO - Processing file /home/airflow/.local/lib/python3.7/site-packages/airflow/example_dags/example_latest_only_with_trigger.py for tasks to queue
[2022-09-10 08:32:38,683] {logging_mixin.py:115} INFO - [2022-09-10 08:32:38,683] {dagbag.py:507} INFO - Filling up the DagBag from /home/airflow/.local/lib/python3.7/site-packages/airflow/example_dags/example_latest_only_with_trigger.py
[2022-09-10 08:32:38,754] {processor.py:651} INFO - DAG(s) dict_keys(['latest_only_with_trigger']) retrieved from /home/airflow/.local/lib/python3.7/site-packages/airflow/example_dags/example_latest_only_with_trigger.py
[2022-09-10 08:32:39,066] {logging_mixin.py:115} INFO - [2022-09-10 08:32:39,066] {dag.py:2371} INFO - Sync 1 DAGs
[2022-09-10 08:32:39,269] {logging_mixin.py:115} INFO - [2022-09-10 08:32:39,269] {dag.py:2919} INFO - Setting next_dagrun for latest_only_with_trigger to 2022-09-10T04:32:39.269068+00:00, run_after=2022-09-10T08:32:39.269068+00:00
[2022-09-10 08:32:39,409] {processor.py:161} INFO - Processing /home/airflow/.local/lib/python3.7/site-packages/airflow/example_dags/example_latest_only_with_trigger.py took 0.795 seconds
[2022-09-10 09:22:19,201] {processor.py:153} INFO - Started process (PID=7932) to work on /home/airflow/.local/lib/python3.7/site-packages/airflow/example_dags/example_latest_only_with_trigger.py
[2022-09-10 09:22:19,203] {processor.py:641} INFO - Processing file /home/airflow/.local/lib/python3.7/site-packages/airflow/example_dags/example_latest_only_with_trigger.py for tasks to queue
[2022-09-10 09:22:19,211] {logging_mixin.py:115} INFO - [2022-09-10 09:22:19,211] {dagbag.py:507} INFO - Filling up the DagBag from /home/airflow/.local/lib/python3.7/site-packages/airflow/example_dags/example_latest_only_with_trigger.py
[2022-09-10 09:22:19,248] {processor.py:651} INFO - DAG(s) dict_keys(['latest_only_with_trigger']) retrieved from /home/airflow/.local/lib/python3.7/site-packages/airflow/example_dags/example_latest_only_with_trigger.py
[2022-09-10 09:22:19,465] {logging_mixin.py:115} INFO - [2022-09-10 09:22:19,465] {dag.py:2371} INFO - Sync 1 DAGs
[2022-09-10 09:22:19,546] {logging_mixin.py:115} INFO - [2022-09-10 09:22:19,546] {dag.py:2919} INFO - Setting next_dagrun for latest_only_with_trigger to 2022-09-10T05:22:19.546358+00:00, run_after=2022-09-10T09:22:19.546358+00:00
[2022-09-10 09:22:19,577] {processor.py:161} INFO - Processing /home/airflow/.local/lib/python3.7/site-packages/airflow/example_dags/example_latest_only_with_trigger.py took 0.387 seconds
[2022-09-10 09:23:10,249] {processor.py:153} INFO - Started process (PID=7988) to work on /home/airflow/.local/lib/python3.7/site-packages/airflow/example_dags/example_latest_only_with_trigger.py
[2022-09-10 09:23:10,256] {processor.py:641} INFO - Processing file /home/airflow/.local/lib/python3.7/site-packages/airflow/example_dags/example_latest_only_with_trigger.py for tasks to queue
[2022-09-10 09:23:10,258] {logging_mixin.py:115} INFO - [2022-09-10 09:23:10,258] {dagbag.py:507} INFO - Filling up the DagBag from /home/airflow/.local/lib/python3.7/site-packages/airflow/example_dags/example_latest_only_with_trigger.py
[2022-09-10 09:23:10,290] {processor.py:651} INFO - DAG(s) dict_keys(['latest_only_with_trigger']) retrieved from /home/airflow/.local/lib/python3.7/site-packages/airflow/example_dags/example_latest_only_with_trigger.py
[2022-09-10 09:23:10,414] {logging_mixin.py:115} INFO - [2022-09-10 09:23:10,413] {dag.py:2371} INFO - Sync 1 DAGs
[2022-09-10 09:23:10,492] {logging_mixin.py:115} INFO - [2022-09-10 09:23:10,490] {dag.py:2919} INFO - Setting next_dagrun for latest_only_with_trigger to 2022-09-10T05:23:10.490450+00:00, run_after=2022-09-10T09:23:10.490450+00:00
[2022-09-10 09:23:10,536] {processor.py:161} INFO - Processing /home/airflow/.local/lib/python3.7/site-packages/airflow/example_dags/example_latest_only_with_trigger.py took 0.291 seconds
[2022-09-10 10:17:15,568] {processor.py:153} INFO - Started process (PID=8030) to work on /home/airflow/.local/lib/python3.7/site-packages/airflow/example_dags/example_latest_only_with_trigger.py
[2022-09-10 10:17:15,581] {processor.py:641} INFO - Processing file /home/airflow/.local/lib/python3.7/site-packages/airflow/example_dags/example_latest_only_with_trigger.py for tasks to queue
[2022-09-10 10:17:15,586] {logging_mixin.py:115} INFO - [2022-09-10 10:17:15,586] {dagbag.py:507} INFO - Filling up the DagBag from /home/airflow/.local/lib/python3.7/site-packages/airflow/example_dags/example_latest_only_with_trigger.py
[2022-09-10 10:17:15,663] {processor.py:651} INFO - DAG(s) dict_keys(['latest_only_with_trigger']) retrieved from /home/airflow/.local/lib/python3.7/site-packages/airflow/example_dags/example_latest_only_with_trigger.py
[2022-09-10 10:17:15,902] {logging_mixin.py:115} INFO - [2022-09-10 10:17:15,901] {dag.py:2371} INFO - Sync 1 DAGs
[2022-09-10 10:17:16,068] {logging_mixin.py:115} INFO - [2022-09-10 10:17:16,068] {dag.py:2919} INFO - Setting next_dagrun for latest_only_with_trigger to 2022-09-10T06:17:16.068134+00:00, run_after=2022-09-10T10:17:16.068134+00:00
[2022-09-10 10:17:16,142] {processor.py:161} INFO - Processing /home/airflow/.local/lib/python3.7/site-packages/airflow/example_dags/example_latest_only_with_trigger.py took 0.593 seconds
[2022-09-10 11:16:14,283] {processor.py:153} INFO - Started process (PID=8086) to work on /home/airflow/.local/lib/python3.7/site-packages/airflow/example_dags/example_latest_only_with_trigger.py
[2022-09-10 11:16:14,292] {processor.py:641} INFO - Processing file /home/airflow/.local/lib/python3.7/site-packages/airflow/example_dags/example_latest_only_with_trigger.py for tasks to queue
[2022-09-10 11:16:14,295] {logging_mixin.py:115} INFO - [2022-09-10 11:16:14,294] {dagbag.py:507} INFO - Filling up the DagBag from /home/airflow/.local/lib/python3.7/site-packages/airflow/example_dags/example_latest_only_with_trigger.py
[2022-09-10 11:16:14,346] {processor.py:651} INFO - DAG(s) dict_keys(['latest_only_with_trigger']) retrieved from /home/airflow/.local/lib/python3.7/site-packages/airflow/example_dags/example_latest_only_with_trigger.py
[2022-09-10 11:16:14,476] {logging_mixin.py:115} INFO - [2022-09-10 11:16:14,476] {dag.py:2371} INFO - Sync 1 DAGs
[2022-09-10 11:16:14,558] {logging_mixin.py:115} INFO - [2022-09-10 11:16:14,558] {dag.py:2919} INFO - Setting next_dagrun for latest_only_with_trigger to 2022-09-10T07:16:14.558299+00:00, run_after=2022-09-10T11:16:14.558299+00:00
[2022-09-10 11:16:14,614] {processor.py:161} INFO - Processing /home/airflow/.local/lib/python3.7/site-packages/airflow/example_dags/example_latest_only_with_trigger.py took 0.349 seconds
[2022-09-10 11:17:09,534] {processor.py:153} INFO - Started process (PID=8149) to work on /home/airflow/.local/lib/python3.7/site-packages/airflow/example_dags/example_latest_only_with_trigger.py
[2022-09-10 11:17:09,547] {processor.py:641} INFO - Processing file /home/airflow/.local/lib/python3.7/site-packages/airflow/example_dags/example_latest_only_with_trigger.py for tasks to queue
[2022-09-10 11:17:09,549] {logging_mixin.py:115} INFO - [2022-09-10 11:17:09,549] {dagbag.py:507} INFO - Filling up the DagBag from /home/airflow/.local/lib/python3.7/site-packages/airflow/example_dags/example_latest_only_with_trigger.py
[2022-09-10 11:17:09,595] {processor.py:651} INFO - DAG(s) dict_keys(['latest_only_with_trigger']) retrieved from /home/airflow/.local/lib/python3.7/site-packages/airflow/example_dags/example_latest_only_with_trigger.py
[2022-09-10 11:17:09,712] {logging_mixin.py:115} INFO - [2022-09-10 11:17:09,712] {dag.py:2371} INFO - Sync 1 DAGs
[2022-09-10 11:17:09,915] {logging_mixin.py:115} INFO - [2022-09-10 11:17:09,915] {dag.py:2919} INFO - Setting next_dagrun for latest_only_with_trigger to 2022-09-10T07:17:09.914745+00:00, run_after=2022-09-10T11:17:09.914745+00:00
[2022-09-10 11:17:10,032] {processor.py:161} INFO - Processing /home/airflow/.local/lib/python3.7/site-packages/airflow/example_dags/example_latest_only_with_trigger.py took 0.519 seconds
[2022-09-10 12:05:52,276] {processor.py:153} INFO - Started process (PID=8198) to work on /home/airflow/.local/lib/python3.7/site-packages/airflow/example_dags/example_latest_only_with_trigger.py
[2022-09-10 12:05:52,316] {processor.py:641} INFO - Processing file /home/airflow/.local/lib/python3.7/site-packages/airflow/example_dags/example_latest_only_with_trigger.py for tasks to queue
[2022-09-10 12:05:52,417] {logging_mixin.py:115} INFO - [2022-09-10 12:05:52,401] {dagbag.py:507} INFO - Filling up the DagBag from /home/airflow/.local/lib/python3.7/site-packages/airflow/example_dags/example_latest_only_with_trigger.py
[2022-09-10 12:05:53,685] {processor.py:651} INFO - DAG(s) dict_keys(['latest_only_with_trigger']) retrieved from /home/airflow/.local/lib/python3.7/site-packages/airflow/example_dags/example_latest_only_with_trigger.py
[2022-09-10 12:05:59,783] {logging_mixin.py:115} INFO - [2022-09-10 12:05:59,781] {dag.py:2371} INFO - Sync 1 DAGs
[2022-09-10 12:06:08,513] {logging_mixin.py:115} INFO - [2022-09-10 12:06:08,410] {dag.py:2919} INFO - Setting next_dagrun for latest_only_with_trigger to 2022-09-10T08:06:08.354920+00:00, run_after=2022-09-10T12:06:08.354920+00:00
[2022-09-10 12:06:10,925] {processor.py:161} INFO - Processing /home/airflow/.local/lib/python3.7/site-packages/airflow/example_dags/example_latest_only_with_trigger.py took 19.661 seconds
[2022-09-10 12:06:41,970] {processor.py:153} INFO - Started process (PID=8256) to work on /home/airflow/.local/lib/python3.7/site-packages/airflow/example_dags/example_latest_only_with_trigger.py
[2022-09-10 12:06:41,976] {processor.py:641} INFO - Processing file /home/airflow/.local/lib/python3.7/site-packages/airflow/example_dags/example_latest_only_with_trigger.py for tasks to queue
[2022-09-10 12:06:41,984] {logging_mixin.py:115} INFO - [2022-09-10 12:06:41,983] {dagbag.py:507} INFO - Filling up the DagBag from /home/airflow/.local/lib/python3.7/site-packages/airflow/example_dags/example_latest_only_with_trigger.py
[2022-09-10 12:06:42,018] {processor.py:651} INFO - DAG(s) dict_keys(['latest_only_with_trigger']) retrieved from /home/airflow/.local/lib/python3.7/site-packages/airflow/example_dags/example_latest_only_with_trigger.py
[2022-09-10 12:06:42,148] {logging_mixin.py:115} INFO - [2022-09-10 12:06:42,147] {dag.py:2371} INFO - Sync 1 DAGs
[2022-09-10 12:06:42,232] {logging_mixin.py:115} INFO - [2022-09-10 12:06:42,232] {dag.py:2919} INFO - Setting next_dagrun for latest_only_with_trigger to 2022-09-10T08:06:42.231934+00:00, run_after=2022-09-10T12:06:42.231934+00:00
[2022-09-10 12:06:42,283] {processor.py:161} INFO - Processing /home/airflow/.local/lib/python3.7/site-packages/airflow/example_dags/example_latest_only_with_trigger.py took 0.348 seconds
[2022-09-10 12:07:12,361] {processor.py:153} INFO - Started process (PID=8311) to work on /home/airflow/.local/lib/python3.7/site-packages/airflow/example_dags/example_latest_only_with_trigger.py
[2022-09-10 12:07:12,363] {processor.py:641} INFO - Processing file /home/airflow/.local/lib/python3.7/site-packages/airflow/example_dags/example_latest_only_with_trigger.py for tasks to queue
[2022-09-10 12:07:12,365] {logging_mixin.py:115} INFO - [2022-09-10 12:07:12,365] {dagbag.py:507} INFO - Filling up the DagBag from /home/airflow/.local/lib/python3.7/site-packages/airflow/example_dags/example_latest_only_with_trigger.py
[2022-09-10 12:07:12,377] {processor.py:651} INFO - DAG(s) dict_keys(['latest_only_with_trigger']) retrieved from /home/airflow/.local/lib/python3.7/site-packages/airflow/example_dags/example_latest_only_with_trigger.py
[2022-09-10 12:59:29,051] {logging_mixin.py:115} INFO - [2022-09-10 12:59:29,051] {dag.py:2371} INFO - Sync 1 DAGs
[2022-09-10 12:59:29,075] {logging_mixin.py:115} INFO - [2022-09-10 12:59:29,075] {dag.py:2919} INFO - Setting next_dagrun for latest_only_with_trigger to 2022-09-10T08:59:29.075592+00:00, run_after=2022-09-10T12:59:29.075592+00:00
[2022-09-10 12:59:29,127] {processor.py:161} INFO - Processing /home/airflow/.local/lib/python3.7/site-packages/airflow/example_dags/example_latest_only_with_trigger.py took 0.137 seconds
[2022-09-10 12:59:30,728] {processor.py:153} INFO - Started process (PID=8330) to work on /home/airflow/.local/lib/python3.7/site-packages/airflow/example_dags/example_latest_only_with_trigger.py
[2022-09-10 12:59:30,730] {processor.py:641} INFO - Processing file /home/airflow/.local/lib/python3.7/site-packages/airflow/example_dags/example_latest_only_with_trigger.py for tasks to queue
[2022-09-10 12:59:30,733] {logging_mixin.py:115} INFO - [2022-09-10 12:59:30,732] {dagbag.py:507} INFO - Filling up the DagBag from /home/airflow/.local/lib/python3.7/site-packages/airflow/example_dags/example_latest_only_with_trigger.py
[2022-09-10 12:59:30,749] {processor.py:651} INFO - DAG(s) dict_keys(['latest_only_with_trigger']) retrieved from /home/airflow/.local/lib/python3.7/site-packages/airflow/example_dags/example_latest_only_with_trigger.py
[2022-09-10 12:59:30,804] {logging_mixin.py:115} INFO - [2022-09-10 12:59:30,804] {dag.py:2371} INFO - Sync 1 DAGs
[2022-09-10 12:59:30,862] {logging_mixin.py:115} INFO - [2022-09-10 12:59:30,861] {dag.py:2919} INFO - Setting next_dagrun for latest_only_with_trigger to 2022-09-10T08:59:30.861457+00:00, run_after=2022-09-10T12:59:30.861457+00:00
[2022-09-10 12:59:30,885] {processor.py:161} INFO - Processing /home/airflow/.local/lib/python3.7/site-packages/airflow/example_dags/example_latest_only_with_trigger.py took 0.168 seconds
[2022-09-10 13:00:24,653] {processor.py:153} INFO - Started process (PID=8385) to work on /home/airflow/.local/lib/python3.7/site-packages/airflow/example_dags/example_latest_only_with_trigger.py
[2022-09-10 13:00:24,654] {processor.py:641} INFO - Processing file /home/airflow/.local/lib/python3.7/site-packages/airflow/example_dags/example_latest_only_with_trigger.py for tasks to queue
[2022-09-10 13:00:24,660] {logging_mixin.py:115} INFO - [2022-09-10 13:00:24,660] {dagbag.py:507} INFO - Filling up the DagBag from /home/airflow/.local/lib/python3.7/site-packages/airflow/example_dags/example_latest_only_with_trigger.py
[2022-09-10 13:00:24,682] {processor.py:651} INFO - DAG(s) dict_keys(['latest_only_with_trigger']) retrieved from /home/airflow/.local/lib/python3.7/site-packages/airflow/example_dags/example_latest_only_with_trigger.py
[2022-09-10 13:00:24,785] {logging_mixin.py:115} INFO - [2022-09-10 13:00:24,785] {dag.py:2371} INFO - Sync 1 DAGs
[2022-09-10 13:00:24,860] {logging_mixin.py:115} INFO - [2022-09-10 13:00:24,860] {dag.py:2919} INFO - Setting next_dagrun for latest_only_with_trigger to 2022-09-10T09:00:24.860027+00:00, run_after=2022-09-10T13:00:24.860027+00:00
[2022-09-10 13:00:24,891] {processor.py:161} INFO - Processing /home/airflow/.local/lib/python3.7/site-packages/airflow/example_dags/example_latest_only_with_trigger.py took 0.243 seconds
[2022-09-10 13:54:23,477] {processor.py:153} INFO - Started process (PID=8426) to work on /home/airflow/.local/lib/python3.7/site-packages/airflow/example_dags/example_latest_only_with_trigger.py
[2022-09-10 13:54:23,488] {processor.py:641} INFO - Processing file /home/airflow/.local/lib/python3.7/site-packages/airflow/example_dags/example_latest_only_with_trigger.py for tasks to queue
[2022-09-10 13:54:23,494] {logging_mixin.py:115} INFO - [2022-09-10 13:54:23,494] {dagbag.py:507} INFO - Filling up the DagBag from /home/airflow/.local/lib/python3.7/site-packages/airflow/example_dags/example_latest_only_with_trigger.py
[2022-09-10 13:54:23,570] {processor.py:651} INFO - DAG(s) dict_keys(['latest_only_with_trigger']) retrieved from /home/airflow/.local/lib/python3.7/site-packages/airflow/example_dags/example_latest_only_with_trigger.py
[2022-09-10 13:54:24,003] {logging_mixin.py:115} INFO - [2022-09-10 13:54:24,003] {dag.py:2371} INFO - Sync 1 DAGs
[2022-09-10 13:54:24,164] {logging_mixin.py:115} INFO - [2022-09-10 13:54:24,163] {dag.py:2919} INFO - Setting next_dagrun for latest_only_with_trigger to 2022-09-10T09:54:24.163398+00:00, run_after=2022-09-10T13:54:24.163398+00:00
[2022-09-10 13:54:24,280] {processor.py:161} INFO - Processing /home/airflow/.local/lib/python3.7/site-packages/airflow/example_dags/example_latest_only_with_trigger.py took 0.840 seconds
[2022-09-10 14:48:38,777] {processor.py:153} INFO - Started process (PID=8486) to work on /home/airflow/.local/lib/python3.7/site-packages/airflow/example_dags/example_latest_only_with_trigger.py
[2022-09-10 14:48:38,780] {processor.py:641} INFO - Processing file /home/airflow/.local/lib/python3.7/site-packages/airflow/example_dags/example_latest_only_with_trigger.py for tasks to queue
[2022-09-10 14:48:38,787] {logging_mixin.py:115} INFO - [2022-09-10 14:48:38,786] {dagbag.py:507} INFO - Filling up the DagBag from /home/airflow/.local/lib/python3.7/site-packages/airflow/example_dags/example_latest_only_with_trigger.py
[2022-09-10 14:48:38,825] {processor.py:651} INFO - DAG(s) dict_keys(['latest_only_with_trigger']) retrieved from /home/airflow/.local/lib/python3.7/site-packages/airflow/example_dags/example_latest_only_with_trigger.py
[2022-09-10 14:48:38,929] {logging_mixin.py:115} INFO - [2022-09-10 14:48:38,928] {dag.py:2371} INFO - Sync 1 DAGs
[2022-09-10 14:48:39,040] {logging_mixin.py:115} INFO - [2022-09-10 14:48:39,040] {dag.py:2919} INFO - Setting next_dagrun for latest_only_with_trigger to 2022-09-10T10:48:39.039889+00:00, run_after=2022-09-10T14:48:39.039889+00:00
[2022-09-10 14:48:39,077] {processor.py:161} INFO - Processing /home/airflow/.local/lib/python3.7/site-packages/airflow/example_dags/example_latest_only_with_trigger.py took 0.320 seconds
[2022-09-10 14:55:17,362] {processor.py:153} INFO - Started process (PID=8538) to work on /home/airflow/.local/lib/python3.7/site-packages/airflow/example_dags/example_latest_only_with_trigger.py
[2022-09-10 14:55:17,387] {processor.py:641} INFO - Processing file /home/airflow/.local/lib/python3.7/site-packages/airflow/example_dags/example_latest_only_with_trigger.py for tasks to queue
[2022-09-10 14:55:17,390] {logging_mixin.py:115} INFO - [2022-09-10 14:55:17,390] {dagbag.py:507} INFO - Filling up the DagBag from /home/airflow/.local/lib/python3.7/site-packages/airflow/example_dags/example_latest_only_with_trigger.py
[2022-09-10 14:55:17,481] {processor.py:651} INFO - DAG(s) dict_keys(['latest_only_with_trigger']) retrieved from /home/airflow/.local/lib/python3.7/site-packages/airflow/example_dags/example_latest_only_with_trigger.py
[2022-09-10 14:55:17,754] {logging_mixin.py:115} INFO - [2022-09-10 14:55:17,753] {dag.py:2371} INFO - Sync 1 DAGs
[2022-09-10 14:55:17,970] {logging_mixin.py:115} INFO - [2022-09-10 14:55:17,969] {dag.py:2919} INFO - Setting next_dagrun for latest_only_with_trigger to 2022-09-10T10:55:17.969551+00:00, run_after=2022-09-10T14:55:17.969551+00:00
[2022-09-10 14:55:18,078] {processor.py:161} INFO - Processing /home/airflow/.local/lib/python3.7/site-packages/airflow/example_dags/example_latest_only_with_trigger.py took 0.735 seconds
[2022-09-10 15:11:09,640] {processor.py:153} INFO - Started process (PID=8592) to work on /home/airflow/.local/lib/python3.7/site-packages/airflow/example_dags/example_latest_only_with_trigger.py
[2022-09-10 15:11:09,671] {processor.py:641} INFO - Processing file /home/airflow/.local/lib/python3.7/site-packages/airflow/example_dags/example_latest_only_with_trigger.py for tasks to queue
[2022-09-10 15:11:09,678] {logging_mixin.py:115} INFO - [2022-09-10 15:11:09,678] {dagbag.py:507} INFO - Filling up the DagBag from /home/airflow/.local/lib/python3.7/site-packages/airflow/example_dags/example_latest_only_with_trigger.py
[2022-09-10 15:11:09,709] {processor.py:651} INFO - DAG(s) dict_keys(['latest_only_with_trigger']) retrieved from /home/airflow/.local/lib/python3.7/site-packages/airflow/example_dags/example_latest_only_with_trigger.py
[2022-09-10 15:11:09,792] {logging_mixin.py:115} INFO - [2022-09-10 15:11:09,791] {dag.py:2371} INFO - Sync 1 DAGs
[2022-09-10 15:11:09,895] {logging_mixin.py:115} INFO - [2022-09-10 15:11:09,895] {dag.py:2919} INFO - Setting next_dagrun for latest_only_with_trigger to 2022-09-10T11:11:09.895366+00:00, run_after=2022-09-10T15:11:09.895366+00:00
[2022-09-10 15:11:09,947] {processor.py:161} INFO - Processing /home/airflow/.local/lib/python3.7/site-packages/airflow/example_dags/example_latest_only_with_trigger.py took 0.338 seconds
[2022-09-10 15:51:08,454] {processor.py:153} INFO - Started process (PID=8656) to work on /home/airflow/.local/lib/python3.7/site-packages/airflow/example_dags/example_latest_only_with_trigger.py
[2022-09-10 15:51:08,460] {processor.py:641} INFO - Processing file /home/airflow/.local/lib/python3.7/site-packages/airflow/example_dags/example_latest_only_with_trigger.py for tasks to queue
[2022-09-10 15:51:08,466] {logging_mixin.py:115} INFO - [2022-09-10 15:51:08,465] {dagbag.py:507} INFO - Filling up the DagBag from /home/airflow/.local/lib/python3.7/site-packages/airflow/example_dags/example_latest_only_with_trigger.py
[2022-09-10 15:51:08,507] {processor.py:651} INFO - DAG(s) dict_keys(['latest_only_with_trigger']) retrieved from /home/airflow/.local/lib/python3.7/site-packages/airflow/example_dags/example_latest_only_with_trigger.py
[2022-09-10 15:51:08,637] {logging_mixin.py:115} INFO - [2022-09-10 15:51:08,637] {dag.py:2371} INFO - Sync 1 DAGs
[2022-09-10 15:51:08,777] {logging_mixin.py:115} INFO - [2022-09-10 15:51:08,777] {dag.py:2919} INFO - Setting next_dagrun for latest_only_with_trigger to 2022-09-10T11:51:08.777413+00:00, run_after=2022-09-10T15:51:08.777413+00:00
[2022-09-10 15:51:08,854] {processor.py:161} INFO - Processing /home/airflow/.local/lib/python3.7/site-packages/airflow/example_dags/example_latest_only_with_trigger.py took 0.421 seconds
[2022-09-10 16:45:30,676] {processor.py:153} INFO - Started process (PID=8731) to work on /home/airflow/.local/lib/python3.7/site-packages/airflow/example_dags/example_latest_only_with_trigger.py
[2022-09-10 16:45:30,698] {processor.py:641} INFO - Processing file /home/airflow/.local/lib/python3.7/site-packages/airflow/example_dags/example_latest_only_with_trigger.py for tasks to queue
[2022-09-10 16:45:30,700] {logging_mixin.py:115} INFO - [2022-09-10 16:45:30,700] {dagbag.py:507} INFO - Filling up the DagBag from /home/airflow/.local/lib/python3.7/site-packages/airflow/example_dags/example_latest_only_with_trigger.py
[2022-09-10 16:45:30,736] {processor.py:651} INFO - DAG(s) dict_keys(['latest_only_with_trigger']) retrieved from /home/airflow/.local/lib/python3.7/site-packages/airflow/example_dags/example_latest_only_with_trigger.py
[2022-09-10 16:45:30,905] {logging_mixin.py:115} INFO - [2022-09-10 16:45:30,905] {dag.py:2371} INFO - Sync 1 DAGs
[2022-09-10 16:45:31,111] {logging_mixin.py:115} INFO - [2022-09-10 16:45:31,111] {dag.py:2919} INFO - Setting next_dagrun for latest_only_with_trigger to 2022-09-10T12:45:31.110734+00:00, run_after=2022-09-10T16:45:31.110734+00:00
[2022-09-10 16:45:31,248] {processor.py:161} INFO - Processing /home/airflow/.local/lib/python3.7/site-packages/airflow/example_dags/example_latest_only_with_trigger.py took 0.601 seconds
[2022-09-10 17:38:39,481] {processor.py:153} INFO - Started process (PID=8767) to work on /home/airflow/.local/lib/python3.7/site-packages/airflow/example_dags/example_latest_only_with_trigger.py
[2022-09-10 17:38:39,482] {processor.py:641} INFO - Processing file /home/airflow/.local/lib/python3.7/site-packages/airflow/example_dags/example_latest_only_with_trigger.py for tasks to queue
[2022-09-10 17:38:39,484] {logging_mixin.py:115} INFO - [2022-09-10 17:38:39,484] {dagbag.py:507} INFO - Filling up the DagBag from /home/airflow/.local/lib/python3.7/site-packages/airflow/example_dags/example_latest_only_with_trigger.py
[2022-09-10 17:38:39,496] {processor.py:651} INFO - DAG(s) dict_keys(['latest_only_with_trigger']) retrieved from /home/airflow/.local/lib/python3.7/site-packages/airflow/example_dags/example_latest_only_with_trigger.py
[2022-09-10 17:38:39,553] {logging_mixin.py:115} INFO - [2022-09-10 17:38:39,553] {dag.py:2371} INFO - Sync 1 DAGs
[2022-09-10 17:38:39,585] {logging_mixin.py:115} INFO - [2022-09-10 17:38:39,585] {dag.py:2919} INFO - Setting next_dagrun for latest_only_with_trigger to 2022-09-10T13:38:39.584710+00:00, run_after=2022-09-10T17:38:39.584710+00:00
[2022-09-10 17:38:39,611] {processor.py:161} INFO - Processing /home/airflow/.local/lib/python3.7/site-packages/airflow/example_dags/example_latest_only_with_trigger.py took 0.136 seconds
[2022-09-10 17:39:28,413] {processor.py:153} INFO - Started process (PID=8818) to work on /home/airflow/.local/lib/python3.7/site-packages/airflow/example_dags/example_latest_only_with_trigger.py
[2022-09-10 17:39:28,426] {processor.py:641} INFO - Processing file /home/airflow/.local/lib/python3.7/site-packages/airflow/example_dags/example_latest_only_with_trigger.py for tasks to queue
[2022-09-10 17:39:28,428] {logging_mixin.py:115} INFO - [2022-09-10 17:39:28,428] {dagbag.py:507} INFO - Filling up the DagBag from /home/airflow/.local/lib/python3.7/site-packages/airflow/example_dags/example_latest_only_with_trigger.py
[2022-09-10 17:39:28,493] {processor.py:651} INFO - DAG(s) dict_keys(['latest_only_with_trigger']) retrieved from /home/airflow/.local/lib/python3.7/site-packages/airflow/example_dags/example_latest_only_with_trigger.py
[2022-09-10 17:39:28,699] {logging_mixin.py:115} INFO - [2022-09-10 17:39:28,699] {dag.py:2371} INFO - Sync 1 DAGs
[2022-09-10 17:39:28,856] {logging_mixin.py:115} INFO - [2022-09-10 17:39:28,856] {dag.py:2919} INFO - Setting next_dagrun for latest_only_with_trigger to 2022-09-10T13:39:28.855792+00:00, run_after=2022-09-10T17:39:28.855792+00:00
[2022-09-10 17:39:28,940] {processor.py:161} INFO - Processing /home/airflow/.local/lib/python3.7/site-packages/airflow/example_dags/example_latest_only_with_trigger.py took 0.540 seconds
[2022-09-10 18:33:31,342] {processor.py:153} INFO - Started process (PID=8870) to work on /home/airflow/.local/lib/python3.7/site-packages/airflow/example_dags/example_latest_only_with_trigger.py
[2022-09-10 18:33:31,352] {processor.py:641} INFO - Processing file /home/airflow/.local/lib/python3.7/site-packages/airflow/example_dags/example_latest_only_with_trigger.py for tasks to queue
[2022-09-10 18:33:31,354] {logging_mixin.py:115} INFO - [2022-09-10 18:33:31,353] {dagbag.py:507} INFO - Filling up the DagBag from /home/airflow/.local/lib/python3.7/site-packages/airflow/example_dags/example_latest_only_with_trigger.py
[2022-09-10 18:33:31,430] {processor.py:651} INFO - DAG(s) dict_keys(['latest_only_with_trigger']) retrieved from /home/airflow/.local/lib/python3.7/site-packages/airflow/example_dags/example_latest_only_with_trigger.py
[2022-09-10 18:33:31,751] {logging_mixin.py:115} INFO - [2022-09-10 18:33:31,751] {dag.py:2371} INFO - Sync 1 DAGs
[2022-09-10 18:33:31,923] {logging_mixin.py:115} INFO - [2022-09-10 18:33:31,923] {dag.py:2919} INFO - Setting next_dagrun for latest_only_with_trigger to 2022-09-10T14:33:31.922634+00:00, run_after=2022-09-10T18:33:31.922634+00:00
[2022-09-10 18:33:32,014] {processor.py:161} INFO - Processing /home/airflow/.local/lib/python3.7/site-packages/airflow/example_dags/example_latest_only_with_trigger.py took 0.688 seconds
[2022-09-10 19:27:42,697] {processor.py:153} INFO - Started process (PID=8940) to work on /home/airflow/.local/lib/python3.7/site-packages/airflow/example_dags/example_latest_only_with_trigger.py
[2022-09-10 19:27:42,705] {processor.py:641} INFO - Processing file /home/airflow/.local/lib/python3.7/site-packages/airflow/example_dags/example_latest_only_with_trigger.py for tasks to queue
[2022-09-10 19:27:42,710] {logging_mixin.py:115} INFO - [2022-09-10 19:27:42,709] {dagbag.py:507} INFO - Filling up the DagBag from /home/airflow/.local/lib/python3.7/site-packages/airflow/example_dags/example_latest_only_with_trigger.py
[2022-09-10 19:27:42,734] {processor.py:651} INFO - DAG(s) dict_keys(['latest_only_with_trigger']) retrieved from /home/airflow/.local/lib/python3.7/site-packages/airflow/example_dags/example_latest_only_with_trigger.py
[2022-09-10 19:27:42,860] {logging_mixin.py:115} INFO - [2022-09-10 19:27:42,860] {dag.py:2371} INFO - Sync 1 DAGs
[2022-09-10 19:27:42,989] {logging_mixin.py:115} INFO - [2022-09-10 19:27:42,989] {dag.py:2919} INFO - Setting next_dagrun for latest_only_with_trigger to 2022-09-10T15:27:42.989127+00:00, run_after=2022-09-10T19:27:42.989127+00:00
[2022-09-10 19:27:43,054] {processor.py:161} INFO - Processing /home/airflow/.local/lib/python3.7/site-packages/airflow/example_dags/example_latest_only_with_trigger.py took 0.367 seconds
[2022-09-10 20:21:47,999] {processor.py:153} INFO - Started process (PID=9005) to work on /home/airflow/.local/lib/python3.7/site-packages/airflow/example_dags/example_latest_only_with_trigger.py
[2022-09-10 20:21:48,004] {processor.py:641} INFO - Processing file /home/airflow/.local/lib/python3.7/site-packages/airflow/example_dags/example_latest_only_with_trigger.py for tasks to queue
[2022-09-10 20:21:48,006] {logging_mixin.py:115} INFO - [2022-09-10 20:21:48,006] {dagbag.py:507} INFO - Filling up the DagBag from /home/airflow/.local/lib/python3.7/site-packages/airflow/example_dags/example_latest_only_with_trigger.py
[2022-09-10 20:21:48,082] {processor.py:651} INFO - DAG(s) dict_keys(['latest_only_with_trigger']) retrieved from /home/airflow/.local/lib/python3.7/site-packages/airflow/example_dags/example_latest_only_with_trigger.py
[2022-09-10 20:21:48,199] {logging_mixin.py:115} INFO - [2022-09-10 20:21:48,198] {dag.py:2371} INFO - Sync 1 DAGs
[2022-09-10 20:21:48,310] {logging_mixin.py:115} INFO - [2022-09-10 20:21:48,309] {dag.py:2919} INFO - Setting next_dagrun for latest_only_with_trigger to 2022-09-10T16:21:48.309619+00:00, run_after=2022-09-10T20:21:48.309619+00:00
[2022-09-10 20:21:48,392] {processor.py:161} INFO - Processing /home/airflow/.local/lib/python3.7/site-packages/airflow/example_dags/example_latest_only_with_trigger.py took 0.406 seconds
[2022-09-10 20:31:26,883] {processor.py:153} INFO - Started process (PID=9060) to work on /home/airflow/.local/lib/python3.7/site-packages/airflow/example_dags/example_latest_only_with_trigger.py
[2022-09-10 20:31:26,888] {processor.py:641} INFO - Processing file /home/airflow/.local/lib/python3.7/site-packages/airflow/example_dags/example_latest_only_with_trigger.py for tasks to queue
[2022-09-10 20:31:26,890] {logging_mixin.py:115} INFO - [2022-09-10 20:31:26,890] {dagbag.py:507} INFO - Filling up the DagBag from /home/airflow/.local/lib/python3.7/site-packages/airflow/example_dags/example_latest_only_with_trigger.py
[2022-09-10 20:31:26,911] {processor.py:651} INFO - DAG(s) dict_keys(['latest_only_with_trigger']) retrieved from /home/airflow/.local/lib/python3.7/site-packages/airflow/example_dags/example_latest_only_with_trigger.py
[2022-09-10 20:31:27,004] {logging_mixin.py:115} INFO - [2022-09-10 20:31:27,004] {dag.py:2371} INFO - Sync 1 DAGs
[2022-09-10 20:31:27,157] {logging_mixin.py:115} INFO - [2022-09-10 20:31:27,157] {dag.py:2919} INFO - Setting next_dagrun for latest_only_with_trigger to 2022-09-10T16:31:27.156842+00:00, run_after=2022-09-10T20:31:27.156842+00:00
[2022-09-10 20:31:27,255] {processor.py:161} INFO - Processing /home/airflow/.local/lib/python3.7/site-packages/airflow/example_dags/example_latest_only_with_trigger.py took 0.385 seconds
[2022-09-10 20:49:11,538] {processor.py:153} INFO - Started process (PID=9123) to work on /home/airflow/.local/lib/python3.7/site-packages/airflow/example_dags/example_latest_only_with_trigger.py
[2022-09-10 20:49:11,541] {processor.py:641} INFO - Processing file /home/airflow/.local/lib/python3.7/site-packages/airflow/example_dags/example_latest_only_with_trigger.py for tasks to queue
[2022-09-10 20:49:11,550] {logging_mixin.py:115} INFO - [2022-09-10 20:49:11,550] {dagbag.py:507} INFO - Filling up the DagBag from /home/airflow/.local/lib/python3.7/site-packages/airflow/example_dags/example_latest_only_with_trigger.py
[2022-09-10 20:49:11,694] {processor.py:651} INFO - DAG(s) dict_keys(['latest_only_with_trigger']) retrieved from /home/airflow/.local/lib/python3.7/site-packages/airflow/example_dags/example_latest_only_with_trigger.py
[2022-09-10 20:49:12,369] {logging_mixin.py:115} INFO - [2022-09-10 20:49:12,369] {dag.py:2371} INFO - Sync 1 DAGs
[2022-09-10 20:49:12,856] {logging_mixin.py:115} INFO - [2022-09-10 20:49:12,855] {dag.py:2919} INFO - Setting next_dagrun for latest_only_with_trigger to 2022-09-10T16:49:12.855095+00:00, run_after=2022-09-10T20:49:12.855095+00:00
[2022-09-10 20:49:13,072] {processor.py:161} INFO - Processing /home/airflow/.local/lib/python3.7/site-packages/airflow/example_dags/example_latest_only_with_trigger.py took 1.610 seconds
[2022-09-10 20:49:43,437] {processor.py:153} INFO - Started process (PID=9174) to work on /home/airflow/.local/lib/python3.7/site-packages/airflow/example_dags/example_latest_only_with_trigger.py
[2022-09-10 20:49:43,441] {processor.py:641} INFO - Processing file /home/airflow/.local/lib/python3.7/site-packages/airflow/example_dags/example_latest_only_with_trigger.py for tasks to queue
[2022-09-10 20:49:43,448] {logging_mixin.py:115} INFO - [2022-09-10 20:49:43,446] {dagbag.py:507} INFO - Filling up the DagBag from /home/airflow/.local/lib/python3.7/site-packages/airflow/example_dags/example_latest_only_with_trigger.py
[2022-09-10 20:49:43,485] {processor.py:651} INFO - DAG(s) dict_keys(['latest_only_with_trigger']) retrieved from /home/airflow/.local/lib/python3.7/site-packages/airflow/example_dags/example_latest_only_with_trigger.py
[2022-09-10 20:49:43,618] {logging_mixin.py:115} INFO - [2022-09-10 20:49:43,618] {dag.py:2371} INFO - Sync 1 DAGs
[2022-09-10 20:49:43,781] {logging_mixin.py:115} INFO - [2022-09-10 20:49:43,781] {dag.py:2919} INFO - Setting next_dagrun for latest_only_with_trigger to 2022-09-10T16:49:43.778746+00:00, run_after=2022-09-10T20:49:43.778746+00:00
[2022-09-10 20:49:43,848] {processor.py:161} INFO - Processing /home/airflow/.local/lib/python3.7/site-packages/airflow/example_dags/example_latest_only_with_trigger.py took 0.433 seconds
[2022-09-10 21:23:10,613] {processor.py:153} INFO - Started process (PID=9243) to work on /home/airflow/.local/lib/python3.7/site-packages/airflow/example_dags/example_latest_only_with_trigger.py
[2022-09-10 21:23:10,619] {processor.py:641} INFO - Processing file /home/airflow/.local/lib/python3.7/site-packages/airflow/example_dags/example_latest_only_with_trigger.py for tasks to queue
[2022-09-10 21:23:10,621] {logging_mixin.py:115} INFO - [2022-09-10 21:23:10,621] {dagbag.py:507} INFO - Filling up the DagBag from /home/airflow/.local/lib/python3.7/site-packages/airflow/example_dags/example_latest_only_with_trigger.py
[2022-09-10 21:23:10,688] {processor.py:651} INFO - DAG(s) dict_keys(['latest_only_with_trigger']) retrieved from /home/airflow/.local/lib/python3.7/site-packages/airflow/example_dags/example_latest_only_with_trigger.py
[2022-09-10 21:23:10,880] {logging_mixin.py:115} INFO - [2022-09-10 21:23:10,880] {dag.py:2371} INFO - Sync 1 DAGs
[2022-09-10 21:23:11,054] {logging_mixin.py:115} INFO - [2022-09-10 21:23:11,053] {dag.py:2919} INFO - Setting next_dagrun for latest_only_with_trigger to 2022-09-10T17:23:11.053420+00:00, run_after=2022-09-10T21:23:11.053420+00:00
[2022-09-10 21:23:11,145] {processor.py:161} INFO - Processing /home/airflow/.local/lib/python3.7/site-packages/airflow/example_dags/example_latest_only_with_trigger.py took 0.560 seconds
[2022-09-10 21:24:03,087] {processor.py:153} INFO - Started process (PID=9311) to work on /home/airflow/.local/lib/python3.7/site-packages/airflow/example_dags/example_latest_only_with_trigger.py
[2022-09-10 21:24:03,089] {processor.py:641} INFO - Processing file /home/airflow/.local/lib/python3.7/site-packages/airflow/example_dags/example_latest_only_with_trigger.py for tasks to queue
[2022-09-10 21:24:03,091] {logging_mixin.py:115} INFO - [2022-09-10 21:24:03,091] {dagbag.py:507} INFO - Filling up the DagBag from /home/airflow/.local/lib/python3.7/site-packages/airflow/example_dags/example_latest_only_with_trigger.py
[2022-09-10 21:24:03,136] {processor.py:651} INFO - DAG(s) dict_keys(['latest_only_with_trigger']) retrieved from /home/airflow/.local/lib/python3.7/site-packages/airflow/example_dags/example_latest_only_with_trigger.py
[2022-09-10 21:24:03,392] {logging_mixin.py:115} INFO - [2022-09-10 21:24:03,391] {dag.py:2371} INFO - Sync 1 DAGs
[2022-09-10 21:24:03,552] {logging_mixin.py:115} INFO - [2022-09-10 21:24:03,552] {dag.py:2919} INFO - Setting next_dagrun for latest_only_with_trigger to 2022-09-10T17:24:03.551619+00:00, run_after=2022-09-10T21:24:03.551619+00:00
[2022-09-10 21:24:03,640] {processor.py:161} INFO - Processing /home/airflow/.local/lib/python3.7/site-packages/airflow/example_dags/example_latest_only_with_trigger.py took 0.583 seconds
[2022-09-10 21:40:15,365] {processor.py:153} INFO - Started process (PID=9342) to work on /home/airflow/.local/lib/python3.7/site-packages/airflow/example_dags/example_latest_only_with_trigger.py
[2022-09-10 21:40:15,368] {processor.py:641} INFO - Processing file /home/airflow/.local/lib/python3.7/site-packages/airflow/example_dags/example_latest_only_with_trigger.py for tasks to queue
[2022-09-10 21:40:15,371] {logging_mixin.py:115} INFO - [2022-09-10 21:40:15,371] {dagbag.py:507} INFO - Filling up the DagBag from /home/airflow/.local/lib/python3.7/site-packages/airflow/example_dags/example_latest_only_with_trigger.py
[2022-09-10 21:40:15,387] {processor.py:651} INFO - DAG(s) dict_keys(['latest_only_with_trigger']) retrieved from /home/airflow/.local/lib/python3.7/site-packages/airflow/example_dags/example_latest_only_with_trigger.py
[2022-09-10 21:40:15,446] {logging_mixin.py:115} INFO - [2022-09-10 21:40:15,445] {dag.py:2371} INFO - Sync 1 DAGs
[2022-09-10 21:40:15,512] {logging_mixin.py:115} INFO - [2022-09-10 21:40:15,512] {dag.py:2919} INFO - Setting next_dagrun for latest_only_with_trigger to 2022-09-10T17:40:15.512464+00:00, run_after=2022-09-10T21:40:15.512464+00:00
[2022-09-10 21:40:15,539] {processor.py:161} INFO - Processing /home/airflow/.local/lib/python3.7/site-packages/airflow/example_dags/example_latest_only_with_trigger.py took 0.184 seconds
[2022-09-10 21:41:24,904] {processor.py:153} INFO - Started process (PID=9414) to work on /home/airflow/.local/lib/python3.7/site-packages/airflow/example_dags/example_latest_only_with_trigger.py
[2022-09-10 21:41:24,914] {processor.py:641} INFO - Processing file /home/airflow/.local/lib/python3.7/site-packages/airflow/example_dags/example_latest_only_with_trigger.py for tasks to queue
[2022-09-10 21:41:24,916] {logging_mixin.py:115} INFO - [2022-09-10 21:41:24,916] {dagbag.py:507} INFO - Filling up the DagBag from /home/airflow/.local/lib/python3.7/site-packages/airflow/example_dags/example_latest_only_with_trigger.py
[2022-09-10 21:41:24,952] {processor.py:651} INFO - DAG(s) dict_keys(['latest_only_with_trigger']) retrieved from /home/airflow/.local/lib/python3.7/site-packages/airflow/example_dags/example_latest_only_with_trigger.py
[2022-09-10 21:41:25,102] {logging_mixin.py:115} INFO - [2022-09-10 21:41:25,102] {dag.py:2371} INFO - Sync 1 DAGs
[2022-09-10 21:41:25,214] {logging_mixin.py:115} INFO - [2022-09-10 21:41:25,214] {dag.py:2919} INFO - Setting next_dagrun for latest_only_with_trigger to 2022-09-10T17:41:25.213644+00:00, run_after=2022-09-10T21:41:25.213644+00:00
[2022-09-10 21:41:25,282] {processor.py:161} INFO - Processing /home/airflow/.local/lib/python3.7/site-packages/airflow/example_dags/example_latest_only_with_trigger.py took 0.388 seconds
[2022-09-10 21:59:24,549] {processor.py:153} INFO - Started process (PID=9457) to work on /home/airflow/.local/lib/python3.7/site-packages/airflow/example_dags/example_latest_only_with_trigger.py
[2022-09-10 21:59:24,550] {processor.py:641} INFO - Processing file /home/airflow/.local/lib/python3.7/site-packages/airflow/example_dags/example_latest_only_with_trigger.py for tasks to queue
[2022-09-10 21:59:24,556] {logging_mixin.py:115} INFO - [2022-09-10 21:59:24,556] {dagbag.py:507} INFO - Filling up the DagBag from /home/airflow/.local/lib/python3.7/site-packages/airflow/example_dags/example_latest_only_with_trigger.py
[2022-09-10 21:59:24,596] {processor.py:651} INFO - DAG(s) dict_keys(['latest_only_with_trigger']) retrieved from /home/airflow/.local/lib/python3.7/site-packages/airflow/example_dags/example_latest_only_with_trigger.py
[2022-09-10 21:59:24,768] {logging_mixin.py:115} INFO - [2022-09-10 21:59:24,768] {dag.py:2371} INFO - Sync 1 DAGs
[2022-09-10 21:59:24,934] {logging_mixin.py:115} INFO - [2022-09-10 21:59:24,934] {dag.py:2919} INFO - Setting next_dagrun for latest_only_with_trigger to 2022-09-10T17:59:24.934222+00:00, run_after=2022-09-10T21:59:24.934222+00:00
[2022-09-10 21:59:24,996] {processor.py:161} INFO - Processing /home/airflow/.local/lib/python3.7/site-packages/airflow/example_dags/example_latest_only_with_trigger.py took 0.459 seconds
[2022-09-10 22:16:04,749] {processor.py:153} INFO - Started process (PID=9492) to work on /home/airflow/.local/lib/python3.7/site-packages/airflow/example_dags/example_latest_only_with_trigger.py
[2022-09-10 22:16:04,751] {processor.py:641} INFO - Processing file /home/airflow/.local/lib/python3.7/site-packages/airflow/example_dags/example_latest_only_with_trigger.py for tasks to queue
[2022-09-10 22:16:04,754] {logging_mixin.py:115} INFO - [2022-09-10 22:16:04,754] {dagbag.py:507} INFO - Filling up the DagBag from /home/airflow/.local/lib/python3.7/site-packages/airflow/example_dags/example_latest_only_with_trigger.py
[2022-09-10 22:16:04,772] {processor.py:651} INFO - DAG(s) dict_keys(['latest_only_with_trigger']) retrieved from /home/airflow/.local/lib/python3.7/site-packages/airflow/example_dags/example_latest_only_with_trigger.py
[2022-09-10 22:16:04,842] {logging_mixin.py:115} INFO - [2022-09-10 22:16:04,842] {dag.py:2371} INFO - Sync 1 DAGs
[2022-09-10 22:16:04,894] {logging_mixin.py:115} INFO - [2022-09-10 22:16:04,894] {dag.py:2919} INFO - Setting next_dagrun for latest_only_with_trigger to 2022-09-10T18:16:04.894213+00:00, run_after=2022-09-10T22:16:04.894213+00:00
[2022-09-10 22:16:04,913] {processor.py:161} INFO - Processing /home/airflow/.local/lib/python3.7/site-packages/airflow/example_dags/example_latest_only_with_trigger.py took 0.173 seconds
[2022-09-10 22:16:56,546] {processor.py:153} INFO - Started process (PID=9540) to work on /home/airflow/.local/lib/python3.7/site-packages/airflow/example_dags/example_latest_only_with_trigger.py
[2022-09-10 22:16:56,559] {processor.py:641} INFO - Processing file /home/airflow/.local/lib/python3.7/site-packages/airflow/example_dags/example_latest_only_with_trigger.py for tasks to queue
[2022-09-10 22:16:56,561] {logging_mixin.py:115} INFO - [2022-09-10 22:16:56,561] {dagbag.py:507} INFO - Filling up the DagBag from /home/airflow/.local/lib/python3.7/site-packages/airflow/example_dags/example_latest_only_with_trigger.py
[2022-09-10 22:16:56,617] {processor.py:651} INFO - DAG(s) dict_keys(['latest_only_with_trigger']) retrieved from /home/airflow/.local/lib/python3.7/site-packages/airflow/example_dags/example_latest_only_with_trigger.py
[2022-09-10 22:16:56,859] {logging_mixin.py:115} INFO - [2022-09-10 22:16:56,859] {dag.py:2371} INFO - Sync 1 DAGs
[2022-09-10 22:16:57,145] {logging_mixin.py:115} INFO - [2022-09-10 22:16:57,144] {dag.py:2919} INFO - Setting next_dagrun for latest_only_with_trigger to 2022-09-10T18:16:57.134204+00:00, run_after=2022-09-10T22:16:57.134204+00:00
[2022-09-10 22:16:57,215] {processor.py:161} INFO - Processing /home/airflow/.local/lib/python3.7/site-packages/airflow/example_dags/example_latest_only_with_trigger.py took 0.687 seconds
[2022-09-10 22:34:59,265] {processor.py:153} INFO - Started process (PID=9590) to work on /home/airflow/.local/lib/python3.7/site-packages/airflow/example_dags/example_latest_only_with_trigger.py
[2022-09-10 22:34:59,287] {processor.py:641} INFO - Processing file /home/airflow/.local/lib/python3.7/site-packages/airflow/example_dags/example_latest_only_with_trigger.py for tasks to queue
[2022-09-10 22:34:59,289] {logging_mixin.py:115} INFO - [2022-09-10 22:34:59,289] {dagbag.py:507} INFO - Filling up the DagBag from /home/airflow/.local/lib/python3.7/site-packages/airflow/example_dags/example_latest_only_with_trigger.py
[2022-09-10 22:34:59,306] {processor.py:651} INFO - DAG(s) dict_keys(['latest_only_with_trigger']) retrieved from /home/airflow/.local/lib/python3.7/site-packages/airflow/example_dags/example_latest_only_with_trigger.py
[2022-09-10 22:34:59,499] {logging_mixin.py:115} INFO - [2022-09-10 22:34:59,499] {dag.py:2371} INFO - Sync 1 DAGs
[2022-09-10 22:34:59,833] {logging_mixin.py:115} INFO - [2022-09-10 22:34:59,833] {dag.py:2919} INFO - Setting next_dagrun for latest_only_with_trigger to 2022-09-10T18:34:59.832477+00:00, run_after=2022-09-10T22:34:59.832477+00:00
[2022-09-10 22:34:59,890] {processor.py:161} INFO - Processing /home/airflow/.local/lib/python3.7/site-packages/airflow/example_dags/example_latest_only_with_trigger.py took 0.636 seconds
[2022-09-10 23:13:01,256] {processor.py:153} INFO - Started process (PID=9669) to work on /home/airflow/.local/lib/python3.7/site-packages/airflow/example_dags/example_latest_only_with_trigger.py
[2022-09-10 23:13:01,281] {processor.py:641} INFO - Processing file /home/airflow/.local/lib/python3.7/site-packages/airflow/example_dags/example_latest_only_with_trigger.py for tasks to queue
[2022-09-10 23:13:01,288] {logging_mixin.py:115} INFO - [2022-09-10 23:13:01,287] {dagbag.py:507} INFO - Filling up the DagBag from /home/airflow/.local/lib/python3.7/site-packages/airflow/example_dags/example_latest_only_with_trigger.py
[2022-09-10 23:13:01,526] {processor.py:651} INFO - DAG(s) dict_keys(['latest_only_with_trigger']) retrieved from /home/airflow/.local/lib/python3.7/site-packages/airflow/example_dags/example_latest_only_with_trigger.py
[2022-09-10 23:13:02,217] {logging_mixin.py:115} INFO - [2022-09-10 23:13:02,217] {dag.py:2371} INFO - Sync 1 DAGs
[2022-09-10 23:13:02,718] {logging_mixin.py:115} INFO - [2022-09-10 23:13:02,717] {dag.py:2919} INFO - Setting next_dagrun for latest_only_with_trigger to 2022-09-10T19:13:02.716381+00:00, run_after=2022-09-10T23:13:02.716381+00:00
[2022-09-10 23:13:03,043] {processor.py:161} INFO - Processing /home/airflow/.local/lib/python3.7/site-packages/airflow/example_dags/example_latest_only_with_trigger.py took 1.883 seconds
[2022-09-10 23:13:33,531] {processor.py:153} INFO - Started process (PID=9728) to work on /home/airflow/.local/lib/python3.7/site-packages/airflow/example_dags/example_latest_only_with_trigger.py
[2022-09-10 23:13:33,535] {processor.py:641} INFO - Processing file /home/airflow/.local/lib/python3.7/site-packages/airflow/example_dags/example_latest_only_with_trigger.py for tasks to queue
[2022-09-10 23:13:33,539] {logging_mixin.py:115} INFO - [2022-09-10 23:13:33,538] {dagbag.py:507} INFO - Filling up the DagBag from /home/airflow/.local/lib/python3.7/site-packages/airflow/example_dags/example_latest_only_with_trigger.py
[2022-09-10 23:13:33,559] {processor.py:651} INFO - DAG(s) dict_keys(['latest_only_with_trigger']) retrieved from /home/airflow/.local/lib/python3.7/site-packages/airflow/example_dags/example_latest_only_with_trigger.py
[2022-09-10 23:13:33,704] {logging_mixin.py:115} INFO - [2022-09-10 23:13:33,703] {dag.py:2371} INFO - Sync 1 DAGs
[2022-09-10 23:13:33,766] {logging_mixin.py:115} INFO - [2022-09-10 23:13:33,765] {dag.py:2919} INFO - Setting next_dagrun for latest_only_with_trigger to 2022-09-10T19:13:33.765181+00:00, run_after=2022-09-10T23:13:33.765181+00:00
[2022-09-10 23:13:33,808] {processor.py:161} INFO - Processing /home/airflow/.local/lib/python3.7/site-packages/airflow/example_dags/example_latest_only_with_trigger.py took 0.291 seconds
[2022-09-10 23:14:03,983] {processor.py:153} INFO - Started process (PID=9785) to work on /home/airflow/.local/lib/python3.7/site-packages/airflow/example_dags/example_latest_only_with_trigger.py
[2022-09-10 23:14:03,985] {processor.py:641} INFO - Processing file /home/airflow/.local/lib/python3.7/site-packages/airflow/example_dags/example_latest_only_with_trigger.py for tasks to queue
[2022-09-10 23:14:03,988] {logging_mixin.py:115} INFO - [2022-09-10 23:14:03,987] {dagbag.py:507} INFO - Filling up the DagBag from /home/airflow/.local/lib/python3.7/site-packages/airflow/example_dags/example_latest_only_with_trigger.py
[2022-09-10 23:14:04,002] {processor.py:651} INFO - DAG(s) dict_keys(['latest_only_with_trigger']) retrieved from /home/airflow/.local/lib/python3.7/site-packages/airflow/example_dags/example_latest_only_with_trigger.py
[2022-09-10 23:14:04,050] {logging_mixin.py:115} INFO - [2022-09-10 23:14:04,050] {dag.py:2371} INFO - Sync 1 DAGs
[2022-09-10 23:14:04,089] {logging_mixin.py:115} INFO - [2022-09-10 23:14:04,089] {dag.py:2919} INFO - Setting next_dagrun for latest_only_with_trigger to 2022-09-10T19:14:04.088392+00:00, run_after=2022-09-10T23:14:04.088392+00:00
[2022-09-10 23:14:04,112] {processor.py:161} INFO - Processing /home/airflow/.local/lib/python3.7/site-packages/airflow/example_dags/example_latest_only_with_trigger.py took 0.134 seconds
[2022-09-10 23:14:34,743] {processor.py:153} INFO - Started process (PID=9852) to work on /home/airflow/.local/lib/python3.7/site-packages/airflow/example_dags/example_latest_only_with_trigger.py
[2022-09-10 23:14:34,746] {processor.py:641} INFO - Processing file /home/airflow/.local/lib/python3.7/site-packages/airflow/example_dags/example_latest_only_with_trigger.py for tasks to queue
[2022-09-10 23:14:34,748] {logging_mixin.py:115} INFO - [2022-09-10 23:14:34,748] {dagbag.py:507} INFO - Filling up the DagBag from /home/airflow/.local/lib/python3.7/site-packages/airflow/example_dags/example_latest_only_with_trigger.py
[2022-09-10 23:14:34,787] {processor.py:651} INFO - DAG(s) dict_keys(['latest_only_with_trigger']) retrieved from /home/airflow/.local/lib/python3.7/site-packages/airflow/example_dags/example_latest_only_with_trigger.py
[2022-09-10 23:14:34,868] {logging_mixin.py:115} INFO - [2022-09-10 23:14:34,868] {dag.py:2371} INFO - Sync 1 DAGs
[2022-09-10 23:14:34,939] {logging_mixin.py:115} INFO - [2022-09-10 23:14:34,939] {dag.py:2919} INFO - Setting next_dagrun for latest_only_with_trigger to 2022-09-10T19:14:34.938525+00:00, run_after=2022-09-10T23:14:34.938525+00:00
[2022-09-10 23:14:35,000] {processor.py:161} INFO - Processing /home/airflow/.local/lib/python3.7/site-packages/airflow/example_dags/example_latest_only_with_trigger.py took 0.268 seconds
[2022-09-10 23:15:06,019] {processor.py:153} INFO - Started process (PID=9906) to work on /home/airflow/.local/lib/python3.7/site-packages/airflow/example_dags/example_latest_only_with_trigger.py
[2022-09-10 23:15:06,021] {processor.py:641} INFO - Processing file /home/airflow/.local/lib/python3.7/site-packages/airflow/example_dags/example_latest_only_with_trigger.py for tasks to queue
[2022-09-10 23:15:06,022] {logging_mixin.py:115} INFO - [2022-09-10 23:15:06,022] {dagbag.py:507} INFO - Filling up the DagBag from /home/airflow/.local/lib/python3.7/site-packages/airflow/example_dags/example_latest_only_with_trigger.py
[2022-09-10 23:15:06,031] {processor.py:651} INFO - DAG(s) dict_keys(['latest_only_with_trigger']) retrieved from /home/airflow/.local/lib/python3.7/site-packages/airflow/example_dags/example_latest_only_with_trigger.py
[2022-09-10 23:15:06,067] {logging_mixin.py:115} INFO - [2022-09-10 23:15:06,067] {dag.py:2371} INFO - Sync 1 DAGs
[2022-09-10 23:15:06,094] {logging_mixin.py:115} INFO - [2022-09-10 23:15:06,094] {dag.py:2919} INFO - Setting next_dagrun for latest_only_with_trigger to 2022-09-10T19:15:06.094118+00:00, run_after=2022-09-10T23:15:06.094118+00:00
[2022-09-10 23:15:06,124] {processor.py:161} INFO - Processing /home/airflow/.local/lib/python3.7/site-packages/airflow/example_dags/example_latest_only_with_trigger.py took 0.108 seconds
