[2022-09-10 00:11:56,203] {processor.py:153} INFO - Started process (PID=7132) to work on /home/airflow/.local/lib/python3.7/site-packages/airflow/example_dags/example_branch_day_of_week_operator.py
[2022-09-10 00:11:56,259] {processor.py:641} INFO - Processing file /home/airflow/.local/lib/python3.7/site-packages/airflow/example_dags/example_branch_day_of_week_operator.py for tasks to queue
[2022-09-10 00:11:56,353] {logging_mixin.py:115} INFO - [2022-09-10 00:11:56,351] {dagbag.py:507} INFO - Filling up the DagBag from /home/airflow/.local/lib/python3.7/site-packages/airflow/example_dags/example_branch_day_of_week_operator.py
[2022-09-10 00:11:57,035] {processor.py:651} INFO - DAG(s) dict_keys(['example_weekday_branch_operator']) retrieved from /home/airflow/.local/lib/python3.7/site-packages/airflow/example_dags/example_branch_day_of_week_operator.py
[2022-09-10 00:12:01,974] {logging_mixin.py:115} INFO - [2022-09-10 00:12:01,968] {dag.py:2371} INFO - Sync 1 DAGs
[2022-09-10 00:12:06,314] {logging_mixin.py:115} INFO - [2022-09-10 00:12:06,259] {dag.py:2919} INFO - Setting next_dagrun for example_weekday_branch_operator to 2022-09-09T00:00:00+00:00, run_after=2022-09-10T00:00:00+00:00
[2022-09-10 00:12:07,813] {processor.py:161} INFO - Processing /home/airflow/.local/lib/python3.7/site-packages/airflow/example_dags/example_branch_day_of_week_operator.py took 12.059 seconds
[2022-09-10 00:12:43,185] {processor.py:153} INFO - Started process (PID=7189) to work on /home/airflow/.local/lib/python3.7/site-packages/airflow/example_dags/example_branch_day_of_week_operator.py
[2022-09-10 00:12:43,187] {processor.py:641} INFO - Processing file /home/airflow/.local/lib/python3.7/site-packages/airflow/example_dags/example_branch_day_of_week_operator.py for tasks to queue
[2022-09-10 00:12:43,188] {logging_mixin.py:115} INFO - [2022-09-10 00:12:43,188] {dagbag.py:507} INFO - Filling up the DagBag from /home/airflow/.local/lib/python3.7/site-packages/airflow/example_dags/example_branch_day_of_week_operator.py
[2022-09-10 00:12:43,206] {processor.py:651} INFO - DAG(s) dict_keys(['example_weekday_branch_operator']) retrieved from /home/airflow/.local/lib/python3.7/site-packages/airflow/example_dags/example_branch_day_of_week_operator.py
[2022-09-10 00:12:43,270] {logging_mixin.py:115} INFO - [2022-09-10 00:12:43,270] {dag.py:2371} INFO - Sync 1 DAGs
[2022-09-10 00:12:43,314] {logging_mixin.py:115} INFO - [2022-09-10 00:12:43,314] {dag.py:2919} INFO - Setting next_dagrun for example_weekday_branch_operator to 2022-09-09T00:00:00+00:00, run_after=2022-09-10T00:00:00+00:00
[2022-09-10 00:12:43,334] {processor.py:161} INFO - Processing /home/airflow/.local/lib/python3.7/site-packages/airflow/example_dags/example_branch_day_of_week_operator.py took 0.156 seconds
[2022-09-10 00:29:09,343] {processor.py:153} INFO - Started process (PID=7211) to work on /home/airflow/.local/lib/python3.7/site-packages/airflow/example_dags/example_branch_day_of_week_operator.py
[2022-09-10 00:29:09,355] {processor.py:641} INFO - Processing file /home/airflow/.local/lib/python3.7/site-packages/airflow/example_dags/example_branch_day_of_week_operator.py for tasks to queue
[2022-09-10 00:29:09,359] {logging_mixin.py:115} INFO - [2022-09-10 00:29:09,359] {dagbag.py:507} INFO - Filling up the DagBag from /home/airflow/.local/lib/python3.7/site-packages/airflow/example_dags/example_branch_day_of_week_operator.py
[2022-09-10 00:29:09,435] {processor.py:651} INFO - DAG(s) dict_keys(['example_weekday_branch_operator']) retrieved from /home/airflow/.local/lib/python3.7/site-packages/airflow/example_dags/example_branch_day_of_week_operator.py
[2022-09-10 00:29:09,644] {logging_mixin.py:115} INFO - [2022-09-10 00:29:09,644] {dag.py:2371} INFO - Sync 1 DAGs
[2022-09-10 00:29:09,911] {logging_mixin.py:115} INFO - [2022-09-10 00:29:09,900] {dag.py:2919} INFO - Setting next_dagrun for example_weekday_branch_operator to 2022-09-09T00:00:00+00:00, run_after=2022-09-10T00:00:00+00:00
[2022-09-10 00:29:09,968] {processor.py:161} INFO - Processing /home/airflow/.local/lib/python3.7/site-packages/airflow/example_dags/example_branch_day_of_week_operator.py took 0.646 seconds
[2022-09-10 02:01:36,039] {processor.py:153} INFO - Started process (PID=7274) to work on /home/airflow/.local/lib/python3.7/site-packages/airflow/example_dags/example_branch_day_of_week_operator.py
[2022-09-10 02:01:36,041] {processor.py:641} INFO - Processing file /home/airflow/.local/lib/python3.7/site-packages/airflow/example_dags/example_branch_day_of_week_operator.py for tasks to queue
[2022-09-10 02:01:36,042] {logging_mixin.py:115} INFO - [2022-09-10 02:01:36,042] {dagbag.py:507} INFO - Filling up the DagBag from /home/airflow/.local/lib/python3.7/site-packages/airflow/example_dags/example_branch_day_of_week_operator.py
[2022-09-10 02:01:36,074] {processor.py:651} INFO - DAG(s) dict_keys(['example_weekday_branch_operator']) retrieved from /home/airflow/.local/lib/python3.7/site-packages/airflow/example_dags/example_branch_day_of_week_operator.py
[2022-09-10 02:01:36,265] {logging_mixin.py:115} INFO - [2022-09-10 02:01:36,265] {dag.py:2371} INFO - Sync 1 DAGs
[2022-09-10 02:01:36,481] {logging_mixin.py:115} INFO - [2022-09-10 02:01:36,481] {dag.py:2919} INFO - Setting next_dagrun for example_weekday_branch_operator to 2022-09-09T00:00:00+00:00, run_after=2022-09-10T00:00:00+00:00
[2022-09-10 02:01:36,543] {processor.py:161} INFO - Processing /home/airflow/.local/lib/python3.7/site-packages/airflow/example_dags/example_branch_day_of_week_operator.py took 0.508 seconds
[2022-09-10 02:01:44,672] {processor.py:153} INFO - Started process (PID=7322) to work on /home/airflow/.local/lib/python3.7/site-packages/airflow/example_dags/example_branch_day_of_week_operator.py
[2022-09-10 02:01:44,674] {processor.py:641} INFO - Processing file /home/airflow/.local/lib/python3.7/site-packages/airflow/example_dags/example_branch_day_of_week_operator.py for tasks to queue
[2022-09-10 02:01:44,676] {logging_mixin.py:115} INFO - [2022-09-10 02:01:44,676] {dagbag.py:507} INFO - Filling up the DagBag from /home/airflow/.local/lib/python3.7/site-packages/airflow/example_dags/example_branch_day_of_week_operator.py
[2022-09-10 02:01:44,707] {processor.py:651} INFO - DAG(s) dict_keys(['example_weekday_branch_operator']) retrieved from /home/airflow/.local/lib/python3.7/site-packages/airflow/example_dags/example_branch_day_of_week_operator.py
[2022-09-10 02:01:44,805] {logging_mixin.py:115} INFO - [2022-09-10 02:01:44,805] {dag.py:2371} INFO - Sync 1 DAGs
[2022-09-10 02:01:44,838] {logging_mixin.py:115} INFO - [2022-09-10 02:01:44,838] {dag.py:2919} INFO - Setting next_dagrun for example_weekday_branch_operator to 2022-09-09T00:00:00+00:00, run_after=2022-09-10T00:00:00+00:00
[2022-09-10 02:01:44,862] {processor.py:161} INFO - Processing /home/airflow/.local/lib/python3.7/site-packages/airflow/example_dags/example_branch_day_of_week_operator.py took 0.205 seconds
[2022-09-10 02:02:32,391] {processor.py:153} INFO - Started process (PID=7350) to work on /home/airflow/.local/lib/python3.7/site-packages/airflow/example_dags/example_branch_day_of_week_operator.py
[2022-09-10 02:02:32,394] {processor.py:641} INFO - Processing file /home/airflow/.local/lib/python3.7/site-packages/airflow/example_dags/example_branch_day_of_week_operator.py for tasks to queue
[2022-09-10 02:02:32,401] {logging_mixin.py:115} INFO - [2022-09-10 02:02:32,400] {dagbag.py:507} INFO - Filling up the DagBag from /home/airflow/.local/lib/python3.7/site-packages/airflow/example_dags/example_branch_day_of_week_operator.py
[2022-09-10 02:02:32,429] {processor.py:651} INFO - DAG(s) dict_keys(['example_weekday_branch_operator']) retrieved from /home/airflow/.local/lib/python3.7/site-packages/airflow/example_dags/example_branch_day_of_week_operator.py
[2022-09-10 02:02:32,485] {logging_mixin.py:115} INFO - [2022-09-10 02:02:32,485] {dag.py:2371} INFO - Sync 1 DAGs
[2022-09-10 02:02:32,574] {logging_mixin.py:115} INFO - [2022-09-10 02:02:32,574] {dag.py:2919} INFO - Setting next_dagrun for example_weekday_branch_operator to 2022-09-09T00:00:00+00:00, run_after=2022-09-10T00:00:00+00:00
[2022-09-10 02:02:32,651] {processor.py:161} INFO - Processing /home/airflow/.local/lib/python3.7/site-packages/airflow/example_dags/example_branch_day_of_week_operator.py took 0.283 seconds
[2022-09-10 02:55:51,437] {processor.py:153} INFO - Started process (PID=7383) to work on /home/airflow/.local/lib/python3.7/site-packages/airflow/example_dags/example_branch_day_of_week_operator.py
[2022-09-10 02:55:51,439] {processor.py:641} INFO - Processing file /home/airflow/.local/lib/python3.7/site-packages/airflow/example_dags/example_branch_day_of_week_operator.py for tasks to queue
[2022-09-10 02:55:51,440] {logging_mixin.py:115} INFO - [2022-09-10 02:55:51,440] {dagbag.py:507} INFO - Filling up the DagBag from /home/airflow/.local/lib/python3.7/site-packages/airflow/example_dags/example_branch_day_of_week_operator.py
[2022-09-10 02:55:51,457] {processor.py:651} INFO - DAG(s) dict_keys(['example_weekday_branch_operator']) retrieved from /home/airflow/.local/lib/python3.7/site-packages/airflow/example_dags/example_branch_day_of_week_operator.py
[2022-09-10 02:55:51,512] {logging_mixin.py:115} INFO - [2022-09-10 02:55:51,512] {dag.py:2371} INFO - Sync 1 DAGs
[2022-09-10 02:55:51,564] {logging_mixin.py:115} INFO - [2022-09-10 02:55:51,564] {dag.py:2919} INFO - Setting next_dagrun for example_weekday_branch_operator to 2022-09-09T00:00:00+00:00, run_after=2022-09-10T00:00:00+00:00
[2022-09-10 02:55:51,584] {processor.py:161} INFO - Processing /home/airflow/.local/lib/python3.7/site-packages/airflow/example_dags/example_branch_day_of_week_operator.py took 0.157 seconds
[2022-09-10 02:56:38,016] {processor.py:153} INFO - Started process (PID=7431) to work on /home/airflow/.local/lib/python3.7/site-packages/airflow/example_dags/example_branch_day_of_week_operator.py
[2022-09-10 02:56:38,019] {processor.py:641} INFO - Processing file /home/airflow/.local/lib/python3.7/site-packages/airflow/example_dags/example_branch_day_of_week_operator.py for tasks to queue
[2022-09-10 02:56:38,026] {logging_mixin.py:115} INFO - [2022-09-10 02:56:38,025] {dagbag.py:507} INFO - Filling up the DagBag from /home/airflow/.local/lib/python3.7/site-packages/airflow/example_dags/example_branch_day_of_week_operator.py
[2022-09-10 02:56:38,098] {processor.py:651} INFO - DAG(s) dict_keys(['example_weekday_branch_operator']) retrieved from /home/airflow/.local/lib/python3.7/site-packages/airflow/example_dags/example_branch_day_of_week_operator.py
[2022-09-10 02:56:38,294] {logging_mixin.py:115} INFO - [2022-09-10 02:56:38,293] {dag.py:2371} INFO - Sync 1 DAGs
[2022-09-10 02:56:38,423] {logging_mixin.py:115} INFO - [2022-09-10 02:56:38,423] {dag.py:2919} INFO - Setting next_dagrun for example_weekday_branch_operator to 2022-09-09T00:00:00+00:00, run_after=2022-09-10T00:00:00+00:00
[2022-09-10 02:56:38,504] {processor.py:161} INFO - Processing /home/airflow/.local/lib/python3.7/site-packages/airflow/example_dags/example_branch_day_of_week_operator.py took 0.512 seconds
[2022-09-10 03:50:38,371] {processor.py:153} INFO - Started process (PID=7478) to work on /home/airflow/.local/lib/python3.7/site-packages/airflow/example_dags/example_branch_day_of_week_operator.py
[2022-09-10 03:50:38,629] {processor.py:641} INFO - Processing file /home/airflow/.local/lib/python3.7/site-packages/airflow/example_dags/example_branch_day_of_week_operator.py for tasks to queue
[2022-09-10 03:50:38,771] {logging_mixin.py:115} INFO - [2022-09-10 03:50:38,746] {dagbag.py:507} INFO - Filling up the DagBag from /home/airflow/.local/lib/python3.7/site-packages/airflow/example_dags/example_branch_day_of_week_operator.py
[2022-09-10 03:50:40,720] {processor.py:651} INFO - DAG(s) dict_keys(['example_weekday_branch_operator']) retrieved from /home/airflow/.local/lib/python3.7/site-packages/airflow/example_dags/example_branch_day_of_week_operator.py
[2022-09-10 03:50:45,169] {logging_mixin.py:115} INFO - [2022-09-10 03:50:45,168] {dag.py:2371} INFO - Sync 1 DAGs
[2022-09-10 03:50:45,268] {logging_mixin.py:115} INFO - [2022-09-10 03:50:45,268] {dag.py:2919} INFO - Setting next_dagrun for example_weekday_branch_operator to 2022-09-09T00:00:00+00:00, run_after=2022-09-10T00:00:00+00:00
[2022-09-10 03:50:45,581] {processor.py:161} INFO - Processing /home/airflow/.local/lib/python3.7/site-packages/airflow/example_dags/example_branch_day_of_week_operator.py took 8.418 seconds
[2022-09-10 04:44:51,278] {processor.py:153} INFO - Started process (PID=7550) to work on /home/airflow/.local/lib/python3.7/site-packages/airflow/example_dags/example_branch_day_of_week_operator.py
[2022-09-10 04:44:51,318] {processor.py:641} INFO - Processing file /home/airflow/.local/lib/python3.7/site-packages/airflow/example_dags/example_branch_day_of_week_operator.py for tasks to queue
[2022-09-10 04:44:51,373] {logging_mixin.py:115} INFO - [2022-09-10 04:44:51,373] {dagbag.py:507} INFO - Filling up the DagBag from /home/airflow/.local/lib/python3.7/site-packages/airflow/example_dags/example_branch_day_of_week_operator.py
[2022-09-10 04:44:51,477] {processor.py:651} INFO - DAG(s) dict_keys(['example_weekday_branch_operator']) retrieved from /home/airflow/.local/lib/python3.7/site-packages/airflow/example_dags/example_branch_day_of_week_operator.py
[2022-09-10 04:44:51,681] {logging_mixin.py:115} INFO - [2022-09-10 04:44:51,681] {dag.py:2371} INFO - Sync 1 DAGs
[2022-09-10 04:44:51,972] {logging_mixin.py:115} INFO - [2022-09-10 04:44:51,972] {dag.py:2919} INFO - Setting next_dagrun for example_weekday_branch_operator to 2022-09-09T00:00:00+00:00, run_after=2022-09-10T00:00:00+00:00
[2022-09-10 04:44:52,285] {processor.py:161} INFO - Processing /home/airflow/.local/lib/python3.7/site-packages/airflow/example_dags/example_branch_day_of_week_operator.py took 1.084 seconds
[2022-09-10 05:11:29,703] {processor.py:153} INFO - Started process (PID=7617) to work on /home/airflow/.local/lib/python3.7/site-packages/airflow/example_dags/example_branch_day_of_week_operator.py
[2022-09-10 05:11:29,704] {processor.py:641} INFO - Processing file /home/airflow/.local/lib/python3.7/site-packages/airflow/example_dags/example_branch_day_of_week_operator.py for tasks to queue
[2022-09-10 05:11:29,708] {logging_mixin.py:115} INFO - [2022-09-10 05:11:29,706] {dagbag.py:507} INFO - Filling up the DagBag from /home/airflow/.local/lib/python3.7/site-packages/airflow/example_dags/example_branch_day_of_week_operator.py
[2022-09-10 05:11:29,726] {processor.py:651} INFO - DAG(s) dict_keys(['example_weekday_branch_operator']) retrieved from /home/airflow/.local/lib/python3.7/site-packages/airflow/example_dags/example_branch_day_of_week_operator.py
[2022-09-10 05:11:29,780] {logging_mixin.py:115} INFO - [2022-09-10 05:11:29,780] {dag.py:2371} INFO - Sync 1 DAGs
[2022-09-10 05:11:29,840] {logging_mixin.py:115} INFO - [2022-09-10 05:11:29,840] {dag.py:2919} INFO - Setting next_dagrun for example_weekday_branch_operator to 2022-09-09T00:00:00+00:00, run_after=2022-09-10T00:00:00+00:00
[2022-09-10 05:11:29,869] {processor.py:161} INFO - Processing /home/airflow/.local/lib/python3.7/site-packages/airflow/example_dags/example_branch_day_of_week_operator.py took 0.171 seconds
[2022-09-10 05:12:19,232] {processor.py:153} INFO - Started process (PID=7673) to work on /home/airflow/.local/lib/python3.7/site-packages/airflow/example_dags/example_branch_day_of_week_operator.py
[2022-09-10 05:12:19,236] {processor.py:641} INFO - Processing file /home/airflow/.local/lib/python3.7/site-packages/airflow/example_dags/example_branch_day_of_week_operator.py for tasks to queue
[2022-09-10 05:12:19,238] {logging_mixin.py:115} INFO - [2022-09-10 05:12:19,237] {dagbag.py:507} INFO - Filling up the DagBag from /home/airflow/.local/lib/python3.7/site-packages/airflow/example_dags/example_branch_day_of_week_operator.py
[2022-09-10 05:12:19,303] {processor.py:651} INFO - DAG(s) dict_keys(['example_weekday_branch_operator']) retrieved from /home/airflow/.local/lib/python3.7/site-packages/airflow/example_dags/example_branch_day_of_week_operator.py
[2022-09-10 05:12:19,469] {logging_mixin.py:115} INFO - [2022-09-10 05:12:19,469] {dag.py:2371} INFO - Sync 1 DAGs
[2022-09-10 05:12:19,744] {logging_mixin.py:115} INFO - [2022-09-10 05:12:19,744] {dag.py:2919} INFO - Setting next_dagrun for example_weekday_branch_operator to 2022-09-09T00:00:00+00:00, run_after=2022-09-10T00:00:00+00:00
[2022-09-10 05:12:19,803] {processor.py:161} INFO - Processing /home/airflow/.local/lib/python3.7/site-packages/airflow/example_dags/example_branch_day_of_week_operator.py took 0.595 seconds
[2022-09-10 05:50:56,793] {processor.py:153} INFO - Started process (PID=7729) to work on /home/airflow/.local/lib/python3.7/site-packages/airflow/example_dags/example_branch_day_of_week_operator.py
[2022-09-10 05:50:57,042] {processor.py:641} INFO - Processing file /home/airflow/.local/lib/python3.7/site-packages/airflow/example_dags/example_branch_day_of_week_operator.py for tasks to queue
[2022-09-10 05:50:57,169] {logging_mixin.py:115} INFO - [2022-09-10 05:50:57,140] {dagbag.py:507} INFO - Filling up the DagBag from /home/airflow/.local/lib/python3.7/site-packages/airflow/example_dags/example_branch_day_of_week_operator.py
[2022-09-10 05:51:01,289] {processor.py:651} INFO - DAG(s) dict_keys(['example_weekday_branch_operator']) retrieved from /home/airflow/.local/lib/python3.7/site-packages/airflow/example_dags/example_branch_day_of_week_operator.py
[2022-09-10 05:51:03,365] {logging_mixin.py:115} INFO - [2022-09-10 05:51:03,365] {dag.py:2371} INFO - Sync 1 DAGs
[2022-09-10 05:51:04,219] {logging_mixin.py:115} INFO - [2022-09-10 05:51:04,219] {dag.py:2919} INFO - Setting next_dagrun for example_weekday_branch_operator to 2022-09-09T00:00:00+00:00, run_after=2022-09-10T00:00:00+00:00
[2022-09-10 05:51:04,265] {processor.py:161} INFO - Processing /home/airflow/.local/lib/python3.7/site-packages/airflow/example_dags/example_branch_day_of_week_operator.py took 8.857 seconds
[2022-09-10 06:45:15,061] {processor.py:153} INFO - Started process (PID=7798) to work on /home/airflow/.local/lib/python3.7/site-packages/airflow/example_dags/example_branch_day_of_week_operator.py
[2022-09-10 06:45:15,066] {processor.py:641} INFO - Processing file /home/airflow/.local/lib/python3.7/site-packages/airflow/example_dags/example_branch_day_of_week_operator.py for tasks to queue
[2022-09-10 06:45:15,068] {logging_mixin.py:115} INFO - [2022-09-10 06:45:15,067] {dagbag.py:507} INFO - Filling up the DagBag from /home/airflow/.local/lib/python3.7/site-packages/airflow/example_dags/example_branch_day_of_week_operator.py
[2022-09-10 06:45:15,111] {processor.py:651} INFO - DAG(s) dict_keys(['example_weekday_branch_operator']) retrieved from /home/airflow/.local/lib/python3.7/site-packages/airflow/example_dags/example_branch_day_of_week_operator.py
[2022-09-10 06:45:15,233] {logging_mixin.py:115} INFO - [2022-09-10 06:45:15,233] {dag.py:2371} INFO - Sync 1 DAGs
[2022-09-10 06:45:15,346] {logging_mixin.py:115} INFO - [2022-09-10 06:45:15,345] {dag.py:2919} INFO - Setting next_dagrun for example_weekday_branch_operator to 2022-09-09T00:00:00+00:00, run_after=2022-09-10T00:00:00+00:00
[2022-09-10 06:45:15,399] {processor.py:161} INFO - Processing /home/airflow/.local/lib/python3.7/site-packages/airflow/example_dags/example_branch_day_of_week_operator.py took 0.351 seconds
[2022-09-10 08:32:36,994] {processor.py:153} INFO - Started process (PID=7864) to work on /home/airflow/.local/lib/python3.7/site-packages/airflow/example_dags/example_branch_day_of_week_operator.py
[2022-09-10 08:32:37,015] {processor.py:641} INFO - Processing file /home/airflow/.local/lib/python3.7/site-packages/airflow/example_dags/example_branch_day_of_week_operator.py for tasks to queue
[2022-09-10 08:32:37,042] {logging_mixin.py:115} INFO - [2022-09-10 08:32:37,041] {dagbag.py:507} INFO - Filling up the DagBag from /home/airflow/.local/lib/python3.7/site-packages/airflow/example_dags/example_branch_day_of_week_operator.py
[2022-09-10 08:32:37,150] {processor.py:651} INFO - DAG(s) dict_keys(['example_weekday_branch_operator']) retrieved from /home/airflow/.local/lib/python3.7/site-packages/airflow/example_dags/example_branch_day_of_week_operator.py
[2022-09-10 08:32:37,787] {logging_mixin.py:115} INFO - [2022-09-10 08:32:37,787] {dag.py:2371} INFO - Sync 1 DAGs
[2022-09-10 08:32:38,190] {logging_mixin.py:115} INFO - [2022-09-10 08:32:38,189] {dag.py:2919} INFO - Setting next_dagrun for example_weekday_branch_operator to 2022-09-09T00:00:00+00:00, run_after=2022-09-10T00:00:00+00:00
[2022-09-10 08:32:38,277] {processor.py:161} INFO - Processing /home/airflow/.local/lib/python3.7/site-packages/airflow/example_dags/example_branch_day_of_week_operator.py took 1.315 seconds
[2022-09-10 09:22:18,496] {processor.py:153} INFO - Started process (PID=7927) to work on /home/airflow/.local/lib/python3.7/site-packages/airflow/example_dags/example_branch_day_of_week_operator.py
[2022-09-10 09:22:18,506] {processor.py:641} INFO - Processing file /home/airflow/.local/lib/python3.7/site-packages/airflow/example_dags/example_branch_day_of_week_operator.py for tasks to queue
[2022-09-10 09:22:18,509] {logging_mixin.py:115} INFO - [2022-09-10 09:22:18,509] {dagbag.py:507} INFO - Filling up the DagBag from /home/airflow/.local/lib/python3.7/site-packages/airflow/example_dags/example_branch_day_of_week_operator.py
[2022-09-10 09:22:18,552] {processor.py:651} INFO - DAG(s) dict_keys(['example_weekday_branch_operator']) retrieved from /home/airflow/.local/lib/python3.7/site-packages/airflow/example_dags/example_branch_day_of_week_operator.py
[2022-09-10 09:22:18,627] {logging_mixin.py:115} INFO - [2022-09-10 09:22:18,627] {dag.py:2371} INFO - Sync 1 DAGs
[2022-09-10 09:22:18,749] {logging_mixin.py:115} INFO - [2022-09-10 09:22:18,749] {dag.py:2919} INFO - Setting next_dagrun for example_weekday_branch_operator to 2022-09-09T00:00:00+00:00, run_after=2022-09-10T00:00:00+00:00
[2022-09-10 09:22:18,805] {processor.py:161} INFO - Processing /home/airflow/.local/lib/python3.7/site-packages/airflow/example_dags/example_branch_day_of_week_operator.py took 0.322 seconds
[2022-09-10 09:23:09,817] {processor.py:153} INFO - Started process (PID=7985) to work on /home/airflow/.local/lib/python3.7/site-packages/airflow/example_dags/example_branch_day_of_week_operator.py
[2022-09-10 09:23:09,819] {processor.py:641} INFO - Processing file /home/airflow/.local/lib/python3.7/site-packages/airflow/example_dags/example_branch_day_of_week_operator.py for tasks to queue
[2022-09-10 09:23:09,821] {logging_mixin.py:115} INFO - [2022-09-10 09:23:09,821] {dagbag.py:507} INFO - Filling up the DagBag from /home/airflow/.local/lib/python3.7/site-packages/airflow/example_dags/example_branch_day_of_week_operator.py
[2022-09-10 09:23:09,834] {processor.py:651} INFO - DAG(s) dict_keys(['example_weekday_branch_operator']) retrieved from /home/airflow/.local/lib/python3.7/site-packages/airflow/example_dags/example_branch_day_of_week_operator.py
[2022-09-10 09:23:09,874] {logging_mixin.py:115} INFO - [2022-09-10 09:23:09,873] {dag.py:2371} INFO - Sync 1 DAGs
[2022-09-10 09:23:09,920] {logging_mixin.py:115} INFO - [2022-09-10 09:23:09,919] {dag.py:2919} INFO - Setting next_dagrun for example_weekday_branch_operator to 2022-09-09T00:00:00+00:00, run_after=2022-09-10T00:00:00+00:00
[2022-09-10 09:23:09,955] {processor.py:161} INFO - Processing /home/airflow/.local/lib/python3.7/site-packages/airflow/example_dags/example_branch_day_of_week_operator.py took 0.143 seconds
[2022-09-10 10:17:14,436] {processor.py:153} INFO - Started process (PID=8025) to work on /home/airflow/.local/lib/python3.7/site-packages/airflow/example_dags/example_branch_day_of_week_operator.py
[2022-09-10 10:17:14,438] {processor.py:641} INFO - Processing file /home/airflow/.local/lib/python3.7/site-packages/airflow/example_dags/example_branch_day_of_week_operator.py for tasks to queue
[2022-09-10 10:17:14,449] {logging_mixin.py:115} INFO - [2022-09-10 10:17:14,449] {dagbag.py:507} INFO - Filling up the DagBag from /home/airflow/.local/lib/python3.7/site-packages/airflow/example_dags/example_branch_day_of_week_operator.py
[2022-09-10 10:17:14,623] {processor.py:651} INFO - DAG(s) dict_keys(['example_weekday_branch_operator']) retrieved from /home/airflow/.local/lib/python3.7/site-packages/airflow/example_dags/example_branch_day_of_week_operator.py
[2022-09-10 10:17:14,969] {logging_mixin.py:115} INFO - [2022-09-10 10:17:14,969] {dag.py:2371} INFO - Sync 1 DAGs
[2022-09-10 10:17:15,250] {logging_mixin.py:115} INFO - [2022-09-10 10:17:15,250] {dag.py:2919} INFO - Setting next_dagrun for example_weekday_branch_operator to 2022-09-09T00:00:00+00:00, run_after=2022-09-10T00:00:00+00:00
[2022-09-10 10:17:15,411] {processor.py:161} INFO - Processing /home/airflow/.local/lib/python3.7/site-packages/airflow/example_dags/example_branch_day_of_week_operator.py took 0.986 seconds
[2022-09-10 11:16:12,997] {processor.py:153} INFO - Started process (PID=8081) to work on /home/airflow/.local/lib/python3.7/site-packages/airflow/example_dags/example_branch_day_of_week_operator.py
[2022-09-10 11:16:12,999] {processor.py:641} INFO - Processing file /home/airflow/.local/lib/python3.7/site-packages/airflow/example_dags/example_branch_day_of_week_operator.py for tasks to queue
[2022-09-10 11:16:13,005] {logging_mixin.py:115} INFO - [2022-09-10 11:16:13,005] {dagbag.py:507} INFO - Filling up the DagBag from /home/airflow/.local/lib/python3.7/site-packages/airflow/example_dags/example_branch_day_of_week_operator.py
[2022-09-10 11:16:13,057] {processor.py:651} INFO - DAG(s) dict_keys(['example_weekday_branch_operator']) retrieved from /home/airflow/.local/lib/python3.7/site-packages/airflow/example_dags/example_branch_day_of_week_operator.py
[2022-09-10 11:16:13,222] {logging_mixin.py:115} INFO - [2022-09-10 11:16:13,222] {dag.py:2371} INFO - Sync 1 DAGs
[2022-09-10 11:16:13,384] {logging_mixin.py:115} INFO - [2022-09-10 11:16:13,384] {dag.py:2919} INFO - Setting next_dagrun for example_weekday_branch_operator to 2022-09-09T00:00:00+00:00, run_after=2022-09-10T00:00:00+00:00
[2022-09-10 11:16:13,456] {processor.py:161} INFO - Processing /home/airflow/.local/lib/python3.7/site-packages/airflow/example_dags/example_branch_day_of_week_operator.py took 0.472 seconds
[2022-09-10 11:17:08,396] {processor.py:153} INFO - Started process (PID=8146) to work on /home/airflow/.local/lib/python3.7/site-packages/airflow/example_dags/example_branch_day_of_week_operator.py
[2022-09-10 11:17:08,401] {processor.py:641} INFO - Processing file /home/airflow/.local/lib/python3.7/site-packages/airflow/example_dags/example_branch_day_of_week_operator.py for tasks to queue
[2022-09-10 11:17:08,421] {logging_mixin.py:115} INFO - [2022-09-10 11:17:08,421] {dagbag.py:507} INFO - Filling up the DagBag from /home/airflow/.local/lib/python3.7/site-packages/airflow/example_dags/example_branch_day_of_week_operator.py
[2022-09-10 11:17:08,518] {processor.py:651} INFO - DAG(s) dict_keys(['example_weekday_branch_operator']) retrieved from /home/airflow/.local/lib/python3.7/site-packages/airflow/example_dags/example_branch_day_of_week_operator.py
[2022-09-10 11:17:08,783] {logging_mixin.py:115} INFO - [2022-09-10 11:17:08,783] {dag.py:2371} INFO - Sync 1 DAGs
[2022-09-10 11:17:09,039] {logging_mixin.py:115} INFO - [2022-09-10 11:17:09,038] {dag.py:2919} INFO - Setting next_dagrun for example_weekday_branch_operator to 2022-09-09T00:00:00+00:00, run_after=2022-09-10T00:00:00+00:00
[2022-09-10 11:17:09,165] {processor.py:161} INFO - Processing /home/airflow/.local/lib/python3.7/site-packages/airflow/example_dags/example_branch_day_of_week_operator.py took 0.847 seconds
[2022-09-10 12:05:27,091] {processor.py:153} INFO - Started process (PID=8188) to work on /home/airflow/.local/lib/python3.7/site-packages/airflow/example_dags/example_branch_day_of_week_operator.py
[2022-09-10 12:05:27,327] {processor.py:641} INFO - Processing file /home/airflow/.local/lib/python3.7/site-packages/airflow/example_dags/example_branch_day_of_week_operator.py for tasks to queue
[2022-09-10 12:05:27,477] {logging_mixin.py:115} INFO - [2022-09-10 12:05:27,417] {dagbag.py:507} INFO - Filling up the DagBag from /home/airflow/.local/lib/python3.7/site-packages/airflow/example_dags/example_branch_day_of_week_operator.py
[2022-09-10 12:05:29,801] {processor.py:651} INFO - DAG(s) dict_keys(['example_weekday_branch_operator']) retrieved from /home/airflow/.local/lib/python3.7/site-packages/airflow/example_dags/example_branch_day_of_week_operator.py
[2022-09-10 12:05:34,128] {logging_mixin.py:115} INFO - [2022-09-10 12:05:34,109] {dag.py:2371} INFO - Sync 1 DAGs
[2022-09-10 12:05:39,441] {logging_mixin.py:115} INFO - [2022-09-10 12:05:39,409] {dag.py:2919} INFO - Setting next_dagrun for example_weekday_branch_operator to 2022-09-09T00:00:00+00:00, run_after=2022-09-10T00:00:00+00:00
[2022-09-10 12:05:41,333] {processor.py:161} INFO - Processing /home/airflow/.local/lib/python3.7/site-packages/airflow/example_dags/example_branch_day_of_week_operator.py took 14.982 seconds
[2022-09-10 12:06:23,551] {processor.py:153} INFO - Started process (PID=8223) to work on /home/airflow/.local/lib/python3.7/site-packages/airflow/example_dags/example_branch_day_of_week_operator.py
[2022-09-10 12:06:23,564] {processor.py:641} INFO - Processing file /home/airflow/.local/lib/python3.7/site-packages/airflow/example_dags/example_branch_day_of_week_operator.py for tasks to queue
[2022-09-10 12:06:23,640] {logging_mixin.py:115} INFO - [2022-09-10 12:06:23,640] {dagbag.py:507} INFO - Filling up the DagBag from /home/airflow/.local/lib/python3.7/site-packages/airflow/example_dags/example_branch_day_of_week_operator.py
[2022-09-10 12:06:23,823] {processor.py:651} INFO - DAG(s) dict_keys(['example_weekday_branch_operator']) retrieved from /home/airflow/.local/lib/python3.7/site-packages/airflow/example_dags/example_branch_day_of_week_operator.py
[2022-09-10 12:06:24,363] {logging_mixin.py:115} INFO - [2022-09-10 12:06:24,363] {dag.py:2371} INFO - Sync 1 DAGs
[2022-09-10 12:06:24,798] {logging_mixin.py:115} INFO - [2022-09-10 12:06:24,798] {dag.py:2919} INFO - Setting next_dagrun for example_weekday_branch_operator to 2022-09-09T00:00:00+00:00, run_after=2022-09-10T00:00:00+00:00
[2022-09-10 12:06:25,037] {processor.py:161} INFO - Processing /home/airflow/.local/lib/python3.7/site-packages/airflow/example_dags/example_branch_day_of_week_operator.py took 1.577 seconds
[2022-09-10 12:06:55,317] {processor.py:153} INFO - Started process (PID=8278) to work on /home/airflow/.local/lib/python3.7/site-packages/airflow/example_dags/example_branch_day_of_week_operator.py
[2022-09-10 12:06:55,322] {processor.py:641} INFO - Processing file /home/airflow/.local/lib/python3.7/site-packages/airflow/example_dags/example_branch_day_of_week_operator.py for tasks to queue
[2022-09-10 12:06:55,326] {logging_mixin.py:115} INFO - [2022-09-10 12:06:55,325] {dagbag.py:507} INFO - Filling up the DagBag from /home/airflow/.local/lib/python3.7/site-packages/airflow/example_dags/example_branch_day_of_week_operator.py
[2022-09-10 12:06:55,355] {processor.py:651} INFO - DAG(s) dict_keys(['example_weekday_branch_operator']) retrieved from /home/airflow/.local/lib/python3.7/site-packages/airflow/example_dags/example_branch_day_of_week_operator.py
[2022-09-10 12:06:55,432] {logging_mixin.py:115} INFO - [2022-09-10 12:06:55,432] {dag.py:2371} INFO - Sync 1 DAGs
[2022-09-10 12:06:55,504] {logging_mixin.py:115} INFO - [2022-09-10 12:06:55,503] {dag.py:2919} INFO - Setting next_dagrun for example_weekday_branch_operator to 2022-09-09T00:00:00+00:00, run_after=2022-09-10T00:00:00+00:00
[2022-09-10 12:06:55,539] {processor.py:161} INFO - Processing /home/airflow/.local/lib/python3.7/site-packages/airflow/example_dags/example_branch_day_of_week_operator.py took 0.233 seconds
[2022-09-10 12:59:30,117] {processor.py:153} INFO - Started process (PID=8325) to work on /home/airflow/.local/lib/python3.7/site-packages/airflow/example_dags/example_branch_day_of_week_operator.py
[2022-09-10 12:59:30,120] {processor.py:641} INFO - Processing file /home/airflow/.local/lib/python3.7/site-packages/airflow/example_dags/example_branch_day_of_week_operator.py for tasks to queue
[2022-09-10 12:59:30,125] {logging_mixin.py:115} INFO - [2022-09-10 12:59:30,124] {dagbag.py:507} INFO - Filling up the DagBag from /home/airflow/.local/lib/python3.7/site-packages/airflow/example_dags/example_branch_day_of_week_operator.py
[2022-09-10 12:59:30,171] {processor.py:651} INFO - DAG(s) dict_keys(['example_weekday_branch_operator']) retrieved from /home/airflow/.local/lib/python3.7/site-packages/airflow/example_dags/example_branch_day_of_week_operator.py
[2022-09-10 12:59:30,230] {logging_mixin.py:115} INFO - [2022-09-10 12:59:30,230] {dag.py:2371} INFO - Sync 1 DAGs
[2022-09-10 12:59:30,300] {logging_mixin.py:115} INFO - [2022-09-10 12:59:30,297] {dag.py:2919} INFO - Setting next_dagrun for example_weekday_branch_operator to 2022-09-09T00:00:00+00:00, run_after=2022-09-10T00:00:00+00:00
[2022-09-10 12:59:30,363] {processor.py:161} INFO - Processing /home/airflow/.local/lib/python3.7/site-packages/airflow/example_dags/example_branch_day_of_week_operator.py took 0.264 seconds
[2022-09-10 13:00:24,146] {processor.py:153} INFO - Started process (PID=8382) to work on /home/airflow/.local/lib/python3.7/site-packages/airflow/example_dags/example_branch_day_of_week_operator.py
[2022-09-10 13:00:24,155] {processor.py:641} INFO - Processing file /home/airflow/.local/lib/python3.7/site-packages/airflow/example_dags/example_branch_day_of_week_operator.py for tasks to queue
[2022-09-10 13:00:24,156] {logging_mixin.py:115} INFO - [2022-09-10 13:00:24,156] {dagbag.py:507} INFO - Filling up the DagBag from /home/airflow/.local/lib/python3.7/site-packages/airflow/example_dags/example_branch_day_of_week_operator.py
[2022-09-10 13:00:24,197] {processor.py:651} INFO - DAG(s) dict_keys(['example_weekday_branch_operator']) retrieved from /home/airflow/.local/lib/python3.7/site-packages/airflow/example_dags/example_branch_day_of_week_operator.py
[2022-09-10 13:00:24,316] {logging_mixin.py:115} INFO - [2022-09-10 13:00:24,316] {dag.py:2371} INFO - Sync 1 DAGs
[2022-09-10 13:00:24,391] {logging_mixin.py:115} INFO - [2022-09-10 13:00:24,390] {dag.py:2919} INFO - Setting next_dagrun for example_weekday_branch_operator to 2022-09-09T00:00:00+00:00, run_after=2022-09-10T00:00:00+00:00
[2022-09-10 13:00:24,438] {processor.py:161} INFO - Processing /home/airflow/.local/lib/python3.7/site-packages/airflow/example_dags/example_branch_day_of_week_operator.py took 0.315 seconds
[2022-09-10 13:54:22,105] {processor.py:153} INFO - Started process (PID=8414) to work on /home/airflow/.local/lib/python3.7/site-packages/airflow/example_dags/example_branch_day_of_week_operator.py
[2022-09-10 13:54:22,141] {processor.py:641} INFO - Processing file /home/airflow/.local/lib/python3.7/site-packages/airflow/example_dags/example_branch_day_of_week_operator.py for tasks to queue
[2022-09-10 13:54:22,161] {logging_mixin.py:115} INFO - [2022-09-10 13:54:22,156] {dagbag.py:507} INFO - Filling up the DagBag from /home/airflow/.local/lib/python3.7/site-packages/airflow/example_dags/example_branch_day_of_week_operator.py
[2022-09-10 13:54:22,213] {processor.py:651} INFO - DAG(s) dict_keys(['example_weekday_branch_operator']) retrieved from /home/airflow/.local/lib/python3.7/site-packages/airflow/example_dags/example_branch_day_of_week_operator.py
[2022-09-10 13:54:22,321] {logging_mixin.py:115} INFO - [2022-09-10 13:54:22,320] {dag.py:2371} INFO - Sync 1 DAGs
[2022-09-10 13:54:22,456] {logging_mixin.py:115} INFO - [2022-09-10 13:54:22,456] {dag.py:2919} INFO - Setting next_dagrun for example_weekday_branch_operator to 2022-09-09T00:00:00+00:00, run_after=2022-09-10T00:00:00+00:00
[2022-09-10 13:54:22,544] {processor.py:161} INFO - Processing /home/airflow/.local/lib/python3.7/site-packages/airflow/example_dags/example_branch_day_of_week_operator.py took 0.477 seconds
[2022-09-10 14:48:37,867] {processor.py:153} INFO - Started process (PID=8483) to work on /home/airflow/.local/lib/python3.7/site-packages/airflow/example_dags/example_branch_day_of_week_operator.py
[2022-09-10 14:48:37,874] {processor.py:641} INFO - Processing file /home/airflow/.local/lib/python3.7/site-packages/airflow/example_dags/example_branch_day_of_week_operator.py for tasks to queue
[2022-09-10 14:48:37,885] {logging_mixin.py:115} INFO - [2022-09-10 14:48:37,885] {dagbag.py:507} INFO - Filling up the DagBag from /home/airflow/.local/lib/python3.7/site-packages/airflow/example_dags/example_branch_day_of_week_operator.py
[2022-09-10 14:48:37,940] {processor.py:651} INFO - DAG(s) dict_keys(['example_weekday_branch_operator']) retrieved from /home/airflow/.local/lib/python3.7/site-packages/airflow/example_dags/example_branch_day_of_week_operator.py
[2022-09-10 14:48:38,081] {logging_mixin.py:115} INFO - [2022-09-10 14:48:38,081] {dag.py:2371} INFO - Sync 1 DAGs
[2022-09-10 14:48:38,188] {logging_mixin.py:115} INFO - [2022-09-10 14:48:38,184] {dag.py:2919} INFO - Setting next_dagrun for example_weekday_branch_operator to 2022-09-09T00:00:00+00:00, run_after=2022-09-10T00:00:00+00:00
[2022-09-10 14:48:38,240] {processor.py:161} INFO - Processing /home/airflow/.local/lib/python3.7/site-packages/airflow/example_dags/example_branch_day_of_week_operator.py took 0.389 seconds
[2022-09-10 14:55:16,160] {processor.py:153} INFO - Started process (PID=8535) to work on /home/airflow/.local/lib/python3.7/site-packages/airflow/example_dags/example_branch_day_of_week_operator.py
[2022-09-10 14:55:16,164] {processor.py:641} INFO - Processing file /home/airflow/.local/lib/python3.7/site-packages/airflow/example_dags/example_branch_day_of_week_operator.py for tasks to queue
[2022-09-10 14:55:16,173] {logging_mixin.py:115} INFO - [2022-09-10 14:55:16,172] {dagbag.py:507} INFO - Filling up the DagBag from /home/airflow/.local/lib/python3.7/site-packages/airflow/example_dags/example_branch_day_of_week_operator.py
[2022-09-10 14:55:16,215] {processor.py:651} INFO - DAG(s) dict_keys(['example_weekday_branch_operator']) retrieved from /home/airflow/.local/lib/python3.7/site-packages/airflow/example_dags/example_branch_day_of_week_operator.py
[2022-09-10 14:55:16,457] {logging_mixin.py:115} INFO - [2022-09-10 14:55:16,457] {dag.py:2371} INFO - Sync 1 DAGs
[2022-09-10 14:55:16,633] {logging_mixin.py:115} INFO - [2022-09-10 14:55:16,632] {dag.py:2919} INFO - Setting next_dagrun for example_weekday_branch_operator to 2022-09-09T00:00:00+00:00, run_after=2022-09-10T00:00:00+00:00
[2022-09-10 14:55:16,722] {processor.py:161} INFO - Processing /home/airflow/.local/lib/python3.7/site-packages/airflow/example_dags/example_branch_day_of_week_operator.py took 0.573 seconds
[2022-09-10 15:11:03,504] {processor.py:153} INFO - Started process (PID=8585) to work on /home/airflow/.local/lib/python3.7/site-packages/airflow/example_dags/example_branch_day_of_week_operator.py
[2022-09-10 15:11:03,614] {processor.py:641} INFO - Processing file /home/airflow/.local/lib/python3.7/site-packages/airflow/example_dags/example_branch_day_of_week_operator.py for tasks to queue
[2022-09-10 15:11:03,763] {logging_mixin.py:115} INFO - [2022-09-10 15:11:03,732] {dagbag.py:507} INFO - Filling up the DagBag from /home/airflow/.local/lib/python3.7/site-packages/airflow/example_dags/example_branch_day_of_week_operator.py
[2022-09-10 15:11:07,683] {processor.py:651} INFO - DAG(s) dict_keys(['example_weekday_branch_operator']) retrieved from /home/airflow/.local/lib/python3.7/site-packages/airflow/example_dags/example_branch_day_of_week_operator.py
[2022-09-10 15:11:07,992] {logging_mixin.py:115} INFO - [2022-09-10 15:11:07,992] {dag.py:2371} INFO - Sync 1 DAGs
[2022-09-10 15:11:08,177] {logging_mixin.py:115} INFO - [2022-09-10 15:11:08,177] {dag.py:2919} INFO - Setting next_dagrun for example_weekday_branch_operator to 2022-09-09T00:00:00+00:00, run_after=2022-09-10T00:00:00+00:00
[2022-09-10 15:11:08,454] {processor.py:161} INFO - Processing /home/airflow/.local/lib/python3.7/site-packages/airflow/example_dags/example_branch_day_of_week_operator.py took 6.362 seconds
[2022-09-10 15:50:58,973] {processor.py:153} INFO - Started process (PID=8649) to work on /home/airflow/.local/lib/python3.7/site-packages/airflow/example_dags/example_branch_day_of_week_operator.py
[2022-09-10 15:50:59,220] {processor.py:641} INFO - Processing file /home/airflow/.local/lib/python3.7/site-packages/airflow/example_dags/example_branch_day_of_week_operator.py for tasks to queue
[2022-09-10 15:50:59,330] {logging_mixin.py:115} INFO - [2022-09-10 15:50:59,290] {dagbag.py:507} INFO - Filling up the DagBag from /home/airflow/.local/lib/python3.7/site-packages/airflow/example_dags/example_branch_day_of_week_operator.py
[2022-09-10 15:51:01,685] {processor.py:651} INFO - DAG(s) dict_keys(['example_weekday_branch_operator']) retrieved from /home/airflow/.local/lib/python3.7/site-packages/airflow/example_dags/example_branch_day_of_week_operator.py
[2022-09-10 15:51:06,970] {logging_mixin.py:115} INFO - [2022-09-10 15:51:06,970] {dag.py:2371} INFO - Sync 1 DAGs
[2022-09-10 15:51:07,816] {logging_mixin.py:115} INFO - [2022-09-10 15:51:07,816] {dag.py:2919} INFO - Setting next_dagrun for example_weekday_branch_operator to 2022-09-09T00:00:00+00:00, run_after=2022-09-10T00:00:00+00:00
[2022-09-10 15:51:07,924] {processor.py:161} INFO - Processing /home/airflow/.local/lib/python3.7/site-packages/airflow/example_dags/example_branch_day_of_week_operator.py took 9.930 seconds
[2022-09-10 16:45:22,166] {processor.py:153} INFO - Started process (PID=8715) to work on /home/airflow/.local/lib/python3.7/site-packages/airflow/example_dags/example_branch_day_of_week_operator.py
[2022-09-10 16:45:22,284] {processor.py:641} INFO - Processing file /home/airflow/.local/lib/python3.7/site-packages/airflow/example_dags/example_branch_day_of_week_operator.py for tasks to queue
[2022-09-10 16:45:22,367] {logging_mixin.py:115} INFO - [2022-09-10 16:45:22,338] {dagbag.py:507} INFO - Filling up the DagBag from /home/airflow/.local/lib/python3.7/site-packages/airflow/example_dags/example_branch_day_of_week_operator.py
[2022-09-10 16:45:23,771] {processor.py:651} INFO - DAG(s) dict_keys(['example_weekday_branch_operator']) retrieved from /home/airflow/.local/lib/python3.7/site-packages/airflow/example_dags/example_branch_day_of_week_operator.py
[2022-09-10 16:45:24,878] {logging_mixin.py:115} INFO - [2022-09-10 16:45:24,877] {dag.py:2371} INFO - Sync 1 DAGs
[2022-09-10 16:45:26,175] {logging_mixin.py:115} INFO - [2022-09-10 16:45:26,174] {dag.py:2919} INFO - Setting next_dagrun for example_weekday_branch_operator to 2022-09-09T00:00:00+00:00, run_after=2022-09-10T00:00:00+00:00
[2022-09-10 16:45:26,653] {processor.py:161} INFO - Processing /home/airflow/.local/lib/python3.7/site-packages/airflow/example_dags/example_branch_day_of_week_operator.py took 5.566 seconds
[2022-09-10 17:38:39,090] {processor.py:153} INFO - Started process (PID=8764) to work on /home/airflow/.local/lib/python3.7/site-packages/airflow/example_dags/example_branch_day_of_week_operator.py
[2022-09-10 17:38:39,091] {processor.py:641} INFO - Processing file /home/airflow/.local/lib/python3.7/site-packages/airflow/example_dags/example_branch_day_of_week_operator.py for tasks to queue
[2022-09-10 17:38:39,093] {logging_mixin.py:115} INFO - [2022-09-10 17:38:39,093] {dagbag.py:507} INFO - Filling up the DagBag from /home/airflow/.local/lib/python3.7/site-packages/airflow/example_dags/example_branch_day_of_week_operator.py
[2022-09-10 17:38:39,108] {processor.py:651} INFO - DAG(s) dict_keys(['example_weekday_branch_operator']) retrieved from /home/airflow/.local/lib/python3.7/site-packages/airflow/example_dags/example_branch_day_of_week_operator.py
[2022-09-10 17:38:39,154] {logging_mixin.py:115} INFO - [2022-09-10 17:38:39,154] {dag.py:2371} INFO - Sync 1 DAGs
[2022-09-10 17:38:39,190] {logging_mixin.py:115} INFO - [2022-09-10 17:38:39,190] {dag.py:2919} INFO - Setting next_dagrun for example_weekday_branch_operator to 2022-09-09T00:00:00+00:00, run_after=2022-09-10T00:00:00+00:00
[2022-09-10 17:38:39,211] {processor.py:161} INFO - Processing /home/airflow/.local/lib/python3.7/site-packages/airflow/example_dags/example_branch_day_of_week_operator.py took 0.127 seconds
[2022-09-10 17:39:27,235] {processor.py:153} INFO - Started process (PID=8813) to work on /home/airflow/.local/lib/python3.7/site-packages/airflow/example_dags/example_branch_day_of_week_operator.py
[2022-09-10 17:39:27,242] {processor.py:641} INFO - Processing file /home/airflow/.local/lib/python3.7/site-packages/airflow/example_dags/example_branch_day_of_week_operator.py for tasks to queue
[2022-09-10 17:39:27,254] {logging_mixin.py:115} INFO - [2022-09-10 17:39:27,253] {dagbag.py:507} INFO - Filling up the DagBag from /home/airflow/.local/lib/python3.7/site-packages/airflow/example_dags/example_branch_day_of_week_operator.py
[2022-09-10 17:39:27,334] {processor.py:651} INFO - DAG(s) dict_keys(['example_weekday_branch_operator']) retrieved from /home/airflow/.local/lib/python3.7/site-packages/airflow/example_dags/example_branch_day_of_week_operator.py
[2022-09-10 17:39:27,566] {logging_mixin.py:115} INFO - [2022-09-10 17:39:27,566] {dag.py:2371} INFO - Sync 1 DAGs
[2022-09-10 17:39:27,739] {logging_mixin.py:115} INFO - [2022-09-10 17:39:27,739] {dag.py:2919} INFO - Setting next_dagrun for example_weekday_branch_operator to 2022-09-09T00:00:00+00:00, run_after=2022-09-10T00:00:00+00:00
[2022-09-10 17:39:27,843] {processor.py:161} INFO - Processing /home/airflow/.local/lib/python3.7/site-packages/airflow/example_dags/example_branch_day_of_week_operator.py took 0.637 seconds
[2022-09-10 18:33:22,268] {processor.py:153} INFO - Started process (PID=8862) to work on /home/airflow/.local/lib/python3.7/site-packages/airflow/example_dags/example_branch_day_of_week_operator.py
[2022-09-10 18:33:22,314] {processor.py:641} INFO - Processing file /home/airflow/.local/lib/python3.7/site-packages/airflow/example_dags/example_branch_day_of_week_operator.py for tasks to queue
[2022-09-10 18:33:22,466] {logging_mixin.py:115} INFO - [2022-09-10 18:33:22,418] {dagbag.py:507} INFO - Filling up the DagBag from /home/airflow/.local/lib/python3.7/site-packages/airflow/example_dags/example_branch_day_of_week_operator.py
[2022-09-10 18:33:24,708] {processor.py:651} INFO - DAG(s) dict_keys(['example_weekday_branch_operator']) retrieved from /home/airflow/.local/lib/python3.7/site-packages/airflow/example_dags/example_branch_day_of_week_operator.py
[2022-09-10 18:33:29,591] {logging_mixin.py:115} INFO - [2022-09-10 18:33:29,591] {dag.py:2371} INFO - Sync 1 DAGs
[2022-09-10 18:33:29,655] {logging_mixin.py:115} INFO - [2022-09-10 18:33:29,655] {dag.py:2919} INFO - Setting next_dagrun for example_weekday_branch_operator to 2022-09-09T00:00:00+00:00, run_after=2022-09-10T00:00:00+00:00
[2022-09-10 18:33:30,276] {processor.py:161} INFO - Processing /home/airflow/.local/lib/python3.7/site-packages/airflow/example_dags/example_branch_day_of_week_operator.py took 8.529 seconds
[2022-09-10 19:27:41,514] {processor.py:153} INFO - Started process (PID=8935) to work on /home/airflow/.local/lib/python3.7/site-packages/airflow/example_dags/example_branch_day_of_week_operator.py
[2022-09-10 19:27:41,527] {processor.py:641} INFO - Processing file /home/airflow/.local/lib/python3.7/site-packages/airflow/example_dags/example_branch_day_of_week_operator.py for tasks to queue
[2022-09-10 19:27:41,532] {logging_mixin.py:115} INFO - [2022-09-10 19:27:41,532] {dagbag.py:507} INFO - Filling up the DagBag from /home/airflow/.local/lib/python3.7/site-packages/airflow/example_dags/example_branch_day_of_week_operator.py
[2022-09-10 19:27:41,608] {processor.py:651} INFO - DAG(s) dict_keys(['example_weekday_branch_operator']) retrieved from /home/airflow/.local/lib/python3.7/site-packages/airflow/example_dags/example_branch_day_of_week_operator.py
[2022-09-10 19:27:41,940] {logging_mixin.py:115} INFO - [2022-09-10 19:27:41,939] {dag.py:2371} INFO - Sync 1 DAGs
[2022-09-10 19:27:42,088] {logging_mixin.py:115} INFO - [2022-09-10 19:27:42,088] {dag.py:2919} INFO - Setting next_dagrun for example_weekday_branch_operator to 2022-09-09T00:00:00+00:00, run_after=2022-09-10T00:00:00+00:00
[2022-09-10 19:27:42,173] {processor.py:161} INFO - Processing /home/airflow/.local/lib/python3.7/site-packages/airflow/example_dags/example_branch_day_of_week_operator.py took 0.705 seconds
[2022-09-10 20:21:46,491] {processor.py:153} INFO - Started process (PID=9000) to work on /home/airflow/.local/lib/python3.7/site-packages/airflow/example_dags/example_branch_day_of_week_operator.py
[2022-09-10 20:21:46,494] {processor.py:641} INFO - Processing file /home/airflow/.local/lib/python3.7/site-packages/airflow/example_dags/example_branch_day_of_week_operator.py for tasks to queue
[2022-09-10 20:21:46,517] {logging_mixin.py:115} INFO - [2022-09-10 20:21:46,517] {dagbag.py:507} INFO - Filling up the DagBag from /home/airflow/.local/lib/python3.7/site-packages/airflow/example_dags/example_branch_day_of_week_operator.py
[2022-09-10 20:21:46,560] {processor.py:651} INFO - DAG(s) dict_keys(['example_weekday_branch_operator']) retrieved from /home/airflow/.local/lib/python3.7/site-packages/airflow/example_dags/example_branch_day_of_week_operator.py
[2022-09-10 20:21:46,870] {logging_mixin.py:115} INFO - [2022-09-10 20:21:46,870] {dag.py:2371} INFO - Sync 1 DAGs
[2022-09-10 20:21:47,057] {logging_mixin.py:115} INFO - [2022-09-10 20:21:47,057] {dag.py:2919} INFO - Setting next_dagrun for example_weekday_branch_operator to 2022-09-09T00:00:00+00:00, run_after=2022-09-10T00:00:00+00:00
[2022-09-10 20:21:47,126] {processor.py:161} INFO - Processing /home/airflow/.local/lib/python3.7/site-packages/airflow/example_dags/example_branch_day_of_week_operator.py took 0.644 seconds
[2022-09-10 20:31:26,270] {processor.py:153} INFO - Started process (PID=9057) to work on /home/airflow/.local/lib/python3.7/site-packages/airflow/example_dags/example_branch_day_of_week_operator.py
[2022-09-10 20:31:26,276] {processor.py:641} INFO - Processing file /home/airflow/.local/lib/python3.7/site-packages/airflow/example_dags/example_branch_day_of_week_operator.py for tasks to queue
[2022-09-10 20:31:26,280] {logging_mixin.py:115} INFO - [2022-09-10 20:31:26,280] {dagbag.py:507} INFO - Filling up the DagBag from /home/airflow/.local/lib/python3.7/site-packages/airflow/example_dags/example_branch_day_of_week_operator.py
[2022-09-10 20:31:26,334] {processor.py:651} INFO - DAG(s) dict_keys(['example_weekday_branch_operator']) retrieved from /home/airflow/.local/lib/python3.7/site-packages/airflow/example_dags/example_branch_day_of_week_operator.py
[2022-09-10 20:31:26,460] {logging_mixin.py:115} INFO - [2022-09-10 20:31:26,459] {dag.py:2371} INFO - Sync 1 DAGs
[2022-09-10 20:31:26,611] {logging_mixin.py:115} INFO - [2022-09-10 20:31:26,611] {dag.py:2919} INFO - Setting next_dagrun for example_weekday_branch_operator to 2022-09-09T00:00:00+00:00, run_after=2022-09-10T00:00:00+00:00
[2022-09-10 20:31:26,677] {processor.py:161} INFO - Processing /home/airflow/.local/lib/python3.7/site-packages/airflow/example_dags/example_branch_day_of_week_operator.py took 0.425 seconds
[2022-09-10 20:49:02,393] {processor.py:153} INFO - Started process (PID=9109) to work on /home/airflow/.local/lib/python3.7/site-packages/airflow/example_dags/example_branch_day_of_week_operator.py
[2022-09-10 20:49:02,399] {processor.py:641} INFO - Processing file /home/airflow/.local/lib/python3.7/site-packages/airflow/example_dags/example_branch_day_of_week_operator.py for tasks to queue
[2022-09-10 20:49:02,433] {logging_mixin.py:115} INFO - [2022-09-10 20:49:02,432] {dagbag.py:507} INFO - Filling up the DagBag from /home/airflow/.local/lib/python3.7/site-packages/airflow/example_dags/example_branch_day_of_week_operator.py
[2022-09-10 20:49:03,097] {processor.py:651} INFO - DAG(s) dict_keys(['example_weekday_branch_operator']) retrieved from /home/airflow/.local/lib/python3.7/site-packages/airflow/example_dags/example_branch_day_of_week_operator.py
[2022-09-10 20:49:05,467] {logging_mixin.py:115} INFO - [2022-09-10 20:49:05,466] {dag.py:2371} INFO - Sync 1 DAGs
[2022-09-10 20:49:07,027] {logging_mixin.py:115} INFO - [2022-09-10 20:49:07,024] {dag.py:2919} INFO - Setting next_dagrun for example_weekday_branch_operator to 2022-09-09T00:00:00+00:00, run_after=2022-09-10T00:00:00+00:00
[2022-09-10 20:49:07,726] {processor.py:161} INFO - Processing /home/airflow/.local/lib/python3.7/site-packages/airflow/example_dags/example_branch_day_of_week_operator.py took 5.460 seconds
[2022-09-10 20:49:41,585] {processor.py:153} INFO - Started process (PID=9171) to work on /home/airflow/.local/lib/python3.7/site-packages/airflow/example_dags/example_branch_day_of_week_operator.py
[2022-09-10 20:49:41,591] {processor.py:641} INFO - Processing file /home/airflow/.local/lib/python3.7/site-packages/airflow/example_dags/example_branch_day_of_week_operator.py for tasks to queue
[2022-09-10 20:49:41,596] {logging_mixin.py:115} INFO - [2022-09-10 20:49:41,595] {dagbag.py:507} INFO - Filling up the DagBag from /home/airflow/.local/lib/python3.7/site-packages/airflow/example_dags/example_branch_day_of_week_operator.py
[2022-09-10 20:49:41,666] {processor.py:651} INFO - DAG(s) dict_keys(['example_weekday_branch_operator']) retrieved from /home/airflow/.local/lib/python3.7/site-packages/airflow/example_dags/example_branch_day_of_week_operator.py
[2022-09-10 20:49:41,846] {logging_mixin.py:115} INFO - [2022-09-10 20:49:41,835] {dag.py:2371} INFO - Sync 1 DAGs
[2022-09-10 20:49:42,080] {logging_mixin.py:115} INFO - [2022-09-10 20:49:42,079] {dag.py:2919} INFO - Setting next_dagrun for example_weekday_branch_operator to 2022-09-09T00:00:00+00:00, run_after=2022-09-10T00:00:00+00:00
[2022-09-10 20:49:42,188] {processor.py:161} INFO - Processing /home/airflow/.local/lib/python3.7/site-packages/airflow/example_dags/example_branch_day_of_week_operator.py took 0.626 seconds
[2022-09-10 21:23:09,682] {processor.py:153} INFO - Started process (PID=9238) to work on /home/airflow/.local/lib/python3.7/site-packages/airflow/example_dags/example_branch_day_of_week_operator.py
[2022-09-10 21:23:09,686] {processor.py:641} INFO - Processing file /home/airflow/.local/lib/python3.7/site-packages/airflow/example_dags/example_branch_day_of_week_operator.py for tasks to queue
[2022-09-10 21:23:09,690] {logging_mixin.py:115} INFO - [2022-09-10 21:23:09,689] {dagbag.py:507} INFO - Filling up the DagBag from /home/airflow/.local/lib/python3.7/site-packages/airflow/example_dags/example_branch_day_of_week_operator.py
[2022-09-10 21:23:09,721] {processor.py:651} INFO - DAG(s) dict_keys(['example_weekday_branch_operator']) retrieved from /home/airflow/.local/lib/python3.7/site-packages/airflow/example_dags/example_branch_day_of_week_operator.py
[2022-09-10 21:23:09,878] {logging_mixin.py:115} INFO - [2022-09-10 21:23:09,878] {dag.py:2371} INFO - Sync 1 DAGs
[2022-09-10 21:23:10,020] {logging_mixin.py:115} INFO - [2022-09-10 21:23:10,020] {dag.py:2919} INFO - Setting next_dagrun for example_weekday_branch_operator to 2022-09-09T00:00:00+00:00, run_after=2022-09-10T00:00:00+00:00
[2022-09-10 21:23:10,095] {processor.py:161} INFO - Processing /home/airflow/.local/lib/python3.7/site-packages/airflow/example_dags/example_branch_day_of_week_operator.py took 0.426 seconds
[2022-09-10 21:24:02,201] {processor.py:153} INFO - Started process (PID=9308) to work on /home/airflow/.local/lib/python3.7/site-packages/airflow/example_dags/example_branch_day_of_week_operator.py
[2022-09-10 21:24:02,202] {processor.py:641} INFO - Processing file /home/airflow/.local/lib/python3.7/site-packages/airflow/example_dags/example_branch_day_of_week_operator.py for tasks to queue
[2022-09-10 21:24:02,204] {logging_mixin.py:115} INFO - [2022-09-10 21:24:02,204] {dagbag.py:507} INFO - Filling up the DagBag from /home/airflow/.local/lib/python3.7/site-packages/airflow/example_dags/example_branch_day_of_week_operator.py
[2022-09-10 21:24:02,243] {processor.py:651} INFO - DAG(s) dict_keys(['example_weekday_branch_operator']) retrieved from /home/airflow/.local/lib/python3.7/site-packages/airflow/example_dags/example_branch_day_of_week_operator.py
[2022-09-10 21:24:02,397] {logging_mixin.py:115} INFO - [2022-09-10 21:24:02,397] {dag.py:2371} INFO - Sync 1 DAGs
[2022-09-10 21:24:02,514] {logging_mixin.py:115} INFO - [2022-09-10 21:24:02,514] {dag.py:2919} INFO - Setting next_dagrun for example_weekday_branch_operator to 2022-09-09T00:00:00+00:00, run_after=2022-09-10T00:00:00+00:00
[2022-09-10 21:24:02,573] {processor.py:161} INFO - Processing /home/airflow/.local/lib/python3.7/site-packages/airflow/example_dags/example_branch_day_of_week_operator.py took 0.388 seconds
[2022-09-10 21:40:14,864] {processor.py:153} INFO - Started process (PID=9339) to work on /home/airflow/.local/lib/python3.7/site-packages/airflow/example_dags/example_branch_day_of_week_operator.py
[2022-09-10 21:40:14,867] {processor.py:641} INFO - Processing file /home/airflow/.local/lib/python3.7/site-packages/airflow/example_dags/example_branch_day_of_week_operator.py for tasks to queue
[2022-09-10 21:40:14,871] {logging_mixin.py:115} INFO - [2022-09-10 21:40:14,871] {dagbag.py:507} INFO - Filling up the DagBag from /home/airflow/.local/lib/python3.7/site-packages/airflow/example_dags/example_branch_day_of_week_operator.py
[2022-09-10 21:40:14,895] {processor.py:651} INFO - DAG(s) dict_keys(['example_weekday_branch_operator']) retrieved from /home/airflow/.local/lib/python3.7/site-packages/airflow/example_dags/example_branch_day_of_week_operator.py
[2022-09-10 21:40:14,963] {logging_mixin.py:115} INFO - [2022-09-10 21:40:14,963] {dag.py:2371} INFO - Sync 1 DAGs
[2022-09-10 21:40:15,014] {logging_mixin.py:115} INFO - [2022-09-10 21:40:15,014] {dag.py:2919} INFO - Setting next_dagrun for example_weekday_branch_operator to 2022-09-09T00:00:00+00:00, run_after=2022-09-10T00:00:00+00:00
[2022-09-10 21:40:15,045] {processor.py:161} INFO - Processing /home/airflow/.local/lib/python3.7/site-packages/airflow/example_dags/example_branch_day_of_week_operator.py took 0.197 seconds
[2022-09-10 21:41:24,286] {processor.py:153} INFO - Started process (PID=9411) to work on /home/airflow/.local/lib/python3.7/site-packages/airflow/example_dags/example_branch_day_of_week_operator.py
[2022-09-10 21:41:24,291] {processor.py:641} INFO - Processing file /home/airflow/.local/lib/python3.7/site-packages/airflow/example_dags/example_branch_day_of_week_operator.py for tasks to queue
[2022-09-10 21:41:24,295] {logging_mixin.py:115} INFO - [2022-09-10 21:41:24,294] {dagbag.py:507} INFO - Filling up the DagBag from /home/airflow/.local/lib/python3.7/site-packages/airflow/example_dags/example_branch_day_of_week_operator.py
[2022-09-10 21:41:24,326] {processor.py:651} INFO - DAG(s) dict_keys(['example_weekday_branch_operator']) retrieved from /home/airflow/.local/lib/python3.7/site-packages/airflow/example_dags/example_branch_day_of_week_operator.py
[2022-09-10 21:41:24,397] {logging_mixin.py:115} INFO - [2022-09-10 21:41:24,397] {dag.py:2371} INFO - Sync 1 DAGs
[2022-09-10 21:41:24,465] {logging_mixin.py:115} INFO - [2022-09-10 21:41:24,465] {dag.py:2919} INFO - Setting next_dagrun for example_weekday_branch_operator to 2022-09-09T00:00:00+00:00, run_after=2022-09-10T00:00:00+00:00
[2022-09-10 21:41:24,496] {processor.py:161} INFO - Processing /home/airflow/.local/lib/python3.7/site-packages/airflow/example_dags/example_branch_day_of_week_operator.py took 0.225 seconds
[2022-09-10 21:59:23,339] {processor.py:153} INFO - Started process (PID=9454) to work on /home/airflow/.local/lib/python3.7/site-packages/airflow/example_dags/example_branch_day_of_week_operator.py
[2022-09-10 21:59:23,343] {processor.py:641} INFO - Processing file /home/airflow/.local/lib/python3.7/site-packages/airflow/example_dags/example_branch_day_of_week_operator.py for tasks to queue
[2022-09-10 21:59:23,355] {logging_mixin.py:115} INFO - [2022-09-10 21:59:23,355] {dagbag.py:507} INFO - Filling up the DagBag from /home/airflow/.local/lib/python3.7/site-packages/airflow/example_dags/example_branch_day_of_week_operator.py
[2022-09-10 21:59:23,440] {processor.py:651} INFO - DAG(s) dict_keys(['example_weekday_branch_operator']) retrieved from /home/airflow/.local/lib/python3.7/site-packages/airflow/example_dags/example_branch_day_of_week_operator.py
[2022-09-10 21:59:23,630] {logging_mixin.py:115} INFO - [2022-09-10 21:59:23,630] {dag.py:2371} INFO - Sync 1 DAGs
[2022-09-10 21:59:23,763] {logging_mixin.py:115} INFO - [2022-09-10 21:59:23,763] {dag.py:2919} INFO - Setting next_dagrun for example_weekday_branch_operator to 2022-09-09T00:00:00+00:00, run_after=2022-09-10T00:00:00+00:00
[2022-09-10 21:59:23,813] {processor.py:161} INFO - Processing /home/airflow/.local/lib/python3.7/site-packages/airflow/example_dags/example_branch_day_of_week_operator.py took 0.489 seconds
[2022-09-10 22:16:04,351] {processor.py:153} INFO - Started process (PID=9489) to work on /home/airflow/.local/lib/python3.7/site-packages/airflow/example_dags/example_branch_day_of_week_operator.py
[2022-09-10 22:16:04,355] {processor.py:641} INFO - Processing file /home/airflow/.local/lib/python3.7/site-packages/airflow/example_dags/example_branch_day_of_week_operator.py for tasks to queue
[2022-09-10 22:16:04,360] {logging_mixin.py:115} INFO - [2022-09-10 22:16:04,359] {dagbag.py:507} INFO - Filling up the DagBag from /home/airflow/.local/lib/python3.7/site-packages/airflow/example_dags/example_branch_day_of_week_operator.py
[2022-09-10 22:16:04,376] {processor.py:651} INFO - DAG(s) dict_keys(['example_weekday_branch_operator']) retrieved from /home/airflow/.local/lib/python3.7/site-packages/airflow/example_dags/example_branch_day_of_week_operator.py
[2022-09-10 22:16:04,433] {logging_mixin.py:115} INFO - [2022-09-10 22:16:04,432] {dag.py:2371} INFO - Sync 1 DAGs
[2022-09-10 22:16:04,483] {logging_mixin.py:115} INFO - [2022-09-10 22:16:04,482] {dag.py:2919} INFO - Setting next_dagrun for example_weekday_branch_operator to 2022-09-09T00:00:00+00:00, run_after=2022-09-10T00:00:00+00:00
[2022-09-10 22:16:04,507] {processor.py:161} INFO - Processing /home/airflow/.local/lib/python3.7/site-packages/airflow/example_dags/example_branch_day_of_week_operator.py took 0.167 seconds
[2022-09-10 22:16:54,970] {processor.py:153} INFO - Started process (PID=9535) to work on /home/airflow/.local/lib/python3.7/site-packages/airflow/example_dags/example_branch_day_of_week_operator.py
[2022-09-10 22:16:54,984] {processor.py:641} INFO - Processing file /home/airflow/.local/lib/python3.7/site-packages/airflow/example_dags/example_branch_day_of_week_operator.py for tasks to queue
[2022-09-10 22:16:54,986] {logging_mixin.py:115} INFO - [2022-09-10 22:16:54,985] {dagbag.py:507} INFO - Filling up the DagBag from /home/airflow/.local/lib/python3.7/site-packages/airflow/example_dags/example_branch_day_of_week_operator.py
[2022-09-10 22:16:55,084] {processor.py:651} INFO - DAG(s) dict_keys(['example_weekday_branch_operator']) retrieved from /home/airflow/.local/lib/python3.7/site-packages/airflow/example_dags/example_branch_day_of_week_operator.py
[2022-09-10 22:16:55,285] {logging_mixin.py:115} INFO - [2022-09-10 22:16:55,285] {dag.py:2371} INFO - Sync 1 DAGs
[2022-09-10 22:16:55,481] {logging_mixin.py:115} INFO - [2022-09-10 22:16:55,481] {dag.py:2919} INFO - Setting next_dagrun for example_weekday_branch_operator to 2022-09-09T00:00:00+00:00, run_after=2022-09-10T00:00:00+00:00
[2022-09-10 22:16:55,606] {processor.py:161} INFO - Processing /home/airflow/.local/lib/python3.7/site-packages/airflow/example_dags/example_branch_day_of_week_operator.py took 0.652 seconds
[2022-09-10 22:34:37,470] {processor.py:153} INFO - Started process (PID=9576) to work on /home/airflow/.local/lib/python3.7/site-packages/airflow/example_dags/example_branch_day_of_week_operator.py
[2022-09-10 22:34:37,562] {processor.py:641} INFO - Processing file /home/airflow/.local/lib/python3.7/site-packages/airflow/example_dags/example_branch_day_of_week_operator.py for tasks to queue
[2022-09-10 22:34:37,857] {logging_mixin.py:115} INFO - [2022-09-10 22:34:37,778] {dagbag.py:507} INFO - Filling up the DagBag from /home/airflow/.local/lib/python3.7/site-packages/airflow/example_dags/example_branch_day_of_week_operator.py
[2022-09-10 22:34:41,118] {processor.py:651} INFO - DAG(s) dict_keys(['example_weekday_branch_operator']) retrieved from /home/airflow/.local/lib/python3.7/site-packages/airflow/example_dags/example_branch_day_of_week_operator.py
[2022-09-10 22:34:45,994] {logging_mixin.py:115} INFO - [2022-09-10 22:34:45,849] {dag.py:2371} INFO - Sync 1 DAGs
[2022-09-10 22:34:54,384] {logging_mixin.py:115} INFO - [2022-09-10 22:34:54,382] {dag.py:2919} INFO - Setting next_dagrun for example_weekday_branch_operator to 2022-09-09T00:00:00+00:00, run_after=2022-09-10T00:00:00+00:00
[2022-09-10 22:34:56,073] {processor.py:161} INFO - Processing /home/airflow/.local/lib/python3.7/site-packages/airflow/example_dags/example_branch_day_of_week_operator.py took 19.886 seconds
[2022-09-10 23:12:53,924] {processor.py:153} INFO - Started process (PID=9658) to work on /home/airflow/.local/lib/python3.7/site-packages/airflow/example_dags/example_branch_day_of_week_operator.py
[2022-09-10 23:12:54,284] {processor.py:641} INFO - Processing file /home/airflow/.local/lib/python3.7/site-packages/airflow/example_dags/example_branch_day_of_week_operator.py for tasks to queue
[2022-09-10 23:12:54,336] {logging_mixin.py:115} INFO - [2022-09-10 23:12:54,335] {dagbag.py:507} INFO - Filling up the DagBag from /home/airflow/.local/lib/python3.7/site-packages/airflow/example_dags/example_branch_day_of_week_operator.py
[2022-09-10 23:12:54,805] {processor.py:651} INFO - DAG(s) dict_keys(['example_weekday_branch_operator']) retrieved from /home/airflow/.local/lib/python3.7/site-packages/airflow/example_dags/example_branch_day_of_week_operator.py
[2022-09-10 23:12:56,024] {logging_mixin.py:115} INFO - [2022-09-10 23:12:56,023] {dag.py:2371} INFO - Sync 1 DAGs
[2022-09-10 23:12:57,197] {logging_mixin.py:115} INFO - [2022-09-10 23:12:57,180] {dag.py:2919} INFO - Setting next_dagrun for example_weekday_branch_operator to 2022-09-09T00:00:00+00:00, run_after=2022-09-10T00:00:00+00:00
[2022-09-10 23:12:57,864] {processor.py:161} INFO - Processing /home/airflow/.local/lib/python3.7/site-packages/airflow/example_dags/example_branch_day_of_week_operator.py took 5.662 seconds
[2022-09-10 23:13:28,776] {processor.py:153} INFO - Started process (PID=9715) to work on /home/airflow/.local/lib/python3.7/site-packages/airflow/example_dags/example_branch_day_of_week_operator.py
[2022-09-10 23:13:28,782] {processor.py:641} INFO - Processing file /home/airflow/.local/lib/python3.7/site-packages/airflow/example_dags/example_branch_day_of_week_operator.py for tasks to queue
[2022-09-10 23:13:28,792] {logging_mixin.py:115} INFO - [2022-09-10 23:13:28,791] {dagbag.py:507} INFO - Filling up the DagBag from /home/airflow/.local/lib/python3.7/site-packages/airflow/example_dags/example_branch_day_of_week_operator.py
[2022-09-10 23:13:28,825] {processor.py:651} INFO - DAG(s) dict_keys(['example_weekday_branch_operator']) retrieved from /home/airflow/.local/lib/python3.7/site-packages/airflow/example_dags/example_branch_day_of_week_operator.py
[2022-09-10 23:13:28,919] {logging_mixin.py:115} INFO - [2022-09-10 23:13:28,919] {dag.py:2371} INFO - Sync 1 DAGs
[2022-09-10 23:13:28,992] {logging_mixin.py:115} INFO - [2022-09-10 23:13:28,992] {dag.py:2919} INFO - Setting next_dagrun for example_weekday_branch_operator to 2022-09-09T00:00:00+00:00, run_after=2022-09-10T00:00:00+00:00
[2022-09-10 23:13:29,031] {processor.py:161} INFO - Processing /home/airflow/.local/lib/python3.7/site-packages/airflow/example_dags/example_branch_day_of_week_operator.py took 0.273 seconds
[2022-09-10 23:13:59,712] {processor.py:153} INFO - Started process (PID=9782) to work on /home/airflow/.local/lib/python3.7/site-packages/airflow/example_dags/example_branch_day_of_week_operator.py
[2022-09-10 23:13:59,714] {processor.py:641} INFO - Processing file /home/airflow/.local/lib/python3.7/site-packages/airflow/example_dags/example_branch_day_of_week_operator.py for tasks to queue
[2022-09-10 23:13:59,716] {logging_mixin.py:115} INFO - [2022-09-10 23:13:59,716] {dagbag.py:507} INFO - Filling up the DagBag from /home/airflow/.local/lib/python3.7/site-packages/airflow/example_dags/example_branch_day_of_week_operator.py
[2022-09-10 23:13:59,730] {processor.py:651} INFO - DAG(s) dict_keys(['example_weekday_branch_operator']) retrieved from /home/airflow/.local/lib/python3.7/site-packages/airflow/example_dags/example_branch_day_of_week_operator.py
[2022-09-10 23:13:59,780] {logging_mixin.py:115} INFO - [2022-09-10 23:13:59,779] {dag.py:2371} INFO - Sync 1 DAGs
[2022-09-10 23:13:59,817] {logging_mixin.py:115} INFO - [2022-09-10 23:13:59,817] {dag.py:2919} INFO - Setting next_dagrun for example_weekday_branch_operator to 2022-09-09T00:00:00+00:00, run_after=2022-09-10T00:00:00+00:00
[2022-09-10 23:13:59,839] {processor.py:161} INFO - Processing /home/airflow/.local/lib/python3.7/site-packages/airflow/example_dags/example_branch_day_of_week_operator.py took 0.132 seconds
[2022-09-10 23:14:30,281] {processor.py:153} INFO - Started process (PID=9838) to work on /home/airflow/.local/lib/python3.7/site-packages/airflow/example_dags/example_branch_day_of_week_operator.py
[2022-09-10 23:14:30,283] {processor.py:641} INFO - Processing file /home/airflow/.local/lib/python3.7/site-packages/airflow/example_dags/example_branch_day_of_week_operator.py for tasks to queue
[2022-09-10 23:14:30,286] {logging_mixin.py:115} INFO - [2022-09-10 23:14:30,286] {dagbag.py:507} INFO - Filling up the DagBag from /home/airflow/.local/lib/python3.7/site-packages/airflow/example_dags/example_branch_day_of_week_operator.py
[2022-09-10 23:14:30,304] {processor.py:651} INFO - DAG(s) dict_keys(['example_weekday_branch_operator']) retrieved from /home/airflow/.local/lib/python3.7/site-packages/airflow/example_dags/example_branch_day_of_week_operator.py
[2022-09-10 23:14:30,369] {logging_mixin.py:115} INFO - [2022-09-10 23:14:30,368] {dag.py:2371} INFO - Sync 1 DAGs
[2022-09-10 23:14:30,417] {logging_mixin.py:115} INFO - [2022-09-10 23:14:30,416] {dag.py:2919} INFO - Setting next_dagrun for example_weekday_branch_operator to 2022-09-09T00:00:00+00:00, run_after=2022-09-10T00:00:00+00:00
[2022-09-10 23:14:30,446] {processor.py:161} INFO - Processing /home/airflow/.local/lib/python3.7/site-packages/airflow/example_dags/example_branch_day_of_week_operator.py took 0.174 seconds
[2022-09-10 23:15:01,027] {processor.py:153} INFO - Started process (PID=9903) to work on /home/airflow/.local/lib/python3.7/site-packages/airflow/example_dags/example_branch_day_of_week_operator.py
[2022-09-10 23:15:01,031] {processor.py:641} INFO - Processing file /home/airflow/.local/lib/python3.7/site-packages/airflow/example_dags/example_branch_day_of_week_operator.py for tasks to queue
[2022-09-10 23:15:01,035] {logging_mixin.py:115} INFO - [2022-09-10 23:15:01,035] {dagbag.py:507} INFO - Filling up the DagBag from /home/airflow/.local/lib/python3.7/site-packages/airflow/example_dags/example_branch_day_of_week_operator.py
[2022-09-10 23:15:01,054] {processor.py:651} INFO - DAG(s) dict_keys(['example_weekday_branch_operator']) retrieved from /home/airflow/.local/lib/python3.7/site-packages/airflow/example_dags/example_branch_day_of_week_operator.py
[2022-09-10 23:15:01,108] {logging_mixin.py:115} INFO - [2022-09-10 23:15:01,108] {dag.py:2371} INFO - Sync 1 DAGs
[2022-09-10 23:15:01,162] {logging_mixin.py:115} INFO - [2022-09-10 23:15:01,162] {dag.py:2919} INFO - Setting next_dagrun for example_weekday_branch_operator to 2022-09-09T00:00:00+00:00, run_after=2022-09-10T00:00:00+00:00
[2022-09-10 23:15:01,195] {processor.py:161} INFO - Processing /home/airflow/.local/lib/python3.7/site-packages/airflow/example_dags/example_branch_day_of_week_operator.py took 0.180 seconds
