[2022-09-10 00:12:07,848] {processor.py:153} INFO - Started process (PID=7133) to work on /home/airflow/.local/lib/python3.7/site-packages/airflow/example_dags/example_branch_python_dop_operator_3.py
[2022-09-10 00:12:07,932] {processor.py:641} INFO - Processing file /home/airflow/.local/lib/python3.7/site-packages/airflow/example_dags/example_branch_python_dop_operator_3.py for tasks to queue
[2022-09-10 00:12:08,139] {logging_mixin.py:115} INFO - [2022-09-10 00:12:08,130] {dagbag.py:507} INFO - Filling up the DagBag from /home/airflow/.local/lib/python3.7/site-packages/airflow/example_dags/example_branch_python_dop_operator_3.py
[2022-09-10 00:12:12,746] {processor.py:651} INFO - DAG(s) dict_keys(['example_branch_dop_operator_v3']) retrieved from /home/airflow/.local/lib/python3.7/site-packages/airflow/example_dags/example_branch_python_dop_operator_3.py
[2022-09-10 00:12:21,127] {logging_mixin.py:115} INFO - [2022-09-10 00:12:21,125] {dag.py:2371} INFO - Sync 1 DAGs
[2022-09-10 00:12:31,808] {logging_mixin.py:115} INFO - [2022-09-10 00:12:31,804] {dag.py:2919} INFO - Setting next_dagrun for example_branch_dop_operator_v3 to 2022-09-10T00:11:00+00:00, run_after=2022-09-10T00:12:00+00:00
[2022-09-10 00:12:34,405] {processor.py:161} INFO - Processing /home/airflow/.local/lib/python3.7/site-packages/airflow/example_dags/example_branch_python_dop_operator_3.py took 27.126 seconds
[2022-09-10 00:29:09,542] {processor.py:153} INFO - Started process (PID=7212) to work on /home/airflow/.local/lib/python3.7/site-packages/airflow/example_dags/example_branch_python_dop_operator_3.py
[2022-09-10 00:29:09,549] {processor.py:641} INFO - Processing file /home/airflow/.local/lib/python3.7/site-packages/airflow/example_dags/example_branch_python_dop_operator_3.py for tasks to queue
[2022-09-10 00:29:09,556] {logging_mixin.py:115} INFO - [2022-09-10 00:29:09,556] {dagbag.py:507} INFO - Filling up the DagBag from /home/airflow/.local/lib/python3.7/site-packages/airflow/example_dags/example_branch_python_dop_operator_3.py
[2022-09-10 00:29:09,620] {processor.py:651} INFO - DAG(s) dict_keys(['example_branch_dop_operator_v3']) retrieved from /home/airflow/.local/lib/python3.7/site-packages/airflow/example_dags/example_branch_python_dop_operator_3.py
[2022-09-10 00:29:09,797] {logging_mixin.py:115} INFO - [2022-09-10 00:29:09,797] {dag.py:2371} INFO - Sync 1 DAGs
[2022-09-10 00:29:09,979] {logging_mixin.py:115} INFO - [2022-09-10 00:29:09,978] {dag.py:2919} INFO - Setting next_dagrun for example_branch_dop_operator_v3 to 2022-09-10T00:28:00+00:00, run_after=2022-09-10T00:29:00+00:00
[2022-09-10 00:29:10,082] {processor.py:161} INFO - Processing /home/airflow/.local/lib/python3.7/site-packages/airflow/example_dags/example_branch_python_dop_operator_3.py took 0.556 seconds
[2022-09-10 02:01:36,695] {processor.py:153} INFO - Started process (PID=7279) to work on /home/airflow/.local/lib/python3.7/site-packages/airflow/example_dags/example_branch_python_dop_operator_3.py
[2022-09-10 02:01:36,702] {processor.py:641} INFO - Processing file /home/airflow/.local/lib/python3.7/site-packages/airflow/example_dags/example_branch_python_dop_operator_3.py for tasks to queue
[2022-09-10 02:01:36,703] {logging_mixin.py:115} INFO - [2022-09-10 02:01:36,703] {dagbag.py:507} INFO - Filling up the DagBag from /home/airflow/.local/lib/python3.7/site-packages/airflow/example_dags/example_branch_python_dop_operator_3.py
[2022-09-10 02:01:36,769] {processor.py:651} INFO - DAG(s) dict_keys(['example_branch_dop_operator_v3']) retrieved from /home/airflow/.local/lib/python3.7/site-packages/airflow/example_dags/example_branch_python_dop_operator_3.py
[2022-09-10 02:01:36,950] {logging_mixin.py:115} INFO - [2022-09-10 02:01:36,950] {dag.py:2371} INFO - Sync 1 DAGs
[2022-09-10 02:01:37,131] {logging_mixin.py:115} INFO - [2022-09-10 02:01:37,121] {dag.py:2919} INFO - Setting next_dagrun for example_branch_dop_operator_v3 to 2022-09-10T02:00:00+00:00, run_after=2022-09-10T02:01:00+00:00
[2022-09-10 02:01:37,237] {processor.py:161} INFO - Processing /home/airflow/.local/lib/python3.7/site-packages/airflow/example_dags/example_branch_python_dop_operator_3.py took 0.555 seconds
[2022-09-10 02:02:09,589] {processor.py:153} INFO - Started process (PID=7331) to work on /home/airflow/.local/lib/python3.7/site-packages/airflow/example_dags/example_branch_python_dop_operator_3.py
[2022-09-10 02:02:09,635] {processor.py:641} INFO - Processing file /home/airflow/.local/lib/python3.7/site-packages/airflow/example_dags/example_branch_python_dop_operator_3.py for tasks to queue
[2022-09-10 02:02:09,694] {logging_mixin.py:115} INFO - [2022-09-10 02:02:09,692] {dagbag.py:507} INFO - Filling up the DagBag from /home/airflow/.local/lib/python3.7/site-packages/airflow/example_dags/example_branch_python_dop_operator_3.py
[2022-09-10 02:02:12,191] {processor.py:651} INFO - DAG(s) dict_keys(['example_branch_dop_operator_v3']) retrieved from /home/airflow/.local/lib/python3.7/site-packages/airflow/example_dags/example_branch_python_dop_operator_3.py
[2022-09-10 02:02:22,094] {logging_mixin.py:115} INFO - [2022-09-10 02:02:22,054] {dag.py:2371} INFO - Sync 1 DAGs
[2022-09-10 02:02:29,522] {logging_mixin.py:115} INFO - [2022-09-10 02:02:29,519] {dag.py:2919} INFO - Setting next_dagrun for example_branch_dop_operator_v3 to 2022-09-10T02:01:00+00:00, run_after=2022-09-10T02:02:00+00:00
[2022-09-10 02:02:30,203] {processor.py:161} INFO - Processing /home/airflow/.local/lib/python3.7/site-packages/airflow/example_dags/example_branch_python_dop_operator_3.py took 20.993 seconds
[2022-09-10 02:55:51,622] {processor.py:153} INFO - Started process (PID=7384) to work on /home/airflow/.local/lib/python3.7/site-packages/airflow/example_dags/example_branch_python_dop_operator_3.py
[2022-09-10 02:55:51,624] {processor.py:641} INFO - Processing file /home/airflow/.local/lib/python3.7/site-packages/airflow/example_dags/example_branch_python_dop_operator_3.py for tasks to queue
[2022-09-10 02:55:51,626] {logging_mixin.py:115} INFO - [2022-09-10 02:55:51,625] {dagbag.py:507} INFO - Filling up the DagBag from /home/airflow/.local/lib/python3.7/site-packages/airflow/example_dags/example_branch_python_dop_operator_3.py
[2022-09-10 02:55:51,647] {processor.py:651} INFO - DAG(s) dict_keys(['example_branch_dop_operator_v3']) retrieved from /home/airflow/.local/lib/python3.7/site-packages/airflow/example_dags/example_branch_python_dop_operator_3.py
[2022-09-10 02:55:51,687] {logging_mixin.py:115} INFO - [2022-09-10 02:55:51,686] {dag.py:2371} INFO - Sync 1 DAGs
[2022-09-10 02:55:51,729] {logging_mixin.py:115} INFO - [2022-09-10 02:55:51,729] {dag.py:2919} INFO - Setting next_dagrun for example_branch_dop_operator_v3 to 2022-09-10T02:54:00+00:00, run_after=2022-09-10T02:55:00+00:00
[2022-09-10 02:55:51,754] {processor.py:161} INFO - Processing /home/airflow/.local/lib/python3.7/site-packages/airflow/example_dags/example_branch_python_dop_operator_3.py took 0.141 seconds
[2022-09-10 02:56:38,281] {processor.py:153} INFO - Started process (PID=7434) to work on /home/airflow/.local/lib/python3.7/site-packages/airflow/example_dags/example_branch_python_dop_operator_3.py
[2022-09-10 02:56:38,289] {processor.py:641} INFO - Processing file /home/airflow/.local/lib/python3.7/site-packages/airflow/example_dags/example_branch_python_dop_operator_3.py for tasks to queue
[2022-09-10 02:56:38,291] {logging_mixin.py:115} INFO - [2022-09-10 02:56:38,291] {dagbag.py:507} INFO - Filling up the DagBag from /home/airflow/.local/lib/python3.7/site-packages/airflow/example_dags/example_branch_python_dop_operator_3.py
[2022-09-10 02:56:38,351] {processor.py:651} INFO - DAG(s) dict_keys(['example_branch_dop_operator_v3']) retrieved from /home/airflow/.local/lib/python3.7/site-packages/airflow/example_dags/example_branch_python_dop_operator_3.py
[2022-09-10 02:56:38,480] {logging_mixin.py:115} INFO - [2022-09-10 02:56:38,480] {dag.py:2371} INFO - Sync 1 DAGs
[2022-09-10 02:56:38,697] {logging_mixin.py:115} INFO - [2022-09-10 02:56:38,686] {dag.py:2919} INFO - Setting next_dagrun for example_branch_dop_operator_v3 to 2022-09-10T02:55:00+00:00, run_after=2022-09-10T02:56:00+00:00
[2022-09-10 02:56:38,759] {processor.py:161} INFO - Processing /home/airflow/.local/lib/python3.7/site-packages/airflow/example_dags/example_branch_python_dop_operator_3.py took 0.483 seconds
[2022-09-10 03:50:45,705] {processor.py:153} INFO - Started process (PID=7482) to work on /home/airflow/.local/lib/python3.7/site-packages/airflow/example_dags/example_branch_python_dop_operator_3.py
[2022-09-10 03:50:45,721] {processor.py:641} INFO - Processing file /home/airflow/.local/lib/python3.7/site-packages/airflow/example_dags/example_branch_python_dop_operator_3.py for tasks to queue
[2022-09-10 03:50:45,728] {logging_mixin.py:115} INFO - [2022-09-10 03:50:45,727] {dagbag.py:507} INFO - Filling up the DagBag from /home/airflow/.local/lib/python3.7/site-packages/airflow/example_dags/example_branch_python_dop_operator_3.py
[2022-09-10 03:50:45,802] {processor.py:651} INFO - DAG(s) dict_keys(['example_branch_dop_operator_v3']) retrieved from /home/airflow/.local/lib/python3.7/site-packages/airflow/example_dags/example_branch_python_dop_operator_3.py
[2022-09-10 03:50:45,903] {logging_mixin.py:115} INFO - [2022-09-10 03:50:45,902] {dag.py:2371} INFO - Sync 1 DAGs
[2022-09-10 03:50:46,015] {logging_mixin.py:115} INFO - [2022-09-10 03:50:46,015] {dag.py:2919} INFO - Setting next_dagrun for example_branch_dop_operator_v3 to 2022-09-10T03:49:00+00:00, run_after=2022-09-10T03:50:00+00:00
[2022-09-10 03:50:46,149] {processor.py:161} INFO - Processing /home/airflow/.local/lib/python3.7/site-packages/airflow/example_dags/example_branch_python_dop_operator_3.py took 0.467 seconds
[2022-09-10 04:44:52,416] {processor.py:153} INFO - Started process (PID=7553) to work on /home/airflow/.local/lib/python3.7/site-packages/airflow/example_dags/example_branch_python_dop_operator_3.py
[2022-09-10 04:44:52,421] {processor.py:641} INFO - Processing file /home/airflow/.local/lib/python3.7/site-packages/airflow/example_dags/example_branch_python_dop_operator_3.py for tasks to queue
[2022-09-10 04:44:52,426] {logging_mixin.py:115} INFO - [2022-09-10 04:44:52,425] {dagbag.py:507} INFO - Filling up the DagBag from /home/airflow/.local/lib/python3.7/site-packages/airflow/example_dags/example_branch_python_dop_operator_3.py
[2022-09-10 04:44:52,476] {processor.py:651} INFO - DAG(s) dict_keys(['example_branch_dop_operator_v3']) retrieved from /home/airflow/.local/lib/python3.7/site-packages/airflow/example_dags/example_branch_python_dop_operator_3.py
[2022-09-10 04:44:52,819] {logging_mixin.py:115} INFO - [2022-09-10 04:44:52,819] {dag.py:2371} INFO - Sync 1 DAGs
[2022-09-10 04:44:53,127] {logging_mixin.py:115} INFO - [2022-09-10 04:44:53,127] {dag.py:2919} INFO - Setting next_dagrun for example_branch_dop_operator_v3 to 2022-09-10T04:43:00+00:00, run_after=2022-09-10T04:44:00+00:00
[2022-09-10 04:44:53,268] {processor.py:161} INFO - Processing /home/airflow/.local/lib/python3.7/site-packages/airflow/example_dags/example_branch_python_dop_operator_3.py took 0.867 seconds
[2022-09-10 05:11:29,919] {processor.py:153} INFO - Started process (PID=7618) to work on /home/airflow/.local/lib/python3.7/site-packages/airflow/example_dags/example_branch_python_dop_operator_3.py
[2022-09-10 05:11:29,920] {processor.py:641} INFO - Processing file /home/airflow/.local/lib/python3.7/site-packages/airflow/example_dags/example_branch_python_dop_operator_3.py for tasks to queue
[2022-09-10 05:11:29,922] {logging_mixin.py:115} INFO - [2022-09-10 05:11:29,922] {dagbag.py:507} INFO - Filling up the DagBag from /home/airflow/.local/lib/python3.7/site-packages/airflow/example_dags/example_branch_python_dop_operator_3.py
[2022-09-10 05:11:29,964] {processor.py:651} INFO - DAG(s) dict_keys(['example_branch_dop_operator_v3']) retrieved from /home/airflow/.local/lib/python3.7/site-packages/airflow/example_dags/example_branch_python_dop_operator_3.py
[2022-09-10 05:11:30,037] {logging_mixin.py:115} INFO - [2022-09-10 05:11:30,036] {dag.py:2371} INFO - Sync 1 DAGs
[2022-09-10 05:11:30,116] {logging_mixin.py:115} INFO - [2022-09-10 05:11:30,116] {dag.py:2919} INFO - Setting next_dagrun for example_branch_dop_operator_v3 to 2022-09-10T05:10:00+00:00, run_after=2022-09-10T05:11:00+00:00
[2022-09-10 05:11:30,154] {processor.py:161} INFO - Processing /home/airflow/.local/lib/python3.7/site-packages/airflow/example_dags/example_branch_python_dop_operator_3.py took 0.240 seconds
[2022-09-10 05:12:19,785] {processor.py:153} INFO - Started process (PID=7674) to work on /home/airflow/.local/lib/python3.7/site-packages/airflow/example_dags/example_branch_python_dop_operator_3.py
[2022-09-10 05:12:19,796] {processor.py:641} INFO - Processing file /home/airflow/.local/lib/python3.7/site-packages/airflow/example_dags/example_branch_python_dop_operator_3.py for tasks to queue
[2022-09-10 05:12:19,805] {logging_mixin.py:115} INFO - [2022-09-10 05:12:19,805] {dagbag.py:507} INFO - Filling up the DagBag from /home/airflow/.local/lib/python3.7/site-packages/airflow/example_dags/example_branch_python_dop_operator_3.py
[2022-09-10 05:12:19,889] {processor.py:651} INFO - DAG(s) dict_keys(['example_branch_dop_operator_v3']) retrieved from /home/airflow/.local/lib/python3.7/site-packages/airflow/example_dags/example_branch_python_dop_operator_3.py
[2022-09-10 05:12:20,072] {logging_mixin.py:115} INFO - [2022-09-10 05:12:20,072] {dag.py:2371} INFO - Sync 1 DAGs
[2022-09-10 05:12:20,292] {logging_mixin.py:115} INFO - [2022-09-10 05:12:20,292] {dag.py:2919} INFO - Setting next_dagrun for example_branch_dop_operator_v3 to 2022-09-10T05:11:00+00:00, run_after=2022-09-10T05:12:00+00:00
[2022-09-10 05:12:20,364] {processor.py:161} INFO - Processing /home/airflow/.local/lib/python3.7/site-packages/airflow/example_dags/example_branch_python_dop_operator_3.py took 0.602 seconds
[2022-09-10 05:51:04,460] {processor.py:153} INFO - Started process (PID=7733) to work on /home/airflow/.local/lib/python3.7/site-packages/airflow/example_dags/example_branch_python_dop_operator_3.py
[2022-09-10 05:51:04,465] {processor.py:641} INFO - Processing file /home/airflow/.local/lib/python3.7/site-packages/airflow/example_dags/example_branch_python_dop_operator_3.py for tasks to queue
[2022-09-10 05:51:04,469] {logging_mixin.py:115} INFO - [2022-09-10 05:51:04,468] {dagbag.py:507} INFO - Filling up the DagBag from /home/airflow/.local/lib/python3.7/site-packages/airflow/example_dags/example_branch_python_dop_operator_3.py
[2022-09-10 05:51:04,612] {processor.py:651} INFO - DAG(s) dict_keys(['example_branch_dop_operator_v3']) retrieved from /home/airflow/.local/lib/python3.7/site-packages/airflow/example_dags/example_branch_python_dop_operator_3.py
[2022-09-10 05:51:04,730] {logging_mixin.py:115} INFO - [2022-09-10 05:51:04,730] {dag.py:2371} INFO - Sync 1 DAGs
[2022-09-10 05:51:04,802] {logging_mixin.py:115} INFO - [2022-09-10 05:51:04,802] {dag.py:2919} INFO - Setting next_dagrun for example_branch_dop_operator_v3 to 2022-09-10T05:50:00+00:00, run_after=2022-09-10T05:51:00+00:00
[2022-09-10 05:51:04,847] {processor.py:161} INFO - Processing /home/airflow/.local/lib/python3.7/site-packages/airflow/example_dags/example_branch_python_dop_operator_3.py took 0.407 seconds
[2022-09-10 06:45:15,578] {processor.py:153} INFO - Started process (PID=7803) to work on /home/airflow/.local/lib/python3.7/site-packages/airflow/example_dags/example_branch_python_dop_operator_3.py
[2022-09-10 06:45:15,585] {processor.py:641} INFO - Processing file /home/airflow/.local/lib/python3.7/site-packages/airflow/example_dags/example_branch_python_dop_operator_3.py for tasks to queue
[2022-09-10 06:45:15,592] {logging_mixin.py:115} INFO - [2022-09-10 06:45:15,591] {dagbag.py:507} INFO - Filling up the DagBag from /home/airflow/.local/lib/python3.7/site-packages/airflow/example_dags/example_branch_python_dop_operator_3.py
[2022-09-10 06:45:15,644] {processor.py:651} INFO - DAG(s) dict_keys(['example_branch_dop_operator_v3']) retrieved from /home/airflow/.local/lib/python3.7/site-packages/airflow/example_dags/example_branch_python_dop_operator_3.py
[2022-09-10 06:45:15,806] {logging_mixin.py:115} INFO - [2022-09-10 06:45:15,806] {dag.py:2371} INFO - Sync 1 DAGs
[2022-09-10 06:45:15,928] {logging_mixin.py:115} INFO - [2022-09-10 06:45:15,928] {dag.py:2919} INFO - Setting next_dagrun for example_branch_dop_operator_v3 to 2022-09-10T06:44:00+00:00, run_after=2022-09-10T06:45:00+00:00
[2022-09-10 06:45:15,985] {processor.py:161} INFO - Processing /home/airflow/.local/lib/python3.7/site-packages/airflow/example_dags/example_branch_python_dop_operator_3.py took 0.430 seconds
[2022-09-10 08:32:37,066] {processor.py:153} INFO - Started process (PID=7865) to work on /home/airflow/.local/lib/python3.7/site-packages/airflow/example_dags/example_branch_python_dop_operator_3.py
[2022-09-10 08:32:37,082] {processor.py:641} INFO - Processing file /home/airflow/.local/lib/python3.7/site-packages/airflow/example_dags/example_branch_python_dop_operator_3.py for tasks to queue
[2022-09-10 08:32:37,093] {logging_mixin.py:115} INFO - [2022-09-10 08:32:37,092] {dagbag.py:507} INFO - Filling up the DagBag from /home/airflow/.local/lib/python3.7/site-packages/airflow/example_dags/example_branch_python_dop_operator_3.py
[2022-09-10 08:32:37,185] {processor.py:651} INFO - DAG(s) dict_keys(['example_branch_dop_operator_v3']) retrieved from /home/airflow/.local/lib/python3.7/site-packages/airflow/example_dags/example_branch_python_dop_operator_3.py
[2022-09-10 08:32:37,769] {logging_mixin.py:115} INFO - [2022-09-10 08:32:37,769] {dag.py:2371} INFO - Sync 1 DAGs
[2022-09-10 08:32:38,113] {logging_mixin.py:115} INFO - [2022-09-10 08:32:38,112] {dag.py:2919} INFO - Setting next_dagrun for example_branch_dop_operator_v3 to 2022-09-10T08:31:00+00:00, run_after=2022-09-10T08:32:00+00:00
[2022-09-10 08:32:38,193] {processor.py:161} INFO - Processing /home/airflow/.local/lib/python3.7/site-packages/airflow/example_dags/example_branch_python_dop_operator_3.py took 1.163 seconds
[2022-09-10 09:22:18,552] {processor.py:153} INFO - Started process (PID=7928) to work on /home/airflow/.local/lib/python3.7/site-packages/airflow/example_dags/example_branch_python_dop_operator_3.py
[2022-09-10 09:22:18,570] {processor.py:641} INFO - Processing file /home/airflow/.local/lib/python3.7/site-packages/airflow/example_dags/example_branch_python_dop_operator_3.py for tasks to queue
[2022-09-10 09:22:18,575] {logging_mixin.py:115} INFO - [2022-09-10 09:22:18,574] {dagbag.py:507} INFO - Filling up the DagBag from /home/airflow/.local/lib/python3.7/site-packages/airflow/example_dags/example_branch_python_dop_operator_3.py
[2022-09-10 09:22:18,670] {processor.py:651} INFO - DAG(s) dict_keys(['example_branch_dop_operator_v3']) retrieved from /home/airflow/.local/lib/python3.7/site-packages/airflow/example_dags/example_branch_python_dop_operator_3.py
[2022-09-10 09:22:18,858] {logging_mixin.py:115} INFO - [2022-09-10 09:22:18,858] {dag.py:2371} INFO - Sync 1 DAGs
[2022-09-10 09:22:19,047] {logging_mixin.py:115} INFO - [2022-09-10 09:22:19,047] {dag.py:2919} INFO - Setting next_dagrun for example_branch_dop_operator_v3 to 2022-09-10T09:21:00+00:00, run_after=2022-09-10T09:22:00+00:00
[2022-09-10 09:22:19,117] {processor.py:161} INFO - Processing /home/airflow/.local/lib/python3.7/site-packages/airflow/example_dags/example_branch_python_dop_operator_3.py took 0.570 seconds
[2022-09-10 09:23:10,022] {processor.py:153} INFO - Started process (PID=7986) to work on /home/airflow/.local/lib/python3.7/site-packages/airflow/example_dags/example_branch_python_dop_operator_3.py
[2022-09-10 09:23:10,023] {processor.py:641} INFO - Processing file /home/airflow/.local/lib/python3.7/site-packages/airflow/example_dags/example_branch_python_dop_operator_3.py for tasks to queue
[2022-09-10 09:23:10,027] {logging_mixin.py:115} INFO - [2022-09-10 09:23:10,027] {dagbag.py:507} INFO - Filling up the DagBag from /home/airflow/.local/lib/python3.7/site-packages/airflow/example_dags/example_branch_python_dop_operator_3.py
[2022-09-10 09:23:10,053] {processor.py:651} INFO - DAG(s) dict_keys(['example_branch_dop_operator_v3']) retrieved from /home/airflow/.local/lib/python3.7/site-packages/airflow/example_dags/example_branch_python_dop_operator_3.py
[2022-09-10 09:23:10,121] {logging_mixin.py:115} INFO - [2022-09-10 09:23:10,121] {dag.py:2371} INFO - Sync 1 DAGs
[2022-09-10 09:23:10,176] {logging_mixin.py:115} INFO - [2022-09-10 09:23:10,176] {dag.py:2919} INFO - Setting next_dagrun for example_branch_dop_operator_v3 to 2022-09-10T09:22:00+00:00, run_after=2022-09-10T09:23:00+00:00
[2022-09-10 09:23:10,201] {processor.py:161} INFO - Processing /home/airflow/.local/lib/python3.7/site-packages/airflow/example_dags/example_branch_python_dop_operator_3.py took 0.188 seconds
[2022-09-10 10:17:14,514] {processor.py:153} INFO - Started process (PID=8026) to work on /home/airflow/.local/lib/python3.7/site-packages/airflow/example_dags/example_branch_python_dop_operator_3.py
[2022-09-10 10:17:14,554] {processor.py:641} INFO - Processing file /home/airflow/.local/lib/python3.7/site-packages/airflow/example_dags/example_branch_python_dop_operator_3.py for tasks to queue
[2022-09-10 10:17:14,565] {logging_mixin.py:115} INFO - [2022-09-10 10:17:14,564] {dagbag.py:507} INFO - Filling up the DagBag from /home/airflow/.local/lib/python3.7/site-packages/airflow/example_dags/example_branch_python_dop_operator_3.py
[2022-09-10 10:17:14,739] {processor.py:651} INFO - DAG(s) dict_keys(['example_branch_dop_operator_v3']) retrieved from /home/airflow/.local/lib/python3.7/site-packages/airflow/example_dags/example_branch_python_dop_operator_3.py
[2022-09-10 10:17:14,967] {logging_mixin.py:115} INFO - [2022-09-10 10:17:14,967] {dag.py:2371} INFO - Sync 1 DAGs
[2022-09-10 10:17:15,308] {logging_mixin.py:115} INFO - [2022-09-10 10:17:15,279] {dag.py:2919} INFO - Setting next_dagrun for example_branch_dop_operator_v3 to 2022-09-10T10:16:00+00:00, run_after=2022-09-10T10:17:00+00:00
[2022-09-10 10:17:15,380] {processor.py:161} INFO - Processing /home/airflow/.local/lib/python3.7/site-packages/airflow/example_dags/example_branch_python_dop_operator_3.py took 0.880 seconds
[2022-09-10 11:16:13,533] {processor.py:153} INFO - Started process (PID=8084) to work on /home/airflow/.local/lib/python3.7/site-packages/airflow/example_dags/example_branch_python_dop_operator_3.py
[2022-09-10 11:16:13,535] {processor.py:641} INFO - Processing file /home/airflow/.local/lib/python3.7/site-packages/airflow/example_dags/example_branch_python_dop_operator_3.py for tasks to queue
[2022-09-10 11:16:13,537] {logging_mixin.py:115} INFO - [2022-09-10 11:16:13,537] {dagbag.py:507} INFO - Filling up the DagBag from /home/airflow/.local/lib/python3.7/site-packages/airflow/example_dags/example_branch_python_dop_operator_3.py
[2022-09-10 11:16:13,615] {processor.py:651} INFO - DAG(s) dict_keys(['example_branch_dop_operator_v3']) retrieved from /home/airflow/.local/lib/python3.7/site-packages/airflow/example_dags/example_branch_python_dop_operator_3.py
[2022-09-10 11:16:13,791] {logging_mixin.py:115} INFO - [2022-09-10 11:16:13,791] {dag.py:2371} INFO - Sync 1 DAGs
[2022-09-10 11:16:14,053] {logging_mixin.py:115} INFO - [2022-09-10 11:16:14,053] {dag.py:2919} INFO - Setting next_dagrun for example_branch_dop_operator_v3 to 2022-09-10T11:15:00+00:00, run_after=2022-09-10T11:16:00+00:00
[2022-09-10 11:16:14,129] {processor.py:161} INFO - Processing /home/airflow/.local/lib/python3.7/site-packages/airflow/example_dags/example_branch_python_dop_operator_3.py took 0.647 seconds
[2022-09-10 11:17:08,460] {processor.py:153} INFO - Started process (PID=8147) to work on /home/airflow/.local/lib/python3.7/site-packages/airflow/example_dags/example_branch_python_dop_operator_3.py
[2022-09-10 11:17:08,465] {processor.py:641} INFO - Processing file /home/airflow/.local/lib/python3.7/site-packages/airflow/example_dags/example_branch_python_dop_operator_3.py for tasks to queue
[2022-09-10 11:17:08,487] {logging_mixin.py:115} INFO - [2022-09-10 11:17:08,487] {dagbag.py:507} INFO - Filling up the DagBag from /home/airflow/.local/lib/python3.7/site-packages/airflow/example_dags/example_branch_python_dop_operator_3.py
[2022-09-10 11:17:08,594] {processor.py:651} INFO - DAG(s) dict_keys(['example_branch_dop_operator_v3']) retrieved from /home/airflow/.local/lib/python3.7/site-packages/airflow/example_dags/example_branch_python_dop_operator_3.py
[2022-09-10 11:17:08,856] {logging_mixin.py:115} INFO - [2022-09-10 11:17:08,855] {dag.py:2371} INFO - Sync 1 DAGs
[2022-09-10 11:17:09,181] {logging_mixin.py:115} INFO - [2022-09-10 11:17:09,179] {dag.py:2919} INFO - Setting next_dagrun for example_branch_dop_operator_v3 to 2022-09-10T11:16:00+00:00, run_after=2022-09-10T11:17:00+00:00
[2022-09-10 11:17:09,276] {processor.py:161} INFO - Processing /home/airflow/.local/lib/python3.7/site-packages/airflow/example_dags/example_branch_python_dop_operator_3.py took 0.870 seconds
[2022-09-10 12:05:29,272] {processor.py:153} INFO - Started process (PID=8189) to work on /home/airflow/.local/lib/python3.7/site-packages/airflow/example_dags/example_branch_python_dop_operator_3.py
[2022-09-10 12:05:29,332] {processor.py:641} INFO - Processing file /home/airflow/.local/lib/python3.7/site-packages/airflow/example_dags/example_branch_python_dop_operator_3.py for tasks to queue
[2022-09-10 12:05:29,491] {logging_mixin.py:115} INFO - [2022-09-10 12:05:29,479] {dagbag.py:507} INFO - Filling up the DagBag from /home/airflow/.local/lib/python3.7/site-packages/airflow/example_dags/example_branch_python_dop_operator_3.py
[2022-09-10 12:05:31,105] {processor.py:651} INFO - DAG(s) dict_keys(['example_branch_dop_operator_v3']) retrieved from /home/airflow/.local/lib/python3.7/site-packages/airflow/example_dags/example_branch_python_dop_operator_3.py
[2022-09-10 12:05:35,370] {logging_mixin.py:115} INFO - [2022-09-10 12:05:35,368] {dag.py:2371} INFO - Sync 1 DAGs
[2022-09-10 12:05:42,033] {logging_mixin.py:115} INFO - [2022-09-10 12:05:42,032] {dag.py:2919} INFO - Setting next_dagrun for example_branch_dop_operator_v3 to 2022-09-10T12:04:00+00:00, run_after=2022-09-10T12:05:00+00:00
[2022-09-10 12:05:45,800] {processor.py:161} INFO - Processing /home/airflow/.local/lib/python3.7/site-packages/airflow/example_dags/example_branch_python_dop_operator_3.py took 17.409 seconds
[2022-09-10 12:06:24,276] {processor.py:153} INFO - Started process (PID=8230) to work on /home/airflow/.local/lib/python3.7/site-packages/airflow/example_dags/example_branch_python_dop_operator_3.py
[2022-09-10 12:06:24,297] {processor.py:641} INFO - Processing file /home/airflow/.local/lib/python3.7/site-packages/airflow/example_dags/example_branch_python_dop_operator_3.py for tasks to queue
[2022-09-10 12:06:24,313] {logging_mixin.py:115} INFO - [2022-09-10 12:06:24,311] {dagbag.py:507} INFO - Filling up the DagBag from /home/airflow/.local/lib/python3.7/site-packages/airflow/example_dags/example_branch_python_dop_operator_3.py
[2022-09-10 12:06:24,475] {processor.py:651} INFO - DAG(s) dict_keys(['example_branch_dop_operator_v3']) retrieved from /home/airflow/.local/lib/python3.7/site-packages/airflow/example_dags/example_branch_python_dop_operator_3.py
[2022-09-10 12:06:24,891] {logging_mixin.py:115} INFO - [2022-09-10 12:06:24,891] {dag.py:2371} INFO - Sync 1 DAGs
[2022-09-10 12:06:25,563] {logging_mixin.py:115} INFO - [2022-09-10 12:06:25,563] {dag.py:2919} INFO - Setting next_dagrun for example_branch_dop_operator_v3 to 2022-09-10T12:05:00+00:00, run_after=2022-09-10T12:06:00+00:00
[2022-09-10 12:06:25,774] {processor.py:161} INFO - Processing /home/airflow/.local/lib/python3.7/site-packages/airflow/example_dags/example_branch_python_dop_operator_3.py took 1.526 seconds
[2022-09-10 12:06:56,352] {processor.py:153} INFO - Started process (PID=8279) to work on /home/airflow/.local/lib/python3.7/site-packages/airflow/example_dags/example_branch_python_dop_operator_3.py
[2022-09-10 12:06:56,357] {processor.py:641} INFO - Processing file /home/airflow/.local/lib/python3.7/site-packages/airflow/example_dags/example_branch_python_dop_operator_3.py for tasks to queue
[2022-09-10 12:06:56,362] {logging_mixin.py:115} INFO - [2022-09-10 12:06:56,361] {dagbag.py:507} INFO - Filling up the DagBag from /home/airflow/.local/lib/python3.7/site-packages/airflow/example_dags/example_branch_python_dop_operator_3.py
[2022-09-10 12:06:56,418] {processor.py:651} INFO - DAG(s) dict_keys(['example_branch_dop_operator_v3']) retrieved from /home/airflow/.local/lib/python3.7/site-packages/airflow/example_dags/example_branch_python_dop_operator_3.py
[2022-09-10 12:06:56,510] {logging_mixin.py:115} INFO - [2022-09-10 12:06:56,509] {dag.py:2371} INFO - Sync 1 DAGs
[2022-09-10 12:06:56,609] {logging_mixin.py:115} INFO - [2022-09-10 12:06:56,609] {dag.py:2919} INFO - Setting next_dagrun for example_branch_dop_operator_v3 to 2022-09-10T12:05:00+00:00, run_after=2022-09-10T12:06:00+00:00
[2022-09-10 12:06:56,667] {processor.py:161} INFO - Processing /home/airflow/.local/lib/python3.7/site-packages/airflow/example_dags/example_branch_python_dop_operator_3.py took 0.336 seconds
[2022-09-10 12:59:30,433] {processor.py:153} INFO - Started process (PID=8328) to work on /home/airflow/.local/lib/python3.7/site-packages/airflow/example_dags/example_branch_python_dop_operator_3.py
[2022-09-10 12:59:30,437] {processor.py:641} INFO - Processing file /home/airflow/.local/lib/python3.7/site-packages/airflow/example_dags/example_branch_python_dop_operator_3.py for tasks to queue
[2022-09-10 12:59:30,441] {logging_mixin.py:115} INFO - [2022-09-10 12:59:30,441] {dagbag.py:507} INFO - Filling up the DagBag from /home/airflow/.local/lib/python3.7/site-packages/airflow/example_dags/example_branch_python_dop_operator_3.py
[2022-09-10 12:59:30,504] {processor.py:651} INFO - DAG(s) dict_keys(['example_branch_dop_operator_v3']) retrieved from /home/airflow/.local/lib/python3.7/site-packages/airflow/example_dags/example_branch_python_dop_operator_3.py
[2022-09-10 12:59:30,614] {logging_mixin.py:115} INFO - [2022-09-10 12:59:30,614] {dag.py:2371} INFO - Sync 1 DAGs
[2022-09-10 12:59:30,720] {logging_mixin.py:115} INFO - [2022-09-10 12:59:30,720] {dag.py:2919} INFO - Setting next_dagrun for example_branch_dop_operator_v3 to 2022-09-10T12:58:00+00:00, run_after=2022-09-10T12:59:00+00:00
[2022-09-10 12:59:30,756] {processor.py:161} INFO - Processing /home/airflow/.local/lib/python3.7/site-packages/airflow/example_dags/example_branch_python_dop_operator_3.py took 0.330 seconds
[2022-09-10 13:00:24,153] {processor.py:153} INFO - Started process (PID=8383) to work on /home/airflow/.local/lib/python3.7/site-packages/airflow/example_dags/example_branch_python_dop_operator_3.py
[2022-09-10 13:00:24,170] {processor.py:641} INFO - Processing file /home/airflow/.local/lib/python3.7/site-packages/airflow/example_dags/example_branch_python_dop_operator_3.py for tasks to queue
[2022-09-10 13:00:24,172] {logging_mixin.py:115} INFO - [2022-09-10 13:00:24,172] {dagbag.py:507} INFO - Filling up the DagBag from /home/airflow/.local/lib/python3.7/site-packages/airflow/example_dags/example_branch_python_dop_operator_3.py
[2022-09-10 13:00:24,204] {processor.py:651} INFO - DAG(s) dict_keys(['example_branch_dop_operator_v3']) retrieved from /home/airflow/.local/lib/python3.7/site-packages/airflow/example_dags/example_branch_python_dop_operator_3.py
[2022-09-10 13:00:24,361] {logging_mixin.py:115} INFO - [2022-09-10 13:00:24,361] {dag.py:2371} INFO - Sync 1 DAGs
[2022-09-10 13:00:24,511] {logging_mixin.py:115} INFO - [2022-09-10 13:00:24,511] {dag.py:2919} INFO - Setting next_dagrun for example_branch_dop_operator_v3 to 2022-09-10T12:59:00+00:00, run_after=2022-09-10T13:00:00+00:00
[2022-09-10 13:00:24,571] {processor.py:161} INFO - Processing /home/airflow/.local/lib/python3.7/site-packages/airflow/example_dags/example_branch_python_dop_operator_3.py took 0.422 seconds
[2022-09-10 13:54:22,573] {processor.py:153} INFO - Started process (PID=8417) to work on /home/airflow/.local/lib/python3.7/site-packages/airflow/example_dags/example_branch_python_dop_operator_3.py
[2022-09-10 13:54:22,578] {processor.py:641} INFO - Processing file /home/airflow/.local/lib/python3.7/site-packages/airflow/example_dags/example_branch_python_dop_operator_3.py for tasks to queue
[2022-09-10 13:54:22,580] {logging_mixin.py:115} INFO - [2022-09-10 13:54:22,579] {dagbag.py:507} INFO - Filling up the DagBag from /home/airflow/.local/lib/python3.7/site-packages/airflow/example_dags/example_branch_python_dop_operator_3.py
[2022-09-10 13:54:22,650] {processor.py:651} INFO - DAG(s) dict_keys(['example_branch_dop_operator_v3']) retrieved from /home/airflow/.local/lib/python3.7/site-packages/airflow/example_dags/example_branch_python_dop_operator_3.py
[2022-09-10 13:54:22,960] {logging_mixin.py:115} INFO - [2022-09-10 13:54:22,960] {dag.py:2371} INFO - Sync 1 DAGs
[2022-09-10 13:54:23,304] {logging_mixin.py:115} INFO - [2022-09-10 13:54:23,304] {dag.py:2919} INFO - Setting next_dagrun for example_branch_dop_operator_v3 to 2022-09-10T13:53:00+00:00, run_after=2022-09-10T13:54:00+00:00
[2022-09-10 13:54:23,550] {processor.py:161} INFO - Processing /home/airflow/.local/lib/python3.7/site-packages/airflow/example_dags/example_branch_python_dop_operator_3.py took 0.994 seconds
[2022-09-10 14:48:38,084] {processor.py:153} INFO - Started process (PID=8484) to work on /home/airflow/.local/lib/python3.7/site-packages/airflow/example_dags/example_branch_python_dop_operator_3.py
[2022-09-10 14:48:38,101] {processor.py:641} INFO - Processing file /home/airflow/.local/lib/python3.7/site-packages/airflow/example_dags/example_branch_python_dop_operator_3.py for tasks to queue
[2022-09-10 14:48:38,104] {logging_mixin.py:115} INFO - [2022-09-10 14:48:38,103] {dagbag.py:507} INFO - Filling up the DagBag from /home/airflow/.local/lib/python3.7/site-packages/airflow/example_dags/example_branch_python_dop_operator_3.py
[2022-09-10 14:48:38,148] {processor.py:651} INFO - DAG(s) dict_keys(['example_branch_dop_operator_v3']) retrieved from /home/airflow/.local/lib/python3.7/site-packages/airflow/example_dags/example_branch_python_dop_operator_3.py
[2022-09-10 14:48:38,480] {logging_mixin.py:115} INFO - [2022-09-10 14:48:38,480] {dag.py:2371} INFO - Sync 1 DAGs
[2022-09-10 14:48:38,589] {logging_mixin.py:115} INFO - [2022-09-10 14:48:38,589] {dag.py:2919} INFO - Setting next_dagrun for example_branch_dop_operator_v3 to 2022-09-10T14:47:00+00:00, run_after=2022-09-10T14:48:00+00:00
[2022-09-10 14:48:38,642] {processor.py:161} INFO - Processing /home/airflow/.local/lib/python3.7/site-packages/airflow/example_dags/example_branch_python_dop_operator_3.py took 0.574 seconds
[2022-09-10 14:55:16,660] {processor.py:153} INFO - Started process (PID=8536) to work on /home/airflow/.local/lib/python3.7/site-packages/airflow/example_dags/example_branch_python_dop_operator_3.py
[2022-09-10 14:55:16,662] {processor.py:641} INFO - Processing file /home/airflow/.local/lib/python3.7/site-packages/airflow/example_dags/example_branch_python_dop_operator_3.py for tasks to queue
[2022-09-10 14:55:16,664] {logging_mixin.py:115} INFO - [2022-09-10 14:55:16,663] {dagbag.py:507} INFO - Filling up the DagBag from /home/airflow/.local/lib/python3.7/site-packages/airflow/example_dags/example_branch_python_dop_operator_3.py
[2022-09-10 14:55:16,690] {processor.py:651} INFO - DAG(s) dict_keys(['example_branch_dop_operator_v3']) retrieved from /home/airflow/.local/lib/python3.7/site-packages/airflow/example_dags/example_branch_python_dop_operator_3.py
[2022-09-10 14:55:16,819] {logging_mixin.py:115} INFO - [2022-09-10 14:55:16,814] {dag.py:2371} INFO - Sync 1 DAGs
[2022-09-10 14:55:17,095] {logging_mixin.py:115} INFO - [2022-09-10 14:55:17,095] {dag.py:2919} INFO - Setting next_dagrun for example_branch_dop_operator_v3 to 2022-09-10T14:54:00+00:00, run_after=2022-09-10T14:55:00+00:00
[2022-09-10 14:55:17,213] {processor.py:161} INFO - Processing /home/airflow/.local/lib/python3.7/site-packages/airflow/example_dags/example_branch_python_dop_operator_3.py took 0.573 seconds
[2022-09-10 15:11:08,611] {processor.py:153} INFO - Started process (PID=8588) to work on /home/airflow/.local/lib/python3.7/site-packages/airflow/example_dags/example_branch_python_dop_operator_3.py
[2022-09-10 15:11:08,622] {processor.py:641} INFO - Processing file /home/airflow/.local/lib/python3.7/site-packages/airflow/example_dags/example_branch_python_dop_operator_3.py for tasks to queue
[2022-09-10 15:11:08,629] {logging_mixin.py:115} INFO - [2022-09-10 15:11:08,629] {dagbag.py:507} INFO - Filling up the DagBag from /home/airflow/.local/lib/python3.7/site-packages/airflow/example_dags/example_branch_python_dop_operator_3.py
[2022-09-10 15:11:08,717] {processor.py:651} INFO - DAG(s) dict_keys(['example_branch_dop_operator_v3']) retrieved from /home/airflow/.local/lib/python3.7/site-packages/airflow/example_dags/example_branch_python_dop_operator_3.py
[2022-09-10 15:11:08,954] {logging_mixin.py:115} INFO - [2022-09-10 15:11:08,953] {dag.py:2371} INFO - Sync 1 DAGs
[2022-09-10 15:11:09,159] {logging_mixin.py:115} INFO - [2022-09-10 15:11:09,158] {dag.py:2919} INFO - Setting next_dagrun for example_branch_dop_operator_v3 to 2022-09-10T15:10:00+00:00, run_after=2022-09-10T15:11:00+00:00
[2022-09-10 15:11:09,223] {processor.py:161} INFO - Processing /home/airflow/.local/lib/python3.7/site-packages/airflow/example_dags/example_branch_python_dop_operator_3.py took 0.632 seconds
[2022-09-10 15:51:07,685] {processor.py:153} INFO - Started process (PID=8652) to work on /home/airflow/.local/lib/python3.7/site-packages/airflow/example_dags/example_branch_python_dop_operator_3.py
[2022-09-10 15:51:07,699] {processor.py:641} INFO - Processing file /home/airflow/.local/lib/python3.7/site-packages/airflow/example_dags/example_branch_python_dop_operator_3.py for tasks to queue
[2022-09-10 15:51:07,718] {logging_mixin.py:115} INFO - [2022-09-10 15:51:07,717] {dagbag.py:507} INFO - Filling up the DagBag from /home/airflow/.local/lib/python3.7/site-packages/airflow/example_dags/example_branch_python_dop_operator_3.py
[2022-09-10 15:51:07,765] {processor.py:651} INFO - DAG(s) dict_keys(['example_branch_dop_operator_v3']) retrieved from /home/airflow/.local/lib/python3.7/site-packages/airflow/example_dags/example_branch_python_dop_operator_3.py
[2022-09-10 15:51:07,884] {logging_mixin.py:115} INFO - [2022-09-10 15:51:07,884] {dag.py:2371} INFO - Sync 1 DAGs
[2022-09-10 15:51:08,053] {logging_mixin.py:115} INFO - [2022-09-10 15:51:08,053] {dag.py:2919} INFO - Setting next_dagrun for example_branch_dop_operator_v3 to 2022-09-10T15:50:00+00:00, run_after=2022-09-10T15:51:00+00:00
[2022-09-10 15:51:08,322] {processor.py:161} INFO - Processing /home/airflow/.local/lib/python3.7/site-packages/airflow/example_dags/example_branch_python_dop_operator_3.py took 0.662 seconds
[2022-09-10 16:45:26,959] {processor.py:153} INFO - Started process (PID=8723) to work on /home/airflow/.local/lib/python3.7/site-packages/airflow/example_dags/example_branch_python_dop_operator_3.py
[2022-09-10 16:45:26,987] {processor.py:641} INFO - Processing file /home/airflow/.local/lib/python3.7/site-packages/airflow/example_dags/example_branch_python_dop_operator_3.py for tasks to queue
[2022-09-10 16:45:27,010] {logging_mixin.py:115} INFO - [2022-09-10 16:45:26,998] {dagbag.py:507} INFO - Filling up the DagBag from /home/airflow/.local/lib/python3.7/site-packages/airflow/example_dags/example_branch_python_dop_operator_3.py
[2022-09-10 16:45:27,482] {processor.py:651} INFO - DAG(s) dict_keys(['example_branch_dop_operator_v3']) retrieved from /home/airflow/.local/lib/python3.7/site-packages/airflow/example_dags/example_branch_python_dop_operator_3.py
[2022-09-10 16:45:29,698] {logging_mixin.py:115} INFO - [2022-09-10 16:45:29,696] {dag.py:2371} INFO - Sync 1 DAGs
[2022-09-10 16:45:29,942] {logging_mixin.py:115} INFO - [2022-09-10 16:45:29,942] {dag.py:2919} INFO - Setting next_dagrun for example_branch_dop_operator_v3 to 2022-09-10T16:44:00+00:00, run_after=2022-09-10T16:45:00+00:00
[2022-09-10 16:45:30,491] {processor.py:161} INFO - Processing /home/airflow/.local/lib/python3.7/site-packages/airflow/example_dags/example_branch_python_dop_operator_3.py took 3.693 seconds
[2022-09-10 17:38:39,258] {processor.py:153} INFO - Started process (PID=8765) to work on /home/airflow/.local/lib/python3.7/site-packages/airflow/example_dags/example_branch_python_dop_operator_3.py
[2022-09-10 17:38:39,260] {processor.py:641} INFO - Processing file /home/airflow/.local/lib/python3.7/site-packages/airflow/example_dags/example_branch_python_dop_operator_3.py for tasks to queue
[2022-09-10 17:38:39,263] {logging_mixin.py:115} INFO - [2022-09-10 17:38:39,262] {dagbag.py:507} INFO - Filling up the DagBag from /home/airflow/.local/lib/python3.7/site-packages/airflow/example_dags/example_branch_python_dop_operator_3.py
[2022-09-10 17:38:39,309] {processor.py:651} INFO - DAG(s) dict_keys(['example_branch_dop_operator_v3']) retrieved from /home/airflow/.local/lib/python3.7/site-packages/airflow/example_dags/example_branch_python_dop_operator_3.py
[2022-09-10 17:38:39,364] {logging_mixin.py:115} INFO - [2022-09-10 17:38:39,364] {dag.py:2371} INFO - Sync 1 DAGs
[2022-09-10 17:38:39,431] {logging_mixin.py:115} INFO - [2022-09-10 17:38:39,431] {dag.py:2919} INFO - Setting next_dagrun for example_branch_dop_operator_v3 to 2022-09-10T17:37:00+00:00, run_after=2022-09-10T17:38:00+00:00
[2022-09-10 17:38:39,460] {processor.py:161} INFO - Processing /home/airflow/.local/lib/python3.7/site-packages/airflow/example_dags/example_branch_python_dop_operator_3.py took 0.206 seconds
[2022-09-10 17:39:27,894] {processor.py:153} INFO - Started process (PID=8816) to work on /home/airflow/.local/lib/python3.7/site-packages/airflow/example_dags/example_branch_python_dop_operator_3.py
[2022-09-10 17:39:27,897] {processor.py:641} INFO - Processing file /home/airflow/.local/lib/python3.7/site-packages/airflow/example_dags/example_branch_python_dop_operator_3.py for tasks to queue
[2022-09-10 17:39:27,898] {logging_mixin.py:115} INFO - [2022-09-10 17:39:27,898] {dagbag.py:507} INFO - Filling up the DagBag from /home/airflow/.local/lib/python3.7/site-packages/airflow/example_dags/example_branch_python_dop_operator_3.py
[2022-09-10 17:39:27,939] {processor.py:651} INFO - DAG(s) dict_keys(['example_branch_dop_operator_v3']) retrieved from /home/airflow/.local/lib/python3.7/site-packages/airflow/example_dags/example_branch_python_dop_operator_3.py
[2022-09-10 17:39:28,045] {logging_mixin.py:115} INFO - [2022-09-10 17:39:28,045] {dag.py:2371} INFO - Sync 1 DAGs
[2022-09-10 17:39:28,197] {logging_mixin.py:115} INFO - [2022-09-10 17:39:28,197] {dag.py:2919} INFO - Setting next_dagrun for example_branch_dop_operator_v3 to 2022-09-10T17:38:00+00:00, run_after=2022-09-10T17:39:00+00:00
[2022-09-10 17:39:28,266] {processor.py:161} INFO - Processing /home/airflow/.local/lib/python3.7/site-packages/airflow/example_dags/example_branch_python_dop_operator_3.py took 0.387 seconds
[2022-09-10 18:33:30,382] {processor.py:153} INFO - Started process (PID=8868) to work on /home/airflow/.local/lib/python3.7/site-packages/airflow/example_dags/example_branch_python_dop_operator_3.py
[2022-09-10 18:33:30,384] {processor.py:641} INFO - Processing file /home/airflow/.local/lib/python3.7/site-packages/airflow/example_dags/example_branch_python_dop_operator_3.py for tasks to queue
[2022-09-10 18:33:30,394] {logging_mixin.py:115} INFO - [2022-09-10 18:33:30,394] {dagbag.py:507} INFO - Filling up the DagBag from /home/airflow/.local/lib/python3.7/site-packages/airflow/example_dags/example_branch_python_dop_operator_3.py
[2022-09-10 18:33:30,521] {processor.py:651} INFO - DAG(s) dict_keys(['example_branch_dop_operator_v3']) retrieved from /home/airflow/.local/lib/python3.7/site-packages/airflow/example_dags/example_branch_python_dop_operator_3.py
[2022-09-10 18:33:30,693] {logging_mixin.py:115} INFO - [2022-09-10 18:33:30,693] {dag.py:2371} INFO - Sync 1 DAGs
[2022-09-10 18:33:31,091] {logging_mixin.py:115} INFO - [2022-09-10 18:33:31,091] {dag.py:2919} INFO - Setting next_dagrun for example_branch_dop_operator_v3 to 2022-09-10T18:32:00+00:00, run_after=2022-09-10T18:33:00+00:00
[2022-09-10 18:33:31,215] {processor.py:161} INFO - Processing /home/airflow/.local/lib/python3.7/site-packages/airflow/example_dags/example_branch_python_dop_operator_3.py took 0.852 seconds
[2022-09-10 19:27:42,078] {processor.py:153} INFO - Started process (PID=8938) to work on /home/airflow/.local/lib/python3.7/site-packages/airflow/example_dags/example_branch_python_dop_operator_3.py
[2022-09-10 19:27:42,081] {processor.py:641} INFO - Processing file /home/airflow/.local/lib/python3.7/site-packages/airflow/example_dags/example_branch_python_dop_operator_3.py for tasks to queue
[2022-09-10 19:27:42,091] {logging_mixin.py:115} INFO - [2022-09-10 19:27:42,090] {dagbag.py:507} INFO - Filling up the DagBag from /home/airflow/.local/lib/python3.7/site-packages/airflow/example_dags/example_branch_python_dop_operator_3.py
[2022-09-10 19:27:42,116] {processor.py:651} INFO - DAG(s) dict_keys(['example_branch_dop_operator_v3']) retrieved from /home/airflow/.local/lib/python3.7/site-packages/airflow/example_dags/example_branch_python_dop_operator_3.py
[2022-09-10 19:27:42,213] {logging_mixin.py:115} INFO - [2022-09-10 19:27:42,213] {dag.py:2371} INFO - Sync 1 DAGs
[2022-09-10 19:27:42,568] {logging_mixin.py:115} INFO - [2022-09-10 19:27:42,568] {dag.py:2919} INFO - Setting next_dagrun for example_branch_dop_operator_v3 to 2022-09-10T19:26:00+00:00, run_after=2022-09-10T19:27:00+00:00
[2022-09-10 19:27:42,616] {processor.py:161} INFO - Processing /home/airflow/.local/lib/python3.7/site-packages/airflow/example_dags/example_branch_python_dop_operator_3.py took 0.556 seconds
[2022-09-10 20:21:47,046] {processor.py:153} INFO - Started process (PID=9003) to work on /home/airflow/.local/lib/python3.7/site-packages/airflow/example_dags/example_branch_python_dop_operator_3.py
[2022-09-10 20:21:47,064] {processor.py:641} INFO - Processing file /home/airflow/.local/lib/python3.7/site-packages/airflow/example_dags/example_branch_python_dop_operator_3.py for tasks to queue
[2022-09-10 20:21:47,087] {logging_mixin.py:115} INFO - [2022-09-10 20:21:47,087] {dagbag.py:507} INFO - Filling up the DagBag from /home/airflow/.local/lib/python3.7/site-packages/airflow/example_dags/example_branch_python_dop_operator_3.py
[2022-09-10 20:21:47,206] {processor.py:651} INFO - DAG(s) dict_keys(['example_branch_dop_operator_v3']) retrieved from /home/airflow/.local/lib/python3.7/site-packages/airflow/example_dags/example_branch_python_dop_operator_3.py
[2022-09-10 20:21:47,500] {logging_mixin.py:115} INFO - [2022-09-10 20:21:47,500] {dag.py:2371} INFO - Sync 1 DAGs
[2022-09-10 20:21:47,801] {logging_mixin.py:115} INFO - [2022-09-10 20:21:47,801] {dag.py:2919} INFO - Setting next_dagrun for example_branch_dop_operator_v3 to 2022-09-10T20:20:00+00:00, run_after=2022-09-10T20:21:00+00:00
[2022-09-10 20:21:47,856] {processor.py:161} INFO - Processing /home/airflow/.local/lib/python3.7/site-packages/airflow/example_dags/example_branch_python_dop_operator_3.py took 0.879 seconds
[2022-09-10 20:31:26,347] {processor.py:153} INFO - Started process (PID=9058) to work on /home/airflow/.local/lib/python3.7/site-packages/airflow/example_dags/example_branch_python_dop_operator_3.py
[2022-09-10 20:31:26,351] {processor.py:641} INFO - Processing file /home/airflow/.local/lib/python3.7/site-packages/airflow/example_dags/example_branch_python_dop_operator_3.py for tasks to queue
[2022-09-10 20:31:26,356] {logging_mixin.py:115} INFO - [2022-09-10 20:31:26,355] {dagbag.py:507} INFO - Filling up the DagBag from /home/airflow/.local/lib/python3.7/site-packages/airflow/example_dags/example_branch_python_dop_operator_3.py
[2022-09-10 20:31:26,407] {processor.py:651} INFO - DAG(s) dict_keys(['example_branch_dop_operator_v3']) retrieved from /home/airflow/.local/lib/python3.7/site-packages/airflow/example_dags/example_branch_python_dop_operator_3.py
[2022-09-10 20:31:26,614] {logging_mixin.py:115} INFO - [2022-09-10 20:31:26,614] {dag.py:2371} INFO - Sync 1 DAGs
[2022-09-10 20:31:26,747] {logging_mixin.py:115} INFO - [2022-09-10 20:31:26,747] {dag.py:2919} INFO - Setting next_dagrun for example_branch_dop_operator_v3 to 2022-09-10T20:30:00+00:00, run_after=2022-09-10T20:31:00+00:00
[2022-09-10 20:31:26,800] {processor.py:161} INFO - Processing /home/airflow/.local/lib/python3.7/site-packages/airflow/example_dags/example_branch_python_dop_operator_3.py took 0.471 seconds
[2022-09-10 20:49:07,775] {processor.py:153} INFO - Started process (PID=9112) to work on /home/airflow/.local/lib/python3.7/site-packages/airflow/example_dags/example_branch_python_dop_operator_3.py
[2022-09-10 20:49:07,783] {processor.py:641} INFO - Processing file /home/airflow/.local/lib/python3.7/site-packages/airflow/example_dags/example_branch_python_dop_operator_3.py for tasks to queue
[2022-09-10 20:49:07,790] {logging_mixin.py:115} INFO - [2022-09-10 20:49:07,789] {dagbag.py:507} INFO - Filling up the DagBag from /home/airflow/.local/lib/python3.7/site-packages/airflow/example_dags/example_branch_python_dop_operator_3.py
[2022-09-10 20:49:08,258] {processor.py:651} INFO - DAG(s) dict_keys(['example_branch_dop_operator_v3']) retrieved from /home/airflow/.local/lib/python3.7/site-packages/airflow/example_dags/example_branch_python_dop_operator_3.py
[2022-09-10 20:49:09,541] {logging_mixin.py:115} INFO - [2022-09-10 20:49:09,540] {dag.py:2371} INFO - Sync 1 DAGs
[2022-09-10 20:49:10,673] {logging_mixin.py:115} INFO - [2022-09-10 20:49:10,672] {dag.py:2919} INFO - Setting next_dagrun for example_branch_dop_operator_v3 to 2022-09-10T20:48:00+00:00, run_after=2022-09-10T20:49:00+00:00
[2022-09-10 20:49:11,095] {processor.py:161} INFO - Processing /home/airflow/.local/lib/python3.7/site-packages/airflow/example_dags/example_branch_python_dop_operator_3.py took 3.348 seconds
[2022-09-10 20:49:42,314] {processor.py:153} INFO - Started process (PID=9172) to work on /home/airflow/.local/lib/python3.7/site-packages/airflow/example_dags/example_branch_python_dop_operator_3.py
[2022-09-10 20:49:42,320] {processor.py:641} INFO - Processing file /home/airflow/.local/lib/python3.7/site-packages/airflow/example_dags/example_branch_python_dop_operator_3.py for tasks to queue
[2022-09-10 20:49:42,325] {logging_mixin.py:115} INFO - [2022-09-10 20:49:42,325] {dagbag.py:507} INFO - Filling up the DagBag from /home/airflow/.local/lib/python3.7/site-packages/airflow/example_dags/example_branch_python_dop_operator_3.py
[2022-09-10 20:49:42,417] {processor.py:651} INFO - DAG(s) dict_keys(['example_branch_dop_operator_v3']) retrieved from /home/airflow/.local/lib/python3.7/site-packages/airflow/example_dags/example_branch_python_dop_operator_3.py
[2022-09-10 20:49:42,579] {logging_mixin.py:115} INFO - [2022-09-10 20:49:42,579] {dag.py:2371} INFO - Sync 1 DAGs
[2022-09-10 20:49:42,886] {logging_mixin.py:115} INFO - [2022-09-10 20:49:42,886] {dag.py:2919} INFO - Setting next_dagrun for example_branch_dop_operator_v3 to 2022-09-10T20:48:00+00:00, run_after=2022-09-10T20:49:00+00:00
[2022-09-10 20:49:42,987] {processor.py:161} INFO - Processing /home/airflow/.local/lib/python3.7/site-packages/airflow/example_dags/example_branch_python_dop_operator_3.py took 0.697 seconds
[2022-09-10 21:23:10,038] {processor.py:153} INFO - Started process (PID=9239) to work on /home/airflow/.local/lib/python3.7/site-packages/airflow/example_dags/example_branch_python_dop_operator_3.py
[2022-09-10 21:23:10,044] {processor.py:641} INFO - Processing file /home/airflow/.local/lib/python3.7/site-packages/airflow/example_dags/example_branch_python_dop_operator_3.py for tasks to queue
[2022-09-10 21:23:10,046] {logging_mixin.py:115} INFO - [2022-09-10 21:23:10,046] {dagbag.py:507} INFO - Filling up the DagBag from /home/airflow/.local/lib/python3.7/site-packages/airflow/example_dags/example_branch_python_dop_operator_3.py
[2022-09-10 21:23:10,120] {processor.py:651} INFO - DAG(s) dict_keys(['example_branch_dop_operator_v3']) retrieved from /home/airflow/.local/lib/python3.7/site-packages/airflow/example_dags/example_branch_python_dop_operator_3.py
[2022-09-10 21:23:10,309] {logging_mixin.py:115} INFO - [2022-09-10 21:23:10,309] {dag.py:2371} INFO - Sync 1 DAGs
[2022-09-10 21:23:10,578] {logging_mixin.py:115} INFO - [2022-09-10 21:23:10,578] {dag.py:2919} INFO - Setting next_dagrun for example_branch_dop_operator_v3 to 2022-09-10T21:22:00+00:00, run_after=2022-09-10T21:23:00+00:00
[2022-09-10 21:23:10,690] {processor.py:161} INFO - Processing /home/airflow/.local/lib/python3.7/site-packages/airflow/example_dags/example_branch_python_dop_operator_3.py took 0.657 seconds
[2022-09-10 21:24:02,662] {processor.py:153} INFO - Started process (PID=9309) to work on /home/airflow/.local/lib/python3.7/site-packages/airflow/example_dags/example_branch_python_dop_operator_3.py
[2022-09-10 21:24:02,671] {processor.py:641} INFO - Processing file /home/airflow/.local/lib/python3.7/site-packages/airflow/example_dags/example_branch_python_dop_operator_3.py for tasks to queue
[2022-09-10 21:24:02,673] {logging_mixin.py:115} INFO - [2022-09-10 21:24:02,672] {dagbag.py:507} INFO - Filling up the DagBag from /home/airflow/.local/lib/python3.7/site-packages/airflow/example_dags/example_branch_python_dop_operator_3.py
[2022-09-10 21:24:02,736] {processor.py:651} INFO - DAG(s) dict_keys(['example_branch_dop_operator_v3']) retrieved from /home/airflow/.local/lib/python3.7/site-packages/airflow/example_dags/example_branch_python_dop_operator_3.py
[2022-09-10 21:24:02,881] {logging_mixin.py:115} INFO - [2022-09-10 21:24:02,881] {dag.py:2371} INFO - Sync 1 DAGs
[2022-09-10 21:24:03,073] {logging_mixin.py:115} INFO - [2022-09-10 21:24:03,073] {dag.py:2919} INFO - Setting next_dagrun for example_branch_dop_operator_v3 to 2022-09-10T21:23:00+00:00, run_after=2022-09-10T21:24:00+00:00
[2022-09-10 21:24:03,159] {processor.py:161} INFO - Processing /home/airflow/.local/lib/python3.7/site-packages/airflow/example_dags/example_branch_python_dop_operator_3.py took 0.519 seconds
[2022-09-10 21:40:15,089] {processor.py:153} INFO - Started process (PID=9340) to work on /home/airflow/.local/lib/python3.7/site-packages/airflow/example_dags/example_branch_python_dop_operator_3.py
[2022-09-10 21:40:15,094] {processor.py:641} INFO - Processing file /home/airflow/.local/lib/python3.7/site-packages/airflow/example_dags/example_branch_python_dop_operator_3.py for tasks to queue
[2022-09-10 21:40:15,096] {logging_mixin.py:115} INFO - [2022-09-10 21:40:15,096] {dagbag.py:507} INFO - Filling up the DagBag from /home/airflow/.local/lib/python3.7/site-packages/airflow/example_dags/example_branch_python_dop_operator_3.py
[2022-09-10 21:40:15,124] {processor.py:651} INFO - DAG(s) dict_keys(['example_branch_dop_operator_v3']) retrieved from /home/airflow/.local/lib/python3.7/site-packages/airflow/example_dags/example_branch_python_dop_operator_3.py
[2022-09-10 21:40:15,189] {logging_mixin.py:115} INFO - [2022-09-10 21:40:15,189] {dag.py:2371} INFO - Sync 1 DAGs
[2022-09-10 21:40:15,263] {logging_mixin.py:115} INFO - [2022-09-10 21:40:15,263] {dag.py:2919} INFO - Setting next_dagrun for example_branch_dop_operator_v3 to 2022-09-10T21:39:00+00:00, run_after=2022-09-10T21:40:00+00:00
[2022-09-10 21:40:15,321] {processor.py:161} INFO - Processing /home/airflow/.local/lib/python3.7/site-packages/airflow/example_dags/example_branch_python_dop_operator_3.py took 0.237 seconds
[2022-09-10 21:41:24,562] {processor.py:153} INFO - Started process (PID=9412) to work on /home/airflow/.local/lib/python3.7/site-packages/airflow/example_dags/example_branch_python_dop_operator_3.py
[2022-09-10 21:41:24,571] {processor.py:641} INFO - Processing file /home/airflow/.local/lib/python3.7/site-packages/airflow/example_dags/example_branch_python_dop_operator_3.py for tasks to queue
[2022-09-10 21:41:24,574] {logging_mixin.py:115} INFO - [2022-09-10 21:41:24,573] {dagbag.py:507} INFO - Filling up the DagBag from /home/airflow/.local/lib/python3.7/site-packages/airflow/example_dags/example_branch_python_dop_operator_3.py
[2022-09-10 21:41:24,610] {processor.py:651} INFO - DAG(s) dict_keys(['example_branch_dop_operator_v3']) retrieved from /home/airflow/.local/lib/python3.7/site-packages/airflow/example_dags/example_branch_python_dop_operator_3.py
[2022-09-10 21:41:24,696] {logging_mixin.py:115} INFO - [2022-09-10 21:41:24,696] {dag.py:2371} INFO - Sync 1 DAGs
[2022-09-10 21:41:24,779] {logging_mixin.py:115} INFO - [2022-09-10 21:41:24,778] {dag.py:2919} INFO - Setting next_dagrun for example_branch_dop_operator_v3 to 2022-09-10T21:40:00+00:00, run_after=2022-09-10T21:41:00+00:00
[2022-09-10 21:41:24,825] {processor.py:161} INFO - Processing /home/airflow/.local/lib/python3.7/site-packages/airflow/example_dags/example_branch_python_dop_operator_3.py took 0.282 seconds
[2022-09-10 21:59:23,910] {processor.py:153} INFO - Started process (PID=9455) to work on /home/airflow/.local/lib/python3.7/site-packages/airflow/example_dags/example_branch_python_dop_operator_3.py
[2022-09-10 21:59:23,912] {processor.py:641} INFO - Processing file /home/airflow/.local/lib/python3.7/site-packages/airflow/example_dags/example_branch_python_dop_operator_3.py for tasks to queue
[2022-09-10 21:59:23,914] {logging_mixin.py:115} INFO - [2022-09-10 21:59:23,914] {dagbag.py:507} INFO - Filling up the DagBag from /home/airflow/.local/lib/python3.7/site-packages/airflow/example_dags/example_branch_python_dop_operator_3.py
[2022-09-10 21:59:23,978] {processor.py:651} INFO - DAG(s) dict_keys(['example_branch_dop_operator_v3']) retrieved from /home/airflow/.local/lib/python3.7/site-packages/airflow/example_dags/example_branch_python_dop_operator_3.py
[2022-09-10 21:59:24,138] {logging_mixin.py:115} INFO - [2022-09-10 21:59:24,138] {dag.py:2371} INFO - Sync 1 DAGs
[2022-09-10 21:59:24,350] {logging_mixin.py:115} INFO - [2022-09-10 21:59:24,349] {dag.py:2919} INFO - Setting next_dagrun for example_branch_dop_operator_v3 to 2022-09-10T21:58:00+00:00, run_after=2022-09-10T21:59:00+00:00
[2022-09-10 21:59:24,434] {processor.py:161} INFO - Processing /home/airflow/.local/lib/python3.7/site-packages/airflow/example_dags/example_branch_python_dop_operator_3.py took 0.547 seconds
[2022-09-10 22:16:04,530] {processor.py:153} INFO - Started process (PID=9490) to work on /home/airflow/.local/lib/python3.7/site-packages/airflow/example_dags/example_branch_python_dop_operator_3.py
[2022-09-10 22:16:04,532] {processor.py:641} INFO - Processing file /home/airflow/.local/lib/python3.7/site-packages/airflow/example_dags/example_branch_python_dop_operator_3.py for tasks to queue
[2022-09-10 22:16:04,537] {logging_mixin.py:115} INFO - [2022-09-10 22:16:04,537] {dagbag.py:507} INFO - Filling up the DagBag from /home/airflow/.local/lib/python3.7/site-packages/airflow/example_dags/example_branch_python_dop_operator_3.py
[2022-09-10 22:16:04,563] {processor.py:651} INFO - DAG(s) dict_keys(['example_branch_dop_operator_v3']) retrieved from /home/airflow/.local/lib/python3.7/site-packages/airflow/example_dags/example_branch_python_dop_operator_3.py
[2022-09-10 22:16:04,615] {logging_mixin.py:115} INFO - [2022-09-10 22:16:04,615] {dag.py:2371} INFO - Sync 1 DAGs
[2022-09-10 22:16:04,678] {logging_mixin.py:115} INFO - [2022-09-10 22:16:04,677] {dag.py:2919} INFO - Setting next_dagrun for example_branch_dop_operator_v3 to 2022-09-10T22:15:00+00:00, run_after=2022-09-10T22:16:00+00:00
[2022-09-10 22:16:04,700] {processor.py:161} INFO - Processing /home/airflow/.local/lib/python3.7/site-packages/airflow/example_dags/example_branch_python_dop_operator_3.py took 0.174 seconds
[2022-09-10 22:16:55,733] {processor.py:153} INFO - Started process (PID=9538) to work on /home/airflow/.local/lib/python3.7/site-packages/airflow/example_dags/example_branch_python_dop_operator_3.py
[2022-09-10 22:16:55,734] {processor.py:641} INFO - Processing file /home/airflow/.local/lib/python3.7/site-packages/airflow/example_dags/example_branch_python_dop_operator_3.py for tasks to queue
[2022-09-10 22:16:55,744] {logging_mixin.py:115} INFO - [2022-09-10 22:16:55,744] {dagbag.py:507} INFO - Filling up the DagBag from /home/airflow/.local/lib/python3.7/site-packages/airflow/example_dags/example_branch_python_dop_operator_3.py
[2022-09-10 22:16:55,840] {processor.py:651} INFO - DAG(s) dict_keys(['example_branch_dop_operator_v3']) retrieved from /home/airflow/.local/lib/python3.7/site-packages/airflow/example_dags/example_branch_python_dop_operator_3.py
[2022-09-10 22:16:56,031] {logging_mixin.py:115} INFO - [2022-09-10 22:16:56,031] {dag.py:2371} INFO - Sync 1 DAGs
[2022-09-10 22:16:56,289] {logging_mixin.py:115} INFO - [2022-09-10 22:16:56,289] {dag.py:2919} INFO - Setting next_dagrun for example_branch_dop_operator_v3 to 2022-09-10T22:15:00+00:00, run_after=2022-09-10T22:16:00+00:00
[2022-09-10 22:16:56,405] {processor.py:161} INFO - Processing /home/airflow/.local/lib/python3.7/site-packages/airflow/example_dags/example_branch_python_dop_operator_3.py took 0.699 seconds
[2022-09-10 22:34:56,345] {processor.py:153} INFO - Started process (PID=9586) to work on /home/airflow/.local/lib/python3.7/site-packages/airflow/example_dags/example_branch_python_dop_operator_3.py
[2022-09-10 22:34:56,484] {processor.py:641} INFO - Processing file /home/airflow/.local/lib/python3.7/site-packages/airflow/example_dags/example_branch_python_dop_operator_3.py for tasks to queue
[2022-09-10 22:34:58,252] {logging_mixin.py:115} INFO - [2022-09-10 22:34:58,251] {dagbag.py:507} INFO - Filling up the DagBag from /home/airflow/.local/lib/python3.7/site-packages/airflow/example_dags/example_branch_python_dop_operator_3.py
[2022-09-10 22:34:58,393] {processor.py:651} INFO - DAG(s) dict_keys(['example_branch_dop_operator_v3']) retrieved from /home/airflow/.local/lib/python3.7/site-packages/airflow/example_dags/example_branch_python_dop_operator_3.py
[2022-09-10 22:34:58,553] {logging_mixin.py:115} INFO - [2022-09-10 22:34:58,552] {dag.py:2371} INFO - Sync 1 DAGs
[2022-09-10 22:34:58,665] {logging_mixin.py:115} INFO - [2022-09-10 22:34:58,665] {dag.py:2919} INFO - Setting next_dagrun for example_branch_dop_operator_v3 to 2022-09-10T22:33:00+00:00, run_after=2022-09-10T22:34:00+00:00
[2022-09-10 22:34:59,033] {processor.py:161} INFO - Processing /home/airflow/.local/lib/python3.7/site-packages/airflow/example_dags/example_branch_python_dop_operator_3.py took 3.805 seconds
[2022-09-10 23:12:57,914] {processor.py:153} INFO - Started process (PID=9665) to work on /home/airflow/.local/lib/python3.7/site-packages/airflow/example_dags/example_branch_python_dop_operator_3.py
[2022-09-10 23:12:57,941] {processor.py:641} INFO - Processing file /home/airflow/.local/lib/python3.7/site-packages/airflow/example_dags/example_branch_python_dop_operator_3.py for tasks to queue
[2022-09-10 23:12:57,978] {logging_mixin.py:115} INFO - [2022-09-10 23:12:57,969] {dagbag.py:507} INFO - Filling up the DagBag from /home/airflow/.local/lib/python3.7/site-packages/airflow/example_dags/example_branch_python_dop_operator_3.py
[2022-09-10 23:12:58,464] {processor.py:651} INFO - DAG(s) dict_keys(['example_branch_dop_operator_v3']) retrieved from /home/airflow/.local/lib/python3.7/site-packages/airflow/example_dags/example_branch_python_dop_operator_3.py
[2022-09-10 23:12:59,311] {logging_mixin.py:115} INFO - [2022-09-10 23:12:59,311] {dag.py:2371} INFO - Sync 1 DAGs
[2022-09-10 23:13:00,324] {logging_mixin.py:115} INFO - [2022-09-10 23:13:00,318] {dag.py:2919} INFO - Setting next_dagrun for example_branch_dop_operator_v3 to 2022-09-10T23:12:00+00:00, run_after=2022-09-10T23:13:00+00:00
[2022-09-10 23:13:00,795] {processor.py:161} INFO - Processing /home/airflow/.local/lib/python3.7/site-packages/airflow/example_dags/example_branch_python_dop_operator_3.py took 3.033 seconds
[2022-09-10 23:13:31,128] {processor.py:153} INFO - Started process (PID=9724) to work on /home/airflow/.local/lib/python3.7/site-packages/airflow/example_dags/example_branch_python_dop_operator_3.py
[2022-09-10 23:13:31,134] {processor.py:641} INFO - Processing file /home/airflow/.local/lib/python3.7/site-packages/airflow/example_dags/example_branch_python_dop_operator_3.py for tasks to queue
[2022-09-10 23:13:31,138] {logging_mixin.py:115} INFO - [2022-09-10 23:13:31,138] {dagbag.py:507} INFO - Filling up the DagBag from /home/airflow/.local/lib/python3.7/site-packages/airflow/example_dags/example_branch_python_dop_operator_3.py
[2022-09-10 23:13:31,194] {processor.py:651} INFO - DAG(s) dict_keys(['example_branch_dop_operator_v3']) retrieved from /home/airflow/.local/lib/python3.7/site-packages/airflow/example_dags/example_branch_python_dop_operator_3.py
[2022-09-10 23:13:31,308] {logging_mixin.py:115} INFO - [2022-09-10 23:13:31,307] {dag.py:2371} INFO - Sync 1 DAGs
[2022-09-10 23:13:31,397] {logging_mixin.py:115} INFO - [2022-09-10 23:13:31,397] {dag.py:2919} INFO - Setting next_dagrun for example_branch_dop_operator_v3 to 2022-09-10T23:12:00+00:00, run_after=2022-09-10T23:13:00+00:00
[2022-09-10 23:13:31,434] {processor.py:161} INFO - Processing /home/airflow/.local/lib/python3.7/site-packages/airflow/example_dags/example_branch_python_dop_operator_3.py took 0.323 seconds
[2022-09-10 23:14:01,742] {processor.py:153} INFO - Started process (PID=9783) to work on /home/airflow/.local/lib/python3.7/site-packages/airflow/example_dags/example_branch_python_dop_operator_3.py
[2022-09-10 23:14:01,745] {processor.py:641} INFO - Processing file /home/airflow/.local/lib/python3.7/site-packages/airflow/example_dags/example_branch_python_dop_operator_3.py for tasks to queue
[2022-09-10 23:14:01,748] {logging_mixin.py:115} INFO - [2022-09-10 23:14:01,748] {dagbag.py:507} INFO - Filling up the DagBag from /home/airflow/.local/lib/python3.7/site-packages/airflow/example_dags/example_branch_python_dop_operator_3.py
[2022-09-10 23:14:01,790] {processor.py:651} INFO - DAG(s) dict_keys(['example_branch_dop_operator_v3']) retrieved from /home/airflow/.local/lib/python3.7/site-packages/airflow/example_dags/example_branch_python_dop_operator_3.py
[2022-09-10 23:14:01,840] {logging_mixin.py:115} INFO - [2022-09-10 23:14:01,840] {dag.py:2371} INFO - Sync 1 DAGs
[2022-09-10 23:14:01,903] {logging_mixin.py:115} INFO - [2022-09-10 23:14:01,903] {dag.py:2919} INFO - Setting next_dagrun for example_branch_dop_operator_v3 to 2022-09-10T23:13:00+00:00, run_after=2022-09-10T23:14:00+00:00
[2022-09-10 23:14:01,932] {processor.py:161} INFO - Processing /home/airflow/.local/lib/python3.7/site-packages/airflow/example_dags/example_branch_python_dop_operator_3.py took 0.197 seconds
[2022-09-10 23:14:32,490] {processor.py:153} INFO - Started process (PID=9839) to work on /home/airflow/.local/lib/python3.7/site-packages/airflow/example_dags/example_branch_python_dop_operator_3.py
[2022-09-10 23:14:32,494] {processor.py:641} INFO - Processing file /home/airflow/.local/lib/python3.7/site-packages/airflow/example_dags/example_branch_python_dop_operator_3.py for tasks to queue
[2022-09-10 23:14:32,498] {logging_mixin.py:115} INFO - [2022-09-10 23:14:32,498] {dagbag.py:507} INFO - Filling up the DagBag from /home/airflow/.local/lib/python3.7/site-packages/airflow/example_dags/example_branch_python_dop_operator_3.py
[2022-09-10 23:14:32,533] {processor.py:651} INFO - DAG(s) dict_keys(['example_branch_dop_operator_v3']) retrieved from /home/airflow/.local/lib/python3.7/site-packages/airflow/example_dags/example_branch_python_dop_operator_3.py
[2022-09-10 23:14:32,608] {logging_mixin.py:115} INFO - [2022-09-10 23:14:32,608] {dag.py:2371} INFO - Sync 1 DAGs
[2022-09-10 23:14:32,668] {logging_mixin.py:115} INFO - [2022-09-10 23:14:32,667] {dag.py:2919} INFO - Setting next_dagrun for example_branch_dop_operator_v3 to 2022-09-10T23:13:00+00:00, run_after=2022-09-10T23:14:00+00:00
[2022-09-10 23:14:32,702] {processor.py:161} INFO - Processing /home/airflow/.local/lib/python3.7/site-packages/airflow/example_dags/example_branch_python_dop_operator_3.py took 0.222 seconds
[2022-09-10 23:15:03,216] {processor.py:153} INFO - Started process (PID=9904) to work on /home/airflow/.local/lib/python3.7/site-packages/airflow/example_dags/example_branch_python_dop_operator_3.py
[2022-09-10 23:15:03,218] {processor.py:641} INFO - Processing file /home/airflow/.local/lib/python3.7/site-packages/airflow/example_dags/example_branch_python_dop_operator_3.py for tasks to queue
[2022-09-10 23:15:03,220] {logging_mixin.py:115} INFO - [2022-09-10 23:15:03,220] {dagbag.py:507} INFO - Filling up the DagBag from /home/airflow/.local/lib/python3.7/site-packages/airflow/example_dags/example_branch_python_dop_operator_3.py
[2022-09-10 23:15:03,238] {processor.py:651} INFO - DAG(s) dict_keys(['example_branch_dop_operator_v3']) retrieved from /home/airflow/.local/lib/python3.7/site-packages/airflow/example_dags/example_branch_python_dop_operator_3.py
[2022-09-10 23:15:03,286] {logging_mixin.py:115} INFO - [2022-09-10 23:15:03,285] {dag.py:2371} INFO - Sync 1 DAGs
[2022-09-10 23:15:03,338] {logging_mixin.py:115} INFO - [2022-09-10 23:15:03,338] {dag.py:2919} INFO - Setting next_dagrun for example_branch_dop_operator_v3 to 2022-09-10T23:14:00+00:00, run_after=2022-09-10T23:15:00+00:00
[2022-09-10 23:15:03,360] {processor.py:161} INFO - Processing /home/airflow/.local/lib/python3.7/site-packages/airflow/example_dags/example_branch_python_dop_operator_3.py took 0.149 seconds
