[2022-09-10 00:12:39,359] {processor.py:153} INFO - Started process (PID=7168) to work on /home/airflow/.local/lib/python3.7/site-packages/airflow/example_dags/example_skip_dag.py
[2022-09-10 00:12:39,364] {processor.py:641} INFO - Processing file /home/airflow/.local/lib/python3.7/site-packages/airflow/example_dags/example_skip_dag.py for tasks to queue
[2022-09-10 00:12:39,379] {logging_mixin.py:115} INFO - [2022-09-10 00:12:39,379] {dagbag.py:507} INFO - Filling up the DagBag from /home/airflow/.local/lib/python3.7/site-packages/airflow/example_dags/example_skip_dag.py
[2022-09-10 00:12:39,405] {processor.py:651} INFO - DAG(s) dict_keys(['example_skip_dag']) retrieved from /home/airflow/.local/lib/python3.7/site-packages/airflow/example_dags/example_skip_dag.py
[2022-09-10 00:12:39,614] {logging_mixin.py:115} INFO - [2022-09-10 00:12:39,614] {dag.py:2371} INFO - Sync 1 DAGs
[2022-09-10 00:12:39,739] {logging_mixin.py:115} INFO - [2022-09-10 00:12:39,739] {dag.py:2919} INFO - Setting next_dagrun for example_skip_dag to 2022-09-09T00:12:39.738902+00:00, run_after=2022-09-10T00:12:39.738902+00:00
[2022-09-10 00:12:39,805] {processor.py:161} INFO - Processing /home/airflow/.local/lib/python3.7/site-packages/airflow/example_dags/example_skip_dag.py took 0.467 seconds
[2022-09-10 00:29:14,312] {processor.py:153} INFO - Started process (PID=7237) to work on /home/airflow/.local/lib/python3.7/site-packages/airflow/example_dags/example_skip_dag.py
[2022-09-10 00:29:14,330] {processor.py:641} INFO - Processing file /home/airflow/.local/lib/python3.7/site-packages/airflow/example_dags/example_skip_dag.py for tasks to queue
[2022-09-10 00:29:14,332] {logging_mixin.py:115} INFO - [2022-09-10 00:29:14,332] {dagbag.py:507} INFO - Filling up the DagBag from /home/airflow/.local/lib/python3.7/site-packages/airflow/example_dags/example_skip_dag.py
[2022-09-10 00:29:14,379] {processor.py:651} INFO - DAG(s) dict_keys(['example_skip_dag']) retrieved from /home/airflow/.local/lib/python3.7/site-packages/airflow/example_dags/example_skip_dag.py
[2022-09-10 00:29:14,599] {logging_mixin.py:115} INFO - [2022-09-10 00:29:14,599] {dag.py:2371} INFO - Sync 1 DAGs
[2022-09-10 00:29:14,789] {logging_mixin.py:115} INFO - [2022-09-10 00:29:14,789] {dag.py:2919} INFO - Setting next_dagrun for example_skip_dag to 2022-09-09T00:29:14.774969+00:00, run_after=2022-09-10T00:29:14.774969+00:00
[2022-09-10 00:29:14,861] {processor.py:161} INFO - Processing /home/airflow/.local/lib/python3.7/site-packages/airflow/example_dags/example_skip_dag.py took 0.570 seconds
[2022-09-10 02:01:40,782] {processor.py:153} INFO - Started process (PID=7293) to work on /home/airflow/.local/lib/python3.7/site-packages/airflow/example_dags/example_skip_dag.py
[2022-09-10 02:01:40,787] {processor.py:641} INFO - Processing file /home/airflow/.local/lib/python3.7/site-packages/airflow/example_dags/example_skip_dag.py for tasks to queue
[2022-09-10 02:01:40,794] {logging_mixin.py:115} INFO - [2022-09-10 02:01:40,793] {dagbag.py:507} INFO - Filling up the DagBag from /home/airflow/.local/lib/python3.7/site-packages/airflow/example_dags/example_skip_dag.py
[2022-09-10 02:01:40,844] {processor.py:651} INFO - DAG(s) dict_keys(['example_skip_dag']) retrieved from /home/airflow/.local/lib/python3.7/site-packages/airflow/example_dags/example_skip_dag.py
[2022-09-10 02:01:40,989] {logging_mixin.py:115} INFO - [2022-09-10 02:01:40,989] {dag.py:2371} INFO - Sync 1 DAGs
[2022-09-10 02:01:41,094] {logging_mixin.py:115} INFO - [2022-09-10 02:01:41,093] {dag.py:2919} INFO - Setting next_dagrun for example_skip_dag to 2022-09-09T02:01:41.093363+00:00, run_after=2022-09-10T02:01:41.093363+00:00
[2022-09-10 02:01:41,124] {processor.py:161} INFO - Processing /home/airflow/.local/lib/python3.7/site-packages/airflow/example_dags/example_skip_dag.py took 0.358 seconds
[2022-09-10 02:02:35,427] {processor.py:153} INFO - Started process (PID=7362) to work on /home/airflow/.local/lib/python3.7/site-packages/airflow/example_dags/example_skip_dag.py
[2022-09-10 02:02:35,431] {processor.py:641} INFO - Processing file /home/airflow/.local/lib/python3.7/site-packages/airflow/example_dags/example_skip_dag.py for tasks to queue
[2022-09-10 02:02:35,434] {logging_mixin.py:115} INFO - [2022-09-10 02:02:35,434] {dagbag.py:507} INFO - Filling up the DagBag from /home/airflow/.local/lib/python3.7/site-packages/airflow/example_dags/example_skip_dag.py
[2022-09-10 02:02:35,449] {processor.py:651} INFO - DAG(s) dict_keys(['example_skip_dag']) retrieved from /home/airflow/.local/lib/python3.7/site-packages/airflow/example_dags/example_skip_dag.py
[2022-09-10 02:02:35,577] {logging_mixin.py:115} INFO - [2022-09-10 02:02:35,577] {dag.py:2371} INFO - Sync 1 DAGs
[2022-09-10 02:02:35,714] {logging_mixin.py:115} INFO - [2022-09-10 02:02:35,714] {dag.py:2919} INFO - Setting next_dagrun for example_skip_dag to 2022-09-09T02:02:35.713716+00:00, run_after=2022-09-10T02:02:35.713716+00:00
[2022-09-10 02:02:35,742] {processor.py:161} INFO - Processing /home/airflow/.local/lib/python3.7/site-packages/airflow/example_dags/example_skip_dag.py took 0.324 seconds
[2022-09-10 02:56:35,213] {processor.py:153} INFO - Started process (PID=7412) to work on /home/airflow/.local/lib/python3.7/site-packages/airflow/example_dags/example_skip_dag.py
[2022-09-10 02:56:35,221] {processor.py:641} INFO - Processing file /home/airflow/.local/lib/python3.7/site-packages/airflow/example_dags/example_skip_dag.py for tasks to queue
[2022-09-10 02:56:35,224] {logging_mixin.py:115} INFO - [2022-09-10 02:56:35,224] {dagbag.py:507} INFO - Filling up the DagBag from /home/airflow/.local/lib/python3.7/site-packages/airflow/example_dags/example_skip_dag.py
[2022-09-10 02:56:35,246] {processor.py:651} INFO - DAG(s) dict_keys(['example_skip_dag']) retrieved from /home/airflow/.local/lib/python3.7/site-packages/airflow/example_dags/example_skip_dag.py
[2022-09-10 02:56:35,418] {logging_mixin.py:115} INFO - [2022-09-10 02:56:35,418] {dag.py:2371} INFO - Sync 1 DAGs
[2022-09-10 02:56:35,707] {logging_mixin.py:115} INFO - [2022-09-10 02:56:35,707] {dag.py:2919} INFO - Setting next_dagrun for example_skip_dag to 2022-09-09T02:56:35.706776+00:00, run_after=2022-09-10T02:56:35.706776+00:00
[2022-09-10 02:56:35,845] {processor.py:161} INFO - Processing /home/airflow/.local/lib/python3.7/site-packages/airflow/example_dags/example_skip_dag.py took 0.638 seconds
[2022-09-10 03:50:50,307] {processor.py:153} INFO - Started process (PID=7498) to work on /home/airflow/.local/lib/python3.7/site-packages/airflow/example_dags/example_skip_dag.py
[2022-09-10 03:50:50,327] {processor.py:641} INFO - Processing file /home/airflow/.local/lib/python3.7/site-packages/airflow/example_dags/example_skip_dag.py for tasks to queue
[2022-09-10 03:50:50,329] {logging_mixin.py:115} INFO - [2022-09-10 03:50:50,329] {dagbag.py:507} INFO - Filling up the DagBag from /home/airflow/.local/lib/python3.7/site-packages/airflow/example_dags/example_skip_dag.py
[2022-09-10 03:50:50,359] {processor.py:651} INFO - DAG(s) dict_keys(['example_skip_dag']) retrieved from /home/airflow/.local/lib/python3.7/site-packages/airflow/example_dags/example_skip_dag.py
[2022-09-10 03:50:50,526] {logging_mixin.py:115} INFO - [2022-09-10 03:50:50,526] {dag.py:2371} INFO - Sync 1 DAGs
[2022-09-10 03:50:50,702] {logging_mixin.py:115} INFO - [2022-09-10 03:50:50,702] {dag.py:2919} INFO - Setting next_dagrun for example_skip_dag to 2022-09-09T03:50:50.701633+00:00, run_after=2022-09-10T03:50:50.701633+00:00
[2022-09-10 03:50:50,806] {processor.py:161} INFO - Processing /home/airflow/.local/lib/python3.7/site-packages/airflow/example_dags/example_skip_dag.py took 0.504 seconds
[2022-09-10 04:44:59,774] {processor.py:153} INFO - Started process (PID=7567) to work on /home/airflow/.local/lib/python3.7/site-packages/airflow/example_dags/example_skip_dag.py
[2022-09-10 04:44:59,781] {processor.py:641} INFO - Processing file /home/airflow/.local/lib/python3.7/site-packages/airflow/example_dags/example_skip_dag.py for tasks to queue
[2022-09-10 04:44:59,789] {logging_mixin.py:115} INFO - [2022-09-10 04:44:59,789] {dagbag.py:507} INFO - Filling up the DagBag from /home/airflow/.local/lib/python3.7/site-packages/airflow/example_dags/example_skip_dag.py
[2022-09-10 04:44:59,837] {processor.py:651} INFO - DAG(s) dict_keys(['example_skip_dag']) retrieved from /home/airflow/.local/lib/python3.7/site-packages/airflow/example_dags/example_skip_dag.py
[2022-09-10 04:45:00,036] {logging_mixin.py:115} INFO - [2022-09-10 04:45:00,031] {dag.py:2371} INFO - Sync 1 DAGs
[2022-09-10 04:45:05,991] {logging_mixin.py:115} INFO - [2022-09-10 04:45:05,990] {dag.py:2919} INFO - Setting next_dagrun for example_skip_dag to 2022-09-09T04:45:05.982632+00:00, run_after=2022-09-10T04:45:05.982632+00:00
[2022-09-10 04:45:08,469] {processor.py:161} INFO - Processing /home/airflow/.local/lib/python3.7/site-packages/airflow/example_dags/example_skip_dag.py took 8.708 seconds
[2022-09-10 05:11:31,699] {processor.py:153} INFO - Started process (PID=7632) to work on /home/airflow/.local/lib/python3.7/site-packages/airflow/example_dags/example_skip_dag.py
[2022-09-10 05:11:31,701] {processor.py:641} INFO - Processing file /home/airflow/.local/lib/python3.7/site-packages/airflow/example_dags/example_skip_dag.py for tasks to queue
[2022-09-10 05:11:31,703] {logging_mixin.py:115} INFO - [2022-09-10 05:11:31,703] {dagbag.py:507} INFO - Filling up the DagBag from /home/airflow/.local/lib/python3.7/site-packages/airflow/example_dags/example_skip_dag.py
[2022-09-10 05:11:31,721] {processor.py:651} INFO - DAG(s) dict_keys(['example_skip_dag']) retrieved from /home/airflow/.local/lib/python3.7/site-packages/airflow/example_dags/example_skip_dag.py
[2022-09-10 05:11:31,786] {logging_mixin.py:115} INFO - [2022-09-10 05:11:31,785] {dag.py:2371} INFO - Sync 1 DAGs
[2022-09-10 05:11:31,836] {logging_mixin.py:115} INFO - [2022-09-10 05:11:31,836] {dag.py:2919} INFO - Setting next_dagrun for example_skip_dag to 2022-09-09T05:11:31.835921+00:00, run_after=2022-09-10T05:11:31.835921+00:00
[2022-09-10 05:11:31,864] {processor.py:161} INFO - Processing /home/airflow/.local/lib/python3.7/site-packages/airflow/example_dags/example_skip_dag.py took 0.180 seconds
[2022-09-10 05:12:24,532] {processor.py:153} INFO - Started process (PID=7698) to work on /home/airflow/.local/lib/python3.7/site-packages/airflow/example_dags/example_skip_dag.py
[2022-09-10 05:12:24,545] {processor.py:641} INFO - Processing file /home/airflow/.local/lib/python3.7/site-packages/airflow/example_dags/example_skip_dag.py for tasks to queue
[2022-09-10 05:12:24,551] {logging_mixin.py:115} INFO - [2022-09-10 05:12:24,550] {dagbag.py:507} INFO - Filling up the DagBag from /home/airflow/.local/lib/python3.7/site-packages/airflow/example_dags/example_skip_dag.py
[2022-09-10 05:12:24,584] {processor.py:651} INFO - DAG(s) dict_keys(['example_skip_dag']) retrieved from /home/airflow/.local/lib/python3.7/site-packages/airflow/example_dags/example_skip_dag.py
[2022-09-10 05:12:24,685] {logging_mixin.py:115} INFO - [2022-09-10 05:12:24,685] {dag.py:2371} INFO - Sync 1 DAGs
[2022-09-10 05:12:24,777] {logging_mixin.py:115} INFO - [2022-09-10 05:12:24,777] {dag.py:2919} INFO - Setting next_dagrun for example_skip_dag to 2022-09-09T05:12:24.774014+00:00, run_after=2022-09-10T05:12:24.774014+00:00
[2022-09-10 05:12:24,818] {processor.py:161} INFO - Processing /home/airflow/.local/lib/python3.7/site-packages/airflow/example_dags/example_skip_dag.py took 0.298 seconds
[2022-09-10 05:51:09,331] {processor.py:153} INFO - Started process (PID=7749) to work on /home/airflow/.local/lib/python3.7/site-packages/airflow/example_dags/example_skip_dag.py
[2022-09-10 05:51:09,339] {processor.py:641} INFO - Processing file /home/airflow/.local/lib/python3.7/site-packages/airflow/example_dags/example_skip_dag.py for tasks to queue
[2022-09-10 05:51:09,347] {logging_mixin.py:115} INFO - [2022-09-10 05:51:09,346] {dagbag.py:507} INFO - Filling up the DagBag from /home/airflow/.local/lib/python3.7/site-packages/airflow/example_dags/example_skip_dag.py
[2022-09-10 05:51:09,405] {processor.py:651} INFO - DAG(s) dict_keys(['example_skip_dag']) retrieved from /home/airflow/.local/lib/python3.7/site-packages/airflow/example_dags/example_skip_dag.py
[2022-09-10 05:51:09,552] {logging_mixin.py:115} INFO - [2022-09-10 05:51:09,551] {dag.py:2371} INFO - Sync 1 DAGs
[2022-09-10 05:51:09,696] {logging_mixin.py:115} INFO - [2022-09-10 05:51:09,696] {dag.py:2919} INFO - Setting next_dagrun for example_skip_dag to 2022-09-09T05:51:09.683119+00:00, run_after=2022-09-10T05:51:09.683119+00:00
[2022-09-10 05:51:09,770] {processor.py:161} INFO - Processing /home/airflow/.local/lib/python3.7/site-packages/airflow/example_dags/example_skip_dag.py took 0.477 seconds
[2022-09-10 06:45:20,783] {processor.py:153} INFO - Started process (PID=7817) to work on /home/airflow/.local/lib/python3.7/site-packages/airflow/example_dags/example_skip_dag.py
[2022-09-10 06:45:20,801] {processor.py:641} INFO - Processing file /home/airflow/.local/lib/python3.7/site-packages/airflow/example_dags/example_skip_dag.py for tasks to queue
[2022-09-10 06:45:20,803] {logging_mixin.py:115} INFO - [2022-09-10 06:45:20,803] {dagbag.py:507} INFO - Filling up the DagBag from /home/airflow/.local/lib/python3.7/site-packages/airflow/example_dags/example_skip_dag.py
[2022-09-10 06:45:20,843] {processor.py:651} INFO - DAG(s) dict_keys(['example_skip_dag']) retrieved from /home/airflow/.local/lib/python3.7/site-packages/airflow/example_dags/example_skip_dag.py
[2022-09-10 06:45:21,100] {logging_mixin.py:115} INFO - [2022-09-10 06:45:21,100] {dag.py:2371} INFO - Sync 1 DAGs
[2022-09-10 06:45:21,240] {logging_mixin.py:115} INFO - [2022-09-10 06:45:21,240] {dag.py:2919} INFO - Setting next_dagrun for example_skip_dag to 2022-09-09T06:45:21.239948+00:00, run_after=2022-09-10T06:45:21.239948+00:00
[2022-09-10 06:45:21,320] {processor.py:161} INFO - Processing /home/airflow/.local/lib/python3.7/site-packages/airflow/example_dags/example_skip_dag.py took 0.557 seconds
[2022-09-10 08:33:06,213] {processor.py:153} INFO - Started process (PID=7888) to work on /home/airflow/.local/lib/python3.7/site-packages/airflow/example_dags/example_skip_dag.py
[2022-09-10 08:33:06,433] {processor.py:641} INFO - Processing file /home/airflow/.local/lib/python3.7/site-packages/airflow/example_dags/example_skip_dag.py for tasks to queue
[2022-09-10 08:33:06,608] {logging_mixin.py:115} INFO - [2022-09-10 08:33:06,606] {dagbag.py:507} INFO - Filling up the DagBag from /home/airflow/.local/lib/python3.7/site-packages/airflow/example_dags/example_skip_dag.py
[2022-09-10 08:33:10,119] {processor.py:651} INFO - DAG(s) dict_keys(['example_skip_dag']) retrieved from /home/airflow/.local/lib/python3.7/site-packages/airflow/example_dags/example_skip_dag.py
[2022-09-10 08:33:19,008] {logging_mixin.py:115} INFO - [2022-09-10 08:33:19,004] {dag.py:2371} INFO - Sync 1 DAGs
[2022-09-10 08:33:28,187] {logging_mixin.py:115} INFO - [2022-09-10 08:33:28,187] {dag.py:2919} INFO - Setting next_dagrun for example_skip_dag to 2022-09-09T08:33:28.186743+00:00, run_after=2022-09-10T08:33:28.186743+00:00
[2022-09-10 08:33:28,981] {processor.py:161} INFO - Processing /home/airflow/.local/lib/python3.7/site-packages/airflow/example_dags/example_skip_dag.py took 24.872 seconds
[2022-09-10 09:23:03,748] {processor.py:153} INFO - Started process (PID=7965) to work on /home/airflow/.local/lib/python3.7/site-packages/airflow/example_dags/example_skip_dag.py
[2022-09-10 09:23:03,756] {processor.py:641} INFO - Processing file /home/airflow/.local/lib/python3.7/site-packages/airflow/example_dags/example_skip_dag.py for tasks to queue
[2022-09-10 09:23:03,761] {logging_mixin.py:115} INFO - [2022-09-10 09:23:03,761] {dagbag.py:507} INFO - Filling up the DagBag from /home/airflow/.local/lib/python3.7/site-packages/airflow/example_dags/example_skip_dag.py
[2022-09-10 09:23:03,824] {processor.py:651} INFO - DAG(s) dict_keys(['example_skip_dag']) retrieved from /home/airflow/.local/lib/python3.7/site-packages/airflow/example_dags/example_skip_dag.py
[2022-09-10 09:23:04,143] {logging_mixin.py:115} INFO - [2022-09-10 09:23:04,142] {dag.py:2371} INFO - Sync 1 DAGs
[2022-09-10 09:23:04,417] {logging_mixin.py:115} INFO - [2022-09-10 09:23:04,417] {dag.py:2919} INFO - Setting next_dagrun for example_skip_dag to 2022-09-09T09:23:04.409607+00:00, run_after=2022-09-10T09:23:04.409607+00:00
[2022-09-10 09:23:04,558] {processor.py:161} INFO - Processing /home/airflow/.local/lib/python3.7/site-packages/airflow/example_dags/example_skip_dag.py took 0.839 seconds
[2022-09-10 10:17:20,463] {processor.py:153} INFO - Started process (PID=8044) to work on /home/airflow/.local/lib/python3.7/site-packages/airflow/example_dags/example_skip_dag.py
[2022-09-10 10:17:20,475] {processor.py:641} INFO - Processing file /home/airflow/.local/lib/python3.7/site-packages/airflow/example_dags/example_skip_dag.py for tasks to queue
[2022-09-10 10:17:20,481] {logging_mixin.py:115} INFO - [2022-09-10 10:17:20,481] {dagbag.py:507} INFO - Filling up the DagBag from /home/airflow/.local/lib/python3.7/site-packages/airflow/example_dags/example_skip_dag.py
[2022-09-10 10:17:20,543] {processor.py:651} INFO - DAG(s) dict_keys(['example_skip_dag']) retrieved from /home/airflow/.local/lib/python3.7/site-packages/airflow/example_dags/example_skip_dag.py
[2022-09-10 10:17:20,733] {logging_mixin.py:115} INFO - [2022-09-10 10:17:20,733] {dag.py:2371} INFO - Sync 1 DAGs
[2022-09-10 10:17:20,905] {logging_mixin.py:115} INFO - [2022-09-10 10:17:20,905] {dag.py:2919} INFO - Setting next_dagrun for example_skip_dag to 2022-09-09T10:17:20.904511+00:00, run_after=2022-09-10T10:17:20.904511+00:00
[2022-09-10 10:17:20,958] {processor.py:161} INFO - Processing /home/airflow/.local/lib/python3.7/site-packages/airflow/example_dags/example_skip_dag.py took 0.517 seconds
[2022-09-10 11:16:17,389] {processor.py:153} INFO - Started process (PID=8098) to work on /home/airflow/.local/lib/python3.7/site-packages/airflow/example_dags/example_skip_dag.py
[2022-09-10 11:16:17,390] {processor.py:641} INFO - Processing file /home/airflow/.local/lib/python3.7/site-packages/airflow/example_dags/example_skip_dag.py for tasks to queue
[2022-09-10 11:16:17,391] {logging_mixin.py:115} INFO - [2022-09-10 11:16:17,391] {dagbag.py:507} INFO - Filling up the DagBag from /home/airflow/.local/lib/python3.7/site-packages/airflow/example_dags/example_skip_dag.py
[2022-09-10 11:16:17,399] {processor.py:651} INFO - DAG(s) dict_keys(['example_skip_dag']) retrieved from /home/airflow/.local/lib/python3.7/site-packages/airflow/example_dags/example_skip_dag.py
[2022-09-10 11:16:17,484] {logging_mixin.py:115} INFO - [2022-09-10 11:16:17,483] {dag.py:2371} INFO - Sync 1 DAGs
[2022-09-10 11:16:17,590] {logging_mixin.py:115} INFO - [2022-09-10 11:16:17,590] {dag.py:2919} INFO - Setting next_dagrun for example_skip_dag to 2022-09-09T11:16:17.590185+00:00, run_after=2022-09-10T11:16:17.590185+00:00
[2022-09-10 11:16:17,640] {processor.py:161} INFO - Processing /home/airflow/.local/lib/python3.7/site-packages/airflow/example_dags/example_skip_dag.py took 0.256 seconds
[2022-09-10 12:05:14,746] {processor.py:153} INFO - Started process (PID=8163) to work on /home/airflow/.local/lib/python3.7/site-packages/airflow/example_dags/example_skip_dag.py
[2022-09-10 12:05:14,748] {processor.py:641} INFO - Processing file /home/airflow/.local/lib/python3.7/site-packages/airflow/example_dags/example_skip_dag.py for tasks to queue
[2022-09-10 12:05:14,750] {logging_mixin.py:115} INFO - [2022-09-10 12:05:14,750] {dagbag.py:507} INFO - Filling up the DagBag from /home/airflow/.local/lib/python3.7/site-packages/airflow/example_dags/example_skip_dag.py
[2022-09-10 12:05:14,765] {processor.py:651} INFO - DAG(s) dict_keys(['example_skip_dag']) retrieved from /home/airflow/.local/lib/python3.7/site-packages/airflow/example_dags/example_skip_dag.py
[2022-09-10 12:05:14,848] {logging_mixin.py:115} INFO - [2022-09-10 12:05:14,847] {dag.py:2371} INFO - Sync 1 DAGs
[2022-09-10 12:05:14,950] {logging_mixin.py:115} INFO - [2022-09-10 12:05:14,950] {dag.py:2919} INFO - Setting next_dagrun for example_skip_dag to 2022-09-09T12:05:14.949887+00:00, run_after=2022-09-10T12:05:14.949887+00:00
[2022-09-10 12:05:14,987] {processor.py:161} INFO - Processing /home/airflow/.local/lib/python3.7/site-packages/airflow/example_dags/example_skip_dag.py took 0.252 seconds
[2022-09-10 12:06:33,051] {processor.py:153} INFO - Started process (PID=8241) to work on /home/airflow/.local/lib/python3.7/site-packages/airflow/example_dags/example_skip_dag.py
[2022-09-10 12:06:33,074] {processor.py:641} INFO - Processing file /home/airflow/.local/lib/python3.7/site-packages/airflow/example_dags/example_skip_dag.py for tasks to queue
[2022-09-10 12:06:33,100] {logging_mixin.py:115} INFO - [2022-09-10 12:06:33,097] {dagbag.py:507} INFO - Filling up the DagBag from /home/airflow/.local/lib/python3.7/site-packages/airflow/example_dags/example_skip_dag.py
[2022-09-10 12:06:33,152] {processor.py:651} INFO - DAG(s) dict_keys(['example_skip_dag']) retrieved from /home/airflow/.local/lib/python3.7/site-packages/airflow/example_dags/example_skip_dag.py
[2022-09-10 12:06:33,284] {logging_mixin.py:115} INFO - [2022-09-10 12:06:33,284] {dag.py:2371} INFO - Sync 1 DAGs
[2022-09-10 12:06:33,572] {logging_mixin.py:115} INFO - [2022-09-10 12:06:33,571] {dag.py:2919} INFO - Setting next_dagrun for example_skip_dag to 2022-09-09T12:06:33.567281+00:00, run_after=2022-09-10T12:06:33.567281+00:00
[2022-09-10 12:06:33,688] {processor.py:161} INFO - Processing /home/airflow/.local/lib/python3.7/site-packages/airflow/example_dags/example_skip_dag.py took 0.674 seconds
[2022-09-10 12:07:05,261] {processor.py:153} INFO - Started process (PID=8296) to work on /home/airflow/.local/lib/python3.7/site-packages/airflow/example_dags/example_skip_dag.py
[2022-09-10 12:07:05,263] {processor.py:641} INFO - Processing file /home/airflow/.local/lib/python3.7/site-packages/airflow/example_dags/example_skip_dag.py for tasks to queue
[2022-09-10 12:07:05,264] {logging_mixin.py:115} INFO - [2022-09-10 12:07:05,264] {dagbag.py:507} INFO - Filling up the DagBag from /home/airflow/.local/lib/python3.7/site-packages/airflow/example_dags/example_skip_dag.py
[2022-09-10 12:07:05,303] {processor.py:651} INFO - DAG(s) dict_keys(['example_skip_dag']) retrieved from /home/airflow/.local/lib/python3.7/site-packages/airflow/example_dags/example_skip_dag.py
[2022-09-10 12:07:05,344] {logging_mixin.py:115} INFO - [2022-09-10 12:07:05,344] {dag.py:2371} INFO - Sync 1 DAGs
[2022-09-10 12:07:05,377] {logging_mixin.py:115} INFO - [2022-09-10 12:07:05,376] {dag.py:2919} INFO - Setting next_dagrun for example_skip_dag to 2022-09-09T12:07:05.376568+00:00, run_after=2022-09-10T12:07:05.376568+00:00
[2022-09-10 12:07:05,393] {processor.py:161} INFO - Processing /home/airflow/.local/lib/python3.7/site-packages/airflow/example_dags/example_skip_dag.py took 0.139 seconds
[2022-09-10 13:00:17,242] {processor.py:153} INFO - Started process (PID=8357) to work on /home/airflow/.local/lib/python3.7/site-packages/airflow/example_dags/example_skip_dag.py
[2022-09-10 13:00:17,247] {processor.py:641} INFO - Processing file /home/airflow/.local/lib/python3.7/site-packages/airflow/example_dags/example_skip_dag.py for tasks to queue
[2022-09-10 13:00:17,252] {logging_mixin.py:115} INFO - [2022-09-10 13:00:17,251] {dagbag.py:507} INFO - Filling up the DagBag from /home/airflow/.local/lib/python3.7/site-packages/airflow/example_dags/example_skip_dag.py
[2022-09-10 13:00:17,276] {processor.py:651} INFO - DAG(s) dict_keys(['example_skip_dag']) retrieved from /home/airflow/.local/lib/python3.7/site-packages/airflow/example_dags/example_skip_dag.py
[2022-09-10 13:00:17,447] {logging_mixin.py:115} INFO - [2022-09-10 13:00:17,447] {dag.py:2371} INFO - Sync 1 DAGs
[2022-09-10 13:00:17,590] {logging_mixin.py:115} INFO - [2022-09-10 13:00:17,590] {dag.py:2919} INFO - Setting next_dagrun for example_skip_dag to 2022-09-09T13:00:17.589796+00:00, run_after=2022-09-10T13:00:17.589796+00:00
[2022-09-10 13:00:17,747] {processor.py:161} INFO - Processing /home/airflow/.local/lib/python3.7/site-packages/airflow/example_dags/example_skip_dag.py took 0.526 seconds
[2022-09-10 13:54:31,123] {processor.py:153} INFO - Started process (PID=8441) to work on /home/airflow/.local/lib/python3.7/site-packages/airflow/example_dags/example_skip_dag.py
[2022-09-10 13:54:31,141] {processor.py:641} INFO - Processing file /home/airflow/.local/lib/python3.7/site-packages/airflow/example_dags/example_skip_dag.py for tasks to queue
[2022-09-10 13:54:31,143] {logging_mixin.py:115} INFO - [2022-09-10 13:54:31,143] {dagbag.py:507} INFO - Filling up the DagBag from /home/airflow/.local/lib/python3.7/site-packages/airflow/example_dags/example_skip_dag.py
[2022-09-10 13:54:31,238] {processor.py:651} INFO - DAG(s) dict_keys(['example_skip_dag']) retrieved from /home/airflow/.local/lib/python3.7/site-packages/airflow/example_dags/example_skip_dag.py
[2022-09-10 13:54:31,431] {logging_mixin.py:115} INFO - [2022-09-10 13:54:31,431] {dag.py:2371} INFO - Sync 1 DAGs
[2022-09-10 13:54:37,286] {logging_mixin.py:115} INFO - [2022-09-10 13:54:37,284] {dag.py:2919} INFO - Setting next_dagrun for example_skip_dag to 2022-09-09T13:54:37.264519+00:00, run_after=2022-09-10T13:54:37.264519+00:00
[2022-09-10 13:54:39,663] {processor.py:161} INFO - Processing /home/airflow/.local/lib/python3.7/site-packages/airflow/example_dags/example_skip_dag.py took 8.561 seconds
[2022-09-10 14:48:40,871] {processor.py:153} INFO - Started process (PID=8498) to work on /home/airflow/.local/lib/python3.7/site-packages/airflow/example_dags/example_skip_dag.py
[2022-09-10 14:48:40,876] {processor.py:641} INFO - Processing file /home/airflow/.local/lib/python3.7/site-packages/airflow/example_dags/example_skip_dag.py for tasks to queue
[2022-09-10 14:48:40,881] {logging_mixin.py:115} INFO - [2022-09-10 14:48:40,880] {dagbag.py:507} INFO - Filling up the DagBag from /home/airflow/.local/lib/python3.7/site-packages/airflow/example_dags/example_skip_dag.py
[2022-09-10 14:48:40,904] {processor.py:651} INFO - DAG(s) dict_keys(['example_skip_dag']) retrieved from /home/airflow/.local/lib/python3.7/site-packages/airflow/example_dags/example_skip_dag.py
[2022-09-10 14:48:40,992] {logging_mixin.py:115} INFO - [2022-09-10 14:48:40,992] {dag.py:2371} INFO - Sync 1 DAGs
[2022-09-10 14:48:41,105] {logging_mixin.py:115} INFO - [2022-09-10 14:48:41,104] {dag.py:2919} INFO - Setting next_dagrun for example_skip_dag to 2022-09-09T14:48:41.104156+00:00, run_after=2022-09-10T14:48:41.104156+00:00
[2022-09-10 14:48:41,191] {processor.py:161} INFO - Processing /home/airflow/.local/lib/python3.7/site-packages/airflow/example_dags/example_skip_dag.py took 0.336 seconds
[2022-09-10 15:10:21,404] {processor.py:153} INFO - Started process (PID=8550) to work on /home/airflow/.local/lib/python3.7/site-packages/airflow/example_dags/example_skip_dag.py
[2022-09-10 15:10:21,409] {processor.py:641} INFO - Processing file /home/airflow/.local/lib/python3.7/site-packages/airflow/example_dags/example_skip_dag.py for tasks to queue
[2022-09-10 15:10:21,414] {logging_mixin.py:115} INFO - [2022-09-10 15:10:21,414] {dagbag.py:507} INFO - Filling up the DagBag from /home/airflow/.local/lib/python3.7/site-packages/airflow/example_dags/example_skip_dag.py
[2022-09-10 15:10:21,457] {processor.py:651} INFO - DAG(s) dict_keys(['example_skip_dag']) retrieved from /home/airflow/.local/lib/python3.7/site-packages/airflow/example_dags/example_skip_dag.py
[2022-09-10 15:10:21,646] {logging_mixin.py:115} INFO - [2022-09-10 15:10:21,646] {dag.py:2371} INFO - Sync 1 DAGs
[2022-09-10 15:10:21,740] {logging_mixin.py:115} INFO - [2022-09-10 15:10:21,740] {dag.py:2919} INFO - Setting next_dagrun for example_skip_dag to 2022-09-09T15:10:21.739924+00:00, run_after=2022-09-10T15:10:21.739924+00:00
[2022-09-10 15:10:21,790] {processor.py:161} INFO - Processing /home/airflow/.local/lib/python3.7/site-packages/airflow/example_dags/example_skip_dag.py took 0.412 seconds
[2022-09-10 15:11:13,434] {processor.py:153} INFO - Started process (PID=8613) to work on /home/airflow/.local/lib/python3.7/site-packages/airflow/example_dags/example_skip_dag.py
[2022-09-10 15:11:13,444] {processor.py:641} INFO - Processing file /home/airflow/.local/lib/python3.7/site-packages/airflow/example_dags/example_skip_dag.py for tasks to queue
[2022-09-10 15:11:13,448] {logging_mixin.py:115} INFO - [2022-09-10 15:11:13,448] {dagbag.py:507} INFO - Filling up the DagBag from /home/airflow/.local/lib/python3.7/site-packages/airflow/example_dags/example_skip_dag.py
[2022-09-10 15:11:13,477] {processor.py:651} INFO - DAG(s) dict_keys(['example_skip_dag']) retrieved from /home/airflow/.local/lib/python3.7/site-packages/airflow/example_dags/example_skip_dag.py
[2022-09-10 15:11:13,688] {logging_mixin.py:115} INFO - [2022-09-10 15:11:13,688] {dag.py:2371} INFO - Sync 1 DAGs
[2022-09-10 15:11:13,850] {logging_mixin.py:115} INFO - [2022-09-10 15:11:13,850] {dag.py:2919} INFO - Setting next_dagrun for example_skip_dag to 2022-09-09T15:11:13.850352+00:00, run_after=2022-09-10T15:11:13.850352+00:00
[2022-09-10 15:11:13,906] {processor.py:161} INFO - Processing /home/airflow/.local/lib/python3.7/site-packages/airflow/example_dags/example_skip_dag.py took 0.506 seconds
[2022-09-10 15:51:12,687] {processor.py:153} INFO - Started process (PID=8675) to work on /home/airflow/.local/lib/python3.7/site-packages/airflow/example_dags/example_skip_dag.py
[2022-09-10 15:51:12,695] {processor.py:641} INFO - Processing file /home/airflow/.local/lib/python3.7/site-packages/airflow/example_dags/example_skip_dag.py for tasks to queue
[2022-09-10 15:51:12,702] {logging_mixin.py:115} INFO - [2022-09-10 15:51:12,700] {dagbag.py:507} INFO - Filling up the DagBag from /home/airflow/.local/lib/python3.7/site-packages/airflow/example_dags/example_skip_dag.py
[2022-09-10 15:51:12,758] {processor.py:651} INFO - DAG(s) dict_keys(['example_skip_dag']) retrieved from /home/airflow/.local/lib/python3.7/site-packages/airflow/example_dags/example_skip_dag.py
[2022-09-10 15:51:12,998] {logging_mixin.py:115} INFO - [2022-09-10 15:51:12,996] {dag.py:2371} INFO - Sync 1 DAGs
[2022-09-10 15:51:13,197] {logging_mixin.py:115} INFO - [2022-09-10 15:51:13,197] {dag.py:2919} INFO - Setting next_dagrun for example_skip_dag to 2022-09-09T15:51:13.196767+00:00, run_after=2022-09-10T15:51:13.196767+00:00
[2022-09-10 15:51:13,256] {processor.py:161} INFO - Processing /home/airflow/.local/lib/python3.7/site-packages/airflow/example_dags/example_skip_dag.py took 0.591 seconds
[2022-09-10 16:45:34,728] {processor.py:153} INFO - Started process (PID=8743) to work on /home/airflow/.local/lib/python3.7/site-packages/airflow/example_dags/example_skip_dag.py
[2022-09-10 16:45:34,734] {processor.py:641} INFO - Processing file /home/airflow/.local/lib/python3.7/site-packages/airflow/example_dags/example_skip_dag.py for tasks to queue
[2022-09-10 16:45:34,751] {logging_mixin.py:115} INFO - [2022-09-10 16:45:34,751] {dagbag.py:507} INFO - Filling up the DagBag from /home/airflow/.local/lib/python3.7/site-packages/airflow/example_dags/example_skip_dag.py
[2022-09-10 16:45:34,774] {processor.py:651} INFO - DAG(s) dict_keys(['example_skip_dag']) retrieved from /home/airflow/.local/lib/python3.7/site-packages/airflow/example_dags/example_skip_dag.py
[2022-09-10 16:45:34,956] {logging_mixin.py:115} INFO - [2022-09-10 16:45:34,955] {dag.py:2371} INFO - Sync 1 DAGs
[2022-09-10 16:45:35,111] {logging_mixin.py:115} INFO - [2022-09-10 16:45:35,111] {dag.py:2919} INFO - Setting next_dagrun for example_skip_dag to 2022-09-09T16:45:35.110911+00:00, run_after=2022-09-10T16:45:35.110911+00:00
[2022-09-10 16:45:35,235] {processor.py:161} INFO - Processing /home/airflow/.local/lib/python3.7/site-packages/airflow/example_dags/example_skip_dag.py took 0.529 seconds
[2022-09-10 17:38:56,460] {processor.py:153} INFO - Started process (PID=8786) to work on /home/airflow/.local/lib/python3.7/site-packages/airflow/example_dags/example_skip_dag.py
[2022-09-10 17:38:56,551] {processor.py:641} INFO - Processing file /home/airflow/.local/lib/python3.7/site-packages/airflow/example_dags/example_skip_dag.py for tasks to queue
[2022-09-10 17:38:56,688] {logging_mixin.py:115} INFO - [2022-09-10 17:38:56,662] {dagbag.py:507} INFO - Filling up the DagBag from /home/airflow/.local/lib/python3.7/site-packages/airflow/example_dags/example_skip_dag.py
[2022-09-10 17:38:57,914] {processor.py:651} INFO - DAG(s) dict_keys(['example_skip_dag']) retrieved from /home/airflow/.local/lib/python3.7/site-packages/airflow/example_dags/example_skip_dag.py
[2022-09-10 17:39:04,084] {logging_mixin.py:115} INFO - [2022-09-10 17:39:04,082] {dag.py:2371} INFO - Sync 1 DAGs
[2022-09-10 17:39:09,347] {logging_mixin.py:115} INFO - [2022-09-10 17:39:09,344] {dag.py:2919} INFO - Setting next_dagrun for example_skip_dag to 2022-09-09T17:39:09.300103+00:00, run_after=2022-09-10T17:39:09.300103+00:00
[2022-09-10 17:39:11,904] {processor.py:161} INFO - Processing /home/airflow/.local/lib/python3.7/site-packages/airflow/example_dags/example_skip_dag.py took 16.314 seconds
[2022-09-10 18:33:35,294] {processor.py:153} INFO - Started process (PID=8891) to work on /home/airflow/.local/lib/python3.7/site-packages/airflow/example_dags/example_skip_dag.py
[2022-09-10 18:33:35,303] {processor.py:641} INFO - Processing file /home/airflow/.local/lib/python3.7/site-packages/airflow/example_dags/example_skip_dag.py for tasks to queue
[2022-09-10 18:33:35,306] {logging_mixin.py:115} INFO - [2022-09-10 18:33:35,306] {dagbag.py:507} INFO - Filling up the DagBag from /home/airflow/.local/lib/python3.7/site-packages/airflow/example_dags/example_skip_dag.py
[2022-09-10 18:33:35,350] {processor.py:651} INFO - DAG(s) dict_keys(['example_skip_dag']) retrieved from /home/airflow/.local/lib/python3.7/site-packages/airflow/example_dags/example_skip_dag.py
[2022-09-10 18:33:35,482] {logging_mixin.py:115} INFO - [2022-09-10 18:33:35,482] {dag.py:2371} INFO - Sync 1 DAGs
[2022-09-10 18:33:35,638] {logging_mixin.py:115} INFO - [2022-09-10 18:33:35,638] {dag.py:2919} INFO - Setting next_dagrun for example_skip_dag to 2022-09-09T18:33:35.638029+00:00, run_after=2022-09-10T18:33:35.638029+00:00
[2022-09-10 18:33:35,701] {processor.py:161} INFO - Processing /home/airflow/.local/lib/python3.7/site-packages/airflow/example_dags/example_skip_dag.py took 0.416 seconds
[2022-09-10 19:27:46,543] {processor.py:153} INFO - Started process (PID=8958) to work on /home/airflow/.local/lib/python3.7/site-packages/airflow/example_dags/example_skip_dag.py
[2022-09-10 19:27:46,555] {processor.py:641} INFO - Processing file /home/airflow/.local/lib/python3.7/site-packages/airflow/example_dags/example_skip_dag.py for tasks to queue
[2022-09-10 19:27:46,573] {logging_mixin.py:115} INFO - [2022-09-10 19:27:46,573] {dagbag.py:507} INFO - Filling up the DagBag from /home/airflow/.local/lib/python3.7/site-packages/airflow/example_dags/example_skip_dag.py
[2022-09-10 19:27:46,623] {processor.py:651} INFO - DAG(s) dict_keys(['example_skip_dag']) retrieved from /home/airflow/.local/lib/python3.7/site-packages/airflow/example_dags/example_skip_dag.py
[2022-09-10 19:27:46,872] {logging_mixin.py:115} INFO - [2022-09-10 19:27:46,871] {dag.py:2371} INFO - Sync 1 DAGs
[2022-09-10 19:27:47,100] {logging_mixin.py:115} INFO - [2022-09-10 19:27:47,100] {dag.py:2919} INFO - Setting next_dagrun for example_skip_dag to 2022-09-09T19:27:47.099788+00:00, run_after=2022-09-10T19:27:47.099788+00:00
[2022-09-10 19:27:47,187] {processor.py:161} INFO - Processing /home/airflow/.local/lib/python3.7/site-packages/airflow/example_dags/example_skip_dag.py took 0.687 seconds
[2022-09-10 20:30:50,324] {processor.py:153} INFO - Started process (PID=9017) to work on /home/airflow/.local/lib/python3.7/site-packages/airflow/example_dags/example_skip_dag.py
[2022-09-10 20:30:50,326] {processor.py:641} INFO - Processing file /home/airflow/.local/lib/python3.7/site-packages/airflow/example_dags/example_skip_dag.py for tasks to queue
[2022-09-10 20:30:50,329] {logging_mixin.py:115} INFO - [2022-09-10 20:30:50,329] {dagbag.py:507} INFO - Filling up the DagBag from /home/airflow/.local/lib/python3.7/site-packages/airflow/example_dags/example_skip_dag.py
[2022-09-10 20:30:50,347] {processor.py:651} INFO - DAG(s) dict_keys(['example_skip_dag']) retrieved from /home/airflow/.local/lib/python3.7/site-packages/airflow/example_dags/example_skip_dag.py
[2022-09-10 20:30:50,411] {logging_mixin.py:115} INFO - [2022-09-10 20:30:50,411] {dag.py:2371} INFO - Sync 1 DAGs
[2022-09-10 20:30:50,474] {logging_mixin.py:115} INFO - [2022-09-10 20:30:50,474] {dag.py:2919} INFO - Setting next_dagrun for example_skip_dag to 2022-09-09T20:30:50.473956+00:00, run_after=2022-09-10T20:30:50.473956+00:00
[2022-09-10 20:30:50,523] {processor.py:161} INFO - Processing /home/airflow/.local/lib/python3.7/site-packages/airflow/example_dags/example_skip_dag.py took 0.215 seconds
[2022-09-10 20:31:30,893] {processor.py:153} INFO - Started process (PID=9072) to work on /home/airflow/.local/lib/python3.7/site-packages/airflow/example_dags/example_skip_dag.py
[2022-09-10 20:31:30,896] {processor.py:641} INFO - Processing file /home/airflow/.local/lib/python3.7/site-packages/airflow/example_dags/example_skip_dag.py for tasks to queue
[2022-09-10 20:31:30,903] {logging_mixin.py:115} INFO - [2022-09-10 20:31:30,898] {dagbag.py:507} INFO - Filling up the DagBag from /home/airflow/.local/lib/python3.7/site-packages/airflow/example_dags/example_skip_dag.py
[2022-09-10 20:31:30,928] {processor.py:651} INFO - DAG(s) dict_keys(['example_skip_dag']) retrieved from /home/airflow/.local/lib/python3.7/site-packages/airflow/example_dags/example_skip_dag.py
[2022-09-10 20:31:31,065] {logging_mixin.py:115} INFO - [2022-09-10 20:31:31,064] {dag.py:2371} INFO - Sync 1 DAGs
[2022-09-10 20:31:31,130] {logging_mixin.py:115} INFO - [2022-09-10 20:31:31,130] {dag.py:2919} INFO - Setting next_dagrun for example_skip_dag to 2022-09-09T20:31:31.130139+00:00, run_after=2022-09-10T20:31:31.130139+00:00
[2022-09-10 20:31:31,164] {processor.py:161} INFO - Processing /home/airflow/.local/lib/python3.7/site-packages/airflow/example_dags/example_skip_dag.py took 0.278 seconds
[2022-09-10 20:49:25,981] {processor.py:153} INFO - Started process (PID=9139) to work on /home/airflow/.local/lib/python3.7/site-packages/airflow/example_dags/example_skip_dag.py
[2022-09-10 20:49:26,006] {processor.py:641} INFO - Processing file /home/airflow/.local/lib/python3.7/site-packages/airflow/example_dags/example_skip_dag.py for tasks to queue
[2022-09-10 20:49:26,012] {logging_mixin.py:115} INFO - [2022-09-10 20:49:26,011] {dagbag.py:507} INFO - Filling up the DagBag from /home/airflow/.local/lib/python3.7/site-packages/airflow/example_dags/example_skip_dag.py
[2022-09-10 20:49:26,175] {processor.py:651} INFO - DAG(s) dict_keys(['example_skip_dag']) retrieved from /home/airflow/.local/lib/python3.7/site-packages/airflow/example_dags/example_skip_dag.py
[2022-09-10 20:49:26,865] {logging_mixin.py:115} INFO - [2022-09-10 20:49:26,865] {dag.py:2371} INFO - Sync 1 DAGs
[2022-09-10 20:49:27,376] {logging_mixin.py:115} INFO - [2022-09-10 20:49:27,338] {dag.py:2919} INFO - Setting next_dagrun for example_skip_dag to 2022-09-09T20:49:27.303987+00:00, run_after=2022-09-10T20:49:27.303987+00:00
[2022-09-10 20:49:27,799] {processor.py:161} INFO - Processing /home/airflow/.local/lib/python3.7/site-packages/airflow/example_dags/example_skip_dag.py took 1.850 seconds
[2022-09-10 20:49:57,984] {processor.py:153} INFO - Started process (PID=9196) to work on /home/airflow/.local/lib/python3.7/site-packages/airflow/example_dags/example_skip_dag.py
[2022-09-10 20:49:57,986] {processor.py:641} INFO - Processing file /home/airflow/.local/lib/python3.7/site-packages/airflow/example_dags/example_skip_dag.py for tasks to queue
[2022-09-10 20:49:57,987] {logging_mixin.py:115} INFO - [2022-09-10 20:49:57,987] {dagbag.py:507} INFO - Filling up the DagBag from /home/airflow/.local/lib/python3.7/site-packages/airflow/example_dags/example_skip_dag.py
[2022-09-10 20:49:57,994] {processor.py:651} INFO - DAG(s) dict_keys(['example_skip_dag']) retrieved from /home/airflow/.local/lib/python3.7/site-packages/airflow/example_dags/example_skip_dag.py
[2022-09-10 20:49:58,025] {logging_mixin.py:115} INFO - [2022-09-10 20:49:58,025] {dag.py:2371} INFO - Sync 1 DAGs
[2022-09-10 20:49:58,050] {logging_mixin.py:115} INFO - [2022-09-10 20:49:58,050] {dag.py:2919} INFO - Setting next_dagrun for example_skip_dag to 2022-09-09T20:49:58.049788+00:00, run_after=2022-09-10T20:49:58.049788+00:00
[2022-09-10 20:49:58,065] {processor.py:161} INFO - Processing /home/airflow/.local/lib/python3.7/site-packages/airflow/example_dags/example_skip_dag.py took 0.085 seconds
[2022-09-10 21:23:17,269] {processor.py:153} INFO - Started process (PID=9271) to work on /home/airflow/.local/lib/python3.7/site-packages/airflow/example_dags/example_skip_dag.py
[2022-09-10 21:23:17,272] {processor.py:641} INFO - Processing file /home/airflow/.local/lib/python3.7/site-packages/airflow/example_dags/example_skip_dag.py for tasks to queue
[2022-09-10 21:23:17,279] {logging_mixin.py:115} INFO - [2022-09-10 21:23:17,279] {dagbag.py:507} INFO - Filling up the DagBag from /home/airflow/.local/lib/python3.7/site-packages/airflow/example_dags/example_skip_dag.py
[2022-09-10 21:23:17,296] {processor.py:651} INFO - DAG(s) dict_keys(['example_skip_dag']) retrieved from /home/airflow/.local/lib/python3.7/site-packages/airflow/example_dags/example_skip_dag.py
[2022-09-10 21:23:17,378] {logging_mixin.py:115} INFO - [2022-09-10 21:23:17,378] {dag.py:2371} INFO - Sync 1 DAGs
[2022-09-10 21:23:17,435] {logging_mixin.py:115} INFO - [2022-09-10 21:23:17,435] {dag.py:2919} INFO - Setting next_dagrun for example_skip_dag to 2022-09-09T21:23:17.435268+00:00, run_after=2022-09-10T21:23:17.435268+00:00
[2022-09-10 21:23:17,467] {processor.py:161} INFO - Processing /home/airflow/.local/lib/python3.7/site-packages/airflow/example_dags/example_skip_dag.py took 0.205 seconds
[2022-09-10 21:24:06,454] {processor.py:153} INFO - Started process (PID=9323) to work on /home/airflow/.local/lib/python3.7/site-packages/airflow/example_dags/example_skip_dag.py
[2022-09-10 21:24:06,457] {processor.py:641} INFO - Processing file /home/airflow/.local/lib/python3.7/site-packages/airflow/example_dags/example_skip_dag.py for tasks to queue
[2022-09-10 21:24:06,460] {logging_mixin.py:115} INFO - [2022-09-10 21:24:06,459] {dagbag.py:507} INFO - Filling up the DagBag from /home/airflow/.local/lib/python3.7/site-packages/airflow/example_dags/example_skip_dag.py
[2022-09-10 21:24:06,483] {processor.py:651} INFO - DAG(s) dict_keys(['example_skip_dag']) retrieved from /home/airflow/.local/lib/python3.7/site-packages/airflow/example_dags/example_skip_dag.py
[2022-09-10 21:24:06,573] {logging_mixin.py:115} INFO - [2022-09-10 21:24:06,573] {dag.py:2371} INFO - Sync 1 DAGs
[2022-09-10 21:24:06,780] {logging_mixin.py:115} INFO - [2022-09-10 21:24:06,780] {dag.py:2919} INFO - Setting next_dagrun for example_skip_dag to 2022-09-09T21:24:06.780398+00:00, run_after=2022-09-10T21:24:06.780398+00:00
[2022-09-10 21:24:06,833] {processor.py:161} INFO - Processing /home/airflow/.local/lib/python3.7/site-packages/airflow/example_dags/example_skip_dag.py took 0.391 seconds
[2022-09-10 21:41:09,568] {processor.py:153} INFO - Started process (PID=9377) to work on /home/airflow/.local/lib/python3.7/site-packages/airflow/example_dags/example_skip_dag.py
[2022-09-10 21:41:09,582] {processor.py:641} INFO - Processing file /home/airflow/.local/lib/python3.7/site-packages/airflow/example_dags/example_skip_dag.py for tasks to queue
[2022-09-10 21:41:09,605] {logging_mixin.py:115} INFO - [2022-09-10 21:41:09,605] {dagbag.py:507} INFO - Filling up the DagBag from /home/airflow/.local/lib/python3.7/site-packages/airflow/example_dags/example_skip_dag.py
[2022-09-10 21:41:10,137] {processor.py:651} INFO - DAG(s) dict_keys(['example_skip_dag']) retrieved from /home/airflow/.local/lib/python3.7/site-packages/airflow/example_dags/example_skip_dag.py
[2022-09-10 21:41:11,263] {logging_mixin.py:115} INFO - [2022-09-10 21:41:11,262] {dag.py:2371} INFO - Sync 1 DAGs
[2022-09-10 21:41:11,974] {logging_mixin.py:115} INFO - [2022-09-10 21:41:11,973] {dag.py:2919} INFO - Setting next_dagrun for example_skip_dag to 2022-09-09T21:41:11.972692+00:00, run_after=2022-09-10T21:41:11.972692+00:00
[2022-09-10 21:41:12,399] {processor.py:161} INFO - Processing /home/airflow/.local/lib/python3.7/site-packages/airflow/example_dags/example_skip_dag.py took 2.970 seconds
[2022-09-10 21:59:14,246] {processor.py:153} INFO - Started process (PID=9443) to work on /home/airflow/.local/lib/python3.7/site-packages/airflow/example_dags/example_skip_dag.py
[2022-09-10 21:59:14,494] {processor.py:641} INFO - Processing file /home/airflow/.local/lib/python3.7/site-packages/airflow/example_dags/example_skip_dag.py for tasks to queue
[2022-09-10 21:59:14,856] {logging_mixin.py:115} INFO - [2022-09-10 21:59:14,854] {dagbag.py:507} INFO - Filling up the DagBag from /home/airflow/.local/lib/python3.7/site-packages/airflow/example_dags/example_skip_dag.py
[2022-09-10 21:59:16,299] {processor.py:651} INFO - DAG(s) dict_keys(['example_skip_dag']) retrieved from /home/airflow/.local/lib/python3.7/site-packages/airflow/example_dags/example_skip_dag.py
[2022-09-10 21:59:21,922] {logging_mixin.py:115} INFO - [2022-09-10 21:59:21,922] {dag.py:2371} INFO - Sync 1 DAGs
[2022-09-10 21:59:22,326] {logging_mixin.py:115} INFO - [2022-09-10 21:59:22,321] {dag.py:2919} INFO - Setting next_dagrun for example_skip_dag to 2022-09-09T21:59:22.321495+00:00, run_after=2022-09-10T21:59:22.321495+00:00
[2022-09-10 21:59:22,482] {processor.py:161} INFO - Processing /home/airflow/.local/lib/python3.7/site-packages/airflow/example_dags/example_skip_dag.py took 9.462 seconds
[2022-09-10 22:16:07,384] {processor.py:153} INFO - Started process (PID=9498) to work on /home/airflow/.local/lib/python3.7/site-packages/airflow/example_dags/example_skip_dag.py
[2022-09-10 22:16:07,498] {processor.py:641} INFO - Processing file /home/airflow/.local/lib/python3.7/site-packages/airflow/example_dags/example_skip_dag.py for tasks to queue
[2022-09-10 22:16:07,530] {logging_mixin.py:115} INFO - [2022-09-10 22:16:07,524] {dagbag.py:507} INFO - Filling up the DagBag from /home/airflow/.local/lib/python3.7/site-packages/airflow/example_dags/example_skip_dag.py
[2022-09-10 22:16:08,759] {processor.py:651} INFO - DAG(s) dict_keys(['example_skip_dag']) retrieved from /home/airflow/.local/lib/python3.7/site-packages/airflow/example_dags/example_skip_dag.py
[2022-09-10 22:16:12,732] {logging_mixin.py:115} INFO - [2022-09-10 22:16:12,694] {dag.py:2371} INFO - Sync 1 DAGs
[2022-09-10 22:16:16,635] {logging_mixin.py:115} INFO - [2022-09-10 22:16:16,616] {dag.py:2919} INFO - Setting next_dagrun for example_skip_dag to 2022-09-09T22:16:16.543348+00:00, run_after=2022-09-10T22:16:16.543348+00:00
[2022-09-10 22:16:18,021] {processor.py:161} INFO - Processing /home/airflow/.local/lib/python3.7/site-packages/airflow/example_dags/example_skip_dag.py took 10.794 seconds
[2022-09-10 22:16:59,236] {processor.py:153} INFO - Started process (PID=9548) to work on /home/airflow/.local/lib/python3.7/site-packages/airflow/example_dags/example_skip_dag.py
[2022-09-10 22:16:59,238] {processor.py:641} INFO - Processing file /home/airflow/.local/lib/python3.7/site-packages/airflow/example_dags/example_skip_dag.py for tasks to queue
[2022-09-10 22:16:59,239] {logging_mixin.py:115} INFO - [2022-09-10 22:16:59,239] {dagbag.py:507} INFO - Filling up the DagBag from /home/airflow/.local/lib/python3.7/site-packages/airflow/example_dags/example_skip_dag.py
[2022-09-10 22:16:59,255] {processor.py:651} INFO - DAG(s) dict_keys(['example_skip_dag']) retrieved from /home/airflow/.local/lib/python3.7/site-packages/airflow/example_dags/example_skip_dag.py
[2022-09-10 22:16:59,374] {logging_mixin.py:115} INFO - [2022-09-10 22:16:59,373] {dag.py:2371} INFO - Sync 1 DAGs
[2022-09-10 22:34:14,259] {logging_mixin.py:115} INFO - [2022-09-10 22:34:14,259] {dag.py:2919} INFO - Setting next_dagrun for example_skip_dag to 2022-09-09T22:34:14.256788+00:00, run_after=2022-09-10T22:34:14.256788+00:00
[2022-09-10 22:34:14,357] {processor.py:161} INFO - Processing /home/airflow/.local/lib/python3.7/site-packages/airflow/example_dags/example_skip_dag.py took 0.343 seconds
[2022-09-10 22:35:03,444] {processor.py:153} INFO - Started process (PID=9615) to work on /home/airflow/.local/lib/python3.7/site-packages/airflow/example_dags/example_skip_dag.py
[2022-09-10 22:35:03,453] {processor.py:641} INFO - Processing file /home/airflow/.local/lib/python3.7/site-packages/airflow/example_dags/example_skip_dag.py for tasks to queue
[2022-09-10 22:35:03,459] {logging_mixin.py:115} INFO - [2022-09-10 22:35:03,458] {dagbag.py:507} INFO - Filling up the DagBag from /home/airflow/.local/lib/python3.7/site-packages/airflow/example_dags/example_skip_dag.py
[2022-09-10 22:35:03,472] {processor.py:651} INFO - DAG(s) dict_keys(['example_skip_dag']) retrieved from /home/airflow/.local/lib/python3.7/site-packages/airflow/example_dags/example_skip_dag.py
[2022-09-10 22:35:03,544] {logging_mixin.py:115} INFO - [2022-09-10 22:35:03,544] {dag.py:2371} INFO - Sync 1 DAGs
[2022-09-10 22:35:03,604] {logging_mixin.py:115} INFO - [2022-09-10 22:35:03,604] {dag.py:2919} INFO - Setting next_dagrun for example_skip_dag to 2022-09-09T22:35:03.604269+00:00, run_after=2022-09-10T22:35:03.604269+00:00
[2022-09-10 22:35:03,640] {processor.py:161} INFO - Processing /home/airflow/.local/lib/python3.7/site-packages/airflow/example_dags/example_skip_dag.py took 0.198 seconds
[2022-09-10 23:13:11,730] {processor.py:153} INFO - Started process (PID=9692) to work on /home/airflow/.local/lib/python3.7/site-packages/airflow/example_dags/example_skip_dag.py
[2022-09-10 23:13:11,735] {processor.py:641} INFO - Processing file /home/airflow/.local/lib/python3.7/site-packages/airflow/example_dags/example_skip_dag.py for tasks to queue
[2022-09-10 23:13:11,758] {logging_mixin.py:115} INFO - [2022-09-10 23:13:11,757] {dagbag.py:507} INFO - Filling up the DagBag from /home/airflow/.local/lib/python3.7/site-packages/airflow/example_dags/example_skip_dag.py
[2022-09-10 23:13:11,892] {processor.py:651} INFO - DAG(s) dict_keys(['example_skip_dag']) retrieved from /home/airflow/.local/lib/python3.7/site-packages/airflow/example_dags/example_skip_dag.py
[2022-09-10 23:13:12,339] {logging_mixin.py:115} INFO - [2022-09-10 23:13:12,339] {dag.py:2371} INFO - Sync 1 DAGs
[2022-09-10 23:13:12,726] {logging_mixin.py:115} INFO - [2022-09-10 23:13:12,726] {dag.py:2919} INFO - Setting next_dagrun for example_skip_dag to 2022-09-09T23:13:12.725615+00:00, run_after=2022-09-10T23:13:12.725615+00:00
[2022-09-10 23:13:12,817] {processor.py:161} INFO - Processing /home/airflow/.local/lib/python3.7/site-packages/airflow/example_dags/example_skip_dag.py took 1.130 seconds
[2022-09-10 23:13:43,432] {processor.py:153} INFO - Started process (PID=9740) to work on /home/airflow/.local/lib/python3.7/site-packages/airflow/example_dags/example_skip_dag.py
[2022-09-10 23:13:43,434] {processor.py:641} INFO - Processing file /home/airflow/.local/lib/python3.7/site-packages/airflow/example_dags/example_skip_dag.py for tasks to queue
[2022-09-10 23:13:43,437] {logging_mixin.py:115} INFO - [2022-09-10 23:13:43,436] {dagbag.py:507} INFO - Filling up the DagBag from /home/airflow/.local/lib/python3.7/site-packages/airflow/example_dags/example_skip_dag.py
[2022-09-10 23:13:43,450] {processor.py:651} INFO - DAG(s) dict_keys(['example_skip_dag']) retrieved from /home/airflow/.local/lib/python3.7/site-packages/airflow/example_dags/example_skip_dag.py
[2022-09-10 23:13:43,523] {logging_mixin.py:115} INFO - [2022-09-10 23:13:43,523] {dag.py:2371} INFO - Sync 1 DAGs
[2022-09-10 23:13:43,568] {logging_mixin.py:115} INFO - [2022-09-10 23:13:43,568] {dag.py:2919} INFO - Setting next_dagrun for example_skip_dag to 2022-09-09T23:13:43.567482+00:00, run_after=2022-09-10T23:13:43.567482+00:00
[2022-09-10 23:13:43,594] {processor.py:161} INFO - Processing /home/airflow/.local/lib/python3.7/site-packages/airflow/example_dags/example_skip_dag.py took 0.169 seconds
[2022-09-10 23:14:13,948] {processor.py:153} INFO - Started process (PID=9806) to work on /home/airflow/.local/lib/python3.7/site-packages/airflow/example_dags/example_skip_dag.py
[2022-09-10 23:14:13,950] {processor.py:641} INFO - Processing file /home/airflow/.local/lib/python3.7/site-packages/airflow/example_dags/example_skip_dag.py for tasks to queue
[2022-09-10 23:14:13,952] {logging_mixin.py:115} INFO - [2022-09-10 23:14:13,952] {dagbag.py:507} INFO - Filling up the DagBag from /home/airflow/.local/lib/python3.7/site-packages/airflow/example_dags/example_skip_dag.py
[2022-09-10 23:14:13,963] {processor.py:651} INFO - DAG(s) dict_keys(['example_skip_dag']) retrieved from /home/airflow/.local/lib/python3.7/site-packages/airflow/example_dags/example_skip_dag.py
[2022-09-10 23:14:14,011] {logging_mixin.py:115} INFO - [2022-09-10 23:14:14,011] {dag.py:2371} INFO - Sync 1 DAGs
[2022-09-10 23:14:14,047] {logging_mixin.py:115} INFO - [2022-09-10 23:14:14,047] {dag.py:2919} INFO - Setting next_dagrun for example_skip_dag to 2022-09-09T23:14:14.046579+00:00, run_after=2022-09-10T23:14:14.046579+00:00
[2022-09-10 23:14:14,070] {processor.py:161} INFO - Processing /home/airflow/.local/lib/python3.7/site-packages/airflow/example_dags/example_skip_dag.py took 0.128 seconds
[2022-09-10 23:14:44,271] {processor.py:153} INFO - Started process (PID=9864) to work on /home/airflow/.local/lib/python3.7/site-packages/airflow/example_dags/example_skip_dag.py
[2022-09-10 23:14:44,274] {processor.py:641} INFO - Processing file /home/airflow/.local/lib/python3.7/site-packages/airflow/example_dags/example_skip_dag.py for tasks to queue
[2022-09-10 23:14:44,277] {logging_mixin.py:115} INFO - [2022-09-10 23:14:44,277] {dagbag.py:507} INFO - Filling up the DagBag from /home/airflow/.local/lib/python3.7/site-packages/airflow/example_dags/example_skip_dag.py
[2022-09-10 23:14:44,290] {processor.py:651} INFO - DAG(s) dict_keys(['example_skip_dag']) retrieved from /home/airflow/.local/lib/python3.7/site-packages/airflow/example_dags/example_skip_dag.py
[2022-09-10 23:14:44,357] {logging_mixin.py:115} INFO - [2022-09-10 23:14:44,357] {dag.py:2371} INFO - Sync 1 DAGs
[2022-09-10 23:14:44,408] {logging_mixin.py:115} INFO - [2022-09-10 23:14:44,408] {dag.py:2919} INFO - Setting next_dagrun for example_skip_dag to 2022-09-09T23:14:44.407587+00:00, run_after=2022-09-10T23:14:44.407587+00:00
[2022-09-10 23:14:44,435] {processor.py:161} INFO - Processing /home/airflow/.local/lib/python3.7/site-packages/airflow/example_dags/example_skip_dag.py took 0.174 seconds
