[2022-09-10 00:11:49,322] {processor.py:153} INFO - Started process (PID=7127) to work on /home/airflow/.local/lib/python3.7/site-packages/airflow/example_dags/example_kubernetes_executor.py
[2022-09-10 00:11:49,324] {processor.py:641} INFO - Processing file /home/airflow/.local/lib/python3.7/site-packages/airflow/example_dags/example_kubernetes_executor.py for tasks to queue
[2022-09-10 00:11:49,326] {logging_mixin.py:115} INFO - [2022-09-10 00:11:49,326] {dagbag.py:507} INFO - Filling up the DagBag from /home/airflow/.local/lib/python3.7/site-packages/airflow/example_dags/example_kubernetes_executor.py
[2022-09-10 00:11:49,443] {processor.py:651} INFO - DAG(s) dict_keys(['example_kubernetes_executor']) retrieved from /home/airflow/.local/lib/python3.7/site-packages/airflow/example_dags/example_kubernetes_executor.py
[2022-09-10 00:11:49,547] {logging_mixin.py:115} INFO - [2022-09-10 00:11:49,547] {dag.py:2371} INFO - Sync 1 DAGs
[2022-09-10 00:11:51,837] {logging_mixin.py:115} INFO - [2022-09-10 00:11:51,835] {dag.py:2919} INFO - Setting next_dagrun for example_kubernetes_executor to None, run_after=None
[2022-09-10 00:11:53,448] {processor.py:161} INFO - Processing /home/airflow/.local/lib/python3.7/site-packages/airflow/example_dags/example_kubernetes_executor.py took 4.115 seconds
[2022-09-10 00:12:42,948] {processor.py:153} INFO - Started process (PID=7186) to work on /home/airflow/.local/lib/python3.7/site-packages/airflow/example_dags/example_kubernetes_executor.py
[2022-09-10 00:12:42,953] {processor.py:641} INFO - Processing file /home/airflow/.local/lib/python3.7/site-packages/airflow/example_dags/example_kubernetes_executor.py for tasks to queue
[2022-09-10 00:12:42,955] {logging_mixin.py:115} INFO - [2022-09-10 00:12:42,955] {dagbag.py:507} INFO - Filling up the DagBag from /home/airflow/.local/lib/python3.7/site-packages/airflow/example_dags/example_kubernetes_executor.py
[2022-09-10 00:12:43,026] {processor.py:651} INFO - DAG(s) dict_keys(['example_kubernetes_executor']) retrieved from /home/airflow/.local/lib/python3.7/site-packages/airflow/example_dags/example_kubernetes_executor.py
[2022-09-10 00:12:43,078] {logging_mixin.py:115} INFO - [2022-09-10 00:12:43,078] {dag.py:2371} INFO - Sync 1 DAGs
[2022-09-10 00:12:43,119] {logging_mixin.py:115} INFO - [2022-09-10 00:12:43,119] {dag.py:2919} INFO - Setting next_dagrun for example_kubernetes_executor to None, run_after=None
[2022-09-10 00:12:43,145] {processor.py:161} INFO - Processing /home/airflow/.local/lib/python3.7/site-packages/airflow/example_dags/example_kubernetes_executor.py took 0.203 seconds
[2022-09-10 00:28:47,202] {processor.py:153} INFO - Started process (PID=7200) to work on /home/airflow/.local/lib/python3.7/site-packages/airflow/example_dags/example_kubernetes_executor.py
[2022-09-10 00:28:47,242] {processor.py:641} INFO - Processing file /home/airflow/.local/lib/python3.7/site-packages/airflow/example_dags/example_kubernetes_executor.py for tasks to queue
[2022-09-10 00:28:47,434] {logging_mixin.py:115} INFO - [2022-09-10 00:28:47,370] {dagbag.py:507} INFO - Filling up the DagBag from /home/airflow/.local/lib/python3.7/site-packages/airflow/example_dags/example_kubernetes_executor.py
[2022-09-10 00:28:52,702] {processor.py:651} INFO - DAG(s) dict_keys(['example_kubernetes_executor']) retrieved from /home/airflow/.local/lib/python3.7/site-packages/airflow/example_dags/example_kubernetes_executor.py
[2022-09-10 00:29:03,004] {logging_mixin.py:115} INFO - [2022-09-10 00:29:02,924] {dag.py:2371} INFO - Sync 1 DAGs
[2022-09-10 00:29:09,043] {logging_mixin.py:115} INFO - [2022-09-10 00:29:09,043] {dag.py:2919} INFO - Setting next_dagrun for example_kubernetes_executor to None, run_after=None
[2022-09-10 00:29:09,205] {processor.py:161} INFO - Processing /home/airflow/.local/lib/python3.7/site-packages/airflow/example_dags/example_kubernetes_executor.py took 22.813 seconds
[2022-09-10 01:08:12,920] {processor.py:153} INFO - Started process (PID=7263) to work on /home/airflow/.local/lib/python3.7/site-packages/airflow/example_dags/example_kubernetes_executor.py
[2022-09-10 01:08:13,078] {processor.py:641} INFO - Processing file /home/airflow/.local/lib/python3.7/site-packages/airflow/example_dags/example_kubernetes_executor.py for tasks to queue
[2022-09-10 01:08:13,334] {logging_mixin.py:115} INFO - [2022-09-10 01:08:13,304] {dagbag.py:507} INFO - Filling up the DagBag from /home/airflow/.local/lib/python3.7/site-packages/airflow/example_dags/example_kubernetes_executor.py
[2022-09-10 01:08:18,693] {processor.py:651} INFO - DAG(s) dict_keys(['example_kubernetes_executor']) retrieved from /home/airflow/.local/lib/python3.7/site-packages/airflow/example_dags/example_kubernetes_executor.py
[2022-09-10 01:08:18,980] {logging_mixin.py:115} INFO - [2022-09-10 01:08:18,979] {dag.py:2371} INFO - Sync 1 DAGs
[2022-09-10 01:08:19,057] {logging_mixin.py:115} INFO - [2022-09-10 01:08:19,057] {dag.py:2919} INFO - Setting next_dagrun for example_kubernetes_executor to None, run_after=None
[2022-09-10 01:08:19,508] {processor.py:161} INFO - Processing /home/airflow/.local/lib/python3.7/site-packages/airflow/example_dags/example_kubernetes_executor.py took 8.236 seconds
[2022-09-10 02:01:44,308] {processor.py:153} INFO - Started process (PID=7318) to work on /home/airflow/.local/lib/python3.7/site-packages/airflow/example_dags/example_kubernetes_executor.py
[2022-09-10 02:01:44,314] {processor.py:641} INFO - Processing file /home/airflow/.local/lib/python3.7/site-packages/airflow/example_dags/example_kubernetes_executor.py for tasks to queue
[2022-09-10 02:01:44,316] {logging_mixin.py:115} INFO - [2022-09-10 02:01:44,316] {dagbag.py:507} INFO - Filling up the DagBag from /home/airflow/.local/lib/python3.7/site-packages/airflow/example_dags/example_kubernetes_executor.py
[2022-09-10 02:01:44,453] {processor.py:651} INFO - DAG(s) dict_keys(['example_kubernetes_executor']) retrieved from /home/airflow/.local/lib/python3.7/site-packages/airflow/example_dags/example_kubernetes_executor.py
[2022-09-10 02:01:44,555] {logging_mixin.py:115} INFO - [2022-09-10 02:01:44,554] {dag.py:2371} INFO - Sync 1 DAGs
[2022-09-10 02:01:44,672] {logging_mixin.py:115} INFO - [2022-09-10 02:01:44,672] {dag.py:2919} INFO - Setting next_dagrun for example_kubernetes_executor to None, run_after=None
[2022-09-10 02:01:44,733] {processor.py:161} INFO - Processing /home/airflow/.local/lib/python3.7/site-packages/airflow/example_dags/example_kubernetes_executor.py took 0.435 seconds
[2022-09-10 02:02:31,624] {processor.py:153} INFO - Started process (PID=7348) to work on /home/airflow/.local/lib/python3.7/site-packages/airflow/example_dags/example_kubernetes_executor.py
[2022-09-10 02:02:31,629] {processor.py:641} INFO - Processing file /home/airflow/.local/lib/python3.7/site-packages/airflow/example_dags/example_kubernetes_executor.py for tasks to queue
[2022-09-10 02:02:31,638] {logging_mixin.py:115} INFO - [2022-09-10 02:02:31,636] {dagbag.py:507} INFO - Filling up the DagBag from /home/airflow/.local/lib/python3.7/site-packages/airflow/example_dags/example_kubernetes_executor.py
[2022-09-10 02:02:31,955] {processor.py:651} INFO - DAG(s) dict_keys(['example_kubernetes_executor']) retrieved from /home/airflow/.local/lib/python3.7/site-packages/airflow/example_dags/example_kubernetes_executor.py
[2022-09-10 02:02:32,161] {logging_mixin.py:115} INFO - [2022-09-10 02:02:32,161] {dag.py:2371} INFO - Sync 1 DAGs
[2022-09-10 02:02:32,321] {logging_mixin.py:115} INFO - [2022-09-10 02:02:32,321] {dag.py:2919} INFO - Setting next_dagrun for example_kubernetes_executor to None, run_after=None
[2022-09-10 02:02:32,431] {processor.py:161} INFO - Processing /home/airflow/.local/lib/python3.7/site-packages/airflow/example_dags/example_kubernetes_executor.py took 0.839 seconds
[2022-09-10 02:55:51,173] {processor.py:153} INFO - Started process (PID=7380) to work on /home/airflow/.local/lib/python3.7/site-packages/airflow/example_dags/example_kubernetes_executor.py
[2022-09-10 02:55:51,176] {processor.py:641} INFO - Processing file /home/airflow/.local/lib/python3.7/site-packages/airflow/example_dags/example_kubernetes_executor.py for tasks to queue
[2022-09-10 02:55:51,181] {logging_mixin.py:115} INFO - [2022-09-10 02:55:51,181] {dagbag.py:507} INFO - Filling up the DagBag from /home/airflow/.local/lib/python3.7/site-packages/airflow/example_dags/example_kubernetes_executor.py
[2022-09-10 02:55:51,231] {processor.py:651} INFO - DAG(s) dict_keys(['example_kubernetes_executor']) retrieved from /home/airflow/.local/lib/python3.7/site-packages/airflow/example_dags/example_kubernetes_executor.py
[2022-09-10 02:55:51,295] {logging_mixin.py:115} INFO - [2022-09-10 02:55:51,295] {dag.py:2371} INFO - Sync 1 DAGs
[2022-09-10 02:55:51,350] {logging_mixin.py:115} INFO - [2022-09-10 02:55:51,350] {dag.py:2919} INFO - Setting next_dagrun for example_kubernetes_executor to None, run_after=None
[2022-09-10 02:55:51,372] {processor.py:161} INFO - Processing /home/airflow/.local/lib/python3.7/site-packages/airflow/example_dags/example_kubernetes_executor.py took 0.204 seconds
[2022-09-10 02:56:36,933] {processor.py:153} INFO - Started process (PID=7428) to work on /home/airflow/.local/lib/python3.7/site-packages/airflow/example_dags/example_kubernetes_executor.py
[2022-09-10 02:56:36,939] {processor.py:641} INFO - Processing file /home/airflow/.local/lib/python3.7/site-packages/airflow/example_dags/example_kubernetes_executor.py for tasks to queue
[2022-09-10 02:56:36,951] {logging_mixin.py:115} INFO - [2022-09-10 02:56:36,951] {dagbag.py:507} INFO - Filling up the DagBag from /home/airflow/.local/lib/python3.7/site-packages/airflow/example_dags/example_kubernetes_executor.py
[2022-09-10 02:56:37,211] {processor.py:651} INFO - DAG(s) dict_keys(['example_kubernetes_executor']) retrieved from /home/airflow/.local/lib/python3.7/site-packages/airflow/example_dags/example_kubernetes_executor.py
[2022-09-10 02:56:37,444] {logging_mixin.py:115} INFO - [2022-09-10 02:56:37,444] {dag.py:2371} INFO - Sync 1 DAGs
[2022-09-10 02:56:37,691] {logging_mixin.py:115} INFO - [2022-09-10 02:56:37,690] {dag.py:2919} INFO - Setting next_dagrun for example_kubernetes_executor to None, run_after=None
[2022-09-10 02:56:37,803] {processor.py:161} INFO - Processing /home/airflow/.local/lib/python3.7/site-packages/airflow/example_dags/example_kubernetes_executor.py took 0.903 seconds
[2022-09-10 03:50:16,015] {processor.py:153} INFO - Started process (PID=7466) to work on /home/airflow/.local/lib/python3.7/site-packages/airflow/example_dags/example_kubernetes_executor.py
[2022-09-10 03:50:16,101] {processor.py:641} INFO - Processing file /home/airflow/.local/lib/python3.7/site-packages/airflow/example_dags/example_kubernetes_executor.py for tasks to queue
[2022-09-10 03:50:16,238] {logging_mixin.py:115} INFO - [2022-09-10 03:50:16,215] {dagbag.py:507} INFO - Filling up the DagBag from /home/airflow/.local/lib/python3.7/site-packages/airflow/example_dags/example_kubernetes_executor.py
[2022-09-10 03:50:22,053] {processor.py:651} INFO - DAG(s) dict_keys(['example_kubernetes_executor']) retrieved from /home/airflow/.local/lib/python3.7/site-packages/airflow/example_dags/example_kubernetes_executor.py
[2022-09-10 03:50:24,949] {logging_mixin.py:115} INFO - [2022-09-10 03:50:24,938] {dag.py:2371} INFO - Sync 1 DAGs
[2022-09-10 03:50:28,137] {logging_mixin.py:115} INFO - [2022-09-10 03:50:28,094] {dag.py:2919} INFO - Setting next_dagrun for example_kubernetes_executor to None, run_after=None
[2022-09-10 03:50:33,045] {processor.py:161} INFO - Processing /home/airflow/.local/lib/python3.7/site-packages/airflow/example_dags/example_kubernetes_executor.py took 18.570 seconds
[2022-09-10 04:44:33,874] {processor.py:153} INFO - Started process (PID=7538) to work on /home/airflow/.local/lib/python3.7/site-packages/airflow/example_dags/example_kubernetes_executor.py
[2022-09-10 04:44:34,078] {processor.py:641} INFO - Processing file /home/airflow/.local/lib/python3.7/site-packages/airflow/example_dags/example_kubernetes_executor.py for tasks to queue
[2022-09-10 04:44:34,290] {logging_mixin.py:115} INFO - [2022-09-10 04:44:34,258] {dagbag.py:507} INFO - Filling up the DagBag from /home/airflow/.local/lib/python3.7/site-packages/airflow/example_dags/example_kubernetes_executor.py
[2022-09-10 04:44:41,728] {processor.py:651} INFO - DAG(s) dict_keys(['example_kubernetes_executor']) retrieved from /home/airflow/.local/lib/python3.7/site-packages/airflow/example_dags/example_kubernetes_executor.py
[2022-09-10 04:44:49,365] {logging_mixin.py:115} INFO - [2022-09-10 04:44:49,365] {dag.py:2371} INFO - Sync 1 DAGs
[2022-09-10 04:44:49,638] {logging_mixin.py:115} INFO - [2022-09-10 04:44:49,638] {dag.py:2919} INFO - Setting next_dagrun for example_kubernetes_executor to None, run_after=None
[2022-09-10 04:44:50,168] {processor.py:161} INFO - Processing /home/airflow/.local/lib/python3.7/site-packages/airflow/example_dags/example_kubernetes_executor.py took 17.023 seconds
[2022-09-10 05:11:29,019] {processor.py:153} INFO - Started process (PID=7614) to work on /home/airflow/.local/lib/python3.7/site-packages/airflow/example_dags/example_kubernetes_executor.py
[2022-09-10 05:11:29,026] {processor.py:641} INFO - Processing file /home/airflow/.local/lib/python3.7/site-packages/airflow/example_dags/example_kubernetes_executor.py for tasks to queue
[2022-09-10 05:11:29,028] {logging_mixin.py:115} INFO - [2022-09-10 05:11:29,028] {dagbag.py:507} INFO - Filling up the DagBag from /home/airflow/.local/lib/python3.7/site-packages/airflow/example_dags/example_kubernetes_executor.py
[2022-09-10 05:11:29,104] {processor.py:651} INFO - DAG(s) dict_keys(['example_kubernetes_executor']) retrieved from /home/airflow/.local/lib/python3.7/site-packages/airflow/example_dags/example_kubernetes_executor.py
[2022-09-10 05:11:29,205] {logging_mixin.py:115} INFO - [2022-09-10 05:11:29,205] {dag.py:2371} INFO - Sync 1 DAGs
[2022-09-10 05:11:29,269] {logging_mixin.py:115} INFO - [2022-09-10 05:11:29,269] {dag.py:2919} INFO - Setting next_dagrun for example_kubernetes_executor to None, run_after=None
[2022-09-10 05:11:29,305] {processor.py:161} INFO - Processing /home/airflow/.local/lib/python3.7/site-packages/airflow/example_dags/example_kubernetes_executor.py took 0.295 seconds
[2022-09-10 05:12:18,367] {processor.py:153} INFO - Started process (PID=7668) to work on /home/airflow/.local/lib/python3.7/site-packages/airflow/example_dags/example_kubernetes_executor.py
[2022-09-10 05:12:18,369] {processor.py:641} INFO - Processing file /home/airflow/.local/lib/python3.7/site-packages/airflow/example_dags/example_kubernetes_executor.py for tasks to queue
[2022-09-10 05:12:18,380] {logging_mixin.py:115} INFO - [2022-09-10 05:12:18,379] {dagbag.py:507} INFO - Filling up the DagBag from /home/airflow/.local/lib/python3.7/site-packages/airflow/example_dags/example_kubernetes_executor.py
[2022-09-10 05:12:18,595] {processor.py:651} INFO - DAG(s) dict_keys(['example_kubernetes_executor']) retrieved from /home/airflow/.local/lib/python3.7/site-packages/airflow/example_dags/example_kubernetes_executor.py
[2022-09-10 05:12:18,784] {logging_mixin.py:115} INFO - [2022-09-10 05:12:18,783] {dag.py:2371} INFO - Sync 1 DAGs
[2022-09-10 05:12:18,934] {logging_mixin.py:115} INFO - [2022-09-10 05:12:18,933] {dag.py:2919} INFO - Setting next_dagrun for example_kubernetes_executor to None, run_after=None
[2022-09-10 05:12:18,999] {processor.py:161} INFO - Processing /home/airflow/.local/lib/python3.7/site-packages/airflow/example_dags/example_kubernetes_executor.py took 0.710 seconds
[2022-09-10 05:50:35,925] {processor.py:153} INFO - Started process (PID=7719) to work on /home/airflow/.local/lib/python3.7/site-packages/airflow/example_dags/example_kubernetes_executor.py
[2022-09-10 05:50:35,973] {processor.py:641} INFO - Processing file /home/airflow/.local/lib/python3.7/site-packages/airflow/example_dags/example_kubernetes_executor.py for tasks to queue
[2022-09-10 05:50:36,044] {logging_mixin.py:115} INFO - [2022-09-10 05:50:36,042] {dagbag.py:507} INFO - Filling up the DagBag from /home/airflow/.local/lib/python3.7/site-packages/airflow/example_dags/example_kubernetes_executor.py
[2022-09-10 05:50:40,732] {processor.py:651} INFO - DAG(s) dict_keys(['example_kubernetes_executor']) retrieved from /home/airflow/.local/lib/python3.7/site-packages/airflow/example_dags/example_kubernetes_executor.py
[2022-09-10 05:50:44,734] {logging_mixin.py:115} INFO - [2022-09-10 05:50:44,733] {dag.py:2371} INFO - Sync 1 DAGs
[2022-09-10 05:50:48,151] {logging_mixin.py:115} INFO - [2022-09-10 05:50:48,150] {dag.py:2919} INFO - Setting next_dagrun for example_kubernetes_executor to None, run_after=None
[2022-09-10 05:50:52,387] {processor.py:161} INFO - Processing /home/airflow/.local/lib/python3.7/site-packages/airflow/example_dags/example_kubernetes_executor.py took 16.939 seconds
[2022-09-10 06:45:06,772] {processor.py:153} INFO - Started process (PID=7787) to work on /home/airflow/.local/lib/python3.7/site-packages/airflow/example_dags/example_kubernetes_executor.py
[2022-09-10 06:45:06,833] {processor.py:641} INFO - Processing file /home/airflow/.local/lib/python3.7/site-packages/airflow/example_dags/example_kubernetes_executor.py for tasks to queue
[2022-09-10 06:45:07,703] {logging_mixin.py:115} INFO - [2022-09-10 06:45:07,659] {dagbag.py:507} INFO - Filling up the DagBag from /home/airflow/.local/lib/python3.7/site-packages/airflow/example_dags/example_kubernetes_executor.py
[2022-09-10 06:45:13,733] {processor.py:651} INFO - DAG(s) dict_keys(['example_kubernetes_executor']) retrieved from /home/airflow/.local/lib/python3.7/site-packages/airflow/example_dags/example_kubernetes_executor.py
[2022-09-10 06:45:14,606] {logging_mixin.py:115} INFO - [2022-09-10 06:45:14,606] {dag.py:2371} INFO - Sync 1 DAGs
[2022-09-10 06:45:14,814] {logging_mixin.py:115} INFO - [2022-09-10 06:45:14,814] {dag.py:2919} INFO - Setting next_dagrun for example_kubernetes_executor to None, run_after=None
[2022-09-10 06:45:14,935] {processor.py:161} INFO - Processing /home/airflow/.local/lib/python3.7/site-packages/airflow/example_dags/example_kubernetes_executor.py took 9.306 seconds
[2022-09-10 07:39:19,871] {processor.py:153} INFO - Started process (PID=7853) to work on /home/airflow/.local/lib/python3.7/site-packages/airflow/example_dags/example_kubernetes_executor.py
[2022-09-10 07:39:19,873] {processor.py:641} INFO - Processing file /home/airflow/.local/lib/python3.7/site-packages/airflow/example_dags/example_kubernetes_executor.py for tasks to queue
[2022-09-10 07:39:19,874] {logging_mixin.py:115} INFO - [2022-09-10 07:39:19,874] {dagbag.py:507} INFO - Filling up the DagBag from /home/airflow/.local/lib/python3.7/site-packages/airflow/example_dags/example_kubernetes_executor.py
[2022-09-10 07:39:20,327] {processor.py:651} INFO - DAG(s) dict_keys(['example_kubernetes_executor']) retrieved from /home/airflow/.local/lib/python3.7/site-packages/airflow/example_dags/example_kubernetes_executor.py
[2022-09-10 07:39:20,630] {logging_mixin.py:115} INFO - [2022-09-10 07:39:20,630] {dag.py:2371} INFO - Sync 1 DAGs
[2022-09-10 08:32:36,024] {logging_mixin.py:115} INFO - [2022-09-10 08:32:36,023] {dag.py:2919} INFO - Setting next_dagrun for example_kubernetes_executor to None, run_after=None
[2022-09-10 08:32:36,163] {processor.py:161} INFO - Processing /home/airflow/.local/lib/python3.7/site-packages/airflow/example_dags/example_kubernetes_executor.py took 1.531 seconds
[2022-09-10 08:33:35,303] {processor.py:153} INFO - Started process (PID=7924) to work on /home/airflow/.local/lib/python3.7/site-packages/airflow/example_dags/example_kubernetes_executor.py
[2022-09-10 08:33:35,305] {processor.py:641} INFO - Processing file /home/airflow/.local/lib/python3.7/site-packages/airflow/example_dags/example_kubernetes_executor.py for tasks to queue
[2022-09-10 08:33:35,306] {logging_mixin.py:115} INFO - [2022-09-10 08:33:35,306] {dagbag.py:507} INFO - Filling up the DagBag from /home/airflow/.local/lib/python3.7/site-packages/airflow/example_dags/example_kubernetes_executor.py
[2022-09-10 08:33:35,434] {processor.py:651} INFO - DAG(s) dict_keys(['example_kubernetes_executor']) retrieved from /home/airflow/.local/lib/python3.7/site-packages/airflow/example_dags/example_kubernetes_executor.py
[2022-09-10 08:33:35,547] {logging_mixin.py:115} INFO - [2022-09-10 08:33:35,547] {dag.py:2371} INFO - Sync 1 DAGs
[2022-09-10 08:33:35,637] {logging_mixin.py:115} INFO - [2022-09-10 08:33:35,637] {dag.py:2919} INFO - Setting next_dagrun for example_kubernetes_executor to None, run_after=None
[2022-09-10 08:33:35,680] {processor.py:161} INFO - Processing /home/airflow/.local/lib/python3.7/site-packages/airflow/example_dags/example_kubernetes_executor.py took 0.384 seconds
[2022-09-10 09:22:49,032] {processor.py:153} INFO - Started process (PID=7953) to work on /home/airflow/.local/lib/python3.7/site-packages/airflow/example_dags/example_kubernetes_executor.py
[2022-09-10 09:22:49,074] {processor.py:641} INFO - Processing file /home/airflow/.local/lib/python3.7/site-packages/airflow/example_dags/example_kubernetes_executor.py for tasks to queue
[2022-09-10 09:22:49,311] {logging_mixin.py:115} INFO - [2022-09-10 09:22:49,161] {dagbag.py:507} INFO - Filling up the DagBag from /home/airflow/.local/lib/python3.7/site-packages/airflow/example_dags/example_kubernetes_executor.py
[2022-09-10 09:22:57,596] {processor.py:651} INFO - DAG(s) dict_keys(['example_kubernetes_executor']) retrieved from /home/airflow/.local/lib/python3.7/site-packages/airflow/example_dags/example_kubernetes_executor.py
[2022-09-10 09:23:02,925] {logging_mixin.py:115} INFO - [2022-09-10 09:23:02,924] {dag.py:2371} INFO - Sync 1 DAGs
[2022-09-10 09:23:03,107] {logging_mixin.py:115} INFO - [2022-09-10 09:23:03,107] {dag.py:2919} INFO - Setting next_dagrun for example_kubernetes_executor to None, run_after=None
[2022-09-10 09:23:03,238] {processor.py:161} INFO - Processing /home/airflow/.local/lib/python3.7/site-packages/airflow/example_dags/example_kubernetes_executor.py took 14.639 seconds
[2022-09-10 10:16:51,742] {processor.py:153} INFO - Started process (PID=8007) to work on /home/airflow/.local/lib/python3.7/site-packages/airflow/example_dags/example_kubernetes_executor.py
[2022-09-10 10:16:51,791] {processor.py:641} INFO - Processing file /home/airflow/.local/lib/python3.7/site-packages/airflow/example_dags/example_kubernetes_executor.py for tasks to queue
[2022-09-10 10:16:51,972] {logging_mixin.py:115} INFO - [2022-09-10 10:16:51,967] {dagbag.py:507} INFO - Filling up the DagBag from /home/airflow/.local/lib/python3.7/site-packages/airflow/example_dags/example_kubernetes_executor.py
[2022-09-10 10:17:00,395] {processor.py:651} INFO - DAG(s) dict_keys(['example_kubernetes_executor']) retrieved from /home/airflow/.local/lib/python3.7/site-packages/airflow/example_dags/example_kubernetes_executor.py
[2022-09-10 10:17:07,083] {logging_mixin.py:115} INFO - [2022-09-10 10:17:07,029] {dag.py:2371} INFO - Sync 1 DAGs
[2022-09-10 10:17:12,231] {logging_mixin.py:115} INFO - [2022-09-10 10:17:12,231] {dag.py:2919} INFO - Setting next_dagrun for example_kubernetes_executor to None, run_after=None
[2022-09-10 10:17:13,039] {processor.py:161} INFO - Processing /home/airflow/.local/lib/python3.7/site-packages/airflow/example_dags/example_kubernetes_executor.py took 21.876 seconds
[2022-09-10 11:16:12,118] {processor.py:153} INFO - Started process (PID=8078) to work on /home/airflow/.local/lib/python3.7/site-packages/airflow/example_dags/example_kubernetes_executor.py
[2022-09-10 11:16:12,129] {processor.py:641} INFO - Processing file /home/airflow/.local/lib/python3.7/site-packages/airflow/example_dags/example_kubernetes_executor.py for tasks to queue
[2022-09-10 11:16:12,133] {logging_mixin.py:115} INFO - [2022-09-10 11:16:12,133] {dagbag.py:507} INFO - Filling up the DagBag from /home/airflow/.local/lib/python3.7/site-packages/airflow/example_dags/example_kubernetes_executor.py
[2022-09-10 11:16:12,284] {processor.py:651} INFO - DAG(s) dict_keys(['example_kubernetes_executor']) retrieved from /home/airflow/.local/lib/python3.7/site-packages/airflow/example_dags/example_kubernetes_executor.py
[2022-09-10 11:16:12,381] {logging_mixin.py:115} INFO - [2022-09-10 11:16:12,380] {dag.py:2371} INFO - Sync 1 DAGs
[2022-09-10 11:16:12,607] {logging_mixin.py:115} INFO - [2022-09-10 11:16:12,607] {dag.py:2919} INFO - Setting next_dagrun for example_kubernetes_executor to None, run_after=None
[2022-09-10 11:16:12,665] {processor.py:161} INFO - Processing /home/airflow/.local/lib/python3.7/site-packages/airflow/example_dags/example_kubernetes_executor.py took 0.565 seconds
[2022-09-10 11:16:54,332] {processor.py:153} INFO - Started process (PID=8133) to work on /home/airflow/.local/lib/python3.7/site-packages/airflow/example_dags/example_kubernetes_executor.py
[2022-09-10 11:16:54,413] {processor.py:641} INFO - Processing file /home/airflow/.local/lib/python3.7/site-packages/airflow/example_dags/example_kubernetes_executor.py for tasks to queue
[2022-09-10 11:16:54,553] {logging_mixin.py:115} INFO - [2022-09-10 11:16:54,551] {dagbag.py:507} INFO - Filling up the DagBag from /home/airflow/.local/lib/python3.7/site-packages/airflow/example_dags/example_kubernetes_executor.py
[2022-09-10 11:17:06,115] {processor.py:651} INFO - DAG(s) dict_keys(['example_kubernetes_executor']) retrieved from /home/airflow/.local/lib/python3.7/site-packages/airflow/example_dags/example_kubernetes_executor.py
[2022-09-10 11:17:07,212] {logging_mixin.py:115} INFO - [2022-09-10 11:17:07,211] {dag.py:2371} INFO - Sync 1 DAGs
[2022-09-10 11:17:07,440] {logging_mixin.py:115} INFO - [2022-09-10 11:17:07,440] {dag.py:2919} INFO - Setting next_dagrun for example_kubernetes_executor to None, run_after=None
[2022-09-10 11:17:07,516] {processor.py:161} INFO - Processing /home/airflow/.local/lib/python3.7/site-packages/airflow/example_dags/example_kubernetes_executor.py took 13.902 seconds
[2022-09-10 12:05:17,511] {processor.py:153} INFO - Started process (PID=8179) to work on /home/airflow/.local/lib/python3.7/site-packages/airflow/example_dags/example_kubernetes_executor.py
[2022-09-10 12:05:17,514] {processor.py:641} INFO - Processing file /home/airflow/.local/lib/python3.7/site-packages/airflow/example_dags/example_kubernetes_executor.py for tasks to queue
[2022-09-10 12:05:17,516] {logging_mixin.py:115} INFO - [2022-09-10 12:05:17,516] {dagbag.py:507} INFO - Filling up the DagBag from /home/airflow/.local/lib/python3.7/site-packages/airflow/example_dags/example_kubernetes_executor.py
[2022-09-10 12:05:17,563] {processor.py:651} INFO - DAG(s) dict_keys(['example_kubernetes_executor']) retrieved from /home/airflow/.local/lib/python3.7/site-packages/airflow/example_dags/example_kubernetes_executor.py
[2022-09-10 12:05:17,610] {logging_mixin.py:115} INFO - [2022-09-10 12:05:17,610] {dag.py:2371} INFO - Sync 1 DAGs
[2022-09-10 12:05:17,652] {logging_mixin.py:115} INFO - [2022-09-10 12:05:17,652] {dag.py:2919} INFO - Setting next_dagrun for example_kubernetes_executor to None, run_after=None
[2022-09-10 12:05:17,678] {processor.py:161} INFO - Processing /home/airflow/.local/lib/python3.7/site-packages/airflow/example_dags/example_kubernetes_executor.py took 0.174 seconds
[2022-09-10 12:06:20,499] {processor.py:153} INFO - Started process (PID=8218) to work on /home/airflow/.local/lib/python3.7/site-packages/airflow/example_dags/example_kubernetes_executor.py
[2022-09-10 12:06:20,509] {processor.py:641} INFO - Processing file /home/airflow/.local/lib/python3.7/site-packages/airflow/example_dags/example_kubernetes_executor.py for tasks to queue
[2022-09-10 12:06:20,527] {logging_mixin.py:115} INFO - [2022-09-10 12:06:20,526] {dagbag.py:507} INFO - Filling up the DagBag from /home/airflow/.local/lib/python3.7/site-packages/airflow/example_dags/example_kubernetes_executor.py
[2022-09-10 12:06:21,110] {processor.py:651} INFO - DAG(s) dict_keys(['example_kubernetes_executor']) retrieved from /home/airflow/.local/lib/python3.7/site-packages/airflow/example_dags/example_kubernetes_executor.py
[2022-09-10 12:06:21,773] {logging_mixin.py:115} INFO - [2022-09-10 12:06:21,773] {dag.py:2371} INFO - Sync 1 DAGs
[2022-09-10 12:06:22,240] {logging_mixin.py:115} INFO - [2022-09-10 12:06:22,240] {dag.py:2919} INFO - Setting next_dagrun for example_kubernetes_executor to None, run_after=None
[2022-09-10 12:06:22,357] {processor.py:161} INFO - Processing /home/airflow/.local/lib/python3.7/site-packages/airflow/example_dags/example_kubernetes_executor.py took 1.935 seconds
[2022-09-10 12:06:52,504] {processor.py:153} INFO - Started process (PID=8275) to work on /home/airflow/.local/lib/python3.7/site-packages/airflow/example_dags/example_kubernetes_executor.py
[2022-09-10 12:06:52,508] {processor.py:641} INFO - Processing file /home/airflow/.local/lib/python3.7/site-packages/airflow/example_dags/example_kubernetes_executor.py for tasks to queue
[2022-09-10 12:06:52,511] {logging_mixin.py:115} INFO - [2022-09-10 12:06:52,511] {dagbag.py:507} INFO - Filling up the DagBag from /home/airflow/.local/lib/python3.7/site-packages/airflow/example_dags/example_kubernetes_executor.py
[2022-09-10 12:06:52,590] {processor.py:651} INFO - DAG(s) dict_keys(['example_kubernetes_executor']) retrieved from /home/airflow/.local/lib/python3.7/site-packages/airflow/example_dags/example_kubernetes_executor.py
[2022-09-10 12:06:52,706] {logging_mixin.py:115} INFO - [2022-09-10 12:06:52,706] {dag.py:2371} INFO - Sync 1 DAGs
[2022-09-10 12:06:52,789] {logging_mixin.py:115} INFO - [2022-09-10 12:06:52,789] {dag.py:2919} INFO - Setting next_dagrun for example_kubernetes_executor to None, run_after=None
[2022-09-10 12:06:52,839] {processor.py:161} INFO - Processing /home/airflow/.local/lib/python3.7/site-packages/airflow/example_dags/example_kubernetes_executor.py took 0.348 seconds
[2022-09-10 12:59:29,626] {processor.py:153} INFO - Started process (PID=8322) to work on /home/airflow/.local/lib/python3.7/site-packages/airflow/example_dags/example_kubernetes_executor.py
[2022-09-10 12:59:29,631] {processor.py:641} INFO - Processing file /home/airflow/.local/lib/python3.7/site-packages/airflow/example_dags/example_kubernetes_executor.py for tasks to queue
[2022-09-10 12:59:29,632] {logging_mixin.py:115} INFO - [2022-09-10 12:59:29,632] {dagbag.py:507} INFO - Filling up the DagBag from /home/airflow/.local/lib/python3.7/site-packages/airflow/example_dags/example_kubernetes_executor.py
[2022-09-10 12:59:29,749] {processor.py:651} INFO - DAG(s) dict_keys(['example_kubernetes_executor']) retrieved from /home/airflow/.local/lib/python3.7/site-packages/airflow/example_dags/example_kubernetes_executor.py
[2022-09-10 12:59:29,839] {logging_mixin.py:115} INFO - [2022-09-10 12:59:29,839] {dag.py:2371} INFO - Sync 1 DAGs
[2022-09-10 12:59:29,973] {logging_mixin.py:115} INFO - [2022-09-10 12:59:29,973] {dag.py:2919} INFO - Setting next_dagrun for example_kubernetes_executor to None, run_after=None
[2022-09-10 12:59:30,030] {processor.py:161} INFO - Processing /home/airflow/.local/lib/python3.7/site-packages/airflow/example_dags/example_kubernetes_executor.py took 0.435 seconds
[2022-09-10 13:00:23,540] {processor.py:153} INFO - Started process (PID=8379) to work on /home/airflow/.local/lib/python3.7/site-packages/airflow/example_dags/example_kubernetes_executor.py
[2022-09-10 13:00:23,543] {processor.py:641} INFO - Processing file /home/airflow/.local/lib/python3.7/site-packages/airflow/example_dags/example_kubernetes_executor.py for tasks to queue
[2022-09-10 13:00:23,547] {logging_mixin.py:115} INFO - [2022-09-10 13:00:23,546] {dagbag.py:507} INFO - Filling up the DagBag from /home/airflow/.local/lib/python3.7/site-packages/airflow/example_dags/example_kubernetes_executor.py
[2022-09-10 13:00:23,585] {processor.py:651} INFO - DAG(s) dict_keys(['example_kubernetes_executor']) retrieved from /home/airflow/.local/lib/python3.7/site-packages/airflow/example_dags/example_kubernetes_executor.py
[2022-09-10 13:00:23,649] {logging_mixin.py:115} INFO - [2022-09-10 13:00:23,649] {dag.py:2371} INFO - Sync 1 DAGs
[2022-09-10 13:00:23,698] {logging_mixin.py:115} INFO - [2022-09-10 13:00:23,698] {dag.py:2919} INFO - Setting next_dagrun for example_kubernetes_executor to None, run_after=None
[2022-09-10 13:00:23,728] {processor.py:161} INFO - Processing /home/airflow/.local/lib/python3.7/site-packages/airflow/example_dags/example_kubernetes_executor.py took 0.212 seconds
[2022-09-10 13:54:07,923] {processor.py:153} INFO - Started process (PID=8402) to work on /home/airflow/.local/lib/python3.7/site-packages/airflow/example_dags/example_kubernetes_executor.py
[2022-09-10 13:54:08,241] {processor.py:641} INFO - Processing file /home/airflow/.local/lib/python3.7/site-packages/airflow/example_dags/example_kubernetes_executor.py for tasks to queue
[2022-09-10 13:54:08,404] {logging_mixin.py:115} INFO - [2022-09-10 13:54:08,401] {dagbag.py:507} INFO - Filling up the DagBag from /home/airflow/.local/lib/python3.7/site-packages/airflow/example_dags/example_kubernetes_executor.py
[2022-09-10 13:54:15,240] {processor.py:651} INFO - DAG(s) dict_keys(['example_kubernetes_executor']) retrieved from /home/airflow/.local/lib/python3.7/site-packages/airflow/example_dags/example_kubernetes_executor.py
[2022-09-10 13:54:20,856] {logging_mixin.py:115} INFO - [2022-09-10 13:54:20,855] {dag.py:2371} INFO - Sync 1 DAGs
[2022-09-10 13:54:21,753] {logging_mixin.py:115} INFO - [2022-09-10 13:54:21,753] {dag.py:2919} INFO - Setting next_dagrun for example_kubernetes_executor to None, run_after=None
[2022-09-10 13:54:21,929] {processor.py:161} INFO - Processing /home/airflow/.local/lib/python3.7/site-packages/airflow/example_dags/example_kubernetes_executor.py took 15.165 seconds
[2022-09-10 14:48:37,311] {processor.py:153} INFO - Started process (PID=8480) to work on /home/airflow/.local/lib/python3.7/site-packages/airflow/example_dags/example_kubernetes_executor.py
[2022-09-10 14:48:37,315] {processor.py:641} INFO - Processing file /home/airflow/.local/lib/python3.7/site-packages/airflow/example_dags/example_kubernetes_executor.py for tasks to queue
[2022-09-10 14:48:37,316] {logging_mixin.py:115} INFO - [2022-09-10 14:48:37,316] {dagbag.py:507} INFO - Filling up the DagBag from /home/airflow/.local/lib/python3.7/site-packages/airflow/example_dags/example_kubernetes_executor.py
[2022-09-10 14:48:37,427] {processor.py:651} INFO - DAG(s) dict_keys(['example_kubernetes_executor']) retrieved from /home/airflow/.local/lib/python3.7/site-packages/airflow/example_dags/example_kubernetes_executor.py
[2022-09-10 14:48:37,520] {logging_mixin.py:115} INFO - [2022-09-10 14:48:37,520] {dag.py:2371} INFO - Sync 1 DAGs
[2022-09-10 14:48:37,589] {logging_mixin.py:115} INFO - [2022-09-10 14:48:37,589] {dag.py:2919} INFO - Setting next_dagrun for example_kubernetes_executor to None, run_after=None
[2022-09-10 14:48:37,647] {processor.py:161} INFO - Processing /home/airflow/.local/lib/python3.7/site-packages/airflow/example_dags/example_kubernetes_executor.py took 0.351 seconds
[2022-09-10 14:55:15,137] {processor.py:153} INFO - Started process (PID=8528) to work on /home/airflow/.local/lib/python3.7/site-packages/airflow/example_dags/example_kubernetes_executor.py
[2022-09-10 14:55:15,145] {processor.py:641} INFO - Processing file /home/airflow/.local/lib/python3.7/site-packages/airflow/example_dags/example_kubernetes_executor.py for tasks to queue
[2022-09-10 14:55:15,153] {logging_mixin.py:115} INFO - [2022-09-10 14:55:15,152] {dagbag.py:507} INFO - Filling up the DagBag from /home/airflow/.local/lib/python3.7/site-packages/airflow/example_dags/example_kubernetes_executor.py
[2022-09-10 14:55:15,372] {processor.py:651} INFO - DAG(s) dict_keys(['example_kubernetes_executor']) retrieved from /home/airflow/.local/lib/python3.7/site-packages/airflow/example_dags/example_kubernetes_executor.py
[2022-09-10 14:55:15,768] {logging_mixin.py:115} INFO - [2022-09-10 14:55:15,767] {dag.py:2371} INFO - Sync 1 DAGs
[2022-09-10 14:55:15,921] {logging_mixin.py:115} INFO - [2022-09-10 14:55:15,921] {dag.py:2919} INFO - Setting next_dagrun for example_kubernetes_executor to None, run_after=None
[2022-09-10 14:55:16,010] {processor.py:161} INFO - Processing /home/airflow/.local/lib/python3.7/site-packages/airflow/example_dags/example_kubernetes_executor.py took 0.879 seconds
[2022-09-10 15:10:40,128] {processor.py:153} INFO - Started process (PID=8574) to work on /home/airflow/.local/lib/python3.7/site-packages/airflow/example_dags/example_kubernetes_executor.py
[2022-09-10 15:10:40,268] {processor.py:641} INFO - Processing file /home/airflow/.local/lib/python3.7/site-packages/airflow/example_dags/example_kubernetes_executor.py for tasks to queue
[2022-09-10 15:10:40,453] {logging_mixin.py:115} INFO - [2022-09-10 15:10:40,445] {dagbag.py:507} INFO - Filling up the DagBag from /home/airflow/.local/lib/python3.7/site-packages/airflow/example_dags/example_kubernetes_executor.py
[2022-09-10 15:10:46,218] {processor.py:651} INFO - DAG(s) dict_keys(['example_kubernetes_executor']) retrieved from /home/airflow/.local/lib/python3.7/site-packages/airflow/example_dags/example_kubernetes_executor.py
[2022-09-10 15:10:50,453] {logging_mixin.py:115} INFO - [2022-09-10 15:10:50,452] {dag.py:2371} INFO - Sync 1 DAGs
[2022-09-10 15:10:56,152] {logging_mixin.py:115} INFO - [2022-09-10 15:10:56,126] {dag.py:2919} INFO - Setting next_dagrun for example_kubernetes_executor to None, run_after=None
[2022-09-10 15:10:59,183] {processor.py:161} INFO - Processing /home/airflow/.local/lib/python3.7/site-packages/airflow/example_dags/example_kubernetes_executor.py took 20.566 seconds
[2022-09-10 15:50:38,842] {processor.py:153} INFO - Started process (PID=8638) to work on /home/airflow/.local/lib/python3.7/site-packages/airflow/example_dags/example_kubernetes_executor.py
[2022-09-10 15:50:38,966] {processor.py:641} INFO - Processing file /home/airflow/.local/lib/python3.7/site-packages/airflow/example_dags/example_kubernetes_executor.py for tasks to queue
[2022-09-10 15:50:39,065] {logging_mixin.py:115} INFO - [2022-09-10 15:50:39,056] {dagbag.py:507} INFO - Filling up the DagBag from /home/airflow/.local/lib/python3.7/site-packages/airflow/example_dags/example_kubernetes_executor.py
[2022-09-10 15:50:45,300] {processor.py:651} INFO - DAG(s) dict_keys(['example_kubernetes_executor']) retrieved from /home/airflow/.local/lib/python3.7/site-packages/airflow/example_dags/example_kubernetes_executor.py
[2022-09-10 15:50:47,236] {logging_mixin.py:115} INFO - [2022-09-10 15:50:47,230] {dag.py:2371} INFO - Sync 1 DAGs
[2022-09-10 15:50:53,591] {logging_mixin.py:115} INFO - [2022-09-10 15:50:53,547] {dag.py:2919} INFO - Setting next_dagrun for example_kubernetes_executor to None, run_after=None
[2022-09-10 15:50:56,020] {processor.py:161} INFO - Processing /home/airflow/.local/lib/python3.7/site-packages/airflow/example_dags/example_kubernetes_executor.py took 17.612 seconds
[2022-09-10 16:44:55,372] {processor.py:153} INFO - Started process (PID=8705) to work on /home/airflow/.local/lib/python3.7/site-packages/airflow/example_dags/example_kubernetes_executor.py
[2022-09-10 16:44:55,451] {processor.py:641} INFO - Processing file /home/airflow/.local/lib/python3.7/site-packages/airflow/example_dags/example_kubernetes_executor.py for tasks to queue
[2022-09-10 16:44:55,603] {logging_mixin.py:115} INFO - [2022-09-10 16:44:55,580] {dagbag.py:507} INFO - Filling up the DagBag from /home/airflow/.local/lib/python3.7/site-packages/airflow/example_dags/example_kubernetes_executor.py
[2022-09-10 16:45:04,972] {processor.py:651} INFO - DAG(s) dict_keys(['example_kubernetes_executor']) retrieved from /home/airflow/.local/lib/python3.7/site-packages/airflow/example_dags/example_kubernetes_executor.py
[2022-09-10 16:45:09,554] {logging_mixin.py:115} INFO - [2022-09-10 16:45:09,531] {dag.py:2371} INFO - Sync 1 DAGs
[2022-09-10 16:45:13,622] {logging_mixin.py:115} INFO - [2022-09-10 16:45:13,620] {dag.py:2919} INFO - Setting next_dagrun for example_kubernetes_executor to None, run_after=None
[2022-09-10 16:45:16,444] {processor.py:161} INFO - Processing /home/airflow/.local/lib/python3.7/site-packages/airflow/example_dags/example_kubernetes_executor.py took 21.516 seconds
[2022-09-10 17:38:38,771] {processor.py:153} INFO - Started process (PID=8761) to work on /home/airflow/.local/lib/python3.7/site-packages/airflow/example_dags/example_kubernetes_executor.py
[2022-09-10 17:38:38,784] {processor.py:641} INFO - Processing file /home/airflow/.local/lib/python3.7/site-packages/airflow/example_dags/example_kubernetes_executor.py for tasks to queue
[2022-09-10 17:38:38,786] {logging_mixin.py:115} INFO - [2022-09-10 17:38:38,785] {dagbag.py:507} INFO - Filling up the DagBag from /home/airflow/.local/lib/python3.7/site-packages/airflow/example_dags/example_kubernetes_executor.py
[2022-09-10 17:38:38,875] {processor.py:651} INFO - DAG(s) dict_keys(['example_kubernetes_executor']) retrieved from /home/airflow/.local/lib/python3.7/site-packages/airflow/example_dags/example_kubernetes_executor.py
[2022-09-10 17:38:38,945] {logging_mixin.py:115} INFO - [2022-09-10 17:38:38,945] {dag.py:2371} INFO - Sync 1 DAGs
[2022-09-10 17:38:38,986] {logging_mixin.py:115} INFO - [2022-09-10 17:38:38,986] {dag.py:2919} INFO - Setting next_dagrun for example_kubernetes_executor to None, run_after=None
[2022-09-10 17:38:39,037] {processor.py:161} INFO - Processing /home/airflow/.local/lib/python3.7/site-packages/airflow/example_dags/example_kubernetes_executor.py took 0.270 seconds
[2022-09-10 17:39:26,108] {processor.py:153} INFO - Started process (PID=8808) to work on /home/airflow/.local/lib/python3.7/site-packages/airflow/example_dags/example_kubernetes_executor.py
[2022-09-10 17:39:26,153] {processor.py:641} INFO - Processing file /home/airflow/.local/lib/python3.7/site-packages/airflow/example_dags/example_kubernetes_executor.py for tasks to queue
[2022-09-10 17:39:26,179] {logging_mixin.py:115} INFO - [2022-09-10 17:39:26,179] {dagbag.py:507} INFO - Filling up the DagBag from /home/airflow/.local/lib/python3.7/site-packages/airflow/example_dags/example_kubernetes_executor.py
[2022-09-10 17:39:26,458] {processor.py:651} INFO - DAG(s) dict_keys(['example_kubernetes_executor']) retrieved from /home/airflow/.local/lib/python3.7/site-packages/airflow/example_dags/example_kubernetes_executor.py
[2022-09-10 17:39:26,707] {logging_mixin.py:115} INFO - [2022-09-10 17:39:26,706] {dag.py:2371} INFO - Sync 1 DAGs
[2022-09-10 17:39:26,931] {logging_mixin.py:115} INFO - [2022-09-10 17:39:26,931] {dag.py:2919} INFO - Setting next_dagrun for example_kubernetes_executor to None, run_after=None
[2022-09-10 17:39:27,047] {processor.py:161} INFO - Processing /home/airflow/.local/lib/python3.7/site-packages/airflow/example_dags/example_kubernetes_executor.py took 0.958 seconds
[2022-09-10 18:33:02,948] {processor.py:153} INFO - Started process (PID=8852) to work on /home/airflow/.local/lib/python3.7/site-packages/airflow/example_dags/example_kubernetes_executor.py
[2022-09-10 18:33:02,999] {processor.py:641} INFO - Processing file /home/airflow/.local/lib/python3.7/site-packages/airflow/example_dags/example_kubernetes_executor.py for tasks to queue
[2022-09-10 18:33:03,097] {logging_mixin.py:115} INFO - [2022-09-10 18:33:03,068] {dagbag.py:507} INFO - Filling up the DagBag from /home/airflow/.local/lib/python3.7/site-packages/airflow/example_dags/example_kubernetes_executor.py
[2022-09-10 18:33:08,076] {processor.py:651} INFO - DAG(s) dict_keys(['example_kubernetes_executor']) retrieved from /home/airflow/.local/lib/python3.7/site-packages/airflow/example_dags/example_kubernetes_executor.py
[2022-09-10 18:33:11,428] {logging_mixin.py:115} INFO - [2022-09-10 18:33:11,403] {dag.py:2371} INFO - Sync 1 DAGs
[2022-09-10 18:33:14,241] {logging_mixin.py:115} INFO - [2022-09-10 18:33:14,226] {dag.py:2919} INFO - Setting next_dagrun for example_kubernetes_executor to None, run_after=None
[2022-09-10 18:33:18,485] {processor.py:161} INFO - Processing /home/airflow/.local/lib/python3.7/site-packages/airflow/example_dags/example_kubernetes_executor.py took 16.065 seconds
[2022-09-10 19:27:28,245] {processor.py:153} INFO - Started process (PID=8922) to work on /home/airflow/.local/lib/python3.7/site-packages/airflow/example_dags/example_kubernetes_executor.py
[2022-09-10 19:27:28,317] {processor.py:641} INFO - Processing file /home/airflow/.local/lib/python3.7/site-packages/airflow/example_dags/example_kubernetes_executor.py for tasks to queue
[2022-09-10 19:27:28,641] {logging_mixin.py:115} INFO - [2022-09-10 19:27:28,586] {dagbag.py:507} INFO - Filling up the DagBag from /home/airflow/.local/lib/python3.7/site-packages/airflow/example_dags/example_kubernetes_executor.py
[2022-09-10 19:27:35,165] {processor.py:651} INFO - DAG(s) dict_keys(['example_kubernetes_executor']) retrieved from /home/airflow/.local/lib/python3.7/site-packages/airflow/example_dags/example_kubernetes_executor.py
[2022-09-10 19:27:40,555] {logging_mixin.py:115} INFO - [2022-09-10 19:27:40,555] {dag.py:2371} INFO - Sync 1 DAGs
[2022-09-10 19:27:41,259] {logging_mixin.py:115} INFO - [2022-09-10 19:27:41,258] {dag.py:2919} INFO - Setting next_dagrun for example_kubernetes_executor to None, run_after=None
[2022-09-10 19:27:41,377] {processor.py:161} INFO - Processing /home/airflow/.local/lib/python3.7/site-packages/airflow/example_dags/example_kubernetes_executor.py took 14.691 seconds
[2022-09-10 20:21:38,544] {processor.py:153} INFO - Started process (PID=8994) to work on /home/airflow/.local/lib/python3.7/site-packages/airflow/example_dags/example_kubernetes_executor.py
[2022-09-10 20:21:38,577] {processor.py:641} INFO - Processing file /home/airflow/.local/lib/python3.7/site-packages/airflow/example_dags/example_kubernetes_executor.py for tasks to queue
[2022-09-10 20:21:38,750] {logging_mixin.py:115} INFO - [2022-09-10 20:21:38,713] {dagbag.py:507} INFO - Filling up the DagBag from /home/airflow/.local/lib/python3.7/site-packages/airflow/example_dags/example_kubernetes_executor.py
[2022-09-10 20:21:43,690] {processor.py:651} INFO - DAG(s) dict_keys(['example_kubernetes_executor']) retrieved from /home/airflow/.local/lib/python3.7/site-packages/airflow/example_dags/example_kubernetes_executor.py
[2022-09-10 20:21:45,674] {logging_mixin.py:115} INFO - [2022-09-10 20:21:45,674] {dag.py:2371} INFO - Sync 1 DAGs
[2022-09-10 20:21:45,865] {logging_mixin.py:115} INFO - [2022-09-10 20:21:45,865] {dag.py:2919} INFO - Setting next_dagrun for example_kubernetes_executor to None, run_after=None
[2022-09-10 20:21:46,260] {processor.py:161} INFO - Processing /home/airflow/.local/lib/python3.7/site-packages/airflow/example_dags/example_kubernetes_executor.py took 9.469 seconds
[2022-09-10 20:31:25,467] {processor.py:153} INFO - Started process (PID=9054) to work on /home/airflow/.local/lib/python3.7/site-packages/airflow/example_dags/example_kubernetes_executor.py
[2022-09-10 20:31:25,471] {processor.py:641} INFO - Processing file /home/airflow/.local/lib/python3.7/site-packages/airflow/example_dags/example_kubernetes_executor.py for tasks to queue
[2022-09-10 20:31:25,477] {logging_mixin.py:115} INFO - [2022-09-10 20:31:25,476] {dagbag.py:507} INFO - Filling up the DagBag from /home/airflow/.local/lib/python3.7/site-packages/airflow/example_dags/example_kubernetes_executor.py
[2022-09-10 20:31:25,662] {processor.py:651} INFO - DAG(s) dict_keys(['example_kubernetes_executor']) retrieved from /home/airflow/.local/lib/python3.7/site-packages/airflow/example_dags/example_kubernetes_executor.py
[2022-09-10 20:31:25,728] {logging_mixin.py:115} INFO - [2022-09-10 20:31:25,728] {dag.py:2371} INFO - Sync 1 DAGs
[2022-09-10 20:31:25,779] {logging_mixin.py:115} INFO - [2022-09-10 20:31:25,778] {dag.py:2919} INFO - Setting next_dagrun for example_kubernetes_executor to None, run_after=None
[2022-09-10 20:31:25,806] {processor.py:161} INFO - Processing /home/airflow/.local/lib/python3.7/site-packages/airflow/example_dags/example_kubernetes_executor.py took 0.364 seconds
[2022-09-10 20:48:48,358] {processor.py:153} INFO - Started process (PID=9099) to work on /home/airflow/.local/lib/python3.7/site-packages/airflow/example_dags/example_kubernetes_executor.py
[2022-09-10 20:48:48,483] {processor.py:641} INFO - Processing file /home/airflow/.local/lib/python3.7/site-packages/airflow/example_dags/example_kubernetes_executor.py for tasks to queue
[2022-09-10 20:48:48,536] {logging_mixin.py:115} INFO - [2022-09-10 20:48:48,535] {dagbag.py:507} INFO - Filling up the DagBag from /home/airflow/.local/lib/python3.7/site-packages/airflow/example_dags/example_kubernetes_executor.py
[2022-09-10 20:48:56,911] {processor.py:651} INFO - DAG(s) dict_keys(['example_kubernetes_executor']) retrieved from /home/airflow/.local/lib/python3.7/site-packages/airflow/example_dags/example_kubernetes_executor.py
[2022-09-10 20:48:59,545] {logging_mixin.py:115} INFO - [2022-09-10 20:48:59,545] {dag.py:2371} INFO - Sync 1 DAGs
[2022-09-10 20:49:00,552] {logging_mixin.py:115} INFO - [2022-09-10 20:49:00,551] {dag.py:2919} INFO - Setting next_dagrun for example_kubernetes_executor to None, run_after=None
[2022-09-10 20:49:01,230] {processor.py:161} INFO - Processing /home/airflow/.local/lib/python3.7/site-packages/airflow/example_dags/example_kubernetes_executor.py took 13.806 seconds
[2022-09-10 20:49:40,501] {processor.py:153} INFO - Started process (PID=9168) to work on /home/airflow/.local/lib/python3.7/site-packages/airflow/example_dags/example_kubernetes_executor.py
[2022-09-10 20:49:40,506] {processor.py:641} INFO - Processing file /home/airflow/.local/lib/python3.7/site-packages/airflow/example_dags/example_kubernetes_executor.py for tasks to queue
[2022-09-10 20:49:40,512] {logging_mixin.py:115} INFO - [2022-09-10 20:49:40,510] {dagbag.py:507} INFO - Filling up the DagBag from /home/airflow/.local/lib/python3.7/site-packages/airflow/example_dags/example_kubernetes_executor.py
[2022-09-10 20:49:40,803] {processor.py:651} INFO - DAG(s) dict_keys(['example_kubernetes_executor']) retrieved from /home/airflow/.local/lib/python3.7/site-packages/airflow/example_dags/example_kubernetes_executor.py
[2022-09-10 20:49:41,158] {logging_mixin.py:115} INFO - [2022-09-10 20:49:41,157] {dag.py:2371} INFO - Sync 1 DAGs
[2022-09-10 20:49:41,294] {logging_mixin.py:115} INFO - [2022-09-10 20:49:41,294] {dag.py:2919} INFO - Setting next_dagrun for example_kubernetes_executor to None, run_after=None
[2022-09-10 20:49:41,398] {processor.py:161} INFO - Processing /home/airflow/.local/lib/python3.7/site-packages/airflow/example_dags/example_kubernetes_executor.py took 0.921 seconds
[2022-09-10 21:23:07,914] {processor.py:153} INFO - Started process (PID=9233) to work on /home/airflow/.local/lib/python3.7/site-packages/airflow/example_dags/example_kubernetes_executor.py
[2022-09-10 21:23:07,943] {processor.py:641} INFO - Processing file /home/airflow/.local/lib/python3.7/site-packages/airflow/example_dags/example_kubernetes_executor.py for tasks to queue
[2022-09-10 21:23:07,951] {logging_mixin.py:115} INFO - [2022-09-10 21:23:07,950] {dagbag.py:507} INFO - Filling up the DagBag from /home/airflow/.local/lib/python3.7/site-packages/airflow/example_dags/example_kubernetes_executor.py
[2022-09-10 21:23:08,146] {processor.py:651} INFO - DAG(s) dict_keys(['example_kubernetes_executor']) retrieved from /home/airflow/.local/lib/python3.7/site-packages/airflow/example_dags/example_kubernetes_executor.py
[2022-09-10 21:23:08,326] {logging_mixin.py:115} INFO - [2022-09-10 21:23:08,326] {dag.py:2371} INFO - Sync 1 DAGs
[2022-09-10 21:23:08,482] {logging_mixin.py:115} INFO - [2022-09-10 21:23:08,482] {dag.py:2919} INFO - Setting next_dagrun for example_kubernetes_executor to None, run_after=None
[2022-09-10 21:23:08,692] {processor.py:161} INFO - Processing /home/airflow/.local/lib/python3.7/site-packages/airflow/example_dags/example_kubernetes_executor.py took 0.810 seconds
[2022-09-10 21:23:12,535] {processor.py:153} INFO - Started process (PID=9250) to work on /home/airflow/.local/lib/python3.7/site-packages/airflow/example_dags/example_kubernetes_executor.py
[2022-09-10 21:23:12,539] {processor.py:641} INFO - Processing file /home/airflow/.local/lib/python3.7/site-packages/airflow/example_dags/example_kubernetes_executor.py for tasks to queue
[2022-09-10 21:23:12,545] {logging_mixin.py:115} INFO - [2022-09-10 21:23:12,544] {dagbag.py:507} INFO - Filling up the DagBag from /home/airflow/.local/lib/python3.7/site-packages/airflow/example_dags/example_kubernetes_executor.py
[2022-09-10 21:23:12,691] {processor.py:651} INFO - DAG(s) dict_keys(['example_kubernetes_executor']) retrieved from /home/airflow/.local/lib/python3.7/site-packages/airflow/example_dags/example_kubernetes_executor.py
[2022-09-10 21:23:12,819] {logging_mixin.py:115} INFO - [2022-09-10 21:23:12,819] {dag.py:2371} INFO - Sync 1 DAGs
[2022-09-10 21:23:13,038] {logging_mixin.py:115} INFO - [2022-09-10 21:23:13,038] {dag.py:2919} INFO - Setting next_dagrun for example_kubernetes_executor to None, run_after=None
[2022-09-10 21:23:13,113] {processor.py:161} INFO - Processing /home/airflow/.local/lib/python3.7/site-packages/airflow/example_dags/example_kubernetes_executor.py took 0.586 seconds
[2022-09-10 21:24:01,084] {processor.py:153} INFO - Started process (PID=9301) to work on /home/airflow/.local/lib/python3.7/site-packages/airflow/example_dags/example_kubernetes_executor.py
[2022-09-10 21:24:01,085] {processor.py:641} INFO - Processing file /home/airflow/.local/lib/python3.7/site-packages/airflow/example_dags/example_kubernetes_executor.py for tasks to queue
[2022-09-10 21:24:01,094] {logging_mixin.py:115} INFO - [2022-09-10 21:24:01,094] {dagbag.py:507} INFO - Filling up the DagBag from /home/airflow/.local/lib/python3.7/site-packages/airflow/example_dags/example_kubernetes_executor.py
[2022-09-10 21:24:01,302] {processor.py:651} INFO - DAG(s) dict_keys(['example_kubernetes_executor']) retrieved from /home/airflow/.local/lib/python3.7/site-packages/airflow/example_dags/example_kubernetes_executor.py
[2022-09-10 21:24:01,452] {logging_mixin.py:115} INFO - [2022-09-10 21:24:01,451] {dag.py:2371} INFO - Sync 1 DAGs
[2022-09-10 21:24:01,615] {logging_mixin.py:115} INFO - [2022-09-10 21:24:01,614] {dag.py:2919} INFO - Setting next_dagrun for example_kubernetes_executor to None, run_after=None
[2022-09-10 21:24:01,697] {processor.py:161} INFO - Processing /home/airflow/.local/lib/python3.7/site-packages/airflow/example_dags/example_kubernetes_executor.py took 0.629 seconds
[2022-09-10 21:40:14,553] {processor.py:153} INFO - Started process (PID=9336) to work on /home/airflow/.local/lib/python3.7/site-packages/airflow/example_dags/example_kubernetes_executor.py
[2022-09-10 21:40:14,555] {processor.py:641} INFO - Processing file /home/airflow/.local/lib/python3.7/site-packages/airflow/example_dags/example_kubernetes_executor.py for tasks to queue
[2022-09-10 21:40:14,557] {logging_mixin.py:115} INFO - [2022-09-10 21:40:14,557] {dagbag.py:507} INFO - Filling up the DagBag from /home/airflow/.local/lib/python3.7/site-packages/airflow/example_dags/example_kubernetes_executor.py
[2022-09-10 21:40:14,590] {processor.py:651} INFO - DAG(s) dict_keys(['example_kubernetes_executor']) retrieved from /home/airflow/.local/lib/python3.7/site-packages/airflow/example_dags/example_kubernetes_executor.py
[2022-09-10 21:40:14,645] {logging_mixin.py:115} INFO - [2022-09-10 21:40:14,645] {dag.py:2371} INFO - Sync 1 DAGs
[2022-09-10 21:40:14,717] {logging_mixin.py:115} INFO - [2022-09-10 21:40:14,717] {dag.py:2919} INFO - Setting next_dagrun for example_kubernetes_executor to None, run_after=None
[2022-09-10 21:40:14,760] {processor.py:161} INFO - Processing /home/airflow/.local/lib/python3.7/site-packages/airflow/example_dags/example_kubernetes_executor.py took 0.215 seconds
[2022-09-10 21:41:23,559] {processor.py:153} INFO - Started process (PID=9408) to work on /home/airflow/.local/lib/python3.7/site-packages/airflow/example_dags/example_kubernetes_executor.py
[2022-09-10 21:41:23,561] {processor.py:641} INFO - Processing file /home/airflow/.local/lib/python3.7/site-packages/airflow/example_dags/example_kubernetes_executor.py for tasks to queue
[2022-09-10 21:41:23,563] {logging_mixin.py:115} INFO - [2022-09-10 21:41:23,563] {dagbag.py:507} INFO - Filling up the DagBag from /home/airflow/.local/lib/python3.7/site-packages/airflow/example_dags/example_kubernetes_executor.py
[2022-09-10 21:41:23,640] {processor.py:651} INFO - DAG(s) dict_keys(['example_kubernetes_executor']) retrieved from /home/airflow/.local/lib/python3.7/site-packages/airflow/example_dags/example_kubernetes_executor.py
[2022-09-10 21:41:23,769] {logging_mixin.py:115} INFO - [2022-09-10 21:41:23,768] {dag.py:2371} INFO - Sync 1 DAGs
[2022-09-10 21:41:23,844] {logging_mixin.py:115} INFO - [2022-09-10 21:41:23,844] {dag.py:2919} INFO - Setting next_dagrun for example_kubernetes_executor to None, run_after=None
[2022-09-10 21:41:23,875] {processor.py:161} INFO - Processing /home/airflow/.local/lib/python3.7/site-packages/airflow/example_dags/example_kubernetes_executor.py took 0.322 seconds
[2022-09-10 21:59:22,619] {processor.py:153} INFO - Started process (PID=9449) to work on /home/airflow/.local/lib/python3.7/site-packages/airflow/example_dags/example_kubernetes_executor.py
[2022-09-10 21:59:22,621] {processor.py:641} INFO - Processing file /home/airflow/.local/lib/python3.7/site-packages/airflow/example_dags/example_kubernetes_executor.py for tasks to queue
[2022-09-10 21:59:22,624] {logging_mixin.py:115} INFO - [2022-09-10 21:59:22,623] {dagbag.py:507} INFO - Filling up the DagBag from /home/airflow/.local/lib/python3.7/site-packages/airflow/example_dags/example_kubernetes_executor.py
[2022-09-10 21:59:22,794] {processor.py:651} INFO - DAG(s) dict_keys(['example_kubernetes_executor']) retrieved from /home/airflow/.local/lib/python3.7/site-packages/airflow/example_dags/example_kubernetes_executor.py
[2022-09-10 21:59:22,936] {logging_mixin.py:115} INFO - [2022-09-10 21:59:22,936] {dag.py:2371} INFO - Sync 1 DAGs
[2022-09-10 21:59:23,060] {logging_mixin.py:115} INFO - [2022-09-10 21:59:23,060] {dag.py:2919} INFO - Setting next_dagrun for example_kubernetes_executor to None, run_after=None
[2022-09-10 21:59:23,114] {processor.py:161} INFO - Processing /home/airflow/.local/lib/python3.7/site-packages/airflow/example_dags/example_kubernetes_executor.py took 0.507 seconds
[2022-09-10 22:16:04,061] {processor.py:153} INFO - Started process (PID=9486) to work on /home/airflow/.local/lib/python3.7/site-packages/airflow/example_dags/example_kubernetes_executor.py
[2022-09-10 22:16:04,062] {processor.py:641} INFO - Processing file /home/airflow/.local/lib/python3.7/site-packages/airflow/example_dags/example_kubernetes_executor.py for tasks to queue
[2022-09-10 22:16:04,066] {logging_mixin.py:115} INFO - [2022-09-10 22:16:04,066] {dagbag.py:507} INFO - Filling up the DagBag from /home/airflow/.local/lib/python3.7/site-packages/airflow/example_dags/example_kubernetes_executor.py
[2022-09-10 22:16:04,120] {processor.py:651} INFO - DAG(s) dict_keys(['example_kubernetes_executor']) retrieved from /home/airflow/.local/lib/python3.7/site-packages/airflow/example_dags/example_kubernetes_executor.py
[2022-09-10 22:16:04,168] {logging_mixin.py:115} INFO - [2022-09-10 22:16:04,167] {dag.py:2371} INFO - Sync 1 DAGs
[2022-09-10 22:16:04,228] {logging_mixin.py:115} INFO - [2022-09-10 22:16:04,227] {dag.py:2919} INFO - Setting next_dagrun for example_kubernetes_executor to None, run_after=None
[2022-09-10 22:16:04,276] {processor.py:161} INFO - Processing /home/airflow/.local/lib/python3.7/site-packages/airflow/example_dags/example_kubernetes_executor.py took 0.224 seconds
[2022-09-10 22:16:53,836] {processor.py:153} INFO - Started process (PID=9530) to work on /home/airflow/.local/lib/python3.7/site-packages/airflow/example_dags/example_kubernetes_executor.py
[2022-09-10 22:16:53,838] {processor.py:641} INFO - Processing file /home/airflow/.local/lib/python3.7/site-packages/airflow/example_dags/example_kubernetes_executor.py for tasks to queue
[2022-09-10 22:16:53,840] {logging_mixin.py:115} INFO - [2022-09-10 22:16:53,840] {dagbag.py:507} INFO - Filling up the DagBag from /home/airflow/.local/lib/python3.7/site-packages/airflow/example_dags/example_kubernetes_executor.py
[2022-09-10 22:16:54,186] {processor.py:651} INFO - DAG(s) dict_keys(['example_kubernetes_executor']) retrieved from /home/airflow/.local/lib/python3.7/site-packages/airflow/example_dags/example_kubernetes_executor.py
[2022-09-10 22:16:54,430] {logging_mixin.py:115} INFO - [2022-09-10 22:16:54,430] {dag.py:2371} INFO - Sync 1 DAGs
[2022-09-10 22:16:54,625] {logging_mixin.py:115} INFO - [2022-09-10 22:16:54,625] {dag.py:2919} INFO - Setting next_dagrun for example_kubernetes_executor to None, run_after=None
[2022-09-10 22:16:54,719] {processor.py:161} INFO - Processing /home/airflow/.local/lib/python3.7/site-packages/airflow/example_dags/example_kubernetes_executor.py took 0.915 seconds
[2022-09-10 22:34:18,310] {processor.py:153} INFO - Started process (PID=9566) to work on /home/airflow/.local/lib/python3.7/site-packages/airflow/example_dags/example_kubernetes_executor.py
[2022-09-10 22:34:18,431] {processor.py:641} INFO - Processing file /home/airflow/.local/lib/python3.7/site-packages/airflow/example_dags/example_kubernetes_executor.py for tasks to queue
[2022-09-10 22:34:18,670] {logging_mixin.py:115} INFO - [2022-09-10 22:34:18,669] {dagbag.py:507} INFO - Filling up the DagBag from /home/airflow/.local/lib/python3.7/site-packages/airflow/example_dags/example_kubernetes_executor.py
[2022-09-10 22:34:24,804] {processor.py:651} INFO - DAG(s) dict_keys(['example_kubernetes_executor']) retrieved from /home/airflow/.local/lib/python3.7/site-packages/airflow/example_dags/example_kubernetes_executor.py
[2022-09-10 22:34:29,259] {logging_mixin.py:115} INFO - [2022-09-10 22:34:29,253] {dag.py:2371} INFO - Sync 1 DAGs
[2022-09-10 22:34:33,500] {logging_mixin.py:115} INFO - [2022-09-10 22:34:33,442] {dag.py:2919} INFO - Setting next_dagrun for example_kubernetes_executor to None, run_after=None
[2022-09-10 22:34:35,201] {processor.py:161} INFO - Processing /home/airflow/.local/lib/python3.7/site-packages/airflow/example_dags/example_kubernetes_executor.py took 17.473 seconds
[2022-09-10 22:35:07,802] {processor.py:153} INFO - Started process (PID=9636) to work on /home/airflow/.local/lib/python3.7/site-packages/airflow/example_dags/example_kubernetes_executor.py
[2022-09-10 22:35:07,811] {processor.py:641} INFO - Processing file /home/airflow/.local/lib/python3.7/site-packages/airflow/example_dags/example_kubernetes_executor.py for tasks to queue
[2022-09-10 22:35:07,813] {logging_mixin.py:115} INFO - [2022-09-10 22:35:07,813] {dagbag.py:507} INFO - Filling up the DagBag from /home/airflow/.local/lib/python3.7/site-packages/airflow/example_dags/example_kubernetes_executor.py
[2022-09-10 22:35:07,883] {processor.py:651} INFO - DAG(s) dict_keys(['example_kubernetes_executor']) retrieved from /home/airflow/.local/lib/python3.7/site-packages/airflow/example_dags/example_kubernetes_executor.py
[2022-09-10 22:35:07,960] {logging_mixin.py:115} INFO - [2022-09-10 22:35:07,958] {dag.py:2371} INFO - Sync 1 DAGs
[2022-09-10 22:35:08,010] {logging_mixin.py:115} INFO - [2022-09-10 22:35:08,010] {dag.py:2919} INFO - Setting next_dagrun for example_kubernetes_executor to None, run_after=None
[2022-09-10 22:35:08,059] {processor.py:161} INFO - Processing /home/airflow/.local/lib/python3.7/site-packages/airflow/example_dags/example_kubernetes_executor.py took 0.262 seconds
[2022-09-10 23:12:26,349] {processor.py:153} INFO - Started process (PID=9647) to work on /home/airflow/.local/lib/python3.7/site-packages/airflow/example_dags/example_kubernetes_executor.py
[2022-09-10 23:12:26,382] {processor.py:641} INFO - Processing file /home/airflow/.local/lib/python3.7/site-packages/airflow/example_dags/example_kubernetes_executor.py for tasks to queue
[2022-09-10 23:12:26,449] {logging_mixin.py:115} INFO - [2022-09-10 23:12:26,418] {dagbag.py:507} INFO - Filling up the DagBag from /home/airflow/.local/lib/python3.7/site-packages/airflow/example_dags/example_kubernetes_executor.py
[2022-09-10 23:12:29,834] {processor.py:651} INFO - DAG(s) dict_keys(['example_kubernetes_executor']) retrieved from /home/airflow/.local/lib/python3.7/site-packages/airflow/example_dags/example_kubernetes_executor.py
[2022-09-10 23:12:37,990] {logging_mixin.py:115} INFO - [2022-09-10 23:12:37,988] {dag.py:2371} INFO - Sync 1 DAGs
[2022-09-10 23:12:43,919] {logging_mixin.py:115} INFO - [2022-09-10 23:12:43,916] {dag.py:2919} INFO - Setting next_dagrun for example_kubernetes_executor to None, run_after=None
[2022-09-10 23:12:47,091] {processor.py:161} INFO - Processing /home/airflow/.local/lib/python3.7/site-packages/airflow/example_dags/example_kubernetes_executor.py took 21.074 seconds
[2022-09-10 23:13:21,237] {processor.py:153} INFO - Started process (PID=9712) to work on /home/airflow/.local/lib/python3.7/site-packages/airflow/example_dags/example_kubernetes_executor.py
[2022-09-10 23:13:21,243] {processor.py:641} INFO - Processing file /home/airflow/.local/lib/python3.7/site-packages/airflow/example_dags/example_kubernetes_executor.py for tasks to queue
[2022-09-10 23:13:21,252] {logging_mixin.py:115} INFO - [2022-09-10 23:13:21,252] {dagbag.py:507} INFO - Filling up the DagBag from /home/airflow/.local/lib/python3.7/site-packages/airflow/example_dags/example_kubernetes_executor.py
[2022-09-10 23:13:21,396] {processor.py:651} INFO - DAG(s) dict_keys(['example_kubernetes_executor']) retrieved from /home/airflow/.local/lib/python3.7/site-packages/airflow/example_dags/example_kubernetes_executor.py
[2022-09-10 23:13:21,525] {logging_mixin.py:115} INFO - [2022-09-10 23:13:21,524] {dag.py:2371} INFO - Sync 1 DAGs
[2022-09-10 23:13:21,609] {logging_mixin.py:115} INFO - [2022-09-10 23:13:21,609] {dag.py:2919} INFO - Setting next_dagrun for example_kubernetes_executor to None, run_after=None
[2022-09-10 23:13:21,644] {processor.py:161} INFO - Processing /home/airflow/.local/lib/python3.7/site-packages/airflow/example_dags/example_kubernetes_executor.py took 0.425 seconds
[2022-09-10 23:13:52,430] {processor.py:153} INFO - Started process (PID=9769) to work on /home/airflow/.local/lib/python3.7/site-packages/airflow/example_dags/example_kubernetes_executor.py
[2022-09-10 23:13:52,432] {processor.py:641} INFO - Processing file /home/airflow/.local/lib/python3.7/site-packages/airflow/example_dags/example_kubernetes_executor.py for tasks to queue
[2022-09-10 23:13:52,435] {logging_mixin.py:115} INFO - [2022-09-10 23:13:52,435] {dagbag.py:507} INFO - Filling up the DagBag from /home/airflow/.local/lib/python3.7/site-packages/airflow/example_dags/example_kubernetes_executor.py
[2022-09-10 23:13:52,500] {processor.py:651} INFO - DAG(s) dict_keys(['example_kubernetes_executor']) retrieved from /home/airflow/.local/lib/python3.7/site-packages/airflow/example_dags/example_kubernetes_executor.py
[2022-09-10 23:13:52,562] {logging_mixin.py:115} INFO - [2022-09-10 23:13:52,562] {dag.py:2371} INFO - Sync 1 DAGs
[2022-09-10 23:13:52,608] {logging_mixin.py:115} INFO - [2022-09-10 23:13:52,608] {dag.py:2919} INFO - Setting next_dagrun for example_kubernetes_executor to None, run_after=None
[2022-09-10 23:13:52,636] {processor.py:161} INFO - Processing /home/airflow/.local/lib/python3.7/site-packages/airflow/example_dags/example_kubernetes_executor.py took 0.214 seconds
[2022-09-10 23:14:22,947] {processor.py:153} INFO - Started process (PID=9835) to work on /home/airflow/.local/lib/python3.7/site-packages/airflow/example_dags/example_kubernetes_executor.py
[2022-09-10 23:14:22,950] {processor.py:641} INFO - Processing file /home/airflow/.local/lib/python3.7/site-packages/airflow/example_dags/example_kubernetes_executor.py for tasks to queue
[2022-09-10 23:14:22,952] {logging_mixin.py:115} INFO - [2022-09-10 23:14:22,952] {dagbag.py:507} INFO - Filling up the DagBag from /home/airflow/.local/lib/python3.7/site-packages/airflow/example_dags/example_kubernetes_executor.py
[2022-09-10 23:14:23,004] {processor.py:651} INFO - DAG(s) dict_keys(['example_kubernetes_executor']) retrieved from /home/airflow/.local/lib/python3.7/site-packages/airflow/example_dags/example_kubernetes_executor.py
[2022-09-10 23:14:23,064] {logging_mixin.py:115} INFO - [2022-09-10 23:14:23,063] {dag.py:2371} INFO - Sync 1 DAGs
[2022-09-10 23:14:23,129] {logging_mixin.py:115} INFO - [2022-09-10 23:14:23,128] {dag.py:2919} INFO - Setting next_dagrun for example_kubernetes_executor to None, run_after=None
[2022-09-10 23:14:23,208] {processor.py:161} INFO - Processing /home/airflow/.local/lib/python3.7/site-packages/airflow/example_dags/example_kubernetes_executor.py took 0.272 seconds
[2022-09-10 23:14:53,733] {processor.py:153} INFO - Started process (PID=9891) to work on /home/airflow/.local/lib/python3.7/site-packages/airflow/example_dags/example_kubernetes_executor.py
[2022-09-10 23:14:53,736] {processor.py:641} INFO - Processing file /home/airflow/.local/lib/python3.7/site-packages/airflow/example_dags/example_kubernetes_executor.py for tasks to queue
[2022-09-10 23:14:53,740] {logging_mixin.py:115} INFO - [2022-09-10 23:14:53,740] {dagbag.py:507} INFO - Filling up the DagBag from /home/airflow/.local/lib/python3.7/site-packages/airflow/example_dags/example_kubernetes_executor.py
[2022-09-10 23:14:53,788] {processor.py:651} INFO - DAG(s) dict_keys(['example_kubernetes_executor']) retrieved from /home/airflow/.local/lib/python3.7/site-packages/airflow/example_dags/example_kubernetes_executor.py
[2022-09-10 23:14:53,845] {logging_mixin.py:115} INFO - [2022-09-10 23:14:53,845] {dag.py:2371} INFO - Sync 1 DAGs
[2022-09-10 23:14:53,894] {logging_mixin.py:115} INFO - [2022-09-10 23:14:53,893] {dag.py:2919} INFO - Setting next_dagrun for example_kubernetes_executor to None, run_after=None
[2022-09-10 23:14:53,930] {processor.py:161} INFO - Processing /home/airflow/.local/lib/python3.7/site-packages/airflow/example_dags/example_kubernetes_executor.py took 0.202 seconds
