[2022-09-10 00:12:42,412] {processor.py:153} INFO - Started process (PID=7181) to work on /home/airflow/.local/lib/python3.7/site-packages/airflow/example_dags/example_dag_decorator.py
[2022-09-10 00:12:42,418] {processor.py:641} INFO - Processing file /home/airflow/.local/lib/python3.7/site-packages/airflow/example_dags/example_dag_decorator.py for tasks to queue
[2022-09-10 00:12:42,419] {logging_mixin.py:115} INFO - [2022-09-10 00:12:42,419] {dagbag.py:507} INFO - Filling up the DagBag from /home/airflow/.local/lib/python3.7/site-packages/airflow/example_dags/example_dag_decorator.py
[2022-09-10 00:12:42,482] {processor.py:651} INFO - DAG(s) dict_keys(['example_dag_decorator']) retrieved from /home/airflow/.local/lib/python3.7/site-packages/airflow/example_dags/example_dag_decorator.py
[2022-09-10 00:12:42,686] {logging_mixin.py:115} INFO - [2022-09-10 00:12:42,685] {dag.py:2371} INFO - Sync 1 DAGs
[2022-09-10 00:12:42,736] {logging_mixin.py:115} INFO - [2022-09-10 00:12:42,736] {dag.py:2919} INFO - Setting next_dagrun for example_dag_decorator to None, run_after=None
[2022-09-10 00:12:42,758] {processor.py:161} INFO - Processing /home/airflow/.local/lib/python3.7/site-packages/airflow/example_dags/example_dag_decorator.py took 0.351 seconds
[2022-09-10 00:29:17,723] {processor.py:153} INFO - Started process (PID=7250) to work on /home/airflow/.local/lib/python3.7/site-packages/airflow/example_dags/example_dag_decorator.py
[2022-09-10 00:29:17,727] {processor.py:641} INFO - Processing file /home/airflow/.local/lib/python3.7/site-packages/airflow/example_dags/example_dag_decorator.py for tasks to queue
[2022-09-10 00:29:17,730] {logging_mixin.py:115} INFO - [2022-09-10 00:29:17,730] {dagbag.py:507} INFO - Filling up the DagBag from /home/airflow/.local/lib/python3.7/site-packages/airflow/example_dags/example_dag_decorator.py
[2022-09-10 00:29:17,766] {processor.py:651} INFO - DAG(s) dict_keys(['example_dag_decorator']) retrieved from /home/airflow/.local/lib/python3.7/site-packages/airflow/example_dags/example_dag_decorator.py
[2022-09-10 00:29:17,868] {logging_mixin.py:115} INFO - [2022-09-10 00:29:17,868] {dag.py:2371} INFO - Sync 1 DAGs
[2022-09-10 00:29:17,911] {logging_mixin.py:115} INFO - [2022-09-10 00:29:17,911] {dag.py:2919} INFO - Setting next_dagrun for example_dag_decorator to None, run_after=None
[2022-09-10 00:29:17,943] {processor.py:161} INFO - Processing /home/airflow/.local/lib/python3.7/site-packages/airflow/example_dags/example_dag_decorator.py took 0.230 seconds
[2022-09-10 02:01:43,472] {processor.py:153} INFO - Started process (PID=7313) to work on /home/airflow/.local/lib/python3.7/site-packages/airflow/example_dags/example_dag_decorator.py
[2022-09-10 02:01:43,474] {processor.py:641} INFO - Processing file /home/airflow/.local/lib/python3.7/site-packages/airflow/example_dags/example_dag_decorator.py for tasks to queue
[2022-09-10 02:01:43,483] {logging_mixin.py:115} INFO - [2022-09-10 02:01:43,483] {dagbag.py:507} INFO - Filling up the DagBag from /home/airflow/.local/lib/python3.7/site-packages/airflow/example_dags/example_dag_decorator.py
[2022-09-10 02:01:43,698] {processor.py:651} INFO - DAG(s) dict_keys(['example_dag_decorator']) retrieved from /home/airflow/.local/lib/python3.7/site-packages/airflow/example_dags/example_dag_decorator.py
[2022-09-10 02:01:44,084] {logging_mixin.py:115} INFO - [2022-09-10 02:01:44,084] {dag.py:2371} INFO - Sync 1 DAGs
[2022-09-10 02:01:44,186] {logging_mixin.py:115} INFO - [2022-09-10 02:01:44,186] {dag.py:2919} INFO - Setting next_dagrun for example_dag_decorator to None, run_after=None
[2022-09-10 02:01:44,254] {processor.py:161} INFO - Processing /home/airflow/.local/lib/python3.7/site-packages/airflow/example_dags/example_dag_decorator.py took 0.809 seconds
[2022-09-10 02:55:50,757] {processor.py:153} INFO - Started process (PID=7375) to work on /home/airflow/.local/lib/python3.7/site-packages/airflow/example_dags/example_dag_decorator.py
[2022-09-10 02:55:50,759] {processor.py:641} INFO - Processing file /home/airflow/.local/lib/python3.7/site-packages/airflow/example_dags/example_dag_decorator.py for tasks to queue
[2022-09-10 02:55:50,762] {logging_mixin.py:115} INFO - [2022-09-10 02:55:50,761] {dagbag.py:507} INFO - Filling up the DagBag from /home/airflow/.local/lib/python3.7/site-packages/airflow/example_dags/example_dag_decorator.py
[2022-09-10 02:55:50,817] {processor.py:651} INFO - DAG(s) dict_keys(['example_dag_decorator']) retrieved from /home/airflow/.local/lib/python3.7/site-packages/airflow/example_dags/example_dag_decorator.py
[2022-09-10 02:55:50,962] {logging_mixin.py:115} INFO - [2022-09-10 02:55:50,962] {dag.py:2371} INFO - Sync 1 DAGs
[2022-09-10 02:55:50,999] {logging_mixin.py:115} INFO - [2022-09-10 02:55:50,999] {dag.py:2919} INFO - Setting next_dagrun for example_dag_decorator to None, run_after=None
[2022-09-10 02:55:51,029] {processor.py:161} INFO - Processing /home/airflow/.local/lib/python3.7/site-packages/airflow/example_dags/example_dag_decorator.py took 0.276 seconds
[2022-09-10 02:56:43,018] {processor.py:153} INFO - Started process (PID=7452) to work on /home/airflow/.local/lib/python3.7/site-packages/airflow/example_dags/example_dag_decorator.py
[2022-09-10 02:56:43,033] {processor.py:641} INFO - Processing file /home/airflow/.local/lib/python3.7/site-packages/airflow/example_dags/example_dag_decorator.py for tasks to queue
[2022-09-10 02:56:43,035] {logging_mixin.py:115} INFO - [2022-09-10 02:56:43,035] {dagbag.py:507} INFO - Filling up the DagBag from /home/airflow/.local/lib/python3.7/site-packages/airflow/example_dags/example_dag_decorator.py
[2022-09-10 02:56:43,183] {processor.py:651} INFO - DAG(s) dict_keys(['example_dag_decorator']) retrieved from /home/airflow/.local/lib/python3.7/site-packages/airflow/example_dags/example_dag_decorator.py
[2022-09-10 02:56:43,402] {logging_mixin.py:115} INFO - [2022-09-10 02:56:43,402] {dag.py:2371} INFO - Sync 1 DAGs
[2022-09-10 02:56:43,448] {logging_mixin.py:115} INFO - [2022-09-10 02:56:43,448] {dag.py:2919} INFO - Setting next_dagrun for example_dag_decorator to None, run_after=None
[2022-09-10 02:56:43,495] {processor.py:161} INFO - Processing /home/airflow/.local/lib/python3.7/site-packages/airflow/example_dags/example_dag_decorator.py took 0.483 seconds
[2022-09-10 03:50:53,947] {processor.py:153} INFO - Started process (PID=7522) to work on /home/airflow/.local/lib/python3.7/site-packages/airflow/example_dags/example_dag_decorator.py
[2022-09-10 03:50:53,952] {processor.py:641} INFO - Processing file /home/airflow/.local/lib/python3.7/site-packages/airflow/example_dags/example_dag_decorator.py for tasks to queue
[2022-09-10 03:50:53,956] {logging_mixin.py:115} INFO - [2022-09-10 03:50:53,956] {dagbag.py:507} INFO - Filling up the DagBag from /home/airflow/.local/lib/python3.7/site-packages/airflow/example_dags/example_dag_decorator.py
[2022-09-10 03:50:54,007] {processor.py:651} INFO - DAG(s) dict_keys(['example_dag_decorator']) retrieved from /home/airflow/.local/lib/python3.7/site-packages/airflow/example_dags/example_dag_decorator.py
[2022-09-10 03:50:54,203] {logging_mixin.py:115} INFO - [2022-09-10 03:50:54,203] {dag.py:2371} INFO - Sync 1 DAGs
[2022-09-10 03:50:54,259] {logging_mixin.py:115} INFO - [2022-09-10 03:50:54,259] {dag.py:2919} INFO - Setting next_dagrun for example_dag_decorator to None, run_after=None
[2022-09-10 03:50:54,301] {processor.py:161} INFO - Processing /home/airflow/.local/lib/python3.7/site-packages/airflow/example_dags/example_dag_decorator.py took 0.360 seconds
[2022-09-10 04:55:17,523] {processor.py:153} INFO - Started process (PID=7609) to work on /home/airflow/.local/lib/python3.7/site-packages/airflow/example_dags/example_dag_decorator.py
[2022-09-10 04:55:17,534] {processor.py:641} INFO - Processing file /home/airflow/.local/lib/python3.7/site-packages/airflow/example_dags/example_dag_decorator.py for tasks to queue
[2022-09-10 04:55:17,536] {logging_mixin.py:115} INFO - [2022-09-10 04:55:17,536] {dagbag.py:507} INFO - Filling up the DagBag from /home/airflow/.local/lib/python3.7/site-packages/airflow/example_dags/example_dag_decorator.py
[2022-09-10 04:55:17,747] {processor.py:651} INFO - DAG(s) dict_keys(['example_dag_decorator']) retrieved from /home/airflow/.local/lib/python3.7/site-packages/airflow/example_dags/example_dag_decorator.py
[2022-09-10 05:11:28,306] {logging_mixin.py:115} INFO - [2022-09-10 05:11:28,306] {dag.py:2371} INFO - Sync 1 DAGs
[2022-09-10 05:11:28,407] {logging_mixin.py:115} INFO - [2022-09-10 05:11:28,406] {dag.py:2919} INFO - Setting next_dagrun for example_dag_decorator to None, run_after=None
[2022-09-10 05:11:28,541] {processor.py:161} INFO - Processing /home/airflow/.local/lib/python3.7/site-packages/airflow/example_dags/example_dag_decorator.py took 0.762 seconds
[2022-09-10 05:11:46,036] {processor.py:153} INFO - Started process (PID=7653) to work on /home/airflow/.local/lib/python3.7/site-packages/airflow/example_dags/example_dag_decorator.py
[2022-09-10 05:11:46,085] {processor.py:641} INFO - Processing file /home/airflow/.local/lib/python3.7/site-packages/airflow/example_dags/example_dag_decorator.py for tasks to queue
[2022-09-10 05:11:46,263] {logging_mixin.py:115} INFO - [2022-09-10 05:11:46,247] {dagbag.py:507} INFO - Filling up the DagBag from /home/airflow/.local/lib/python3.7/site-packages/airflow/example_dags/example_dag_decorator.py
[2022-09-10 05:11:51,507] {processor.py:651} INFO - DAG(s) dict_keys(['example_dag_decorator']) retrieved from /home/airflow/.local/lib/python3.7/site-packages/airflow/example_dags/example_dag_decorator.py
[2022-09-10 05:12:03,841] {logging_mixin.py:115} INFO - [2022-09-10 05:12:03,807] {dag.py:2371} INFO - Sync 1 DAGs
[2022-09-10 05:12:10,934] {logging_mixin.py:115} INFO - [2022-09-10 05:12:10,916] {dag.py:2919} INFO - Setting next_dagrun for example_dag_decorator to None, run_after=None
[2022-09-10 05:12:13,310] {processor.py:161} INFO - Processing /home/airflow/.local/lib/python3.7/site-packages/airflow/example_dags/example_dag_decorator.py took 27.607 seconds
[2022-09-10 05:51:13,243] {processor.py:153} INFO - Started process (PID=7772) to work on /home/airflow/.local/lib/python3.7/site-packages/airflow/example_dags/example_dag_decorator.py
[2022-09-10 05:51:13,252] {processor.py:641} INFO - Processing file /home/airflow/.local/lib/python3.7/site-packages/airflow/example_dags/example_dag_decorator.py for tasks to queue
[2022-09-10 05:51:13,254] {logging_mixin.py:115} INFO - [2022-09-10 05:51:13,254] {dagbag.py:507} INFO - Filling up the DagBag from /home/airflow/.local/lib/python3.7/site-packages/airflow/example_dags/example_dag_decorator.py
[2022-09-10 05:51:13,322] {processor.py:651} INFO - DAG(s) dict_keys(['example_dag_decorator']) retrieved from /home/airflow/.local/lib/python3.7/site-packages/airflow/example_dags/example_dag_decorator.py
[2022-09-10 05:51:13,519] {logging_mixin.py:115} INFO - [2022-09-10 05:51:13,519] {dag.py:2371} INFO - Sync 1 DAGs
[2022-09-10 05:51:13,566] {logging_mixin.py:115} INFO - [2022-09-10 05:51:13,566] {dag.py:2919} INFO - Setting next_dagrun for example_dag_decorator to None, run_after=None
[2022-09-10 05:51:13,605] {processor.py:161} INFO - Processing /home/airflow/.local/lib/python3.7/site-packages/airflow/example_dags/example_dag_decorator.py took 0.367 seconds
[2022-09-10 06:45:23,769] {processor.py:153} INFO - Started process (PID=7830) to work on /home/airflow/.local/lib/python3.7/site-packages/airflow/example_dags/example_dag_decorator.py
[2022-09-10 06:45:23,774] {processor.py:641} INFO - Processing file /home/airflow/.local/lib/python3.7/site-packages/airflow/example_dags/example_dag_decorator.py for tasks to queue
[2022-09-10 06:45:23,776] {logging_mixin.py:115} INFO - [2022-09-10 06:45:23,775] {dagbag.py:507} INFO - Filling up the DagBag from /home/airflow/.local/lib/python3.7/site-packages/airflow/example_dags/example_dag_decorator.py
[2022-09-10 06:45:23,836] {processor.py:651} INFO - DAG(s) dict_keys(['example_dag_decorator']) retrieved from /home/airflow/.local/lib/python3.7/site-packages/airflow/example_dags/example_dag_decorator.py
[2022-09-10 06:45:24,010] {logging_mixin.py:115} INFO - [2022-09-10 06:45:24,010] {dag.py:2371} INFO - Sync 1 DAGs
[2022-09-10 06:45:24,103] {logging_mixin.py:115} INFO - [2022-09-10 06:45:24,103] {dag.py:2919} INFO - Setting next_dagrun for example_dag_decorator to None, run_after=None
[2022-09-10 06:45:24,130] {processor.py:161} INFO - Processing /home/airflow/.local/lib/python3.7/site-packages/airflow/example_dags/example_dag_decorator.py took 0.367 seconds
[2022-09-10 08:33:34,576] {processor.py:153} INFO - Started process (PID=7913) to work on /home/airflow/.local/lib/python3.7/site-packages/airflow/example_dags/example_dag_decorator.py
[2022-09-10 08:33:34,580] {processor.py:641} INFO - Processing file /home/airflow/.local/lib/python3.7/site-packages/airflow/example_dags/example_dag_decorator.py for tasks to queue
[2022-09-10 08:33:34,583] {logging_mixin.py:115} INFO - [2022-09-10 08:33:34,582] {dagbag.py:507} INFO - Filling up the DagBag from /home/airflow/.local/lib/python3.7/site-packages/airflow/example_dags/example_dag_decorator.py
[2022-09-10 08:33:34,678] {processor.py:651} INFO - DAG(s) dict_keys(['example_dag_decorator']) retrieved from /home/airflow/.local/lib/python3.7/site-packages/airflow/example_dags/example_dag_decorator.py
[2022-09-10 08:33:34,995] {logging_mixin.py:115} INFO - [2022-09-10 08:33:34,994] {dag.py:2371} INFO - Sync 1 DAGs
[2022-09-10 08:33:35,068] {logging_mixin.py:115} INFO - [2022-09-10 08:33:35,068] {dag.py:2919} INFO - Setting next_dagrun for example_dag_decorator to None, run_after=None
[2022-09-10 08:33:35,189] {processor.py:161} INFO - Processing /home/airflow/.local/lib/python3.7/site-packages/airflow/example_dags/example_dag_decorator.py took 0.620 seconds
[2022-09-10 09:23:09,022] {processor.py:153} INFO - Started process (PID=7980) to work on /home/airflow/.local/lib/python3.7/site-packages/airflow/example_dags/example_dag_decorator.py
[2022-09-10 09:23:09,029] {processor.py:641} INFO - Processing file /home/airflow/.local/lib/python3.7/site-packages/airflow/example_dags/example_dag_decorator.py for tasks to queue
[2022-09-10 09:23:09,032] {logging_mixin.py:115} INFO - [2022-09-10 09:23:09,031] {dagbag.py:507} INFO - Filling up the DagBag from /home/airflow/.local/lib/python3.7/site-packages/airflow/example_dags/example_dag_decorator.py
[2022-09-10 09:23:09,174] {processor.py:651} INFO - DAG(s) dict_keys(['example_dag_decorator']) retrieved from /home/airflow/.local/lib/python3.7/site-packages/airflow/example_dags/example_dag_decorator.py
[2022-09-10 09:23:09,568] {logging_mixin.py:115} INFO - [2022-09-10 09:23:09,568] {dag.py:2371} INFO - Sync 1 DAGs
[2022-09-10 09:23:09,671] {logging_mixin.py:115} INFO - [2022-09-10 09:23:09,671] {dag.py:2919} INFO - Setting next_dagrun for example_dag_decorator to None, run_after=None
[2022-09-10 09:23:09,728] {processor.py:161} INFO - Processing /home/airflow/.local/lib/python3.7/site-packages/airflow/example_dags/example_dag_decorator.py took 0.712 seconds
[2022-09-10 11:11:04,961] {processor.py:153} INFO - Started process (PID=8064) to work on /home/airflow/.local/lib/python3.7/site-packages/airflow/example_dags/example_dag_decorator.py
[2022-09-10 11:11:05,116] {processor.py:641} INFO - Processing file /home/airflow/.local/lib/python3.7/site-packages/airflow/example_dags/example_dag_decorator.py for tasks to queue
[2022-09-10 11:11:05,335] {logging_mixin.py:115} INFO - [2022-09-10 11:11:05,309] {dagbag.py:507} INFO - Filling up the DagBag from /home/airflow/.local/lib/python3.7/site-packages/airflow/example_dags/example_dag_decorator.py
[2022-09-10 11:16:11,277] {processor.py:651} INFO - DAG(s) dict_keys(['example_dag_decorator']) retrieved from /home/airflow/.local/lib/python3.7/site-packages/airflow/example_dags/example_dag_decorator.py
[2022-09-10 11:16:19,499] {processor.py:153} INFO - Started process (PID=8111) to work on /home/airflow/.local/lib/python3.7/site-packages/airflow/example_dags/example_dag_decorator.py
[2022-09-10 11:16:19,502] {processor.py:641} INFO - Processing file /home/airflow/.local/lib/python3.7/site-packages/airflow/example_dags/example_dag_decorator.py for tasks to queue
[2022-09-10 11:16:19,504] {logging_mixin.py:115} INFO - [2022-09-10 11:16:19,503] {dagbag.py:507} INFO - Filling up the DagBag from /home/airflow/.local/lib/python3.7/site-packages/airflow/example_dags/example_dag_decorator.py
[2022-09-10 11:16:19,568] {processor.py:651} INFO - DAG(s) dict_keys(['example_dag_decorator']) retrieved from /home/airflow/.local/lib/python3.7/site-packages/airflow/example_dags/example_dag_decorator.py
[2022-09-10 11:16:19,731] {logging_mixin.py:115} INFO - [2022-09-10 11:16:19,731] {dag.py:2371} INFO - Sync 1 DAGs
[2022-09-10 11:16:19,764] {logging_mixin.py:115} INFO - [2022-09-10 11:16:19,764] {dag.py:2919} INFO - Setting next_dagrun for example_dag_decorator to None, run_after=None
[2022-09-10 11:16:19,787] {processor.py:161} INFO - Processing /home/airflow/.local/lib/python3.7/site-packages/airflow/example_dags/example_dag_decorator.py took 0.295 seconds
[2022-09-10 12:05:17,221] {processor.py:153} INFO - Started process (PID=8176) to work on /home/airflow/.local/lib/python3.7/site-packages/airflow/example_dags/example_dag_decorator.py
[2022-09-10 12:05:17,223] {processor.py:641} INFO - Processing file /home/airflow/.local/lib/python3.7/site-packages/airflow/example_dags/example_dag_decorator.py for tasks to queue
[2022-09-10 12:05:17,225] {logging_mixin.py:115} INFO - [2022-09-10 12:05:17,224] {dagbag.py:507} INFO - Filling up the DagBag from /home/airflow/.local/lib/python3.7/site-packages/airflow/example_dags/example_dag_decorator.py
[2022-09-10 12:05:17,279] {processor.py:651} INFO - DAG(s) dict_keys(['example_dag_decorator']) retrieved from /home/airflow/.local/lib/python3.7/site-packages/airflow/example_dags/example_dag_decorator.py
[2022-09-10 12:05:17,403] {logging_mixin.py:115} INFO - [2022-09-10 12:05:17,403] {dag.py:2371} INFO - Sync 1 DAGs
[2022-09-10 12:05:17,446] {logging_mixin.py:115} INFO - [2022-09-10 12:05:17,446] {dag.py:2919} INFO - Setting next_dagrun for example_dag_decorator to None, run_after=None
[2022-09-10 12:05:17,475] {processor.py:161} INFO - Processing /home/airflow/.local/lib/python3.7/site-packages/airflow/example_dags/example_dag_decorator.py took 0.260 seconds
[2022-09-10 12:06:40,362] {processor.py:153} INFO - Started process (PID=8254) to work on /home/airflow/.local/lib/python3.7/site-packages/airflow/example_dags/example_dag_decorator.py
[2022-09-10 12:06:40,365] {processor.py:641} INFO - Processing file /home/airflow/.local/lib/python3.7/site-packages/airflow/example_dags/example_dag_decorator.py for tasks to queue
[2022-09-10 12:06:40,368] {logging_mixin.py:115} INFO - [2022-09-10 12:06:40,368] {dagbag.py:507} INFO - Filling up the DagBag from /home/airflow/.local/lib/python3.7/site-packages/airflow/example_dags/example_dag_decorator.py
[2022-09-10 12:06:40,438] {processor.py:651} INFO - DAG(s) dict_keys(['example_dag_decorator']) retrieved from /home/airflow/.local/lib/python3.7/site-packages/airflow/example_dags/example_dag_decorator.py
[2022-09-10 12:06:40,698] {logging_mixin.py:115} INFO - [2022-09-10 12:06:40,698] {dag.py:2371} INFO - Sync 1 DAGs
[2022-09-10 12:06:40,798] {logging_mixin.py:115} INFO - [2022-09-10 12:06:40,798] {dag.py:2919} INFO - Setting next_dagrun for example_dag_decorator to None, run_after=None
[2022-09-10 12:06:40,855] {processor.py:161} INFO - Processing /home/airflow/.local/lib/python3.7/site-packages/airflow/example_dags/example_dag_decorator.py took 0.502 seconds
[2022-09-10 12:07:11,278] {processor.py:153} INFO - Started process (PID=8310) to work on /home/airflow/.local/lib/python3.7/site-packages/airflow/example_dags/example_dag_decorator.py
[2022-09-10 12:07:11,280] {processor.py:641} INFO - Processing file /home/airflow/.local/lib/python3.7/site-packages/airflow/example_dags/example_dag_decorator.py for tasks to queue
[2022-09-10 12:07:11,282] {logging_mixin.py:115} INFO - [2022-09-10 12:07:11,281] {dagbag.py:507} INFO - Filling up the DagBag from /home/airflow/.local/lib/python3.7/site-packages/airflow/example_dags/example_dag_decorator.py
[2022-09-10 12:07:11,312] {processor.py:651} INFO - DAG(s) dict_keys(['example_dag_decorator']) retrieved from /home/airflow/.local/lib/python3.7/site-packages/airflow/example_dags/example_dag_decorator.py
[2022-09-10 12:07:11,388] {logging_mixin.py:115} INFO - [2022-09-10 12:07:11,388] {dag.py:2371} INFO - Sync 1 DAGs
[2022-09-10 12:07:11,410] {logging_mixin.py:115} INFO - [2022-09-10 12:07:11,410] {dag.py:2919} INFO - Setting next_dagrun for example_dag_decorator to None, run_after=None
[2022-09-10 12:07:11,426] {processor.py:161} INFO - Processing /home/airflow/.local/lib/python3.7/site-packages/airflow/example_dags/example_dag_decorator.py took 0.153 seconds
[2022-09-10 13:00:22,718] {processor.py:153} INFO - Started process (PID=8374) to work on /home/airflow/.local/lib/python3.7/site-packages/airflow/example_dags/example_dag_decorator.py
[2022-09-10 13:00:22,730] {processor.py:641} INFO - Processing file /home/airflow/.local/lib/python3.7/site-packages/airflow/example_dags/example_dag_decorator.py for tasks to queue
[2022-09-10 13:00:22,732] {logging_mixin.py:115} INFO - [2022-09-10 13:00:22,731] {dagbag.py:507} INFO - Filling up the DagBag from /home/airflow/.local/lib/python3.7/site-packages/airflow/example_dags/example_dag_decorator.py
[2022-09-10 13:00:22,829] {processor.py:651} INFO - DAG(s) dict_keys(['example_dag_decorator']) retrieved from /home/airflow/.local/lib/python3.7/site-packages/airflow/example_dags/example_dag_decorator.py
[2022-09-10 13:00:23,235] {logging_mixin.py:115} INFO - [2022-09-10 13:00:23,234] {dag.py:2371} INFO - Sync 1 DAGs
[2022-09-10 13:00:23,365] {logging_mixin.py:115} INFO - [2022-09-10 13:00:23,365] {dag.py:2919} INFO - Setting next_dagrun for example_dag_decorator to None, run_after=None
[2022-09-10 13:00:23,427] {processor.py:161} INFO - Processing /home/airflow/.local/lib/python3.7/site-packages/airflow/example_dags/example_dag_decorator.py took 0.734 seconds
[2022-09-10 14:48:36,691] {processor.py:153} INFO - Started process (PID=8475) to work on /home/airflow/.local/lib/python3.7/site-packages/airflow/example_dags/example_dag_decorator.py
[2022-09-10 14:48:36,694] {processor.py:641} INFO - Processing file /home/airflow/.local/lib/python3.7/site-packages/airflow/example_dags/example_dag_decorator.py for tasks to queue
[2022-09-10 14:48:36,698] {logging_mixin.py:115} INFO - [2022-09-10 14:48:36,697] {dagbag.py:507} INFO - Filling up the DagBag from /home/airflow/.local/lib/python3.7/site-packages/airflow/example_dags/example_dag_decorator.py
[2022-09-10 14:48:36,749] {processor.py:651} INFO - DAG(s) dict_keys(['example_dag_decorator']) retrieved from /home/airflow/.local/lib/python3.7/site-packages/airflow/example_dags/example_dag_decorator.py
[2022-09-10 14:48:36,958] {logging_mixin.py:115} INFO - [2022-09-10 14:48:36,958] {dag.py:2371} INFO - Sync 1 DAGs
[2022-09-10 14:48:37,012] {logging_mixin.py:115} INFO - [2022-09-10 14:48:37,012] {dag.py:2919} INFO - Setting next_dagrun for example_dag_decorator to None, run_after=None
[2022-09-10 14:48:37,047] {processor.py:161} INFO - Processing /home/airflow/.local/lib/python3.7/site-packages/airflow/example_dags/example_dag_decorator.py took 0.372 seconds
[2022-09-10 15:10:23,653] {processor.py:153} INFO - Started process (PID=8563) to work on /home/airflow/.local/lib/python3.7/site-packages/airflow/example_dags/example_dag_decorator.py
[2022-09-10 15:10:23,656] {processor.py:641} INFO - Processing file /home/airflow/.local/lib/python3.7/site-packages/airflow/example_dags/example_dag_decorator.py for tasks to queue
[2022-09-10 15:10:23,658] {logging_mixin.py:115} INFO - [2022-09-10 15:10:23,658] {dagbag.py:507} INFO - Filling up the DagBag from /home/airflow/.local/lib/python3.7/site-packages/airflow/example_dags/example_dag_decorator.py
[2022-09-10 15:10:23,727] {processor.py:651} INFO - DAG(s) dict_keys(['example_dag_decorator']) retrieved from /home/airflow/.local/lib/python3.7/site-packages/airflow/example_dags/example_dag_decorator.py
[2022-09-10 15:10:30,022] {logging_mixin.py:115} INFO - [2022-09-10 15:10:30,016] {dag.py:2371} INFO - Sync 1 DAGs
[2022-09-10 15:10:32,598] {logging_mixin.py:115} INFO - [2022-09-10 15:10:32,567] {dag.py:2919} INFO - Setting next_dagrun for example_dag_decorator to None, run_after=None
[2022-09-10 15:10:37,407] {processor.py:161} INFO - Processing /home/airflow/.local/lib/python3.7/site-packages/airflow/example_dags/example_dag_decorator.py took 13.751 seconds
[2022-09-10 15:11:16,392] {processor.py:153} INFO - Started process (PID=8628) to work on /home/airflow/.local/lib/python3.7/site-packages/airflow/example_dags/example_dag_decorator.py
[2022-09-10 15:11:16,393] {processor.py:641} INFO - Processing file /home/airflow/.local/lib/python3.7/site-packages/airflow/example_dags/example_dag_decorator.py for tasks to queue
[2022-09-10 15:11:16,395] {logging_mixin.py:115} INFO - [2022-09-10 15:11:16,395] {dagbag.py:507} INFO - Filling up the DagBag from /home/airflow/.local/lib/python3.7/site-packages/airflow/example_dags/example_dag_decorator.py
[2022-09-10 15:11:16,466] {processor.py:651} INFO - DAG(s) dict_keys(['example_dag_decorator']) retrieved from /home/airflow/.local/lib/python3.7/site-packages/airflow/example_dags/example_dag_decorator.py
[2022-09-10 15:11:16,584] {logging_mixin.py:115} INFO - [2022-09-10 15:11:16,583] {dag.py:2371} INFO - Sync 1 DAGs
[2022-09-10 15:11:16,612] {logging_mixin.py:115} INFO - [2022-09-10 15:11:16,612] {dag.py:2919} INFO - Setting next_dagrun for example_dag_decorator to None, run_after=None
[2022-09-10 15:11:16,637] {processor.py:161} INFO - Processing /home/airflow/.local/lib/python3.7/site-packages/airflow/example_dags/example_dag_decorator.py took 0.258 seconds
[2022-09-10 15:51:16,294] {processor.py:153} INFO - Started process (PID=8690) to work on /home/airflow/.local/lib/python3.7/site-packages/airflow/example_dags/example_dag_decorator.py
[2022-09-10 15:51:16,297] {processor.py:641} INFO - Processing file /home/airflow/.local/lib/python3.7/site-packages/airflow/example_dags/example_dag_decorator.py for tasks to queue
[2022-09-10 15:51:16,300] {logging_mixin.py:115} INFO - [2022-09-10 15:51:16,299] {dagbag.py:507} INFO - Filling up the DagBag from /home/airflow/.local/lib/python3.7/site-packages/airflow/example_dags/example_dag_decorator.py
[2022-09-10 15:51:16,377] {processor.py:651} INFO - DAG(s) dict_keys(['example_dag_decorator']) retrieved from /home/airflow/.local/lib/python3.7/site-packages/airflow/example_dags/example_dag_decorator.py
[2022-09-10 15:51:16,621] {logging_mixin.py:115} INFO - [2022-09-10 15:51:16,621] {dag.py:2371} INFO - Sync 1 DAGs
[2022-09-10 15:51:16,666] {logging_mixin.py:115} INFO - [2022-09-10 15:51:16,666] {dag.py:2919} INFO - Setting next_dagrun for example_dag_decorator to None, run_after=None
[2022-09-10 15:51:16,703] {processor.py:161} INFO - Processing /home/airflow/.local/lib/python3.7/site-packages/airflow/example_dags/example_dag_decorator.py took 0.423 seconds
[2022-09-10 17:38:38,173] {processor.py:153} INFO - Started process (PID=8756) to work on /home/airflow/.local/lib/python3.7/site-packages/airflow/example_dags/example_dag_decorator.py
[2022-09-10 17:38:38,175] {processor.py:641} INFO - Processing file /home/airflow/.local/lib/python3.7/site-packages/airflow/example_dags/example_dag_decorator.py for tasks to queue
[2022-09-10 17:38:38,176] {logging_mixin.py:115} INFO - [2022-09-10 17:38:38,176] {dagbag.py:507} INFO - Filling up the DagBag from /home/airflow/.local/lib/python3.7/site-packages/airflow/example_dags/example_dag_decorator.py
[2022-09-10 17:38:38,229] {processor.py:651} INFO - DAG(s) dict_keys(['example_dag_decorator']) retrieved from /home/airflow/.local/lib/python3.7/site-packages/airflow/example_dags/example_dag_decorator.py
[2022-09-10 17:38:38,393] {logging_mixin.py:115} INFO - [2022-09-10 17:38:38,393] {dag.py:2371} INFO - Sync 1 DAGs
[2022-09-10 17:38:38,442] {logging_mixin.py:115} INFO - [2022-09-10 17:38:38,442] {dag.py:2919} INFO - Setting next_dagrun for example_dag_decorator to None, run_after=None
[2022-09-10 17:38:38,530] {processor.py:161} INFO - Processing /home/airflow/.local/lib/python3.7/site-packages/airflow/example_dags/example_dag_decorator.py took 0.360 seconds
[2022-09-10 17:39:33,385] {processor.py:153} INFO - Started process (PID=8838) to work on /home/airflow/.local/lib/python3.7/site-packages/airflow/example_dags/example_dag_decorator.py
[2022-09-10 17:39:33,390] {processor.py:641} INFO - Processing file /home/airflow/.local/lib/python3.7/site-packages/airflow/example_dags/example_dag_decorator.py for tasks to queue
[2022-09-10 17:39:33,397] {logging_mixin.py:115} INFO - [2022-09-10 17:39:33,395] {dagbag.py:507} INFO - Filling up the DagBag from /home/airflow/.local/lib/python3.7/site-packages/airflow/example_dags/example_dag_decorator.py
[2022-09-10 17:39:33,459] {processor.py:651} INFO - DAG(s) dict_keys(['example_dag_decorator']) retrieved from /home/airflow/.local/lib/python3.7/site-packages/airflow/example_dags/example_dag_decorator.py
[2022-09-10 17:39:33,614] {logging_mixin.py:115} INFO - [2022-09-10 17:39:33,613] {dag.py:2371} INFO - Sync 1 DAGs
[2022-09-10 17:39:33,668] {logging_mixin.py:115} INFO - [2022-09-10 17:39:33,668] {dag.py:2919} INFO - Setting next_dagrun for example_dag_decorator to None, run_after=None
[2022-09-10 17:39:33,698] {processor.py:161} INFO - Processing /home/airflow/.local/lib/python3.7/site-packages/airflow/example_dags/example_dag_decorator.py took 0.333 seconds
[2022-09-10 18:33:38,769] {processor.py:153} INFO - Started process (PID=8906) to work on /home/airflow/.local/lib/python3.7/site-packages/airflow/example_dags/example_dag_decorator.py
[2022-09-10 18:33:38,776] {processor.py:641} INFO - Processing file /home/airflow/.local/lib/python3.7/site-packages/airflow/example_dags/example_dag_decorator.py for tasks to queue
[2022-09-10 18:33:38,780] {logging_mixin.py:115} INFO - [2022-09-10 18:33:38,780] {dagbag.py:507} INFO - Filling up the DagBag from /home/airflow/.local/lib/python3.7/site-packages/airflow/example_dags/example_dag_decorator.py
[2022-09-10 18:33:38,861] {processor.py:651} INFO - DAG(s) dict_keys(['example_dag_decorator']) retrieved from /home/airflow/.local/lib/python3.7/site-packages/airflow/example_dags/example_dag_decorator.py
[2022-09-10 18:33:39,026] {logging_mixin.py:115} INFO - [2022-09-10 18:33:39,026] {dag.py:2371} INFO - Sync 1 DAGs
[2022-09-10 18:33:39,090] {logging_mixin.py:115} INFO - [2022-09-10 18:33:39,090] {dag.py:2919} INFO - Setting next_dagrun for example_dag_decorator to None, run_after=None
[2022-09-10 18:33:39,144] {processor.py:161} INFO - Processing /home/airflow/.local/lib/python3.7/site-packages/airflow/example_dags/example_dag_decorator.py took 0.388 seconds
[2022-09-10 19:27:50,013] {processor.py:153} INFO - Started process (PID=8974) to work on /home/airflow/.local/lib/python3.7/site-packages/airflow/example_dags/example_dag_decorator.py
[2022-09-10 19:27:50,014] {processor.py:641} INFO - Processing file /home/airflow/.local/lib/python3.7/site-packages/airflow/example_dags/example_dag_decorator.py for tasks to queue
[2022-09-10 19:27:50,016] {logging_mixin.py:115} INFO - [2022-09-10 19:27:50,016] {dagbag.py:507} INFO - Filling up the DagBag from /home/airflow/.local/lib/python3.7/site-packages/airflow/example_dags/example_dag_decorator.py
[2022-09-10 19:27:50,082] {processor.py:651} INFO - DAG(s) dict_keys(['example_dag_decorator']) retrieved from /home/airflow/.local/lib/python3.7/site-packages/airflow/example_dags/example_dag_decorator.py
[2022-09-10 19:27:50,281] {logging_mixin.py:115} INFO - [2022-09-10 19:27:50,281] {dag.py:2371} INFO - Sync 1 DAGs
[2022-09-10 19:27:50,358] {logging_mixin.py:115} INFO - [2022-09-10 19:27:50,358] {dag.py:2919} INFO - Setting next_dagrun for example_dag_decorator to None, run_after=None
[2022-09-10 19:27:50,390] {processor.py:161} INFO - Processing /home/airflow/.local/lib/python3.7/site-packages/airflow/example_dags/example_dag_decorator.py took 0.384 seconds
[2022-09-10 20:31:24,251] {processor.py:153} INFO - Started process (PID=9049) to work on /home/airflow/.local/lib/python3.7/site-packages/airflow/example_dags/example_dag_decorator.py
[2022-09-10 20:31:24,260] {processor.py:641} INFO - Processing file /home/airflow/.local/lib/python3.7/site-packages/airflow/example_dags/example_dag_decorator.py for tasks to queue
[2022-09-10 20:31:24,276] {logging_mixin.py:115} INFO - [2022-09-10 20:31:24,276] {dagbag.py:507} INFO - Filling up the DagBag from /home/airflow/.local/lib/python3.7/site-packages/airflow/example_dags/example_dag_decorator.py
[2022-09-10 20:31:24,518] {processor.py:651} INFO - DAG(s) dict_keys(['example_dag_decorator']) retrieved from /home/airflow/.local/lib/python3.7/site-packages/airflow/example_dags/example_dag_decorator.py
[2022-09-10 20:31:24,924] {logging_mixin.py:115} INFO - [2022-09-10 20:31:24,924] {dag.py:2371} INFO - Sync 1 DAGs
[2022-09-10 20:31:25,071] {logging_mixin.py:115} INFO - [2022-09-10 20:31:25,070] {dag.py:2919} INFO - Setting next_dagrun for example_dag_decorator to None, run_after=None
[2022-09-10 20:31:25,121] {processor.py:161} INFO - Processing /home/airflow/.local/lib/python3.7/site-packages/airflow/example_dags/example_dag_decorator.py took 0.883 seconds
[2022-09-10 20:49:38,778] {processor.py:153} INFO - Started process (PID=9163) to work on /home/airflow/.local/lib/python3.7/site-packages/airflow/example_dags/example_dag_decorator.py
[2022-09-10 20:49:38,783] {processor.py:641} INFO - Processing file /home/airflow/.local/lib/python3.7/site-packages/airflow/example_dags/example_dag_decorator.py for tasks to queue
[2022-09-10 20:49:38,787] {logging_mixin.py:115} INFO - [2022-09-10 20:49:38,786] {dagbag.py:507} INFO - Filling up the DagBag from /home/airflow/.local/lib/python3.7/site-packages/airflow/example_dags/example_dag_decorator.py
[2022-09-10 20:49:39,124] {processor.py:651} INFO - DAG(s) dict_keys(['example_dag_decorator']) retrieved from /home/airflow/.local/lib/python3.7/site-packages/airflow/example_dags/example_dag_decorator.py
[2022-09-10 20:49:39,703] {logging_mixin.py:115} INFO - [2022-09-10 20:49:39,702] {dag.py:2371} INFO - Sync 1 DAGs
[2022-09-10 20:49:39,851] {logging_mixin.py:115} INFO - [2022-09-10 20:49:39,851] {dag.py:2919} INFO - Setting next_dagrun for example_dag_decorator to None, run_after=None
[2022-09-10 20:49:39,960] {processor.py:161} INFO - Processing /home/airflow/.local/lib/python3.7/site-packages/airflow/example_dags/example_dag_decorator.py took 1.207 seconds
[2022-09-10 21:23:11,273] {processor.py:153} INFO - Started process (PID=9245) to work on /home/airflow/.local/lib/python3.7/site-packages/airflow/example_dags/example_dag_decorator.py
[2022-09-10 21:23:11,285] {processor.py:641} INFO - Processing file /home/airflow/.local/lib/python3.7/site-packages/airflow/example_dags/example_dag_decorator.py for tasks to queue
[2022-09-10 21:23:11,291] {logging_mixin.py:115} INFO - [2022-09-10 21:23:11,290] {dagbag.py:507} INFO - Filling up the DagBag from /home/airflow/.local/lib/python3.7/site-packages/airflow/example_dags/example_dag_decorator.py
[2022-09-10 21:23:11,467] {processor.py:651} INFO - DAG(s) dict_keys(['example_dag_decorator']) retrieved from /home/airflow/.local/lib/python3.7/site-packages/airflow/example_dags/example_dag_decorator.py
[2022-09-10 21:23:12,125] {logging_mixin.py:115} INFO - [2022-09-10 21:23:12,125] {dag.py:2371} INFO - Sync 1 DAGs
[2022-09-10 21:23:12,307] {logging_mixin.py:115} INFO - [2022-09-10 21:23:12,307] {dag.py:2919} INFO - Setting next_dagrun for example_dag_decorator to None, run_after=None
[2022-09-10 21:23:12,386] {processor.py:161} INFO - Processing /home/airflow/.local/lib/python3.7/site-packages/airflow/example_dags/example_dag_decorator.py took 1.135 seconds
[2022-09-10 21:40:14,138] {processor.py:153} INFO - Started process (PID=9331) to work on /home/airflow/.local/lib/python3.7/site-packages/airflow/example_dags/example_dag_decorator.py
[2022-09-10 21:40:14,140] {processor.py:641} INFO - Processing file /home/airflow/.local/lib/python3.7/site-packages/airflow/example_dags/example_dag_decorator.py for tasks to queue
[2022-09-10 21:40:14,142] {logging_mixin.py:115} INFO - [2022-09-10 21:40:14,141] {dagbag.py:507} INFO - Filling up the DagBag from /home/airflow/.local/lib/python3.7/site-packages/airflow/example_dags/example_dag_decorator.py
[2022-09-10 21:40:14,178] {processor.py:651} INFO - DAG(s) dict_keys(['example_dag_decorator']) retrieved from /home/airflow/.local/lib/python3.7/site-packages/airflow/example_dags/example_dag_decorator.py
[2022-09-10 21:40:14,279] {logging_mixin.py:115} INFO - [2022-09-10 21:40:14,279] {dag.py:2371} INFO - Sync 1 DAGs
[2022-09-10 21:40:14,322] {logging_mixin.py:115} INFO - [2022-09-10 21:40:14,322] {dag.py:2919} INFO - Setting next_dagrun for example_dag_decorator to None, run_after=None
[2022-09-10 21:40:14,346] {processor.py:161} INFO - Processing /home/airflow/.local/lib/python3.7/site-packages/airflow/example_dags/example_dag_decorator.py took 0.213 seconds
[2022-09-10 21:41:23,116] {processor.py:153} INFO - Started process (PID=9405) to work on /home/airflow/.local/lib/python3.7/site-packages/airflow/example_dags/example_dag_decorator.py
[2022-09-10 21:41:23,132] {processor.py:641} INFO - Processing file /home/airflow/.local/lib/python3.7/site-packages/airflow/example_dags/example_dag_decorator.py for tasks to queue
[2022-09-10 21:41:23,134] {logging_mixin.py:115} INFO - [2022-09-10 21:41:23,134] {dagbag.py:507} INFO - Filling up the DagBag from /home/airflow/.local/lib/python3.7/site-packages/airflow/example_dags/example_dag_decorator.py
[2022-09-10 21:41:23,319] {processor.py:651} INFO - DAG(s) dict_keys(['example_dag_decorator']) retrieved from /home/airflow/.local/lib/python3.7/site-packages/airflow/example_dags/example_dag_decorator.py
[2022-09-10 21:41:23,798] {logging_mixin.py:115} INFO - [2022-09-10 21:41:23,798] {dag.py:2371} INFO - Sync 1 DAGs
[2022-09-10 21:41:23,934] {logging_mixin.py:115} INFO - [2022-09-10 21:41:23,934] {dag.py:2919} INFO - Setting next_dagrun for example_dag_decorator to None, run_after=None
[2022-09-10 21:41:24,012] {processor.py:161} INFO - Processing /home/airflow/.local/lib/python3.7/site-packages/airflow/example_dags/example_dag_decorator.py took 0.904 seconds
[2022-09-10 22:16:03,561] {processor.py:153} INFO - Started process (PID=9481) to work on /home/airflow/.local/lib/python3.7/site-packages/airflow/example_dags/example_dag_decorator.py
[2022-09-10 22:16:03,563] {processor.py:641} INFO - Processing file /home/airflow/.local/lib/python3.7/site-packages/airflow/example_dags/example_dag_decorator.py for tasks to queue
[2022-09-10 22:16:03,567] {logging_mixin.py:115} INFO - [2022-09-10 22:16:03,566] {dagbag.py:507} INFO - Filling up the DagBag from /home/airflow/.local/lib/python3.7/site-packages/airflow/example_dags/example_dag_decorator.py
[2022-09-10 22:16:03,612] {processor.py:651} INFO - DAG(s) dict_keys(['example_dag_decorator']) retrieved from /home/airflow/.local/lib/python3.7/site-packages/airflow/example_dags/example_dag_decorator.py
[2022-09-10 22:16:03,780] {logging_mixin.py:115} INFO - [2022-09-10 22:16:03,779] {dag.py:2371} INFO - Sync 1 DAGs
[2022-09-10 22:16:03,833] {logging_mixin.py:115} INFO - [2022-09-10 22:16:03,833] {dag.py:2919} INFO - Setting next_dagrun for example_dag_decorator to None, run_after=None
[2022-09-10 22:16:03,875] {processor.py:161} INFO - Processing /home/airflow/.local/lib/python3.7/site-packages/airflow/example_dags/example_dag_decorator.py took 0.323 seconds
[2022-09-10 22:34:16,916] {processor.py:153} INFO - Started process (PID=9561) to work on /home/airflow/.local/lib/python3.7/site-packages/airflow/example_dags/example_dag_decorator.py
[2022-09-10 22:34:16,920] {processor.py:641} INFO - Processing file /home/airflow/.local/lib/python3.7/site-packages/airflow/example_dags/example_dag_decorator.py for tasks to queue
[2022-09-10 22:34:16,922] {logging_mixin.py:115} INFO - [2022-09-10 22:34:16,921] {dagbag.py:507} INFO - Filling up the DagBag from /home/airflow/.local/lib/python3.7/site-packages/airflow/example_dags/example_dag_decorator.py
[2022-09-10 22:34:16,984] {processor.py:651} INFO - DAG(s) dict_keys(['example_dag_decorator']) retrieved from /home/airflow/.local/lib/python3.7/site-packages/airflow/example_dags/example_dag_decorator.py
[2022-09-10 22:34:17,142] {logging_mixin.py:115} INFO - [2022-09-10 22:34:17,142] {dag.py:2371} INFO - Sync 1 DAGs
[2022-09-10 22:34:17,184] {logging_mixin.py:115} INFO - [2022-09-10 22:34:17,184] {dag.py:2919} INFO - Setting next_dagrun for example_dag_decorator to None, run_after=None
[2022-09-10 22:34:17,252] {processor.py:161} INFO - Processing /home/airflow/.local/lib/python3.7/site-packages/airflow/example_dags/example_dag_decorator.py took 0.340 seconds
[2022-09-10 22:35:07,493] {processor.py:153} INFO - Started process (PID=9633) to work on /home/airflow/.local/lib/python3.7/site-packages/airflow/example_dags/example_dag_decorator.py
[2022-09-10 22:35:07,494] {processor.py:641} INFO - Processing file /home/airflow/.local/lib/python3.7/site-packages/airflow/example_dags/example_dag_decorator.py for tasks to queue
[2022-09-10 22:35:07,496] {logging_mixin.py:115} INFO - [2022-09-10 22:35:07,495] {dagbag.py:507} INFO - Filling up the DagBag from /home/airflow/.local/lib/python3.7/site-packages/airflow/example_dags/example_dag_decorator.py
[2022-09-10 22:35:07,566] {processor.py:651} INFO - DAG(s) dict_keys(['example_dag_decorator']) retrieved from /home/airflow/.local/lib/python3.7/site-packages/airflow/example_dags/example_dag_decorator.py
[2022-09-10 22:35:07,741] {logging_mixin.py:115} INFO - [2022-09-10 22:35:07,741] {dag.py:2371} INFO - Sync 1 DAGs
[2022-09-10 22:35:07,787] {logging_mixin.py:115} INFO - [2022-09-10 22:35:07,787] {dag.py:2919} INFO - Setting next_dagrun for example_dag_decorator to None, run_after=None
[2022-09-10 22:35:07,826] {processor.py:161} INFO - Processing /home/airflow/.local/lib/python3.7/site-packages/airflow/example_dags/example_dag_decorator.py took 0.338 seconds
[2022-09-10 23:13:20,214] {processor.py:153} INFO - Started process (PID=9707) to work on /home/airflow/.local/lib/python3.7/site-packages/airflow/example_dags/example_dag_decorator.py
[2022-09-10 23:13:20,217] {processor.py:641} INFO - Processing file /home/airflow/.local/lib/python3.7/site-packages/airflow/example_dags/example_dag_decorator.py for tasks to queue
[2022-09-10 23:13:20,224] {logging_mixin.py:115} INFO - [2022-09-10 23:13:20,223] {dagbag.py:507} INFO - Filling up the DagBag from /home/airflow/.local/lib/python3.7/site-packages/airflow/example_dags/example_dag_decorator.py
[2022-09-10 23:13:20,313] {processor.py:651} INFO - DAG(s) dict_keys(['example_dag_decorator']) retrieved from /home/airflow/.local/lib/python3.7/site-packages/airflow/example_dags/example_dag_decorator.py
[2022-09-10 23:13:20,520] {logging_mixin.py:115} INFO - [2022-09-10 23:13:20,519] {dag.py:2371} INFO - Sync 1 DAGs
[2022-09-10 23:13:20,637] {logging_mixin.py:115} INFO - [2022-09-10 23:13:20,636] {dag.py:2919} INFO - Setting next_dagrun for example_dag_decorator to None, run_after=None
[2022-09-10 23:13:20,699] {processor.py:161} INFO - Processing /home/airflow/.local/lib/python3.7/site-packages/airflow/example_dags/example_dag_decorator.py took 0.505 seconds
[2022-09-10 23:13:50,977] {processor.py:153} INFO - Started process (PID=9764) to work on /home/airflow/.local/lib/python3.7/site-packages/airflow/example_dags/example_dag_decorator.py
[2022-09-10 23:13:50,979] {processor.py:641} INFO - Processing file /home/airflow/.local/lib/python3.7/site-packages/airflow/example_dags/example_dag_decorator.py for tasks to queue
[2022-09-10 23:13:50,982] {logging_mixin.py:115} INFO - [2022-09-10 23:13:50,982] {dagbag.py:507} INFO - Filling up the DagBag from /home/airflow/.local/lib/python3.7/site-packages/airflow/example_dags/example_dag_decorator.py
[2022-09-10 23:13:51,029] {processor.py:651} INFO - DAG(s) dict_keys(['example_dag_decorator']) retrieved from /home/airflow/.local/lib/python3.7/site-packages/airflow/example_dags/example_dag_decorator.py
[2022-09-10 23:13:51,171] {logging_mixin.py:115} INFO - [2022-09-10 23:13:51,171] {dag.py:2371} INFO - Sync 1 DAGs
[2022-09-10 23:13:51,218] {logging_mixin.py:115} INFO - [2022-09-10 23:13:51,217] {dag.py:2919} INFO - Setting next_dagrun for example_dag_decorator to None, run_after=None
[2022-09-10 23:13:51,248] {processor.py:161} INFO - Processing /home/airflow/.local/lib/python3.7/site-packages/airflow/example_dags/example_dag_decorator.py took 0.278 seconds
[2022-09-10 23:14:21,582] {processor.py:153} INFO - Started process (PID=9829) to work on /home/airflow/.local/lib/python3.7/site-packages/airflow/example_dags/example_dag_decorator.py
[2022-09-10 23:14:21,584] {processor.py:641} INFO - Processing file /home/airflow/.local/lib/python3.7/site-packages/airflow/example_dags/example_dag_decorator.py for tasks to queue
[2022-09-10 23:14:21,587] {logging_mixin.py:115} INFO - [2022-09-10 23:14:21,587] {dagbag.py:507} INFO - Filling up the DagBag from /home/airflow/.local/lib/python3.7/site-packages/airflow/example_dags/example_dag_decorator.py
[2022-09-10 23:14:21,642] {processor.py:651} INFO - DAG(s) dict_keys(['example_dag_decorator']) retrieved from /home/airflow/.local/lib/python3.7/site-packages/airflow/example_dags/example_dag_decorator.py
[2022-09-10 23:14:21,777] {logging_mixin.py:115} INFO - [2022-09-10 23:14:21,777] {dag.py:2371} INFO - Sync 1 DAGs
[2022-09-10 23:14:21,823] {logging_mixin.py:115} INFO - [2022-09-10 23:14:21,823] {dag.py:2919} INFO - Setting next_dagrun for example_dag_decorator to None, run_after=None
[2022-09-10 23:14:21,851] {processor.py:161} INFO - Processing /home/airflow/.local/lib/python3.7/site-packages/airflow/example_dags/example_dag_decorator.py took 0.274 seconds
[2022-09-10 23:14:52,653] {processor.py:153} INFO - Started process (PID=9890) to work on /home/airflow/.local/lib/python3.7/site-packages/airflow/example_dags/example_dag_decorator.py
[2022-09-10 23:14:52,656] {processor.py:641} INFO - Processing file /home/airflow/.local/lib/python3.7/site-packages/airflow/example_dags/example_dag_decorator.py for tasks to queue
[2022-09-10 23:14:52,658] {logging_mixin.py:115} INFO - [2022-09-10 23:14:52,658] {dagbag.py:507} INFO - Filling up the DagBag from /home/airflow/.local/lib/python3.7/site-packages/airflow/example_dags/example_dag_decorator.py
[2022-09-10 23:14:52,710] {processor.py:651} INFO - DAG(s) dict_keys(['example_dag_decorator']) retrieved from /home/airflow/.local/lib/python3.7/site-packages/airflow/example_dags/example_dag_decorator.py
[2022-09-10 23:14:52,840] {logging_mixin.py:115} INFO - [2022-09-10 23:14:52,840] {dag.py:2371} INFO - Sync 1 DAGs
[2022-09-10 23:14:52,882] {logging_mixin.py:115} INFO - [2022-09-10 23:14:52,882] {dag.py:2919} INFO - Setting next_dagrun for example_dag_decorator to None, run_after=None
[2022-09-10 23:14:52,909] {processor.py:161} INFO - Processing /home/airflow/.local/lib/python3.7/site-packages/airflow/example_dags/example_dag_decorator.py took 0.263 seconds
