[2022-09-12 01:52:21,242] {taskinstance.py:1159} INFO - Dependencies all met for <TaskInstance: tcc_dag.generate-csv-data manual__2022-09-12T01:52:10.915369+00:00 [queued]>
[2022-09-12 01:52:21,256] {taskinstance.py:1159} INFO - Dependencies all met for <TaskInstance: tcc_dag.generate-csv-data manual__2022-09-12T01:52:10.915369+00:00 [queued]>
[2022-09-12 01:52:21,257] {taskinstance.py:1356} INFO - 
--------------------------------------------------------------------------------
[2022-09-12 01:52:21,258] {taskinstance.py:1357} INFO - Starting attempt 1 of 1
[2022-09-12 01:52:21,258] {taskinstance.py:1358} INFO - 
--------------------------------------------------------------------------------
[2022-09-12 01:52:21,274] {taskinstance.py:1377} INFO - Executing <Task(PythonOperator): generate-csv-data> on 2022-09-12 01:52:10.915369+00:00
[2022-09-12 01:52:21,280] {standard_task_runner.py:52} INFO - Started process 13864 to run task
[2022-09-12 01:52:21,284] {standard_task_runner.py:79} INFO - Running: ['***', 'tasks', 'run', 'tcc_dag', 'generate-csv-data', 'manual__2022-09-12T01:52:10.915369+00:00', '--job-id', '591', '--raw', '--subdir', 'DAGS_FOLDER/.ipynb_checkpoints/tcc_dag-checkpoint.py', '--cfg-path', '/tmp/tmp_9fzk2f9', '--error-file', '/tmp/tmpyihk4n6n']
[2022-09-12 01:52:21,286] {standard_task_runner.py:80} INFO - Job 591: Subtask generate-csv-data
[2022-09-12 01:52:21,351] {task_command.py:369} INFO - Running <TaskInstance: tcc_dag.generate-csv-data manual__2022-09-12T01:52:10.915369+00:00 [running]> on host b6ddae3e9f9e
[2022-09-12 01:52:21,432] {taskinstance.py:1571} INFO - Exporting the following env vars:
AIRFLOW_CTX_DAG_OWNER=Michelle Mesquita
AIRFLOW_CTX_DAG_ID=tcc_dag
AIRFLOW_CTX_TASK_ID=generate-csv-data
AIRFLOW_CTX_EXECUTION_DATE=2022-09-12T01:52:10.915369+00:00
AIRFLOW_CTX_TRY_NUMBER=1
AIRFLOW_CTX_DAG_RUN_ID=manual__2022-09-12T01:52:10.915369+00:00
[2022-09-12 01:52:21,473] {logging_mixin.py:115} INFO - finished
[2022-09-12 01:52:21,474] {python.py:173} INFO - Done. Returned value was: None
[2022-09-12 01:52:21,494] {taskinstance.py:1400} INFO - Marking task as SUCCESS. dag_id=tcc_dag, task_id=generate-csv-data, execution_date=20220912T015210, start_date=20220912T015221, end_date=20220912T015221
[2022-09-12 01:52:21,540] {local_task_job.py:156} INFO - Task exited with return code 0
[2022-09-12 01:52:21,588] {local_task_job.py:273} INFO - 1 downstream tasks scheduled from follow-on schedule check
