[2022-09-11 21:30:57,970] {taskinstance.py:1159} INFO - Dependencies all met for <TaskInstance: tcc_dag.generate-csv-data manual__2022-09-11T21:30:51.277988+00:00 [queued]>
[2022-09-11 21:30:57,982] {taskinstance.py:1159} INFO - Dependencies all met for <TaskInstance: tcc_dag.generate-csv-data manual__2022-09-11T21:30:51.277988+00:00 [queued]>
[2022-09-11 21:30:57,983] {taskinstance.py:1356} INFO - 
--------------------------------------------------------------------------------
[2022-09-11 21:30:57,983] {taskinstance.py:1357} INFO - Starting attempt 1 of 1
[2022-09-11 21:30:57,984] {taskinstance.py:1358} INFO - 
--------------------------------------------------------------------------------
[2022-09-11 21:30:57,998] {taskinstance.py:1377} INFO - Executing <Task(PythonOperator): generate-csv-data> on 2022-09-11 21:30:51.277988+00:00
[2022-09-11 21:30:58,004] {standard_task_runner.py:52} INFO - Started process 2944 to run task
[2022-09-11 21:30:58,008] {standard_task_runner.py:79} INFO - Running: ['***', 'tasks', 'run', 'tcc_dag', 'generate-csv-data', 'manual__2022-09-11T21:30:51.277988+00:00', '--job-id', '543', '--raw', '--subdir', 'DAGS_FOLDER/.ipynb_checkpoints/tcc_dag-checkpoint.py', '--cfg-path', '/tmp/tmph8j1wbfh', '--error-file', '/tmp/tmp8gysd2bs']
[2022-09-11 21:30:58,010] {standard_task_runner.py:80} INFO - Job 543: Subtask generate-csv-data
[2022-09-11 21:30:58,079] {task_command.py:369} INFO - Running <TaskInstance: tcc_dag.generate-csv-data manual__2022-09-11T21:30:51.277988+00:00 [running]> on host b6ddae3e9f9e
[2022-09-11 21:30:58,156] {taskinstance.py:1571} INFO - Exporting the following env vars:
AIRFLOW_CTX_DAG_OWNER=Michelle Mesquita
AIRFLOW_CTX_DAG_ID=tcc_dag
AIRFLOW_CTX_TASK_ID=generate-csv-data
AIRFLOW_CTX_EXECUTION_DATE=2022-09-11T21:30:51.277988+00:00
AIRFLOW_CTX_TRY_NUMBER=1
AIRFLOW_CTX_DAG_RUN_ID=manual__2022-09-11T21:30:51.277988+00:00
[2022-09-11 21:30:58,200] {logging_mixin.py:115} INFO - finished
[2022-09-11 21:30:58,201] {python.py:173} INFO - Done. Returned value was: None
[2022-09-11 21:30:58,220] {taskinstance.py:1400} INFO - Marking task as SUCCESS. dag_id=tcc_dag, task_id=generate-csv-data, execution_date=20220911T213051, start_date=20220911T213057, end_date=20220911T213058
[2022-09-11 21:30:58,263] {local_task_job.py:156} INFO - Task exited with return code 0
[2022-09-11 21:30:58,306] {local_task_job.py:273} INFO - 1 downstream tasks scheduled from follow-on schedule check
