[2022-09-13 05:09:01,360] {taskinstance.py:1159} INFO - Dependencies all met for <TaskInstance: tcc_dag.github-sca-data scheduled__2022-09-12T05:03:42.952165+00:00 [queued]>
[2022-09-13 05:09:01,390] {taskinstance.py:1159} INFO - Dependencies all met for <TaskInstance: tcc_dag.github-sca-data scheduled__2022-09-12T05:03:42.952165+00:00 [queued]>
[2022-09-13 05:09:01,391] {taskinstance.py:1356} INFO - 
--------------------------------------------------------------------------------
[2022-09-13 05:09:01,392] {taskinstance.py:1357} INFO - Starting attempt 1 of 1
[2022-09-13 05:09:01,393] {taskinstance.py:1358} INFO - 
--------------------------------------------------------------------------------
[2022-09-13 05:09:01,442] {taskinstance.py:1377} INFO - Executing <Task(PythonOperator): github-sca-data> on 2022-09-12 05:03:42.952165+00:00
[2022-09-13 05:09:01,490] {standard_task_runner.py:52} INFO - Started process 35170 to run task
[2022-09-13 05:09:01,502] {standard_task_runner.py:79} INFO - Running: ['***', 'tasks', 'run', 'tcc_dag', 'github-sca-data', 'scheduled__2022-09-12T05:03:42.952165+00:00', '--job-id', '819', '--raw', '--subdir', 'DAGS_FOLDER/tcc_dag.py', '--cfg-path', '/tmp/tmpb528cxjs', '--error-file', '/tmp/tmpsiwnwnfs']
[2022-09-13 05:09:01,508] {standard_task_runner.py:80} INFO - Job 819: Subtask github-sca-data
[2022-09-13 05:09:01,706] {task_command.py:369} INFO - Running <TaskInstance: tcc_dag.github-sca-data scheduled__2022-09-12T05:03:42.952165+00:00 [running]> on host b6ddae3e9f9e
[2022-09-13 05:09:11,281] {taskinstance.py:1571} INFO - Exporting the following env vars:
AIRFLOW_CTX_DAG_OWNER=Michelle Mesquita
AIRFLOW_CTX_DAG_ID=tcc_dag
AIRFLOW_CTX_TASK_ID=github-sca-data
AIRFLOW_CTX_EXECUTION_DATE=2022-09-12T05:03:42.952165+00:00
AIRFLOW_CTX_TRY_NUMBER=1
AIRFLOW_CTX_DAG_RUN_ID=scheduled__2022-09-12T05:03:42.952165+00:00
[2022-09-13 05:09:11,375] {logging_mixin.py:115} INFO - repository: michelleamesquita/cypress-ci-report
[2022-09-13 06:57:12,571] {python.py:173} INFO - Done. Returned value was: None
[2022-09-13 06:57:13,214] {taskinstance.py:1400} INFO - Marking task as SUCCESS. dag_id=tcc_dag, task_id=github-sca-data, execution_date=20220912T050342, start_date=20220913T050901, end_date=20220913T065713
[2022-09-13 06:57:13,742] {local_task_job.py:156} INFO - Task exited with return code 0
[2022-09-13 06:57:14,409] {local_task_job.py:273} INFO - 0 downstream tasks scheduled from follow-on schedule check
