[2022-09-09 02:33:22,276] {taskinstance.py:1159} INFO - Dependencies all met for <TaskInstance: tcc_dag.github-sca-data manual__2022-09-09T02:33:20.497817+00:00 [queued]>
[2022-09-09 02:33:22,303] {taskinstance.py:1159} INFO - Dependencies all met for <TaskInstance: tcc_dag.github-sca-data manual__2022-09-09T02:33:20.497817+00:00 [queued]>
[2022-09-09 02:33:22,309] {taskinstance.py:1356} INFO - 
--------------------------------------------------------------------------------
[2022-09-09 02:33:22,310] {taskinstance.py:1357} INFO - Starting attempt 1 of 1
[2022-09-09 02:33:22,311] {taskinstance.py:1358} INFO - 
--------------------------------------------------------------------------------
[2022-09-09 02:33:22,334] {taskinstance.py:1377} INFO - Executing <Task(PythonOperator): github-sca-data> on 2022-09-09 02:33:20.497817+00:00
[2022-09-09 02:33:22,345] {standard_task_runner.py:52} INFO - Started process 127 to run task
[2022-09-09 02:33:22,350] {standard_task_runner.py:79} INFO - Running: ['***', 'tasks', 'run', 'tcc_dag', 'github-sca-data', 'manual__2022-09-09T02:33:20.497817+00:00', '--job-id', '473', '--raw', '--subdir', 'DAGS_FOLDER/tcc_dag.py', '--cfg-path', '/tmp/tmpm_po1tua', '--error-file', '/tmp/tmp87t9z20b']
[2022-09-09 02:33:22,352] {standard_task_runner.py:80} INFO - Job 473: Subtask github-sca-data
[2022-09-09 02:33:22,443] {task_command.py:369} INFO - Running <TaskInstance: tcc_dag.github-sca-data manual__2022-09-09T02:33:20.497817+00:00 [running]> on host b6ddae3e9f9e
[2022-09-09 02:33:22,566] {taskinstance.py:1571} INFO - Exporting the following env vars:
AIRFLOW_CTX_DAG_OWNER=Michelle Mesquita
AIRFLOW_CTX_DAG_ID=tcc_dag
AIRFLOW_CTX_TASK_ID=github-sca-data
AIRFLOW_CTX_EXECUTION_DATE=2022-09-09T02:33:20.497817+00:00
AIRFLOW_CTX_TRY_NUMBER=1
AIRFLOW_CTX_DAG_RUN_ID=manual__2022-09-09T02:33:20.497817+00:00
[2022-09-09 02:33:22,569] {logging_mixin.py:115} INFO - repository: michelleamesquita/cypress-ci-report
[2022-09-09 02:33:24,969] {logging_mixin.py:115} INFO - finished
[2022-09-09 02:33:24,970] {python.py:173} INFO - Done. Returned value was: None
[2022-09-09 02:33:24,995] {taskinstance.py:1400} INFO - Marking task as SUCCESS. dag_id=tcc_dag, task_id=github-sca-data, execution_date=20220909T023320, start_date=20220909T023322, end_date=20220909T023324
[2022-09-09 02:33:25,046] {local_task_job.py:156} INFO - Task exited with return code 0
[2022-09-09 02:33:25,113] {local_task_job.py:273} INFO - 0 downstream tasks scheduled from follow-on schedule check
