[2022-09-13 00:39:21,589] {taskinstance.py:1159} INFO - Dependencies all met for <TaskInstance: tcc_dag.add-db-data manual__2022-09-13T00:39:12.341989+00:00 [queued]>
[2022-09-13 00:39:21,604] {taskinstance.py:1159} INFO - Dependencies all met for <TaskInstance: tcc_dag.add-db-data manual__2022-09-13T00:39:12.341989+00:00 [queued]>
[2022-09-13 00:39:21,605] {taskinstance.py:1356} INFO - 
--------------------------------------------------------------------------------
[2022-09-13 00:39:21,606] {taskinstance.py:1357} INFO - Starting attempt 1 of 1
[2022-09-13 00:39:21,608] {taskinstance.py:1358} INFO - 
--------------------------------------------------------------------------------
[2022-09-13 00:39:21,625] {taskinstance.py:1377} INFO - Executing <Task(PythonOperator): add-db-data> on 2022-09-13 00:39:12.341989+00:00
[2022-09-13 00:39:21,632] {standard_task_runner.py:52} INFO - Started process 30173 to run task
[2022-09-13 00:39:21,636] {standard_task_runner.py:79} INFO - Running: ['***', 'tasks', 'run', 'tcc_dag', 'add-db-data', 'manual__2022-09-13T00:39:12.341989+00:00', '--job-id', '787', '--raw', '--subdir', 'DAGS_FOLDER/tcc_dag.py', '--cfg-path', '/tmp/tmp5pvhr4z9', '--error-file', '/tmp/tmpu_69miaj']
[2022-09-13 00:39:21,638] {standard_task_runner.py:80} INFO - Job 787: Subtask add-db-data
[2022-09-13 00:39:21,712] {task_command.py:369} INFO - Running <TaskInstance: tcc_dag.add-db-data manual__2022-09-13T00:39:12.341989+00:00 [running]> on host b6ddae3e9f9e
[2022-09-13 00:39:21,810] {taskinstance.py:1571} INFO - Exporting the following env vars:
AIRFLOW_CTX_DAG_OWNER=Michelle Mesquita
AIRFLOW_CTX_DAG_ID=tcc_dag
AIRFLOW_CTX_TASK_ID=add-db-data
AIRFLOW_CTX_EXECUTION_DATE=2022-09-13T00:39:12.341989+00:00
AIRFLOW_CTX_TRY_NUMBER=1
AIRFLOW_CTX_DAG_RUN_ID=manual__2022-09-13T00:39:12.341989+00:00
[2022-09-13 00:39:21,831] {logging_mixin.py:115} INFO - Connecting to the MySQL database...
[2022-09-13 00:39:21,874] {logging_mixin.py:115} INFO - Database connection closed.
[2022-09-13 00:39:21,894] {logging_mixin.py:115} INFO - Connecting to the MySQL database...
[2022-09-13 00:39:21,930] {logging_mixin.py:115} INFO - Database connection closed.
[2022-09-13 00:39:21,944] {python.py:173} INFO - Done. Returned value was: None
[2022-09-13 00:39:21,965] {taskinstance.py:1400} INFO - Marking task as SUCCESS. dag_id=tcc_dag, task_id=add-db-data, execution_date=20220913T003912, start_date=20220913T003921, end_date=20220913T003921
[2022-09-13 00:39:22,013] {local_task_job.py:156} INFO - Task exited with return code 0
[2022-09-13 00:39:22,095] {local_task_job.py:273} INFO - 0 downstream tasks scheduled from follow-on schedule check
