[2022-09-13 00:30:25,026] {taskinstance.py:1159} INFO - Dependencies all met for <TaskInstance: tcc_dag.github-sca-data manual__2022-09-13T00:30:23.399965+00:00 [queued]>
[2022-09-13 00:30:25,043] {taskinstance.py:1159} INFO - Dependencies all met for <TaskInstance: tcc_dag.github-sca-data manual__2022-09-13T00:30:23.399965+00:00 [queued]>
[2022-09-13 00:30:25,044] {taskinstance.py:1356} INFO - 
--------------------------------------------------------------------------------
[2022-09-13 00:30:25,045] {taskinstance.py:1357} INFO - Starting attempt 1 of 1
[2022-09-13 00:30:25,046] {taskinstance.py:1358} INFO - 
--------------------------------------------------------------------------------
[2022-09-13 00:30:25,070] {taskinstance.py:1377} INFO - Executing <Task(PythonOperator): github-sca-data> on 2022-09-13 00:30:23.399965+00:00
[2022-09-13 00:30:25,083] {standard_task_runner.py:52} INFO - Started process 29566 to run task
[2022-09-13 00:30:25,090] {standard_task_runner.py:79} INFO - Running: ['***', 'tasks', 'run', 'tcc_dag', 'github-sca-data', 'manual__2022-09-13T00:30:23.399965+00:00', '--job-id', '772', '--raw', '--subdir', 'DAGS_FOLDER/tcc_dag.py', '--cfg-path', '/tmp/tmp4fuhl20g', '--error-file', '/tmp/tmprrj4ycpk']
[2022-09-13 00:30:25,093] {standard_task_runner.py:80} INFO - Job 772: Subtask github-sca-data
[2022-09-13 00:30:25,271] {task_command.py:369} INFO - Running <TaskInstance: tcc_dag.github-sca-data manual__2022-09-13T00:30:23.399965+00:00 [running]> on host b6ddae3e9f9e
[2022-09-13 00:30:25,372] {taskinstance.py:1571} INFO - Exporting the following env vars:
AIRFLOW_CTX_DAG_OWNER=Michelle Mesquita
AIRFLOW_CTX_DAG_ID=tcc_dag
AIRFLOW_CTX_TASK_ID=github-sca-data
AIRFLOW_CTX_EXECUTION_DATE=2022-09-13T00:30:23.399965+00:00
AIRFLOW_CTX_TRY_NUMBER=1
AIRFLOW_CTX_DAG_RUN_ID=manual__2022-09-13T00:30:23.399965+00:00
[2022-09-13 00:30:25,378] {logging_mixin.py:115} INFO - repository: michelleamesquita/cypress-ci-report
[2022-09-13 00:30:27,203] {python.py:173} INFO - Done. Returned value was: None
[2022-09-13 00:30:27,219] {taskinstance.py:1400} INFO - Marking task as SUCCESS. dag_id=tcc_dag, task_id=github-sca-data, execution_date=20220913T003023, start_date=20220913T003025, end_date=20220913T003027
[2022-09-13 00:30:27,286] {local_task_job.py:156} INFO - Task exited with return code 0
[2022-09-13 00:30:27,334] {local_task_job.py:273} INFO - 0 downstream tasks scheduled from follow-on schedule check
