[2022-09-15 00:41:00,809] {processor.py:153} INFO - Started process (PID=94344) to work on /opt/airflow/dags/tcc_dag.py
[2022-09-15 00:41:00,812] {processor.py:641} INFO - Processing file /opt/airflow/dags/tcc_dag.py for tasks to queue
[2022-09-15 00:41:00,818] {logging_mixin.py:115} INFO - [2022-09-15 00:41:00,818] {dagbag.py:507} INFO - Filling up the DagBag from /opt/airflow/dags/tcc_dag.py
[2022-09-15 00:41:02,932] {processor.py:651} INFO - DAG(s) dict_keys(['tcc_dag']) retrieved from /opt/airflow/dags/tcc_dag.py
[2022-09-15 00:41:03,302] {logging_mixin.py:115} INFO - [2022-09-15 00:41:03,300] {dag.py:2371} INFO - Sync 1 DAGs
[2022-09-15 00:41:03,380] {logging_mixin.py:115} INFO - [2022-09-15 00:41:03,380] {dag.py:2919} INFO - Setting next_dagrun for tcc_dag to 2022-09-14T05:03:42.952165+00:00, run_after=2022-09-15T05:03:42.952165+00:00
[2022-09-15 00:41:03,453] {processor.py:161} INFO - Processing /opt/airflow/dags/tcc_dag.py took 2.703 seconds
[2022-09-15 00:41:33,756] {processor.py:153} INFO - Started process (PID=94404) to work on /opt/airflow/dags/tcc_dag.py
[2022-09-15 00:41:33,758] {processor.py:641} INFO - Processing file /opt/airflow/dags/tcc_dag.py for tasks to queue
[2022-09-15 00:41:33,759] {logging_mixin.py:115} INFO - [2022-09-15 00:41:33,759] {dagbag.py:507} INFO - Filling up the DagBag from /opt/airflow/dags/tcc_dag.py
[2022-09-15 00:41:34,147] {processor.py:651} INFO - DAG(s) dict_keys(['tcc_dag']) retrieved from /opt/airflow/dags/tcc_dag.py
[2022-09-15 00:41:34,192] {logging_mixin.py:115} INFO - [2022-09-15 00:41:34,191] {dag.py:2371} INFO - Sync 1 DAGs
[2022-09-15 00:41:34,235] {logging_mixin.py:115} INFO - [2022-09-15 00:41:34,235] {dag.py:2919} INFO - Setting next_dagrun for tcc_dag to 2022-09-14T05:03:42.952165+00:00, run_after=2022-09-15T05:03:42.952165+00:00
[2022-09-15 00:41:34,293] {processor.py:161} INFO - Processing /opt/airflow/dags/tcc_dag.py took 0.543 seconds
[2022-09-15 00:42:04,728] {processor.py:153} INFO - Started process (PID=94458) to work on /opt/airflow/dags/tcc_dag.py
[2022-09-15 00:42:04,730] {processor.py:641} INFO - Processing file /opt/airflow/dags/tcc_dag.py for tasks to queue
[2022-09-15 00:42:04,732] {logging_mixin.py:115} INFO - [2022-09-15 00:42:04,732] {dagbag.py:507} INFO - Filling up the DagBag from /opt/airflow/dags/tcc_dag.py
[2022-09-15 00:42:04,993] {processor.py:651} INFO - DAG(s) dict_keys(['tcc_dag']) retrieved from /opt/airflow/dags/tcc_dag.py
[2022-09-15 00:42:05,066] {logging_mixin.py:115} INFO - [2022-09-15 00:42:05,065] {dag.py:2371} INFO - Sync 1 DAGs
[2022-09-15 00:42:05,093] {logging_mixin.py:115} INFO - [2022-09-15 00:42:05,093] {dag.py:2919} INFO - Setting next_dagrun for tcc_dag to 2022-09-14T05:03:42.952165+00:00, run_after=2022-09-15T05:03:42.952165+00:00
[2022-09-15 00:42:05,107] {processor.py:161} INFO - Processing /opt/airflow/dags/tcc_dag.py took 0.384 seconds
[2022-09-15 00:42:35,323] {processor.py:153} INFO - Started process (PID=94528) to work on /opt/airflow/dags/tcc_dag.py
[2022-09-15 00:42:35,325] {processor.py:641} INFO - Processing file /opt/airflow/dags/tcc_dag.py for tasks to queue
[2022-09-15 00:42:35,327] {logging_mixin.py:115} INFO - [2022-09-15 00:42:35,327] {dagbag.py:507} INFO - Filling up the DagBag from /opt/airflow/dags/tcc_dag.py
[2022-09-15 00:42:35,608] {processor.py:651} INFO - DAG(s) dict_keys(['tcc_dag']) retrieved from /opt/airflow/dags/tcc_dag.py
[2022-09-15 00:42:35,641] {logging_mixin.py:115} INFO - [2022-09-15 00:42:35,640] {dag.py:2371} INFO - Sync 1 DAGs
[2022-09-15 00:42:35,665] {logging_mixin.py:115} INFO - [2022-09-15 00:42:35,664] {dag.py:2919} INFO - Setting next_dagrun for tcc_dag to 2022-09-14T05:03:42.952165+00:00, run_after=2022-09-15T05:03:42.952165+00:00
[2022-09-15 00:42:35,679] {processor.py:161} INFO - Processing /opt/airflow/dags/tcc_dag.py took 0.361 seconds
[2022-09-15 00:43:05,772] {processor.py:153} INFO - Started process (PID=94596) to work on /opt/airflow/dags/tcc_dag.py
[2022-09-15 00:43:05,774] {processor.py:641} INFO - Processing file /opt/airflow/dags/tcc_dag.py for tasks to queue
[2022-09-15 00:43:05,775] {logging_mixin.py:115} INFO - [2022-09-15 00:43:05,775] {dagbag.py:507} INFO - Filling up the DagBag from /opt/airflow/dags/tcc_dag.py
[2022-09-15 00:43:06,039] {processor.py:651} INFO - DAG(s) dict_keys(['tcc_dag']) retrieved from /opt/airflow/dags/tcc_dag.py
[2022-09-15 00:43:06,110] {logging_mixin.py:115} INFO - [2022-09-15 00:43:06,108] {dag.py:2371} INFO - Sync 1 DAGs
[2022-09-15 00:43:06,133] {logging_mixin.py:115} INFO - [2022-09-15 00:43:06,133] {dag.py:2919} INFO - Setting next_dagrun for tcc_dag to 2022-09-14T05:03:42.952165+00:00, run_after=2022-09-15T05:03:42.952165+00:00
[2022-09-15 00:43:06,152] {processor.py:161} INFO - Processing /opt/airflow/dags/tcc_dag.py took 0.384 seconds
[2022-09-15 00:43:36,534] {processor.py:153} INFO - Started process (PID=94655) to work on /opt/airflow/dags/tcc_dag.py
[2022-09-15 00:43:36,536] {processor.py:641} INFO - Processing file /opt/airflow/dags/tcc_dag.py for tasks to queue
[2022-09-15 00:43:36,538] {logging_mixin.py:115} INFO - [2022-09-15 00:43:36,538] {dagbag.py:507} INFO - Filling up the DagBag from /opt/airflow/dags/tcc_dag.py
[2022-09-15 00:43:36,829] {processor.py:651} INFO - DAG(s) dict_keys(['tcc_dag']) retrieved from /opt/airflow/dags/tcc_dag.py
[2022-09-15 00:43:36,864] {logging_mixin.py:115} INFO - [2022-09-15 00:43:36,863] {dag.py:2371} INFO - Sync 1 DAGs
[2022-09-15 00:43:36,888] {logging_mixin.py:115} INFO - [2022-09-15 00:43:36,888] {dag.py:2919} INFO - Setting next_dagrun for tcc_dag to 2022-09-14T05:03:42.952165+00:00, run_after=2022-09-15T05:03:42.952165+00:00
[2022-09-15 00:43:36,904] {processor.py:161} INFO - Processing /opt/airflow/dags/tcc_dag.py took 0.374 seconds
[2022-09-15 00:44:06,963] {processor.py:153} INFO - Started process (PID=94724) to work on /opt/airflow/dags/tcc_dag.py
[2022-09-15 00:44:06,964] {processor.py:641} INFO - Processing file /opt/airflow/dags/tcc_dag.py for tasks to queue
[2022-09-15 00:44:06,966] {logging_mixin.py:115} INFO - [2022-09-15 00:44:06,966] {dagbag.py:507} INFO - Filling up the DagBag from /opt/airflow/dags/tcc_dag.py
[2022-09-15 00:44:07,320] {processor.py:651} INFO - DAG(s) dict_keys(['tcc_dag']) retrieved from /opt/airflow/dags/tcc_dag.py
[2022-09-15 00:44:07,404] {logging_mixin.py:115} INFO - [2022-09-15 00:44:07,402] {dag.py:2371} INFO - Sync 1 DAGs
[2022-09-15 00:44:07,434] {logging_mixin.py:115} INFO - [2022-09-15 00:44:07,434] {dag.py:2919} INFO - Setting next_dagrun for tcc_dag to 2022-09-14T05:03:42.952165+00:00, run_after=2022-09-15T05:03:42.952165+00:00
[2022-09-15 00:44:07,455] {processor.py:161} INFO - Processing /opt/airflow/dags/tcc_dag.py took 0.496 seconds
[2022-09-15 00:44:37,631] {processor.py:153} INFO - Started process (PID=94790) to work on /opt/airflow/dags/tcc_dag.py
[2022-09-15 00:44:37,632] {processor.py:641} INFO - Processing file /opt/airflow/dags/tcc_dag.py for tasks to queue
[2022-09-15 00:44:37,634] {logging_mixin.py:115} INFO - [2022-09-15 00:44:37,634] {dagbag.py:507} INFO - Filling up the DagBag from /opt/airflow/dags/tcc_dag.py
[2022-09-15 00:44:37,912] {processor.py:651} INFO - DAG(s) dict_keys(['tcc_dag']) retrieved from /opt/airflow/dags/tcc_dag.py
[2022-09-15 00:44:37,948] {logging_mixin.py:115} INFO - [2022-09-15 00:44:37,947] {dag.py:2371} INFO - Sync 1 DAGs
[2022-09-15 00:44:37,978] {logging_mixin.py:115} INFO - [2022-09-15 00:44:37,978] {dag.py:2919} INFO - Setting next_dagrun for tcc_dag to 2022-09-14T05:03:42.952165+00:00, run_after=2022-09-15T05:03:42.952165+00:00
[2022-09-15 00:44:38,002] {processor.py:161} INFO - Processing /opt/airflow/dags/tcc_dag.py took 0.376 seconds
[2022-09-15 00:45:08,060] {processor.py:153} INFO - Started process (PID=94848) to work on /opt/airflow/dags/tcc_dag.py
[2022-09-15 00:45:08,062] {processor.py:641} INFO - Processing file /opt/airflow/dags/tcc_dag.py for tasks to queue
[2022-09-15 00:45:08,063] {logging_mixin.py:115} INFO - [2022-09-15 00:45:08,063] {dagbag.py:507} INFO - Filling up the DagBag from /opt/airflow/dags/tcc_dag.py
[2022-09-15 00:45:08,367] {processor.py:651} INFO - DAG(s) dict_keys(['tcc_dag']) retrieved from /opt/airflow/dags/tcc_dag.py
[2022-09-15 00:45:08,441] {logging_mixin.py:115} INFO - [2022-09-15 00:45:08,441] {dag.py:2371} INFO - Sync 1 DAGs
[2022-09-15 00:45:08,464] {logging_mixin.py:115} INFO - [2022-09-15 00:45:08,463] {dag.py:2919} INFO - Setting next_dagrun for tcc_dag to 2022-09-14T05:03:42.952165+00:00, run_after=2022-09-15T05:03:42.952165+00:00
[2022-09-15 00:45:08,479] {processor.py:161} INFO - Processing /opt/airflow/dags/tcc_dag.py took 0.425 seconds
[2022-09-15 00:45:38,960] {processor.py:153} INFO - Started process (PID=94915) to work on /opt/airflow/dags/tcc_dag.py
[2022-09-15 00:45:38,962] {processor.py:641} INFO - Processing file /opt/airflow/dags/tcc_dag.py for tasks to queue
[2022-09-15 00:45:38,964] {logging_mixin.py:115} INFO - [2022-09-15 00:45:38,963] {dagbag.py:507} INFO - Filling up the DagBag from /opt/airflow/dags/tcc_dag.py
[2022-09-15 00:45:39,697] {processor.py:651} INFO - DAG(s) dict_keys(['tcc_dag']) retrieved from /opt/airflow/dags/tcc_dag.py
[2022-09-15 00:45:39,747] {logging_mixin.py:115} INFO - [2022-09-15 00:45:39,745] {dag.py:2371} INFO - Sync 1 DAGs
[2022-09-15 00:45:39,784] {logging_mixin.py:115} INFO - [2022-09-15 00:45:39,784] {dag.py:2919} INFO - Setting next_dagrun for tcc_dag to 2022-09-14T05:03:42.952165+00:00, run_after=2022-09-15T05:03:42.952165+00:00
[2022-09-15 00:45:39,805] {processor.py:161} INFO - Processing /opt/airflow/dags/tcc_dag.py took 0.853 seconds
[2022-09-15 00:46:09,900] {processor.py:153} INFO - Started process (PID=94986) to work on /opt/airflow/dags/tcc_dag.py
[2022-09-15 00:46:09,902] {processor.py:641} INFO - Processing file /opt/airflow/dags/tcc_dag.py for tasks to queue
[2022-09-15 00:46:09,905] {logging_mixin.py:115} INFO - [2022-09-15 00:46:09,905] {dagbag.py:507} INFO - Filling up the DagBag from /opt/airflow/dags/tcc_dag.py
[2022-09-15 00:46:10,294] {processor.py:651} INFO - DAG(s) dict_keys(['tcc_dag']) retrieved from /opt/airflow/dags/tcc_dag.py
[2022-09-15 00:46:10,435] {logging_mixin.py:115} INFO - [2022-09-15 00:46:10,434] {dag.py:2371} INFO - Sync 1 DAGs
[2022-09-15 00:46:10,470] {logging_mixin.py:115} INFO - [2022-09-15 00:46:10,470] {dag.py:2919} INFO - Setting next_dagrun for tcc_dag to 2022-09-14T05:03:42.952165+00:00, run_after=2022-09-15T05:03:42.952165+00:00
[2022-09-15 00:46:10,493] {processor.py:161} INFO - Processing /opt/airflow/dags/tcc_dag.py took 0.605 seconds
[2022-09-15 00:46:40,581] {processor.py:153} INFO - Started process (PID=95047) to work on /opt/airflow/dags/tcc_dag.py
[2022-09-15 00:46:40,582] {processor.py:641} INFO - Processing file /opt/airflow/dags/tcc_dag.py for tasks to queue
[2022-09-15 00:46:40,584] {logging_mixin.py:115} INFO - [2022-09-15 00:46:40,583] {dagbag.py:507} INFO - Filling up the DagBag from /opt/airflow/dags/tcc_dag.py
[2022-09-15 00:46:40,872] {processor.py:651} INFO - DAG(s) dict_keys(['tcc_dag']) retrieved from /opt/airflow/dags/tcc_dag.py
[2022-09-15 00:46:40,910] {logging_mixin.py:115} INFO - [2022-09-15 00:46:40,909] {dag.py:2371} INFO - Sync 1 DAGs
[2022-09-15 00:46:40,935] {logging_mixin.py:115} INFO - [2022-09-15 00:46:40,935] {dag.py:2919} INFO - Setting next_dagrun for tcc_dag to 2022-09-14T05:03:42.952165+00:00, run_after=2022-09-15T05:03:42.952165+00:00
[2022-09-15 00:46:40,949] {processor.py:161} INFO - Processing /opt/airflow/dags/tcc_dag.py took 0.373 seconds
[2022-09-15 00:47:11,812] {processor.py:153} INFO - Started process (PID=95116) to work on /opt/airflow/dags/tcc_dag.py
[2022-09-15 00:47:11,813] {processor.py:641} INFO - Processing file /opt/airflow/dags/tcc_dag.py for tasks to queue
[2022-09-15 00:47:11,815] {logging_mixin.py:115} INFO - [2022-09-15 00:47:11,815] {dagbag.py:507} INFO - Filling up the DagBag from /opt/airflow/dags/tcc_dag.py
[2022-09-15 00:47:12,151] {processor.py:651} INFO - DAG(s) dict_keys(['tcc_dag']) retrieved from /opt/airflow/dags/tcc_dag.py
[2022-09-15 00:47:12,171] {logging_mixin.py:115} INFO - [2022-09-15 00:47:12,170] {dag.py:2371} INFO - Sync 1 DAGs
[2022-09-15 00:47:12,204] {logging_mixin.py:115} INFO - [2022-09-15 00:47:12,204] {dag.py:2919} INFO - Setting next_dagrun for tcc_dag to 2022-09-14T05:03:42.952165+00:00, run_after=2022-09-15T05:03:42.952165+00:00
[2022-09-15 00:47:12,221] {processor.py:161} INFO - Processing /opt/airflow/dags/tcc_dag.py took 0.414 seconds
[2022-09-15 00:47:42,564] {processor.py:153} INFO - Started process (PID=95172) to work on /opt/airflow/dags/tcc_dag.py
[2022-09-15 00:47:42,567] {processor.py:641} INFO - Processing file /opt/airflow/dags/tcc_dag.py for tasks to queue
[2022-09-15 00:47:42,572] {logging_mixin.py:115} INFO - [2022-09-15 00:47:42,570] {dagbag.py:507} INFO - Filling up the DagBag from /opt/airflow/dags/tcc_dag.py
[2022-09-15 00:47:43,023] {processor.py:651} INFO - DAG(s) dict_keys(['tcc_dag']) retrieved from /opt/airflow/dags/tcc_dag.py
[2022-09-15 00:47:43,116] {logging_mixin.py:115} INFO - [2022-09-15 00:47:43,114] {dag.py:2371} INFO - Sync 1 DAGs
[2022-09-15 00:47:43,146] {logging_mixin.py:115} INFO - [2022-09-15 00:47:43,146] {dag.py:2919} INFO - Setting next_dagrun for tcc_dag to 2022-09-14T05:03:42.952165+00:00, run_after=2022-09-15T05:03:42.952165+00:00
[2022-09-15 00:47:43,166] {processor.py:161} INFO - Processing /opt/airflow/dags/tcc_dag.py took 0.611 seconds
[2022-09-15 00:48:13,793] {processor.py:153} INFO - Started process (PID=95239) to work on /opt/airflow/dags/tcc_dag.py
[2022-09-15 00:48:13,796] {processor.py:641} INFO - Processing file /opt/airflow/dags/tcc_dag.py for tasks to queue
[2022-09-15 00:48:13,797] {logging_mixin.py:115} INFO - [2022-09-15 00:48:13,797] {dagbag.py:507} INFO - Filling up the DagBag from /opt/airflow/dags/tcc_dag.py
[2022-09-15 00:48:14,062] {processor.py:651} INFO - DAG(s) dict_keys(['tcc_dag']) retrieved from /opt/airflow/dags/tcc_dag.py
[2022-09-15 00:48:14,091] {logging_mixin.py:115} INFO - [2022-09-15 00:48:14,090] {dag.py:2371} INFO - Sync 1 DAGs
[2022-09-15 00:48:14,114] {logging_mixin.py:115} INFO - [2022-09-15 00:48:14,113] {dag.py:2919} INFO - Setting next_dagrun for tcc_dag to 2022-09-14T05:03:42.952165+00:00, run_after=2022-09-15T05:03:42.952165+00:00
[2022-09-15 00:48:14,128] {processor.py:161} INFO - Processing /opt/airflow/dags/tcc_dag.py took 0.340 seconds
[2022-09-15 00:48:45,301] {processor.py:153} INFO - Started process (PID=95305) to work on /opt/airflow/dags/tcc_dag.py
[2022-09-15 00:48:45,305] {processor.py:641} INFO - Processing file /opt/airflow/dags/tcc_dag.py for tasks to queue
[2022-09-15 00:48:45,309] {logging_mixin.py:115} INFO - [2022-09-15 00:48:45,308] {dagbag.py:507} INFO - Filling up the DagBag from /opt/airflow/dags/tcc_dag.py
[2022-09-15 00:48:47,128] {processor.py:651} INFO - DAG(s) dict_keys(['tcc_dag']) retrieved from /opt/airflow/dags/tcc_dag.py
[2022-09-15 00:48:47,301] {logging_mixin.py:115} INFO - [2022-09-15 00:48:47,299] {dag.py:2371} INFO - Sync 1 DAGs
[2022-09-15 00:48:47,350] {logging_mixin.py:115} INFO - [2022-09-15 00:48:47,349] {dag.py:2919} INFO - Setting next_dagrun for tcc_dag to 2022-09-14T05:03:42.952165+00:00, run_after=2022-09-15T05:03:42.952165+00:00
[2022-09-15 00:48:47,379] {processor.py:161} INFO - Processing /opt/airflow/dags/tcc_dag.py took 2.093 seconds
[2022-09-15 00:49:17,480] {processor.py:153} INFO - Started process (PID=95364) to work on /opt/airflow/dags/tcc_dag.py
[2022-09-15 00:49:17,482] {processor.py:641} INFO - Processing file /opt/airflow/dags/tcc_dag.py for tasks to queue
[2022-09-15 00:49:17,484] {logging_mixin.py:115} INFO - [2022-09-15 00:49:17,484] {dagbag.py:507} INFO - Filling up the DagBag from /opt/airflow/dags/tcc_dag.py
[2022-09-15 00:49:17,760] {processor.py:651} INFO - DAG(s) dict_keys(['tcc_dag']) retrieved from /opt/airflow/dags/tcc_dag.py
[2022-09-15 00:49:17,794] {logging_mixin.py:115} INFO - [2022-09-15 00:49:17,793] {dag.py:2371} INFO - Sync 1 DAGs
[2022-09-15 00:49:17,816] {logging_mixin.py:115} INFO - [2022-09-15 00:49:17,816] {dag.py:2919} INFO - Setting next_dagrun for tcc_dag to 2022-09-14T05:03:42.952165+00:00, run_after=2022-09-15T05:03:42.952165+00:00
[2022-09-15 00:49:17,832] {processor.py:161} INFO - Processing /opt/airflow/dags/tcc_dag.py took 0.356 seconds
[2022-09-15 00:49:47,900] {processor.py:153} INFO - Started process (PID=95432) to work on /opt/airflow/dags/tcc_dag.py
[2022-09-15 00:49:47,908] {processor.py:641} INFO - Processing file /opt/airflow/dags/tcc_dag.py for tasks to queue
[2022-09-15 00:49:47,911] {logging_mixin.py:115} INFO - [2022-09-15 00:49:47,911] {dagbag.py:507} INFO - Filling up the DagBag from /opt/airflow/dags/tcc_dag.py
[2022-09-15 00:49:48,878] {processor.py:651} INFO - DAG(s) dict_keys(['tcc_dag']) retrieved from /opt/airflow/dags/tcc_dag.py
[2022-09-15 00:49:48,903] {logging_mixin.py:115} INFO - [2022-09-15 00:49:48,902] {dag.py:2371} INFO - Sync 1 DAGs
[2022-09-15 00:49:48,938] {logging_mixin.py:115} INFO - [2022-09-15 00:49:48,938] {dag.py:2919} INFO - Setting next_dagrun for tcc_dag to 2022-09-14T05:03:42.952165+00:00, run_after=2022-09-15T05:03:42.952165+00:00
[2022-09-15 00:49:48,957] {processor.py:161} INFO - Processing /opt/airflow/dags/tcc_dag.py took 1.072 seconds
[2022-09-15 00:50:19,193] {processor.py:153} INFO - Started process (PID=95491) to work on /opt/airflow/dags/tcc_dag.py
[2022-09-15 00:50:19,194] {processor.py:641} INFO - Processing file /opt/airflow/dags/tcc_dag.py for tasks to queue
[2022-09-15 00:50:19,196] {logging_mixin.py:115} INFO - [2022-09-15 00:50:19,196] {dagbag.py:507} INFO - Filling up the DagBag from /opt/airflow/dags/tcc_dag.py
[2022-09-15 00:50:19,484] {processor.py:651} INFO - DAG(s) dict_keys(['tcc_dag']) retrieved from /opt/airflow/dags/tcc_dag.py
[2022-09-15 00:50:19,556] {logging_mixin.py:115} INFO - [2022-09-15 00:50:19,555] {dag.py:2371} INFO - Sync 1 DAGs
[2022-09-15 00:50:19,578] {logging_mixin.py:115} INFO - [2022-09-15 00:50:19,578] {dag.py:2919} INFO - Setting next_dagrun for tcc_dag to 2022-09-14T05:03:42.952165+00:00, run_after=2022-09-15T05:03:42.952165+00:00
[2022-09-15 00:50:19,593] {processor.py:161} INFO - Processing /opt/airflow/dags/tcc_dag.py took 0.403 seconds
[2022-09-15 00:50:50,356] {processor.py:153} INFO - Started process (PID=95560) to work on /opt/airflow/dags/tcc_dag.py
[2022-09-15 00:50:50,358] {processor.py:641} INFO - Processing file /opt/airflow/dags/tcc_dag.py for tasks to queue
[2022-09-15 00:50:50,360] {logging_mixin.py:115} INFO - [2022-09-15 00:50:50,359] {dagbag.py:507} INFO - Filling up the DagBag from /opt/airflow/dags/tcc_dag.py
[2022-09-15 00:50:50,634] {processor.py:651} INFO - DAG(s) dict_keys(['tcc_dag']) retrieved from /opt/airflow/dags/tcc_dag.py
[2022-09-15 00:50:50,664] {logging_mixin.py:115} INFO - [2022-09-15 00:50:50,663] {dag.py:2371} INFO - Sync 1 DAGs
[2022-09-15 00:50:50,688] {logging_mixin.py:115} INFO - [2022-09-15 00:50:50,688] {dag.py:2919} INFO - Setting next_dagrun for tcc_dag to 2022-09-14T05:03:42.952165+00:00, run_after=2022-09-15T05:03:42.952165+00:00
[2022-09-15 00:50:50,701] {processor.py:161} INFO - Processing /opt/airflow/dags/tcc_dag.py took 0.349 seconds
[2022-09-15 00:51:20,864] {processor.py:153} INFO - Started process (PID=95628) to work on /opt/airflow/dags/tcc_dag.py
[2022-09-15 00:51:20,867] {processor.py:641} INFO - Processing file /opt/airflow/dags/tcc_dag.py for tasks to queue
[2022-09-15 00:51:20,869] {logging_mixin.py:115} INFO - [2022-09-15 00:51:20,868] {dagbag.py:507} INFO - Filling up the DagBag from /opt/airflow/dags/tcc_dag.py
[2022-09-15 00:51:21,291] {processor.py:651} INFO - DAG(s) dict_keys(['tcc_dag']) retrieved from /opt/airflow/dags/tcc_dag.py
[2022-09-15 00:51:21,378] {logging_mixin.py:115} INFO - [2022-09-15 00:51:21,377] {dag.py:2371} INFO - Sync 1 DAGs
[2022-09-15 00:51:21,413] {logging_mixin.py:115} INFO - [2022-09-15 00:51:21,413] {dag.py:2919} INFO - Setting next_dagrun for tcc_dag to 2022-09-14T05:03:42.952165+00:00, run_after=2022-09-15T05:03:42.952165+00:00
[2022-09-15 00:51:21,441] {processor.py:161} INFO - Processing /opt/airflow/dags/tcc_dag.py took 0.582 seconds
[2022-09-15 00:51:51,706] {processor.py:153} INFO - Started process (PID=95688) to work on /opt/airflow/dags/tcc_dag.py
[2022-09-15 00:51:51,708] {processor.py:641} INFO - Processing file /opt/airflow/dags/tcc_dag.py for tasks to queue
[2022-09-15 00:51:51,709] {logging_mixin.py:115} INFO - [2022-09-15 00:51:51,709] {dagbag.py:507} INFO - Filling up the DagBag from /opt/airflow/dags/tcc_dag.py
[2022-09-15 00:51:52,239] {processor.py:651} INFO - DAG(s) dict_keys(['tcc_dag']) retrieved from /opt/airflow/dags/tcc_dag.py
[2022-09-15 00:51:52,292] {logging_mixin.py:115} INFO - [2022-09-15 00:51:52,291] {dag.py:2371} INFO - Sync 1 DAGs
[2022-09-15 00:51:52,334] {logging_mixin.py:115} INFO - [2022-09-15 00:51:52,334] {dag.py:2919} INFO - Setting next_dagrun for tcc_dag to 2022-09-14T05:03:42.952165+00:00, run_after=2022-09-15T05:03:42.952165+00:00
[2022-09-15 00:51:52,357] {processor.py:161} INFO - Processing /opt/airflow/dags/tcc_dag.py took 0.656 seconds
[2022-09-15 00:52:23,110] {processor.py:153} INFO - Started process (PID=95757) to work on /opt/airflow/dags/tcc_dag.py
[2022-09-15 00:52:23,112] {processor.py:641} INFO - Processing file /opt/airflow/dags/tcc_dag.py for tasks to queue
[2022-09-15 00:52:23,114] {logging_mixin.py:115} INFO - [2022-09-15 00:52:23,114] {dagbag.py:507} INFO - Filling up the DagBag from /opt/airflow/dags/tcc_dag.py
[2022-09-15 00:52:23,417] {processor.py:651} INFO - DAG(s) dict_keys(['tcc_dag']) retrieved from /opt/airflow/dags/tcc_dag.py
[2022-09-15 00:52:23,498] {logging_mixin.py:115} INFO - [2022-09-15 00:52:23,497] {dag.py:2371} INFO - Sync 1 DAGs
[2022-09-15 00:52:23,525] {logging_mixin.py:115} INFO - [2022-09-15 00:52:23,524] {dag.py:2919} INFO - Setting next_dagrun for tcc_dag to 2022-09-14T05:03:42.952165+00:00, run_after=2022-09-15T05:03:42.952165+00:00
[2022-09-15 00:52:23,541] {processor.py:161} INFO - Processing /opt/airflow/dags/tcc_dag.py took 0.441 seconds
[2022-09-15 00:52:53,818] {processor.py:153} INFO - Started process (PID=95828) to work on /opt/airflow/dags/tcc_dag.py
[2022-09-15 00:52:53,821] {processor.py:641} INFO - Processing file /opt/airflow/dags/tcc_dag.py for tasks to queue
[2022-09-15 00:52:53,823] {logging_mixin.py:115} INFO - [2022-09-15 00:52:53,822] {dagbag.py:507} INFO - Filling up the DagBag from /opt/airflow/dags/tcc_dag.py
[2022-09-15 00:52:54,113] {processor.py:651} INFO - DAG(s) dict_keys(['tcc_dag']) retrieved from /opt/airflow/dags/tcc_dag.py
[2022-09-15 00:52:54,144] {logging_mixin.py:115} INFO - [2022-09-15 00:52:54,143] {dag.py:2371} INFO - Sync 1 DAGs
[2022-09-15 00:52:54,173] {logging_mixin.py:115} INFO - [2022-09-15 00:52:54,173] {dag.py:2919} INFO - Setting next_dagrun for tcc_dag to 2022-09-14T05:03:42.952165+00:00, run_after=2022-09-15T05:03:42.952165+00:00
[2022-09-15 00:52:54,188] {processor.py:161} INFO - Processing /opt/airflow/dags/tcc_dag.py took 0.375 seconds
[2022-09-15 00:53:24,471] {processor.py:153} INFO - Started process (PID=95888) to work on /opt/airflow/dags/tcc_dag.py
[2022-09-15 00:53:24,473] {processor.py:641} INFO - Processing file /opt/airflow/dags/tcc_dag.py for tasks to queue
[2022-09-15 00:53:24,475] {logging_mixin.py:115} INFO - [2022-09-15 00:53:24,475] {dagbag.py:507} INFO - Filling up the DagBag from /opt/airflow/dags/tcc_dag.py
[2022-09-15 00:53:24,782] {processor.py:651} INFO - DAG(s) dict_keys(['tcc_dag']) retrieved from /opt/airflow/dags/tcc_dag.py
[2022-09-15 00:53:24,851] {logging_mixin.py:115} INFO - [2022-09-15 00:53:24,850] {dag.py:2371} INFO - Sync 1 DAGs
[2022-09-15 00:53:24,874] {logging_mixin.py:115} INFO - [2022-09-15 00:53:24,874] {dag.py:2919} INFO - Setting next_dagrun for tcc_dag to 2022-09-14T05:03:42.952165+00:00, run_after=2022-09-15T05:03:42.952165+00:00
[2022-09-15 00:53:24,892] {processor.py:161} INFO - Processing /opt/airflow/dags/tcc_dag.py took 0.425 seconds
[2022-09-15 00:53:55,472] {processor.py:153} INFO - Started process (PID=95955) to work on /opt/airflow/dags/tcc_dag.py
[2022-09-15 00:53:55,474] {processor.py:641} INFO - Processing file /opt/airflow/dags/tcc_dag.py for tasks to queue
[2022-09-15 00:53:55,475] {logging_mixin.py:115} INFO - [2022-09-15 00:53:55,475] {dagbag.py:507} INFO - Filling up the DagBag from /opt/airflow/dags/tcc_dag.py
[2022-09-15 00:53:55,752] {processor.py:651} INFO - DAG(s) dict_keys(['tcc_dag']) retrieved from /opt/airflow/dags/tcc_dag.py
[2022-09-15 00:53:55,789] {logging_mixin.py:115} INFO - [2022-09-15 00:53:55,787] {dag.py:2371} INFO - Sync 1 DAGs
[2022-09-15 00:53:55,814] {logging_mixin.py:115} INFO - [2022-09-15 00:53:55,814] {dag.py:2919} INFO - Setting next_dagrun for tcc_dag to 2022-09-14T05:03:42.952165+00:00, run_after=2022-09-15T05:03:42.952165+00:00
[2022-09-15 00:53:55,830] {processor.py:161} INFO - Processing /opt/airflow/dags/tcc_dag.py took 0.362 seconds
[2022-09-15 00:54:26,313] {processor.py:153} INFO - Started process (PID=96025) to work on /opt/airflow/dags/tcc_dag.py
[2022-09-15 00:54:26,314] {processor.py:641} INFO - Processing file /opt/airflow/dags/tcc_dag.py for tasks to queue
[2022-09-15 00:54:26,316] {logging_mixin.py:115} INFO - [2022-09-15 00:54:26,316] {dagbag.py:507} INFO - Filling up the DagBag from /opt/airflow/dags/tcc_dag.py
[2022-09-15 00:54:26,573] {processor.py:651} INFO - DAG(s) dict_keys(['tcc_dag']) retrieved from /opt/airflow/dags/tcc_dag.py
[2022-09-15 00:54:26,630] {logging_mixin.py:115} INFO - [2022-09-15 00:54:26,628] {dag.py:2371} INFO - Sync 1 DAGs
[2022-09-15 00:54:26,659] {logging_mixin.py:115} INFO - [2022-09-15 00:54:26,659] {dag.py:2919} INFO - Setting next_dagrun for tcc_dag to 2022-09-14T05:03:42.952165+00:00, run_after=2022-09-15T05:03:42.952165+00:00
[2022-09-15 00:54:26,674] {processor.py:161} INFO - Processing /opt/airflow/dags/tcc_dag.py took 0.401 seconds
[2022-09-15 00:54:56,906] {processor.py:153} INFO - Started process (PID=96085) to work on /opt/airflow/dags/tcc_dag.py
[2022-09-15 00:54:56,908] {processor.py:641} INFO - Processing file /opt/airflow/dags/tcc_dag.py for tasks to queue
[2022-09-15 00:54:56,909] {logging_mixin.py:115} INFO - [2022-09-15 00:54:56,909] {dagbag.py:507} INFO - Filling up the DagBag from /opt/airflow/dags/tcc_dag.py
[2022-09-15 00:54:57,170] {processor.py:651} INFO - DAG(s) dict_keys(['tcc_dag']) retrieved from /opt/airflow/dags/tcc_dag.py
[2022-09-15 00:54:57,207] {logging_mixin.py:115} INFO - [2022-09-15 00:54:57,207] {dag.py:2371} INFO - Sync 1 DAGs
[2022-09-15 00:54:57,230] {logging_mixin.py:115} INFO - [2022-09-15 00:54:57,229] {dag.py:2919} INFO - Setting next_dagrun for tcc_dag to 2022-09-14T05:03:42.952165+00:00, run_after=2022-09-15T05:03:42.952165+00:00
[2022-09-15 00:54:57,243] {processor.py:161} INFO - Processing /opt/airflow/dags/tcc_dag.py took 0.340 seconds
[2022-09-15 00:55:27,632] {processor.py:153} INFO - Started process (PID=96153) to work on /opt/airflow/dags/tcc_dag.py
[2022-09-15 00:55:27,633] {processor.py:641} INFO - Processing file /opt/airflow/dags/tcc_dag.py for tasks to queue
[2022-09-15 00:55:27,635] {logging_mixin.py:115} INFO - [2022-09-15 00:55:27,635] {dagbag.py:507} INFO - Filling up the DagBag from /opt/airflow/dags/tcc_dag.py
[2022-09-15 00:55:27,966] {processor.py:651} INFO - DAG(s) dict_keys(['tcc_dag']) retrieved from /opt/airflow/dags/tcc_dag.py
[2022-09-15 00:55:28,034] {logging_mixin.py:115} INFO - [2022-09-15 00:55:28,033] {dag.py:2371} INFO - Sync 1 DAGs
[2022-09-15 00:55:28,066] {logging_mixin.py:115} INFO - [2022-09-15 00:55:28,065] {dag.py:2919} INFO - Setting next_dagrun for tcc_dag to 2022-09-14T05:03:42.952165+00:00, run_after=2022-09-15T05:03:42.952165+00:00
[2022-09-15 00:55:28,088] {processor.py:161} INFO - Processing /opt/airflow/dags/tcc_dag.py took 0.461 seconds
[2022-09-15 00:55:58,703] {processor.py:153} INFO - Started process (PID=96222) to work on /opt/airflow/dags/tcc_dag.py
[2022-09-15 00:55:58,709] {processor.py:641} INFO - Processing file /opt/airflow/dags/tcc_dag.py for tasks to queue
[2022-09-15 00:55:58,712] {logging_mixin.py:115} INFO - [2022-09-15 00:55:58,711] {dagbag.py:507} INFO - Filling up the DagBag from /opt/airflow/dags/tcc_dag.py
[2022-09-15 00:55:59,012] {processor.py:651} INFO - DAG(s) dict_keys(['tcc_dag']) retrieved from /opt/airflow/dags/tcc_dag.py
[2022-09-15 00:55:59,067] {logging_mixin.py:115} INFO - [2022-09-15 00:55:59,066] {dag.py:2371} INFO - Sync 1 DAGs
[2022-09-15 00:55:59,097] {logging_mixin.py:115} INFO - [2022-09-15 00:55:59,097] {dag.py:2919} INFO - Setting next_dagrun for tcc_dag to 2022-09-14T05:03:42.952165+00:00, run_after=2022-09-15T05:03:42.952165+00:00
[2022-09-15 00:55:59,133] {processor.py:161} INFO - Processing /opt/airflow/dags/tcc_dag.py took 0.449 seconds
[2022-09-15 00:56:29,923] {processor.py:153} INFO - Started process (PID=96279) to work on /opt/airflow/dags/tcc_dag.py
[2022-09-15 00:56:29,925] {processor.py:641} INFO - Processing file /opt/airflow/dags/tcc_dag.py for tasks to queue
[2022-09-15 00:56:29,928] {logging_mixin.py:115} INFO - [2022-09-15 00:56:29,927] {dagbag.py:507} INFO - Filling up the DagBag from /opt/airflow/dags/tcc_dag.py
[2022-09-15 00:56:30,235] {processor.py:651} INFO - DAG(s) dict_keys(['tcc_dag']) retrieved from /opt/airflow/dags/tcc_dag.py
[2022-09-15 00:56:30,329] {logging_mixin.py:115} INFO - [2022-09-15 00:56:30,328] {dag.py:2371} INFO - Sync 1 DAGs
[2022-09-15 00:56:30,367] {logging_mixin.py:115} INFO - [2022-09-15 00:56:30,367] {dag.py:2919} INFO - Setting next_dagrun for tcc_dag to 2022-09-14T05:03:42.952165+00:00, run_after=2022-09-15T05:03:42.952165+00:00
[2022-09-15 00:56:30,386] {processor.py:161} INFO - Processing /opt/airflow/dags/tcc_dag.py took 0.468 seconds
[2022-09-15 00:57:00,451] {processor.py:153} INFO - Started process (PID=96346) to work on /opt/airflow/dags/tcc_dag.py
[2022-09-15 00:57:00,453] {processor.py:641} INFO - Processing file /opt/airflow/dags/tcc_dag.py for tasks to queue
[2022-09-15 00:57:00,455] {logging_mixin.py:115} INFO - [2022-09-15 00:57:00,455] {dagbag.py:507} INFO - Filling up the DagBag from /opt/airflow/dags/tcc_dag.py
[2022-09-15 00:57:00,740] {processor.py:651} INFO - DAG(s) dict_keys(['tcc_dag']) retrieved from /opt/airflow/dags/tcc_dag.py
[2022-09-15 00:57:00,768] {logging_mixin.py:115} INFO - [2022-09-15 00:57:00,767] {dag.py:2371} INFO - Sync 1 DAGs
[2022-09-15 00:57:00,792] {logging_mixin.py:115} INFO - [2022-09-15 00:57:00,792] {dag.py:2919} INFO - Setting next_dagrun for tcc_dag to 2022-09-14T05:03:42.952165+00:00, run_after=2022-09-15T05:03:42.952165+00:00
[2022-09-15 00:57:00,804] {processor.py:161} INFO - Processing /opt/airflow/dags/tcc_dag.py took 0.359 seconds
[2022-09-15 00:57:31,677] {processor.py:153} INFO - Started process (PID=96414) to work on /opt/airflow/dags/tcc_dag.py
[2022-09-15 00:57:31,679] {processor.py:641} INFO - Processing file /opt/airflow/dags/tcc_dag.py for tasks to queue
[2022-09-15 00:57:31,681] {logging_mixin.py:115} INFO - [2022-09-15 00:57:31,680] {dagbag.py:507} INFO - Filling up the DagBag from /opt/airflow/dags/tcc_dag.py
[2022-09-15 00:57:31,958] {processor.py:651} INFO - DAG(s) dict_keys(['tcc_dag']) retrieved from /opt/airflow/dags/tcc_dag.py
[2022-09-15 00:57:32,048] {logging_mixin.py:115} INFO - [2022-09-15 00:57:32,047] {dag.py:2371} INFO - Sync 1 DAGs
[2022-09-15 00:57:32,086] {logging_mixin.py:115} INFO - [2022-09-15 00:57:32,086] {dag.py:2919} INFO - Setting next_dagrun for tcc_dag to 2022-09-14T05:03:42.952165+00:00, run_after=2022-09-15T05:03:42.952165+00:00
[2022-09-15 00:57:32,100] {processor.py:161} INFO - Processing /opt/airflow/dags/tcc_dag.py took 0.427 seconds
[2022-09-15 00:58:02,464] {processor.py:153} INFO - Started process (PID=96480) to work on /opt/airflow/dags/tcc_dag.py
[2022-09-15 00:58:02,470] {processor.py:641} INFO - Processing file /opt/airflow/dags/tcc_dag.py for tasks to queue
[2022-09-15 00:58:02,507] {logging_mixin.py:115} INFO - [2022-09-15 00:58:02,507] {dagbag.py:507} INFO - Filling up the DagBag from /opt/airflow/dags/tcc_dag.py
[2022-09-15 00:58:03,267] {processor.py:651} INFO - DAG(s) dict_keys(['tcc_dag']) retrieved from /opt/airflow/dags/tcc_dag.py
[2022-09-15 00:58:03,339] {logging_mixin.py:115} INFO - [2022-09-15 00:58:03,338] {dag.py:2371} INFO - Sync 1 DAGs
[2022-09-15 00:58:03,391] {logging_mixin.py:115} INFO - [2022-09-15 00:58:03,390] {dag.py:2919} INFO - Setting next_dagrun for tcc_dag to 2022-09-14T05:03:42.952165+00:00, run_after=2022-09-15T05:03:42.952165+00:00
[2022-09-15 00:58:03,417] {processor.py:161} INFO - Processing /opt/airflow/dags/tcc_dag.py took 0.966 seconds
[2022-09-15 00:58:33,961] {processor.py:153} INFO - Started process (PID=96540) to work on /opt/airflow/dags/tcc_dag.py
[2022-09-15 00:58:33,964] {processor.py:641} INFO - Processing file /opt/airflow/dags/tcc_dag.py for tasks to queue
[2022-09-15 00:58:33,967] {logging_mixin.py:115} INFO - [2022-09-15 00:58:33,967] {dagbag.py:507} INFO - Filling up the DagBag from /opt/airflow/dags/tcc_dag.py
[2022-09-15 00:58:34,451] {processor.py:651} INFO - DAG(s) dict_keys(['tcc_dag']) retrieved from /opt/airflow/dags/tcc_dag.py
[2022-09-15 00:58:34,585] {logging_mixin.py:115} INFO - [2022-09-15 00:58:34,582] {dag.py:2371} INFO - Sync 1 DAGs
[2022-09-15 00:58:34,641] {logging_mixin.py:115} INFO - [2022-09-15 00:58:34,641] {dag.py:2919} INFO - Setting next_dagrun for tcc_dag to 2022-09-14T05:03:42.952165+00:00, run_after=2022-09-15T05:03:42.952165+00:00
[2022-09-15 00:58:34,672] {processor.py:161} INFO - Processing /opt/airflow/dags/tcc_dag.py took 0.726 seconds
[2022-09-15 00:59:05,347] {processor.py:153} INFO - Started process (PID=96607) to work on /opt/airflow/dags/tcc_dag.py
[2022-09-15 00:59:05,350] {processor.py:641} INFO - Processing file /opt/airflow/dags/tcc_dag.py for tasks to queue
[2022-09-15 00:59:05,353] {logging_mixin.py:115} INFO - [2022-09-15 00:59:05,352] {dagbag.py:507} INFO - Filling up the DagBag from /opt/airflow/dags/tcc_dag.py
[2022-09-15 00:59:05,634] {processor.py:651} INFO - DAG(s) dict_keys(['tcc_dag']) retrieved from /opt/airflow/dags/tcc_dag.py
[2022-09-15 00:59:05,671] {logging_mixin.py:115} INFO - [2022-09-15 00:59:05,670] {dag.py:2371} INFO - Sync 1 DAGs
[2022-09-15 00:59:05,696] {logging_mixin.py:115} INFO - [2022-09-15 00:59:05,696] {dag.py:2919} INFO - Setting next_dagrun for tcc_dag to 2022-09-14T05:03:42.952165+00:00, run_after=2022-09-15T05:03:42.952165+00:00
[2022-09-15 00:59:05,712] {processor.py:161} INFO - Processing /opt/airflow/dags/tcc_dag.py took 0.375 seconds
[2022-09-15 00:59:36,290] {processor.py:153} INFO - Started process (PID=96664) to work on /opt/airflow/dags/tcc_dag.py
[2022-09-15 00:59:36,292] {processor.py:641} INFO - Processing file /opt/airflow/dags/tcc_dag.py for tasks to queue
[2022-09-15 00:59:36,294] {logging_mixin.py:115} INFO - [2022-09-15 00:59:36,293] {dagbag.py:507} INFO - Filling up the DagBag from /opt/airflow/dags/tcc_dag.py
[2022-09-15 00:59:36,576] {processor.py:651} INFO - DAG(s) dict_keys(['tcc_dag']) retrieved from /opt/airflow/dags/tcc_dag.py
[2022-09-15 00:59:36,679] {logging_mixin.py:115} INFO - [2022-09-15 00:59:36,678] {dag.py:2371} INFO - Sync 1 DAGs
[2022-09-15 00:59:36,705] {logging_mixin.py:115} INFO - [2022-09-15 00:59:36,705] {dag.py:2919} INFO - Setting next_dagrun for tcc_dag to 2022-09-14T05:03:42.952165+00:00, run_after=2022-09-15T05:03:42.952165+00:00
[2022-09-15 00:59:36,724] {processor.py:161} INFO - Processing /opt/airflow/dags/tcc_dag.py took 0.439 seconds
[2022-09-15 01:00:06,930] {processor.py:153} INFO - Started process (PID=96730) to work on /opt/airflow/dags/tcc_dag.py
[2022-09-15 01:00:06,939] {processor.py:641} INFO - Processing file /opt/airflow/dags/tcc_dag.py for tasks to queue
[2022-09-15 01:00:06,941] {logging_mixin.py:115} INFO - [2022-09-15 01:00:06,941] {dagbag.py:507} INFO - Filling up the DagBag from /opt/airflow/dags/tcc_dag.py
[2022-09-15 01:00:07,223] {processor.py:651} INFO - DAG(s) dict_keys(['tcc_dag']) retrieved from /opt/airflow/dags/tcc_dag.py
[2022-09-15 01:00:07,250] {logging_mixin.py:115} INFO - [2022-09-15 01:00:07,249] {dag.py:2371} INFO - Sync 1 DAGs
[2022-09-15 01:00:07,277] {logging_mixin.py:115} INFO - [2022-09-15 01:00:07,277] {dag.py:2919} INFO - Setting next_dagrun for tcc_dag to 2022-09-14T05:03:42.952165+00:00, run_after=2022-09-15T05:03:42.952165+00:00
[2022-09-15 01:00:07,299] {processor.py:161} INFO - Processing /opt/airflow/dags/tcc_dag.py took 0.381 seconds
[2022-09-15 01:00:37,425] {processor.py:153} INFO - Started process (PID=96795) to work on /opt/airflow/dags/tcc_dag.py
[2022-09-15 01:00:37,426] {processor.py:641} INFO - Processing file /opt/airflow/dags/tcc_dag.py for tasks to queue
[2022-09-15 01:00:37,429] {logging_mixin.py:115} INFO - [2022-09-15 01:00:37,429] {dagbag.py:507} INFO - Filling up the DagBag from /opt/airflow/dags/tcc_dag.py
[2022-09-15 01:00:37,795] {processor.py:651} INFO - DAG(s) dict_keys(['tcc_dag']) retrieved from /opt/airflow/dags/tcc_dag.py
[2022-09-15 01:00:37,883] {logging_mixin.py:115} INFO - [2022-09-15 01:00:37,882] {dag.py:2371} INFO - Sync 1 DAGs
[2022-09-15 01:00:37,909] {logging_mixin.py:115} INFO - [2022-09-15 01:00:37,909] {dag.py:2919} INFO - Setting next_dagrun for tcc_dag to 2022-09-14T05:03:42.952165+00:00, run_after=2022-09-15T05:03:42.952165+00:00
[2022-09-15 01:00:37,926] {processor.py:161} INFO - Processing /opt/airflow/dags/tcc_dag.py took 0.507 seconds
[2022-09-15 01:01:08,861] {processor.py:153} INFO - Started process (PID=96853) to work on /opt/airflow/dags/tcc_dag.py
[2022-09-15 01:01:08,862] {processor.py:641} INFO - Processing file /opt/airflow/dags/tcc_dag.py for tasks to queue
[2022-09-15 01:01:08,864] {logging_mixin.py:115} INFO - [2022-09-15 01:01:08,863] {dagbag.py:507} INFO - Filling up the DagBag from /opt/airflow/dags/tcc_dag.py
[2022-09-15 01:01:09,188] {processor.py:651} INFO - DAG(s) dict_keys(['tcc_dag']) retrieved from /opt/airflow/dags/tcc_dag.py
[2022-09-15 01:01:09,235] {logging_mixin.py:115} INFO - [2022-09-15 01:01:09,232] {dag.py:2371} INFO - Sync 1 DAGs
[2022-09-15 01:01:09,272] {logging_mixin.py:115} INFO - [2022-09-15 01:01:09,272] {dag.py:2919} INFO - Setting next_dagrun for tcc_dag to 2022-09-14T05:03:42.952165+00:00, run_after=2022-09-15T05:03:42.952165+00:00
[2022-09-15 01:01:09,288] {processor.py:161} INFO - Processing /opt/airflow/dags/tcc_dag.py took 0.432 seconds
[2022-09-15 01:01:39,863] {processor.py:153} INFO - Started process (PID=96921) to work on /opt/airflow/dags/tcc_dag.py
[2022-09-15 01:01:39,868] {processor.py:641} INFO - Processing file /opt/airflow/dags/tcc_dag.py for tasks to queue
[2022-09-15 01:01:39,871] {logging_mixin.py:115} INFO - [2022-09-15 01:01:39,870] {dagbag.py:507} INFO - Filling up the DagBag from /opt/airflow/dags/tcc_dag.py
[2022-09-15 01:01:40,152] {processor.py:651} INFO - DAG(s) dict_keys(['tcc_dag']) retrieved from /opt/airflow/dags/tcc_dag.py
[2022-09-15 01:01:40,232] {logging_mixin.py:115} INFO - [2022-09-15 01:01:40,231] {dag.py:2371} INFO - Sync 1 DAGs
[2022-09-15 01:01:40,255] {logging_mixin.py:115} INFO - [2022-09-15 01:01:40,255] {dag.py:2919} INFO - Setting next_dagrun for tcc_dag to 2022-09-14T05:03:42.952165+00:00, run_after=2022-09-15T05:03:42.952165+00:00
[2022-09-15 01:01:40,274] {processor.py:161} INFO - Processing /opt/airflow/dags/tcc_dag.py took 0.425 seconds
[2022-09-15 01:02:10,949] {processor.py:153} INFO - Started process (PID=96989) to work on /opt/airflow/dags/tcc_dag.py
[2022-09-15 01:02:10,952] {processor.py:641} INFO - Processing file /opt/airflow/dags/tcc_dag.py for tasks to queue
[2022-09-15 01:02:10,955] {logging_mixin.py:115} INFO - [2022-09-15 01:02:10,955] {dagbag.py:507} INFO - Filling up the DagBag from /opt/airflow/dags/tcc_dag.py
[2022-09-15 01:02:11,260] {processor.py:651} INFO - DAG(s) dict_keys(['tcc_dag']) retrieved from /opt/airflow/dags/tcc_dag.py
[2022-09-15 01:02:11,302] {logging_mixin.py:115} INFO - [2022-09-15 01:02:11,301] {dag.py:2371} INFO - Sync 1 DAGs
[2022-09-15 01:02:11,336] {logging_mixin.py:115} INFO - [2022-09-15 01:02:11,336] {dag.py:2919} INFO - Setting next_dagrun for tcc_dag to 2022-09-14T05:03:42.952165+00:00, run_after=2022-09-15T05:03:42.952165+00:00
[2022-09-15 01:02:11,354] {processor.py:161} INFO - Processing /opt/airflow/dags/tcc_dag.py took 0.412 seconds
[2022-09-15 01:02:41,773] {processor.py:153} INFO - Started process (PID=97048) to work on /opt/airflow/dags/tcc_dag.py
[2022-09-15 01:02:41,776] {processor.py:641} INFO - Processing file /opt/airflow/dags/tcc_dag.py for tasks to queue
[2022-09-15 01:02:41,777] {logging_mixin.py:115} INFO - [2022-09-15 01:02:41,777] {dagbag.py:507} INFO - Filling up the DagBag from /opt/airflow/dags/tcc_dag.py
[2022-09-15 01:02:42,054] {processor.py:651} INFO - DAG(s) dict_keys(['tcc_dag']) retrieved from /opt/airflow/dags/tcc_dag.py
[2022-09-15 01:02:42,141] {logging_mixin.py:115} INFO - [2022-09-15 01:02:42,140] {dag.py:2371} INFO - Sync 1 DAGs
[2022-09-15 01:02:42,168] {logging_mixin.py:115} INFO - [2022-09-15 01:02:42,167] {dag.py:2919} INFO - Setting next_dagrun for tcc_dag to 2022-09-14T05:03:42.952165+00:00, run_after=2022-09-15T05:03:42.952165+00:00
[2022-09-15 01:02:42,184] {processor.py:161} INFO - Processing /opt/airflow/dags/tcc_dag.py took 0.415 seconds
[2022-09-15 01:03:12,945] {processor.py:153} INFO - Started process (PID=97116) to work on /opt/airflow/dags/tcc_dag.py
[2022-09-15 01:03:12,946] {processor.py:641} INFO - Processing file /opt/airflow/dags/tcc_dag.py for tasks to queue
[2022-09-15 01:03:12,949] {logging_mixin.py:115} INFO - [2022-09-15 01:03:12,948] {dagbag.py:507} INFO - Filling up the DagBag from /opt/airflow/dags/tcc_dag.py
[2022-09-15 01:03:13,398] {processor.py:651} INFO - DAG(s) dict_keys(['tcc_dag']) retrieved from /opt/airflow/dags/tcc_dag.py
[2022-09-15 01:03:13,445] {logging_mixin.py:115} INFO - [2022-09-15 01:03:13,444] {dag.py:2371} INFO - Sync 1 DAGs
[2022-09-15 01:03:13,482] {logging_mixin.py:115} INFO - [2022-09-15 01:03:13,481] {dag.py:2919} INFO - Setting next_dagrun for tcc_dag to 2022-09-14T05:03:42.952165+00:00, run_after=2022-09-15T05:03:42.952165+00:00
[2022-09-15 01:03:13,503] {processor.py:161} INFO - Processing /opt/airflow/dags/tcc_dag.py took 0.565 seconds
[2022-09-15 01:03:43,703] {processor.py:153} INFO - Started process (PID=97177) to work on /opt/airflow/dags/tcc_dag.py
[2022-09-15 01:03:43,704] {processor.py:641} INFO - Processing file /opt/airflow/dags/tcc_dag.py for tasks to queue
[2022-09-15 01:03:43,706] {logging_mixin.py:115} INFO - [2022-09-15 01:03:43,706] {dagbag.py:507} INFO - Filling up the DagBag from /opt/airflow/dags/tcc_dag.py
[2022-09-15 01:03:43,984] {processor.py:651} INFO - DAG(s) dict_keys(['tcc_dag']) retrieved from /opt/airflow/dags/tcc_dag.py
[2022-09-15 01:03:44,062] {logging_mixin.py:115} INFO - [2022-09-15 01:03:44,061] {dag.py:2371} INFO - Sync 1 DAGs
[2022-09-15 01:03:44,099] {logging_mixin.py:115} INFO - [2022-09-15 01:03:44,099] {dag.py:2919} INFO - Setting next_dagrun for tcc_dag to 2022-09-14T05:03:42.952165+00:00, run_after=2022-09-15T05:03:42.952165+00:00
[2022-09-15 01:03:44,146] {processor.py:161} INFO - Processing /opt/airflow/dags/tcc_dag.py took 0.447 seconds
[2022-09-15 01:04:14,941] {processor.py:153} INFO - Started process (PID=97244) to work on /opt/airflow/dags/tcc_dag.py
[2022-09-15 01:04:14,943] {processor.py:641} INFO - Processing file /opt/airflow/dags/tcc_dag.py for tasks to queue
[2022-09-15 01:04:14,947] {logging_mixin.py:115} INFO - [2022-09-15 01:04:14,945] {dagbag.py:507} INFO - Filling up the DagBag from /opt/airflow/dags/tcc_dag.py
[2022-09-15 01:04:15,225] {processor.py:651} INFO - DAG(s) dict_keys(['tcc_dag']) retrieved from /opt/airflow/dags/tcc_dag.py
[2022-09-15 01:04:15,254] {logging_mixin.py:115} INFO - [2022-09-15 01:04:15,253] {dag.py:2371} INFO - Sync 1 DAGs
[2022-09-15 01:04:15,280] {logging_mixin.py:115} INFO - [2022-09-15 01:04:15,280] {dag.py:2919} INFO - Setting next_dagrun for tcc_dag to 2022-09-14T05:03:42.952165+00:00, run_after=2022-09-15T05:03:42.952165+00:00
[2022-09-15 01:04:15,298] {processor.py:161} INFO - Processing /opt/airflow/dags/tcc_dag.py took 0.368 seconds
[2022-09-15 01:04:46,059] {processor.py:153} INFO - Started process (PID=97311) to work on /opt/airflow/dags/tcc_dag.py
[2022-09-15 01:04:46,061] {processor.py:641} INFO - Processing file /opt/airflow/dags/tcc_dag.py for tasks to queue
[2022-09-15 01:04:46,063] {logging_mixin.py:115} INFO - [2022-09-15 01:04:46,063] {dagbag.py:507} INFO - Filling up the DagBag from /opt/airflow/dags/tcc_dag.py
[2022-09-15 01:04:46,339] {processor.py:651} INFO - DAG(s) dict_keys(['tcc_dag']) retrieved from /opt/airflow/dags/tcc_dag.py
[2022-09-15 01:04:46,436] {logging_mixin.py:115} INFO - [2022-09-15 01:04:46,435] {dag.py:2371} INFO - Sync 1 DAGs
[2022-09-15 01:04:46,464] {logging_mixin.py:115} INFO - [2022-09-15 01:04:46,464] {dag.py:2919} INFO - Setting next_dagrun for tcc_dag to 2022-09-14T05:03:42.952165+00:00, run_after=2022-09-15T05:03:42.952165+00:00
[2022-09-15 01:04:46,489] {processor.py:161} INFO - Processing /opt/airflow/dags/tcc_dag.py took 0.434 seconds
[2022-09-15 01:05:16,968] {processor.py:153} INFO - Started process (PID=97370) to work on /opt/airflow/dags/tcc_dag.py
[2022-09-15 01:05:16,970] {processor.py:641} INFO - Processing file /opt/airflow/dags/tcc_dag.py for tasks to queue
[2022-09-15 01:05:16,973] {logging_mixin.py:115} INFO - [2022-09-15 01:05:16,973] {dagbag.py:507} INFO - Filling up the DagBag from /opt/airflow/dags/tcc_dag.py
[2022-09-15 01:05:17,294] {processor.py:651} INFO - DAG(s) dict_keys(['tcc_dag']) retrieved from /opt/airflow/dags/tcc_dag.py
[2022-09-15 01:05:17,329] {logging_mixin.py:115} INFO - [2022-09-15 01:05:17,328] {dag.py:2371} INFO - Sync 1 DAGs
[2022-09-15 01:05:17,360] {logging_mixin.py:115} INFO - [2022-09-15 01:05:17,360] {dag.py:2919} INFO - Setting next_dagrun for tcc_dag to 2022-09-14T05:03:42.952165+00:00, run_after=2022-09-15T05:03:42.952165+00:00
[2022-09-15 01:05:17,373] {processor.py:161} INFO - Processing /opt/airflow/dags/tcc_dag.py took 0.412 seconds
[2022-09-15 01:05:47,837] {processor.py:153} INFO - Started process (PID=97443) to work on /opt/airflow/dags/tcc_dag.py
[2022-09-15 01:05:47,839] {processor.py:641} INFO - Processing file /opt/airflow/dags/tcc_dag.py for tasks to queue
[2022-09-15 01:05:47,841] {logging_mixin.py:115} INFO - [2022-09-15 01:05:47,840] {dagbag.py:507} INFO - Filling up the DagBag from /opt/airflow/dags/tcc_dag.py
[2022-09-15 01:05:48,112] {processor.py:651} INFO - DAG(s) dict_keys(['tcc_dag']) retrieved from /opt/airflow/dags/tcc_dag.py
[2022-09-15 01:05:48,179] {logging_mixin.py:115} INFO - [2022-09-15 01:05:48,178] {dag.py:2371} INFO - Sync 1 DAGs
[2022-09-15 01:05:48,205] {logging_mixin.py:115} INFO - [2022-09-15 01:05:48,205] {dag.py:2919} INFO - Setting next_dagrun for tcc_dag to 2022-09-14T05:03:42.952165+00:00, run_after=2022-09-15T05:03:42.952165+00:00
[2022-09-15 01:05:48,220] {processor.py:161} INFO - Processing /opt/airflow/dags/tcc_dag.py took 0.387 seconds
[2022-09-15 01:06:18,611] {processor.py:153} INFO - Started process (PID=97510) to work on /opt/airflow/dags/tcc_dag.py
[2022-09-15 01:06:18,613] {processor.py:641} INFO - Processing file /opt/airflow/dags/tcc_dag.py for tasks to queue
[2022-09-15 01:06:18,614] {logging_mixin.py:115} INFO - [2022-09-15 01:06:18,614] {dagbag.py:507} INFO - Filling up the DagBag from /opt/airflow/dags/tcc_dag.py
[2022-09-15 01:06:18,861] {processor.py:651} INFO - DAG(s) dict_keys(['tcc_dag']) retrieved from /opt/airflow/dags/tcc_dag.py
[2022-09-15 01:06:18,893] {logging_mixin.py:115} INFO - [2022-09-15 01:06:18,892] {dag.py:2371} INFO - Sync 1 DAGs
[2022-09-15 01:06:18,916] {logging_mixin.py:115} INFO - [2022-09-15 01:06:18,916] {dag.py:2919} INFO - Setting next_dagrun for tcc_dag to 2022-09-14T05:03:42.952165+00:00, run_after=2022-09-15T05:03:42.952165+00:00
[2022-09-15 01:06:18,930] {processor.py:161} INFO - Processing /opt/airflow/dags/tcc_dag.py took 0.324 seconds
[2022-09-15 01:06:49,089] {processor.py:153} INFO - Started process (PID=97567) to work on /opt/airflow/dags/tcc_dag.py
[2022-09-15 01:06:49,090] {processor.py:641} INFO - Processing file /opt/airflow/dags/tcc_dag.py for tasks to queue
[2022-09-15 01:06:49,092] {logging_mixin.py:115} INFO - [2022-09-15 01:06:49,092] {dagbag.py:507} INFO - Filling up the DagBag from /opt/airflow/dags/tcc_dag.py
[2022-09-15 01:06:49,353] {processor.py:651} INFO - DAG(s) dict_keys(['tcc_dag']) retrieved from /opt/airflow/dags/tcc_dag.py
[2022-09-15 01:06:49,428] {logging_mixin.py:115} INFO - [2022-09-15 01:06:49,427] {dag.py:2371} INFO - Sync 1 DAGs
[2022-09-15 01:06:49,450] {logging_mixin.py:115} INFO - [2022-09-15 01:06:49,450] {dag.py:2919} INFO - Setting next_dagrun for tcc_dag to 2022-09-14T05:03:42.952165+00:00, run_after=2022-09-15T05:03:42.952165+00:00
[2022-09-15 01:06:49,467] {processor.py:161} INFO - Processing /opt/airflow/dags/tcc_dag.py took 0.382 seconds
[2022-09-15 01:07:19,789] {processor.py:153} INFO - Started process (PID=97634) to work on /opt/airflow/dags/tcc_dag.py
[2022-09-15 01:07:19,792] {processor.py:641} INFO - Processing file /opt/airflow/dags/tcc_dag.py for tasks to queue
[2022-09-15 01:07:19,798] {logging_mixin.py:115} INFO - [2022-09-15 01:07:19,797] {dagbag.py:507} INFO - Filling up the DagBag from /opt/airflow/dags/tcc_dag.py
[2022-09-15 01:07:20,204] {processor.py:651} INFO - DAG(s) dict_keys(['tcc_dag']) retrieved from /opt/airflow/dags/tcc_dag.py
[2022-09-15 01:07:20,239] {logging_mixin.py:115} INFO - [2022-09-15 01:07:20,238] {dag.py:2371} INFO - Sync 1 DAGs
[2022-09-15 01:07:20,265] {logging_mixin.py:115} INFO - [2022-09-15 01:07:20,265] {dag.py:2919} INFO - Setting next_dagrun for tcc_dag to 2022-09-14T05:03:42.952165+00:00, run_after=2022-09-15T05:03:42.952165+00:00
[2022-09-15 01:07:20,294] {processor.py:161} INFO - Processing /opt/airflow/dags/tcc_dag.py took 0.511 seconds
[2022-09-15 01:07:50,734] {processor.py:153} INFO - Started process (PID=97703) to work on /opt/airflow/dags/tcc_dag.py
[2022-09-15 01:07:50,736] {processor.py:641} INFO - Processing file /opt/airflow/dags/tcc_dag.py for tasks to queue
[2022-09-15 01:07:50,737] {logging_mixin.py:115} INFO - [2022-09-15 01:07:50,737] {dagbag.py:507} INFO - Filling up the DagBag from /opt/airflow/dags/tcc_dag.py
[2022-09-15 01:07:51,015] {processor.py:651} INFO - DAG(s) dict_keys(['tcc_dag']) retrieved from /opt/airflow/dags/tcc_dag.py
[2022-09-15 01:07:51,094] {logging_mixin.py:115} INFO - [2022-09-15 01:07:51,093] {dag.py:2371} INFO - Sync 1 DAGs
[2022-09-15 01:07:51,119] {logging_mixin.py:115} INFO - [2022-09-15 01:07:51,119] {dag.py:2919} INFO - Setting next_dagrun for tcc_dag to 2022-09-14T05:03:42.952165+00:00, run_after=2022-09-15T05:03:42.952165+00:00
[2022-09-15 01:07:51,137] {processor.py:161} INFO - Processing /opt/airflow/dags/tcc_dag.py took 0.407 seconds
[2022-09-15 01:08:21,806] {processor.py:153} INFO - Started process (PID=97769) to work on /opt/airflow/dags/tcc_dag.py
[2022-09-15 01:08:21,807] {processor.py:641} INFO - Processing file /opt/airflow/dags/tcc_dag.py for tasks to queue
[2022-09-15 01:08:21,809] {logging_mixin.py:115} INFO - [2022-09-15 01:08:21,809] {dagbag.py:507} INFO - Filling up the DagBag from /opt/airflow/dags/tcc_dag.py
[2022-09-15 01:08:22,098] {processor.py:651} INFO - DAG(s) dict_keys(['tcc_dag']) retrieved from /opt/airflow/dags/tcc_dag.py
[2022-09-15 01:08:22,132] {logging_mixin.py:115} INFO - [2022-09-15 01:08:22,131] {dag.py:2371} INFO - Sync 1 DAGs
[2022-09-15 01:08:22,156] {logging_mixin.py:115} INFO - [2022-09-15 01:08:22,155] {dag.py:2919} INFO - Setting next_dagrun for tcc_dag to 2022-09-14T05:03:42.952165+00:00, run_after=2022-09-15T05:03:42.952165+00:00
[2022-09-15 01:08:22,169] {processor.py:161} INFO - Processing /opt/airflow/dags/tcc_dag.py took 0.367 seconds
[2022-09-15 01:08:53,098] {processor.py:153} INFO - Started process (PID=97829) to work on /opt/airflow/dags/tcc_dag.py
[2022-09-15 01:08:53,100] {processor.py:641} INFO - Processing file /opt/airflow/dags/tcc_dag.py for tasks to queue
[2022-09-15 01:08:53,104] {logging_mixin.py:115} INFO - [2022-09-15 01:08:53,104] {dagbag.py:507} INFO - Filling up the DagBag from /opt/airflow/dags/tcc_dag.py
[2022-09-15 01:08:53,548] {processor.py:651} INFO - DAG(s) dict_keys(['tcc_dag']) retrieved from /opt/airflow/dags/tcc_dag.py
[2022-09-15 01:08:53,641] {logging_mixin.py:115} INFO - [2022-09-15 01:08:53,640] {dag.py:2371} INFO - Sync 1 DAGs
[2022-09-15 01:08:53,668] {logging_mixin.py:115} INFO - [2022-09-15 01:08:53,667] {dag.py:2919} INFO - Setting next_dagrun for tcc_dag to 2022-09-14T05:03:42.952165+00:00, run_after=2022-09-15T05:03:42.952165+00:00
[2022-09-15 01:08:53,688] {processor.py:161} INFO - Processing /opt/airflow/dags/tcc_dag.py took 0.596 seconds
[2022-09-15 01:09:24,312] {processor.py:153} INFO - Started process (PID=97895) to work on /opt/airflow/dags/tcc_dag.py
[2022-09-15 01:09:24,314] {processor.py:641} INFO - Processing file /opt/airflow/dags/tcc_dag.py for tasks to queue
[2022-09-15 01:09:24,317] {logging_mixin.py:115} INFO - [2022-09-15 01:09:24,317] {dagbag.py:507} INFO - Filling up the DagBag from /opt/airflow/dags/tcc_dag.py
[2022-09-15 01:09:24,609] {processor.py:651} INFO - DAG(s) dict_keys(['tcc_dag']) retrieved from /opt/airflow/dags/tcc_dag.py
[2022-09-15 01:09:24,641] {logging_mixin.py:115} INFO - [2022-09-15 01:09:24,640] {dag.py:2371} INFO - Sync 1 DAGs
[2022-09-15 01:09:24,666] {logging_mixin.py:115} INFO - [2022-09-15 01:09:24,666] {dag.py:2919} INFO - Setting next_dagrun for tcc_dag to 2022-09-14T05:03:42.952165+00:00, run_after=2022-09-15T05:03:42.952165+00:00
[2022-09-15 01:09:24,684] {processor.py:161} INFO - Processing /opt/airflow/dags/tcc_dag.py took 0.375 seconds
[2022-09-15 01:09:55,584] {processor.py:153} INFO - Started process (PID=97962) to work on /opt/airflow/dags/tcc_dag.py
[2022-09-15 01:09:55,586] {processor.py:641} INFO - Processing file /opt/airflow/dags/tcc_dag.py for tasks to queue
[2022-09-15 01:09:55,588] {logging_mixin.py:115} INFO - [2022-09-15 01:09:55,588] {dagbag.py:507} INFO - Filling up the DagBag from /opt/airflow/dags/tcc_dag.py
[2022-09-15 01:09:55,890] {processor.py:651} INFO - DAG(s) dict_keys(['tcc_dag']) retrieved from /opt/airflow/dags/tcc_dag.py
[2022-09-15 01:09:55,962] {logging_mixin.py:115} INFO - [2022-09-15 01:09:55,961] {dag.py:2371} INFO - Sync 1 DAGs
[2022-09-15 01:09:55,991] {logging_mixin.py:115} INFO - [2022-09-15 01:09:55,991] {dag.py:2919} INFO - Setting next_dagrun for tcc_dag to 2022-09-14T05:03:42.952165+00:00, run_after=2022-09-15T05:03:42.952165+00:00
[2022-09-15 01:09:56,013] {processor.py:161} INFO - Processing /opt/airflow/dags/tcc_dag.py took 0.469 seconds
[2022-09-15 01:10:26,767] {processor.py:153} INFO - Started process (PID=98020) to work on /opt/airflow/dags/tcc_dag.py
[2022-09-15 01:10:26,769] {processor.py:641} INFO - Processing file /opt/airflow/dags/tcc_dag.py for tasks to queue
[2022-09-15 01:10:26,771] {logging_mixin.py:115} INFO - [2022-09-15 01:10:26,770] {dagbag.py:507} INFO - Filling up the DagBag from /opt/airflow/dags/tcc_dag.py
[2022-09-15 01:10:27,043] {processor.py:651} INFO - DAG(s) dict_keys(['tcc_dag']) retrieved from /opt/airflow/dags/tcc_dag.py
[2022-09-15 01:10:27,090] {logging_mixin.py:115} INFO - [2022-09-15 01:10:27,089] {dag.py:2371} INFO - Sync 1 DAGs
[2022-09-15 01:10:27,117] {logging_mixin.py:115} INFO - [2022-09-15 01:10:27,117] {dag.py:2919} INFO - Setting next_dagrun for tcc_dag to 2022-09-14T05:03:42.952165+00:00, run_after=2022-09-15T05:03:42.952165+00:00
[2022-09-15 01:10:27,136] {processor.py:161} INFO - Processing /opt/airflow/dags/tcc_dag.py took 0.373 seconds
[2022-09-15 01:10:58,014] {processor.py:153} INFO - Started process (PID=98086) to work on /opt/airflow/dags/tcc_dag.py
[2022-09-15 01:10:58,016] {processor.py:641} INFO - Processing file /opt/airflow/dags/tcc_dag.py for tasks to queue
[2022-09-15 01:10:58,017] {logging_mixin.py:115} INFO - [2022-09-15 01:10:58,017] {dagbag.py:507} INFO - Filling up the DagBag from /opt/airflow/dags/tcc_dag.py
[2022-09-15 01:10:58,319] {processor.py:651} INFO - DAG(s) dict_keys(['tcc_dag']) retrieved from /opt/airflow/dags/tcc_dag.py
[2022-09-15 01:10:58,397] {logging_mixin.py:115} INFO - [2022-09-15 01:10:58,396] {dag.py:2371} INFO - Sync 1 DAGs
[2022-09-15 01:10:58,422] {logging_mixin.py:115} INFO - [2022-09-15 01:10:58,422] {dag.py:2919} INFO - Setting next_dagrun for tcc_dag to 2022-09-14T05:03:42.952165+00:00, run_after=2022-09-15T05:03:42.952165+00:00
[2022-09-15 01:10:58,448] {processor.py:161} INFO - Processing /opt/airflow/dags/tcc_dag.py took 0.439 seconds
[2022-09-15 01:11:29,263] {processor.py:153} INFO - Started process (PID=98155) to work on /opt/airflow/dags/tcc_dag.py
[2022-09-15 01:11:29,265] {processor.py:641} INFO - Processing file /opt/airflow/dags/tcc_dag.py for tasks to queue
[2022-09-15 01:11:29,267] {logging_mixin.py:115} INFO - [2022-09-15 01:11:29,267] {dagbag.py:507} INFO - Filling up the DagBag from /opt/airflow/dags/tcc_dag.py
[2022-09-15 01:11:29,572] {processor.py:651} INFO - DAG(s) dict_keys(['tcc_dag']) retrieved from /opt/airflow/dags/tcc_dag.py
[2022-09-15 01:11:29,604] {logging_mixin.py:115} INFO - [2022-09-15 01:11:29,603] {dag.py:2371} INFO - Sync 1 DAGs
[2022-09-15 01:11:29,627] {logging_mixin.py:115} INFO - [2022-09-15 01:11:29,627] {dag.py:2919} INFO - Setting next_dagrun for tcc_dag to 2022-09-14T05:03:42.952165+00:00, run_after=2022-09-15T05:03:42.952165+00:00
[2022-09-15 01:11:29,644] {processor.py:161} INFO - Processing /opt/airflow/dags/tcc_dag.py took 0.391 seconds
[2022-09-15 01:12:00,021] {processor.py:153} INFO - Started process (PID=98221) to work on /opt/airflow/dags/tcc_dag.py
[2022-09-15 01:12:00,023] {processor.py:641} INFO - Processing file /opt/airflow/dags/tcc_dag.py for tasks to queue
[2022-09-15 01:12:00,027] {logging_mixin.py:115} INFO - [2022-09-15 01:12:00,026] {dagbag.py:507} INFO - Filling up the DagBag from /opt/airflow/dags/tcc_dag.py
[2022-09-15 01:12:00,413] {processor.py:651} INFO - DAG(s) dict_keys(['tcc_dag']) retrieved from /opt/airflow/dags/tcc_dag.py
[2022-09-15 01:12:00,519] {logging_mixin.py:115} INFO - [2022-09-15 01:12:00,518] {dag.py:2371} INFO - Sync 1 DAGs
[2022-09-15 01:12:00,546] {logging_mixin.py:115} INFO - [2022-09-15 01:12:00,545] {dag.py:2919} INFO - Setting next_dagrun for tcc_dag to 2022-09-14T05:03:42.952165+00:00, run_after=2022-09-15T05:03:42.952165+00:00
[2022-09-15 01:12:00,571] {processor.py:161} INFO - Processing /opt/airflow/dags/tcc_dag.py took 0.553 seconds
[2022-09-15 01:12:30,883] {processor.py:153} INFO - Started process (PID=98279) to work on /opt/airflow/dags/tcc_dag.py
[2022-09-15 01:12:30,885] {processor.py:641} INFO - Processing file /opt/airflow/dags/tcc_dag.py for tasks to queue
[2022-09-15 01:12:30,887] {logging_mixin.py:115} INFO - [2022-09-15 01:12:30,887] {dagbag.py:507} INFO - Filling up the DagBag from /opt/airflow/dags/tcc_dag.py
[2022-09-15 01:12:31,145] {processor.py:651} INFO - DAG(s) dict_keys(['tcc_dag']) retrieved from /opt/airflow/dags/tcc_dag.py
[2022-09-15 01:12:31,178] {logging_mixin.py:115} INFO - [2022-09-15 01:12:31,177] {dag.py:2371} INFO - Sync 1 DAGs
[2022-09-15 01:12:31,200] {logging_mixin.py:115} INFO - [2022-09-15 01:12:31,199] {dag.py:2919} INFO - Setting next_dagrun for tcc_dag to 2022-09-14T05:03:42.952165+00:00, run_after=2022-09-15T05:03:42.952165+00:00
[2022-09-15 01:12:31,212] {processor.py:161} INFO - Processing /opt/airflow/dags/tcc_dag.py took 0.334 seconds
[2022-09-15 01:13:01,825] {processor.py:153} INFO - Started process (PID=98347) to work on /opt/airflow/dags/tcc_dag.py
[2022-09-15 01:13:01,827] {processor.py:641} INFO - Processing file /opt/airflow/dags/tcc_dag.py for tasks to queue
[2022-09-15 01:13:01,829] {logging_mixin.py:115} INFO - [2022-09-15 01:13:01,828] {dagbag.py:507} INFO - Filling up the DagBag from /opt/airflow/dags/tcc_dag.py
[2022-09-15 01:13:02,091] {processor.py:651} INFO - DAG(s) dict_keys(['tcc_dag']) retrieved from /opt/airflow/dags/tcc_dag.py
[2022-09-15 01:13:02,164] {logging_mixin.py:115} INFO - [2022-09-15 01:13:02,163] {dag.py:2371} INFO - Sync 1 DAGs
[2022-09-15 01:13:02,189] {logging_mixin.py:115} INFO - [2022-09-15 01:13:02,189] {dag.py:2919} INFO - Setting next_dagrun for tcc_dag to 2022-09-14T05:03:42.952165+00:00, run_after=2022-09-15T05:03:42.952165+00:00
[2022-09-15 01:13:02,206] {processor.py:161} INFO - Processing /opt/airflow/dags/tcc_dag.py took 0.385 seconds
[2022-09-15 01:13:32,480] {processor.py:153} INFO - Started process (PID=98408) to work on /opt/airflow/dags/tcc_dag.py
[2022-09-15 01:13:32,481] {processor.py:641} INFO - Processing file /opt/airflow/dags/tcc_dag.py for tasks to queue
[2022-09-15 01:13:32,483] {logging_mixin.py:115} INFO - [2022-09-15 01:13:32,482] {dagbag.py:507} INFO - Filling up the DagBag from /opt/airflow/dags/tcc_dag.py
[2022-09-15 01:13:32,752] {processor.py:651} INFO - DAG(s) dict_keys(['tcc_dag']) retrieved from /opt/airflow/dags/tcc_dag.py
[2022-09-15 01:13:32,785] {logging_mixin.py:115} INFO - [2022-09-15 01:13:32,784] {dag.py:2371} INFO - Sync 1 DAGs
[2022-09-15 01:13:32,812] {logging_mixin.py:115} INFO - [2022-09-15 01:13:32,812] {dag.py:2919} INFO - Setting next_dagrun for tcc_dag to 2022-09-14T05:03:42.952165+00:00, run_after=2022-09-15T05:03:42.952165+00:00
[2022-09-15 01:13:32,825] {processor.py:161} INFO - Processing /opt/airflow/dags/tcc_dag.py took 0.349 seconds
[2022-09-15 01:14:02,862] {processor.py:153} INFO - Started process (PID=98476) to work on /opt/airflow/dags/tcc_dag.py
[2022-09-15 01:14:02,863] {processor.py:641} INFO - Processing file /opt/airflow/dags/tcc_dag.py for tasks to queue
[2022-09-15 01:14:02,864] {logging_mixin.py:115} INFO - [2022-09-15 01:14:02,864] {dagbag.py:507} INFO - Filling up the DagBag from /opt/airflow/dags/tcc_dag.py
[2022-09-15 01:14:03,134] {processor.py:651} INFO - DAG(s) dict_keys(['tcc_dag']) retrieved from /opt/airflow/dags/tcc_dag.py
[2022-09-15 01:14:03,207] {logging_mixin.py:115} INFO - [2022-09-15 01:14:03,206] {dag.py:2371} INFO - Sync 1 DAGs
[2022-09-15 01:14:03,228] {logging_mixin.py:115} INFO - [2022-09-15 01:14:03,228] {dag.py:2919} INFO - Setting next_dagrun for tcc_dag to 2022-09-14T05:03:42.952165+00:00, run_after=2022-09-15T05:03:42.952165+00:00
[2022-09-15 01:14:03,247] {processor.py:161} INFO - Processing /opt/airflow/dags/tcc_dag.py took 0.389 seconds
[2022-09-15 01:14:33,963] {processor.py:153} INFO - Started process (PID=98544) to work on /opt/airflow/dags/tcc_dag.py
[2022-09-15 01:14:33,965] {processor.py:641} INFO - Processing file /opt/airflow/dags/tcc_dag.py for tasks to queue
[2022-09-15 01:14:33,967] {logging_mixin.py:115} INFO - [2022-09-15 01:14:33,967] {dagbag.py:507} INFO - Filling up the DagBag from /opt/airflow/dags/tcc_dag.py
[2022-09-15 01:14:34,235] {processor.py:651} INFO - DAG(s) dict_keys(['tcc_dag']) retrieved from /opt/airflow/dags/tcc_dag.py
[2022-09-15 01:14:34,266] {logging_mixin.py:115} INFO - [2022-09-15 01:14:34,265] {dag.py:2371} INFO - Sync 1 DAGs
[2022-09-15 01:14:34,297] {logging_mixin.py:115} INFO - [2022-09-15 01:14:34,296] {dag.py:2919} INFO - Setting next_dagrun for tcc_dag to 2022-09-14T05:03:42.952165+00:00, run_after=2022-09-15T05:03:42.952165+00:00
[2022-09-15 01:14:34,312] {processor.py:161} INFO - Processing /opt/airflow/dags/tcc_dag.py took 0.353 seconds
[2022-09-15 01:15:04,941] {processor.py:153} INFO - Started process (PID=98605) to work on /opt/airflow/dags/tcc_dag.py
[2022-09-15 01:15:04,943] {processor.py:641} INFO - Processing file /opt/airflow/dags/tcc_dag.py for tasks to queue
[2022-09-15 01:15:04,944] {logging_mixin.py:115} INFO - [2022-09-15 01:15:04,944] {dagbag.py:507} INFO - Filling up the DagBag from /opt/airflow/dags/tcc_dag.py
[2022-09-15 01:15:05,266] {processor.py:651} INFO - DAG(s) dict_keys(['tcc_dag']) retrieved from /opt/airflow/dags/tcc_dag.py
[2022-09-15 01:15:05,332] {logging_mixin.py:115} INFO - [2022-09-15 01:15:05,331] {dag.py:2371} INFO - Sync 1 DAGs
[2022-09-15 01:15:05,353] {logging_mixin.py:115} INFO - [2022-09-15 01:15:05,353] {dag.py:2919} INFO - Setting next_dagrun for tcc_dag to 2022-09-14T05:03:42.952165+00:00, run_after=2022-09-15T05:03:42.952165+00:00
[2022-09-15 01:15:05,367] {processor.py:161} INFO - Processing /opt/airflow/dags/tcc_dag.py took 0.434 seconds
[2022-09-15 01:15:36,290] {processor.py:153} INFO - Started process (PID=98674) to work on /opt/airflow/dags/tcc_dag.py
[2022-09-15 01:15:36,292] {processor.py:641} INFO - Processing file /opt/airflow/dags/tcc_dag.py for tasks to queue
[2022-09-15 01:15:36,293] {logging_mixin.py:115} INFO - [2022-09-15 01:15:36,293] {dagbag.py:507} INFO - Filling up the DagBag from /opt/airflow/dags/tcc_dag.py
[2022-09-15 01:15:36,576] {processor.py:651} INFO - DAG(s) dict_keys(['tcc_dag']) retrieved from /opt/airflow/dags/tcc_dag.py
[2022-09-15 01:15:36,630] {logging_mixin.py:115} INFO - [2022-09-15 01:15:36,626] {dag.py:2371} INFO - Sync 1 DAGs
[2022-09-15 01:15:36,680] {logging_mixin.py:115} INFO - [2022-09-15 01:15:36,680] {dag.py:2919} INFO - Setting next_dagrun for tcc_dag to 2022-09-14T05:03:42.952165+00:00, run_after=2022-09-15T05:03:42.952165+00:00
[2022-09-15 01:15:36,695] {processor.py:161} INFO - Processing /opt/airflow/dags/tcc_dag.py took 0.409 seconds
[2022-09-15 01:16:07,676] {processor.py:153} INFO - Started process (PID=98741) to work on /opt/airflow/dags/tcc_dag.py
[2022-09-15 01:16:07,678] {processor.py:641} INFO - Processing file /opt/airflow/dags/tcc_dag.py for tasks to queue
[2022-09-15 01:16:07,680] {logging_mixin.py:115} INFO - [2022-09-15 01:16:07,680] {dagbag.py:507} INFO - Filling up the DagBag from /opt/airflow/dags/tcc_dag.py
[2022-09-15 01:16:07,950] {processor.py:651} INFO - DAG(s) dict_keys(['tcc_dag']) retrieved from /opt/airflow/dags/tcc_dag.py
[2022-09-15 01:16:08,024] {logging_mixin.py:115} INFO - [2022-09-15 01:16:08,023] {dag.py:2371} INFO - Sync 1 DAGs
[2022-09-15 01:16:08,048] {logging_mixin.py:115} INFO - [2022-09-15 01:16:08,048] {dag.py:2919} INFO - Setting next_dagrun for tcc_dag to 2022-09-14T05:03:42.952165+00:00, run_after=2022-09-15T05:03:42.952165+00:00
[2022-09-15 01:16:08,065] {processor.py:161} INFO - Processing /opt/airflow/dags/tcc_dag.py took 0.392 seconds
[2022-09-15 01:16:38,309] {processor.py:153} INFO - Started process (PID=98807) to work on /opt/airflow/dags/tcc_dag.py
[2022-09-15 01:16:38,311] {processor.py:641} INFO - Processing file /opt/airflow/dags/tcc_dag.py for tasks to queue
[2022-09-15 01:16:38,313] {logging_mixin.py:115} INFO - [2022-09-15 01:16:38,313] {dagbag.py:507} INFO - Filling up the DagBag from /opt/airflow/dags/tcc_dag.py
[2022-09-15 01:16:38,573] {processor.py:651} INFO - DAG(s) dict_keys(['tcc_dag']) retrieved from /opt/airflow/dags/tcc_dag.py
[2022-09-15 01:16:38,607] {logging_mixin.py:115} INFO - [2022-09-15 01:16:38,607] {dag.py:2371} INFO - Sync 1 DAGs
[2022-09-15 01:16:38,634] {logging_mixin.py:115} INFO - [2022-09-15 01:16:38,634] {dag.py:2919} INFO - Setting next_dagrun for tcc_dag to 2022-09-14T05:03:42.952165+00:00, run_after=2022-09-15T05:03:42.952165+00:00
[2022-09-15 01:16:38,649] {processor.py:161} INFO - Processing /opt/airflow/dags/tcc_dag.py took 0.344 seconds
[2022-09-15 01:17:09,161] {processor.py:153} INFO - Started process (PID=98866) to work on /opt/airflow/dags/tcc_dag.py
[2022-09-15 01:17:09,164] {processor.py:641} INFO - Processing file /opt/airflow/dags/tcc_dag.py for tasks to queue
[2022-09-15 01:17:09,165] {logging_mixin.py:115} INFO - [2022-09-15 01:17:09,165] {dagbag.py:507} INFO - Filling up the DagBag from /opt/airflow/dags/tcc_dag.py
[2022-09-15 01:17:09,487] {processor.py:651} INFO - DAG(s) dict_keys(['tcc_dag']) retrieved from /opt/airflow/dags/tcc_dag.py
[2022-09-15 01:17:09,572] {logging_mixin.py:115} INFO - [2022-09-15 01:17:09,571] {dag.py:2371} INFO - Sync 1 DAGs
[2022-09-15 01:17:09,597] {logging_mixin.py:115} INFO - [2022-09-15 01:17:09,597] {dag.py:2919} INFO - Setting next_dagrun for tcc_dag to 2022-09-14T05:03:42.952165+00:00, run_after=2022-09-15T05:03:42.952165+00:00
[2022-09-15 01:17:09,623] {processor.py:161} INFO - Processing /opt/airflow/dags/tcc_dag.py took 0.466 seconds
[2022-09-15 01:17:39,938] {processor.py:153} INFO - Started process (PID=98935) to work on /opt/airflow/dags/tcc_dag.py
[2022-09-15 01:17:39,940] {processor.py:641} INFO - Processing file /opt/airflow/dags/tcc_dag.py for tasks to queue
[2022-09-15 01:17:39,942] {logging_mixin.py:115} INFO - [2022-09-15 01:17:39,942] {dagbag.py:507} INFO - Filling up the DagBag from /opt/airflow/dags/tcc_dag.py
[2022-09-15 01:17:40,234] {processor.py:651} INFO - DAG(s) dict_keys(['tcc_dag']) retrieved from /opt/airflow/dags/tcc_dag.py
[2022-09-15 01:17:40,269] {logging_mixin.py:115} INFO - [2022-09-15 01:17:40,268] {dag.py:2371} INFO - Sync 1 DAGs
[2022-09-15 01:17:40,292] {logging_mixin.py:115} INFO - [2022-09-15 01:17:40,292] {dag.py:2919} INFO - Setting next_dagrun for tcc_dag to 2022-09-14T05:03:42.952165+00:00, run_after=2022-09-15T05:03:42.952165+00:00
[2022-09-15 01:17:40,306] {processor.py:161} INFO - Processing /opt/airflow/dags/tcc_dag.py took 0.376 seconds
[2022-09-15 01:18:10,758] {processor.py:153} INFO - Started process (PID=99004) to work on /opt/airflow/dags/tcc_dag.py
[2022-09-15 01:18:10,760] {processor.py:641} INFO - Processing file /opt/airflow/dags/tcc_dag.py for tasks to queue
[2022-09-15 01:18:10,763] {logging_mixin.py:115} INFO - [2022-09-15 01:18:10,762] {dagbag.py:507} INFO - Filling up the DagBag from /opt/airflow/dags/tcc_dag.py
[2022-09-15 01:18:11,056] {processor.py:651} INFO - DAG(s) dict_keys(['tcc_dag']) retrieved from /opt/airflow/dags/tcc_dag.py
[2022-09-15 01:18:11,122] {logging_mixin.py:115} INFO - [2022-09-15 01:18:11,121] {dag.py:2371} INFO - Sync 1 DAGs
[2022-09-15 01:18:11,155] {logging_mixin.py:115} INFO - [2022-09-15 01:18:11,154] {dag.py:2919} INFO - Setting next_dagrun for tcc_dag to 2022-09-14T05:03:42.952165+00:00, run_after=2022-09-15T05:03:42.952165+00:00
[2022-09-15 01:18:11,171] {processor.py:161} INFO - Processing /opt/airflow/dags/tcc_dag.py took 0.418 seconds
[2022-09-15 01:18:42,067] {processor.py:153} INFO - Started process (PID=99062) to work on /opt/airflow/dags/tcc_dag.py
[2022-09-15 01:18:42,069] {processor.py:641} INFO - Processing file /opt/airflow/dags/tcc_dag.py for tasks to queue
[2022-09-15 01:18:42,070] {logging_mixin.py:115} INFO - [2022-09-15 01:18:42,070] {dagbag.py:507} INFO - Filling up the DagBag from /opt/airflow/dags/tcc_dag.py
[2022-09-15 01:18:42,341] {processor.py:651} INFO - DAG(s) dict_keys(['tcc_dag']) retrieved from /opt/airflow/dags/tcc_dag.py
[2022-09-15 01:18:42,385] {logging_mixin.py:115} INFO - [2022-09-15 01:18:42,384] {dag.py:2371} INFO - Sync 1 DAGs
[2022-09-15 01:18:42,417] {logging_mixin.py:115} INFO - [2022-09-15 01:18:42,417] {dag.py:2919} INFO - Setting next_dagrun for tcc_dag to 2022-09-14T05:03:42.952165+00:00, run_after=2022-09-15T05:03:42.952165+00:00
[2022-09-15 01:18:42,436] {processor.py:161} INFO - Processing /opt/airflow/dags/tcc_dag.py took 0.373 seconds
[2022-09-15 01:19:13,229] {processor.py:153} INFO - Started process (PID=99132) to work on /opt/airflow/dags/tcc_dag.py
[2022-09-15 01:19:13,232] {processor.py:641} INFO - Processing file /opt/airflow/dags/tcc_dag.py for tasks to queue
[2022-09-15 01:19:13,235] {logging_mixin.py:115} INFO - [2022-09-15 01:19:13,234] {dagbag.py:507} INFO - Filling up the DagBag from /opt/airflow/dags/tcc_dag.py
[2022-09-15 01:19:13,569] {processor.py:651} INFO - DAG(s) dict_keys(['tcc_dag']) retrieved from /opt/airflow/dags/tcc_dag.py
[2022-09-15 01:19:13,653] {logging_mixin.py:115} INFO - [2022-09-15 01:19:13,650] {dag.py:2371} INFO - Sync 1 DAGs
[2022-09-15 01:19:13,693] {logging_mixin.py:115} INFO - [2022-09-15 01:19:13,693] {dag.py:2919} INFO - Setting next_dagrun for tcc_dag to 2022-09-14T05:03:42.952165+00:00, run_after=2022-09-15T05:03:42.952165+00:00
[2022-09-15 01:19:13,709] {processor.py:161} INFO - Processing /opt/airflow/dags/tcc_dag.py took 0.489 seconds
[2022-09-15 01:19:44,392] {processor.py:153} INFO - Started process (PID=99201) to work on /opt/airflow/dags/tcc_dag.py
[2022-09-15 01:19:44,397] {processor.py:641} INFO - Processing file /opt/airflow/dags/tcc_dag.py for tasks to queue
[2022-09-15 01:19:44,400] {logging_mixin.py:115} INFO - [2022-09-15 01:19:44,400] {dagbag.py:507} INFO - Filling up the DagBag from /opt/airflow/dags/tcc_dag.py
[2022-09-15 01:19:44,944] {processor.py:651} INFO - DAG(s) dict_keys(['tcc_dag']) retrieved from /opt/airflow/dags/tcc_dag.py
[2022-09-15 01:19:44,983] {logging_mixin.py:115} INFO - [2022-09-15 01:19:44,982] {dag.py:2371} INFO - Sync 1 DAGs
[2022-09-15 01:19:45,008] {logging_mixin.py:115} INFO - [2022-09-15 01:19:45,008] {dag.py:2919} INFO - Setting next_dagrun for tcc_dag to 2022-09-14T05:03:42.952165+00:00, run_after=2022-09-15T05:03:42.952165+00:00
[2022-09-15 01:19:45,023] {processor.py:161} INFO - Processing /opt/airflow/dags/tcc_dag.py took 0.638 seconds
[2022-09-15 01:20:15,865] {processor.py:153} INFO - Started process (PID=99258) to work on /opt/airflow/dags/tcc_dag.py
[2022-09-15 01:20:15,868] {processor.py:641} INFO - Processing file /opt/airflow/dags/tcc_dag.py for tasks to queue
[2022-09-15 01:20:15,873] {logging_mixin.py:115} INFO - [2022-09-15 01:20:15,873] {dagbag.py:507} INFO - Filling up the DagBag from /opt/airflow/dags/tcc_dag.py
[2022-09-15 01:20:16,243] {processor.py:651} INFO - DAG(s) dict_keys(['tcc_dag']) retrieved from /opt/airflow/dags/tcc_dag.py
[2022-09-15 01:20:16,328] {logging_mixin.py:115} INFO - [2022-09-15 01:20:16,326] {dag.py:2371} INFO - Sync 1 DAGs
[2022-09-15 01:20:16,356] {logging_mixin.py:115} INFO - [2022-09-15 01:20:16,356] {dag.py:2919} INFO - Setting next_dagrun for tcc_dag to 2022-09-14T05:03:42.952165+00:00, run_after=2022-09-15T05:03:42.952165+00:00
[2022-09-15 01:20:16,371] {processor.py:161} INFO - Processing /opt/airflow/dags/tcc_dag.py took 0.517 seconds
[2022-09-15 01:20:46,743] {processor.py:153} INFO - Started process (PID=99327) to work on /opt/airflow/dags/tcc_dag.py
[2022-09-15 01:20:46,747] {processor.py:641} INFO - Processing file /opt/airflow/dags/tcc_dag.py for tasks to queue
[2022-09-15 01:20:46,749] {logging_mixin.py:115} INFO - [2022-09-15 01:20:46,749] {dagbag.py:507} INFO - Filling up the DagBag from /opt/airflow/dags/tcc_dag.py
[2022-09-15 01:20:47,102] {processor.py:651} INFO - DAG(s) dict_keys(['tcc_dag']) retrieved from /opt/airflow/dags/tcc_dag.py
[2022-09-15 01:20:47,154] {logging_mixin.py:115} INFO - [2022-09-15 01:20:47,153] {dag.py:2371} INFO - Sync 1 DAGs
[2022-09-15 01:20:47,183] {logging_mixin.py:115} INFO - [2022-09-15 01:20:47,183] {dag.py:2919} INFO - Setting next_dagrun for tcc_dag to 2022-09-14T05:03:42.952165+00:00, run_after=2022-09-15T05:03:42.952165+00:00
[2022-09-15 01:20:47,199] {processor.py:161} INFO - Processing /opt/airflow/dags/tcc_dag.py took 0.463 seconds
[2022-09-15 01:21:18,032] {processor.py:153} INFO - Started process (PID=99396) to work on /opt/airflow/dags/tcc_dag.py
[2022-09-15 01:21:18,037] {processor.py:641} INFO - Processing file /opt/airflow/dags/tcc_dag.py for tasks to queue
[2022-09-15 01:21:18,042] {logging_mixin.py:115} INFO - [2022-09-15 01:21:18,042] {dagbag.py:507} INFO - Filling up the DagBag from /opt/airflow/dags/tcc_dag.py
[2022-09-15 01:21:18,380] {processor.py:651} INFO - DAG(s) dict_keys(['tcc_dag']) retrieved from /opt/airflow/dags/tcc_dag.py
[2022-09-15 01:21:18,459] {logging_mixin.py:115} INFO - [2022-09-15 01:21:18,458] {dag.py:2371} INFO - Sync 1 DAGs
[2022-09-15 01:21:18,483] {logging_mixin.py:115} INFO - [2022-09-15 01:21:18,483] {dag.py:2919} INFO - Setting next_dagrun for tcc_dag to 2022-09-14T05:03:42.952165+00:00, run_after=2022-09-15T05:03:42.952165+00:00
[2022-09-15 01:21:18,502] {processor.py:161} INFO - Processing /opt/airflow/dags/tcc_dag.py took 0.478 seconds
[2022-09-15 01:21:49,283] {processor.py:153} INFO - Started process (PID=99464) to work on /opt/airflow/dags/tcc_dag.py
[2022-09-15 01:21:49,285] {processor.py:641} INFO - Processing file /opt/airflow/dags/tcc_dag.py for tasks to queue
[2022-09-15 01:21:49,287] {logging_mixin.py:115} INFO - [2022-09-15 01:21:49,286] {dagbag.py:507} INFO - Filling up the DagBag from /opt/airflow/dags/tcc_dag.py
[2022-09-15 01:21:49,540] {processor.py:651} INFO - DAG(s) dict_keys(['tcc_dag']) retrieved from /opt/airflow/dags/tcc_dag.py
[2022-09-15 01:21:49,573] {logging_mixin.py:115} INFO - [2022-09-15 01:21:49,572] {dag.py:2371} INFO - Sync 1 DAGs
[2022-09-15 01:21:49,596] {logging_mixin.py:115} INFO - [2022-09-15 01:21:49,596] {dag.py:2919} INFO - Setting next_dagrun for tcc_dag to 2022-09-14T05:03:42.952165+00:00, run_after=2022-09-15T05:03:42.952165+00:00
[2022-09-15 01:21:49,608] {processor.py:161} INFO - Processing /opt/airflow/dags/tcc_dag.py took 0.329 seconds
[2022-09-15 01:22:19,712] {processor.py:153} INFO - Started process (PID=99523) to work on /opt/airflow/dags/tcc_dag.py
[2022-09-15 01:22:19,714] {processor.py:641} INFO - Processing file /opt/airflow/dags/tcc_dag.py for tasks to queue
[2022-09-15 01:22:19,715] {logging_mixin.py:115} INFO - [2022-09-15 01:22:19,715] {dagbag.py:507} INFO - Filling up the DagBag from /opt/airflow/dags/tcc_dag.py
[2022-09-15 01:22:19,977] {processor.py:651} INFO - DAG(s) dict_keys(['tcc_dag']) retrieved from /opt/airflow/dags/tcc_dag.py
[2022-09-15 01:22:20,043] {logging_mixin.py:115} INFO - [2022-09-15 01:22:20,042] {dag.py:2371} INFO - Sync 1 DAGs
[2022-09-15 01:22:20,064] {logging_mixin.py:115} INFO - [2022-09-15 01:22:20,064] {dag.py:2919} INFO - Setting next_dagrun for tcc_dag to 2022-09-14T05:03:42.952165+00:00, run_after=2022-09-15T05:03:42.952165+00:00
[2022-09-15 01:22:20,089] {processor.py:161} INFO - Processing /opt/airflow/dags/tcc_dag.py took 0.383 seconds
[2022-09-15 01:22:50,946] {processor.py:153} INFO - Started process (PID=99591) to work on /opt/airflow/dags/tcc_dag.py
[2022-09-15 01:22:50,948] {processor.py:641} INFO - Processing file /opt/airflow/dags/tcc_dag.py for tasks to queue
[2022-09-15 01:22:50,950] {logging_mixin.py:115} INFO - [2022-09-15 01:22:50,950] {dagbag.py:507} INFO - Filling up the DagBag from /opt/airflow/dags/tcc_dag.py
[2022-09-15 01:22:51,213] {processor.py:651} INFO - DAG(s) dict_keys(['tcc_dag']) retrieved from /opt/airflow/dags/tcc_dag.py
[2022-09-15 01:22:51,254] {logging_mixin.py:115} INFO - [2022-09-15 01:22:51,253] {dag.py:2371} INFO - Sync 1 DAGs
[2022-09-15 01:22:51,280] {logging_mixin.py:115} INFO - [2022-09-15 01:22:51,279] {dag.py:2919} INFO - Setting next_dagrun for tcc_dag to 2022-09-14T05:03:42.952165+00:00, run_after=2022-09-15T05:03:42.952165+00:00
[2022-09-15 01:22:51,295] {processor.py:161} INFO - Processing /opt/airflow/dags/tcc_dag.py took 0.354 seconds
[2022-09-15 01:23:22,155] {processor.py:153} INFO - Started process (PID=99660) to work on /opt/airflow/dags/tcc_dag.py
[2022-09-15 01:23:22,158] {processor.py:641} INFO - Processing file /opt/airflow/dags/tcc_dag.py for tasks to queue
[2022-09-15 01:23:22,160] {logging_mixin.py:115} INFO - [2022-09-15 01:23:22,159] {dagbag.py:507} INFO - Filling up the DagBag from /opt/airflow/dags/tcc_dag.py
[2022-09-15 01:23:22,446] {processor.py:651} INFO - DAG(s) dict_keys(['tcc_dag']) retrieved from /opt/airflow/dags/tcc_dag.py
[2022-09-15 01:23:22,524] {logging_mixin.py:115} INFO - [2022-09-15 01:23:22,522] {dag.py:2371} INFO - Sync 1 DAGs
[2022-09-15 01:23:22,548] {logging_mixin.py:115} INFO - [2022-09-15 01:23:22,548] {dag.py:2919} INFO - Setting next_dagrun for tcc_dag to 2022-09-14T05:03:42.952165+00:00, run_after=2022-09-15T05:03:42.952165+00:00
[2022-09-15 01:23:22,564] {processor.py:161} INFO - Processing /opt/airflow/dags/tcc_dag.py took 0.414 seconds
[2022-09-15 01:23:53,394] {processor.py:153} INFO - Started process (PID=99719) to work on /opt/airflow/dags/tcc_dag.py
[2022-09-15 01:23:53,396] {processor.py:641} INFO - Processing file /opt/airflow/dags/tcc_dag.py for tasks to queue
[2022-09-15 01:23:53,398] {logging_mixin.py:115} INFO - [2022-09-15 01:23:53,398] {dagbag.py:507} INFO - Filling up the DagBag from /opt/airflow/dags/tcc_dag.py
[2022-09-15 01:23:53,656] {processor.py:651} INFO - DAG(s) dict_keys(['tcc_dag']) retrieved from /opt/airflow/dags/tcc_dag.py
[2022-09-15 01:23:53,686] {logging_mixin.py:115} INFO - [2022-09-15 01:23:53,685] {dag.py:2371} INFO - Sync 1 DAGs
[2022-09-15 01:23:53,707] {logging_mixin.py:115} INFO - [2022-09-15 01:23:53,707] {dag.py:2919} INFO - Setting next_dagrun for tcc_dag to 2022-09-14T05:03:42.952165+00:00, run_after=2022-09-15T05:03:42.952165+00:00
[2022-09-15 01:23:53,720] {processor.py:161} INFO - Processing /opt/airflow/dags/tcc_dag.py took 0.329 seconds
[2022-09-15 01:24:23,838] {processor.py:153} INFO - Started process (PID=99787) to work on /opt/airflow/dags/tcc_dag.py
[2022-09-15 01:24:23,840] {processor.py:641} INFO - Processing file /opt/airflow/dags/tcc_dag.py for tasks to queue
[2022-09-15 01:24:23,842] {logging_mixin.py:115} INFO - [2022-09-15 01:24:23,842] {dagbag.py:507} INFO - Filling up the DagBag from /opt/airflow/dags/tcc_dag.py
[2022-09-15 01:24:24,151] {processor.py:651} INFO - DAG(s) dict_keys(['tcc_dag']) retrieved from /opt/airflow/dags/tcc_dag.py
[2022-09-15 01:24:24,236] {logging_mixin.py:115} INFO - [2022-09-15 01:24:24,235] {dag.py:2371} INFO - Sync 1 DAGs
[2022-09-15 01:24:24,264] {logging_mixin.py:115} INFO - [2022-09-15 01:24:24,264] {dag.py:2919} INFO - Setting next_dagrun for tcc_dag to 2022-09-14T05:03:42.952165+00:00, run_after=2022-09-15T05:03:42.952165+00:00
[2022-09-15 01:24:24,279] {processor.py:161} INFO - Processing /opt/airflow/dags/tcc_dag.py took 0.445 seconds
[2022-09-15 01:24:54,818] {processor.py:153} INFO - Started process (PID=99856) to work on /opt/airflow/dags/tcc_dag.py
[2022-09-15 01:24:54,822] {processor.py:641} INFO - Processing file /opt/airflow/dags/tcc_dag.py for tasks to queue
[2022-09-15 01:24:54,825] {logging_mixin.py:115} INFO - [2022-09-15 01:24:54,825] {dagbag.py:507} INFO - Filling up the DagBag from /opt/airflow/dags/tcc_dag.py
[2022-09-15 01:24:55,253] {processor.py:651} INFO - DAG(s) dict_keys(['tcc_dag']) retrieved from /opt/airflow/dags/tcc_dag.py
[2022-09-15 01:24:55,295] {logging_mixin.py:115} INFO - [2022-09-15 01:24:55,293] {dag.py:2371} INFO - Sync 1 DAGs
[2022-09-15 01:24:55,352] {logging_mixin.py:115} INFO - [2022-09-15 01:24:55,351] {dag.py:2919} INFO - Setting next_dagrun for tcc_dag to 2022-09-14T05:03:42.952165+00:00, run_after=2022-09-15T05:03:42.952165+00:00
[2022-09-15 01:24:55,368] {processor.py:161} INFO - Processing /opt/airflow/dags/tcc_dag.py took 0.569 seconds
[2022-09-15 01:25:26,147] {processor.py:153} INFO - Started process (PID=99913) to work on /opt/airflow/dags/tcc_dag.py
[2022-09-15 01:25:26,148] {processor.py:641} INFO - Processing file /opt/airflow/dags/tcc_dag.py for tasks to queue
[2022-09-15 01:25:26,149] {logging_mixin.py:115} INFO - [2022-09-15 01:25:26,149] {dagbag.py:507} INFO - Filling up the DagBag from /opt/airflow/dags/tcc_dag.py
[2022-09-15 01:25:26,429] {processor.py:651} INFO - DAG(s) dict_keys(['tcc_dag']) retrieved from /opt/airflow/dags/tcc_dag.py
[2022-09-15 01:25:26,503] {logging_mixin.py:115} INFO - [2022-09-15 01:25:26,502] {dag.py:2371} INFO - Sync 1 DAGs
[2022-09-15 01:25:26,535] {logging_mixin.py:115} INFO - [2022-09-15 01:25:26,535] {dag.py:2919} INFO - Setting next_dagrun for tcc_dag to 2022-09-14T05:03:42.952165+00:00, run_after=2022-09-15T05:03:42.952165+00:00
[2022-09-15 01:25:26,556] {processor.py:161} INFO - Processing /opt/airflow/dags/tcc_dag.py took 0.417 seconds
[2022-09-15 01:25:56,702] {processor.py:153} INFO - Started process (PID=99981) to work on /opt/airflow/dags/tcc_dag.py
[2022-09-15 01:25:56,703] {processor.py:641} INFO - Processing file /opt/airflow/dags/tcc_dag.py for tasks to queue
[2022-09-15 01:25:56,705] {logging_mixin.py:115} INFO - [2022-09-15 01:25:56,705] {dagbag.py:507} INFO - Filling up the DagBag from /opt/airflow/dags/tcc_dag.py
[2022-09-15 01:25:56,966] {processor.py:651} INFO - DAG(s) dict_keys(['tcc_dag']) retrieved from /opt/airflow/dags/tcc_dag.py
[2022-09-15 01:25:57,004] {logging_mixin.py:115} INFO - [2022-09-15 01:25:57,003] {dag.py:2371} INFO - Sync 1 DAGs
[2022-09-15 01:25:57,030] {logging_mixin.py:115} INFO - [2022-09-15 01:25:57,030] {dag.py:2919} INFO - Setting next_dagrun for tcc_dag to 2022-09-14T05:03:42.952165+00:00, run_after=2022-09-15T05:03:42.952165+00:00
[2022-09-15 01:25:57,046] {processor.py:161} INFO - Processing /opt/airflow/dags/tcc_dag.py took 0.348 seconds
[2022-09-15 01:26:27,257] {processor.py:153} INFO - Started process (PID=352) to work on /opt/airflow/dags/tcc_dag.py
[2022-09-15 01:26:27,259] {processor.py:641} INFO - Processing file /opt/airflow/dags/tcc_dag.py for tasks to queue
[2022-09-15 01:26:27,260] {logging_mixin.py:115} INFO - [2022-09-15 01:26:27,260] {dagbag.py:507} INFO - Filling up the DagBag from /opt/airflow/dags/tcc_dag.py
[2022-09-15 01:26:27,646] {processor.py:651} INFO - DAG(s) dict_keys(['tcc_dag']) retrieved from /opt/airflow/dags/tcc_dag.py
[2022-09-15 01:26:27,743] {logging_mixin.py:115} INFO - [2022-09-15 01:26:27,742] {dag.py:2371} INFO - Sync 1 DAGs
[2022-09-15 01:26:27,766] {logging_mixin.py:115} INFO - [2022-09-15 01:26:27,766] {dag.py:2919} INFO - Setting next_dagrun for tcc_dag to 2022-09-14T05:03:42.952165+00:00, run_after=2022-09-15T05:03:42.952165+00:00
[2022-09-15 01:26:27,783] {processor.py:161} INFO - Processing /opt/airflow/dags/tcc_dag.py took 0.531 seconds
[2022-09-15 01:26:58,705] {processor.py:153} INFO - Started process (PID=417) to work on /opt/airflow/dags/tcc_dag.py
[2022-09-15 01:26:58,717] {processor.py:641} INFO - Processing file /opt/airflow/dags/tcc_dag.py for tasks to queue
[2022-09-15 01:26:58,721] {logging_mixin.py:115} INFO - [2022-09-15 01:26:58,720] {dagbag.py:507} INFO - Filling up the DagBag from /opt/airflow/dags/tcc_dag.py
[2022-09-15 01:26:59,069] {processor.py:651} INFO - DAG(s) dict_keys(['tcc_dag']) retrieved from /opt/airflow/dags/tcc_dag.py
[2022-09-15 01:26:59,125] {logging_mixin.py:115} INFO - [2022-09-15 01:26:59,123] {dag.py:2371} INFO - Sync 1 DAGs
[2022-09-15 01:26:59,151] {logging_mixin.py:115} INFO - [2022-09-15 01:26:59,151] {dag.py:2919} INFO - Setting next_dagrun for tcc_dag to 2022-09-14T05:03:42.952165+00:00, run_after=2022-09-15T05:03:42.952165+00:00
[2022-09-15 01:26:59,168] {processor.py:161} INFO - Processing /opt/airflow/dags/tcc_dag.py took 0.469 seconds
[2022-09-15 01:27:29,999] {processor.py:153} INFO - Started process (PID=477) to work on /opt/airflow/dags/tcc_dag.py
[2022-09-15 01:27:30,001] {processor.py:641} INFO - Processing file /opt/airflow/dags/tcc_dag.py for tasks to queue
[2022-09-15 01:27:30,002] {logging_mixin.py:115} INFO - [2022-09-15 01:27:30,002] {dagbag.py:507} INFO - Filling up the DagBag from /opt/airflow/dags/tcc_dag.py
[2022-09-15 01:27:30,282] {processor.py:651} INFO - DAG(s) dict_keys(['tcc_dag']) retrieved from /opt/airflow/dags/tcc_dag.py
[2022-09-15 01:27:30,386] {logging_mixin.py:115} INFO - [2022-09-15 01:27:30,384] {dag.py:2371} INFO - Sync 1 DAGs
[2022-09-15 01:27:30,420] {logging_mixin.py:115} INFO - [2022-09-15 01:27:30,420] {dag.py:2919} INFO - Setting next_dagrun for tcc_dag to 2022-09-14T05:03:42.952165+00:00, run_after=2022-09-15T05:03:42.952165+00:00
[2022-09-15 01:27:30,441] {processor.py:161} INFO - Processing /opt/airflow/dags/tcc_dag.py took 0.447 seconds
[2022-09-15 01:28:01,151] {processor.py:153} INFO - Started process (PID=545) to work on /opt/airflow/dags/tcc_dag.py
[2022-09-15 01:28:01,153] {processor.py:641} INFO - Processing file /opt/airflow/dags/tcc_dag.py for tasks to queue
[2022-09-15 01:28:01,156] {logging_mixin.py:115} INFO - [2022-09-15 01:28:01,156] {dagbag.py:507} INFO - Filling up the DagBag from /opt/airflow/dags/tcc_dag.py
[2022-09-15 01:28:01,526] {processor.py:651} INFO - DAG(s) dict_keys(['tcc_dag']) retrieved from /opt/airflow/dags/tcc_dag.py
[2022-09-15 01:28:01,573] {logging_mixin.py:115} INFO - [2022-09-15 01:28:01,572] {dag.py:2371} INFO - Sync 1 DAGs
[2022-09-15 01:28:01,607] {logging_mixin.py:115} INFO - [2022-09-15 01:28:01,607] {dag.py:2919} INFO - Setting next_dagrun for tcc_dag to 2022-09-14T05:03:42.952165+00:00, run_after=2022-09-15T05:03:42.952165+00:00
[2022-09-15 01:28:01,625] {processor.py:161} INFO - Processing /opt/airflow/dags/tcc_dag.py took 0.482 seconds
