[2022-09-11 21:37:33,251] {taskinstance.py:1159} INFO - Dependencies all met for <TaskInstance: tcc_dag.github-sca-data manual__2022-09-11T21:37:31.451991+00:00 [queued]>
[2022-09-11 21:37:33,277] {taskinstance.py:1159} INFO - Dependencies all met for <TaskInstance: tcc_dag.github-sca-data manual__2022-09-11T21:37:31.451991+00:00 [queued]>
[2022-09-11 21:37:33,279] {taskinstance.py:1356} INFO - 
--------------------------------------------------------------------------------
[2022-09-11 21:37:33,280] {taskinstance.py:1357} INFO - Starting attempt 1 of 1
[2022-09-11 21:37:33,282] {taskinstance.py:1358} INFO - 
--------------------------------------------------------------------------------
[2022-09-11 21:37:33,316] {taskinstance.py:1377} INFO - Executing <Task(PythonOperator): github-sca-data> on 2022-09-11 21:37:31.451991+00:00
[2022-09-11 21:37:33,330] {standard_task_runner.py:52} INFO - Started process 3427 to run task
[2022-09-11 21:37:33,347] {standard_task_runner.py:79} INFO - Running: ['***', 'tasks', 'run', 'tcc_dag', 'github-sca-data', 'manual__2022-09-11T21:37:31.451991+00:00', '--job-id', '560', '--raw', '--subdir', 'DAGS_FOLDER/.ipynb_checkpoints/tcc_dag-checkpoint.py', '--cfg-path', '/tmp/tmp2bf_iwwv', '--error-file', '/tmp/tmp4vkx2v6s']
[2022-09-11 21:37:33,351] {standard_task_runner.py:80} INFO - Job 560: Subtask github-sca-data
[2022-09-11 21:37:33,470] {task_command.py:369} INFO - Running <TaskInstance: tcc_dag.github-sca-data manual__2022-09-11T21:37:31.451991+00:00 [running]> on host b6ddae3e9f9e
[2022-09-11 21:37:33,621] {taskinstance.py:1571} INFO - Exporting the following env vars:
AIRFLOW_CTX_DAG_OWNER=Michelle Mesquita
AIRFLOW_CTX_DAG_ID=tcc_dag
AIRFLOW_CTX_TASK_ID=github-sca-data
AIRFLOW_CTX_EXECUTION_DATE=2022-09-11T21:37:31.451991+00:00
AIRFLOW_CTX_TRY_NUMBER=1
AIRFLOW_CTX_DAG_RUN_ID=manual__2022-09-11T21:37:31.451991+00:00
[2022-09-11 21:37:33,629] {logging_mixin.py:115} INFO - repository: michelleamesquita/cypress-ci-report
[2022-09-11 21:37:35,645] {python.py:173} INFO - Done. Returned value was: None
[2022-09-11 21:37:35,663] {taskinstance.py:1400} INFO - Marking task as SUCCESS. dag_id=tcc_dag, task_id=github-sca-data, execution_date=20220911T213731, start_date=20220911T213733, end_date=20220911T213735
[2022-09-11 21:37:35,746] {local_task_job.py:156} INFO - Task exited with return code 0
[2022-09-11 21:37:35,802] {local_task_job.py:273} INFO - 0 downstream tasks scheduled from follow-on schedule check
