[2022-09-11 21:32:08,577] {taskinstance.py:1159} INFO - Dependencies all met for <TaskInstance: tcc_dag.github-sca-data manual__2022-09-11T21:32:06.023774+00:00 [queued]>
[2022-09-11 21:32:08,606] {taskinstance.py:1159} INFO - Dependencies all met for <TaskInstance: tcc_dag.github-sca-data manual__2022-09-11T21:32:06.023774+00:00 [queued]>
[2022-09-11 21:32:08,607] {taskinstance.py:1356} INFO - 
--------------------------------------------------------------------------------
[2022-09-11 21:32:08,608] {taskinstance.py:1357} INFO - Starting attempt 1 of 1
[2022-09-11 21:32:08,609] {taskinstance.py:1358} INFO - 
--------------------------------------------------------------------------------
[2022-09-11 21:32:08,651] {taskinstance.py:1377} INFO - Executing <Task(PythonOperator): github-sca-data> on 2022-09-11 21:32:06.023774+00:00
[2022-09-11 21:32:08,677] {standard_task_runner.py:52} INFO - Started process 3015 to run task
[2022-09-11 21:32:08,702] {standard_task_runner.py:79} INFO - Running: ['***', 'tasks', 'run', 'tcc_dag', 'github-sca-data', 'manual__2022-09-11T21:32:06.023774+00:00', '--job-id', '547', '--raw', '--subdir', 'DAGS_FOLDER/.ipynb_checkpoints/tcc_dag-checkpoint.py', '--cfg-path', '/tmp/tmp1tan1wdv', '--error-file', '/tmp/tmparpqf8nu']
[2022-09-11 21:32:08,706] {standard_task_runner.py:80} INFO - Job 547: Subtask github-sca-data
[2022-09-11 21:32:08,883] {task_command.py:369} INFO - Running <TaskInstance: tcc_dag.github-sca-data manual__2022-09-11T21:32:06.023774+00:00 [running]> on host b6ddae3e9f9e
[2022-09-11 21:32:09,130] {taskinstance.py:1571} INFO - Exporting the following env vars:
AIRFLOW_CTX_DAG_OWNER=Michelle Mesquita
AIRFLOW_CTX_DAG_ID=tcc_dag
AIRFLOW_CTX_TASK_ID=github-sca-data
AIRFLOW_CTX_EXECUTION_DATE=2022-09-11T21:32:06.023774+00:00
AIRFLOW_CTX_TRY_NUMBER=1
AIRFLOW_CTX_DAG_RUN_ID=manual__2022-09-11T21:32:06.023774+00:00
[2022-09-11 21:32:09,137] {logging_mixin.py:115} INFO - repository: michelleamesquita/cypress-ci-report
[2022-09-11 21:32:11,297] {python.py:173} INFO - Done. Returned value was: None
[2022-09-11 21:32:11,323] {taskinstance.py:1400} INFO - Marking task as SUCCESS. dag_id=tcc_dag, task_id=github-sca-data, execution_date=20220911T213206, start_date=20220911T213208, end_date=20220911T213211
[2022-09-11 21:32:11,376] {local_task_job.py:156} INFO - Task exited with return code 0
[2022-09-11 21:32:11,609] {local_task_job.py:273} INFO - 0 downstream tasks scheduled from follow-on schedule check
