[2022-09-13 06:57:34,116] {taskinstance.py:1159} INFO - Dependencies all met for <TaskInstance: tcc_dag.add-db-data scheduled__2022-09-12T05:03:42.952165+00:00 [queued]>
[2022-09-13 06:57:34,140] {taskinstance.py:1159} INFO - Dependencies all met for <TaskInstance: tcc_dag.add-db-data scheduled__2022-09-12T05:03:42.952165+00:00 [queued]>
[2022-09-13 06:57:34,141] {taskinstance.py:1356} INFO - 
--------------------------------------------------------------------------------
[2022-09-13 06:57:34,142] {taskinstance.py:1357} INFO - Starting attempt 1 of 1
[2022-09-13 06:57:34,143] {taskinstance.py:1358} INFO - 
--------------------------------------------------------------------------------
[2022-09-13 06:57:34,171] {taskinstance.py:1377} INFO - Executing <Task(PythonOperator): add-db-data> on 2022-09-12 05:03:42.952165+00:00
[2022-09-13 06:57:34,182] {standard_task_runner.py:52} INFO - Started process 35231 to run task
[2022-09-13 06:57:34,206] {standard_task_runner.py:79} INFO - Running: ['***', 'tasks', 'run', 'tcc_dag', 'add-db-data', 'scheduled__2022-09-12T05:03:42.952165+00:00', '--job-id', '823', '--raw', '--subdir', 'DAGS_FOLDER/tcc_dag.py', '--cfg-path', '/tmp/tmprcbt5n9a', '--error-file', '/tmp/tmpr2y4u36s']
[2022-09-13 06:57:34,210] {standard_task_runner.py:80} INFO - Job 823: Subtask add-db-data
[2022-09-13 06:57:34,388] {task_command.py:369} INFO - Running <TaskInstance: tcc_dag.add-db-data scheduled__2022-09-12T05:03:42.952165+00:00 [running]> on host b6ddae3e9f9e
[2022-09-13 06:57:34,526] {taskinstance.py:1571} INFO - Exporting the following env vars:
AIRFLOW_CTX_DAG_OWNER=Michelle Mesquita
AIRFLOW_CTX_DAG_ID=tcc_dag
AIRFLOW_CTX_TASK_ID=add-db-data
AIRFLOW_CTX_EXECUTION_DATE=2022-09-12T05:03:42.952165+00:00
AIRFLOW_CTX_TRY_NUMBER=1
AIRFLOW_CTX_DAG_RUN_ID=scheduled__2022-09-12T05:03:42.952165+00:00
[2022-09-13 06:57:34,551] {logging_mixin.py:115} INFO - Connecting to the MySQL database...
[2022-09-13 06:57:34,723] {logging_mixin.py:115} INFO - Database connection closed.
[2022-09-13 06:57:34,760] {logging_mixin.py:115} INFO - Connecting to the MySQL database...
[2022-09-13 06:57:34,833] {logging_mixin.py:115} INFO - Database connection closed.
[2022-09-13 06:57:34,865] {python.py:173} INFO - Done. Returned value was: None
[2022-09-13 06:57:34,904] {taskinstance.py:1400} INFO - Marking task as SUCCESS. dag_id=tcc_dag, task_id=add-db-data, execution_date=20220912T050342, start_date=20220913T065734, end_date=20220913T065734
[2022-09-13 06:57:34,948] {local_task_job.py:156} INFO - Task exited with return code 0
[2022-09-13 06:57:35,006] {local_task_job.py:273} INFO - 1 downstream tasks scheduled from follow-on schedule check
