[2022-09-15 00:46:01,567] {taskinstance.py:1159} INFO - Dependencies all met for <TaskInstance: tcc_dag.generate-card-trello manual__2022-09-15T00:45:48.029807+00:00 [queued]>
[2022-09-15 00:46:01,578] {taskinstance.py:1159} INFO - Dependencies all met for <TaskInstance: tcc_dag.generate-card-trello manual__2022-09-15T00:45:48.029807+00:00 [queued]>
[2022-09-15 00:46:01,579] {taskinstance.py:1356} INFO - 
--------------------------------------------------------------------------------
[2022-09-15 00:46:01,580] {taskinstance.py:1357} INFO - Starting attempt 1 of 1
[2022-09-15 00:46:01,581] {taskinstance.py:1358} INFO - 
--------------------------------------------------------------------------------
[2022-09-15 00:46:01,595] {taskinstance.py:1377} INFO - Executing <Task(PythonOperator): generate-card-trello> on 2022-09-15 00:45:48.029807+00:00
[2022-09-15 00:46:01,601] {standard_task_runner.py:52} INFO - Started process 40909 to run task
[2022-09-15 00:46:01,605] {standard_task_runner.py:79} INFO - Running: ['***', 'tasks', 'run', 'tcc_dag', 'generate-card-trello', 'manual__2022-09-15T00:45:48.029807+00:00', '--job-id', '833', '--raw', '--subdir', 'DAGS_FOLDER/.ipynb_checkpoints/tcc_dag-checkpoint.py', '--cfg-path', '/tmp/tmpmul3jwqy', '--error-file', '/tmp/tmp5gecwqyj']
[2022-09-15 00:46:01,607] {standard_task_runner.py:80} INFO - Job 833: Subtask generate-card-trello
[2022-09-15 00:46:01,672] {task_command.py:369} INFO - Running <TaskInstance: tcc_dag.generate-card-trello manual__2022-09-15T00:45:48.029807+00:00 [running]> on host b6ddae3e9f9e
[2022-09-15 00:46:01,750] {taskinstance.py:1571} INFO - Exporting the following env vars:
AIRFLOW_CTX_DAG_OWNER=Michelle Mesquita
AIRFLOW_CTX_DAG_ID=tcc_dag
AIRFLOW_CTX_TASK_ID=generate-card-trello
AIRFLOW_CTX_EXECUTION_DATE=2022-09-15T00:45:48.029807+00:00
AIRFLOW_CTX_TRY_NUMBER=1
AIRFLOW_CTX_DAG_RUN_ID=manual__2022-09-15T00:45:48.029807+00:00
[2022-09-15 00:46:03,297] {python.py:173} INFO - Done. Returned value was: None
[2022-09-15 00:46:03,313] {taskinstance.py:1400} INFO - Marking task as SUCCESS. dag_id=tcc_dag, task_id=generate-card-trello, execution_date=20220915T004548, start_date=20220915T004601, end_date=20220915T004603
[2022-09-15 00:46:03,358] {local_task_job.py:156} INFO - Task exited with return code 0
[2022-09-15 00:46:03,396] {local_task_job.py:273} INFO - 0 downstream tasks scheduled from follow-on schedule check
