[2022-09-12 00:48:29,949] {taskinstance.py:1159} INFO - Dependencies all met for <TaskInstance: tcc_dag.generate-csv-data manual__2022-09-12T00:48:19.719241+00:00 [queued]>
[2022-09-12 00:48:29,963] {taskinstance.py:1159} INFO - Dependencies all met for <TaskInstance: tcc_dag.generate-csv-data manual__2022-09-12T00:48:19.719241+00:00 [queued]>
[2022-09-12 00:48:29,964] {taskinstance.py:1356} INFO - 
--------------------------------------------------------------------------------
[2022-09-12 00:48:29,970] {taskinstance.py:1357} INFO - Starting attempt 1 of 1
[2022-09-12 00:48:29,971] {taskinstance.py:1358} INFO - 
--------------------------------------------------------------------------------
[2022-09-12 00:48:29,992] {taskinstance.py:1377} INFO - Executing <Task(PythonOperator): generate-csv-data> on 2022-09-12 00:48:19.719241+00:00
[2022-09-12 00:48:29,999] {standard_task_runner.py:52} INFO - Started process 10566 to run task
[2022-09-12 00:48:30,007] {standard_task_runner.py:79} INFO - Running: ['***', 'tasks', 'run', 'tcc_dag', 'generate-csv-data', 'manual__2022-09-12T00:48:19.719241+00:00', '--job-id', '586', '--raw', '--subdir', 'DAGS_FOLDER/tcc_dag.py', '--cfg-path', '/tmp/tmplz59r2h1', '--error-file', '/tmp/tmpq2m2guro']
[2022-09-12 00:48:30,009] {standard_task_runner.py:80} INFO - Job 586: Subtask generate-csv-data
[2022-09-12 00:48:30,121] {task_command.py:369} INFO - Running <TaskInstance: tcc_dag.generate-csv-data manual__2022-09-12T00:48:19.719241+00:00 [running]> on host b6ddae3e9f9e
[2022-09-12 00:48:30,253] {taskinstance.py:1571} INFO - Exporting the following env vars:
AIRFLOW_CTX_DAG_OWNER=Michelle Mesquita
AIRFLOW_CTX_DAG_ID=tcc_dag
AIRFLOW_CTX_TASK_ID=generate-csv-data
AIRFLOW_CTX_EXECUTION_DATE=2022-09-12T00:48:19.719241+00:00
AIRFLOW_CTX_TRY_NUMBER=1
AIRFLOW_CTX_DAG_RUN_ID=manual__2022-09-12T00:48:19.719241+00:00
[2022-09-12 00:48:30,319] {logging_mixin.py:115} INFO - finished
[2022-09-12 00:48:30,320] {python.py:173} INFO - Done. Returned value was: None
[2022-09-12 00:48:30,341] {taskinstance.py:1400} INFO - Marking task as SUCCESS. dag_id=tcc_dag, task_id=generate-csv-data, execution_date=20220912T004819, start_date=20220912T004829, end_date=20220912T004830
[2022-09-12 00:48:30,389] {local_task_job.py:156} INFO - Task exited with return code 0
[2022-09-12 00:48:30,467] {local_task_job.py:273} INFO - 0 downstream tasks scheduled from follow-on schedule check
