[2022-09-13 00:37:22,165] {taskinstance.py:1159} INFO - Dependencies all met for <TaskInstance: tcc_dag.add-db-data manual__2022-09-13T00:37:10.285333+00:00 [queued]>
[2022-09-13 00:37:22,178] {taskinstance.py:1159} INFO - Dependencies all met for <TaskInstance: tcc_dag.add-db-data manual__2022-09-13T00:37:10.285333+00:00 [queued]>
[2022-09-13 00:37:22,179] {taskinstance.py:1356} INFO - 
--------------------------------------------------------------------------------
[2022-09-13 00:37:22,180] {taskinstance.py:1357} INFO - Starting attempt 1 of 1
[2022-09-13 00:37:22,181] {taskinstance.py:1358} INFO - 
--------------------------------------------------------------------------------
[2022-09-13 00:37:22,198] {taskinstance.py:1377} INFO - Executing <Task(PythonOperator): add-db-data> on 2022-09-13 00:37:10.285333+00:00
[2022-09-13 00:37:22,205] {standard_task_runner.py:52} INFO - Started process 30025 to run task
[2022-09-13 00:37:22,209] {standard_task_runner.py:79} INFO - Running: ['***', 'tasks', 'run', 'tcc_dag', 'add-db-data', 'manual__2022-09-13T00:37:10.285333+00:00', '--job-id', '781', '--raw', '--subdir', 'DAGS_FOLDER/tcc_dag.py', '--cfg-path', '/tmp/tmpdnikb0ty', '--error-file', '/tmp/tmp4rifmz6w']
[2022-09-13 00:37:22,211] {standard_task_runner.py:80} INFO - Job 781: Subtask add-db-data
[2022-09-13 00:37:22,280] {task_command.py:369} INFO - Running <TaskInstance: tcc_dag.add-db-data manual__2022-09-13T00:37:10.285333+00:00 [running]> on host b6ddae3e9f9e
[2022-09-13 00:37:22,363] {taskinstance.py:1571} INFO - Exporting the following env vars:
AIRFLOW_CTX_DAG_OWNER=Michelle Mesquita
AIRFLOW_CTX_DAG_ID=tcc_dag
AIRFLOW_CTX_TASK_ID=add-db-data
AIRFLOW_CTX_EXECUTION_DATE=2022-09-13T00:37:10.285333+00:00
AIRFLOW_CTX_TRY_NUMBER=1
AIRFLOW_CTX_DAG_RUN_ID=manual__2022-09-13T00:37:10.285333+00:00
[2022-09-13 00:37:22,379] {logging_mixin.py:115} INFO - Connecting to the MySQL database...
[2022-09-13 00:37:22,408] {logging_mixin.py:115} INFO - Database connection closed.
[2022-09-13 00:37:22,422] {logging_mixin.py:115} INFO - Connecting to the MySQL database...
[2022-09-13 00:37:22,453] {logging_mixin.py:115} INFO - Database connection closed.
[2022-09-13 00:37:22,471] {python.py:173} INFO - Done. Returned value was: None
[2022-09-13 00:37:22,487] {taskinstance.py:1400} INFO - Marking task as SUCCESS. dag_id=tcc_dag, task_id=add-db-data, execution_date=20220913T003710, start_date=20220913T003722, end_date=20220913T003722
[2022-09-13 00:37:22,546] {local_task_job.py:156} INFO - Task exited with return code 0
[2022-09-13 00:37:22,603] {local_task_job.py:273} INFO - 1 downstream tasks scheduled from follow-on schedule check
